<?xml version="1.0" encoding="utf-8"?>
<TestRun id="80e4c095-f726-4ab2-9441-416daa162672" name="..." runUser="..." xmlns="http://microsoft.com/schemas/VisualStudio/TeamTest/2010">
  <Times creation="2021-02-26T10:36:33.7131022+02:00" queuing="2021-02-26T10:36:33.7131029+02:00" start="2021-02-26T10:36:33.3278956+02:00" finish="2021-02-26T10:36:33.7139830+02:00" />
  <TestSettings name="default" id="863a1d8b-ee3b-45f9-86ee-1869bc4e889f">
    <Deployment runDeploymentRoot="..." />
  </TestSettings>
  <TestLists>
    <TestList name="Results Not in a List" id="8c84fa94-04c1-424b-9868-57a2d4851a1d" />
    <TestList name="All Loaded Results" id="19431567-8539-422a-85d7-44ee4e166bda" />
  </TestLists>
  <ResultSummary outcome="Completed">
    <Counters total="0" executed="0" passed="0" failed="0" error="0" timeout="0" aborted="0" inconclusive="0" passedButRunAborted="0" notRunnable="0" notExecuted="0" disconnected="0" warning="0" completed="0" inProgress="0" pending="0" />
    <RunInfos>
      <RunInfo computerName="..." outcome="Warning" timestamp="2021-02-26T10:36:33.6676104+02:00">
        <Text>No test is available in (...). Make sure that test discoverer &amp; executors are registered and platform &amp; framework version settings are appropriate and try again.</Text>
      </RunInfo>
    </RunInfos>
  </ResultSummary>
</TestRun>
