<?xml version="1.0" encoding="UTF-8"?>
<!-- Generated by org.testng.reporters.JUnitReportReporter -->
<testsuite skipped="1" hostname="fv-az96-723" name="org.apache.pulsar.AddMissingPatchVersionTest" tests="2" failures="1" timestamp="2021-03-07T10:36:56 UTC" time="0.116" errors="0">
  <testcase name="testVersionStrings" time="0.099" classname="org.apache.pulsar.AddMissingPatchVersionTest">
    <skipped/>
  </testcase> <!-- testVersionStrings -->
  <system-out/>
  <testcase name="testVersionStrings" time="0.017" classname="org.apache.pulsar.AddMissingPatchVersionTest">
    <failure type="java.lang.AssertionError" message="expected [1.2.1] but found [1.2.0]">
      <![CDATA[java.lang.AssertionError: expected [1.2.1] but found [1.2.0]
at org.testng.Assert.fail(Assert.java:99)
at org.testng.Assert.failNotEquals(Assert.java:1037)
at org.testng.Assert.assertEqualsImpl(Assert.java:140)
at org.testng.Assert.assertEquals(Assert.java:122)
at org.testng.Assert.assertEquals(Assert.java:629)
at org.testng.Assert.assertEquals(Assert.java:639)
at org.apache.pulsar.AddMissingPatchVersionTest.testVersionStrings(AddMissingPatchVersionTest.java:29)
at sun.reflect.NativeMethodAccessorImpl.invoke0(Native Method)
at sun.reflect.NativeMethodAccessorImpl.invoke(NativeMethodAccessorImpl.java:62)
at sun.reflect.DelegatingMethodAccessorImpl.invoke(DelegatingMethodAccessorImpl.java:43)
at java.lang.reflect.Method.invoke(Method.java:498)
at org.testng.internal.MethodInvocationHelper.invokeMethod(MethodInvocationHelper.java:132)
at org.testng.internal.InvokeMethodRunnable.runOne(InvokeMethodRunnable.java:45)
at org.testng.internal.InvokeMethodRunnable.call(InvokeMethodRunnable.java:73)
at org.testng.internal.InvokeMethodRunnable.call(InvokeMethodRunnable.java:11)
at java.util.concurrent.FutureTask.run(FutureTask.java:266)
at java.util.concurrent.ThreadPoolExecutor.runWorker(ThreadPoolExecutor.java:1149)
at java.util.concurrent.ThreadPoolExecutor$Worker.run(ThreadPoolExecutor.java:624)
at java.lang.Thread.run(Thread.java:748)
]]>
    </failure>
  </testcase> <!-- testVersionStrings -->
  <system-out/>
</testsuite> <!-- org.apache.pulsar.AddMissingPatchVersionTest -->
