<?xml version="1.0" encoding="utf-8"?>
<TestRun id="61a44da7-13c2-4e68-b76a-995af5b7c636" name="Michal@DORNY-PC 2021-01-28 21:34:14" runUser="DORNY-PC\Michal" xmlns="http://microsoft.com/schemas/VisualStudio/TeamTest/2010">
  <Times creation="2021-01-28T21:34:14.0898908+01:00" queuing="2021-01-28T21:34:14.0898916+01:00" start="2021-01-28T21:34:12.8947623+01:00" finish="2021-01-28T21:34:17.3745367+01:00" />
  <TestSettings name="default" id="e29c919e-321c-4fe2-965b-323442dd84da">
    <Deployment runDeploymentRoot="Michal_DORNY-PC_2021-01-28_21_34_14" />
  </TestSettings>
  <Results>
    <UnitTestResult executionId="e15d05a6-5a94-4357-a247-11c49339659b" testId="346bb34e-ff68-5309-1a31-83de53dc067c" testName="FluentValidation.Tests.ValidatorTesterTester.ShouldNotHaveValidationError_async_model_throws" computerName="DORNY-PC" duration="00:00:00.0011796" startTime="2021-01-28T21:34:16.9086679+01:00" endTime="2021-01-28T21:34:16.9086692+01:00" testType="13cdc9d9-ddb5-4fa4-a97d-d965ccfc6d4b" outcome="Passed" testListId="8c84fa94-04c1-424b-9868-57a2d4851a1d" relativeResultsDirectory="e15d05a6-5a94-4357-a247-11c49339659b" />
    <UnitTestResult executionId="e656c14b-e210-444d-a8e9-d310861160fc" testId="42d7a494-e1e2-fe99-7d4a-7a9b44983fed" testName="FluentValidation.Tests.ChildRulesTests.ChildRules_works_with_RuleSet" computerName="DORNY-PC" duration="00:00:00.0058553" startTime="2021-01-28T21:34:14.1106686+01:00" endTime="2021-01-28T21:34:14.1106711+01:00" testType="13cdc9d9-ddb5-4fa4-a97d-d965ccfc6d4b" outcome="Passed" testListId="8c84fa94-04c1-424b-9868-57a2d4851a1d" relativeResultsDirectory="e656c14b-e210-444d-a8e9-d310861160fc" />
    <UnitTestResult executionId="2971dbea-a8b7-4b10-b291-4ae08481ffab" testId="3c9d48f4-7ad2-f7d4-c867-05b4cf09c1f5" testName="FluentValidation.Tests.NotEqualValidatorTests.Should_store_comparison_type" computerName="DORNY-PC" duration="00:00:00.0004205" startTime="2021-01-28T21:34:14.2573860+01:00" endTime="2021-01-28T21:34:14.2573872+01:00" testType="13cdc9d9-ddb5-4fa4-a97d-d965ccfc6d4b" outcome="Passed" testListId="8c84fa94-04c1-424b-9868-57a2d4851a1d" relativeResultsDirectory="2971dbea-a8b7-4b10-b291-4ae08481ffab" />
    <UnitTestResult executionId="f4de7997-5f1e-49fd-a6c2-886ba93b1fc1" testId="49712071-099e-ab9b-8276-3fba07126995" testName="FluentValidation.Tests.ValidatorTesterTester.Tests_nested_property_reverse" computerName="DORNY-PC" duration="00:00:00.0004663" startTime="2021-01-28T21:34:16.8908848+01:00" endTime="2021-01-28T21:34:16.8908855+01:00" testType="13cdc9d9-ddb5-4fa4-a97d-d965ccfc6d4b" outcome="Passed" testListId="8c84fa94-04c1-424b-9868-57a2d4851a1d" relativeResultsDirectory="f4de7997-5f1e-49fd-a6c2-886ba93b1fc1" />
    <UnitTestResult executionId="0fc9a92b-0fb4-4b66-bc03-e3364bce4ce2" testId="010cfe3c-5197-1fc3-07fe-c9674d2fcaba" testName="FluentValidation.Tests.ConditionTests.Validation_should_fail_when_condition_matches" computerName="DORNY-PC" duration="00:00:00.0000755" startTime="2021-01-28T21:34:17.2977528+01:00" endTime="2021-01-28T21:34:17.2977535+01:00" testType="13cdc9d9-ddb5-4fa4-a97d-d965ccfc6d4b" outcome="Passed" testListId="8c84fa94-04c1-424b-9868-57a2d4851a1d" relativeResultsDirectory="0fc9a92b-0fb4-4b66-bc03-e3364bce4ce2" />
    <UnitTestResult executionId="64c11ba0-6526-4632-b8a5-15a4d593dd65" testId="be928a2d-ccbb-83f7-1c66-c3dcaf9b60cb" testName="FluentValidation.Tests.ConditionTests.Async_condition_is_applied_to_single_validator_in_the_chain_when_ApplyConditionTo_set_to_CurrentValidator" computerName="DORNY-PC" duration="00:00:00.0008180" startTime="2021-01-28T21:34:17.2953795+01:00" endTime="2021-01-28T21:34:17.2953803+01:00" testType="13cdc9d9-ddb5-4fa4-a97d-d965ccfc6d4b" outcome="Passed" testListId="8c84fa94-04c1-424b-9868-57a2d4851a1d" relativeResultsDirectory="64c11ba0-6526-4632-b8a5-15a4d593dd65" />
    <UnitTestResult executionId="38862add-4511-46f7-958b-487fa32b275d" testId="fa84f317-ff56-89b2-afbd-e1203b2557a6" testName="FluentValidation.Tests.LessThanOrEqualToValidatorTester.Validates_with_nullable_property" computerName="DORNY-PC" duration="00:00:00.0005804" startTime="2021-01-28T21:34:17.2461874+01:00" endTime="2021-01-28T21:34:17.2461877+01:00" testType="13cdc9d9-ddb5-4fa4-a97d-d965ccfc6d4b" outcome="Passed" testListId="8c84fa94-04c1-424b-9868-57a2d4851a1d" relativeResultsDirectory="38862add-4511-46f7-958b-487fa32b275d" />
    <UnitTestResult executionId="3ee7005f-1ed6-4f27-89b5-68aa472ad0e9" testId="9ced1c54-8f63-2499-7e20-0758e84e2b42" testName="FluentValidation.Tests.ForEachRuleTests.Regular_rules_can_drop_into_RuleForEach" computerName="DORNY-PC" duration="00:00:00.0008814" startTime="2021-01-28T21:34:17.2414436+01:00" endTime="2021-01-28T21:34:17.2414444+01:00" testType="13cdc9d9-ddb5-4fa4-a97d-d965ccfc6d4b" outcome="Passed" testListId="8c84fa94-04c1-424b-9868-57a2d4851a1d" relativeResultsDirectory="3ee7005f-1ed6-4f27-89b5-68aa472ad0e9" />
    <UnitTestResult executionId="a32d6a83-8afd-4fc8-8129-e6e3d68a2eca" testId="98ab5377-e2e4-2b90-5807-3890ef8b0d30" testName="FluentValidation.Tests.ChainedValidationTester.Chained_property_should_be_excluded" computerName="DORNY-PC" duration="00:00:00.0001883" startTime="2021-01-28T21:34:17.3295819+01:00" endTime="2021-01-28T21:34:17.3295826+01:00" testType="13cdc9d9-ddb5-4fa4-a97d-d965ccfc6d4b" outcome="Passed" testListId="8c84fa94-04c1-424b-9868-57a2d4851a1d" relativeResultsDirectory="a32d6a83-8afd-4fc8-8129-e6e3d68a2eca" />
    <UnitTestResult executionId="6fa52973-0351-4a33-86db-897c53f79b17" testId="ac5d1d88-a0b3-4707-c377-0a8dd9d2b297" testName="FluentValidation.Tests.ValidatorTesterTester.ShouldHaveValidationError_should_throw_when_there_are_no_validation_errors_with_preconstructed_object" computerName="DORNY-PC" duration="00:00:00.0008107" startTime="2021-01-28T21:34:16.8494272+01:00" endTime="2021-01-28T21:34:16.8494280+01:00" testType="13cdc9d9-ddb5-4fa4-a97d-d965ccfc6d4b" outcome="Passed" testListId="8c84fa94-04c1-424b-9868-57a2d4851a1d" relativeResultsDirectory="6fa52973-0351-4a33-86db-897c53f79b17" />
    <UnitTestResult executionId="6b254b01-eb11-46f4-93c0-788b958a4420" testId="6df7df8d-ac9e-8180-c202-8185654e4e94" testName="FluentValidation.Tests.ConditionTests.Validation_should_fail_when_condition_does_not_match" computerName="DORNY-PC" duration="00:00:00.0000888" startTime="2021-01-28T21:34:17.2976449+01:00" endTime="2021-01-28T21:34:17.2976457+01:00" testType="13cdc9d9-ddb5-4fa4-a97d-d965ccfc6d4b" outcome="Passed" testListId="8c84fa94-04c1-424b-9868-57a2d4851a1d" relativeResultsDirectory="6b254b01-eb11-46f4-93c0-788b958a4420" />
    <UnitTestResult executionId="b99b1730-d1a6-4ca7-ae0d-fb9be18f1849" testId="f7ade730-f82f-4f48-d5e0-b49fda311ca8" testName="FluentValidation.Tests.MessageFormatterTests.Should_ignore_unknown_parameters" computerName="DORNY-PC" duration="00:00:00.0008556" startTime="2021-01-28T21:34:17.1340862+01:00" endTime="2021-01-28T21:34:17.1340871+01:00" testType="13cdc9d9-ddb5-4fa4-a97d-d965ccfc6d4b" outcome="Passed" testListId="8c84fa94-04c1-424b-9868-57a2d4851a1d" relativeResultsDirectory="b99b1730-d1a6-4ca7-ae0d-fb9be18f1849" />
    <UnitTestResult executionId="12a91205-ba4d-4ca9-9fc9-8a29164e220f" testId="f38a7fe0-9256-0421-2a99-31270360c180" testName="FluentValidation.Tests.ExclusiveBetweenValidatorTests.To_and_from_properties_should_be_set_for_dates" computerName="DORNY-PC" duration="00:00:00.0000918" startTime="2021-01-28T21:34:14.1922493+01:00" endTime="2021-01-28T21:34:14.1922499+01:00" testType="13cdc9d9-ddb5-4fa4-a97d-d965ccfc6d4b" outcome="Passed" testListId="8c84fa94-04c1-424b-9868-57a2d4851a1d" relativeResultsDirectory="12a91205-ba4d-4ca9-9fc9-8a29164e220f" />
    <UnitTestResult executionId="045a6306-adb9-4c17-868e-3085a4a072cc" testId="a98852e3-643a-d92a-7ee7-631ded083939" testName="FluentValidation.Tests.SharedConditionTests.Runs_otherwise_conditions_for_When" computerName="DORNY-PC" duration="00:00:00.0005630" startTime="2021-01-28T21:34:14.2405931+01:00" endTime="2021-01-28T21:34:14.2405933+01:00" testType="13cdc9d9-ddb5-4fa4-a97d-d965ccfc6d4b" outcome="Passed" testListId="8c84fa94-04c1-424b-9868-57a2d4851a1d" relativeResultsDirectory="045a6306-adb9-4c17-868e-3085a4a072cc" />
    <UnitTestResult executionId="cb154f7a-6280-4c1e-b098-f42a5297c79e" testId="88e9eb76-8e45-f368-0ffc-37091c9b9e8e" testName="FluentValidation.Tests.DefaultValidatorExtensionTester.GreaterThanOrEqual_should_create_GreaterThanOrEqualValidator_with_explicit_value" computerName="DORNY-PC" duration="00:00:00.0002869" startTime="2021-01-28T21:34:14.0594192+01:00" endTime="2021-01-28T21:34:14.0594193+01:00" testType="13cdc9d9-ddb5-4fa4-a97d-d965ccfc6d4b" outcome="Passed" testListId="8c84fa94-04c1-424b-9868-57a2d4851a1d" relativeResultsDirectory="cb154f7a-6280-4c1e-b098-f42a5297c79e" />
    <UnitTestResult executionId="e5491648-e2d1-47f9-a313-95d0f29795e4" testId="5aa54c4c-170a-b70a-ca12-5153239e1988" testName="FluentValidation.Tests.ExactLengthValidatorTester.When_the_text_length_is_larger_the_validator_should_fail" computerName="DORNY-PC" duration="00:00:00.0002571" startTime="2021-01-28T21:34:14.2459824+01:00" endTime="2021-01-28T21:34:14.2459831+01:00" testType="13cdc9d9-ddb5-4fa4-a97d-d965ccfc6d4b" outcome="Passed" testListId="8c84fa94-04c1-424b-9868-57a2d4851a1d" relativeResultsDirectory="e5491648-e2d1-47f9-a313-95d0f29795e4" />
    <UnitTestResult executionId="8f47aa14-a4ed-4552-a098-b51c3fbe285b" testId="5d4a3e82-6ae7-918e-a299-80cc3e048273" testName="FluentValidation.Tests.SharedConditionTests.Executes_customasync_rule_when_async_condition_true" computerName="DORNY-PC" duration="00:00:00.0011516" startTime="2021-01-28T21:34:14.2218084+01:00" endTime="2021-01-28T21:34:14.2218104+01:00" testType="13cdc9d9-ddb5-4fa4-a97d-d965ccfc6d4b" outcome="Passed" testListId="8c84fa94-04c1-424b-9868-57a2d4851a1d" relativeResultsDirectory="8f47aa14-a4ed-4552-a098-b51c3fbe285b" />
    <UnitTestResult executionId="fd2ed81b-541d-4d15-acc7-b0f9fc13fa2a" testId="5bfbd189-7c15-1fe1-441c-d2a182af3058" testName="FluentValidation.Tests.RegularExpressionValidatorTests.When_the_text_matches_the_lambda_regular_expression_then_the_validator_should_pass" computerName="DORNY-PC" duration="00:00:00.0003275" startTime="2021-01-28T21:34:17.3021315+01:00" endTime="2021-01-28T21:34:17.3021323+01:00" testType="13cdc9d9-ddb5-4fa4-a97d-d965ccfc6d4b" outcome="Passed" testListId="8c84fa94-04c1-424b-9868-57a2d4851a1d" relativeResultsDirectory="fd2ed81b-541d-4d15-acc7-b0f9fc13fa2a" />
    <UnitTestResult executionId="8af33243-a555-4c66-a7bf-a4cc60fd37e4" testId="18af96af-3e89-415e-ceed-8a3e8874c0d1" testName="FluentValidation.Tests.RegularExpressionValidatorTests.When_validation_fails_the_default_error_should_be_set" computerName="DORNY-PC" duration="00:00:00.0001265" startTime="2021-01-28T21:34:17.3037412+01:00" endTime="2021-01-28T21:34:17.3037420+01:00" testType="13cdc9d9-ddb5-4fa4-a97d-d965ccfc6d4b" outcome="Passed" testListId="8c84fa94-04c1-424b-9868-57a2d4851a1d" relativeResultsDirectory="8af33243-a555-4c66-a7bf-a4cc60fd37e4" />
    <UnitTestResult executionId="628b83a3-9ece-481e-b154-2484f31515d1" testId="514465b9-7ecc-a6bb-70a0-227b235263ef" testName="FluentValidation.Tests.UserStateTester.Throws_when_provider_is_null" computerName="DORNY-PC" duration="00:00:00.0002016" startTime="2021-01-28T21:34:14.1354088+01:00" endTime="2021-01-28T21:34:14.1354096+01:00" testType="13cdc9d9-ddb5-4fa4-a97d-d965ccfc6d4b" outcome="Passed" testListId="8c84fa94-04c1-424b-9868-57a2d4851a1d" relativeResultsDirectory="628b83a3-9ece-481e-b154-2484f31515d1" />
    <UnitTestResult executionId="9851f6bc-da79-435c-8732-4fb15a7081d2" testId="baa4500c-e49d-dc91-6af1-7f703af79c38" testName="FluentValidation.Tests.ValidatorTesterTester.ShouldNotHaveValidationError_should_not_throw_when_there_are_no_errors" computerName="DORNY-PC" duration="00:00:00.0008221" startTime="2021-01-28T21:34:16.8527725+01:00" endTime="2021-01-28T21:34:16.8527737+01:00" testType="13cdc9d9-ddb5-4fa4-a97d-d965ccfc6d4b" outcome="Passed" testListId="8c84fa94-04c1-424b-9868-57a2d4851a1d" relativeResultsDirectory="9851f6bc-da79-435c-8732-4fb15a7081d2" />
    <UnitTestResult executionId="9e7ddee1-b9b0-41e7-9cf4-8b2cd6fe9fa0" testId="13a05b78-9a60-de7b-48c1-80111b6019cc" testName="FluentValidation.Tests.StringEnumValidatorTests.When_the_property_is_initialized_with_invalid_string_then_the_validator_should_fail" computerName="DORNY-PC" duration="00:00:00.0000987" startTime="2021-01-28T21:34:14.1245349+01:00" endTime="2021-01-28T21:34:14.1245356+01:00" testType="13cdc9d9-ddb5-4fa4-a97d-d965ccfc6d4b" outcome="Passed" testListId="8c84fa94-04c1-424b-9868-57a2d4851a1d" relativeResultsDirectory="9e7ddee1-b9b0-41e7-9cf4-8b2cd6fe9fa0" />
    <UnitTestResult executionId="349b42b2-2ada-41f6-8279-324f4308412c" testId="e181e13c-5ed7-a177-2b7f-f7cf63b039a9" testName="FluentValidation.Tests.LessThanValidatorTester.Extracts_property_from_constant_using_expression" computerName="DORNY-PC" duration="00:00:00.0000678" startTime="2021-01-28T21:34:16.8051294+01:00" endTime="2021-01-28T21:34:16.8051302+01:00" testType="13cdc9d9-ddb5-4fa4-a97d-d965ccfc6d4b" outcome="Passed" testListId="8c84fa94-04c1-424b-9868-57a2d4851a1d" relativeResultsDirectory="349b42b2-2ada-41f6-8279-324f4308412c" />
    <UnitTestResult executionId="f0a04f16-8cc6-4d35-a145-e28cb21d255e" testId="73bc966f-fd3e-11b7-502c-7d0e95dee784" testName="FluentValidation.Tests.RulesetTests.Includes_combination_of_rulesets_async" computerName="DORNY-PC" duration="00:00:00.0010528" startTime="2021-01-28T21:34:17.2810624+01:00" endTime="2021-01-28T21:34:17.2810632+01:00" testType="13cdc9d9-ddb5-4fa4-a97d-d965ccfc6d4b" outcome="Passed" testListId="8c84fa94-04c1-424b-9868-57a2d4851a1d" relativeResultsDirectory="f0a04f16-8cc6-4d35-a145-e28cb21d255e" />
    <UnitTestResult executionId="21e5c4b6-706d-46d0-9839-27ae7e9ca591" testId="b735f405-d26c-9860-9895-dcfb35a27ae1" testName="FluentValidation.Tests.TrackingCollectionTests.Should_not_raise_event_once_handler_detached" computerName="DORNY-PC" duration="00:00:00.0001609" startTime="2021-01-28T21:34:14.2721459+01:00" endTime="2021-01-28T21:34:14.2721468+01:00" testType="13cdc9d9-ddb5-4fa4-a97d-d965ccfc6d4b" outcome="Passed" testListId="8c84fa94-04c1-424b-9868-57a2d4851a1d" relativeResultsDirectory="21e5c4b6-706d-46d0-9839-27ae7e9ca591" />
    <UnitTestResult executionId="13d4b913-5a27-4774-b200-a2ef5f7dd45a" testId="27238edc-ef59-5b2d-9340-12a066301652" testName="FluentValidation.Tests.ExclusiveBetweenValidatorTests.When_the_validator_fails_the_error_message_should_be_set" computerName="DORNY-PC" duration="00:00:00.0002535" startTime="2021-01-28T21:34:14.1910080+01:00" endTime="2021-01-28T21:34:14.1910081+01:00" testType="13cdc9d9-ddb5-4fa4-a97d-d965ccfc6d4b" outcome="Passed" testListId="8c84fa94-04c1-424b-9868-57a2d4851a1d" relativeResultsDirectory="13d4b913-5a27-4774-b200-a2ef5f7dd45a" />
    <UnitTestResult executionId="b34fa0af-812e-4f98-b80b-36415e47f074" testId="6ff25405-d30f-c558-d1f8-5c1a19c224fa" testName="FluentValidation.Tests.DefaultValidatorExtensionTester.NotEqual_should_create_NotEqualValidator_with_lambda" computerName="DORNY-PC" duration="00:00:00.0005555" startTime="2021-01-28T21:34:14.0613541+01:00" endTime="2021-01-28T21:34:14.0613543+01:00" testType="13cdc9d9-ddb5-4fa4-a97d-d965ccfc6d4b" outcome="Passed" testListId="8c84fa94-04c1-424b-9868-57a2d4851a1d" relativeResultsDirectory="b34fa0af-812e-4f98-b80b-36415e47f074" />
    <UnitTestResult executionId="fd564cbb-3a71-4ed4-95fd-107613da5789" testId="d43f0884-224b-a41d-8c38-8e374f3caf26" testName="FluentValidation.Tests.MessageFormatterTests.Should_ignore_unknown_numbered_parameters" computerName="DORNY-PC" duration="00:00:00.0001013" startTime="2021-01-28T21:34:17.1342310+01:00" endTime="2021-01-28T21:34:17.1342318+01:00" testType="13cdc9d9-ddb5-4fa4-a97d-d965ccfc6d4b" outcome="Passed" testListId="8c84fa94-04c1-424b-9868-57a2d4851a1d" relativeResultsDirectory="fd564cbb-3a71-4ed4-95fd-107613da5789" />
    <UnitTestResult executionId="cc36266b-4986-45f3-8f62-97a769869b4c" testId="9d10dd14-3945-223d-46e3-a9d590433d95" testName="FluentValidation.Tests.EqualValidatorTests.When_the_objects_are_equal_validation_should_succeed" computerName="DORNY-PC" duration="00:00:00.0003395" startTime="2021-01-28T21:34:17.1875060+01:00" endTime="2021-01-28T21:34:17.1875068+01:00" testType="13cdc9d9-ddb5-4fa4-a97d-d965ccfc6d4b" outcome="Passed" testListId="8c84fa94-04c1-424b-9868-57a2d4851a1d" relativeResultsDirectory="cc36266b-4986-45f3-8f62-97a769869b4c" />
    <UnitTestResult executionId="528023e7-c13a-435f-b53d-52b961f0bb18" testId="e6d3e767-bc6c-5dc0-ccd2-b7de0b9d5c1f" testName="FluentValidation.Tests.ValidatorSelectorTests.Validates_nullable_property_with_overriden_name_when_selected" computerName="DORNY-PC" duration="00:00:00.0019595" startTime="2021-01-28T21:34:14.2676243+01:00" endTime="2021-01-28T21:34:14.2676260+01:00" testType="13cdc9d9-ddb5-4fa4-a97d-d965ccfc6d4b" outcome="Passed" testListId="8c84fa94-04c1-424b-9868-57a2d4851a1d" relativeResultsDirectory="528023e7-c13a-435f-b53d-52b961f0bb18" />
    <UnitTestResult executionId="314371cc-f166-4b8b-ae90-fb26bc9a866f" testId="176900e8-16cd-d0e0-7949-d9fa3e2a847b" testName="FluentValidation.Tests.ExclusiveBetweenValidatorTests.Validates_with_nullable_when_property_not_null" computerName="DORNY-PC" duration="00:00:00.0006361" startTime="2021-01-28T21:34:14.1893664+01:00" endTime="2021-01-28T21:34:14.1893673+01:00" testType="13cdc9d9-ddb5-4fa4-a97d-d965ccfc6d4b" outcome="Passed" testListId="8c84fa94-04c1-424b-9868-57a2d4851a1d" relativeResultsDirectory="314371cc-f166-4b8b-ae90-fb26bc9a866f" />
    <UnitTestResult executionId="1899ff03-ae7c-45c5-9645-81cff2df2e3d" testId="7f081e49-df5c-067b-003c-41fbdafc4875" testName="FluentValidation.Tests.CascadingFailuresTester.Validation_stops_on_first_failure_when_set_to_StopOnFirstFailure_at_validator_level_async_legacy" computerName="DORNY-PC" duration="00:00:00.0008011" startTime="2021-01-28T21:34:14.1750330+01:00" endTime="2021-01-28T21:34:14.1750340+01:00" testType="13cdc9d9-ddb5-4fa4-a97d-d965ccfc6d4b" outcome="Passed" testListId="8c84fa94-04c1-424b-9868-57a2d4851a1d" relativeResultsDirectory="1899ff03-ae7c-45c5-9645-81cff2df2e3d" />
    <UnitTestResult executionId="2766949a-39c9-4fb9-afd9-574398d496cd" testId="286ec18e-8e8d-3c33-2fbb-8ef480e78850" testName="FluentValidation.Tests.TransformTests.Transforms_collection_element" computerName="DORNY-PC" duration="00:00:00.0008965" startTime="2021-01-28T21:34:17.3116143+01:00" endTime="2021-01-28T21:34:17.3116152+01:00" testType="13cdc9d9-ddb5-4fa4-a97d-d965ccfc6d4b" outcome="Passed" testListId="8c84fa94-04c1-424b-9868-57a2d4851a1d" relativeResultsDirectory="2766949a-39c9-4fb9-afd9-574398d496cd" />
    <UnitTestResult executionId="f81e4042-78bf-4741-ac08-e465ac2d8407" testId="5a356a97-78f3-3ad5-faf3-349c2ab474a9" testName="FluentValidation.Tests.RegularExpressionValidatorTests.When_the_text_matches_the_regular_expression_then_the_validator_should_pass" computerName="DORNY-PC" duration="00:00:00.0018050" startTime="2021-01-28T21:34:17.3017597+01:00" endTime="2021-01-28T21:34:17.3017608+01:00" testType="13cdc9d9-ddb5-4fa4-a97d-d965ccfc6d4b" outcome="Passed" testListId="8c84fa94-04c1-424b-9868-57a2d4851a1d" relativeResultsDirectory="f81e4042-78bf-4741-ac08-e465ac2d8407" />
    <UnitTestResult executionId="aad2e15c-40c1-4ad7-85e6-0291e25b7295" testId="84f08d66-d18e-a14f-5527-d1bad7ea63e4" testName="FluentValidation.Tests.RuleDependencyTests.Nested_dependent_rules_inside_ruleset_no_result_when_second_level_fails" computerName="DORNY-PC" duration="00:00:00.0005888" startTime="2021-01-28T21:34:16.7938658+01:00" endTime="2021-01-28T21:34:16.7938661+01:00" testType="13cdc9d9-ddb5-4fa4-a97d-d965ccfc6d4b" outcome="Passed" testListId="8c84fa94-04c1-424b-9868-57a2d4851a1d" relativeResultsDirectory="aad2e15c-40c1-4ad7-85e6-0291e25b7295" />
    <UnitTestResult executionId="9a36042c-8d53-4dea-a55c-c669a0246b96" testId="296c67e8-290c-2c58-819f-eba355d6e00b" testName="FluentValidation.Tests.UserSeverityTester.Throws_when_provider_is_null" computerName="DORNY-PC" duration="00:00:00.0001945" startTime="2021-01-28T21:34:17.2701109+01:00" endTime="2021-01-28T21:34:17.2701110+01:00" testType="13cdc9d9-ddb5-4fa4-a97d-d965ccfc6d4b" outcome="Passed" testListId="8c84fa94-04c1-424b-9868-57a2d4851a1d" relativeResultsDirectory="9a36042c-8d53-4dea-a55c-c669a0246b96" />
    <UnitTestResult executionId="fa323caf-71ea-40db-bf5f-ed90029fe5ee" testId="830c42fa-577f-212c-7614-64deb4ae874e" testName="FluentValidation.Tests.ValidatorTesterTester.ShouldHaveValidationError_Should_throw_when_there_are_no_validation_errors" computerName="DORNY-PC" duration="00:00:00.0008389" startTime="2021-01-28T21:34:16.8519216+01:00" endTime="2021-01-28T21:34:16.8519225+01:00" testType="13cdc9d9-ddb5-4fa4-a97d-d965ccfc6d4b" outcome="Passed" testListId="8c84fa94-04c1-424b-9868-57a2d4851a1d" relativeResultsDirectory="fa323caf-71ea-40db-bf5f-ed90029fe5ee" />
    <UnitTestResult executionId="8dfcc213-bf3a-4d62-beee-98d31d7a80db" testId="54f5146a-1da7-742c-f971-04903de69147" testName="FluentValidation.Tests.ConditionTests.Validation_should_succeed_when_async_condition_does_not_match" computerName="DORNY-PC" duration="00:00:00.0003550" startTime="2021-01-28T21:34:17.2975229+01:00" endTime="2021-01-28T21:34:17.2975237+01:00" testType="13cdc9d9-ddb5-4fa4-a97d-d965ccfc6d4b" outcome="Passed" testListId="8c84fa94-04c1-424b-9868-57a2d4851a1d" relativeResultsDirectory="8dfcc213-bf3a-4d62-beee-98d31d7a80db" />
    <UnitTestResult executionId="57e676c7-9877-4070-9d9f-739e4d43ef12" testId="8cb03b3c-ece9-7575-5fed-7e6dd4c3b4b7" testName="FluentValidation.Tests.RulesetTests.Includes_combination_of_rulesets" computerName="DORNY-PC" duration="00:00:00.0006445" startTime="2021-01-28T21:34:17.2785648+01:00" endTime="2021-01-28T21:34:17.2785656+01:00" testType="13cdc9d9-ddb5-4fa4-a97d-d965ccfc6d4b" outcome="Passed" testListId="8c84fa94-04c1-424b-9868-57a2d4851a1d" relativeResultsDirectory="57e676c7-9877-4070-9d9f-739e4d43ef12" />
    <UnitTestResult executionId="cc8003ee-82b2-47b1-8b32-fbc5874d4069" testId="203e1b45-ed61-83e5-f6c7-00d8c841114f" testName="FluentValidation.Tests.AbstractValidatorTester.WhenPreValidationReturnsFalse_ResultReturnToUserImmediatly_ValidateAsync(preValidationResult: )" computerName="DORNY-PC" duration="00:00:00.0009155" startTime="2021-01-28T21:34:17.2605408+01:00" endTime="2021-01-28T21:34:17.2605419+01:00" testType="13cdc9d9-ddb5-4fa4-a97d-d965ccfc6d4b" outcome="Passed" testListId="8c84fa94-04c1-424b-9868-57a2d4851a1d" relativeResultsDirectory="cc8003ee-82b2-47b1-8b32-fbc5874d4069" />
    <UnitTestResult executionId="64669fb5-700a-4352-9f5b-b0b89facbeb0" testId="b63d04c3-e866-d3dd-4f2a-de464b527a41" testName="FluentValidation.Tests.GreaterThanValidatorTester.Validates_with_nullable_when_property_not_null" computerName="DORNY-PC" duration="00:00:00.0002583" startTime="2021-01-28T21:34:16.9828809+01:00" endTime="2021-01-28T21:34:16.9828817+01:00" testType="13cdc9d9-ddb5-4fa4-a97d-d965ccfc6d4b" outcome="Passed" testListId="8c84fa94-04c1-424b-9868-57a2d4851a1d" relativeResultsDirectory="64669fb5-700a-4352-9f5b-b0b89facbeb0" />
    <UnitTestResult executionId="81d012bb-a520-4ea5-a411-2b6413eb0177" testId="d06a5167-37cc-69dc-dd24-aeca95bcc563" testName="FluentValidation.Tests.UserSeverityTester.Can_Provide_conditional_severity" computerName="DORNY-PC" duration="00:00:00.0002891" startTime="2021-01-28T21:34:17.2706078+01:00" endTime="2021-01-28T21:34:17.2706085+01:00" testType="13cdc9d9-ddb5-4fa4-a97d-d965ccfc6d4b" outcome="Passed" testListId="8c84fa94-04c1-424b-9868-57a2d4851a1d" relativeResultsDirectory="81d012bb-a520-4ea5-a411-2b6413eb0177" />
    <UnitTestResult executionId="6214d27d-dbb9-4e92-899d-7574469c13d8" testId="c8de0939-1a79-d0a5-a87a-1bdc3f67d552" testName="FluentValidation.Tests.EmailValidatorTests.Fails_email_validation_aspnetcore_compatible(email: &quot; \r \t \n&quot;)" computerName="DORNY-PC" duration="00:00:00.0000247" startTime="2021-01-28T21:34:16.9183948+01:00" endTime="2021-01-28T21:34:16.9183954+01:00" testType="13cdc9d9-ddb5-4fa4-a97d-d965ccfc6d4b" outcome="Passed" testListId="8c84fa94-04c1-424b-9868-57a2d4851a1d" relativeResultsDirectory="6214d27d-dbb9-4e92-899d-7574469c13d8" />
    <UnitTestResult executionId="21fdb1d8-1be5-4cdd-90a4-20d672a47274" testId="de92829f-9327-413b-8347-34076f2d2762" testName="FluentValidation.Tests.SharedConditionTests.Nested_async_conditions_with_CustomAsync_rule" computerName="DORNY-PC" duration="00:00:00.0009986" startTime="2021-01-28T21:34:14.2135642+01:00" endTime="2021-01-28T21:34:14.2135656+01:00" testType="13cdc9d9-ddb5-4fa4-a97d-d965ccfc6d4b" outcome="Passed" testListId="8c84fa94-04c1-424b-9868-57a2d4851a1d" relativeResultsDirectory="21fdb1d8-1be5-4cdd-90a4-20d672a47274" />
    <UnitTestResult executionId="a0244698-d906-46b2-840b-9bcadfdd92ae" testId="bdf9da55-ad16-bac3-caa8-95b6486bd814" testName="FluentValidation.Tests.EnumValidatorTests.When_the_enum_is_not_initialized_with_valid_value_then_the_validator_should_fail" computerName="DORNY-PC" duration="00:00:00.0000819" startTime="2021-01-28T21:34:17.0096638+01:00" endTime="2021-01-28T21:34:17.0096639+01:00" testType="13cdc9d9-ddb5-4fa4-a97d-d965ccfc6d4b" outcome="Passed" testListId="8c84fa94-04c1-424b-9868-57a2d4851a1d" relativeResultsDirectory="a0244698-d906-46b2-840b-9bcadfdd92ae" />
    <UnitTestResult executionId="7f5d9da3-bda6-4268-95c4-bef2a48833ba" testId="ce48aac0-09ad-5df8-9f89-2c677658746e" testName="FluentValidation.Tests.CascadingFailuresTester.Validation_stops_on_failure_when_set_to_Continue_and_overriden_at_rule_level_legacy" computerName="DORNY-PC" duration="00:00:00.0002166" startTime="2021-01-28T21:34:14.1778314+01:00" endTime="2021-01-28T21:34:14.1778322+01:00" testType="13cdc9d9-ddb5-4fa4-a97d-d965ccfc6d4b" outcome="Passed" testListId="8c84fa94-04c1-424b-9868-57a2d4851a1d" relativeResultsDirectory="7f5d9da3-bda6-4268-95c4-bef2a48833ba" />
    <UnitTestResult executionId="57cfa72b-376c-4a68-a0ed-be7c652caf09" testId="fc5bb984-5135-f521-412d-df654d18e921" testName="FluentValidation.Tests.EmptyTester.When_validation_fails_error_should_be_set" computerName="DORNY-PC" duration="00:00:00.0002342" startTime="2021-01-28T21:34:17.1548737+01:00" endTime="2021-01-28T21:34:17.1548744+01:00" testType="13cdc9d9-ddb5-4fa4-a97d-d965ccfc6d4b" outcome="Passed" testListId="8c84fa94-04c1-424b-9868-57a2d4851a1d" relativeResultsDirectory="57cfa72b-376c-4a68-a0ed-be7c652caf09" />
    <UnitTestResult executionId="1bf1a136-8d4c-431e-93eb-60a216eeda67" testId="fb60fb9a-e2a8-1be2-ccd2-01e607a982c8" testName="FluentValidation.Tests.ValidatorTesterTester.ShouldNotHaveValidationError_Should_support_nested_properties" computerName="DORNY-PC" duration="00:00:00.0009315" startTime="2021-01-28T21:34:16.8510248+01:00" endTime="2021-01-28T21:34:16.8510256+01:00" testType="13cdc9d9-ddb5-4fa4-a97d-d965ccfc6d4b" outcome="Passed" testListId="8c84fa94-04c1-424b-9868-57a2d4851a1d" relativeResultsDirectory="1bf1a136-8d4c-431e-93eb-60a216eeda67" />
    <UnitTestResult executionId="0a69cef4-0fc2-4d42-be88-5788f15f27bd" testId="bac9f919-702b-9399-17cd-2e1b5bbbde1b" testName="FluentValidation.Tests.NotEmptyTester.When_value_is_null_validator_should_fail" computerName="DORNY-PC" duration="00:00:00.0002923" startTime="2021-01-28T21:34:14.1171313+01:00" endTime="2021-01-28T21:34:14.1171322+01:00" testType="13cdc9d9-ddb5-4fa4-a97d-d965ccfc6d4b" outcome="Passed" testListId="8c84fa94-04c1-424b-9868-57a2d4851a1d" relativeResultsDirectory="0a69cef4-0fc2-4d42-be88-5788f15f27bd" />
    <UnitTestResult executionId="f7ca23e3-da54-4014-a6aa-07dd61587125" testId="72bf0809-4b93-3d95-b556-08cec44f163d" testName="FluentValidation.Tests.RegularExpressionValidatorTests.Uses_lazily_loaded_expression_with_options" computerName="DORNY-PC" duration="00:00:00.0014510" startTime="2021-01-28T21:34:17.3065630+01:00" endTime="2021-01-28T21:34:17.3065644+01:00" testType="13cdc9d9-ddb5-4fa4-a97d-d965ccfc6d4b" outcome="Passed" testListId="8c84fa94-04c1-424b-9868-57a2d4851a1d" relativeResultsDirectory="f7ca23e3-da54-4014-a6aa-07dd61587125" />
    <UnitTestResult executionId="1acb615c-c3a7-4c80-be51-852027bcd8a7" testId="f435532c-c2de-0598-1019-262389fe9742" testName="FluentValidation.Tests.AbstractValidatorTester.Should_not_main_state" computerName="DORNY-PC" duration="00:00:00.0001976" startTime="2021-01-28T21:34:17.2637992+01:00" endTime="2021-01-28T21:34:17.2638000+01:00" testType="13cdc9d9-ddb5-4fa4-a97d-d965ccfc6d4b" outcome="Passed" testListId="8c84fa94-04c1-424b-9868-57a2d4851a1d" relativeResultsDirectory="1acb615c-c3a7-4c80-be51-852027bcd8a7" />
    <UnitTestResult executionId="18c11339-ea73-4d8c-8695-a8bdbd5982cc" testId="3b9958c7-0610-874b-efe4-5ba1461c2edd" testName="FluentValidation.Tests.ForEachRuleTests.Can_use_cascade_with_RuleForEach" computerName="DORNY-PC" duration="00:00:00.0006943" startTime="2021-01-28T21:34:17.2405236+01:00" endTime="2021-01-28T21:34:17.2405245+01:00" testType="13cdc9d9-ddb5-4fa4-a97d-d965ccfc6d4b" outcome="Passed" testListId="8c84fa94-04c1-424b-9868-57a2d4851a1d" relativeResultsDirectory="18c11339-ea73-4d8c-8695-a8bdbd5982cc" />
    <UnitTestResult executionId="5e16f30b-d3e3-488f-ab47-1a28c7fc5b42" testId="cc2cc25d-eeb1-fcf8-3bf7-6d3afee40318" testName="FluentValidation.Tests.CascadingFailuresTester.Validation_continues_on_failure_when_set_to_Stop_globally_and_overriden_at_rule_level_async_legacy" computerName="DORNY-PC" duration="00:00:00.0014877" startTime="2021-01-28T21:34:14.1633836+01:00" endTime="2021-01-28T21:34:14.1633855+01:00" testType="13cdc9d9-ddb5-4fa4-a97d-d965ccfc6d4b" outcome="Passed" testListId="8c84fa94-04c1-424b-9868-57a2d4851a1d" relativeResultsDirectory="5e16f30b-d3e3-488f-ab47-1a28c7fc5b42" />
    <UnitTestResult executionId="d3a0de3b-7517-4925-ba1e-51e556c1af03" testId="dd783062-2d93-b727-5450-e969ec02d733" testName="FluentValidation.Tests.CustomValidatorTester.New_Custom_When_property_name_omitted_infers_property_name" computerName="DORNY-PC" duration="00:00:00.0002338" startTime="2021-01-28T21:34:17.3233501+01:00" endTime="2021-01-28T21:34:17.3233508+01:00" testType="13cdc9d9-ddb5-4fa4-a97d-d965ccfc6d4b" outcome="Passed" testListId="8c84fa94-04c1-424b-9868-57a2d4851a1d" relativeResultsDirectory="d3a0de3b-7517-4925-ba1e-51e556c1af03" />
    <UnitTestResult executionId="ad6312a3-d923-4f04-9d0d-e5e33bbfa993" testId="5543f404-50e8-91e1-f357-498f7d4c00e0" testName="FluentValidation.Tests.SharedConditionTests.Rules_invoke_when_inverse_shared_async_condition_matches" computerName="DORNY-PC" duration="00:00:00.0009430" startTime="2021-01-28T21:34:14.2067648+01:00" endTime="2021-01-28T21:34:14.2067668+01:00" testType="13cdc9d9-ddb5-4fa4-a97d-d965ccfc6d4b" outcome="Passed" testListId="8c84fa94-04c1-424b-9868-57a2d4851a1d" relativeResultsDirectory="ad6312a3-d923-4f04-9d0d-e5e33bbfa993" />
    <UnitTestResult executionId="bc8377d7-4d42-45ca-96c5-006f7c4d2027" testId="8ee837cc-e876-6b34-5341-80a477de7a46" testName="FluentValidation.Tests.CollectionValidatorWithParentTests.Skips_null_items" computerName="DORNY-PC" duration="00:00:00.0005809" startTime="2021-01-28T21:34:17.0246083+01:00" endTime="2021-01-28T21:34:17.0246086+01:00" testType="13cdc9d9-ddb5-4fa4-a97d-d965ccfc6d4b" outcome="Passed" testListId="8c84fa94-04c1-424b-9868-57a2d4851a1d" relativeResultsDirectory="bc8377d7-4d42-45ca-96c5-006f7c4d2027" />
    <UnitTestResult executionId="1af93c02-bc37-4dc2-9201-262d1863c11d" testId="54a6314b-c502-a8f9-4d26-cba2e5f0b4a6" testName="FluentValidation.Tests.NullTester.Not_null_validator_should_not_crash_with_non_nullable_value_type" computerName="DORNY-PC" duration="00:00:00.0005603" startTime="2021-01-28T21:34:16.7990391+01:00" endTime="2021-01-28T21:34:16.7990404+01:00" testType="13cdc9d9-ddb5-4fa4-a97d-d965ccfc6d4b" outcome="Passed" testListId="8c84fa94-04c1-424b-9868-57a2d4851a1d" relativeResultsDirectory="1af93c02-bc37-4dc2-9201-262d1863c11d" />
    <UnitTestResult executionId="cacaa6bd-ab93-4b99-82fd-14055018692b" testId="1812067d-18f7-4803-4a8e-82e1d2e9b615" testName="FluentValidation.Tests.ComplexValidationTester.Should_override_propertyName" computerName="DORNY-PC" duration="00:00:00.0007523" startTime="2021-01-28T21:34:14.0975354+01:00" endTime="2021-01-28T21:34:14.0975371+01:00" testType="13cdc9d9-ddb5-4fa4-a97d-d965ccfc6d4b" outcome="Passed" testListId="8c84fa94-04c1-424b-9868-57a2d4851a1d" relativeResultsDirectory="cacaa6bd-ab93-4b99-82fd-14055018692b" />
    <UnitTestResult executionId="f187dc13-f3c2-4f9e-932d-38f2920999d0" testId="9356db21-add3-51c6-7097-4ea51a559a3f" testName="FluentValidation.Tests.EmailValidatorTests.Valid_email_addresses_aspnetcore_compatible(email: &quot;someName@some_domain.com&quot;)" computerName="DORNY-PC" duration="00:00:00.0000162" startTime="2021-01-28T21:34:16.9181813+01:00" endTime="2021-01-28T21:34:16.9181815+01:00" testType="13cdc9d9-ddb5-4fa4-a97d-d965ccfc6d4b" outcome="Passed" testListId="8c84fa94-04c1-424b-9868-57a2d4851a1d" relativeResultsDirectory="f187dc13-f3c2-4f9e-932d-38f2920999d0" />
    <UnitTestResult executionId="bb6ed675-c542-4065-84e2-ece3dd99b8d5" testId="17b1f1bc-514b-eb7e-f197-52f679b4fb31" testName="FluentValidation.Tests.EnumValidatorTests.Flags_enum_validates_correctly_when_using_zero_value" computerName="DORNY-PC" duration="00:00:00.0003854" startTime="2021-01-28T21:34:17.0062034+01:00" endTime="2021-01-28T21:34:17.0062041+01:00" testType="13cdc9d9-ddb5-4fa4-a97d-d965ccfc6d4b" outcome="Passed" testListId="8c84fa94-04c1-424b-9868-57a2d4851a1d" relativeResultsDirectory="bb6ed675-c542-4065-84e2-ece3dd99b8d5" />
    <UnitTestResult executionId="efb8a499-2b6f-4754-8cb7-20689f06b9d6" testId="7338afc9-ea9e-0aa2-4c43-8ac1491c3299" testName="FluentValidation.Tests.NotEqualValidatorTests.When_the_validator_fails_the_error_message_should_be_set" computerName="DORNY-PC" duration="00:00:00.0002574" startTime="2021-01-28T21:34:14.2545954+01:00" endTime="2021-01-28T21:34:14.2545962+01:00" testType="13cdc9d9-ddb5-4fa4-a97d-d965ccfc6d4b" outcome="Passed" testListId="8c84fa94-04c1-424b-9868-57a2d4851a1d" relativeResultsDirectory="efb8a499-2b6f-4754-8cb7-20689f06b9d6" />
    <UnitTestResult executionId="6ef93e23-385e-4766-affe-8de0a4d9206b" testId="57b34f55-4c21-ff1e-befc-e27fe83a6017" testName="FluentValidation.Tests.LengthValidatorTests.When_the_minlength_validator_fails_the_error_message_should_be_set" computerName="DORNY-PC" duration="00:00:00.0003529" startTime="2021-01-28T21:34:14.0721273+01:00" endTime="2021-01-28T21:34:14.0721283+01:00" testType="13cdc9d9-ddb5-4fa4-a97d-d965ccfc6d4b" outcome="Passed" testListId="8c84fa94-04c1-424b-9868-57a2d4851a1d" relativeResultsDirectory="6ef93e23-385e-4766-affe-8de0a4d9206b" />
    <UnitTestResult executionId="bb4ef7bd-1812-4593-bb46-9e0cda20f6d8" testId="179a7fb5-93a1-c3ac-1795-780b984ee482" testName="FluentValidation.Tests.LanguageManagerTests.Gets_translation_for_culture" computerName="DORNY-PC" duration="00:00:00.0000741" startTime="2021-01-28T21:34:16.9437671+01:00" endTime="2021-01-28T21:34:16.9437678+01:00" testType="13cdc9d9-ddb5-4fa4-a97d-d965ccfc6d4b" outcome="Passed" testListId="8c84fa94-04c1-424b-9868-57a2d4851a1d" relativeResultsDirectory="bb4ef7bd-1812-4593-bb46-9e0cda20f6d8" />
    <UnitTestResult executionId="d1cab03f-1794-4673-8cd5-4fb12b9e0a1a" testId="c25f11b5-5a97-0f33-3534-872840b3b9b6" testName="FluentValidation.Tests.ValidatorDescriptorTester.GetValidatorsForMember_and_GetRulesForMember_can_both_retrieve_for_model_level_rule" computerName="DORNY-PC" duration="00:00:00.0003935" startTime="2021-01-28T21:34:17.1354348+01:00" endTime="2021-01-28T21:34:17.1354358+01:00" testType="13cdc9d9-ddb5-4fa4-a97d-d965ccfc6d4b" outcome="Passed" testListId="8c84fa94-04c1-424b-9868-57a2d4851a1d" relativeResultsDirectory="d1cab03f-1794-4673-8cd5-4fb12b9e0a1a" />
    <UnitTestResult executionId="7ef22e20-9989-4a44-b93a-05a8339a4fdd" testId="ff15c5ea-3be3-727a-adc9-7b009bf7b618" testName="FluentValidation.Tests.RuleDependencyTests.Nested_dependent_rules" computerName="DORNY-PC" duration="00:00:00.0005419" startTime="2021-01-28T21:34:16.7946781+01:00" endTime="2021-01-28T21:34:16.7946790+01:00" testType="13cdc9d9-ddb5-4fa4-a97d-d965ccfc6d4b" outcome="Passed" testListId="8c84fa94-04c1-424b-9868-57a2d4851a1d" relativeResultsDirectory="7ef22e20-9989-4a44-b93a-05a8339a4fdd" />
    <UnitTestResult executionId="f6730fe0-aaf1-4795-80dc-b198aef7d632" testId="e0580b53-ace0-da30-245d-134f6605c2ed" testName="FluentValidation.Tests.RulesetTests.Combines_rulesets_and_explicit_properties_async" computerName="DORNY-PC" duration="00:00:00.0010920" startTime="2021-01-28T21:34:17.2772446+01:00" endTime="2021-01-28T21:34:17.2772455+01:00" testType="13cdc9d9-ddb5-4fa4-a97d-d965ccfc6d4b" outcome="Passed" testListId="8c84fa94-04c1-424b-9868-57a2d4851a1d" relativeResultsDirectory="f6730fe0-aaf1-4795-80dc-b198aef7d632" />
    <UnitTestResult executionId="1daa4958-360b-49fb-b076-7922c214b48e" testId="b09e57a4-d62b-fd34-278b-a2bdc44f56f6" testName="FluentValidation.Tests.SharedConditionTests.Rules_invoke_when_inverse_shared_condition_matches" computerName="DORNY-PC" duration="00:00:00.0001103" startTime="2021-01-28T21:34:14.2342261+01:00" endTime="2021-01-28T21:34:14.2342268+01:00" testType="13cdc9d9-ddb5-4fa4-a97d-d965ccfc6d4b" outcome="Passed" testListId="8c84fa94-04c1-424b-9868-57a2d4851a1d" relativeResultsDirectory="1daa4958-360b-49fb-b076-7922c214b48e" />
    <UnitTestResult executionId="5e7e9abb-e533-4742-a0ad-dbb305052368" testId="d73914c5-c6e9-e2eb-6dbf-a33c3c3b2d32" testName="FluentValidation.Tests.LessThanOrEqualToValidatorTester.Should_fail_when_greater_than_input" computerName="DORNY-PC" duration="00:00:00.0000853" startTime="2021-01-28T21:34:17.2469774+01:00" endTime="2021-01-28T21:34:17.2469781+01:00" testType="13cdc9d9-ddb5-4fa4-a97d-d965ccfc6d4b" outcome="Passed" testListId="8c84fa94-04c1-424b-9868-57a2d4851a1d" relativeResultsDirectory="5e7e9abb-e533-4742-a0ad-dbb305052368" />
    <UnitTestResult executionId="558b052b-2f77-4018-b913-5d00faafdeb9" testId="75d29e32-0bd2-46a7-18d5-94dac08446c5" testName="FluentValidation.Tests.CollectionValidatorWithParentTests.Async_condition_should_work_with_child_collection" computerName="DORNY-PC" duration="00:00:00.0007258" startTime="2021-01-28T21:34:17.0253720+01:00" endTime="2021-01-28T21:34:17.0253729+01:00" testType="13cdc9d9-ddb5-4fa4-a97d-d965ccfc6d4b" outcome="Passed" testListId="8c84fa94-04c1-424b-9868-57a2d4851a1d" relativeResultsDirectory="558b052b-2f77-4018-b913-5d00faafdeb9" />
    <UnitTestResult executionId="c26c0558-92c8-41ad-a209-d3e04ecdc84b" testId="379345ed-1d1a-778b-aeaf-f2230bdf6ac8" testName="FluentValidation.Tests.UserSeverityTester.Stores_user_severity_against_validation_failure" computerName="DORNY-PC" duration="00:00:00.0002021" startTime="2021-01-28T21:34:17.2700752+01:00" endTime="2021-01-28T21:34:17.2700755+01:00" testType="13cdc9d9-ddb5-4fa4-a97d-d965ccfc6d4b" outcome="Passed" testListId="8c84fa94-04c1-424b-9868-57a2d4851a1d" relativeResultsDirectory="c26c0558-92c8-41ad-a209-d3e04ecdc84b" />
    <UnitTestResult executionId="ed32e89d-bab9-4978-8dba-6ae4db8f50a4" testId="a3f9f7ed-6a32-56b7-3d81-710df6b482f5" testName="FluentValidation.Tests.PredicateValidatorTester.Should_throw_when_predicate_is_null" computerName="DORNY-PC" duration="00:00:00.0003168" startTime="2021-01-28T21:34:17.3101372+01:00" endTime="2021-01-28T21:34:17.3101375+01:00" testType="13cdc9d9-ddb5-4fa4-a97d-d965ccfc6d4b" outcome="Passed" testListId="8c84fa94-04c1-424b-9868-57a2d4851a1d" relativeResultsDirectory="ed32e89d-bab9-4978-8dba-6ae4db8f50a4" />
    <UnitTestResult executionId="314de7bb-4671-4d25-83a9-1dfec4878c05" testId="86aa538b-26da-431c-c996-c8b4403204ba" testName="FluentValidation.Tests.AbstractValidatorTester.Should_validate_single_property" computerName="DORNY-PC" duration="00:00:00.0002735" startTime="2021-01-28T21:34:17.2570900+01:00" endTime="2021-01-28T21:34:17.2570907+01:00" testType="13cdc9d9-ddb5-4fa4-a97d-d965ccfc6d4b" outcome="Passed" testListId="8c84fa94-04c1-424b-9868-57a2d4851a1d" relativeResultsDirectory="314de7bb-4671-4d25-83a9-1dfec4878c05" />
    <UnitTestResult executionId="69df9081-07fc-4291-bf8c-7271ec1ab6ff" testId="bada32fc-ff26-e5dc-a8e5-ed52b632ea07" testName="FluentValidation.Tests.GreaterThanValidatorTester.Should_fail_when_equal_to_input" computerName="DORNY-PC" duration="00:00:00.0000729" startTime="2021-01-28T21:34:16.9821405+01:00" endTime="2021-01-28T21:34:16.9821412+01:00" testType="13cdc9d9-ddb5-4fa4-a97d-d965ccfc6d4b" outcome="Passed" testListId="8c84fa94-04c1-424b-9868-57a2d4851a1d" relativeResultsDirectory="69df9081-07fc-4291-bf8c-7271ec1ab6ff" />
    <UnitTestResult executionId="f4d87802-e6ca-49c3-b8cc-6ade2a1a84ff" testId="4b38c006-21ae-ca8d-1d17-b44962f922d4" testName="FluentValidation.Tests.CascadingFailuresTester.Validation_stops_on_first_Failure_when_set_to_Continue_globally_and_overriden_at_rule_level_and_async_validator_is_invoked_synchronously" computerName="DORNY-PC" duration="00:00:00.0004818" startTime="2021-01-28T21:34:14.1821036+01:00" endTime="2021-01-28T21:34:14.1821045+01:00" testType="13cdc9d9-ddb5-4fa4-a97d-d965ccfc6d4b" outcome="Passed" testListId="8c84fa94-04c1-424b-9868-57a2d4851a1d" relativeResultsDirectory="f4d87802-e6ca-49c3-b8cc-6ade2a1a84ff" />
    <UnitTestResult executionId="6e9a82c2-5bd3-402f-9594-5aef4d1fd01c" testId="ed0ee332-b1ce-622d-5d3d-4ba34d887e44" testName="FluentValidation.Tests.RulesetTests.Executes_in_rule_in_default_and_none" computerName="DORNY-PC" duration="00:00:00.0003540" startTime="2021-01-28T21:34:17.2762133+01:00" endTime="2021-01-28T21:34:17.2762135+01:00" testType="13cdc9d9-ddb5-4fa4-a97d-d965ccfc6d4b" outcome="Passed" testListId="8c84fa94-04c1-424b-9868-57a2d4851a1d" relativeResultsDirectory="6e9a82c2-5bd3-402f-9594-5aef4d1fd01c" />
    <UnitTestResult executionId="c8121ca7-4ada-4337-b0d8-45e59f0f7698" testId="f9dd8bee-42a5-b92b-0edb-90397df234b7" testName="FluentValidation.Tests.RuleBuilderTests.Should_throw_when_inverse_predicate_is_null" computerName="DORNY-PC" duration="00:00:00.0003373" startTime="2021-01-28T21:34:17.0357255+01:00" endTime="2021-01-28T21:34:17.0357263+01:00" testType="13cdc9d9-ddb5-4fa4-a97d-d965ccfc6d4b" outcome="Passed" testListId="8c84fa94-04c1-424b-9868-57a2d4851a1d" relativeResultsDirectory="c8121ca7-4ada-4337-b0d8-45e59f0f7698" />
    <UnitTestResult executionId="8001dce0-ad10-4036-a970-1881c9081d67" testId="bf5c3123-fdb7-7b14-c0ad-5664e4e6f859" testName="FluentValidation.Tests.InheritanceValidatorTest.Validates_inheritance_hierarchy" computerName="DORNY-PC" duration="00:00:00.0005062" startTime="2021-01-28T21:34:14.1540687+01:00" endTime="2021-01-28T21:34:14.1540694+01:00" testType="13cdc9d9-ddb5-4fa4-a97d-d965ccfc6d4b" outcome="Passed" testListId="8c84fa94-04c1-424b-9868-57a2d4851a1d" relativeResultsDirectory="8001dce0-ad10-4036-a970-1881c9081d67" />
    <UnitTestResult executionId="5ced9201-0a72-4c30-ad67-fe0891d1588b" testId="c4ef885a-032c-ae18-ed52-d0e2d6812681" testName="FluentValidation.Tests.ConditionTests.Async_condition_executed_synchronosuly_with_asynchronous_collection_rule" computerName="DORNY-PC" duration="00:00:00.0003309" startTime="2021-01-28T21:34:17.2897700+01:00" endTime="2021-01-28T21:34:17.2897708+01:00" testType="13cdc9d9-ddb5-4fa4-a97d-d965ccfc6d4b" outcome="Passed" testListId="8c84fa94-04c1-424b-9868-57a2d4851a1d" relativeResultsDirectory="5ced9201-0a72-4c30-ad67-fe0891d1588b" />
    <UnitTestResult executionId="a4c44610-abbc-40c4-969e-156ebf59e69c" testId="9ae3edcf-e515-8777-0c77-c58d0b1a7e73" testName="FluentValidation.Tests.InclusiveBetweenValidatorTests.When_the_validator_fails_the_error_message_should_be_set_for_strings" computerName="DORNY-PC" duration="00:00:00.0002385" startTime="2021-01-28T21:34:16.8137198+01:00" endTime="2021-01-28T21:34:16.8137207+01:00" testType="13cdc9d9-ddb5-4fa4-a97d-d965ccfc6d4b" outcome="Passed" testListId="8c84fa94-04c1-424b-9868-57a2d4851a1d" relativeResultsDirectory="a4c44610-abbc-40c4-969e-156ebf59e69c" />
    <UnitTestResult executionId="b9b08fb1-a3ea-403e-adb3-d2cad6334574" testId="9356db21-add3-51c6-7097-4ea51a559a3f" testName="FluentValidation.Tests.EmailValidatorTests.Valid_email_addresses_aspnetcore_compatible(email: null)" computerName="DORNY-PC" duration="00:00:00.0002029" startTime="2021-01-28T21:34:16.9173860+01:00" endTime="2021-01-28T21:34:16.9173868+01:00" testType="13cdc9d9-ddb5-4fa4-a97d-d965ccfc6d4b" outcome="Passed" testListId="8c84fa94-04c1-424b-9868-57a2d4851a1d" relativeResultsDirectory="b9b08fb1-a3ea-403e-adb3-d2cad6334574" />
    <UnitTestResult executionId="b9a2a406-d6ff-445d-b385-b2ac7192af23" testId="cd9cc920-4f10-085b-be76-7591b09ec9bd" testName="FluentValidation.Tests.ValidatorTesterTester.Matches_any_failure" computerName="DORNY-PC" duration="00:00:00.0006901" startTime="2021-01-28T21:34:16.8448281+01:00" endTime="2021-01-28T21:34:16.8448291+01:00" testType="13cdc9d9-ddb5-4fa4-a97d-d965ccfc6d4b" outcome="Passed" testListId="8c84fa94-04c1-424b-9868-57a2d4851a1d" relativeResultsDirectory="b9a2a406-d6ff-445d-b385-b2ac7192af23" />
    <UnitTestResult executionId="3d8ff931-bbaa-4348-93b8-6eaa8214e6e8" testId="7f921672-1184-60bd-68d4-5b93e5d342bd" testName="FluentValidation.Tests.AbstractValidatorTester.Validates_type_when_using_non_generic_validate_overload" computerName="DORNY-PC" duration="00:00:00.0001769" startTime="2021-01-28T21:34:17.2632131+01:00" endTime="2021-01-28T21:34:17.2632139+01:00" testType="13cdc9d9-ddb5-4fa4-a97d-d965ccfc6d4b" outcome="Passed" testListId="8c84fa94-04c1-424b-9868-57a2d4851a1d" relativeResultsDirectory="3d8ff931-bbaa-4348-93b8-6eaa8214e6e8" />
    <UnitTestResult executionId="6ad60e01-e5d6-4963-8344-f7e538c257cb" testId="4e59954c-0a2f-0475-0212-c8936c210e5a" testName="FluentValidation.Tests.LessThanOrEqualToValidatorTester.Validates_with_property" computerName="DORNY-PC" duration="00:00:00.0003210" startTime="2021-01-28T21:34:17.2465586+01:00" endTime="2021-01-28T21:34:17.2465593+01:00" testType="13cdc9d9-ddb5-4fa4-a97d-d965ccfc6d4b" outcome="Passed" testListId="8c84fa94-04c1-424b-9868-57a2d4851a1d" relativeResultsDirectory="6ad60e01-e5d6-4963-8344-f7e538c257cb" />
    <UnitTestResult executionId="7b7831ab-9fdf-46a3-af65-15c8826b896d" testId="f97d5bc6-0e5f-8ada-abd1-3ed43b2843f4" testName="FluentValidation.Tests.RuleBuilderTests.Calling_ValidateAsync_should_delegate_to_underlying_async_validator" computerName="DORNY-PC" duration="00:00:00.0134579" startTime="2021-01-28T21:34:17.1308295+01:00" endTime="2021-01-28T21:34:17.1308314+01:00" testType="13cdc9d9-ddb5-4fa4-a97d-d965ccfc6d4b" outcome="Passed" testListId="8c84fa94-04c1-424b-9868-57a2d4851a1d" relativeResultsDirectory="7b7831ab-9fdf-46a3-af65-15c8826b896d" />
    <UnitTestResult executionId="82a5e6d1-f873-4b8a-ab00-7c222aad795f" testId="adf509e8-c4e8-3dcd-e3d9-d5adebd3c004" testName="FluentValidation.Tests.LanguageManagerTests.Gets_translation_for_serbian_culture(cultureName: &quot;sr&quot;)" computerName="DORNY-PC" duration="00:00:00.0004456" startTime="2021-01-28T21:34:16.9415723+01:00" endTime="2021-01-28T21:34:16.9415733+01:00" testType="13cdc9d9-ddb5-4fa4-a97d-d965ccfc6d4b" outcome="Passed" testListId="8c84fa94-04c1-424b-9868-57a2d4851a1d" relativeResultsDirectory="82a5e6d1-f873-4b8a-ab00-7c222aad795f" />
    <UnitTestResult executionId="57addc88-1439-410c-b9a8-14fcd5816f93" testId="0509b3e4-cce9-c669-deb9-7435856bb47a" testName="FluentValidation.Tests.LengthValidatorTests.When_the_max_is_smaller_than_the_min_then_the_validator_should_throw" computerName="DORNY-PC" duration="00:00:00.0004785" startTime="2021-01-28T21:34:14.0730715+01:00" endTime="2021-01-28T21:34:14.0730729+01:00" testType="13cdc9d9-ddb5-4fa4-a97d-d965ccfc6d4b" outcome="Passed" testListId="8c84fa94-04c1-424b-9868-57a2d4851a1d" relativeResultsDirectory="57addc88-1439-410c-b9a8-14fcd5816f93" />
    <UnitTestResult executionId="72200695-c6f5-4cc0-874e-1a49fc2975e6" testId="78a18727-91a3-067d-14da-c0fecf425d72" testName="FluentValidation.Tests.EmptyTester.Passes_when_collection_empty" computerName="DORNY-PC" duration="00:00:00.0002700" startTime="2021-01-28T21:34:17.1546056+01:00" endTime="2021-01-28T21:34:17.1546063+01:00" testType="13cdc9d9-ddb5-4fa4-a97d-d965ccfc6d4b" outcome="Passed" testListId="8c84fa94-04c1-424b-9868-57a2d4851a1d" relativeResultsDirectory="72200695-c6f5-4cc0-874e-1a49fc2975e6" />
    <UnitTestResult executionId="f3c17240-f97d-4663-8a2a-2ea668bbba24" testId="48fc07fd-7996-5825-745d-bb267d838bb1" testName="FluentValidation.Tests.NotNullTester.NotNullValidator_should_fail_if_value_is_null" computerName="DORNY-PC" duration="00:00:00.0002029" startTime="2021-01-28T21:34:17.1472367+01:00" endTime="2021-01-28T21:34:17.1472375+01:00" testType="13cdc9d9-ddb5-4fa4-a97d-d965ccfc6d4b" outcome="Passed" testListId="8c84fa94-04c1-424b-9868-57a2d4851a1d" relativeResultsDirectory="f3c17240-f97d-4663-8a2a-2ea668bbba24" />
    <UnitTestResult executionId="646a91d4-4298-4fd8-a695-61c606a01f79" testId="e524eee9-ba37-0d1d-ef63-b84382f8c688" testName="FluentValidation.Tests.GreaterThanOrEqualToValidatorTester.Validates_with_property" computerName="DORNY-PC" duration="00:00:00.0002879" startTime="2021-01-28T21:34:16.9149449+01:00" endTime="2021-01-28T21:34:16.9149456+01:00" testType="13cdc9d9-ddb5-4fa4-a97d-d965ccfc6d4b" outcome="Passed" testListId="8c84fa94-04c1-424b-9868-57a2d4851a1d" relativeResultsDirectory="646a91d4-4298-4fd8-a695-61c606a01f79" />
    <UnitTestResult executionId="077b5ba1-c1ec-49ff-b7ac-8bbf0b4a8478" testId="096b1875-71f8-f892-2ce7-66b16632f7cb" testName="FluentValidation.Tests.ValidatorTesterTester.ShouldHaveValidationError_with_an_unmatched_rule_and_a_single_error_should_throw_an_exception" computerName="DORNY-PC" duration="00:00:00.0006954" startTime="2021-01-28T21:34:16.8721874+01:00" endTime="2021-01-28T21:34:16.8721885+01:00" testType="13cdc9d9-ddb5-4fa4-a97d-d965ccfc6d4b" outcome="Passed" testListId="8c84fa94-04c1-424b-9868-57a2d4851a1d" relativeResultsDirectory="077b5ba1-c1ec-49ff-b7ac-8bbf0b4a8478" />
    <UnitTestResult executionId="8a52d8d4-3cb6-49e5-9204-b7024ab73810" testId="7b8d361e-ee5d-bc1f-c6f1-dc9c468f036b" testName="FluentValidation.Tests.MessageFormatterTests.Format_property_value" computerName="DORNY-PC" duration="00:00:00.0002165" startTime="2021-01-28T21:34:17.1323566+01:00" endTime="2021-01-28T21:34:17.1323577+01:00" testType="13cdc9d9-ddb5-4fa4-a97d-d965ccfc6d4b" outcome="Passed" testListId="8c84fa94-04c1-424b-9868-57a2d4851a1d" relativeResultsDirectory="8a52d8d4-3cb6-49e5-9204-b7024ab73810" />
    <UnitTestResult executionId="9a2c9aac-776e-4557-a267-e502f2088762" testId="250bf3c8-65ed-a045-3233-4cb63933889b" testName="FluentValidation.Tests.LanguageManagerTests.Falls_back_to_english_when_culture_not_registered" computerName="DORNY-PC" duration="00:00:00.0002145" startTime="2021-01-28T21:34:16.9658504+01:00" endTime="2021-01-28T21:34:16.9658512+01:00" testType="13cdc9d9-ddb5-4fa4-a97d-d965ccfc6d4b" outcome="Passed" testListId="8c84fa94-04c1-424b-9868-57a2d4851a1d" relativeResultsDirectory="9a2c9aac-776e-4557-a267-e502f2088762" />
    <UnitTestResult executionId="edec8f6d-a910-44ae-8159-0452ea249c27" testId="07c2f59b-9121-5d04-3cc9-b9e74164dd4c" testName="FluentValidation.Tests.ValidateAndThrowTester.Only_root_validator_throws" computerName="DORNY-PC" duration="00:00:00.0007993" startTime="2021-01-28T21:34:17.1661237+01:00" endTime="2021-01-28T21:34:17.1661245+01:00" testType="13cdc9d9-ddb5-4fa4-a97d-d965ccfc6d4b" outcome="Passed" testListId="8c84fa94-04c1-424b-9868-57a2d4851a1d" relativeResultsDirectory="edec8f6d-a910-44ae-8159-0452ea249c27" />
    <UnitTestResult executionId="dea48ce9-c7da-4b6f-8741-5b7059838603" testId="2bd372a6-4e17-9d4e-6f8f-20cfd298bb18" testName="FluentValidation.Tests.OnFailureTests.WhenAsyncWithOnFailure_should_invoke_condition_on_inner_validator" computerName="DORNY-PC" duration="00:00:00.0014785" startTime="2021-01-28T21:34:17.1388744+01:00" endTime="2021-01-28T21:34:17.1388758+01:00" testType="13cdc9d9-ddb5-4fa4-a97d-d965ccfc6d4b" outcome="Passed" testListId="8c84fa94-04c1-424b-9868-57a2d4851a1d" relativeResultsDirectory="dea48ce9-c7da-4b6f-8741-5b7059838603" />
    <UnitTestResult executionId="9c939092-5172-4775-aa4d-d1e69c772b7a" testId="00f590fc-d310-c4a1-23d6-69c62ed11e53" testName="FluentValidation.Tests.AccessorCacheTests.Identifies_if_memberexp_acts_on_model_instance" computerName="DORNY-PC" duration="00:00:00.0002977" startTime="2021-01-28T21:34:14.1313737+01:00" endTime="2021-01-28T21:34:14.1313745+01:00" testType="13cdc9d9-ddb5-4fa4-a97d-d965ccfc6d4b" outcome="Passed" testListId="8c84fa94-04c1-424b-9868-57a2d4851a1d" relativeResultsDirectory="9c939092-5172-4775-aa4d-d1e69c772b7a" />
    <UnitTestResult executionId="99931958-583e-4c4f-b3cb-3d83972b19a5" testId="4139ab90-1db2-62ef-e2e3-dae893880ad9" testName="FluentValidation.Tests.CascadingFailuresTester.Validation_continues_on_failure_when_set_to_Stop_globally_and_overriden_at_rule_level_legacy" computerName="DORNY-PC" duration="00:00:00.0005266" startTime="2021-01-28T21:34:14.1687219+01:00" endTime="2021-01-28T21:34:14.1687228+01:00" testType="13cdc9d9-ddb5-4fa4-a97d-d965ccfc6d4b" outcome="Passed" testListId="8c84fa94-04c1-424b-9868-57a2d4851a1d" relativeResultsDirectory="99931958-583e-4c4f-b3cb-3d83972b19a5" />
    <UnitTestResult executionId="98300e0b-b8ad-4015-87da-34699680f4c4" testId="d08e4a02-4203-4afb-ea20-885438b7c6bc" testName="FluentValidation.Tests.RuleBuilderTests.Result_should_use_custom_property_name_when_no_property_name_can_be_determined" computerName="DORNY-PC" duration="00:00:00.0005762" startTime="2021-01-28T21:34:17.1172162+01:00" endTime="2021-01-28T21:34:17.1172165+01:00" testType="13cdc9d9-ddb5-4fa4-a97d-d965ccfc6d4b" outcome="Passed" testListId="8c84fa94-04c1-424b-9868-57a2d4851a1d" relativeResultsDirectory="98300e0b-b8ad-4015-87da-34699680f4c4" />
    <UnitTestResult executionId="7dd47c8c-3305-42f2-895a-0a5ec0446adc" testId="44eeda9a-e263-e284-07ec-53422548f210" testName="FluentValidation.Tests.ExactLengthValidatorTester.When_exact_length_rule_failes_error_should_have_exact_length_error_errorcode" computerName="DORNY-PC" duration="00:00:00.0006217" startTime="2021-01-28T21:34:14.2460272+01:00" endTime="2021-01-28T21:34:14.2460273+01:00" testType="13cdc9d9-ddb5-4fa4-a97d-d965ccfc6d4b" outcome="Passed" testListId="8c84fa94-04c1-424b-9868-57a2d4851a1d" relativeResultsDirectory="7dd47c8c-3305-42f2-895a-0a5ec0446adc" />
    <UnitTestResult executionId="70b124ba-5621-4bfa-8d34-30c42d449d9e" testId="c1975ba6-9aff-c600-3ef9-0153279d1c0b" testName="FluentValidation.Tests.EnumValidatorTests.Flags_enum_with_overlapping_flags_valid_when_using_bitwise_value" computerName="DORNY-PC" duration="00:00:00.0002990" startTime="2021-01-28T21:34:17.0049877+01:00" endTime="2021-01-28T21:34:17.0049885+01:00" testType="13cdc9d9-ddb5-4fa4-a97d-d965ccfc6d4b" outcome="Passed" testListId="8c84fa94-04c1-424b-9868-57a2d4851a1d" relativeResultsDirectory="70b124ba-5621-4bfa-8d34-30c42d449d9e" />
    <UnitTestResult executionId="7a3111bb-7866-4887-80e4-a20684ddd5db" testId="0042d35f-8f4f-e373-2969-b4c1c85dd6fe" testName="FluentValidation.Tests.CascadingFailuresTester.Validation_stops_on_first_Failure_when_set_to_Continue_globally_and_overriden_at_rule_level_async" computerName="DORNY-PC" duration="00:00:00.0008130" startTime="2021-01-28T21:34:14.1715005+01:00" endTime="2021-01-28T21:34:14.1715021+01:00" testType="13cdc9d9-ddb5-4fa4-a97d-d965ccfc6d4b" outcome="Passed" testListId="8c84fa94-04c1-424b-9868-57a2d4851a1d" relativeResultsDirectory="7a3111bb-7866-4887-80e4-a20684ddd5db" />
    <UnitTestResult executionId="db3e9ae0-e167-4811-9183-e69a6aaed7d3" testId="f11944d6-2994-7d79-bf29-88203eb781c6" testName="FluentValidation.Tests.ValidateAndThrowTester.Throws_exception_with_a_ruleset" computerName="DORNY-PC" duration="00:00:00.0007043" startTime="2021-01-28T21:34:17.1668657+01:00" endTime="2021-01-28T21:34:17.1668665+01:00" testType="13cdc9d9-ddb5-4fa4-a97d-d965ccfc6d4b" outcome="Passed" testListId="8c84fa94-04c1-424b-9868-57a2d4851a1d" relativeResultsDirectory="db3e9ae0-e167-4811-9183-e69a6aaed7d3" />
    <UnitTestResult executionId="e37b77f6-d1a1-45c3-b92f-244527944e71" testId="b1352d69-e2ae-8627-1986-ef07cae42358" testName="FluentValidation.Tests.RulesetTests.Ruleset_cascades_to_child_validator" computerName="DORNY-PC" duration="00:00:00.0005176" startTime="2021-01-28T21:34:17.2799725+01:00" endTime="2021-01-28T21:34:17.2799733+01:00" testType="13cdc9d9-ddb5-4fa4-a97d-d965ccfc6d4b" outcome="Passed" testListId="8c84fa94-04c1-424b-9868-57a2d4851a1d" relativeResultsDirectory="e37b77f6-d1a1-45c3-b92f-244527944e71" />
    <UnitTestResult executionId="bbb81697-c606-4daf-af0f-47236713b674" testId="8ef42a04-1497-c5ec-30d8-3568eebbe096" testName="FluentValidation.Tests.NotEqualValidatorTests.Should_handle_custom_value_types_correctly" computerName="DORNY-PC" duration="00:00:00.0022529" startTime="2021-01-28T21:34:14.2569124+01:00" endTime="2021-01-28T21:34:14.2569148+01:00" testType="13cdc9d9-ddb5-4fa4-a97d-d965ccfc6d4b" outcome="Passed" testListId="8c84fa94-04c1-424b-9868-57a2d4851a1d" relativeResultsDirectory="bbb81697-c606-4daf-af0f-47236713b674" />
    <UnitTestResult executionId="9eaa6329-51c6-43b3-89ec-b3c43079940a" testId="c8e0e312-712a-18a6-32f8-ef3dde4eb05a" testName="FluentValidation.Tests.LocalisedMessagesTester.Does_not_throw_InvalidCastException_when_using_RuleForEach" computerName="DORNY-PC" duration="00:00:00.0004547" startTime="2021-01-28T21:34:17.1863893+01:00" endTime="2021-01-28T21:34:17.1863902+01:00" testType="13cdc9d9-ddb5-4fa4-a97d-d965ccfc6d4b" outcome="Passed" testListId="8c84fa94-04c1-424b-9868-57a2d4851a1d" relativeResultsDirectory="9eaa6329-51c6-43b3-89ec-b3c43079940a" />
    <UnitTestResult executionId="e8125791-2172-47ac-8d5c-3f2605cfc7cf" testId="4134b078-34eb-e214-b830-937bce3c2348" testName="FluentValidation.Tests.ValidatorDescriptorTester.Returns_empty_collection_for_property_with_no_validators" computerName="DORNY-PC" duration="00:00:00.0000885" startTime="2021-01-28T21:34:17.1370841+01:00" endTime="2021-01-28T21:34:17.1370844+01:00" testType="13cdc9d9-ddb5-4fa4-a97d-d965ccfc6d4b" outcome="Passed" testListId="8c84fa94-04c1-424b-9868-57a2d4851a1d" relativeResultsDirectory="e8125791-2172-47ac-8d5c-3f2605cfc7cf" />
    <UnitTestResult executionId="9edf0d3f-68f5-4ae4-b52a-ec0347cb4e6f" testId="27511646-95ae-fe46-56d0-76d954089d2a" testName="FluentValidation.Tests.GreaterThanValidatorTester.Should_succeed_when_greater_than_input" computerName="DORNY-PC" duration="00:00:00.0000860" startTime="2021-01-28T21:34:16.9819280+01:00" endTime="2021-01-28T21:34:16.9819287+01:00" testType="13cdc9d9-ddb5-4fa4-a97d-d965ccfc6d4b" outcome="Passed" testListId="8c84fa94-04c1-424b-9868-57a2d4851a1d" relativeResultsDirectory="9edf0d3f-68f5-4ae4-b52a-ec0347cb4e6f" />
    <UnitTestResult executionId="d798bfdd-1fab-408b-9b3c-20dc65f9ed9c" testId="01b3b238-2573-b917-a63c-8db80b29528b" testName="FluentValidation.Tests.DefaultValidatorExtensionTester.GreaterThan_should_create_GreaterThanValidator_with_lambda" computerName="DORNY-PC" duration="00:00:00.0004794" startTime="2021-01-28T21:34:14.0613203+01:00" endTime="2021-01-28T21:34:14.0613205+01:00" testType="13cdc9d9-ddb5-4fa4-a97d-d965ccfc6d4b" outcome="Passed" testListId="8c84fa94-04c1-424b-9868-57a2d4851a1d" relativeResultsDirectory="d798bfdd-1fab-408b-9b3c-20dc65f9ed9c" />
    <UnitTestResult executionId="a8d2e400-7de6-4efe-9338-3d39c7186fad" testId="bc72f3a4-e58b-89ae-9cd1-dbed8442af5c" testName="FluentValidation.Tests.ForEachRuleTests.Executes_rule_for_each_item_in_collection_async" computerName="DORNY-PC" duration="00:00:00.0007972" startTime="2021-01-28T21:34:17.2042262+01:00" endTime="2021-01-28T21:34:17.2042270+01:00" testType="13cdc9d9-ddb5-4fa4-a97d-d965ccfc6d4b" outcome="Passed" testListId="8c84fa94-04c1-424b-9868-57a2d4851a1d" relativeResultsDirectory="a8d2e400-7de6-4efe-9338-3d39c7186fad" />
    <UnitTestResult executionId="800310e6-a756-44c4-9d42-ae5ab1785bd0" testId="43c48bd9-dd66-733a-dc88-0a6a72347416" testName="FluentValidation.Tests.GreaterThanValidatorTester.Should_fail_when_less_than_input" computerName="DORNY-PC" duration="00:00:00.0000764" startTime="2021-01-28T21:34:16.9820373+01:00" endTime="2021-01-28T21:34:16.9820380+01:00" testType="13cdc9d9-ddb5-4fa4-a97d-d965ccfc6d4b" outcome="Passed" testListId="8c84fa94-04c1-424b-9868-57a2d4851a1d" relativeResultsDirectory="800310e6-a756-44c4-9d42-ae5ab1785bd0" />
    <UnitTestResult executionId="ceb54b4b-4bce-477e-bc61-9d696e1ee93d" testId="86bcbe7f-8358-7a9c-4709-a3d6d53932a6" testName="FluentValidation.Tests.RuleBuilderTests.Conditional_child_validator_should_register_with_validator_type_not_property" computerName="DORNY-PC" duration="00:00:00.0003936" startTime="2021-01-28T21:34:17.1108248+01:00" endTime="2021-01-28T21:34:17.1108256+01:00" testType="13cdc9d9-ddb5-4fa4-a97d-d965ccfc6d4b" outcome="Passed" testListId="8c84fa94-04c1-424b-9868-57a2d4851a1d" relativeResultsDirectory="ceb54b4b-4bce-477e-bc61-9d696e1ee93d" />
    <UnitTestResult executionId="bb65b41b-8b16-425d-8082-d9e25ef880e2" testId="0e0db884-0030-20d8-a1cf-77e570d80455" testName="FluentValidation.Tests.EmailValidatorTests.Invalid_email_addressex_regex(email: &quot;testperso&quot;)" computerName="DORNY-PC" duration="00:00:00.0000395" startTime="2021-01-28T21:34:16.9371409+01:00" endTime="2021-01-28T21:34:16.9371410+01:00" testType="13cdc9d9-ddb5-4fa4-a97d-d965ccfc6d4b" outcome="Passed" testListId="8c84fa94-04c1-424b-9868-57a2d4851a1d" relativeResultsDirectory="bb65b41b-8b16-425d-8082-d9e25ef880e2" />
    <UnitTestResult executionId="ba070429-c66f-4965-9938-f1290c97a3cf" testId="40774db9-c687-42e3-5051-e9da986a02e8" testName="FluentValidation.Tests.ForEachRuleTests.Collection_should_be_explicitly_included_with_expression" computerName="DORNY-PC" duration="00:00:00.0007823" startTime="2021-01-28T21:34:17.1995993+01:00" endTime="2021-01-28T21:34:17.1996001+01:00" testType="13cdc9d9-ddb5-4fa4-a97d-d965ccfc6d4b" outcome="Passed" testListId="8c84fa94-04c1-424b-9868-57a2d4851a1d" relativeResultsDirectory="ba070429-c66f-4965-9938-f1290c97a3cf" />
    <UnitTestResult executionId="237c927c-354b-4c33-9a52-da778a84808e" testId="70340763-b37b-c6ac-9166-563e1400a6c0" testName="FluentValidation.Tests.AbstractValidatorTester.Should_throw_for_non_member_expression_when_validating_single_property" computerName="DORNY-PC" duration="00:00:00.0002162" startTime="2021-01-28T21:34:17.2577110+01:00" endTime="2021-01-28T21:34:17.2577113+01:00" testType="13cdc9d9-ddb5-4fa4-a97d-d965ccfc6d4b" outcome="Passed" testListId="8c84fa94-04c1-424b-9868-57a2d4851a1d" relativeResultsDirectory="237c927c-354b-4c33-9a52-da778a84808e" />
    <UnitTestResult executionId="c7107080-75f5-4634-8e1c-862647537180" testId="a71da6c7-fbb5-d4d7-ad9e-1fac8afa6955" testName="FluentValidation.Tests.RuleBuilderTests.Adding_a_validator_should_store_validator" computerName="DORNY-PC" duration="00:00:00.0000807" startTime="2021-01-28T21:34:17.1173179+01:00" endTime="2021-01-28T21:34:17.1173186+01:00" testType="13cdc9d9-ddb5-4fa4-a97d-d965ccfc6d4b" outcome="Passed" testListId="8c84fa94-04c1-424b-9868-57a2d4851a1d" relativeResultsDirectory="c7107080-75f5-4634-8e1c-862647537180" />
    <UnitTestResult executionId="96900430-3685-4197-b556-209bb7d194e7" testId="c294b093-e8ff-2c2a-e2d5-9267399c4713" testName="FluentValidation.Tests.RuleDependencyTests.Async_inside_dependent_rules" computerName="DORNY-PC" duration="00:00:01.5056573" startTime="2021-01-28T21:34:15.7884310+01:00" endTime="2021-01-28T21:34:15.7884365+01:00" testType="13cdc9d9-ddb5-4fa4-a97d-d965ccfc6d4b" outcome="Passed" testListId="8c84fa94-04c1-424b-9868-57a2d4851a1d" relativeResultsDirectory="96900430-3685-4197-b556-209bb7d194e7" />
    <UnitTestResult executionId="ac486158-d829-4054-9edc-c3f015aa2ba9" testId="0211a531-d694-5e56-b618-b1f81b607d09" testName="FluentValidation.Tests.CustomValidatorTester.New_Custom_Returns_single_failure_async" computerName="DORNY-PC" duration="00:00:00.0005860" startTime="2021-01-28T21:34:17.3219226+01:00" endTime="2021-01-28T21:34:17.3219234+01:00" testType="13cdc9d9-ddb5-4fa4-a97d-d965ccfc6d4b" outcome="Passed" testListId="8c84fa94-04c1-424b-9868-57a2d4851a1d" relativeResultsDirectory="ac486158-d829-4054-9edc-c3f015aa2ba9" />
    <UnitTestResult executionId="16b9e095-f805-47e3-a279-9864287ea899" testId="0e913782-d903-242f-76c3-2ef4f700cea9" testName="FluentValidation.Tests.AbstractValidatorTester.Should_validate_single_property_where_property_as_string" computerName="DORNY-PC" duration="00:00:00.0003409" startTime="2021-01-28T21:34:17.2499586+01:00" endTime="2021-01-28T21:34:17.2499595+01:00" testType="13cdc9d9-ddb5-4fa4-a97d-d965ccfc6d4b" outcome="Passed" testListId="8c84fa94-04c1-424b-9868-57a2d4851a1d" relativeResultsDirectory="16b9e095-f805-47e3-a279-9864287ea899" />
    <UnitTestResult executionId="168c818e-b3fd-4c17-83b3-0125f7df5e13" testId="6b57968c-b483-3376-fe01-cc47e62705fa" testName="FluentValidation.Tests.LanguageManagerTests.Can_replace_message_without_overriding_all_languages" computerName="DORNY-PC" duration="00:00:00.0001258" startTime="2021-01-28T21:34:16.9426004+01:00" endTime="2021-01-28T21:34:16.9426012+01:00" testType="13cdc9d9-ddb5-4fa4-a97d-d965ccfc6d4b" outcome="Passed" testListId="8c84fa94-04c1-424b-9868-57a2d4851a1d" relativeResultsDirectory="168c818e-b3fd-4c17-83b3-0125f7df5e13" />
    <UnitTestResult executionId="97d139fa-10eb-4730-92c2-d6a67226dc11" testId="1ed6c786-f7f4-4c32-2d85-03c2640d239a" testName="FluentValidation.Tests.AbstractValidatorTester.WithName_should_override_field_name_with_value_from_other_property" computerName="DORNY-PC" duration="00:00:00.0002316" startTime="2021-01-28T21:34:17.2649642+01:00" endTime="2021-01-28T21:34:17.2649645+01:00" testType="13cdc9d9-ddb5-4fa4-a97d-d965ccfc6d4b" outcome="Passed" testListId="8c84fa94-04c1-424b-9868-57a2d4851a1d" relativeResultsDirectory="97d139fa-10eb-4730-92c2-d6a67226dc11" />
    <UnitTestResult executionId="ac9ff5ce-4a3a-46ce-87f5-02d207a5c6e0" testId="e49a768a-857a-0209-379b-0ff52755c642" testName="FluentValidation.Tests.EmailValidatorTests.Valid_email_addresses_regex(email: &quot;customer/department=shipping@example.com&quot;)" computerName="DORNY-PC" duration="00:00:00.0000234" startTime="2021-01-28T21:34:16.9368142+01:00" endTime="2021-01-28T21:34:16.9368144+01:00" testType="13cdc9d9-ddb5-4fa4-a97d-d965ccfc6d4b" outcome="Passed" testListId="8c84fa94-04c1-424b-9868-57a2d4851a1d" relativeResultsDirectory="ac9ff5ce-4a3a-46ce-87f5-02d207a5c6e0" />
    <UnitTestResult executionId="a094798e-c7f6-45f4-b430-bdffd7343894" testId="627d4c32-5381-ed2b-961d-9590feaf509d" testName="FluentValidation.Tests.ExclusiveBetweenValidatorTests.To_and_from_properties_should_be_set" computerName="DORNY-PC" duration="00:00:00.0000668" startTime="2021-01-28T21:34:14.1909752+01:00" endTime="2021-01-28T21:34:14.1909753+01:00" testType="13cdc9d9-ddb5-4fa4-a97d-d965ccfc6d4b" outcome="Passed" testListId="8c84fa94-04c1-424b-9868-57a2d4851a1d" relativeResultsDirectory="a094798e-c7f6-45f4-b430-bdffd7343894" />
    <UnitTestResult executionId="c12f7abb-ac68-40eb-a545-e81e3bfbc98a" testId="bf7431d9-b64a-8a6d-cfdc-456f6c2280f0" testName="FluentValidation.Tests.ValidatorTesterTester.ShouldHaveValidationError_should_not_throw_when_there_are_validation_errors__WhenAsyn_is_used(age: 42, cardNumber: null)" computerName="DORNY-PC" duration="00:00:00.0007460" startTime="2021-01-28T21:34:16.8976289+01:00" endTime="2021-01-28T21:34:16.8976297+01:00" testType="13cdc9d9-ddb5-4fa4-a97d-d965ccfc6d4b" outcome="Passed" testListId="8c84fa94-04c1-424b-9868-57a2d4851a1d" relativeResultsDirectory="c12f7abb-ac68-40eb-a545-e81e3bfbc98a" />
    <UnitTestResult executionId="2af910ff-ea0c-4da0-b68d-a4ba2822f025" testId="fb1bc5d4-dbe7-c6f6-d07b-2d4bb79ead79" testName="FluentValidation.Tests.ComplexValidationTester.Multiple_rules_in_chain_with_childvalidator_shouldnt_reuse_accessor_async" computerName="DORNY-PC" duration="00:00:00.0057314" startTime="2021-01-28T21:34:14.0823520+01:00" endTime="2021-01-28T21:34:14.0823542+01:00" testType="13cdc9d9-ddb5-4fa4-a97d-d965ccfc6d4b" outcome="Passed" testListId="8c84fa94-04c1-424b-9868-57a2d4851a1d" relativeResultsDirectory="2af910ff-ea0c-4da0-b68d-a4ba2822f025" />
    <UnitTestResult executionId="93028723-4ee5-4228-b9fb-686683a3adfd" testId="de2de4b2-6f5b-dec8-fa55-1f46cf5dc030" testName="FluentValidation.Tests.InheritanceValidatorTest.Validates_with_callback_async" computerName="DORNY-PC" duration="00:00:00.0011748" startTime="2021-01-28T21:34:14.1535181+01:00" endTime="2021-01-28T21:34:14.1535197+01:00" testType="13cdc9d9-ddb5-4fa4-a97d-d965ccfc6d4b" outcome="Passed" testListId="8c84fa94-04c1-424b-9868-57a2d4851a1d" relativeResultsDirectory="93028723-4ee5-4228-b9fb-686683a3adfd" />
    <UnitTestResult executionId="816ad849-407b-4ab0-9070-a7a245c60388" testId="4ae6486c-771a-635b-fe9b-6830a67961c7" testName="FluentValidation.Tests.CascadingFailuresTester.Validation_stops_on_first_failure_async" computerName="DORNY-PC" duration="00:00:00.0007821" startTime="2021-01-28T21:34:14.1697760+01:00" endTime="2021-01-28T21:34:14.1697769+01:00" testType="13cdc9d9-ddb5-4fa4-a97d-d965ccfc6d4b" outcome="Passed" testListId="8c84fa94-04c1-424b-9868-57a2d4851a1d" relativeResultsDirectory="816ad849-407b-4ab0-9070-a7a245c60388" />
    <UnitTestResult executionId="0b9fe4e4-15c1-4d11-aba0-3aa03843742a" testId="8cb32682-1b0a-5671-0a8e-d87c34000606" testName="FluentValidation.Tests.ComplexValidationTester.Validates_complex_property" computerName="DORNY-PC" duration="00:00:00.0009826" startTime="2021-01-28T21:34:14.0966285+01:00" endTime="2021-01-28T21:34:14.0966296+01:00" testType="13cdc9d9-ddb5-4fa4-a97d-d965ccfc6d4b" outcome="Passed" testListId="8c84fa94-04c1-424b-9868-57a2d4851a1d" relativeResultsDirectory="0b9fe4e4-15c1-4d11-aba0-3aa03843742a" />
    <UnitTestResult executionId="0b14ae56-5e57-435b-b4a2-ce89493f5463" testId="b382c879-35b2-1f62-c547-ff163e346ab0" testName="FluentValidation.Tests.EqualValidatorTests.Should_use_ordinal_comparison_by_default" computerName="DORNY-PC" duration="00:00:00.0001642" startTime="2021-01-28T21:34:17.1893245+01:00" endTime="2021-01-28T21:34:17.1893252+01:00" testType="13cdc9d9-ddb5-4fa4-a97d-d965ccfc6d4b" outcome="Passed" testListId="8c84fa94-04c1-424b-9868-57a2d4851a1d" relativeResultsDirectory="0b14ae56-5e57-435b-b4a2-ce89493f5463" />
    <UnitTestResult executionId="daefdb09-9fad-49b1-9d80-9baa1683adda" testId="323e6631-1d82-e202-fbc4-1dbf3d7d78f1" testName="FluentValidation.Tests.ValidatorSelectorTests.Executes_correct_rule_when_using_property_with_include_async" computerName="DORNY-PC" duration="00:00:00.0017452" startTime="2021-01-28T21:34:14.2624837+01:00" endTime="2021-01-28T21:34:14.2624855+01:00" testType="13cdc9d9-ddb5-4fa4-a97d-d965ccfc6d4b" outcome="Passed" testListId="8c84fa94-04c1-424b-9868-57a2d4851a1d" relativeResultsDirectory="daefdb09-9fad-49b1-9d80-9baa1683adda" />
    <UnitTestResult executionId="7f3ebdb7-85fb-4e59-ba9d-f7fa07e5efdc" testId="1206569c-9c15-704a-da63-f7dc470c8564" testName="FluentValidation.Tests.CollectionValidatorWithParentTests.Validates_collection" computerName="DORNY-PC" duration="00:00:00.0010225" startTime="2021-01-28T21:34:17.0151920+01:00" endTime="2021-01-28T21:34:17.0151928+01:00" testType="13cdc9d9-ddb5-4fa4-a97d-d965ccfc6d4b" outcome="Passed" testListId="8c84fa94-04c1-424b-9868-57a2d4851a1d" relativeResultsDirectory="7f3ebdb7-85fb-4e59-ba9d-f7fa07e5efdc" />
    <UnitTestResult executionId="b6ace86a-f597-47d2-b62a-8ec68541077b" testId="ca26fcb8-a32d-8e0a-31ad-3c0d04a945cc" testName="FluentValidation.Tests.GreaterThanOrEqualToValidatorTester.Should_localize_value" computerName="DORNY-PC" duration="00:00:00.0008092" startTime="2021-01-28T21:34:16.9140548+01:00" endTime="2021-01-28T21:34:16.9140556+01:00" testType="13cdc9d9-ddb5-4fa4-a97d-d965ccfc6d4b" outcome="Passed" testListId="8c84fa94-04c1-424b-9868-57a2d4851a1d" relativeResultsDirectory="b6ace86a-f597-47d2-b62a-8ec68541077b" />
    <UnitTestResult executionId="b4f1690c-f523-47ae-93f6-f8c4d9f1ccd8" testId="e37cd617-56d8-86e1-3f69-ca67b8aa17c5" testName="FluentValidation.Tests.GreaterThanOrEqualToValidatorTester.Comparison_property_uses_custom_resolver" computerName="DORNY-PC" duration="00:00:00.0005497" startTime="2021-01-28T21:34:16.9127070+01:00" endTime="2021-01-28T21:34:16.9127077+01:00" testType="13cdc9d9-ddb5-4fa4-a97d-d965ccfc6d4b" outcome="Passed" testListId="8c84fa94-04c1-424b-9868-57a2d4851a1d" relativeResultsDirectory="b4f1690c-f523-47ae-93f6-f8c4d9f1ccd8" />
    <UnitTestResult executionId="6a72b6b8-99b7-4e5b-99b6-ece9ba0d75a3" testId="6e6daefb-f3f6-9f27-e277-1ccfe627d14b" testName="FluentValidation.Tests.CascadingFailuresTester.Validation_stops_on_failure_when_set_to_Continue_and_overriden_at_rule_level_async_legacy" computerName="DORNY-PC" duration="00:00:00.0008677" startTime="2021-01-28T21:34:14.1655584+01:00" endTime="2021-01-28T21:34:14.1655600+01:00" testType="13cdc9d9-ddb5-4fa4-a97d-d965ccfc6d4b" outcome="Passed" testListId="8c84fa94-04c1-424b-9868-57a2d4851a1d" relativeResultsDirectory="6a72b6b8-99b7-4e5b-99b6-ece9ba0d75a3" />
    <UnitTestResult executionId="77a9e278-7d11-4cc1-9837-e1371ce0e0d3" testId="8301de3a-5e11-d076-5c8b-df22d0b5f24b" testName="FluentValidation.Tests.CascadingFailuresTester.Validation_continues_on_failure" computerName="DORNY-PC" duration="00:00:00.0001733" startTime="2021-01-28T21:34:14.1787214+01:00" endTime="2021-01-28T21:34:14.1787218+01:00" testType="13cdc9d9-ddb5-4fa4-a97d-d965ccfc6d4b" outcome="Passed" testListId="8c84fa94-04c1-424b-9868-57a2d4851a1d" relativeResultsDirectory="77a9e278-7d11-4cc1-9837-e1371ce0e0d3" />
    <UnitTestResult executionId="c6237496-6f6e-497e-a4ca-c881e1db8f00" testId="47cf2bf4-a699-33d4-a3f9-2ec19025215d" testName="FluentValidation.Tests.CustomMessageFormatTester.Uses_custom_delegate_for_building_message" computerName="DORNY-PC" duration="00:00:00.0005953" startTime="2021-01-28T21:34:14.2461772+01:00" endTime="2021-01-28T21:34:14.2461773+01:00" testType="13cdc9d9-ddb5-4fa4-a97d-d965ccfc6d4b" outcome="Passed" testListId="8c84fa94-04c1-424b-9868-57a2d4851a1d" relativeResultsDirectory="c6237496-6f6e-497e-a4ca-c881e1db8f00" />
    <UnitTestResult executionId="1bee43c4-a4cb-4cf6-9d11-d60fc0fba679" testId="4d17bb45-abc2-b49e-824a-034811f8520d" testName="FluentValidation.Tests.MemberAccessorTests.SimplePropertyGet" computerName="DORNY-PC" duration="00:00:00.0004082" startTime="2021-01-28T21:34:17.0279323+01:00" endTime="2021-01-28T21:34:17.0279331+01:00" testType="13cdc9d9-ddb5-4fa4-a97d-d965ccfc6d4b" outcome="Passed" testListId="8c84fa94-04c1-424b-9868-57a2d4851a1d" relativeResultsDirectory="1bee43c4-a4cb-4cf6-9d11-d60fc0fba679" />
    <UnitTestResult executionId="7bda0234-a7c5-4f1f-bc90-962a6940379b" testId="37cd1df9-3b48-ef7a-b036-d9c97b00b856" testName="FluentValidation.Tests.LanguageManagerTests.Falls_back_to_default_localization_key_when_error_code_key_not_found" computerName="DORNY-PC" duration="00:00:00.0002815" startTime="2021-01-28T21:34:16.9680757+01:00" endTime="2021-01-28T21:34:16.9680765+01:00" testType="13cdc9d9-ddb5-4fa4-a97d-d965ccfc6d4b" outcome="Passed" testListId="8c84fa94-04c1-424b-9868-57a2d4851a1d" relativeResultsDirectory="7bda0234-a7c5-4f1f-bc90-962a6940379b" />
    <UnitTestResult executionId="db427cef-8e90-4067-b694-260479b76654" testId="28605b57-4bdf-fc45-6e1b-1df6798a5d8c" testName="FluentValidation.Tests.GreaterThanOrEqualToValidatorTester.Should_set_default_error_when_validation_fails" computerName="DORNY-PC" duration="00:00:00.0001125" startTime="2021-01-28T21:34:16.9146672+01:00" endTime="2021-01-28T21:34:16.9146675+01:00" testType="13cdc9d9-ddb5-4fa4-a97d-d965ccfc6d4b" outcome="Passed" testListId="8c84fa94-04c1-424b-9868-57a2d4851a1d" relativeResultsDirectory="db427cef-8e90-4067-b694-260479b76654" />
    <UnitTestResult executionId="e9cd2b89-fbf3-49b4-86a3-45ca7675cd62" testId="91f2f98a-9179-4991-94f2-143a77fed054" testName="FluentValidation.Tests.AbstractValidatorTester.Should_be_valid_when_there_are_no_failures_for_single_property" computerName="DORNY-PC" duration="00:00:00.0001968" startTime="2021-01-28T21:34:17.2617047+01:00" endTime="2021-01-28T21:34:17.2617054+01:00" testType="13cdc9d9-ddb5-4fa4-a97d-d965ccfc6d4b" outcome="Passed" testListId="8c84fa94-04c1-424b-9868-57a2d4851a1d" relativeResultsDirectory="e9cd2b89-fbf3-49b4-86a3-45ca7675cd62" />
    <UnitTestResult executionId="4f9861af-f4ec-44fb-a011-72eab0ce2c78" testId="4ec25b39-00dc-a896-6712-c9127449b6f4" testName="FluentValidation.Tests.DefaultValidatorExtensionTester.Must_should_create_PredicateValidator_with_context" computerName="DORNY-PC" duration="00:00:00.0008328" startTime="2021-01-28T21:34:14.0250806+01:00" endTime="2021-01-28T21:34:14.0250807+01:00" testType="13cdc9d9-ddb5-4fa4-a97d-d965ccfc6d4b" outcome="Passed" testListId="8c84fa94-04c1-424b-9868-57a2d4851a1d" relativeResultsDirectory="4f9861af-f4ec-44fb-a011-72eab0ce2c78" />
    <UnitTestResult executionId="8b59ed5a-cf0b-41ad-9c51-e072b0963958" testId="c8de0939-1a79-d0a5-a87a-1bdc3f67d552" testName="FluentValidation.Tests.EmailValidatorTests.Fails_email_validation_aspnetcore_compatible(email: &quot;@someDomain@abc.com&quot;)" computerName="DORNY-PC" duration="00:00:00.0000234" startTime="2021-01-28T21:34:16.9189849+01:00" endTime="2021-01-28T21:34:16.9189850+01:00" testType="13cdc9d9-ddb5-4fa4-a97d-d965ccfc6d4b" outcome="Passed" testListId="8c84fa94-04c1-424b-9868-57a2d4851a1d" relativeResultsDirectory="8b59ed5a-cf0b-41ad-9c51-e072b0963958" />
    <UnitTestResult executionId="e6be4372-1a08-429d-b9e4-ec9befef95aa" testId="365d79ff-de65-ce9d-8b6f-b4226cab3371" testName="FluentValidation.Tests.NotEmptyTester.Fails_when_collection_empty" computerName="DORNY-PC" duration="00:00:00.0005821" startTime="2021-01-28T21:34:14.1213601+01:00" endTime="2021-01-28T21:34:14.1213616+01:00" testType="13cdc9d9-ddb5-4fa4-a97d-d965ccfc6d4b" outcome="Passed" testListId="8c84fa94-04c1-424b-9868-57a2d4851a1d" relativeResultsDirectory="e6be4372-1a08-429d-b9e4-ec9befef95aa" />
    <UnitTestResult executionId="9cd162f1-6fc4-430f-b1ee-6022ff200681" testId="8ecccf8d-0bab-c3ec-7bea-5a1fa6921408" testName="FluentValidation.Tests.EmptyTester.When_value_is_Default_for_type_validator_should_pass_datetime" computerName="DORNY-PC" duration="00:00:00.0003325" startTime="2021-01-28T21:34:17.1552443+01:00" endTime="2021-01-28T21:34:17.1552450+01:00" testType="13cdc9d9-ddb5-4fa4-a97d-d965ccfc6d4b" outcome="Passed" testListId="8c84fa94-04c1-424b-9868-57a2d4851a1d" relativeResultsDirectory="9cd162f1-6fc4-430f-b1ee-6022ff200681" />
    <UnitTestResult executionId="712f4bd3-287a-44d5-9ed5-f39e54cc082c" testId="8163ae46-5a25-92e6-1c10-f0451d8e898e" testName="FluentValidation.Tests.MemberAccessorTests.ComplexPropertySet" computerName="DORNY-PC" duration="00:00:00.0004413" startTime="2021-01-28T21:34:17.0314934+01:00" endTime="2021-01-28T21:34:17.0314937+01:00" testType="13cdc9d9-ddb5-4fa4-a97d-d965ccfc6d4b" outcome="Passed" testListId="8c84fa94-04c1-424b-9868-57a2d4851a1d" relativeResultsDirectory="712f4bd3-287a-44d5-9ed5-f39e54cc082c" />
    <UnitTestResult executionId="ffc1984c-7130-425e-adcd-cd0162602694" testId="2fbcad18-5efd-683d-2147-a2cfc0047f86" testName="FluentValidation.Tests.LessThanValidatorTester.Validates_with_nullable_when_property_not_null_cross_property" computerName="DORNY-PC" duration="00:00:00.0002708" startTime="2021-01-28T21:34:16.8071832+01:00" endTime="2021-01-28T21:34:16.8071833+01:00" testType="13cdc9d9-ddb5-4fa4-a97d-d965ccfc6d4b" outcome="Passed" testListId="8c84fa94-04c1-424b-9868-57a2d4851a1d" relativeResultsDirectory="ffc1984c-7130-425e-adcd-cd0162602694" />
    <UnitTestResult executionId="14ea57b4-8e70-4fae-b6a3-576b42cf2975" testId="fed40013-6d33-3fc7-8c90-bb8d56ed5d1e" testName="FluentValidation.Tests.ForEachRuleTests.When_runs_outside_RuleForEach_loop_async" computerName="DORNY-PC" duration="00:00:00.0012558" startTime="2021-01-28T21:34:17.2092600+01:00" endTime="2021-01-28T21:34:17.2092608+01:00" testType="13cdc9d9-ddb5-4fa4-a97d-d965ccfc6d4b" outcome="Passed" testListId="8c84fa94-04c1-424b-9868-57a2d4851a1d" relativeResultsDirectory="14ea57b4-8e70-4fae-b6a3-576b42cf2975" />
    <UnitTestResult executionId="655fa5ac-d62b-4e38-a8e9-7a54acf4939e" testId="68b688f5-d297-a016-abe7-6c5b405f565c" testName="FluentValidation.Tests.ModelLevelValidatorTests.Validates_at_model_level" computerName="DORNY-PC" duration="00:00:00.0003216" startTime="2021-01-28T21:34:17.2991180+01:00" endTime="2021-01-28T21:34:17.2991183+01:00" testType="13cdc9d9-ddb5-4fa4-a97d-d965ccfc6d4b" outcome="Passed" testListId="8c84fa94-04c1-424b-9868-57a2d4851a1d" relativeResultsDirectory="655fa5ac-d62b-4e38-a8e9-7a54acf4939e" />
    <UnitTestResult executionId="ef4fab2e-60fc-41e3-914f-fdd71f9f58bb" testId="482ebb86-a628-89f9-8086-b7d72317b5af" testName="FluentValidation.Tests.LocalisedMessagesTester.Uses_string_format_with_property_value" computerName="DORNY-PC" duration="00:00:00.0007191" startTime="2021-01-28T21:34:17.1858895+01:00" endTime="2021-01-28T21:34:17.1858902+01:00" testType="13cdc9d9-ddb5-4fa4-a97d-d965ccfc6d4b" outcome="Passed" testListId="8c84fa94-04c1-424b-9868-57a2d4851a1d" relativeResultsDirectory="ef4fab2e-60fc-41e3-914f-fdd71f9f58bb" />
    <UnitTestResult executionId="86234629-8333-4c51-b859-76e530314b58" testId="e022fe22-976f-08f8-c6a5-9dc5f5162c0f" testName="FluentValidation.Tests.ForEachRuleTests.Nested_collection_for_null_property_should_not_throw_null_reference" computerName="DORNY-PC" duration="00:00:00.0004414" startTime="2021-01-28T21:34:17.2055412+01:00" endTime="2021-01-28T21:34:17.2055420+01:00" testType="13cdc9d9-ddb5-4fa4-a97d-d965ccfc6d4b" outcome="Passed" testListId="8c84fa94-04c1-424b-9868-57a2d4851a1d" relativeResultsDirectory="86234629-8333-4c51-b859-76e530314b58" />
    <UnitTestResult executionId="68e776cc-4ce0-436f-90b1-034df8f18d15" testId="8a2ddd5e-3703-0a46-5084-4ab80b67fcdd" testName="FluentValidation.Tests.LessThanValidatorTester.Should_fail_when_greater_than_input" computerName="DORNY-PC" duration="00:00:00.0001925" startTime="2021-01-28T21:34:16.8078776+01:00" endTime="2021-01-28T21:34:16.8078784+01:00" testType="13cdc9d9-ddb5-4fa4-a97d-d965ccfc6d4b" outcome="Passed" testListId="8c84fa94-04c1-424b-9868-57a2d4851a1d" relativeResultsDirectory="68e776cc-4ce0-436f-90b1-034df8f18d15" />
    <UnitTestResult executionId="9ba012e7-78ec-420c-a300-51460faed6b7" testId="c9f00ab3-e7ee-19c9-64fc-c0c42d336c4e" testName="FluentValidation.Tests.DefaultValidatorExtensionTester.GreaterThanOrEqual_should_create_GreaterThanOrEqualValidator_with_lambda" computerName="DORNY-PC" duration="00:00:00.0078787" startTime="2021-01-28T21:34:14.0219879+01:00" endTime="2021-01-28T21:34:14.0220417+01:00" testType="13cdc9d9-ddb5-4fa4-a97d-d965ccfc6d4b" outcome="Passed" testListId="8c84fa94-04c1-424b-9868-57a2d4851a1d" relativeResultsDirectory="9ba012e7-78ec-420c-a300-51460faed6b7" />
    <UnitTestResult executionId="5f401852-143d-475f-9c61-d2a05f901ef2" testId="5444471d-b6cb-46d4-581b-408735e77c09" testName="FluentValidation.Tests.ForEachRuleTests.Validates_child_validator_synchronously" computerName="DORNY-PC" duration="00:00:00.0003560" startTime="2021-01-28T21:34:17.2120603+01:00" endTime="2021-01-28T21:34:17.2120611+01:00" testType="13cdc9d9-ddb5-4fa4-a97d-d965ccfc6d4b" outcome="Passed" testListId="8c84fa94-04c1-424b-9868-57a2d4851a1d" relativeResultsDirectory="5f401852-143d-475f-9c61-d2a05f901ef2" />
    <UnitTestResult executionId="db96a126-8270-4107-b123-1b9d40f13240" testId="f3ce5261-8d5a-d960-98ac-d957e38f46af" testName="FluentValidation.Tests.EnumValidatorTests.Nullable_enum_valid_when_value_specified" computerName="DORNY-PC" duration="00:00:00.0018848" startTime="2021-01-28T21:34:17.0085562+01:00" endTime="2021-01-28T21:34:17.0085570+01:00" testType="13cdc9d9-ddb5-4fa4-a97d-d965ccfc6d4b" outcome="Passed" testListId="8c84fa94-04c1-424b-9868-57a2d4851a1d" relativeResultsDirectory="db96a126-8270-4107-b123-1b9d40f13240" />
    <UnitTestResult executionId="d28fc990-3b9c-4e9a-974e-9d9969117f98" testId="151dde0f-7514-7f92-fec7-069dea141ec1" testName="FluentValidation.Tests.SharedConditionTests.Doesnt_throw_NullReferenceException_when_instance_not_null" computerName="DORNY-PC" duration="00:00:00.0001771" startTime="2021-01-28T21:34:14.2432533+01:00" endTime="2021-01-28T21:34:14.2432552+01:00" testType="13cdc9d9-ddb5-4fa4-a97d-d965ccfc6d4b" outcome="Passed" testListId="8c84fa94-04c1-424b-9868-57a2d4851a1d" relativeResultsDirectory="d28fc990-3b9c-4e9a-974e-9d9969117f98" />
    <UnitTestResult executionId="0fd9009c-efbe-4c9e-b52d-4797cb14015f" testId="6861a66b-c34f-85e2-7dc0-b86975862b92" testName="FluentValidation.Tests.LengthValidatorTests.Min_and_max_properties_should_be_set" computerName="DORNY-PC" duration="00:00:00.0001047" startTime="2021-01-28T21:34:14.0719152+01:00" endTime="2021-01-28T21:34:14.0719157+01:00" testType="13cdc9d9-ddb5-4fa4-a97d-d965ccfc6d4b" outcome="Passed" testListId="8c84fa94-04c1-424b-9868-57a2d4851a1d" relativeResultsDirectory="0fd9009c-efbe-4c9e-b52d-4797cb14015f" />
    <UnitTestResult executionId="53dc57d2-2bbe-4722-92c9-2658a56990b3" testId="f5ad43e9-6dce-9892-e9ba-9a6fa01320ab" testName="FluentValidation.Tests.AbstractValidatorTester.WithMessage_and_WithErrorCode_should_override_error_message_and_error_code" computerName="DORNY-PC" duration="00:00:00.0001772" startTime="2021-01-28T21:34:17.2650003+01:00" endTime="2021-01-28T21:34:17.2650005+01:00" testType="13cdc9d9-ddb5-4fa4-a97d-d965ccfc6d4b" outcome="Passed" testListId="8c84fa94-04c1-424b-9868-57a2d4851a1d" relativeResultsDirectory="53dc57d2-2bbe-4722-92c9-2658a56990b3" />
    <UnitTestResult executionId="40da2558-2142-418e-96b9-9c00822f80fa" testId="6528a03b-d3d1-ad54-dd5c-711ba30b6735" testName="FluentValidation.Tests.ValidatorTesterTester.ShouldNotHaveValidationError_async" computerName="DORNY-PC" duration="00:00:00.0015238" startTime="2021-01-28T21:34:16.8395828+01:00" endTime="2021-01-28T21:34:16.8395837+01:00" testType="13cdc9d9-ddb5-4fa4-a97d-d965ccfc6d4b" outcome="Passed" testListId="8c84fa94-04c1-424b-9868-57a2d4851a1d" relativeResultsDirectory="40da2558-2142-418e-96b9-9c00822f80fa" />
    <UnitTestResult executionId="8939f7d2-511e-4819-978e-4b72a928119b" testId="c96916e8-0c1f-41a1-2dce-483be9719d1b" testName="FluentValidation.Tests.ForEachRuleTests.Nested_conditions_Rule_For" computerName="DORNY-PC" duration="00:00:00.0009052" startTime="2021-01-28T21:34:17.1966026+01:00" endTime="2021-01-28T21:34:17.1966033+01:00" testType="13cdc9d9-ddb5-4fa4-a97d-d965ccfc6d4b" outcome="Passed" testListId="8c84fa94-04c1-424b-9868-57a2d4851a1d" relativeResultsDirectory="8939f7d2-511e-4819-978e-4b72a928119b" />
    <UnitTestResult executionId="b1a94429-c836-4b46-98c2-dfe9704e0130" testId="92ec758b-0a9f-eb6f-5728-7177bd21bd92" testName="FluentValidation.Tests.CascadingFailuresTester.Cascade_mode_can_be_set_after_validator_instantiated_legacy" computerName="DORNY-PC" duration="00:00:00.0002101" startTime="2021-01-28T21:34:14.1681541+01:00" endTime="2021-01-28T21:34:14.1681549+01:00" testType="13cdc9d9-ddb5-4fa4-a97d-d965ccfc6d4b" outcome="Passed" testListId="8c84fa94-04c1-424b-9868-57a2d4851a1d" relativeResultsDirectory="b1a94429-c836-4b46-98c2-dfe9704e0130" />
    <UnitTestResult executionId="c0ead76a-9f7a-41e1-ad9f-1c4e4af1162e" testId="894ae6c8-d7db-8ef2-d504-21926eec5d9b" testName="FluentValidation.Tests.ValidatorTesterTester.ShouldNotHaveValidationError_should_throw_when_there_are_validation_errors__WhenAsyn_is_used(age: 42, cardNumber: &quot;&quot;)" computerName="DORNY-PC" duration="00:00:00.0006807" startTime="2021-01-28T21:34:16.8887266+01:00" endTime="2021-01-28T21:34:16.8887275+01:00" testType="13cdc9d9-ddb5-4fa4-a97d-d965ccfc6d4b" outcome="Passed" testListId="8c84fa94-04c1-424b-9868-57a2d4851a1d" relativeResultsDirectory="c0ead76a-9f7a-41e1-ad9f-1c4e4af1162e" />
    <UnitTestResult executionId="ea1ae636-7ea6-4103-b71d-0e4b27791472" testId="ba73dcd3-8243-f3f4-581f-58accd12573b" testName="FluentValidation.Tests.PropertyChainTests.AddIndexer_throws_when_nothing_added" computerName="DORNY-PC" duration="00:00:00.0001710" startTime="2021-01-28T21:34:17.3145717+01:00" endTime="2021-01-28T21:34:17.3145724+01:00" testType="13cdc9d9-ddb5-4fa4-a97d-d965ccfc6d4b" outcome="Passed" testListId="8c84fa94-04c1-424b-9868-57a2d4851a1d" relativeResultsDirectory="ea1ae636-7ea6-4103-b71d-0e4b27791472" />
    <UnitTestResult executionId="6a980ac8-40d1-4a5a-8447-bcf769b9f72a" testId="5901f206-8b87-a862-9a60-9c233d9ef908" testName="FluentValidation.Tests.CollectionValidatorWithParentTests.Collection_should_be_explicitly_included_with_string" computerName="DORNY-PC" duration="00:00:00.0005652" startTime="2021-01-28T21:34:17.0228762+01:00" endTime="2021-01-28T21:34:17.0228771+01:00" testType="13cdc9d9-ddb5-4fa4-a97d-d965ccfc6d4b" outcome="Passed" testListId="8c84fa94-04c1-424b-9868-57a2d4851a1d" relativeResultsDirectory="6a980ac8-40d1-4a5a-8447-bcf769b9f72a" />
    <UnitTestResult executionId="ea8ed296-32ff-4add-bb3f-b0ad47377874" testId="b58c29db-223c-6762-00fc-38fef3b55f0b" testName="FluentValidation.Tests.RulesetTests.Executes_rules_not_specified_in_ruleset" computerName="DORNY-PC" duration="00:00:00.0001365" startTime="2021-01-28T21:34:17.2825898+01:00" endTime="2021-01-28T21:34:17.2825905+01:00" testType="13cdc9d9-ddb5-4fa4-a97d-d965ccfc6d4b" outcome="Passed" testListId="8c84fa94-04c1-424b-9868-57a2d4851a1d" relativeResultsDirectory="ea8ed296-32ff-4add-bb3f-b0ad47377874" />
    <UnitTestResult executionId="077f8d57-0386-472e-b1e0-343fc761c2d1" testId="2ecc3935-9480-f29f-8337-8788197adb18" testName="FluentValidation.Tests.RulesetTests.Ruleset_selection_should_cascade_downwards_with_when_setting_child_validator_using_include_statement" computerName="DORNY-PC" duration="00:00:00.0001585" startTime="2021-01-28T21:34:17.2778863+01:00" endTime="2021-01-28T21:34:17.2778871+01:00" testType="13cdc9d9-ddb5-4fa4-a97d-d965ccfc6d4b" outcome="Passed" testListId="8c84fa94-04c1-424b-9868-57a2d4851a1d" relativeResultsDirectory="077f8d57-0386-472e-b1e0-343fc761c2d1" />
    <UnitTestResult executionId="2798fcac-b498-4718-aff6-1fc04c993436" testId="013ec608-bf31-c1f3-4405-5610ab25cd05" testName="FluentValidation.Tests.ValidatorTesterTester.ShouldHaveValidationError_model_async" computerName="DORNY-PC" duration="00:00:00.0013614" startTime="2021-01-28T21:34:16.8922889+01:00" endTime="2021-01-28T21:34:16.8922898+01:00" testType="13cdc9d9-ddb5-4fa4-a97d-d965ccfc6d4b" outcome="Passed" testListId="8c84fa94-04c1-424b-9868-57a2d4851a1d" relativeResultsDirectory="2798fcac-b498-4718-aff6-1fc04c993436" />
    <UnitTestResult executionId="8f62c095-e720-4bc6-8528-e4a20d412b96" testId="c40f025e-a072-a41a-363a-c4259bba15bc" testName="FluentValidation.Tests.ComplexValidationTester.Condition_should_work_with_complex_property_when_invoked_async" computerName="DORNY-PC" duration="00:00:00.0008233" startTime="2021-01-28T21:34:14.1032848+01:00" endTime="2021-01-28T21:34:14.1032862+01:00" testType="13cdc9d9-ddb5-4fa4-a97d-d965ccfc6d4b" outcome="Passed" testListId="8c84fa94-04c1-424b-9868-57a2d4851a1d" relativeResultsDirectory="8f62c095-e720-4bc6-8528-e4a20d412b96" />
    <UnitTestResult executionId="51989b2b-b2aa-4773-a7b5-94485f755ec6" testId="cb55702d-c700-d151-dcf0-beab45244af9" testName="FluentValidation.Tests.SharedConditionTests.RuleSet_can_be_used_inside_condition" computerName="DORNY-PC" duration="00:00:00.0008270" startTime="2021-01-28T21:34:14.2244789+01:00" endTime="2021-01-28T21:34:14.2244806+01:00" testType="13cdc9d9-ddb5-4fa4-a97d-d965ccfc6d4b" outcome="Passed" testListId="8c84fa94-04c1-424b-9868-57a2d4851a1d" relativeResultsDirectory="51989b2b-b2aa-4773-a7b5-94485f755ec6" />
    <UnitTestResult executionId="a43f5516-42c4-40a6-9c47-dbf6742456df" testId="a54fdac9-7854-ae5f-307d-eb321ba60c11" testName="FluentValidation.Tests.NameResolutionPluggabilityTester.Uses_custom_property_name" computerName="DORNY-PC" duration="00:00:00.0002739" startTime="2021-01-28T21:34:17.2673245+01:00" endTime="2021-01-28T21:34:17.2673253+01:00" testType="13cdc9d9-ddb5-4fa4-a97d-d965ccfc6d4b" outcome="Passed" testListId="8c84fa94-04c1-424b-9868-57a2d4851a1d" relativeResultsDirectory="a43f5516-42c4-40a6-9c47-dbf6742456df" />
    <UnitTestResult executionId="5df858f5-36ee-483d-a92e-2d5f59e71843" testId="2bee7063-c490-ba4c-f93e-50403e8cd6f0" testName="FluentValidation.Tests.SharedConditionTests.Does_not_execute_customasync_Rule_when_condition_false" computerName="DORNY-PC" duration="00:00:00.0003491" startTime="2021-01-28T21:34:14.2187519+01:00" endTime="2021-01-28T21:34:14.2187529+01:00" testType="13cdc9d9-ddb5-4fa4-a97d-d965ccfc6d4b" outcome="Passed" testListId="8c84fa94-04c1-424b-9868-57a2d4851a1d" relativeResultsDirectory="5df858f5-36ee-483d-a92e-2d5f59e71843" />
    <UnitTestResult executionId="0efb46c5-32a9-476e-9d95-9c7bdebdb8e9" testId="70b50ce6-74d1-7fbd-2919-257ee9c7df6c" testName="FluentValidation.Tests.CascadingFailuresTester.Validation_stops_on_first_Failure_when_set_to_Continue_globally_and_overriden_at_rule_level_async_legacy" computerName="DORNY-PC" duration="00:00:00.0007979" startTime="2021-01-28T21:34:14.1706292+01:00" endTime="2021-01-28T21:34:14.1706304+01:00" testType="13cdc9d9-ddb5-4fa4-a97d-d965ccfc6d4b" outcome="Passed" testListId="8c84fa94-04c1-424b-9868-57a2d4851a1d" relativeResultsDirectory="0efb46c5-32a9-476e-9d95-9c7bdebdb8e9" />
    <UnitTestResult executionId="8f625eb8-54f9-4ba6-91d7-36ee763fc0f3" testId="71c80dc1-4190-4866-88dc-3ccaaafd609d" testName="FluentValidation.Tests.ValidatorTesterTester.Matches_model_level_rule" computerName="DORNY-PC" duration="00:00:00.0006479" startTime="2021-01-28T21:34:16.8864446+01:00" endTime="2021-01-28T21:34:16.8864457+01:00" testType="13cdc9d9-ddb5-4fa4-a97d-d965ccfc6d4b" outcome="Passed" testListId="8c84fa94-04c1-424b-9868-57a2d4851a1d" relativeResultsDirectory="8f625eb8-54f9-4ba6-91d7-36ee763fc0f3" />
    <UnitTestResult executionId="b638a343-ae67-416a-ba04-62ccf8a7cbbc" testId="ea182078-3d3a-7ded-9148-e0767c63bd36" testName="FluentValidation.Tests.CollectionValidatorWithParentTests.Should_work_with_top_level_collection_validator_and_overriden_name" computerName="DORNY-PC" duration="00:00:00.0003943" startTime="2021-01-28T21:34:17.0135739+01:00" endTime="2021-01-28T21:34:17.0135747+01:00" testType="13cdc9d9-ddb5-4fa4-a97d-d965ccfc6d4b" outcome="Passed" testListId="8c84fa94-04c1-424b-9868-57a2d4851a1d" relativeResultsDirectory="b638a343-ae67-416a-ba04-62ccf8a7cbbc" />
    <UnitTestResult executionId="c6839e25-38ee-44b6-82d0-0c857d9acf73" testId="e05e19b0-3eea-f2a8-8f55-e70581119b8d" testName="FluentValidation.Tests.RegularExpressionValidatorTests.When_the_text_does_not_match_the_lambda_regex_regular_expression_then_the_validator_should_fail" computerName="DORNY-PC" duration="00:00:00.0003653" startTime="2021-01-28T21:34:17.3034218+01:00" endTime="2021-01-28T21:34:17.3034226+01:00" testType="13cdc9d9-ddb5-4fa4-a97d-d965ccfc6d4b" outcome="Passed" testListId="8c84fa94-04c1-424b-9868-57a2d4851a1d" relativeResultsDirectory="c6839e25-38ee-44b6-82d0-0c857d9acf73" />
    <UnitTestResult executionId="94f78349-cef1-4c59-9d1b-eb53a475b919" testId="60f41427-96a2-6709-af45-92a5c6038af3" testName="FluentValidation.Tests.ValidatorTesterTester.ShouldHaveChildValidator_throws_when_property_does_not_have_child_validator" computerName="DORNY-PC" duration="00:00:00.0003445" startTime="2021-01-28T21:34:16.8842135+01:00" endTime="2021-01-28T21:34:16.8842142+01:00" testType="13cdc9d9-ddb5-4fa4-a97d-d965ccfc6d4b" outcome="Passed" testListId="8c84fa94-04c1-424b-9868-57a2d4851a1d" relativeResultsDirectory="94f78349-cef1-4c59-9d1b-eb53a475b919" />
    <UnitTestResult executionId="bf9a24e8-c020-47e1-a90b-46c403126e3f" testId="d4236472-de5d-f226-80c1-3a22bf4dbb7a" testName="FluentValidation.Tests.ForEachRuleTests.Collection_should_be_explicitly_included_with_string" computerName="DORNY-PC" duration="00:00:00.0005339" startTime="2021-01-28T21:34:17.2064326+01:00" endTime="2021-01-28T21:34:17.2064334+01:00" testType="13cdc9d9-ddb5-4fa4-a97d-d965ccfc6d4b" outcome="Passed" testListId="8c84fa94-04c1-424b-9868-57a2d4851a1d" relativeResultsDirectory="bf9a24e8-c020-47e1-a90b-46c403126e3f" />
    <UnitTestResult executionId="7afb2911-5ff3-4ee4-8531-aa30c92e9c4b" testId="40e58b95-a20a-0164-25b5-43053926bef8" testName="FluentValidation.Tests.ValidatorTesterTester.ShouldHaveValidationError_should_throw_when_there_are_not_validation_errors__WhenAsyn_Is_Used(age: 17, cardNumber: &quot;&quot;)" computerName="DORNY-PC" duration="00:00:00.0017937" startTime="2021-01-28T21:34:16.9027464+01:00" endTime="2021-01-28T21:34:16.9027469+01:00" testType="13cdc9d9-ddb5-4fa4-a97d-d965ccfc6d4b" outcome="Passed" testListId="8c84fa94-04c1-424b-9868-57a2d4851a1d" relativeResultsDirectory="7afb2911-5ff3-4ee4-8531-aa30c92e9c4b" />
    <UnitTestResult executionId="037e31d9-ddd3-48f1-9f94-ebf30b41a428" testId="8b95ba63-9e75-aef1-006c-d34c658b71a9" testName="FluentValidation.Tests.InclusiveBetweenValidatorTests.When_the_value_is_smaller_than_the_range_then_the_validator_should_fail" computerName="DORNY-PC" duration="00:00:00.0002294" startTime="2021-01-28T21:34:16.8128324+01:00" endTime="2021-01-28T21:34:16.8128333+01:00" testType="13cdc9d9-ddb5-4fa4-a97d-d965ccfc6d4b" outcome="Passed" testListId="8c84fa94-04c1-424b-9868-57a2d4851a1d" relativeResultsDirectory="037e31d9-ddd3-48f1-9f94-ebf30b41a428" />
    <UnitTestResult executionId="d07dc1e9-2ab5-40c6-8968-a5796b947a2f" testId="059ec82c-601c-750f-1878-f79d7de4c6f5" testName="FluentValidation.Tests.RuleDependencyTests.Treats_root_level_RuleFor_call_as_dependent_rule_if_user_forgets_to_use_DependentRulesBuilder" computerName="DORNY-PC" duration="00:00:00.0003687" startTime="2021-01-28T21:34:16.7965289+01:00" endTime="2021-01-28T21:34:16.7965299+01:00" testType="13cdc9d9-ddb5-4fa4-a97d-d965ccfc6d4b" outcome="Passed" testListId="8c84fa94-04c1-424b-9868-57a2d4851a1d" relativeResultsDirectory="d07dc1e9-2ab5-40c6-8968-a5796b947a2f" />
    <UnitTestResult executionId="98feae4f-0ed4-42ed-9651-c63e204277bd" testId="212877d5-640f-6bdf-5f86-46a3a57c76b1" testName="FluentValidation.Tests.RegularExpressionValidatorTests.When_the_text_does_not_match_the_lambda_regular_expression_then_the_validator_should_fail" computerName="DORNY-PC" duration="00:00:00.0001392" startTime="2021-01-28T21:34:17.3044763+01:00" endTime="2021-01-28T21:34:17.3044766+01:00" testType="13cdc9d9-ddb5-4fa4-a97d-d965ccfc6d4b" outcome="Passed" testListId="8c84fa94-04c1-424b-9868-57a2d4851a1d" relativeResultsDirectory="98feae4f-0ed4-42ed-9651-c63e204277bd" />
    <UnitTestResult executionId="a8b2403c-d44a-4aae-bae0-6b503b51736d" testId="c8de0939-1a79-d0a5-a87a-1bdc3f67d552" testName="FluentValidation.Tests.EmailValidatorTests.Fails_email_validation_aspnetcore_compatible(email: &quot;@someDomain.com&quot;)" computerName="DORNY-PC" duration="00:00:00.0000248" startTime="2021-01-28T21:34:16.9189640+01:00" endTime="2021-01-28T21:34:16.9189643+01:00" testType="13cdc9d9-ddb5-4fa4-a97d-d965ccfc6d4b" outcome="Passed" testListId="8c84fa94-04c1-424b-9868-57a2d4851a1d" relativeResultsDirectory="a8b2403c-d44a-4aae-bae0-6b503b51736d" />
    <UnitTestResult executionId="6bb1371f-d922-4f43-8d82-1df050781b2c" testId="799f2c93-c7dd-e23b-6bda-f2fced204557" testName="FluentValidation.Tests.AccessorCacheTests.Benchmark" computerName="DORNY-PC" duration="00:00:00.0010000" startTime="2021-01-28T21:34:14.1328064+01:00" endTime="2021-01-28T21:34:14.1328083+01:00" testType="13cdc9d9-ddb5-4fa4-a97d-d965ccfc6d4b" outcome="NotExecuted" testListId="8c84fa94-04c1-424b-9868-57a2d4851a1d" relativeResultsDirectory="6bb1371f-d922-4f43-8d82-1df050781b2c" />
    <UnitTestResult executionId="4fda617b-3154-491c-87fe-e9c3ef71b1d4" testId="3dbaffab-8b27-a46e-823e-2bfce4c0fa2d" testName="FluentValidation.Tests.LessThanValidatorTester.Should_set_default_validation_message_when_validation_fails" computerName="DORNY-PC" duration="00:00:00.0003520" startTime="2021-01-28T21:34:16.8050281+01:00" endTime="2021-01-28T21:34:16.8050291+01:00" testType="13cdc9d9-ddb5-4fa4-a97d-d965ccfc6d4b" outcome="Passed" testListId="8c84fa94-04c1-424b-9868-57a2d4851a1d" relativeResultsDirectory="4fda617b-3154-491c-87fe-e9c3ef71b1d4" />
    <UnitTestResult executionId="2c96ccc3-1926-4dee-91df-bcd8c8b7e61b" testId="c2872500-36f3-585f-b26d-b463d6926843" testName="FluentValidation.Tests.LocalisedMessagesTester.Uses_func_to_get_message" computerName="DORNY-PC" duration="00:00:00.0002383" startTime="2021-01-28T21:34:17.1845942+01:00" endTime="2021-01-28T21:34:17.1845949+01:00" testType="13cdc9d9-ddb5-4fa4-a97d-d965ccfc6d4b" outcome="Passed" testListId="8c84fa94-04c1-424b-9868-57a2d4851a1d" relativeResultsDirectory="2c96ccc3-1926-4dee-91df-bcd8c8b7e61b" />
    <UnitTestResult executionId="1b425a53-569e-478e-b0a2-afb9e93d5e99" testId="28582f1f-c48a-bba4-4ae3-8855be03d6ac" testName="FluentValidation.Tests.GreaterThanOrEqualToValidatorTester.Validates_with_nullable_when_property_not_null_cross_property" computerName="DORNY-PC" duration="00:00:00.0002763" startTime="2021-01-28T21:34:16.9152554+01:00" endTime="2021-01-28T21:34:16.9152562+01:00" testType="13cdc9d9-ddb5-4fa4-a97d-d965ccfc6d4b" outcome="Passed" testListId="8c84fa94-04c1-424b-9868-57a2d4851a1d" relativeResultsDirectory="1b425a53-569e-478e-b0a2-afb9e93d5e99" />
    <UnitTestResult executionId="d689bba8-499c-4702-b452-f0ae30f5a38d" testId="f9c7fb98-f128-a7cc-27ed-83f7368677f5" testName="FluentValidation.Tests.GreaterThanValidatorTester.Validates_nullable_with_nullable_property" computerName="DORNY-PC" duration="00:00:00.0006029" startTime="2021-01-28T21:34:16.9808679+01:00" endTime="2021-01-28T21:34:16.9808687+01:00" testType="13cdc9d9-ddb5-4fa4-a97d-d965ccfc6d4b" outcome="Passed" testListId="8c84fa94-04c1-424b-9868-57a2d4851a1d" relativeResultsDirectory="d689bba8-499c-4702-b452-f0ae30f5a38d" />
    <UnitTestResult executionId="720632e1-d066-4074-8fc0-5a3fbc632356" testId="897f4f03-4180-a949-9e99-15471e32c5d4" testName="FluentValidation.Tests.CollectionValidatorWithParentTests.Can_specify_condition_for_individual_collection_elements" computerName="DORNY-PC" duration="00:00:00.0009154" startTime="2021-01-28T21:34:17.0211543+01:00" endTime="2021-01-28T21:34:17.0211551+01:00" testType="13cdc9d9-ddb5-4fa4-a97d-d965ccfc6d4b" outcome="Passed" testListId="8c84fa94-04c1-424b-9868-57a2d4851a1d" relativeResultsDirectory="720632e1-d066-4074-8fc0-5a3fbc632356" />
    <UnitTestResult executionId="b5ad0862-88bd-4940-a7b9-422efb8c162d" testId="36758a6a-c858-e262-32c4-70704f2bacad" testName="FluentValidation.Tests.ComplexValidationTester.Can_validate_using_validator_for_base_type" computerName="DORNY-PC" duration="00:00:00.0012612" startTime="2021-01-28T21:34:14.0955886+01:00" endTime="2021-01-28T21:34:14.0955909+01:00" testType="13cdc9d9-ddb5-4fa4-a97d-d965ccfc6d4b" outcome="Passed" testListId="8c84fa94-04c1-424b-9868-57a2d4851a1d" relativeResultsDirectory="b5ad0862-88bd-4940-a7b9-422efb8c162d" />
    <UnitTestResult executionId="980464d6-c2ed-4a51-a390-136f8c4d7132" testId="90582c39-7045-30da-36e4-e8be6cafa744" testName="FluentValidation.Tests.DefaultValidatorExtensionTester.Length_should_create_MaximumLengthValidator" computerName="DORNY-PC" duration="00:00:00.0002942" startTime="2021-01-28T21:34:14.0251143+01:00" endTime="2021-01-28T21:34:14.0251144+01:00" testType="13cdc9d9-ddb5-4fa4-a97d-d965ccfc6d4b" outcome="Passed" testListId="8c84fa94-04c1-424b-9868-57a2d4851a1d" relativeResultsDirectory="980464d6-c2ed-4a51-a390-136f8c4d7132" />
    <UnitTestResult executionId="0fcf5c7c-e8d0-4ca9-9ef1-d937e4342293" testId="5abf884a-299f-ebb7-33c9-bd83d4061ab6" testName="FluentValidation.Tests.RulesetTests.Trims_spaces" computerName="DORNY-PC" duration="00:00:00.0004086" startTime="2021-01-28T21:34:17.2776918+01:00" endTime="2021-01-28T21:34:17.2776926+01:00" testType="13cdc9d9-ddb5-4fa4-a97d-d965ccfc6d4b" outcome="Passed" testListId="8c84fa94-04c1-424b-9868-57a2d4851a1d" relativeResultsDirectory="0fcf5c7c-e8d0-4ca9-9ef1-d937e4342293" />
    <UnitTestResult executionId="b60ba382-deb1-4910-a5ad-a38547e4f247" testId="61572c82-af72-7b0c-455c-436e6a841d9b" testName="FluentValidation.Tests.ValidatorDescriptorTester.Should_retrieve_name_given_to_it_pass_property_as_string" computerName="DORNY-PC" duration="00:00:00.0005729" startTime="2021-01-28T21:34:17.1362586+01:00" endTime="2021-01-28T21:34:17.1362593+01:00" testType="13cdc9d9-ddb5-4fa4-a97d-d965ccfc6d4b" outcome="Passed" testListId="8c84fa94-04c1-424b-9868-57a2d4851a1d" relativeResultsDirectory="b60ba382-deb1-4910-a5ad-a38547e4f247" />
    <UnitTestResult executionId="a5165cbf-7a11-4fbd-a92c-587be99d948c" testId="94f2f6f2-ef25-f80f-121a-41a4838c33c5" testName="FluentValidation.Tests.SharedConditionTests.WhenAsync_condition_only_executed_once" computerName="DORNY-PC" duration="00:00:00.0009200" startTime="2021-01-28T21:34:14.2096867+01:00" endTime="2021-01-28T21:34:14.2096880+01:00" testType="13cdc9d9-ddb5-4fa4-a97d-d965ccfc6d4b" outcome="Passed" testListId="8c84fa94-04c1-424b-9868-57a2d4851a1d" relativeResultsDirectory="a5165cbf-7a11-4fbd-a92c-587be99d948c" />
    <UnitTestResult executionId="dec92e0e-4482-4d08-9d83-63066b677732" testId="5ece07f0-9c7f-519c-6fb6-10a383e232bc" testName="FluentValidation.Tests.ExactLengthValidatorTester.When_the_validator_fails_the_error_message_should_be_set" computerName="DORNY-PC" duration="00:00:00.0002836" startTime="2021-01-28T21:34:14.2460624+01:00" endTime="2021-01-28T21:34:14.2460625+01:00" testType="13cdc9d9-ddb5-4fa4-a97d-d965ccfc6d4b" outcome="Passed" testListId="8c84fa94-04c1-424b-9868-57a2d4851a1d" relativeResultsDirectory="dec92e0e-4482-4d08-9d83-63066b677732" />
    <UnitTestResult executionId="b5c806fc-1409-4dfa-8628-fce893b70a7f" testId="bd747e67-c7ab-5838-35cd-ce74b835443f" testName="FluentValidation.Tests.ExclusiveBetweenValidatorTests.When_the_value_is_between_the_range_specified_then_the_validator_should_pass" computerName="DORNY-PC" duration="00:00:00.0011727" startTime="2021-01-28T21:34:14.1938942+01:00" endTime="2021-01-28T21:34:14.1938948+01:00" testType="13cdc9d9-ddb5-4fa4-a97d-d965ccfc6d4b" outcome="Passed" testListId="8c84fa94-04c1-424b-9868-57a2d4851a1d" relativeResultsDirectory="b5c806fc-1409-4dfa-8628-fce893b70a7f" />
    <UnitTestResult executionId="193fecc2-55d3-4ec3-8120-4a3990671cc1" testId="9f6110b4-a9d2-e00f-1cfb-38ddf94f44e7" testName="FluentValidation.Tests.DefaultValidatorExtensionTester.Must_should_create_PredicteValidator" computerName="DORNY-PC" duration="00:00:00.0004938" startTime="2021-01-28T21:34:14.0593868+01:00" endTime="2021-01-28T21:34:14.0593870+01:00" testType="13cdc9d9-ddb5-4fa4-a97d-d965ccfc6d4b" outcome="Passed" testListId="8c84fa94-04c1-424b-9868-57a2d4851a1d" relativeResultsDirectory="193fecc2-55d3-4ec3-8120-4a3990671cc1" />
    <UnitTestResult executionId="d8907165-e0be-4b52-9b6f-e74285e6acb9" testId="9fd7af1b-5f90-a800-74a0-e78d191c0288" testName="FluentValidation.Tests.RulesetTests.Applies_multiple_rulesets_to_rule" computerName="DORNY-PC" duration="00:00:00.0004398" startTime="2021-01-28T21:34:17.2824194+01:00" endTime="2021-01-28T21:34:17.2824202+01:00" testType="13cdc9d9-ddb5-4fa4-a97d-d965ccfc6d4b" outcome="Passed" testListId="8c84fa94-04c1-424b-9868-57a2d4851a1d" relativeResultsDirectory="d8907165-e0be-4b52-9b6f-e74285e6acb9" />
    <UnitTestResult executionId="54c997a8-b4b3-4fb3-bb2e-d7b436e420bd" testId="be20265f-866b-d688-f052-e1630a8d9ec9" testName="FluentValidation.Tests.EnumValidatorTests.Flags_enum_invalid_when_using_outofrange_negative_value" computerName="DORNY-PC" duration="00:00:00.0007560" startTime="2021-01-28T21:34:17.0057813+01:00" endTime="2021-01-28T21:34:17.0057821+01:00" testType="13cdc9d9-ddb5-4fa4-a97d-d965ccfc6d4b" outcome="Passed" testListId="8c84fa94-04c1-424b-9868-57a2d4851a1d" relativeResultsDirectory="54c997a8-b4b3-4fb3-bb2e-d7b436e420bd" />
    <UnitTestResult executionId="a4d41421-c620-42ab-9643-828faa5a04cd" testId="05cb6f08-7c56-b596-627e-7c040b005432" testName="FluentValidation.Tests.PredicateValidatorTester.When_validation_fails_the_default_error_should_be_set" computerName="DORNY-PC" duration="00:00:00.0004204" startTime="2021-01-28T21:34:17.3082652+01:00" endTime="2021-01-28T21:34:17.3082660+01:00" testType="13cdc9d9-ddb5-4fa4-a97d-d965ccfc6d4b" outcome="Passed" testListId="8c84fa94-04c1-424b-9868-57a2d4851a1d" relativeResultsDirectory="a4d41421-c620-42ab-9643-828faa5a04cd" />
    <UnitTestResult executionId="f0c962bf-95a4-4241-aafe-f31756999313" testId="c8de0939-1a79-d0a5-a87a-1bdc3f67d552" testName="FluentValidation.Tests.EmailValidatorTests.Fails_email_validation_aspnetcore_compatible(email: &quot;someName@&quot;)" computerName="DORNY-PC" duration="00:00:00.0000227" startTime="2021-01-28T21:34:16.9190197+01:00" endTime="2021-01-28T21:34:16.9190199+01:00" testType="13cdc9d9-ddb5-4fa4-a97d-d965ccfc6d4b" outcome="Passed" testListId="8c84fa94-04c1-424b-9868-57a2d4851a1d" relativeResultsDirectory="f0c962bf-95a4-4241-aafe-f31756999313" />
    <UnitTestResult executionId="e29a8089-c208-4561-a456-57d447532772" testId="cc23ab8e-fa8a-c0d1-a4ed-d6df5de91a12" testName="FluentValidation.Tests.LengthValidatorTests.When_input_is_null_then_the_validator_should_pass" computerName="DORNY-PC" duration="00:00:00.0003520" startTime="2021-01-28T21:34:14.0742491+01:00" endTime="2021-01-28T21:34:14.0742503+01:00" testType="13cdc9d9-ddb5-4fa4-a97d-d965ccfc6d4b" outcome="Passed" testListId="8c84fa94-04c1-424b-9868-57a2d4851a1d" relativeResultsDirectory="e29a8089-c208-4561-a456-57d447532772" />
    <UnitTestResult executionId="077f7005-a4f7-40ad-82b7-8ccddaa68d1f" testId="623442a2-ca81-6536-95a0-b29f841d610b" testName="FluentValidation.Tests.CascadingFailuresTester.Cascade_mode_can_be_set_after_validator_instantiated_async" computerName="DORNY-PC" duration="00:00:00.0008338" startTime="2021-01-28T21:34:14.1761967+01:00" endTime="2021-01-28T21:34:14.1761988+01:00" testType="13cdc9d9-ddb5-4fa4-a97d-d965ccfc6d4b" outcome="Passed" testListId="8c84fa94-04c1-424b-9868-57a2d4851a1d" relativeResultsDirectory="077f7005-a4f7-40ad-82b7-8ccddaa68d1f" />
    <UnitTestResult executionId="fa0712e7-d7be-4723-9ce0-68f0ab99bca5" testId="3a01ab69-c6af-8082-e8b6-fa931bddd4f3" testName="FluentValidation.Tests.ModelLevelValidatorTests.Can_use_child_validator_at_model_level" computerName="DORNY-PC" duration="00:00:00.0004502" startTime="2021-01-28T21:34:17.2984778+01:00" endTime="2021-01-28T21:34:17.2984786+01:00" testType="13cdc9d9-ddb5-4fa4-a97d-d965ccfc6d4b" outcome="Passed" testListId="8c84fa94-04c1-424b-9868-57a2d4851a1d" relativeResultsDirectory="fa0712e7-d7be-4723-9ce0-68f0ab99bca5" />
    <UnitTestResult executionId="e20ba2cc-4766-4f8d-b70d-e8032435e735" testId="a50ca4dd-43a8-3c97-d595-a23d4f561f1b" testName="FluentValidation.Tests.ChainedValidationTester.Separate_validation_on_chained_property_conditional" computerName="DORNY-PC" duration="00:00:00.0002104" startTime="2021-01-28T21:34:17.3298267+01:00" endTime="2021-01-28T21:34:17.3298274+01:00" testType="13cdc9d9-ddb5-4fa4-a97d-d965ccfc6d4b" outcome="Passed" testListId="8c84fa94-04c1-424b-9868-57a2d4851a1d" relativeResultsDirectory="e20ba2cc-4766-4f8d-b70d-e8032435e735" />
    <UnitTestResult executionId="3b4cfb8a-7a3d-4aa1-b794-1e226f50f253" testId="d2cccbb5-0551-4e6c-64f9-c40f2ccee626" testName="FluentValidation.Tests.ExclusiveBetweenValidatorTests.When_the_value_is_smaller_than_the_range_then_the_validator_should_fail" computerName="DORNY-PC" duration="00:00:00.0002469" startTime="2021-01-28T21:34:14.1896545+01:00" endTime="2021-01-28T21:34:14.1896553+01:00" testType="13cdc9d9-ddb5-4fa4-a97d-d965ccfc6d4b" outcome="Passed" testListId="8c84fa94-04c1-424b-9868-57a2d4851a1d" relativeResultsDirectory="3b4cfb8a-7a3d-4aa1-b794-1e226f50f253" />
    <UnitTestResult executionId="6638b7d8-3abb-4390-b95f-9dd28ac586c4" testId="f6c402b0-b3f5-d01a-976d-aeca876482b2" testName="FluentValidation.Tests.EnumValidatorTests.Flags_enum_invalid_when_using_outofrange_positive_value" computerName="DORNY-PC" duration="00:00:00.0007806" startTime="2021-01-28T21:34:17.0102507+01:00" endTime="2021-01-28T21:34:17.0102516+01:00" testType="13cdc9d9-ddb5-4fa4-a97d-d965ccfc6d4b" outcome="Passed" testListId="8c84fa94-04c1-424b-9868-57a2d4851a1d" relativeResultsDirectory="6638b7d8-3abb-4390-b95f-9dd28ac586c4" />
    <UnitTestResult executionId="cc957426-3466-4be9-be29-1e64d7b1c6d3" testId="69cdcd68-7875-6260-33aa-078204c9da14" testName="FluentValidation.Tests.ValidatorTesterTester.ShouldHaveValidationError_should_not_throw_when_there_are_errors_with_preconstructed_object" computerName="DORNY-PC" duration="00:00:00.0006462" startTime="2021-01-28T21:34:16.8857349+01:00" endTime="2021-01-28T21:34:16.8857359+01:00" testType="13cdc9d9-ddb5-4fa4-a97d-d965ccfc6d4b" outcome="Passed" testListId="8c84fa94-04c1-424b-9868-57a2d4851a1d" relativeResultsDirectory="cc957426-3466-4be9-be29-1e64d7b1c6d3" />
    <UnitTestResult executionId="27e39a4d-f2c4-4ad2-844d-b968965b75aa" testId="b12d10f0-84f0-2d22-0355-8584af8a5822" testName="FluentValidation.Tests.ScalePrecisionValidatorTests.Scale_precision_should_not_be_valid_when_they_are_equal" computerName="DORNY-PC" duration="00:00:00.0004406" startTime="2021-01-28T21:34:14.2778908+01:00" endTime="2021-01-28T21:34:14.2778914+01:00" testType="13cdc9d9-ddb5-4fa4-a97d-d965ccfc6d4b" outcome="Passed" testListId="8c84fa94-04c1-424b-9868-57a2d4851a1d" relativeResultsDirectory="27e39a4d-f2c4-4ad2-844d-b968965b75aa" />
    <UnitTestResult executionId="5e4e1bed-0bf6-4ea3-a9c8-57155eaa389c" testId="e17c8275-492f-f350-f9ce-532f40898099" testName="FluentValidation.Tests.AbstractValidatorTester.Validates_single_property_by_path" computerName="DORNY-PC" duration="00:00:00.0004851" startTime="2021-01-28T21:34:17.2630023+01:00" endTime="2021-01-28T21:34:17.2630031+01:00" testType="13cdc9d9-ddb5-4fa4-a97d-d965ccfc6d4b" outcome="Passed" testListId="8c84fa94-04c1-424b-9868-57a2d4851a1d" relativeResultsDirectory="5e4e1bed-0bf6-4ea3-a9c8-57155eaa389c" />
    <UnitTestResult executionId="469b50ea-0af4-40a4-baca-5c4de5681493" testId="18045338-baa5-59a8-e196-762b114c3b83" testName="FluentValidation.Tests.RuleBuilderTests.Should_throw_when_async_inverse_predicate_is_null" computerName="DORNY-PC" duration="00:00:00.0003540" startTime="2021-01-28T21:34:17.1123750+01:00" endTime="2021-01-28T21:34:17.1123758+01:00" testType="13cdc9d9-ddb5-4fa4-a97d-d965ccfc6d4b" outcome="Passed" testListId="8c84fa94-04c1-424b-9868-57a2d4851a1d" relativeResultsDirectory="469b50ea-0af4-40a4-baca-5c4de5681493" />
    <UnitTestResult executionId="e271c366-3ef5-4636-bc08-dd55e9843533" testId="463ec1ff-6588-57aa-ffd5-d403d766b3d0" testName="FluentValidation.Tests.RuleBuilderTests.Should_throw_when_inverse_context_predicate_is_null" computerName="DORNY-PC" duration="00:00:00.0003354" startTime="2021-01-28T21:34:17.1115376+01:00" endTime="2021-01-28T21:34:17.1115384+01:00" testType="13cdc9d9-ddb5-4fa4-a97d-d965ccfc6d4b" outcome="Passed" testListId="8c84fa94-04c1-424b-9868-57a2d4851a1d" relativeResultsDirectory="e271c366-3ef5-4636-bc08-dd55e9843533" />
    <UnitTestResult executionId="72d9e6a3-9e0b-4137-89b0-9cc8b3d78e6d" testId="415a6e80-1f0c-edf9-76aa-b3a1c1dbeb8c" testName="FluentValidation.Tests.ValidatorTesterTester.ShouldHaveValidationError_should_not_throw_when_there_are_validation_errors_ruleforeach" computerName="DORNY-PC" duration="00:00:00.0008097" startTime="2021-01-28T21:34:16.9069105+01:00" endTime="2021-01-28T21:34:16.9069114+01:00" testType="13cdc9d9-ddb5-4fa4-a97d-d965ccfc6d4b" outcome="Passed" testListId="8c84fa94-04c1-424b-9868-57a2d4851a1d" relativeResultsDirectory="72d9e6a3-9e0b-4137-89b0-9cc8b3d78e6d" />
    <UnitTestResult executionId="1eedf589-c393-4077-92d9-7141a799e6e2" testId="7cc54eeb-fcb9-774f-96d8-7555855db6e6" testName="FluentValidation.Tests.CascadingFailuresTester.Validation_continues_to_second_validator_when_first_validator_succeeds_and_cascade_set_to_stop_async_legacy" computerName="DORNY-PC" duration="00:00:00.0011758" startTime="2021-01-28T21:34:14.1646295+01:00" endTime="2021-01-28T21:34:14.1646321+01:00" testType="13cdc9d9-ddb5-4fa4-a97d-d965ccfc6d4b" outcome="Passed" testListId="8c84fa94-04c1-424b-9868-57a2d4851a1d" relativeResultsDirectory="1eedf589-c393-4077-92d9-7141a799e6e2" />
    <UnitTestResult executionId="a67085e6-5fb3-4b05-b2ce-d3150e8d858c" testId="b54be9b4-9012-92e2-9afd-481d374fa5fd" testName="FluentValidation.Tests.InheritanceValidatorTest.Validates_collection" computerName="DORNY-PC" duration="00:00:00.0006633" startTime="2021-01-28T21:34:14.1515392+01:00" endTime="2021-01-28T21:34:14.1515407+01:00" testType="13cdc9d9-ddb5-4fa4-a97d-d965ccfc6d4b" outcome="Passed" testListId="8c84fa94-04c1-424b-9868-57a2d4851a1d" relativeResultsDirectory="a67085e6-5fb3-4b05-b2ce-d3150e8d858c" />
    <UnitTestResult executionId="ed22f482-af2d-4ec9-bf9c-dfdb1fbe54ee" testId="d61508c8-c0fd-2369-afbb-ae8012ec2d7c" testName="FluentValidation.Tests.RuleBuilderTests.Should_throw_when_context_predicate_is_null" computerName="DORNY-PC" duration="00:00:00.0001421" startTime="2021-01-28T21:34:17.0360960+01:00" endTime="2021-01-28T21:34:17.0360967+01:00" testType="13cdc9d9-ddb5-4fa4-a97d-d965ccfc6d4b" outcome="Passed" testListId="8c84fa94-04c1-424b-9868-57a2d4851a1d" relativeResultsDirectory="ed22f482-af2d-4ec9-bf9c-dfdb1fbe54ee" />
    <UnitTestResult executionId="f9dfc35c-53d9-40b9-8be0-fd055a4a917c" testId="22bdb9de-d2dd-5c91-28e6-f1c39b395770" testName="FluentValidation.Tests.EqualValidatorTests.When_validation_fails_the_error_should_be_set" computerName="DORNY-PC" duration="00:00:00.0002300" startTime="2021-01-28T21:34:17.1891262+01:00" endTime="2021-01-28T21:34:17.1891269+01:00" testType="13cdc9d9-ddb5-4fa4-a97d-d965ccfc6d4b" outcome="Passed" testListId="8c84fa94-04c1-424b-9868-57a2d4851a1d" relativeResultsDirectory="f9dfc35c-53d9-40b9-8be0-fd055a4a917c" />
    <UnitTestResult executionId="67f051a6-cb77-4b0f-9789-c81852966225" testId="af9a2b1c-53fb-7c22-891e-b840907e2209" testName="FluentValidation.Tests.LessThanValidatorTester.Should_throw_when_value_to_compare_is_null" computerName="DORNY-PC" duration="00:00:00.0002891" startTime="2021-01-28T21:34:16.8063894+01:00" endTime="2021-01-28T21:34:16.8063902+01:00" testType="13cdc9d9-ddb5-4fa4-a97d-d965ccfc6d4b" outcome="Passed" testListId="8c84fa94-04c1-424b-9868-57a2d4851a1d" relativeResultsDirectory="67f051a6-cb77-4b0f-9789-c81852966225" />
    <UnitTestResult executionId="d9f0d4ed-4f48-4258-9d41-d9cdb7b1fe4d" testId="bb2684b4-7880-3710-9cd2-b646a98afa50" testName="FluentValidation.Tests.LengthValidatorTests.When_the_text_is_between_the_lambda_range_specified_then_the_validator_should_pass" computerName="DORNY-PC" duration="00:00:00.0009200" startTime="2021-01-28T21:34:14.0708523+01:00" endTime="2021-01-28T21:34:14.0708549+01:00" testType="13cdc9d9-ddb5-4fa4-a97d-d965ccfc6d4b" outcome="Passed" testListId="8c84fa94-04c1-424b-9868-57a2d4851a1d" relativeResultsDirectory="d9f0d4ed-4f48-4258-9d41-d9cdb7b1fe4d" />
    <UnitTestResult executionId="3265b47e-8c90-4770-8328-4c2a27325c17" testId="a8cf9597-b792-9cd2-2801-8f319d7423b8" testName="FluentValidation.Tests.NotNullTester.Fails_when_nullable_value_type_is_null" computerName="DORNY-PC" duration="00:00:00.0003908" startTime="2021-01-28T21:34:17.1464407+01:00" endTime="2021-01-28T21:34:17.1464417+01:00" testType="13cdc9d9-ddb5-4fa4-a97d-d965ccfc6d4b" outcome="Passed" testListId="8c84fa94-04c1-424b-9868-57a2d4851a1d" relativeResultsDirectory="3265b47e-8c90-4770-8328-4c2a27325c17" />
    <UnitTestResult executionId="924693f9-7b18-46ec-b00a-3e179a12fba3" testId="28d946a5-b715-8749-2aff-e56db131a623" testName="FluentValidation.Tests.ValidateAndThrowTester.Does_not_throw_when_valid_async" computerName="DORNY-PC" duration="00:00:00.0010140" startTime="2021-01-28T21:34:17.1652847+01:00" endTime="2021-01-28T21:34:17.1652855+01:00" testType="13cdc9d9-ddb5-4fa4-a97d-d965ccfc6d4b" outcome="Passed" testListId="8c84fa94-04c1-424b-9868-57a2d4851a1d" relativeResultsDirectory="924693f9-7b18-46ec-b00a-3e179a12fba3" />
    <UnitTestResult executionId="44c33f18-61e8-465d-b8a2-2da7ee79a11d" testId="1a91a95c-1367-a621-74b2-ef0383bae22b" testName="FluentValidation.Tests.StringEnumValidatorTests.When_the_property_is_initialized_with_null_then_the_validator_should_be_valid" computerName="DORNY-PC" duration="00:00:00.0000870" startTime="2021-01-28T21:34:14.1242524+01:00" endTime="2021-01-28T21:34:14.1242531+01:00" testType="13cdc9d9-ddb5-4fa4-a97d-d965ccfc6d4b" outcome="Passed" testListId="8c84fa94-04c1-424b-9868-57a2d4851a1d" relativeResultsDirectory="44c33f18-61e8-465d-b8a2-2da7ee79a11d" />
    <UnitTestResult executionId="fac951c5-94b9-4a23-8f8f-e8deec2a7279" testId="bf7431d9-b64a-8a6d-cfdc-456f6c2280f0" testName="FluentValidation.Tests.ValidatorTesterTester.ShouldHaveValidationError_should_not_throw_when_there_are_validation_errors__WhenAsyn_is_used(age: 42, cardNumber: &quot;&quot;)" computerName="DORNY-PC" duration="00:00:00.0006089" startTime="2021-01-28T21:34:16.8982596+01:00" endTime="2021-01-28T21:34:16.8982604+01:00" testType="13cdc9d9-ddb5-4fa4-a97d-d965ccfc6d4b" outcome="Passed" testListId="8c84fa94-04c1-424b-9868-57a2d4851a1d" relativeResultsDirectory="fac951c5-94b9-4a23-8f8f-e8deec2a7279" />
    <UnitTestResult executionId="bf6edfeb-2859-4b8e-b632-7bf8b6c2bdb0" testId="adf509e8-c4e8-3dcd-e3d9-d5adebd3c004" testName="FluentValidation.Tests.LanguageManagerTests.Gets_translation_for_serbian_culture(cultureName: &quot;sr-Latn&quot;)" computerName="DORNY-PC" duration="00:00:00.0000484" startTime="2021-01-28T21:34:16.9416181+01:00" endTime="2021-01-28T21:34:16.9416188+01:00" testType="13cdc9d9-ddb5-4fa4-a97d-d965ccfc6d4b" outcome="Passed" testListId="8c84fa94-04c1-424b-9868-57a2d4851a1d" relativeResultsDirectory="bf6edfeb-2859-4b8e-b632-7bf8b6c2bdb0" />
    <UnitTestResult executionId="aff7ac41-98b3-4274-b952-5ae49427dbfa" testId="04cbd2d3-6076-c918-0fc1-0ee672556a2c" testName="FluentValidation.Tests.ExclusiveBetweenValidatorTests.When_the_value_is_smaller_than_the_range_then_the_validator_should_fail_for_strings" computerName="DORNY-PC" duration="00:00:00.0002367" startTime="2021-01-28T21:34:14.1912557+01:00" endTime="2021-01-28T21:34:14.1912568+01:00" testType="13cdc9d9-ddb5-4fa4-a97d-d965ccfc6d4b" outcome="Passed" testListId="8c84fa94-04c1-424b-9868-57a2d4851a1d" relativeResultsDirectory="aff7ac41-98b3-4274-b952-5ae49427dbfa" />
    <UnitTestResult executionId="b01dadd6-8cb4-44cb-94d6-d6fd3239c310" testId="3d01c760-21aa-7d57-094b-857206de0144" testName="FluentValidation.Tests.PropertyChainTests.Should_be_subchain" computerName="DORNY-PC" duration="00:00:00.0001203" startTime="2021-01-28T21:34:17.3154603+01:00" endTime="2021-01-28T21:34:17.3154606+01:00" testType="13cdc9d9-ddb5-4fa4-a97d-d965ccfc6d4b" outcome="Passed" testListId="8c84fa94-04c1-424b-9868-57a2d4851a1d" relativeResultsDirectory="b01dadd6-8cb4-44cb-94d6-d6fd3239c310" />
    <UnitTestResult executionId="6fdaa797-ba39-4a0a-9d93-25e97542d75b" testId="934aec9a-f550-3f74-8718-962649e063b0" testName="FluentValidation.Tests.NotEqualValidatorTests.When_the_objects_are_equal_then_the_validator_should_fail" computerName="DORNY-PC" duration="00:00:00.0002655" startTime="2021-01-28T21:34:14.2576985+01:00" endTime="2021-01-28T21:34:14.2576999+01:00" testType="13cdc9d9-ddb5-4fa4-a97d-d965ccfc6d4b" outcome="Passed" testListId="8c84fa94-04c1-424b-9868-57a2d4851a1d" relativeResultsDirectory="6fdaa797-ba39-4a0a-9d93-25e97542d75b" />
    <UnitTestResult executionId="02d9f9dd-077e-41b3-9bf2-45ae8620921e" testId="c04c279a-5aaa-475f-cd8a-ecac73f8f05d" testName="FluentValidation.Tests.EqualValidatorTests.When_the_objects_are_not_equal_validation_should_fail" computerName="DORNY-PC" duration="00:00:00.0002192" startTime="2021-01-28T21:34:17.1902695+01:00" endTime="2021-01-28T21:34:17.1902703+01:00" testType="13cdc9d9-ddb5-4fa4-a97d-d965ccfc6d4b" outcome="Passed" testListId="8c84fa94-04c1-424b-9868-57a2d4851a1d" relativeResultsDirectory="02d9f9dd-077e-41b3-9bf2-45ae8620921e" />
    <UnitTestResult executionId="0eb9599d-5e4b-498a-bcb3-f22d2e0c6ccc" testId="d8d413c5-5d64-7ca2-89ca-58fef6517eb5" testName="FluentValidation.Tests.EmptyTester.Passes_for_ienumerable_that_doesnt_implement_ICollection" computerName="DORNY-PC" duration="00:00:00.0030376" startTime="2021-01-28T21:34:17.1535748+01:00" endTime="2021-01-28T21:34:17.1535759+01:00" testType="13cdc9d9-ddb5-4fa4-a97d-d965ccfc6d4b" outcome="Passed" testListId="8c84fa94-04c1-424b-9868-57a2d4851a1d" relativeResultsDirectory="0eb9599d-5e4b-498a-bcb3-f22d2e0c6ccc" />
    <UnitTestResult executionId="cc4da5ac-91d8-47bc-8b17-65dc5cfe2336" testId="7cecbd72-4fa4-cc01-939a-21154b938cd3" testName="FluentValidation.Tests.StringEnumValidatorTests.When_enumType_is_not_an_enum_it_should_throw" computerName="DORNY-PC" duration="00:00:00.0004576" startTime="2021-01-28T21:34:14.1277652+01:00" endTime="2021-01-28T21:34:14.1277660+01:00" testType="13cdc9d9-ddb5-4fa4-a97d-d965ccfc6d4b" outcome="Passed" testListId="8c84fa94-04c1-424b-9868-57a2d4851a1d" relativeResultsDirectory="cc4da5ac-91d8-47bc-8b17-65dc5cfe2336" />
    <UnitTestResult executionId="b03de8a7-7594-4f25-8dd2-7168f754a2a8" testId="0009af25-bec8-4f03-f9aa-955632d8f5d0" testName="FluentValidation.Tests.EnumValidatorTests.When_validation_fails_the_default_error_should_be_set" computerName="DORNY-PC" duration="00:00:00.0001061" startTime="2021-01-28T21:34:17.0066350+01:00" endTime="2021-01-28T21:34:17.0066357+01:00" testType="13cdc9d9-ddb5-4fa4-a97d-d965ccfc6d4b" outcome="Passed" testListId="8c84fa94-04c1-424b-9868-57a2d4851a1d" relativeResultsDirectory="b03de8a7-7594-4f25-8dd2-7168f754a2a8" />
    <UnitTestResult executionId="c5616f62-fd11-4321-ba12-ee84cc0fe72f" testId="1ccd26b5-388b-831c-b808-c340f85b8665" testName="FluentValidation.Tests.ConditionTests.Async_condition_executed_synchronosuly_with_synchronous_role" computerName="DORNY-PC" duration="00:00:00.0003076" startTime="2021-01-28T21:34:17.2888108+01:00" endTime="2021-01-28T21:34:17.2888117+01:00" testType="13cdc9d9-ddb5-4fa4-a97d-d965ccfc6d4b" outcome="Passed" testListId="8c84fa94-04c1-424b-9868-57a2d4851a1d" relativeResultsDirectory="c5616f62-fd11-4321-ba12-ee84cc0fe72f" />
    <UnitTestResult executionId="0236406c-28ee-43f3-97b2-bea941f67928" testId="ab8c209f-3f05-6efb-2f32-19242524cb78" testName="FluentValidation.Tests.ValidatorTesterTester.Tests_nested_property" computerName="DORNY-PC" duration="00:00:00.0004914" startTime="2021-01-28T21:34:16.9074458+01:00" endTime="2021-01-28T21:34:16.9074467+01:00" testType="13cdc9d9-ddb5-4fa4-a97d-d965ccfc6d4b" outcome="Passed" testListId="8c84fa94-04c1-424b-9868-57a2d4851a1d" relativeResultsDirectory="0236406c-28ee-43f3-97b2-bea941f67928" />
    <UnitTestResult executionId="d5c176e0-4f50-49af-9cf7-6fe637980924" testId="b8f5f4f5-0941-d005-a9ba-f058eb7b64af" testName="FluentValidation.Tests.ForEachRuleTests.Validates_child_validator_asynchronously" computerName="DORNY-PC" duration="00:00:00.0007232" startTime="2021-01-28T21:34:17.2003604+01:00" endTime="2021-01-28T21:34:17.2003616+01:00" testType="13cdc9d9-ddb5-4fa4-a97d-d965ccfc6d4b" outcome="Passed" testListId="8c84fa94-04c1-424b-9868-57a2d4851a1d" relativeResultsDirectory="d5c176e0-4f50-49af-9cf7-6fe637980924" />
    <UnitTestResult executionId="956aef3f-1397-4f69-8bcb-1f5c3b926bfb" testId="3fc234b7-f5d5-8129-6d3e-4397a874d997" testName="FluentValidation.Tests.ChainedValidationTester.Separate_validation_on_chained_property" computerName="DORNY-PC" duration="00:00:00.0013680" startTime="2021-01-28T21:34:17.3288006+01:00" endTime="2021-01-28T21:34:17.3288019+01:00" testType="13cdc9d9-ddb5-4fa4-a97d-d965ccfc6d4b" outcome="Passed" testListId="8c84fa94-04c1-424b-9868-57a2d4851a1d" relativeResultsDirectory="956aef3f-1397-4f69-8bcb-1f5c3b926bfb" />
    <UnitTestResult executionId="581b6fd7-2c5f-4c5e-b95a-24bf10e36793" testId="18a4ce1b-56cd-a2b9-7bba-1352b51581bf" testName="FluentValidation.Tests.RuleDependencyTests.TestAsyncWithDependentRules_SyncEntry" computerName="DORNY-PC" duration="00:00:00.0013846" startTime="2021-01-28T21:34:16.7961140+01:00" endTime="2021-01-28T21:34:16.7961156+01:00" testType="13cdc9d9-ddb5-4fa4-a97d-d965ccfc6d4b" outcome="Passed" testListId="8c84fa94-04c1-424b-9868-57a2d4851a1d" relativeResultsDirectory="581b6fd7-2c5f-4c5e-b95a-24bf10e36793" />
    <UnitTestResult executionId="e9ce9e1b-241a-425e-beb2-aeb495dfd909" testId="2a4f2ac6-a10b-11a5-db10-2d2276205ebc" testName="FluentValidation.Tests.ConditionTests.Async_condition_is_applied_to_all_validators_in_the_chain" computerName="DORNY-PC" duration="00:00:00.0008144" startTime="2021-01-28T21:34:17.2916701+01:00" endTime="2021-01-28T21:34:17.2916710+01:00" testType="13cdc9d9-ddb5-4fa4-a97d-d965ccfc6d4b" outcome="Passed" testListId="8c84fa94-04c1-424b-9868-57a2d4851a1d" relativeResultsDirectory="e9ce9e1b-241a-425e-beb2-aeb495dfd909" />
    <UnitTestResult executionId="7015b770-1d1c-4403-aff9-f6cdc30fa357" testId="c7c7e6d1-7dcd-38ea-14e9-28ada58706a9" testName="FluentValidation.Tests.ValidatorTesterTester.Unexpected_message_check(withoutErrMsg: &quot;bar&quot;, errMessages: [&quot;bar&quot;])" computerName="DORNY-PC" duration="00:00:00.0001548" startTime="2021-01-28T21:34:16.8797671+01:00" endTime="2021-01-28T21:34:16.8797677+01:00" testType="13cdc9d9-ddb5-4fa4-a97d-d965ccfc6d4b" outcome="Passed" testListId="8c84fa94-04c1-424b-9868-57a2d4851a1d" relativeResultsDirectory="7015b770-1d1c-4403-aff9-f6cdc30fa357" />
    <UnitTestResult executionId="c582c12f-5ccf-4c5a-8af9-90cdb5304d88" testId="5c1fd4c8-a815-0cd7-7523-17032c4a8a84" testName="FluentValidation.Tests.ValidatorTesterTester.ShouldNotHaveValidationError_model_async" computerName="DORNY-PC" duration="00:00:00.0012782" startTime="2021-01-28T21:34:16.8838293+01:00" endTime="2021-01-28T21:34:16.8838301+01:00" testType="13cdc9d9-ddb5-4fa4-a97d-d965ccfc6d4b" outcome="Passed" testListId="8c84fa94-04c1-424b-9868-57a2d4851a1d" relativeResultsDirectory="c582c12f-5ccf-4c5a-8af9-90cdb5304d88" />
    <UnitTestResult executionId="e5a3fbec-f1ec-448b-95db-07562b346a95" testId="1ea95406-0526-3d73-1270-14672e58dfd0" testName="FluentValidation.Tests.ValidatorTesterTester.Expected_message_argument_check" computerName="DORNY-PC" duration="00:00:00.0009659" startTime="2021-01-28T21:34:16.8966890+01:00" endTime="2021-01-28T21:34:16.8966897+01:00" testType="13cdc9d9-ddb5-4fa4-a97d-d965ccfc6d4b" outcome="Passed" testListId="8c84fa94-04c1-424b-9868-57a2d4851a1d" relativeResultsDirectory="e5a3fbec-f1ec-448b-95db-07562b346a95" />
    <UnitTestResult executionId="8df192dd-de39-4154-9d50-e4c64c5280f9" testId="a42c1899-00ae-b158-e33f-6ed8a40870bd" testName="FluentValidation.Tests.ValidatorDescriptorTester.Does_not_throw_when_rule_declared_without_property" computerName="DORNY-PC" duration="00:00:00.0001726" startTime="2021-01-28T21:34:17.1364666+01:00" endTime="2021-01-28T21:34:17.1364673+01:00" testType="13cdc9d9-ddb5-4fa4-a97d-d965ccfc6d4b" outcome="Passed" testListId="8c84fa94-04c1-424b-9868-57a2d4851a1d" relativeResultsDirectory="8df192dd-de39-4154-9d50-e4c64c5280f9" />
    <UnitTestResult executionId="af986789-ddd2-44c8-a4e7-5bcc6d2fbf36" testId="4ae20fc3-4c3a-b5f5-16b4-01ceebdbbd28" testName="FluentValidation.Tests.ConditionTests.Async_condition_executed_synchronosuly_with_asynchronous_rule" computerName="DORNY-PC" duration="00:00:00.0002385" startTime="2021-01-28T21:34:17.2894352+01:00" endTime="2021-01-28T21:34:17.2894357+01:00" testType="13cdc9d9-ddb5-4fa4-a97d-d965ccfc6d4b" outcome="Passed" testListId="8c84fa94-04c1-424b-9868-57a2d4851a1d" relativeResultsDirectory="af986789-ddd2-44c8-a4e7-5bcc6d2fbf36" />
    <UnitTestResult executionId="9e5f896c-6ec5-45a5-8b00-858ff90787c9" testId="25708d6b-8c71-05f6-05f8-af87ac7058ba" testName="FluentValidation.Tests.CascadingFailuresTester.Validation_continues_on_failure_when_set_to_StopOnFirstFailure_at_validator_level_and_overriden_at_rule_level_async_legacy" computerName="DORNY-PC" duration="00:00:00.0010468" startTime="2021-01-28T21:34:14.1775717+01:00" endTime="2021-01-28T21:34:14.1775732+01:00" testType="13cdc9d9-ddb5-4fa4-a97d-d965ccfc6d4b" outcome="Passed" testListId="8c84fa94-04c1-424b-9868-57a2d4851a1d" relativeResultsDirectory="9e5f896c-6ec5-45a5-8b00-858ff90787c9" />
    <UnitTestResult executionId="a6f837c7-1d88-484d-83ac-85c94b6f869f" testId="20972a3c-a0dd-bee9-5885-2e2e8e294327" testName="FluentValidation.Tests.CollectionValidatorWithParentTests.Validates_collection_several_levels_deep" computerName="DORNY-PC" duration="00:00:00.0011437" startTime="2021-01-28T21:34:17.0202033+01:00" endTime="2021-01-28T21:34:17.0202041+01:00" testType="13cdc9d9-ddb5-4fa4-a97d-d965ccfc6d4b" outcome="Passed" testListId="8c84fa94-04c1-424b-9868-57a2d4851a1d" relativeResultsDirectory="a6f837c7-1d88-484d-83ac-85c94b6f869f" />
    <UnitTestResult executionId="19666810-66e9-44ce-96dd-063e6176edc2" testId="b055da6f-c520-742c-87d7-1396435a7193" testName="FluentValidation.Tests.ExclusiveBetweenValidatorTests.Validates_with_nullable_when_property_is_null" computerName="DORNY-PC" duration="00:00:00.0002242" startTime="2021-01-28T21:34:14.1900341+01:00" endTime="2021-01-28T21:34:14.1900350+01:00" testType="13cdc9d9-ddb5-4fa4-a97d-d965ccfc6d4b" outcome="Passed" testListId="8c84fa94-04c1-424b-9868-57a2d4851a1d" relativeResultsDirectory="19666810-66e9-44ce-96dd-063e6176edc2" />
    <UnitTestResult executionId="1deb3721-c9c7-4e71-b963-d118b66a652f" testId="118a707b-3031-ffd0-a638-39b029400449" testName="FluentValidation.Tests.EmptyTester.When_value_is_whitespace_validation_should_pass" computerName="DORNY-PC" duration="00:00:00.0001968" startTime="2021-01-28T21:34:17.1554736+01:00" endTime="2021-01-28T21:34:17.1554743+01:00" testType="13cdc9d9-ddb5-4fa4-a97d-d965ccfc6d4b" outcome="Passed" testListId="8c84fa94-04c1-424b-9868-57a2d4851a1d" relativeResultsDirectory="1deb3721-c9c7-4e71-b963-d118b66a652f" />
    <UnitTestResult executionId="c086532a-813e-4667-a691-c80c99655e22" testId="07ef1df0-5005-7aad-52ef-2eb1b7a98959" testName="FluentValidation.Tests.LanguageManagerTests.Disables_localization" computerName="DORNY-PC" duration="00:00:00.0001637" startTime="2021-01-28T21:34:16.9682722+01:00" endTime="2021-01-28T21:34:16.9682729+01:00" testType="13cdc9d9-ddb5-4fa4-a97d-d965ccfc6d4b" outcome="Passed" testListId="8c84fa94-04c1-424b-9868-57a2d4851a1d" relativeResultsDirectory="c086532a-813e-4667-a691-c80c99655e22" />
    <UnitTestResult executionId="7d3a5ffc-9d80-4b4d-ba3b-6955045a3671" testId="5e3070c7-41dc-677c-369b-1aedbd0e1f62" testName="FluentValidation.Tests.CustomMessageFormatTester.Uses_property_value_in_message" computerName="DORNY-PC" duration="00:00:00.0008185" startTime="2021-01-28T21:34:14.2482961+01:00" endTime="2021-01-28T21:34:14.2482970+01:00" testType="13cdc9d9-ddb5-4fa4-a97d-d965ccfc6d4b" outcome="Passed" testListId="8c84fa94-04c1-424b-9868-57a2d4851a1d" relativeResultsDirectory="7d3a5ffc-9d80-4b4d-ba3b-6955045a3671" />
    <UnitTestResult executionId="a58f15e6-703d-4042-89c1-f9f34fd36eab" testId="1b95e1da-3b24-3f6c-bfda-ac63c12010db" testName="FluentValidation.Tests.LessThanOrEqualToValidatorTester.Comparison_type" computerName="DORNY-PC" duration="00:00:00.0001094" startTime="2021-01-28T21:34:17.2438250+01:00" endTime="2021-01-28T21:34:17.2438257+01:00" testType="13cdc9d9-ddb5-4fa4-a97d-d965ccfc6d4b" outcome="Passed" testListId="8c84fa94-04c1-424b-9868-57a2d4851a1d" relativeResultsDirectory="a58f15e6-703d-4042-89c1-f9f34fd36eab" />
    <UnitTestResult executionId="a8e9fd4a-c983-4f98-af49-c71b081ded5f" testId="ddbf484e-3870-2ac0-7c19-4020e9dd9706" testName="FluentValidation.Tests.SharedConditionTests.When_condition_only_executed_once" computerName="DORNY-PC" duration="00:00:00.0004167" startTime="2021-01-28T21:34:14.2057688+01:00" endTime="2021-01-28T21:34:14.2057703+01:00" testType="13cdc9d9-ddb5-4fa4-a97d-d965ccfc6d4b" outcome="Passed" testListId="8c84fa94-04c1-424b-9868-57a2d4851a1d" relativeResultsDirectory="a8e9fd4a-c983-4f98-af49-c71b081ded5f" />
    <UnitTestResult executionId="55233804-3497-4f16-97ac-92de2a10ba65" testId="0e48273b-694c-18f2-f7ae-524674afcc14" testName="FluentValidation.Tests.PropertyChainTests.Should_not_be_subchain" computerName="DORNY-PC" duration="00:00:00.0000503" startTime="2021-01-28T21:34:17.3155868+01:00" endTime="2021-01-28T21:34:17.3155870+01:00" testType="13cdc9d9-ddb5-4fa4-a97d-d965ccfc6d4b" outcome="Passed" testListId="8c84fa94-04c1-424b-9868-57a2d4851a1d" relativeResultsDirectory="55233804-3497-4f16-97ac-92de2a10ba65" />
    <UnitTestResult executionId="ac19ac0d-0509-4aab-a896-cf394c3fb0cb" testId="7d20f594-1687-7484-0c7b-fc5c9299b242" testName="FluentValidation.Tests.SharedConditionTests.Shared_When_is_applied_to_groupd_rules_when_initial_predicate_is_true_and_all_individual_rules_are_satisfied" computerName="DORNY-PC" duration="00:00:00.0004550" startTime="2021-01-28T21:34:14.2203323+01:00" endTime="2021-01-28T21:34:14.2203327+01:00" testType="13cdc9d9-ddb5-4fa4-a97d-d965ccfc6d4b" outcome="Passed" testListId="8c84fa94-04c1-424b-9868-57a2d4851a1d" relativeResultsDirectory="ac19ac0d-0509-4aab-a896-cf394c3fb0cb" />
    <UnitTestResult executionId="c344e935-9789-4675-a7a1-aacb5939a676" testId="dcab6cb4-8896-cab0-b222-fb4f42fd53bb" testName="FluentValidation.Tests.ForEachRuleTests.Can_access_colletion_index" computerName="DORNY-PC" duration="00:00:00.0002866" startTime="2021-01-28T21:34:17.2061574+01:00" endTime="2021-01-28T21:34:17.2061577+01:00" testType="13cdc9d9-ddb5-4fa4-a97d-d965ccfc6d4b" outcome="Passed" testListId="8c84fa94-04c1-424b-9868-57a2d4851a1d" relativeResultsDirectory="c344e935-9789-4675-a7a1-aacb5939a676" />
    <UnitTestResult executionId="a7beb8a1-0fd8-4ab8-bbd4-1e1a41d1765c" testId="40e58b95-a20a-0164-25b5-43053926bef8" testName="FluentValidation.Tests.ValidatorTesterTester.ShouldHaveValidationError_should_throw_when_there_are_not_validation_errors__WhenAsyn_Is_Used(age: 17, cardNumber: null)" computerName="DORNY-PC" duration="00:00:00.0005484" startTime="2021-01-28T21:34:16.9009129+01:00" endTime="2021-01-28T21:34:16.9009137+01:00" testType="13cdc9d9-ddb5-4fa4-a97d-d965ccfc6d4b" outcome="Passed" testListId="8c84fa94-04c1-424b-9868-57a2d4851a1d" relativeResultsDirectory="a7beb8a1-0fd8-4ab8-bbd4-1e1a41d1765c" />
    <UnitTestResult executionId="09a2ba3c-fd90-4e31-b09e-07cd03250f7a" testId="c75b2726-ff0b-c3be-b95a-caf451c1b51a" testName="FluentValidation.Tests.SharedConditionTests.Rules_not_invoked_when_inverse_shared_async_condition_does_not_match" computerName="DORNY-PC" duration="00:00:00.0028571" startTime="2021-01-28T21:34:14.2374086+01:00" endTime="2021-01-28T21:34:14.2374093+01:00" testType="13cdc9d9-ddb5-4fa4-a97d-d965ccfc6d4b" outcome="Passed" testListId="8c84fa94-04c1-424b-9868-57a2d4851a1d" relativeResultsDirectory="09a2ba3c-fd90-4e31-b09e-07cd03250f7a" />
    <UnitTestResult executionId="67abc65c-0216-4d86-a657-64b3cf44b409" testId="7974230d-bef5-3068-1e04-d9dc9c63c154" testName="FluentValidation.Tests.ValidatorTesterTester.ShouldNotHaveValidationError_should_throw_when_there_are_not_validation_errors__WhenAsyn_is_used(age: 17, cardNumber: &quot;&quot;)" computerName="DORNY-PC" duration="00:00:00.0005719" startTime="2021-01-28T21:34:16.8699643+01:00" endTime="2021-01-28T21:34:16.8699650+01:00" testType="13cdc9d9-ddb5-4fa4-a97d-d965ccfc6d4b" outcome="Passed" testListId="8c84fa94-04c1-424b-9868-57a2d4851a1d" relativeResultsDirectory="67abc65c-0216-4d86-a657-64b3cf44b409" />
    <UnitTestResult executionId="a6379db4-b1ea-44c2-a4f3-4524d9f77a00" testId="da778e4e-be73-102b-f0b5-1fcf91b9c6b1" testName="FluentValidation.Tests.RuleBuilderTests.Should_throw_when_predicate_is_null" computerName="DORNY-PC" duration="00:00:00.0001542" startTime="2021-01-28T21:34:17.1153502+01:00" endTime="2021-01-28T21:34:17.1153509+01:00" testType="13cdc9d9-ddb5-4fa4-a97d-d965ccfc6d4b" outcome="Passed" testListId="8c84fa94-04c1-424b-9868-57a2d4851a1d" relativeResultsDirectory="a6379db4-b1ea-44c2-a4f3-4524d9f77a00" />
    <UnitTestResult executionId="0b939314-efe2-41e8-9987-c579b17f0ee6" testId="b0ddc444-c953-1f50-773c-537de7cf2a71" testName="FluentValidation.Tests.ForEachRuleTests.Nested_conditions_Rule_For_Each" computerName="DORNY-PC" duration="00:00:00.0009411" startTime="2021-01-28T21:34:17.1948457+01:00" endTime="2021-01-28T21:34:17.1948465+01:00" testType="13cdc9d9-ddb5-4fa4-a97d-d965ccfc6d4b" outcome="Passed" testListId="8c84fa94-04c1-424b-9868-57a2d4851a1d" relativeResultsDirectory="0b939314-efe2-41e8-9987-c579b17f0ee6" />
    <UnitTestResult executionId="9d4bc264-1467-4338-9749-8a2b7759df17" testId="01b3bb56-5019-822d-2984-404d05cec6be" testName="FluentValidation.Tests.NotEqualValidatorTests.Should_not_be_valid_for_case_insensitve_comparison_with_expression" computerName="DORNY-PC" duration="00:00:00.0002824" startTime="2021-01-28T21:34:14.2544465+01:00" endTime="2021-01-28T21:34:14.2544466+01:00" testType="13cdc9d9-ddb5-4fa4-a97d-d965ccfc6d4b" outcome="Passed" testListId="8c84fa94-04c1-424b-9868-57a2d4851a1d" relativeResultsDirectory="9d4bc264-1467-4338-9749-8a2b7759df17" />
    <UnitTestResult executionId="8e711633-f1ff-4cd4-b4ed-039526f24895" testId="0ff0d87a-07e9-b695-31c6-9fd5f394bf14" testName="FluentValidation.Tests.ForEachRuleTests.Correctly_gets_collection_indices" computerName="DORNY-PC" duration="00:00:00.0003199" startTime="2021-01-28T21:34:17.2111166+01:00" endTime="2021-01-28T21:34:17.2111174+01:00" testType="13cdc9d9-ddb5-4fa4-a97d-d965ccfc6d4b" outcome="Passed" testListId="8c84fa94-04c1-424b-9868-57a2d4851a1d" relativeResultsDirectory="8e711633-f1ff-4cd4-b4ed-039526f24895" />
    <UnitTestResult executionId="55e858ad-e880-4ce6-b497-252155c3f5b3" testId="4d04b2c4-4088-280e-2bde-c56de605bb36" testName="FluentValidation.Tests.AbstractValidatorTester.Should_validate_single_property_where_invalid_property_as_string" computerName="DORNY-PC" duration="00:00:00.0002160" startTime="2021-01-28T21:34:17.2619541+01:00" endTime="2021-01-28T21:34:17.2619549+01:00" testType="13cdc9d9-ddb5-4fa4-a97d-d965ccfc6d4b" outcome="Passed" testListId="8c84fa94-04c1-424b-9868-57a2d4851a1d" relativeResultsDirectory="55e858ad-e880-4ce6-b497-252155c3f5b3" />
    <UnitTestResult executionId="e80ae884-7bd6-42ea-b083-980919e7718e" testId="f5cf7134-37ff-d485-b50a-afe38e01f05b" testName="FluentValidation.Tests.EnumValidatorTests.Nullable_enum_valid_when_property_value_is_null" computerName="DORNY-PC" duration="00:00:00.0001594" startTime="2021-01-28T21:34:17.0096324+01:00" endTime="2021-01-28T21:34:17.0096326+01:00" testType="13cdc9d9-ddb5-4fa4-a97d-d965ccfc6d4b" outcome="Passed" testListId="8c84fa94-04c1-424b-9868-57a2d4851a1d" relativeResultsDirectory="e80ae884-7bd6-42ea-b083-980919e7718e" />
    <UnitTestResult executionId="6bf352ce-1b15-490e-9876-883132bde853" testId="7078ba16-7510-d5f1-b9cc-ccc7dc4da0a4" testName="FluentValidation.Tests.ValidationResultTests.Should_not_be_valid_when_there_are_errors" computerName="DORNY-PC" duration="00:00:00.0000549" startTime="2021-01-28T21:34:16.9775277+01:00" endTime="2021-01-28T21:34:16.9775278+01:00" testType="13cdc9d9-ddb5-4fa4-a97d-d965ccfc6d4b" outcome="Passed" testListId="8c84fa94-04c1-424b-9868-57a2d4851a1d" relativeResultsDirectory="6bf352ce-1b15-490e-9876-883132bde853" />
    <UnitTestResult executionId="b0385ad6-d163-437e-8593-c56cf75ded1f" testId="407d13ba-1f9f-370e-36db-69b2f26a2b4c" testName="FluentValidation.Tests.UserSeverityTester.Correctly_provides_object_being_validated" computerName="DORNY-PC" duration="00:00:00.0003232" startTime="2021-01-28T21:34:17.2702810+01:00" endTime="2021-01-28T21:34:17.2702817+01:00" testType="13cdc9d9-ddb5-4fa4-a97d-d965ccfc6d4b" outcome="Passed" testListId="8c84fa94-04c1-424b-9868-57a2d4851a1d" relativeResultsDirectory="b0385ad6-d163-437e-8593-c56cf75ded1f" />
    <UnitTestResult executionId="aecc9b19-3d45-49ab-a886-e2585b7ab842" testId="2e9af8ff-00ee-c1aa-d7b2-749703ad0116" testName="FluentValidation.Tests.ValidatorTesterTester.Unexpected_error_code_check" computerName="DORNY-PC" duration="00:00:00.0016124" startTime="2021-01-28T21:34:16.8329667+01:00" endTime="2021-01-28T21:34:16.8329676+01:00" testType="13cdc9d9-ddb5-4fa4-a97d-d965ccfc6d4b" outcome="Passed" testListId="8c84fa94-04c1-424b-9868-57a2d4851a1d" relativeResultsDirectory="aecc9b19-3d45-49ab-a886-e2585b7ab842" />
    <UnitTestResult executionId="fd396800-8693-4bd8-abe1-c31a5050fc2d" testId="0e6965d1-b5eb-5c85-33a1-f589eda9b603" testName="FluentValidation.Tests.ComplexValidationTester.Complex_property_should_be_excluded" computerName="DORNY-PC" duration="00:00:00.0003153" startTime="2021-01-28T21:34:14.1023225+01:00" endTime="2021-01-28T21:34:14.1023235+01:00" testType="13cdc9d9-ddb5-4fa4-a97d-d965ccfc6d4b" outcome="Passed" testListId="8c84fa94-04c1-424b-9868-57a2d4851a1d" relativeResultsDirectory="fd396800-8693-4bd8-abe1-c31a5050fc2d" />
    <UnitTestResult executionId="824b3c1d-08ab-4cd6-8966-aaf98e8903d9" testId="423cdea8-ab4c-39b5-8bd9-22dc3ec615ef" testName="FluentValidation.Tests.ChainingValidatorsTester.Should_execute_multiple_validators" computerName="DORNY-PC" duration="00:00:00.0001781" startTime="2021-01-28T21:34:16.9104224+01:00" endTime="2021-01-28T21:34:16.9104227+01:00" testType="13cdc9d9-ddb5-4fa4-a97d-d965ccfc6d4b" outcome="Passed" testListId="8c84fa94-04c1-424b-9868-57a2d4851a1d" relativeResultsDirectory="824b3c1d-08ab-4cd6-8966-aaf98e8903d9" />
    <UnitTestResult executionId="69dae71d-4d9c-43a5-b253-7bc02adc3abb" testId="7d41af5a-4c10-0627-a21c-22e6bad926f2" testName="FluentValidation.Tests.ValidatorTesterTester.ShouldNotHaveValidationError_should_throw_when_there_are_errors" computerName="DORNY-PC" duration="00:00:00.0008858" startTime="2021-01-28T21:34:16.8432978+01:00" endTime="2021-01-28T21:34:16.8432987+01:00" testType="13cdc9d9-ddb5-4fa4-a97d-d965ccfc6d4b" outcome="Passed" testListId="8c84fa94-04c1-424b-9868-57a2d4851a1d" relativeResultsDirectory="69dae71d-4d9c-43a5-b253-7bc02adc3abb" />
    <UnitTestResult executionId="e714a42b-4170-4dc4-b0f2-e7342c56f4a9" testId="8d21a44e-3320-941f-4e14-97c023a3327e" testName="FluentValidation.Tests.GreaterThanOrEqualToValidatorTester.Should_succeed_when_greater_than_input" computerName="DORNY-PC" duration="00:00:00.0000800" startTime="2021-01-28T21:34:16.9114935+01:00" endTime="2021-01-28T21:34:16.9114942+01:00" testType="13cdc9d9-ddb5-4fa4-a97d-d965ccfc6d4b" outcome="Passed" testListId="8c84fa94-04c1-424b-9868-57a2d4851a1d" relativeResultsDirectory="e714a42b-4170-4dc4-b0f2-e7342c56f4a9" />
    <UnitTestResult executionId="4153aa3b-88da-4919-b24e-7c1014f8bd3e" testId="40e58b95-a20a-0164-25b5-43053926bef8" testName="FluentValidation.Tests.ValidatorTesterTester.ShouldHaveValidationError_should_throw_when_there_are_not_validation_errors__WhenAsyn_Is_Used(age: 42, cardNumber: &quot;cardNumber&quot;)" computerName="DORNY-PC" duration="00:00:00.0008127" startTime="2021-01-28T21:34:16.9003411+01:00" endTime="2021-01-28T21:34:16.9003419+01:00" testType="13cdc9d9-ddb5-4fa4-a97d-d965ccfc6d4b" outcome="Passed" testListId="8c84fa94-04c1-424b-9868-57a2d4851a1d" relativeResultsDirectory="4153aa3b-88da-4919-b24e-7c1014f8bd3e" />
    <UnitTestResult executionId="11f66512-43a0-47b2-924e-dccdaf9265fa" testId="884c21ab-469f-f12c-07f1-874999caa78d" testName="FluentValidation.Tests.RuleDependencyTests.TestAsyncWithDependentRules_AsyncEntry" computerName="DORNY-PC" duration="00:00:00.0050739" startTime="2021-01-28T21:34:16.7917226+01:00" endTime="2021-01-28T21:34:16.7917236+01:00" testType="13cdc9d9-ddb5-4fa4-a97d-d965ccfc6d4b" outcome="Passed" testListId="8c84fa94-04c1-424b-9868-57a2d4851a1d" relativeResultsDirectory="11f66512-43a0-47b2-924e-dccdaf9265fa" />
    <UnitTestResult executionId="5450048e-b4d0-43ae-9689-e423b63c90ea" testId="b5841919-cf28-796c-5269-cbe5645ad868" testName="FluentValidation.Tests.LanguageManagerTests.All_localizations_have_same_parameters_as_English" computerName="DORNY-PC" duration="00:00:00.0217610" startTime="2021-01-28T21:34:16.9656011+01:00" endTime="2021-01-28T21:34:16.9656032+01:00" testType="13cdc9d9-ddb5-4fa4-a97d-d965ccfc6d4b" outcome="Passed" testListId="8c84fa94-04c1-424b-9868-57a2d4851a1d" relativeResultsDirectory="5450048e-b4d0-43ae-9689-e423b63c90ea" />
    <UnitTestResult executionId="ee05f70a-4972-42ef-9afc-f593f1392c8b" testId="c27ddb6b-4498-2a9b-f011-dc955b71242a" testName="FluentValidation.Tests.ForEachRuleTests.Async_condition_should_work_with_child_collection" computerName="DORNY-PC" duration="00:00:00.0007127" startTime="2021-01-28T21:34:17.2140932+01:00" endTime="2021-01-28T21:34:17.2140940+01:00" testType="13cdc9d9-ddb5-4fa4-a97d-d965ccfc6d4b" outcome="Passed" testListId="8c84fa94-04c1-424b-9868-57a2d4851a1d" relativeResultsDirectory="ee05f70a-4972-42ef-9afc-f593f1392c8b" />
    <UnitTestResult executionId="616c5c86-dfc2-4c1a-88b3-5724722ae172" testId="584e7772-3662-4822-1c81-051d82d5bd20" testName="FluentValidation.Tests.PropertyChainTests.Calling_ToString_should_construct_string_representation_of_chain" computerName="DORNY-PC" duration="00:00:00.0000748" startTime="2021-01-28T21:34:17.3154962+01:00" endTime="2021-01-28T21:34:17.3154963+01:00" testType="13cdc9d9-ddb5-4fa4-a97d-d965ccfc6d4b" outcome="Passed" testListId="8c84fa94-04c1-424b-9868-57a2d4851a1d" relativeResultsDirectory="616c5c86-dfc2-4c1a-88b3-5724722ae172" />
    <UnitTestResult executionId="70445dff-2694-45c0-8478-e6beea86c7c6" testId="3a154f8d-d4a4-15f8-4a03-2b9099aa54a1" testName="FluentValidation.Tests.LanguageManagerTests.Falls_back_to_english_when_translation_missing" computerName="DORNY-PC" duration="00:00:00.0005230" startTime="2021-01-28T21:34:16.9431635+01:00" endTime="2021-01-28T21:34:16.9431646+01:00" testType="13cdc9d9-ddb5-4fa4-a97d-d965ccfc6d4b" outcome="Passed" testListId="8c84fa94-04c1-424b-9868-57a2d4851a1d" relativeResultsDirectory="70445dff-2694-45c0-8478-e6beea86c7c6" />
    <UnitTestResult executionId="2419859f-6bd1-4d9b-8980-d1c968dae0e2" testId="0c59b397-ccb7-a6cb-9c19-06b5d95464e0" testName="FluentValidation.Tests.NotNullTester.NotNullValidator_should_pass_if_value_has_value" computerName="DORNY-PC" duration="00:00:00.0002119" startTime="2021-01-28T21:34:17.1466899+01:00" endTime="2021-01-28T21:34:17.1466907+01:00" testType="13cdc9d9-ddb5-4fa4-a97d-d965ccfc6d4b" outcome="Passed" testListId="8c84fa94-04c1-424b-9868-57a2d4851a1d" relativeResultsDirectory="2419859f-6bd1-4d9b-8980-d1c968dae0e2" />
    <UnitTestResult executionId="b2e4bed7-ad35-4913-aaa6-e848581fc3d2" testId="c7c7e6d1-7dcd-38ea-14e9-28ada58706a9" testName="FluentValidation.Tests.ValidatorTesterTester.Unexpected_message_check(withoutErrMsg: &quot;bar&quot;, errMessages: [&quot;foo&quot;])" computerName="DORNY-PC" duration="00:00:00.0003297" startTime="2021-01-28T21:34:16.8794039+01:00" endTime="2021-01-28T21:34:16.8794050+01:00" testType="13cdc9d9-ddb5-4fa4-a97d-d965ccfc6d4b" outcome="Passed" testListId="8c84fa94-04c1-424b-9868-57a2d4851a1d" relativeResultsDirectory="b2e4bed7-ad35-4913-aaa6-e848581fc3d2" />
    <UnitTestResult executionId="1469370f-c4be-40b0-a384-481eccab3d04" testId="496b9c29-1cfb-30e1-9cdc-64844fc8dc25" testName="FluentValidation.Tests.LanguageManagerTests.Gets_translation_for_croatian_culture" computerName="DORNY-PC" duration="00:00:00.0004599" startTime="2021-01-28T21:34:16.9422857+01:00" endTime="2021-01-28T21:34:16.9422861+01:00" testType="13cdc9d9-ddb5-4fa4-a97d-d965ccfc6d4b" outcome="Passed" testListId="8c84fa94-04c1-424b-9868-57a2d4851a1d" relativeResultsDirectory="1469370f-c4be-40b0-a384-481eccab3d04" />
    <UnitTestResult executionId="46f4f3e9-37a4-45bd-884f-520fb354cbb0" testId="23491167-b49e-d106-0bee-ac2174809e4e" testName="FluentValidation.Tests.ValidatorTesterTester.ShouldHaveChildValidator_should_work_with_DependentRules" computerName="DORNY-PC" duration="00:00:00.0012294" startTime="2021-01-28T21:34:16.8743597+01:00" endTime="2021-01-28T21:34:16.8743606+01:00" testType="13cdc9d9-ddb5-4fa4-a97d-d965ccfc6d4b" outcome="Passed" testListId="8c84fa94-04c1-424b-9868-57a2d4851a1d" relativeResultsDirectory="46f4f3e9-37a4-45bd-884f-520fb354cbb0" />
    <UnitTestResult executionId="228d1ca6-9728-428b-b5a8-0718771d9297" testId="5ccb425e-cad0-e99f-3de8-bc3f47d3717f" testName="FluentValidation.Tests.NameResolutionPluggabilityTester.Resolves_nested_properties" computerName="DORNY-PC" duration="00:00:00.0005703" startTime="2021-01-28T21:34:17.2670127+01:00" endTime="2021-01-28T21:34:17.2670135+01:00" testType="13cdc9d9-ddb5-4fa4-a97d-d965ccfc6d4b" outcome="Passed" testListId="8c84fa94-04c1-424b-9868-57a2d4851a1d" relativeResultsDirectory="228d1ca6-9728-428b-b5a8-0718771d9297" />
    <UnitTestResult executionId="615d3149-beef-4fc6-95c9-1f5cc68fb866" testId="ad27c118-1390-deb0-4083-9da715a5fc40" testName="FluentValidation.Tests.AbstractValidatorTester.WhenPreValidationReturnsTrue_ValidatorsGetHit_Validate" computerName="DORNY-PC" duration="00:00:00.0004371" startTime="2021-01-28T21:34:17.2643616+01:00" endTime="2021-01-28T21:34:17.2643623+01:00" testType="13cdc9d9-ddb5-4fa4-a97d-d965ccfc6d4b" outcome="Passed" testListId="8c84fa94-04c1-424b-9868-57a2d4851a1d" relativeResultsDirectory="615d3149-beef-4fc6-95c9-1f5cc68fb866" />
    <UnitTestResult executionId="04a85f7f-a537-4873-8b3b-ab1fc8532ebd" testId="a0588c61-76e1-9714-42ea-76db428e1bcf" testName="FluentValidation.Tests.InclusiveBetweenValidatorTests.To_and_from_properties_should_be_set" computerName="DORNY-PC" duration="00:00:00.0001310" startTime="2021-01-28T21:34:16.8121477+01:00" endTime="2021-01-28T21:34:16.8121481+01:00" testType="13cdc9d9-ddb5-4fa4-a97d-d965ccfc6d4b" outcome="Passed" testListId="8c84fa94-04c1-424b-9868-57a2d4851a1d" relativeResultsDirectory="04a85f7f-a537-4873-8b3b-ab1fc8532ebd" />
    <UnitTestResult executionId="ea299bcf-18f3-4ce8-826f-29b31f115c52" testId="5524e431-596f-c5d7-17e3-4951037511b5" testName="FluentValidation.Tests.ChainedValidationTester.Uses_explicit_ruleset" computerName="DORNY-PC" duration="00:00:00.0005128" startTime="2021-01-28T21:34:17.3293563+01:00" endTime="2021-01-28T21:34:17.3293570+01:00" testType="13cdc9d9-ddb5-4fa4-a97d-d965ccfc6d4b" outcome="Passed" testListId="8c84fa94-04c1-424b-9868-57a2d4851a1d" relativeResultsDirectory="ea299bcf-18f3-4ce8-826f-29b31f115c52" />
    <UnitTestResult executionId="01fa12eb-2c97-4956-8f09-144ec6ddb2d6" testId="eeee919c-4501-4016-6c44-7e5eed095d98" testName="FluentValidation.Tests.ValidationResultTests.ToString_return_error_messages_with_given_separator" computerName="DORNY-PC" duration="00:00:00.0000727" startTime="2021-01-28T21:34:16.9695588+01:00" endTime="2021-01-28T21:34:16.9695595+01:00" testType="13cdc9d9-ddb5-4fa4-a97d-d965ccfc6d4b" outcome="Passed" testListId="8c84fa94-04c1-424b-9868-57a2d4851a1d" relativeResultsDirectory="01fa12eb-2c97-4956-8f09-144ec6ddb2d6" />
    <UnitTestResult executionId="f07a8410-fa8a-48ef-9001-b1bbee45e82d" testId="c9417a0c-3ef6-07e7-4ac7-19f225c793a0" testName="FluentValidation.Tests.CollectionValidatorWithParentTests.Can_validate_collection_using_validator_for_base_type" computerName="DORNY-PC" duration="00:00:00.0010737" startTime="2021-01-28T21:34:17.0239873+01:00" endTime="2021-01-28T21:34:17.0239881+01:00" testType="13cdc9d9-ddb5-4fa4-a97d-d965ccfc6d4b" outcome="Passed" testListId="8c84fa94-04c1-424b-9868-57a2d4851a1d" relativeResultsDirectory="f07a8410-fa8a-48ef-9001-b1bbee45e82d" />
    <UnitTestResult executionId="db41aa7c-1bea-4acb-abd8-f6f20110044b" testId="5df82292-1ddb-3e29-b038-d268659926ed" testName="FluentValidation.Tests.LessThanOrEqualToValidatorTester.Validates_with_nullable_when_property_is_null" computerName="DORNY-PC" duration="00:00:00.0003672" startTime="2021-01-28T21:34:17.2447020+01:00" endTime="2021-01-28T21:34:17.2447028+01:00" testType="13cdc9d9-ddb5-4fa4-a97d-d965ccfc6d4b" outcome="Passed" testListId="8c84fa94-04c1-424b-9868-57a2d4851a1d" relativeResultsDirectory="db41aa7c-1bea-4acb-abd8-f6f20110044b" />
    <UnitTestResult executionId="3efe9bb9-22ba-4d2d-93ab-c52cb7af24aa" testId="7974230d-bef5-3068-1e04-d9dc9c63c154" testName="FluentValidation.Tests.ValidatorTesterTester.ShouldNotHaveValidationError_should_throw_when_there_are_not_validation_errors__WhenAsyn_is_used(age: 42, cardNumber: &quot;cardNumber&quot;)" computerName="DORNY-PC" duration="00:00:00.0008970" startTime="2021-01-28T21:34:16.8687847+01:00" endTime="2021-01-28T21:34:16.8687862+01:00" testType="13cdc9d9-ddb5-4fa4-a97d-d965ccfc6d4b" outcome="Passed" testListId="8c84fa94-04c1-424b-9868-57a2d4851a1d" relativeResultsDirectory="3efe9bb9-22ba-4d2d-93ab-c52cb7af24aa" />
    <UnitTestResult executionId="983f5dfb-88e3-43bb-8382-e6b7bc5a5f5d" testId="51106c6f-642f-52d5-5f60-5ab4d1066e94" testName="FluentValidation.Tests.ValidatorTesterTester.ShouldHaveValidationError_async" computerName="DORNY-PC" duration="00:00:00.0027288" startTime="2021-01-28T21:34:16.8380124+01:00" endTime="2021-01-28T21:34:16.8380133+01:00" testType="13cdc9d9-ddb5-4fa4-a97d-d965ccfc6d4b" outcome="Passed" testListId="8c84fa94-04c1-424b-9868-57a2d4851a1d" relativeResultsDirectory="983f5dfb-88e3-43bb-8382-e6b7bc5a5f5d" />
    <UnitTestResult executionId="1792789a-562a-4ece-8005-f8ad2f87419c" testId="048cabe8-9e3b-eebd-956f-c3b4a8ed99d1" testName="FluentValidation.Tests.InclusiveBetweenValidatorTests.When_the_value_is_exactly_the_size_of_the_lower_bound_then_the_validator_should_pass_for_strings" computerName="DORNY-PC" duration="00:00:00.0003005" startTime="2021-01-28T21:34:16.8134426+01:00" endTime="2021-01-28T21:34:16.8134435+01:00" testType="13cdc9d9-ddb5-4fa4-a97d-d965ccfc6d4b" outcome="Passed" testListId="8c84fa94-04c1-424b-9868-57a2d4851a1d" relativeResultsDirectory="1792789a-562a-4ece-8005-f8ad2f87419c" />
    <UnitTestResult executionId="41a13d6a-b9c1-4f6b-930f-0f92cfa45d85" testId="c8de0939-1a79-d0a5-a87a-1bdc3f67d552" testName="FluentValidation.Tests.EmailValidatorTests.Fails_email_validation_aspnetcore_compatible(email: &quot;0&quot;)" computerName="DORNY-PC" duration="00:00:00.0002222" startTime="2021-01-28T21:34:16.9183257+01:00" endTime="2021-01-28T21:34:16.9183265+01:00" testType="13cdc9d9-ddb5-4fa4-a97d-d965ccfc6d4b" outcome="Passed" testListId="8c84fa94-04c1-424b-9868-57a2d4851a1d" relativeResultsDirectory="41a13d6a-b9c1-4f6b-930f-0f92cfa45d85" />
    <UnitTestResult executionId="8a080a89-daf0-40b5-a316-d72fcbc2adcd" testId="a62cebdf-b172-07cc-6b70-ab3ddc87ea74" testName="FluentValidation.Tests.ConditionTests.Validation_should_fail_when_async_condition_does_not_match" computerName="DORNY-PC" duration="00:00:00.0004177" startTime="2021-01-28T21:34:17.2940707+01:00" endTime="2021-01-28T21:34:17.2940715+01:00" testType="13cdc9d9-ddb5-4fa4-a97d-d965ccfc6d4b" outcome="Passed" testListId="8c84fa94-04c1-424b-9868-57a2d4851a1d" relativeResultsDirectory="8a080a89-daf0-40b5-a316-d72fcbc2adcd" />
    <UnitTestResult executionId="acc7a57a-7bb1-467d-adef-432d09e6d1ce" testId="54f80699-64aa-4890-d973-b664872615ea" testName="FluentValidation.Tests.ScalePrecisionValidatorTests.Scale_precision_should_not_be_valid" computerName="DORNY-PC" duration="00:00:00.0006978" startTime="2021-01-28T21:34:14.2784038+01:00" endTime="2021-01-28T21:34:14.2784050+01:00" testType="13cdc9d9-ddb5-4fa4-a97d-d965ccfc6d4b" outcome="Passed" testListId="8c84fa94-04c1-424b-9868-57a2d4851a1d" relativeResultsDirectory="acc7a57a-7bb1-467d-adef-432d09e6d1ce" />
    <UnitTestResult executionId="ce0bf2cd-32cf-479e-bbd2-ee177430de57" testId="2356517f-c677-dee8-be27-54adad3fb1fc" testName="FluentValidation.Tests.EnumValidatorTests.Nullable_enum_invalid_when_bad_value_specified" computerName="DORNY-PC" duration="00:00:00.0003847" startTime="2021-01-28T21:34:17.0089758+01:00" endTime="2021-01-28T21:34:17.0089765+01:00" testType="13cdc9d9-ddb5-4fa4-a97d-d965ccfc6d4b" outcome="Passed" testListId="8c84fa94-04c1-424b-9868-57a2d4851a1d" relativeResultsDirectory="ce0bf2cd-32cf-479e-bbd2-ee177430de57" />
    <UnitTestResult executionId="3dab9274-7037-42a5-84df-d7f6c91e2add" testId="0da0ac37-d0e7-96de-006a-0889754f88a4" testName="FluentValidation.Tests.DefaultValidatorExtensionTester.LessThan_should_create_LessThanValidator_with_explicit_value" computerName="DORNY-PC" duration="00:00:00.0002742" startTime="2021-01-28T21:34:14.0605234+01:00" endTime="2021-01-28T21:34:14.0605236+01:00" testType="13cdc9d9-ddb5-4fa4-a97d-d965ccfc6d4b" outcome="Passed" testListId="8c84fa94-04c1-424b-9868-57a2d4851a1d" relativeResultsDirectory="3dab9274-7037-42a5-84df-d7f6c91e2add" />
    <UnitTestResult executionId="3f37e502-bf02-48c7-a981-989019d4c097" testId="2c7861aa-323a-97e0-8c48-4f82515d5eb3" testName="FluentValidation.Tests.CustomValidatorTester.New_Custom_Returns_single_failure" computerName="DORNY-PC" duration="00:00:00.0003350" startTime="2021-01-28T21:34:17.3196297+01:00" endTime="2021-01-28T21:34:17.3196305+01:00" testType="13cdc9d9-ddb5-4fa4-a97d-d965ccfc6d4b" outcome="Passed" testListId="8c84fa94-04c1-424b-9868-57a2d4851a1d" relativeResultsDirectory="3f37e502-bf02-48c7-a981-989019d4c097" />
    <UnitTestResult executionId="ae12609a-15f9-418f-b8e8-21d9cdda66b7" testId="46460b4b-4705-5233-bea5-bd169c31efde" testName="FluentValidation.Tests.ForEachRuleTests.Top_level_collection" computerName="DORNY-PC" duration="00:00:00.0003379" startTime="2021-01-28T21:34:17.2029206+01:00" endTime="2021-01-28T21:34:17.2029213+01:00" testType="13cdc9d9-ddb5-4fa4-a97d-d965ccfc6d4b" outcome="Passed" testListId="8c84fa94-04c1-424b-9868-57a2d4851a1d" relativeResultsDirectory="ae12609a-15f9-418f-b8e8-21d9cdda66b7" />
    <UnitTestResult executionId="5d639cc9-b01b-4934-9b50-87e054d66281" testId="1ddacae2-838d-2593-67aa-40661e84cbc3" testName="FluentValidation.Tests.ValidatorTesterTester.ShouldHaveValidationError_should_not_throw_when_there_are_validation_errors" computerName="DORNY-PC" duration="00:00:00.0007782" startTime="2021-01-28T21:34:16.8895549+01:00" endTime="2021-01-28T21:34:16.8895557+01:00" testType="13cdc9d9-ddb5-4fa4-a97d-d965ccfc6d4b" outcome="Passed" testListId="8c84fa94-04c1-424b-9868-57a2d4851a1d" relativeResultsDirectory="5d639cc9-b01b-4934-9b50-87e054d66281" />
    <UnitTestResult executionId="152b1246-b144-4510-a3e8-c71284e941e5" testId="bbe31c75-2e65-0d75-87aa-01269453186f" testName="FluentValidation.Tests.EnumValidatorTests.IsValidTests" computerName="DORNY-PC" duration="00:00:00.0001215" startTime="2021-01-28T21:34:17.0095967+01:00" endTime="2021-01-28T21:34:17.0095970+01:00" testType="13cdc9d9-ddb5-4fa4-a97d-d965ccfc6d4b" outcome="Passed" testListId="8c84fa94-04c1-424b-9868-57a2d4851a1d" relativeResultsDirectory="152b1246-b144-4510-a3e8-c71284e941e5" />
    <UnitTestResult executionId="06b3a4e3-829e-408b-a589-f195373c1d1b" testId="97cbd01c-79b8-37f6-7322-3121dabbb5c7" testName="FluentValidation.Tests.NotEmptyTester.When_value_is_Default_for_type_validator_should_fail_datetime" computerName="DORNY-PC" duration="00:00:00.0019899" startTime="2021-01-28T21:34:14.1167923+01:00" endTime="2021-01-28T21:34:14.1167944+01:00" testType="13cdc9d9-ddb5-4fa4-a97d-d965ccfc6d4b" outcome="Passed" testListId="8c84fa94-04c1-424b-9868-57a2d4851a1d" relativeResultsDirectory="06b3a4e3-829e-408b-a589-f195373c1d1b" />
    <UnitTestResult executionId="9f226cff-e3f8-4101-bea0-0f3aff556bb0" testId="e49a768a-857a-0209-379b-0ff52755c642" testName="FluentValidation.Tests.EmailValidatorTests.Valid_email_addresses_regex(email: &quot;!def!xyz%abc@example.com&quot;)" computerName="DORNY-PC" duration="00:00:00.0000220" startTime="2021-01-28T21:34:16.9368484+01:00" endTime="2021-01-28T21:34:16.9368485+01:00" testType="13cdc9d9-ddb5-4fa4-a97d-d965ccfc6d4b" outcome="Passed" testListId="8c84fa94-04c1-424b-9868-57a2d4851a1d" relativeResultsDirectory="9f226cff-e3f8-4101-bea0-0f3aff556bb0" />
    <UnitTestResult executionId="f1151556-345d-4b12-9648-da246518b105" testId="3e0c3284-efea-ef13-339c-bf2e2f2e8b4a" testName="FluentValidation.Tests.ForEachRuleTests.Validates_collection" computerName="DORNY-PC" duration="00:00:00.0005174" startTime="2021-01-28T21:34:17.2117576+01:00" endTime="2021-01-28T21:34:17.2117579+01:00" testType="13cdc9d9-ddb5-4fa4-a97d-d965ccfc6d4b" outcome="Passed" testListId="8c84fa94-04c1-424b-9868-57a2d4851a1d" relativeResultsDirectory="f1151556-345d-4b12-9648-da246518b105" />
    <UnitTestResult executionId="a4bfd390-8765-4ae8-b756-adb824ecfb7f" testId="c5fab2ed-1e4d-4b71-51d4-9fce86c8aad8" testName="FluentValidation.Tests.MemberAccessorTests.ImplicitCast" computerName="DORNY-PC" duration="00:00:00.0008766" startTime="2021-01-28T21:34:17.0288488+01:00" endTime="2021-01-28T21:34:17.0288496+01:00" testType="13cdc9d9-ddb5-4fa4-a97d-d965ccfc6d4b" outcome="Passed" testListId="8c84fa94-04c1-424b-9868-57a2d4851a1d" relativeResultsDirectory="a4bfd390-8765-4ae8-b756-adb824ecfb7f" />
    <UnitTestResult executionId="44be7ff8-a277-4712-9192-633cdb938253" testId="05aba451-d3f2-83d2-3c53-b07a6426be30" testName="FluentValidation.Tests.NotEmptyTester.When_value_is_Default_for_type_validator_should_fail_int" computerName="DORNY-PC" duration="00:00:00.0018552" startTime="2021-01-28T21:34:14.1190522+01:00" endTime="2021-01-28T21:34:14.1190540+01:00" testType="13cdc9d9-ddb5-4fa4-a97d-d965ccfc6d4b" outcome="Passed" testListId="8c84fa94-04c1-424b-9868-57a2d4851a1d" relativeResultsDirectory="44be7ff8-a277-4712-9192-633cdb938253" />
    <UnitTestResult executionId="3b918cbb-dd55-46a4-8204-3880bfd3e2bb" testId="67c0c2b1-c5da-1717-7ac9-178f089f0fd3" testName="FluentValidation.Tests.LocalisedMessagesTester.Formats_string_with_placeholders" computerName="DORNY-PC" duration="00:00:00.0002342" startTime="2021-01-28T21:34:17.1848671+01:00" endTime="2021-01-28T21:34:17.1848679+01:00" testType="13cdc9d9-ddb5-4fa4-a97d-d965ccfc6d4b" outcome="Passed" testListId="8c84fa94-04c1-424b-9868-57a2d4851a1d" relativeResultsDirectory="3b918cbb-dd55-46a4-8204-3880bfd3e2bb" />
    <UnitTestResult executionId="6cf89fe7-75d0-4136-95a1-e71a428b36f3" testId="158bca34-73f6-5fa5-b1fc-82c21feb72b6" testName="FluentValidation.Tests.ComplexValidationTester.Multiple_rules_in_chain_with_childvalidator_shouldnt_reuse_accessor" computerName="DORNY-PC" duration="00:00:00.0007222" startTime="2021-01-28T21:34:14.0941335+01:00" endTime="2021-01-28T21:34:14.0941351+01:00" testType="13cdc9d9-ddb5-4fa4-a97d-d965ccfc6d4b" outcome="Passed" testListId="8c84fa94-04c1-424b-9868-57a2d4851a1d" relativeResultsDirectory="6cf89fe7-75d0-4136-95a1-e71a428b36f3" />
    <UnitTestResult executionId="b1613806-53ea-41a9-a85c-77aee13cef4b" testId="0f327029-5837-93f6-9bd8-e3d3702f1f15" testName="FluentValidation.Tests.SharedConditionTests.Doesnt_throw_NullReferenceException_when_instance_not_null_async" computerName="DORNY-PC" duration="00:00:00.0014608" startTime="2021-01-28T21:34:14.2340758+01:00" endTime="2021-01-28T21:34:14.2340773+01:00" testType="13cdc9d9-ddb5-4fa4-a97d-d965ccfc6d4b" outcome="Passed" testListId="8c84fa94-04c1-424b-9868-57a2d4851a1d" relativeResultsDirectory="b1613806-53ea-41a9-a85c-77aee13cef4b" />
    <UnitTestResult executionId="242e5b8c-97fb-4853-b3f1-4b8701cd4861" testId="e4cd0ed4-35a8-c15a-a592-ac283a97d5ba" testName="FluentValidation.Tests.MemberAccessorTests.SimpleFieldGet" computerName="DORNY-PC" duration="00:00:00.0004109" startTime="2021-01-28T21:34:17.0308842+01:00" endTime="2021-01-28T21:34:17.0308850+01:00" testType="13cdc9d9-ddb5-4fa4-a97d-d965ccfc6d4b" outcome="Passed" testListId="8c84fa94-04c1-424b-9868-57a2d4851a1d" relativeResultsDirectory="242e5b8c-97fb-4853-b3f1-4b8701cd4861" />
    <UnitTestResult executionId="e08cc85e-8adf-4658-9a38-880cef07a7b1" testId="f48d0e83-4a7a-450c-22c9-0a66df61951c" testName="FluentValidation.Tests.CustomMessageFormatTester.Replaces_propertyvalue_with_empty_string_when_null" computerName="DORNY-PC" duration="00:00:00.0002456" startTime="2021-01-28T21:34:14.2474265+01:00" endTime="2021-01-28T21:34:14.2474275+01:00" testType="13cdc9d9-ddb5-4fa4-a97d-d965ccfc6d4b" outcome="Passed" testListId="8c84fa94-04c1-424b-9868-57a2d4851a1d" relativeResultsDirectory="e08cc85e-8adf-4658-9a38-880cef07a7b1" />
    <UnitTestResult executionId="b2b1b8eb-1923-4f67-b257-856c392eb963" testId="6f866a3e-7147-3011-cacf-b837523366fc" testName="FluentValidation.Tests.LocalisedNameTester.Uses_localized_name_expression" computerName="DORNY-PC" duration="00:00:00.0008903" startTime="2021-01-28T21:34:16.9840471+01:00" endTime="2021-01-28T21:34:16.9840480+01:00" testType="13cdc9d9-ddb5-4fa4-a97d-d965ccfc6d4b" outcome="Passed" testListId="8c84fa94-04c1-424b-9868-57a2d4851a1d" relativeResultsDirectory="b2b1b8eb-1923-4f67-b257-856c392eb963" />
    <UnitTestResult executionId="188a0e38-e8f2-4967-919f-37a714d9903a" testId="7c735d4e-e2ea-8990-507c-c84688639e52" testName="FluentValidation.Tests.RegularExpressionValidatorTests.When_the_text_does_not_match_the_regular_expression_then_the_validator_should_fail" computerName="DORNY-PC" duration="00:00:00.0001644" startTime="2021-01-28T21:34:17.3067679+01:00" endTime="2021-01-28T21:34:17.3067686+01:00" testType="13cdc9d9-ddb5-4fa4-a97d-d965ccfc6d4b" outcome="Passed" testListId="8c84fa94-04c1-424b-9868-57a2d4851a1d" relativeResultsDirectory="188a0e38-e8f2-4967-919f-37a714d9903a" />
    <UnitTestResult executionId="f223feea-8db7-44fc-b165-0b0bcfa3f875" testId="4b32ac24-b1fb-4369-21fd-760bf692547a" testName="FluentValidation.Tests.CustomFailureActionTester.Does_not_invoke_action_if_validation_success" computerName="DORNY-PC" duration="00:00:00.0002528" startTime="2021-01-28T21:34:14.2738978+01:00" endTime="2021-01-28T21:34:14.2738984+01:00" testType="13cdc9d9-ddb5-4fa4-a97d-d965ccfc6d4b" outcome="Passed" testListId="8c84fa94-04c1-424b-9868-57a2d4851a1d" relativeResultsDirectory="f223feea-8db7-44fc-b165-0b0bcfa3f875" />
    <UnitTestResult executionId="fb6bb6d9-f1e4-4a12-8436-91f7436dda85" testId="c54b9df3-a9f3-3453-98f8-103d3da76cd8" testName="FluentValidation.Tests.LessThanValidatorTester.Should_succeed_when_less_than_input" computerName="DORNY-PC" duration="00:00:00.0001783" startTime="2021-01-28T21:34:16.8071446+01:00" endTime="2021-01-28T21:34:16.8071450+01:00" testType="13cdc9d9-ddb5-4fa4-a97d-d965ccfc6d4b" outcome="Passed" testListId="8c84fa94-04c1-424b-9868-57a2d4851a1d" relativeResultsDirectory="fb6bb6d9-f1e4-4a12-8436-91f7436dda85" />
    <UnitTestResult executionId="c6b0715e-8baa-42c5-b512-e3398bfd8b16" testId="a4572c38-59c4-0892-72b3-73340f206bb6" testName="FluentValidation.Tests.AbstractValidatorTester.CanValidateInstancesOfType_returns_true_when_comparing_against_same_type" computerName="DORNY-PC" duration="00:00:00.0000665" startTime="2021-01-28T21:34:17.2500596+01:00" endTime="2021-01-28T21:34:17.2500603+01:00" testType="13cdc9d9-ddb5-4fa4-a97d-d965ccfc6d4b" outcome="Passed" testListId="8c84fa94-04c1-424b-9868-57a2d4851a1d" relativeResultsDirectory="c6b0715e-8baa-42c5-b512-e3398bfd8b16" />
    <UnitTestResult executionId="00645219-f9e0-4571-aee8-e5970fed315e" testId="5d4ac87b-40ce-8357-9d6c-005d08826ab3" testName="FluentValidation.Tests.CascadingFailuresTester.Validation_stops_on_first_failure_when_set_to_StopOnFirstFailure_at_validator_level_async" computerName="DORNY-PC" duration="00:00:00.0009090" startTime="2021-01-28T21:34:14.1791995+01:00" endTime="2021-01-28T21:34:14.1792005+01:00" testType="13cdc9d9-ddb5-4fa4-a97d-d965ccfc6d4b" outcome="Passed" testListId="8c84fa94-04c1-424b-9868-57a2d4851a1d" relativeResultsDirectory="00645219-f9e0-4571-aee8-e5970fed315e" />
    <UnitTestResult executionId="e68a1588-e249-4ffa-b4b1-37d813b616b7" testId="06c110c7-8d34-9ed3-56ce-d15b84bd80f8" testName="FluentValidation.Tests.SharedConditionTests.Executes_custom_rule_when_async_condition_true" computerName="DORNY-PC" duration="00:00:00.0007245" startTime="2021-01-28T21:34:14.2405598+01:00" endTime="2021-01-28T21:34:14.2405599+01:00" testType="13cdc9d9-ddb5-4fa4-a97d-d965ccfc6d4b" outcome="Passed" testListId="8c84fa94-04c1-424b-9868-57a2d4851a1d" relativeResultsDirectory="e68a1588-e249-4ffa-b4b1-37d813b616b7" />
    <UnitTestResult executionId="671b979f-8c12-4381-b46f-d82b6c2e589c" testId="008cc361-8881-a641-9a70-eeac32cbea34" testName="FluentValidation.Tests.ForEachRuleTests.Should_not_scramble_property_name_when_using_collection_validators_several_levels_deep_with_ValidateAsync" computerName="DORNY-PC" duration="00:00:00.0021348" startTime="2021-01-28T21:34:17.1987795+01:00" endTime="2021-01-28T21:34:17.1987804+01:00" testType="13cdc9d9-ddb5-4fa4-a97d-d965ccfc6d4b" outcome="Passed" testListId="8c84fa94-04c1-424b-9868-57a2d4851a1d" relativeResultsDirectory="671b979f-8c12-4381-b46f-d82b6c2e589c" />
    <UnitTestResult executionId="e4d7425d-f528-4d6a-9220-815dd12793f9" testId="c90e055f-9876-7020-08d6-6aa4283c5bfc" testName="FluentValidation.Tests.MessageFormatterTests.Adds_formatted_argument_and_formatted_custom_arguments" computerName="DORNY-PC" duration="00:00:00.0002678" startTime="2021-01-28T21:34:17.1327667+01:00" endTime="2021-01-28T21:34:17.1327675+01:00" testType="13cdc9d9-ddb5-4fa4-a97d-d965ccfc6d4b" outcome="Passed" testListId="8c84fa94-04c1-424b-9868-57a2d4851a1d" relativeResultsDirectory="e4d7425d-f528-4d6a-9220-815dd12793f9" />
    <UnitTestResult executionId="ea9fe135-eb56-488d-8e91-b278165bfa5b" testId="e49a768a-857a-0209-379b-0ff52755c642" testName="FluentValidation.Tests.EmailValidatorTests.Valid_email_addresses_regex(email: &quot;\&quot;Abc\\@def\&quot;@example.com&quot;)" computerName="DORNY-PC" duration="00:00:00.0000260" startTime="2021-01-28T21:34:16.9361442+01:00" endTime="2021-01-28T21:34:16.9361449+01:00" testType="13cdc9d9-ddb5-4fa4-a97d-d965ccfc6d4b" outcome="Passed" testListId="8c84fa94-04c1-424b-9868-57a2d4851a1d" relativeResultsDirectory="ea9fe135-eb56-488d-8e91-b278165bfa5b" />
    <UnitTestResult executionId="b637229c-ac23-4eff-9919-ccc5ed88678f" testId="06014212-f1a7-dc84-1f6e-240f881f5e83" testName="FluentValidation.Tests.PredicateValidatorTester.When_validation_fails_metadata_should_be_set_on_failure" computerName="DORNY-PC" duration="00:00:00.0012067" startTime="2021-01-28T21:34:17.3095128+01:00" endTime="2021-01-28T21:34:17.3095139+01:00" testType="13cdc9d9-ddb5-4fa4-a97d-d965ccfc6d4b" outcome="Passed" testListId="8c84fa94-04c1-424b-9868-57a2d4851a1d" relativeResultsDirectory="b637229c-ac23-4eff-9919-ccc5ed88678f" />
    <UnitTestResult executionId="b4e1dba1-7399-4caf-b7cc-a136d5ce5116" testId="8171e48c-cfe0-3a26-357f-08352094d619" testName="FluentValidation.Tests.PropertyChainTests.Calling_ToString_should_construct_string_representation_of_chain_with_indexers" computerName="DORNY-PC" duration="00:00:00.0002382" startTime="2021-01-28T21:34:17.3148462+01:00" endTime="2021-01-28T21:34:17.3148470+01:00" testType="13cdc9d9-ddb5-4fa4-a97d-d965ccfc6d4b" outcome="Passed" testListId="8c84fa94-04c1-424b-9868-57a2d4851a1d" relativeResultsDirectory="b4e1dba1-7399-4caf-b7cc-a136d5ce5116" />
    <UnitTestResult executionId="9cafcba4-8b54-49ff-b0f0-f9f6c60df03e" testId="74827238-6ac6-8639-b349-a3624a97b7a9" testName="FluentValidation.Tests.ValidateAndThrowTester.Does_not_throw_when_valid_and_a_ruleset" computerName="DORNY-PC" duration="00:00:00.0003775" startTime="2021-01-28T21:34:17.1685088+01:00" endTime="2021-01-28T21:34:17.1685096+01:00" testType="13cdc9d9-ddb5-4fa4-a97d-d965ccfc6d4b" outcome="Passed" testListId="8c84fa94-04c1-424b-9868-57a2d4851a1d" relativeResultsDirectory="9cafcba4-8b54-49ff-b0f0-f9f6c60df03e" />
    <UnitTestResult executionId="8729b11f-58cb-4459-8134-b04edd2c841c" testId="980f6bca-1e09-11e4-4822-cade225be40b" testName="FluentValidation.Tests.LessThanValidatorTester.Comparison_property_uses_custom_resolver" computerName="DORNY-PC" duration="00:00:00.0003967" startTime="2021-01-28T21:34:16.8060644+01:00" endTime="2021-01-28T21:34:16.8060652+01:00" testType="13cdc9d9-ddb5-4fa4-a97d-d965ccfc6d4b" outcome="Passed" testListId="8c84fa94-04c1-424b-9868-57a2d4851a1d" relativeResultsDirectory="8729b11f-58cb-4459-8134-b04edd2c841c" />
    <UnitTestResult executionId="00b3536e-bb55-4da6-b8fc-b7616487ee73" testId="6f6f09e2-fd18-47f2-bd02-89f6b7811290" testName="FluentValidation.Tests.AbstractValidatorTester.Can_replace_default_errorcode_resolver" computerName="DORNY-PC" duration="00:00:00.0003158" startTime="2021-01-28T21:34:17.2635649+01:00" endTime="2021-01-28T21:34:17.2635657+01:00" testType="13cdc9d9-ddb5-4fa4-a97d-d965ccfc6d4b" outcome="Passed" testListId="8c84fa94-04c1-424b-9868-57a2d4851a1d" relativeResultsDirectory="00b3536e-bb55-4da6-b8fc-b7616487ee73" />
    <UnitTestResult executionId="51eaad64-4b24-4bb7-b214-1b4616f301e0" testId="afc87f63-283e-7783-186c-4bbc5331191b" testName="FluentValidation.Tests.RuleBuilderTests.Calling_validate_should_delegate_to_underlying_validator" computerName="DORNY-PC" duration="00:00:00.0014739" startTime="2021-01-28T21:34:17.1148107+01:00" endTime="2021-01-28T21:34:17.1148120+01:00" testType="13cdc9d9-ddb5-4fa4-a97d-d965ccfc6d4b" outcome="Passed" testListId="8c84fa94-04c1-424b-9868-57a2d4851a1d" relativeResultsDirectory="51eaad64-4b24-4bb7-b214-1b4616f301e0" />
    <UnitTestResult executionId="24dd5ac4-1d71-4870-be8a-b8539736671e" testId="6c87fcde-674b-b571-b4a2-f7b38dd3dff3" testName="FluentValidation.Tests.NullTester.NullValidator_should_pass_if_value_is_null" computerName="DORNY-PC" duration="00:00:00.0003543" startTime="2021-01-28T21:34:16.7994936+01:00" endTime="2021-01-28T21:34:16.7994946+01:00" testType="13cdc9d9-ddb5-4fa4-a97d-d965ccfc6d4b" outcome="Passed" testListId="8c84fa94-04c1-424b-9868-57a2d4851a1d" relativeResultsDirectory="24dd5ac4-1d71-4870-be8a-b8539736671e" />
    <UnitTestResult executionId="9ad11d01-ce2d-44fd-b0d5-ce68484510d9" testId="8bfd446f-117a-be01-8bb9-1d945d787203" testName="FluentValidation.Tests.UserStateTester.Correctly_provides_object_being_validated" computerName="DORNY-PC" duration="00:00:00.0003223" startTime="2021-01-28T21:34:14.1351686+01:00" endTime="2021-01-28T21:34:14.1351696+01:00" testType="13cdc9d9-ddb5-4fa4-a97d-d965ccfc6d4b" outcome="Passed" testListId="8c84fa94-04c1-424b-9868-57a2d4851a1d" relativeResultsDirectory="9ad11d01-ce2d-44fd-b0d5-ce68484510d9" />
    <UnitTestResult executionId="3cdd2f6d-79b8-495a-8de7-c8c7634e9b39" testId="d8fba7c9-4a0f-db4a-0adc-d975b36d5053" testName="FluentValidation.Tests.LengthValidatorTests.When_the_text_is_larger_than_the_range_then_the_validator_should_fail" computerName="DORNY-PC" duration="00:00:00.0002796" startTime="2021-01-28T21:34:14.0711860+01:00" endTime="2021-01-28T21:34:14.0711872+01:00" testType="13cdc9d9-ddb5-4fa4-a97d-d965ccfc6d4b" outcome="Passed" testListId="8c84fa94-04c1-424b-9868-57a2d4851a1d" relativeResultsDirectory="3cdd2f6d-79b8-495a-8de7-c8c7634e9b39" />
    <UnitTestResult executionId="f591bef5-025d-4912-9ce2-8efbfe02f3c5" testId="f35d1388-8169-615d-6c01-98711e291fe3" testName="FluentValidation.Tests.EnumValidatorTests.When_the_enum_is_initialized_with_invalid_value_then_the_validator_should_fail" computerName="DORNY-PC" duration="00:00:00.0002553" startTime="2021-01-28T21:34:17.0064950+01:00" endTime="2021-01-28T21:34:17.0064957+01:00" testType="13cdc9d9-ddb5-4fa4-a97d-d965ccfc6d4b" outcome="Passed" testListId="8c84fa94-04c1-424b-9868-57a2d4851a1d" relativeResultsDirectory="f591bef5-025d-4912-9ce2-8efbfe02f3c5" />
    <UnitTestResult executionId="06267a14-28f8-42d9-af34-ff2eb73683c9" testId="40b46125-aa72-17ad-6e96-6f4f3bbc387e" testName="FluentValidation.Tests.ValidatorTesterTester.Tests_nested_property_using_obsolete_method" computerName="DORNY-PC" duration="00:00:00.0004676" startTime="2021-01-28T21:34:16.8869555+01:00" endTime="2021-01-28T21:34:16.8869566+01:00" testType="13cdc9d9-ddb5-4fa4-a97d-d965ccfc6d4b" outcome="Passed" testListId="8c84fa94-04c1-424b-9868-57a2d4851a1d" relativeResultsDirectory="06267a14-28f8-42d9-af34-ff2eb73683c9" />
    <UnitTestResult executionId="81e261a4-87b0-471f-b5ff-84cf66a84db1" testId="4119dcec-703e-3f26-5982-a66a53fcdf3a" testName="FluentValidation.Tests.RegularExpressionValidatorTests.Can_access_expression_in_message" computerName="DORNY-PC" duration="00:00:00.0002264" startTime="2021-01-28T21:34:17.3050664+01:00" endTime="2021-01-28T21:34:17.3050672+01:00" testType="13cdc9d9-ddb5-4fa4-a97d-d965ccfc6d4b" outcome="Passed" testListId="8c84fa94-04c1-424b-9868-57a2d4851a1d" relativeResultsDirectory="81e261a4-87b0-471f-b5ff-84cf66a84db1" />
    <UnitTestResult executionId="4329a892-6823-4889-ac13-efce53fbd153" testId="95668abe-8376-48e1-67bf-74cac39cb21b" testName="FluentValidation.Tests.ValidationResultTests.Can_serialize_result" computerName="DORNY-PC" duration="00:00:00.0071021" startTime="2021-01-28T21:34:16.9767114+01:00" endTime="2021-01-28T21:34:16.9767129+01:00" testType="13cdc9d9-ddb5-4fa4-a97d-d965ccfc6d4b" outcome="Passed" testListId="8c84fa94-04c1-424b-9868-57a2d4851a1d" relativeResultsDirectory="4329a892-6823-4889-ac13-efce53fbd153" />
    <UnitTestResult executionId="c398cf71-107a-42cf-bf95-fe0385272db3" testId="b15922e8-0360-2586-b87d-44d5850faa16" testName="FluentValidation.Tests.CascadingFailuresTester.Validation_continues_on_failure_when_set_to_StopOnFirstFailure_at_validator_level_and_overriden_at_rule_level_async" computerName="DORNY-PC" duration="00:00:00.0010720" startTime="2021-01-28T21:34:14.1666890+01:00" endTime="2021-01-28T21:34:14.1666910+01:00" testType="13cdc9d9-ddb5-4fa4-a97d-d965ccfc6d4b" outcome="Passed" testListId="8c84fa94-04c1-424b-9868-57a2d4851a1d" relativeResultsDirectory="c398cf71-107a-42cf-bf95-fe0385272db3" />
    <UnitTestResult executionId="d5f41416-4e24-46d4-908f-f20c9769ee88" testId="c4a3024d-3a09-292e-990f-c2a6c08cdec3" testName="FluentValidation.Tests.SharedConditionTests.Async_condition_can_be_used_inside_ruleset" computerName="DORNY-PC" duration="00:00:00.0018948" startTime="2021-01-28T21:34:14.2087145+01:00" endTime="2021-01-28T21:34:14.2087165+01:00" testType="13cdc9d9-ddb5-4fa4-a97d-d965ccfc6d4b" outcome="Passed" testListId="8c84fa94-04c1-424b-9868-57a2d4851a1d" relativeResultsDirectory="d5f41416-4e24-46d4-908f-f20c9769ee88" />
    <UnitTestResult executionId="184ba738-4bd9-449c-a9f5-f5dfcdfe2f67" testId="82b951e8-00ae-f43b-ae5a-6615e231a190" testName="FluentValidation.Tests.GreaterThanValidatorTester.Comparison_Type" computerName="DORNY-PC" duration="00:00:00.0002061" startTime="2021-01-28T21:34:16.9790054+01:00" endTime="2021-01-28T21:34:16.9790061+01:00" testType="13cdc9d9-ddb5-4fa4-a97d-d965ccfc6d4b" outcome="Passed" testListId="8c84fa94-04c1-424b-9868-57a2d4851a1d" relativeResultsDirectory="184ba738-4bd9-449c-a9f5-f5dfcdfe2f67" />
    <UnitTestResult executionId="cbd1f64e-3b44-4f66-a7d2-8611e9836b1a" testId="1da0f73e-0f3e-3ad9-bdc7-965bd6eb3db5" testName="FluentValidation.Tests.ComplexValidationTester.Validates_child_validator_synchronously" computerName="DORNY-PC" duration="00:00:00.0004716" startTime="2021-01-28T21:34:14.1039154+01:00" endTime="2021-01-28T21:34:14.1039171+01:00" testType="13cdc9d9-ddb5-4fa4-a97d-d965ccfc6d4b" outcome="Passed" testListId="8c84fa94-04c1-424b-9868-57a2d4851a1d" relativeResultsDirectory="cbd1f64e-3b44-4f66-a7d2-8611e9836b1a" />
    <UnitTestResult executionId="42342e86-0ee6-46cd-b735-aa277ca3c882" testId="d30b398e-3b4c-91fa-85bb-82758556b6b8" testName="FluentValidation.Tests.CreditCardValidatorTests.IsValidTests" computerName="DORNY-PC" duration="00:00:00.0002171" startTime="2021-01-28T21:34:17.1498190+01:00" endTime="2021-01-28T21:34:17.1498198+01:00" testType="13cdc9d9-ddb5-4fa4-a97d-d965ccfc6d4b" outcome="Passed" testListId="8c84fa94-04c1-424b-9868-57a2d4851a1d" relativeResultsDirectory="42342e86-0ee6-46cd-b735-aa277ca3c882" />
    <UnitTestResult executionId="f1644ad0-014a-4b9f-92db-f9ea1bc3b025" testId="d39f6157-f567-d8fb-0b72-9893a61956da" testName="FluentValidation.Tests.CascadingFailuresTester.Validation_continues_to_second_validator_when_first_validator_succeeds_and_cascade_set_to_stop" computerName="DORNY-PC" duration="00:00:00.0001667" startTime="2021-01-28T21:34:14.1780355+01:00" endTime="2021-01-28T21:34:14.1780362+01:00" testType="13cdc9d9-ddb5-4fa4-a97d-d965ccfc6d4b" outcome="Passed" testListId="8c84fa94-04c1-424b-9868-57a2d4851a1d" relativeResultsDirectory="f1644ad0-014a-4b9f-92db-f9ea1bc3b025" />
    <UnitTestResult executionId="865baa26-3ad1-40f7-bc14-71c5331830f9" testId="4ba83bc8-9974-230d-9289-9d1c29ff28ff" testName="FluentValidation.Tests.StringEnumValidatorTests.When_enumType_is_null_it_should_throw" computerName="DORNY-PC" duration="00:00:00.0021549" startTime="2021-01-28T21:34:14.1269419+01:00" endTime="2021-01-28T21:34:14.1269426+01:00" testType="13cdc9d9-ddb5-4fa4-a97d-d965ccfc6d4b" outcome="Passed" testListId="8c84fa94-04c1-424b-9868-57a2d4851a1d" relativeResultsDirectory="865baa26-3ad1-40f7-bc14-71c5331830f9" />
    <UnitTestResult executionId="00c38aef-a499-4d84-92ea-3c7d110e6f4c" testId="e25c3d00-03c6-d2fa-ba77-023f3c4c50ed" testName="FluentValidation.Tests.LessThanOrEqualToValidatorTester.Validates_nullable_with_nullable_property" computerName="DORNY-PC" duration="00:00:00.0004362" startTime="2021-01-28T21:34:17.2442983+01:00" endTime="2021-01-28T21:34:17.2442990+01:00" testType="13cdc9d9-ddb5-4fa4-a97d-d965ccfc6d4b" outcome="Passed" testListId="8c84fa94-04c1-424b-9868-57a2d4851a1d" relativeResultsDirectory="00c38aef-a499-4d84-92ea-3c7d110e6f4c" />
    <UnitTestResult executionId="3d3bba54-fdcc-4e19-9252-285d22e47799" testId="c3ba47d6-eab7-6692-30c9-ca20120a942f" testName="FluentValidation.Tests.CustomMessageFormatTester.Replaces_propertyvalue_placeholder" computerName="DORNY-PC" duration="00:00:00.0009778" startTime="2021-01-28T21:34:14.2471351+01:00" endTime="2021-01-28T21:34:14.2471369+01:00" testType="13cdc9d9-ddb5-4fa4-a97d-d965ccfc6d4b" outcome="Passed" testListId="8c84fa94-04c1-424b-9868-57a2d4851a1d" relativeResultsDirectory="3d3bba54-fdcc-4e19-9252-285d22e47799" />
    <UnitTestResult executionId="13d1f466-cfee-4e9c-8c14-5683c692bef7" testId="703de43f-51ca-8bf3-0324-363a6392ca37" testName="FluentValidation.Tests.ValidatorTesterTester.ShouldHaveValidationError_should_throw_when_there_are_not_validation_errors_ruleforeach" computerName="DORNY-PC" duration="00:00:00.0022202" startTime="2021-01-28T21:34:16.8352336+01:00" endTime="2021-01-28T21:34:16.8352347+01:00" testType="13cdc9d9-ddb5-4fa4-a97d-d965ccfc6d4b" outcome="Passed" testListId="8c84fa94-04c1-424b-9868-57a2d4851a1d" relativeResultsDirectory="13d1f466-cfee-4e9c-8c14-5683c692bef7" />
    <UnitTestResult executionId="fdd54eb1-ef89-48d3-b818-15b5282bfa5a" testId="4b455b62-f312-f58a-6917-1e1da3bbad24" testName="FluentValidation.Tests.NotEqualValidatorTests.Should_store_property_to_compare" computerName="DORNY-PC" duration="00:00:00.0018340" startTime="2021-01-28T21:34:14.2534218+01:00" endTime="2021-01-28T21:34:14.2534236+01:00" testType="13cdc9d9-ddb5-4fa4-a97d-d965ccfc6d4b" outcome="Passed" testListId="8c84fa94-04c1-424b-9868-57a2d4851a1d" relativeResultsDirectory="fdd54eb1-ef89-48d3-b818-15b5282bfa5a" />
    <UnitTestResult executionId="4641042e-7df1-422e-8612-5967463d641f" testId="6d1f3930-9bdc-f89b-1a2e-50e7ce0c62db" testName="FluentValidation.Tests.GreaterThanValidatorTester.Validates_with_property" computerName="DORNY-PC" duration="00:00:00.0004626" startTime="2021-01-28T21:34:16.9814808+01:00" endTime="2021-01-28T21:34:16.9814811+01:00" testType="13cdc9d9-ddb5-4fa4-a97d-d965ccfc6d4b" outcome="Passed" testListId="8c84fa94-04c1-424b-9868-57a2d4851a1d" relativeResultsDirectory="4641042e-7df1-422e-8612-5967463d641f" />
    <UnitTestResult executionId="25c09b84-aa98-429b-b4b8-a21c0636b0b5" testId="024eb999-083e-bc07-f309-922f9d52d793" testName="FluentValidation.Tests.GreaterThanOrEqualToValidatorTester.Validates_with_nullable_property" computerName="DORNY-PC" duration="00:00:00.0005735" startTime="2021-01-28T21:34:16.9161329+01:00" endTime="2021-01-28T21:34:16.9161337+01:00" testType="13cdc9d9-ddb5-4fa4-a97d-d965ccfc6d4b" outcome="Passed" testListId="8c84fa94-04c1-424b-9868-57a2d4851a1d" relativeResultsDirectory="25c09b84-aa98-429b-b4b8-a21c0636b0b5" />
    <UnitTestResult executionId="b075f294-0acf-4d7e-b7df-cb12027a09a1" testId="ff2685d7-d197-ed21-678d-277e4ac4c672" testName="FluentValidation.Tests.CustomValidatorTester.Runs_sync_rule_asynchronously_when_validator_invoked_asynchronously" computerName="DORNY-PC" duration="00:00:00.0005199" startTime="2021-01-28T21:34:17.3239048+01:00" endTime="2021-01-28T21:34:17.3239056+01:00" testType="13cdc9d9-ddb5-4fa4-a97d-d965ccfc6d4b" outcome="Passed" testListId="8c84fa94-04c1-424b-9868-57a2d4851a1d" relativeResultsDirectory="b075f294-0acf-4d7e-b7df-cb12027a09a1" />
    <UnitTestResult executionId="45a041a1-10bd-4c79-aaf7-8b9ea8ca7d53" testId="cb17a992-f319-0dd1-89a7-3eb81c283bd8" testName="FluentValidation.Tests.RuleDependencyTests.Does_not_invoke_dependent_rule_if_parent_rule_does_not_pass" computerName="DORNY-PC" duration="00:00:00.0003280" startTime="2021-01-28T21:34:15.7934706+01:00" endTime="2021-01-28T21:34:15.7934714+01:00" testType="13cdc9d9-ddb5-4fa4-a97d-d965ccfc6d4b" outcome="Passed" testListId="8c84fa94-04c1-424b-9868-57a2d4851a1d" relativeResultsDirectory="45a041a1-10bd-4c79-aaf7-8b9ea8ca7d53" />
    <UnitTestResult executionId="03875279-4e20-421a-b768-40f541a280d8" testId="3ee85e2f-dfff-7c36-28a6-34dcd28df7e8" testName="FluentValidation.Tests.RulesetTests.Executes_rules_in_specified_ruleset" computerName="DORNY-PC" duration="00:00:00.0001594" startTime="2021-01-28T21:34:17.2858904+01:00" endTime="2021-01-28T21:34:17.2858911+01:00" testType="13cdc9d9-ddb5-4fa4-a97d-d965ccfc6d4b" outcome="Passed" testListId="8c84fa94-04c1-424b-9868-57a2d4851a1d" relativeResultsDirectory="03875279-4e20-421a-b768-40f541a280d8" />
    <UnitTestResult executionId="3830c115-11af-433e-89cd-ad808737e175" testId="1bab6ad3-97f7-2be2-7365-9c7d7474b915" testName="FluentValidation.Tests.ComplexValidationTester.Async_condition_should_work_with_complex_property_when_validator_invoked_synchronously" computerName="DORNY-PC" duration="00:00:00.0007052" startTime="2021-01-28T21:34:14.0984055+01:00" endTime="2021-01-28T21:34:14.0984069+01:00" testType="13cdc9d9-ddb5-4fa4-a97d-d965ccfc6d4b" outcome="Passed" testListId="8c84fa94-04c1-424b-9868-57a2d4851a1d" relativeResultsDirectory="3830c115-11af-433e-89cd-ad808737e175" />
    <UnitTestResult executionId="032d13d3-edaa-4724-b826-3f4dc6a222b8" testId="9356db21-add3-51c6-7097-4ea51a559a3f" testName="FluentValidation.Tests.EmailValidatorTests.Valid_email_addresses_aspnetcore_compatible(email: &quot;someName@someDomain.com&quot;)" computerName="DORNY-PC" duration="00:00:00.0000167" startTime="2021-01-28T21:34:16.9181469+01:00" endTime="2021-01-28T21:34:16.9181471+01:00" testType="13cdc9d9-ddb5-4fa4-a97d-d965ccfc6d4b" outcome="Passed" testListId="8c84fa94-04c1-424b-9868-57a2d4851a1d" relativeResultsDirectory="032d13d3-edaa-4724-b826-3f4dc6a222b8" />
    <UnitTestResult executionId="f8b63f31-9599-4561-a848-bade6a9d0554" testId="07c97d74-e941-a5bb-eaeb-0b95c8b9de18" testName="FluentValidation.Tests.AbstractValidatorTester.WithErrorCode_should_override_error_code" computerName="DORNY-PC" duration="00:00:00.0001849" startTime="2021-01-28T21:34:17.2610779+01:00" endTime="2021-01-28T21:34:17.2610786+01:00" testType="13cdc9d9-ddb5-4fa4-a97d-d965ccfc6d4b" outcome="Passed" testListId="8c84fa94-04c1-424b-9868-57a2d4851a1d" relativeResultsDirectory="f8b63f31-9599-4561-a848-bade6a9d0554" />
    <UnitTestResult executionId="b0aceb4a-d8c5-4909-8066-bc1fcec56217" testId="7a3b957a-30f9-3ae7-5da1-c73d87fd92be" testName="FluentValidation.Tests.OnFailureTests.WhenAsyncWithOnFailure_should_invoke_condition_on_async_inner_validator" computerName="DORNY-PC" duration="00:00:00.0006154" startTime="2021-01-28T21:34:17.1452459+01:00" endTime="2021-01-28T21:34:17.1452466+01:00" testType="13cdc9d9-ddb5-4fa4-a97d-d965ccfc6d4b" outcome="Passed" testListId="8c84fa94-04c1-424b-9868-57a2d4851a1d" relativeResultsDirectory="b0aceb4a-d8c5-4909-8066-bc1fcec56217" />
    <UnitTestResult executionId="19bfbf0e-beb5-43d8-9f28-0a2229ec6b77" testId="582f1eb1-b3c0-a4ac-15fa-42ecc15946b2" testName="FluentValidation.Tests.CascadingFailuresTester.Validation_stops_on_failure_when_set_to_Continue_and_overriden_at_rule_level_async" computerName="DORNY-PC" duration="00:00:00.0008319" startTime="2021-01-28T21:34:14.1812589+01:00" endTime="2021-01-28T21:34:14.1812606+01:00" testType="13cdc9d9-ddb5-4fa4-a97d-d965ccfc6d4b" outcome="Passed" testListId="8c84fa94-04c1-424b-9868-57a2d4851a1d" relativeResultsDirectory="19bfbf0e-beb5-43d8-9f28-0a2229ec6b77" />
    <UnitTestResult executionId="6f0490a9-0501-4d8c-b727-0495e325b6a6" testId="5a88a965-761d-1c99-f54d-956333169df4" testName="FluentValidation.Tests.ChainedValidationTester.Should_allow_normal_rules_and_chained_property_on_same_property" computerName="DORNY-PC" duration="00:00:00.0002278" startTime="2021-01-28T21:34:17.3271031+01:00" endTime="2021-01-28T21:34:17.3271034+01:00" testType="13cdc9d9-ddb5-4fa4-a97d-d965ccfc6d4b" outcome="Passed" testListId="8c84fa94-04c1-424b-9868-57a2d4851a1d" relativeResultsDirectory="6f0490a9-0501-4d8c-b727-0495e325b6a6" />
    <UnitTestResult executionId="1eafc30f-1865-4a5a-abd5-c371eedebcbd" testId="cead59ae-7d25-a743-1b3c-2a7dec0a6f9e" testName="FluentValidation.Tests.SharedConditionTests.Shared_When_respects_the_smaller_scope_of_a_inner_Unless_when_the_inner_Unless_predicate_fails" computerName="DORNY-PC" duration="00:00:00.0001544" startTime="2021-01-28T21:34:14.2325624+01:00" endTime="2021-01-28T21:34:14.2325631+01:00" testType="13cdc9d9-ddb5-4fa4-a97d-d965ccfc6d4b" outcome="Passed" testListId="8c84fa94-04c1-424b-9868-57a2d4851a1d" relativeResultsDirectory="1eafc30f-1865-4a5a-abd5-c371eedebcbd" />
    <UnitTestResult executionId="88aa8275-cd4d-4d2d-85e7-4a2adae61721" testId="a4880eaf-6936-b5bc-d414-d52f9a0a5cc2" testName="FluentValidation.Tests.DefaultValidatorExtensionTester.LessThanOrEqual_should_create_LessThanOrEqualValidator_with_lambda_with_other_Nullable" computerName="DORNY-PC" duration="00:00:00.0004351" startTime="2021-01-28T21:34:14.0605897+01:00" endTime="2021-01-28T21:34:14.0605900+01:00" testType="13cdc9d9-ddb5-4fa4-a97d-d965ccfc6d4b" outcome="Passed" testListId="8c84fa94-04c1-424b-9868-57a2d4851a1d" relativeResultsDirectory="88aa8275-cd4d-4d2d-85e7-4a2adae61721" />
    <UnitTestResult executionId="ecf58caf-a912-4872-bbb8-db2b688adfe8" testId="80bd8ebb-155b-3503-e5f6-e1f2b488d0d4" testName="FluentValidation.Tests.LessThanValidatorTester.Validates_with_nullable_when_property_null_cross_property" computerName="DORNY-PC" duration="00:00:00.0004635" startTime="2021-01-28T21:34:16.8056298+01:00" endTime="2021-01-28T21:34:16.8056307+01:00" testType="13cdc9d9-ddb5-4fa4-a97d-d965ccfc6d4b" outcome="Passed" testListId="8c84fa94-04c1-424b-9868-57a2d4851a1d" relativeResultsDirectory="ecf58caf-a912-4872-bbb8-db2b688adfe8" />
    <UnitTestResult executionId="1938d65c-d3ad-49b6-aa1f-c7a82382996b" testId="0be46257-62ab-444d-b1c4-4dddb9a0f339" testName="FluentValidation.Tests.NotEqualValidatorTests.When_the_objects_are_not_equal_then_the_validator_should_pass" computerName="DORNY-PC" duration="00:00:00.0002334" startTime="2021-01-28T21:34:14.2544057+01:00" endTime="2021-01-28T21:34:14.2544062+01:00" testType="13cdc9d9-ddb5-4fa4-a97d-d965ccfc6d4b" outcome="Passed" testListId="8c84fa94-04c1-424b-9868-57a2d4851a1d" relativeResultsDirectory="1938d65c-d3ad-49b6-aa1f-c7a82382996b" />
    <UnitTestResult executionId="a43587ea-9937-42c5-a99d-c6ac550420d0" testId="c69b3ce9-8580-7ba6-9bc3-277cb398ee81" testName="FluentValidation.Tests.RuleDependencyTests.Nested_dependent_rules_inside_ruleset_no_result_when_top_level_fails" computerName="DORNY-PC" duration="00:00:00.0016869" startTime="2021-01-28T21:34:15.7914548+01:00" endTime="2021-01-28T21:34:15.7914566+01:00" testType="13cdc9d9-ddb5-4fa4-a97d-d965ccfc6d4b" outcome="Passed" testListId="8c84fa94-04c1-424b-9868-57a2d4851a1d" relativeResultsDirectory="a43587ea-9937-42c5-a99d-c6ac550420d0" />
    <UnitTestResult executionId="51e9c610-d2de-4c6e-84b8-f77d422a1b5c" testId="e9f58863-1919-48f1-4630-460ea3516716" testName="FluentValidation.Tests.ValidationResultTests.Should_be_valid_when_there_are_no_errors" computerName="DORNY-PC" duration="00:00:00.0000335" startTime="2021-01-28T21:34:16.9775586+01:00" endTime="2021-01-28T21:34:16.9775588+01:00" testType="13cdc9d9-ddb5-4fa4-a97d-d965ccfc6d4b" outcome="Passed" testListId="8c84fa94-04c1-424b-9868-57a2d4851a1d" relativeResultsDirectory="51e9c610-d2de-4c6e-84b8-f77d422a1b5c" />
    <UnitTestResult executionId="8df5885f-42e1-435f-aa7f-a5a6fb06d9c2" testId="20cd9206-2df1-bec9-4fa9-33758ce35c74" testName="FluentValidation.Tests.AbstractValidatorTester.Default_error_code_should_be_class_name" computerName="DORNY-PC" duration="00:00:00.0001555" startTime="2021-01-28T21:34:17.2650325+01:00" endTime="2021-01-28T21:34:17.2650326+01:00" testType="13cdc9d9-ddb5-4fa4-a97d-d965ccfc6d4b" outcome="Passed" testListId="8c84fa94-04c1-424b-9868-57a2d4851a1d" relativeResultsDirectory="8df5885f-42e1-435f-aa7f-a5a6fb06d9c2" />
    <UnitTestResult executionId="865cf542-b867-4838-a34e-40d5b74aefad" testId="28dff0f0-7eb9-a744-6fe7-08093608e66e" testName="FluentValidation.Tests.LengthValidatorTests.When_the_text_is_exactly_the_size_of_the_lambda_upper_bound_then_the_validator_should_pass" computerName="DORNY-PC" duration="00:00:00.0003149" startTime="2021-01-28T21:34:14.0738452+01:00" endTime="2021-01-28T21:34:14.0738464+01:00" testType="13cdc9d9-ddb5-4fa4-a97d-d965ccfc6d4b" outcome="Passed" testListId="8c84fa94-04c1-424b-9868-57a2d4851a1d" relativeResultsDirectory="865cf542-b867-4838-a34e-40d5b74aefad" />
    <UnitTestResult executionId="c0521255-3ed2-486f-a461-70c6a9895881" testId="a5f325fe-8670-fd77-e240-954041a63ac4" testName="FluentValidation.Tests.StandalonePropertyValidationTester.Should_validate_property_value_without_instance" computerName="DORNY-PC" duration="00:00:00.0003758" startTime="2021-01-28T21:34:14.1572687+01:00" endTime="2021-01-28T21:34:14.1572696+01:00" testType="13cdc9d9-ddb5-4fa4-a97d-d965ccfc6d4b" outcome="Passed" testListId="8c84fa94-04c1-424b-9868-57a2d4851a1d" relativeResultsDirectory="c0521255-3ed2-486f-a461-70c6a9895881" />
    <UnitTestResult executionId="a565b7f6-15d5-4e84-a427-843a728cab12" testId="095e05ba-c3dc-b81f-b0fb-776de35704d8" testName="FluentValidation.Tests.ValidatorSelectorTests.Includes_nested_property_using_expression" computerName="DORNY-PC" duration="00:00:00.0005054" startTime="2021-01-28T21:34:14.2685406+01:00" endTime="2021-01-28T21:34:14.2685418+01:00" testType="13cdc9d9-ddb5-4fa4-a97d-d965ccfc6d4b" outcome="Passed" testListId="8c84fa94-04c1-424b-9868-57a2d4851a1d" relativeResultsDirectory="a565b7f6-15d5-4e84-a427-843a728cab12" />
    <UnitTestResult executionId="c2e72bcc-cd58-49e4-a6ff-b4d4318e6385" testId="e49a768a-857a-0209-379b-0ff52755c642" testName="FluentValidation.Tests.EmailValidatorTests.Valid_email_addresses_regex(email: null)" computerName="DORNY-PC" duration="00:00:00.0004724" startTime="2021-01-28T21:34:16.9196005+01:00" endTime="2021-01-28T21:34:16.9196015+01:00" testType="13cdc9d9-ddb5-4fa4-a97d-d965ccfc6d4b" outcome="Passed" testListId="8c84fa94-04c1-424b-9868-57a2d4851a1d" relativeResultsDirectory="c2e72bcc-cd58-49e4-a6ff-b4d4318e6385" />
    <UnitTestResult executionId="b48e4aa0-7264-4ec0-9d83-199430cbc50a" testId="5b376b62-5d1d-8f2b-6146-699a1983e7c7" testName="FluentValidation.Tests.DefaultValidatorExtensionTester.MustAsync_should_create_AsyncPredicteValidator" computerName="DORNY-PC" duration="00:00:00.0005833" startTime="2021-01-28T21:34:14.0594868+01:00" endTime="2021-01-28T21:34:14.0594870+01:00" testType="13cdc9d9-ddb5-4fa4-a97d-d965ccfc6d4b" outcome="Passed" testListId="8c84fa94-04c1-424b-9868-57a2d4851a1d" relativeResultsDirectory="b48e4aa0-7264-4ec0-9d83-199430cbc50a" />
    <UnitTestResult executionId="cacf953e-f84d-4bb0-923d-a2a6cfa8ca29" testId="c828bed1-de38-00eb-585d-e1ed82287270" testName="FluentValidation.Tests.DefaultValidatorExtensionTester.Length_should_create_ExactLengthValidator" computerName="DORNY-PC" duration="00:00:00.0003392" startTime="2021-01-28T21:34:14.0250475+01:00" endTime="2021-01-28T21:34:14.0250477+01:00" testType="13cdc9d9-ddb5-4fa4-a97d-d965ccfc6d4b" outcome="Passed" testListId="8c84fa94-04c1-424b-9868-57a2d4851a1d" relativeResultsDirectory="cacf953e-f84d-4bb0-923d-a2a6cfa8ca29" />
    <UnitTestResult executionId="731c8418-3718-4fe3-849a-7955b297f6e3" testId="8ca2fe7c-3f33-a2fb-6ca0-e4d433663919" testName="FluentValidation.Tests.RegularExpressionValidatorTests.Can_access_expression_in_message_lambda_regex" computerName="DORNY-PC" duration="00:00:00.0002767" startTime="2021-01-28T21:34:17.3048039+01:00" endTime="2021-01-28T21:34:17.3048046+01:00" testType="13cdc9d9-ddb5-4fa4-a97d-d965ccfc6d4b" outcome="Passed" testListId="8c84fa94-04c1-424b-9868-57a2d4851a1d" relativeResultsDirectory="731c8418-3718-4fe3-849a-7955b297f6e3" />
    <UnitTestResult executionId="7fc9e8d8-7261-48c0-8598-02f2140142d9" testId="b1f415eb-f006-5466-e2b8-4dd1d89d0588" testName="FluentValidation.Tests.GreaterThanValidatorTester.Should_set_default_error_when_validation_fails" computerName="DORNY-PC" duration="00:00:00.0001047" startTime="2021-01-28T21:34:16.9818091+01:00" endTime="2021-01-28T21:34:16.9818098+01:00" testType="13cdc9d9-ddb5-4fa4-a97d-d965ccfc6d4b" outcome="Passed" testListId="8c84fa94-04c1-424b-9868-57a2d4851a1d" relativeResultsDirectory="7fc9e8d8-7261-48c0-8598-02f2140142d9" />
    <UnitTestResult executionId="8d2b9e96-ae2a-4594-bcca-332fe80d6826" testId="3e175fce-ca3b-3aa4-212c-818d41efbea9" testName="FluentValidation.Tests.ExclusiveBetweenValidatorTests.When_the_value_is_exactly_the_size_of_the_upper_bound_then_the_validator_should_fail_for_strings" computerName="DORNY-PC" duration="00:00:00.0002340" startTime="2021-01-28T21:34:14.1908994+01:00" endTime="2021-01-28T21:34:14.1908998+01:00" testType="13cdc9d9-ddb5-4fa4-a97d-d965ccfc6d4b" outcome="Passed" testListId="8c84fa94-04c1-424b-9868-57a2d4851a1d" relativeResultsDirectory="8d2b9e96-ae2a-4594-bcca-332fe80d6826" />
    <UnitTestResult executionId="6dd3a504-bf09-4cf8-9379-8b4ab740df1b" testId="7bdebccd-4892-4e28-65c2-9880ad4a542f" testName="FluentValidation.Tests.SharedConditionTests.Shared_When_respects_the_smaller_scope_of_an_inner_Unless_when_the_inner_Unless_predicate_is_satisfied" computerName="DORNY-PC" duration="00:00:00.0019156" startTime="2021-01-28T21:34:14.2116686+01:00" endTime="2021-01-28T21:34:14.2116708+01:00" testType="13cdc9d9-ddb5-4fa4-a97d-d965ccfc6d4b" outcome="Passed" testListId="8c84fa94-04c1-424b-9868-57a2d4851a1d" relativeResultsDirectory="6dd3a504-bf09-4cf8-9379-8b4ab740df1b" />
    <UnitTestResult executionId="fb705825-1ecd-468a-959e-c36f4461c2db" testId="9689529b-146b-f35c-d018-2a772097532e" testName="FluentValidation.Tests.ValidationResultTests.ToString_return_empty_string_when_there_is_no_error" computerName="DORNY-PC" duration="00:00:00.0001348" startTime="2021-01-28T21:34:16.9768839+01:00" endTime="2021-01-28T21:34:16.9768846+01:00" testType="13cdc9d9-ddb5-4fa4-a97d-d965ccfc6d4b" outcome="Passed" testListId="8c84fa94-04c1-424b-9868-57a2d4851a1d" relativeResultsDirectory="fb705825-1ecd-468a-959e-c36f4461c2db" />
    <UnitTestResult executionId="af5bf7cd-8753-4b38-b186-ebb0ddf0f080" testId="2a20f096-df7b-b5eb-1d55-94577ad2bf86" testName="FluentValidation.Tests.ValidatorTesterTester.Allows_only_one_failure_to_match" computerName="DORNY-PC" duration="00:00:00.0007083" startTime="2021-01-28T21:34:16.8714408+01:00" endTime="2021-01-28T21:34:16.8714416+01:00" testType="13cdc9d9-ddb5-4fa4-a97d-d965ccfc6d4b" outcome="Passed" testListId="8c84fa94-04c1-424b-9868-57a2d4851a1d" relativeResultsDirectory="af5bf7cd-8753-4b38-b186-ebb0ddf0f080" />
    <UnitTestResult executionId="b3aa2883-c1c6-446d-a778-1fd9356a9a31" testId="451754a1-fc4b-5d6a-ea88-d5359566a2cd" testName="FluentValidation.Tests.SharedConditionTests.Executes_custom_rule_when_condition_true" computerName="DORNY-PC" duration="00:00:00.0010053" startTime="2021-01-28T21:34:14.2011368+01:00" endTime="2021-01-28T21:34:14.2011378+01:00" testType="13cdc9d9-ddb5-4fa4-a97d-d965ccfc6d4b" outcome="Passed" testListId="8c84fa94-04c1-424b-9868-57a2d4851a1d" relativeResultsDirectory="b3aa2883-c1c6-446d-a778-1fd9356a9a31" />
    <UnitTestResult executionId="b872bbaf-8719-4913-9793-270526fe8b9f" testId="894ae6c8-d7db-8ef2-d504-21926eec5d9b" testName="FluentValidation.Tests.ValidatorTesterTester.ShouldNotHaveValidationError_should_throw_when_there_are_validation_errors__WhenAsyn_is_used(age: 42, cardNumber: null)" computerName="DORNY-PC" duration="00:00:00.0008635" startTime="2021-01-28T21:34:16.8880260+01:00" endTime="2021-01-28T21:34:16.8880274+01:00" testType="13cdc9d9-ddb5-4fa4-a97d-d965ccfc6d4b" outcome="Passed" testListId="8c84fa94-04c1-424b-9868-57a2d4851a1d" relativeResultsDirectory="b872bbaf-8719-4913-9793-270526fe8b9f" />
    <UnitTestResult executionId="7212c9f2-b18d-4b16-889c-ac56de6c8286" testId="db87dc9b-5413-3183-c616-311c7c84da05" testName="FluentValidation.Tests.LanguageManagerTests.Gets_translation_for_bosnian_latin_culture(cultureName: &quot;bs-Latn-BA&quot;)" computerName="DORNY-PC" duration="00:00:00.0000110" startTime="2021-01-28T21:34:16.9404070+01:00" endTime="2021-01-28T21:34:16.9404071+01:00" testType="13cdc9d9-ddb5-4fa4-a97d-d965ccfc6d4b" outcome="Passed" testListId="8c84fa94-04c1-424b-9868-57a2d4851a1d" relativeResultsDirectory="7212c9f2-b18d-4b16-889c-ac56de6c8286" />
    <UnitTestResult executionId="dda6ff79-7465-497b-9341-dd12820928f2" testId="962f4fa2-c59a-42b8-6045-22123b5da032" testName="FluentValidation.Tests.InclusiveBetweenValidatorTests.When_the_value_is_smaller_than_the_range_then_the_validator_should_fail_for_strings" computerName="DORNY-PC" duration="00:00:00.0002161" startTime="2021-01-28T21:34:16.8151069+01:00" endTime="2021-01-28T21:34:16.8151079+01:00" testType="13cdc9d9-ddb5-4fa4-a97d-d965ccfc6d4b" outcome="Passed" testListId="8c84fa94-04c1-424b-9868-57a2d4851a1d" relativeResultsDirectory="dda6ff79-7465-497b-9341-dd12820928f2" />
    <UnitTestResult executionId="495c7607-5b0b-41bd-8b93-8a08b01508f8" testId="a75ea006-b4d6-4098-0e8d-a6d2f590d90e" testName="FluentValidation.Tests.ChainedValidationTester.Validates_chained_property" computerName="DORNY-PC" duration="00:00:00.0010483" startTime="2021-01-28T21:34:17.3264858+01:00" endTime="2021-01-28T21:34:17.3264866+01:00" testType="13cdc9d9-ddb5-4fa4-a97d-d965ccfc6d4b" outcome="Passed" testListId="8c84fa94-04c1-424b-9868-57a2d4851a1d" relativeResultsDirectory="495c7607-5b0b-41bd-8b93-8a08b01508f8" />
    <UnitTestResult executionId="fbeb3917-1548-46b4-89fb-1cbf3039ad9b" testId="c881f7e4-a4c2-e5e5-cfb1-f74cfe402b27" testName="FluentValidation.Tests.SharedConditionTests.Runs_otherwise_conditions_for_WhenAsync" computerName="DORNY-PC" duration="00:00:00.0011260" startTime="2021-01-28T21:34:14.2261569+01:00" endTime="2021-01-28T21:34:14.2261587+01:00" testType="13cdc9d9-ddb5-4fa4-a97d-d965ccfc6d4b" outcome="Passed" testListId="8c84fa94-04c1-424b-9868-57a2d4851a1d" relativeResultsDirectory="fbeb3917-1548-46b4-89fb-1cbf3039ad9b" />
    <UnitTestResult executionId="3bf86583-817f-49e0-85c8-9b42b92c0a48" testId="9f54a908-1e6f-3de1-e5b0-95facc1ef0a2" testName="FluentValidation.Tests.SharedConditionTests.When_async_condition_executed_for_each_instance_of_RuleForEach_condition_should_not_be_cached" computerName="DORNY-PC" duration="00:00:00.0012985" startTime="2021-01-28T21:34:14.2173685+01:00" endTime="2021-01-28T21:34:14.2173700+01:00" testType="13cdc9d9-ddb5-4fa4-a97d-d965ccfc6d4b" outcome="Passed" testListId="8c84fa94-04c1-424b-9868-57a2d4851a1d" relativeResultsDirectory="3bf86583-817f-49e0-85c8-9b42b92c0a48" />
    <UnitTestResult executionId="d35378ce-a25b-4735-9095-294b666910ef" testId="234d2c78-2c6b-fdf9-6a57-de902281c90a" testName="FluentValidation.Tests.DefaultValidatorExtensionTester.Length_should_create_MinimumLengthValidator" computerName="DORNY-PC" duration="00:00:00.0002645" startTime="2021-01-28T21:34:14.0603588+01:00" endTime="2021-01-28T21:34:14.0603589+01:00" testType="13cdc9d9-ddb5-4fa4-a97d-d965ccfc6d4b" outcome="Passed" testListId="8c84fa94-04c1-424b-9868-57a2d4851a1d" relativeResultsDirectory="d35378ce-a25b-4735-9095-294b666910ef" />
    <UnitTestResult executionId="243b8371-dbd3-475c-8bc7-a8b5591e1411" testId="41b6ef3d-e843-75a6-f9fa-c9114fe374b5" testName="FluentValidation.Tests.RulesetTests.Executes_in_rule_in_ruleset_and_default" computerName="DORNY-PC" duration="00:00:00.0003802" startTime="2021-01-28T21:34:17.2747084+01:00" endTime="2021-01-28T21:34:17.2747091+01:00" testType="13cdc9d9-ddb5-4fa4-a97d-d965ccfc6d4b" outcome="Passed" testListId="8c84fa94-04c1-424b-9868-57a2d4851a1d" relativeResultsDirectory="243b8371-dbd3-475c-8bc7-a8b5591e1411" />
    <UnitTestResult executionId="062e61bc-1a9f-4204-8c27-0abfe3ffb834" testId="b292e235-8edd-0aeb-dabd-f764a1b5ea84" testName="FluentValidation.Tests.LessThanOrEqualToValidatorTester.Should_set_default_error_when_validation_fails" computerName="DORNY-PC" duration="00:00:00.0001044" startTime="2021-01-28T21:34:17.2454758+01:00" endTime="2021-01-28T21:34:17.2454765+01:00" testType="13cdc9d9-ddb5-4fa4-a97d-d965ccfc6d4b" outcome="Passed" testListId="8c84fa94-04c1-424b-9868-57a2d4851a1d" relativeResultsDirectory="062e61bc-1a9f-4204-8c27-0abfe3ffb834" />
    <UnitTestResult executionId="4edc6cb6-b3bf-4fb8-9e7d-5b1e5fe9743c" testId="e9400d0a-e7e4-166b-e661-e35ffae1351f" testName="FluentValidation.Tests.InheritanceValidatorTest.Can_use_custom_subclass_with_nongeneric_overload" computerName="DORNY-PC" duration="00:00:00.0006978" startTime="2021-01-28T21:34:14.1522838+01:00" endTime="2021-01-28T21:34:14.1522853+01:00" testType="13cdc9d9-ddb5-4fa4-a97d-d965ccfc6d4b" outcome="Passed" testListId="8c84fa94-04c1-424b-9868-57a2d4851a1d" relativeResultsDirectory="4edc6cb6-b3bf-4fb8-9e7d-5b1e5fe9743c" />
    <UnitTestResult executionId="a9f13aff-7020-4368-99ab-b3d75b5aae5a" testId="8687c3c9-f854-92d7-af66-488a3e6ae3a9" testName="FluentValidation.Tests.ValidateAndThrowTester.Serializes_exception" computerName="DORNY-PC" duration="00:00:00.0070240" startTime="2021-01-28T21:34:17.1642295+01:00" endTime="2021-01-28T21:34:17.1642315+01:00" testType="13cdc9d9-ddb5-4fa4-a97d-d965ccfc6d4b" outcome="Passed" testListId="8c84fa94-04c1-424b-9868-57a2d4851a1d" relativeResultsDirectory="a9f13aff-7020-4368-99ab-b3d75b5aae5a" />
    <UnitTestResult executionId="33a936a0-d439-4acf-94c2-a8e365c2a359" testId="cca17a47-1e11-3afe-766d-f57e3a3e0b86" testName="FluentValidation.Tests.SharedConditionTests.Nested_async_conditions_with_Custom_rule" computerName="DORNY-PC" duration="00:00:00.0007695" startTime="2021-01-28T21:34:14.2125066+01:00" endTime="2021-01-28T21:34:14.2125088+01:00" testType="13cdc9d9-ddb5-4fa4-a97d-d965ccfc6d4b" outcome="Passed" testListId="8c84fa94-04c1-424b-9868-57a2d4851a1d" relativeResultsDirectory="33a936a0-d439-4acf-94c2-a8e365c2a359" />
    <UnitTestResult executionId="e71bc8ef-e81e-4507-8efb-d56ab49a751b" testId="dfdfe46b-6bd6-2fc0-45b6-f3a17eb28c96" testName="FluentValidation.Tests.AbstractValidatorTester.PreValidate_bypasses_nullcheck_on_instance" computerName="DORNY-PC" duration="00:00:00.0002142" startTime="2021-01-28T21:34:17.2565995+01:00" endTime="2021-01-28T21:34:17.2566002+01:00" testType="13cdc9d9-ddb5-4fa4-a97d-d965ccfc6d4b" outcome="Passed" testListId="8c84fa94-04c1-424b-9868-57a2d4851a1d" relativeResultsDirectory="e71bc8ef-e81e-4507-8efb-d56ab49a751b" />
    <UnitTestResult executionId="7823a16d-4ba2-4afb-b274-7b3544362373" testId="9068d736-ea69-dc2b-200c-2ff9ac64ba00" testName="FluentValidation.Tests.DefaultValidatorExtensionTester.GreaterThan_should_create_GreaterThanValidator_with_explicit_value" computerName="DORNY-PC" duration="00:00:00.0002587" startTime="2021-01-28T21:34:14.0604253+01:00" endTime="2021-01-28T21:34:14.0604255+01:00" testType="13cdc9d9-ddb5-4fa4-a97d-d965ccfc6d4b" outcome="Passed" testListId="8c84fa94-04c1-424b-9868-57a2d4851a1d" relativeResultsDirectory="7823a16d-4ba2-4afb-b274-7b3544362373" />
    <UnitTestResult executionId="93841d6e-aaef-469f-a0ad-5d80fbfe7cc0" testId="0e0db884-0030-20d8-a1cf-77e570d80455" testName="FluentValidation.Tests.EmailValidatorTests.Invalid_email_addressex_regex(email: &quot;thisisaverylongstringcodeplex.com&quot;)" computerName="DORNY-PC" duration="00:00:00.0000316" startTime="2021-01-28T21:34:16.9377324+01:00" endTime="2021-01-28T21:34:16.9377326+01:00" testType="13cdc9d9-ddb5-4fa4-a97d-d965ccfc6d4b" outcome="Passed" testListId="8c84fa94-04c1-424b-9868-57a2d4851a1d" relativeResultsDirectory="93841d6e-aaef-469f-a0ad-5d80fbfe7cc0" />
    <UnitTestResult executionId="fb94f078-6761-404a-a0ae-514f7828bfe2" testId="edeaa055-890f-d9aa-ba4e-981d791ab331" testName="FluentValidation.Tests.AbstractValidatorTester.WithMessage_should_override_error_message" computerName="DORNY-PC" duration="00:00:00.0001590" startTime="2021-01-28T21:34:17.2625742+01:00" endTime="2021-01-28T21:34:17.2625745+01:00" testType="13cdc9d9-ddb5-4fa4-a97d-d965ccfc6d4b" outcome="Passed" testListId="8c84fa94-04c1-424b-9868-57a2d4851a1d" relativeResultsDirectory="fb94f078-6761-404a-a0ae-514f7828bfe2" />
    <UnitTestResult executionId="d01404bc-ced9-4ac6-ae72-f80fbec54a25" testId="db968cc7-6fe9-988c-f007-3d14d3d0d715" testName="FluentValidation.Tests.ValidatorTesterTester.Expected_error_code_check" computerName="DORNY-PC" duration="00:00:00.0005874" startTime="2021-01-28T21:34:16.8749882+01:00" endTime="2021-01-28T21:34:16.8749890+01:00" testType="13cdc9d9-ddb5-4fa4-a97d-d965ccfc6d4b" outcome="Passed" testListId="8c84fa94-04c1-424b-9868-57a2d4851a1d" relativeResultsDirectory="d01404bc-ced9-4ac6-ae72-f80fbec54a25" />
    <UnitTestResult executionId="43977bd4-c09b-4655-ac2b-13afd957f852" testId="1979c585-b98c-b598-eaf4-92872d21a104" testName="FluentValidation.Tests.MessageFormatterTests.Understands_numeric_formats" computerName="DORNY-PC" duration="00:00:00.0001847" startTime="2021-01-28T21:34:17.1336108+01:00" endTime="2021-01-28T21:34:17.1336111+01:00" testType="13cdc9d9-ddb5-4fa4-a97d-d965ccfc6d4b" outcome="Passed" testListId="8c84fa94-04c1-424b-9868-57a2d4851a1d" relativeResultsDirectory="43977bd4-c09b-4655-ac2b-13afd957f852" />
    <UnitTestResult executionId="ba8e7bba-55cb-40d8-b8c7-c20bcfcfdba8" testId="1f6beebd-d89c-ccd5-932a-976fd2d374a8" testName="FluentValidation.Tests.CollectionValidatorWithParentTests.Should_override_property_name" computerName="DORNY-PC" duration="00:00:00.0004755" startTime="2021-01-28T21:34:17.0171609+01:00" endTime="2021-01-28T21:34:17.0171619+01:00" testType="13cdc9d9-ddb5-4fa4-a97d-d965ccfc6d4b" outcome="Passed" testListId="8c84fa94-04c1-424b-9868-57a2d4851a1d" relativeResultsDirectory="ba8e7bba-55cb-40d8-b8c7-c20bcfcfdba8" />
    <UnitTestResult executionId="842e3eaf-c6f1-4acd-8f3a-2e5b6dc606ac" testId="4fe5da41-221f-27ac-abb8-33925f946d76" testName="FluentValidation.Tests.MessageFormatterTests.Adds_formatted_argument_and_custom_arguments" computerName="DORNY-PC" duration="00:00:00.0000808" startTime="2021-01-28T21:34:17.1329721+01:00" endTime="2021-01-28T21:34:17.1329728+01:00" testType="13cdc9d9-ddb5-4fa4-a97d-d965ccfc6d4b" outcome="Passed" testListId="8c84fa94-04c1-424b-9868-57a2d4851a1d" relativeResultsDirectory="842e3eaf-c6f1-4acd-8f3a-2e5b6dc606ac" />
    <UnitTestResult executionId="826e372c-f4df-483b-a612-8fff3631850f" testId="4e23b9ec-548f-d269-b8cf-78754160c429" testName="FluentValidation.Tests.SharedConditionTests.Nested_conditions_with_Custom_rule" computerName="DORNY-PC" duration="00:00:00.0004756" startTime="2021-01-28T21:34:14.2323654+01:00" endTime="2021-01-28T21:34:14.2323671+01:00" testType="13cdc9d9-ddb5-4fa4-a97d-d965ccfc6d4b" outcome="Passed" testListId="8c84fa94-04c1-424b-9868-57a2d4851a1d" relativeResultsDirectory="826e372c-f4df-483b-a612-8fff3631850f" />
    <UnitTestResult executionId="ee984e44-12db-4509-99c5-a7dab14a6e1c" testId="64e04a58-6407-db5f-f117-feaf67b46bc6" testName="FluentValidation.Tests.CustomValidatorTester.New_Custom_When_property_name_omitted_infers_property_name_nested" computerName="DORNY-PC" duration="00:00:00.0006318" startTime="2021-01-28T21:34:17.3192580+01:00" endTime="2021-01-28T21:34:17.3192588+01:00" testType="13cdc9d9-ddb5-4fa4-a97d-d965ccfc6d4b" outcome="Passed" testListId="8c84fa94-04c1-424b-9868-57a2d4851a1d" relativeResultsDirectory="ee984e44-12db-4509-99c5-a7dab14a6e1c" />
    <UnitTestResult executionId="d42fec64-9dab-48f2-8ecd-cc5aba48f1a0" testId="1d759834-5f39-ec3d-fe30-ce1fe83a6fa1" testName="FluentValidation.Tests.ValidatorSelectorTests.Validates_property_using_expression" computerName="DORNY-PC" duration="00:00:00.0013178" startTime="2021-01-28T21:34:14.2639574+01:00" endTime="2021-01-28T21:34:14.2639594+01:00" testType="13cdc9d9-ddb5-4fa4-a97d-d965ccfc6d4b" outcome="Passed" testListId="8c84fa94-04c1-424b-9868-57a2d4851a1d" relativeResultsDirectory="d42fec64-9dab-48f2-8ecd-cc5aba48f1a0" />
    <UnitTestResult executionId="fd6a777e-fc8f-4390-b1e1-d0c5491402a0" testId="7974230d-bef5-3068-1e04-d9dc9c63c154" testName="FluentValidation.Tests.ValidatorTesterTester.ShouldNotHaveValidationError_should_throw_when_there_are_not_validation_errors__WhenAsyn_is_used(age: 17, cardNumber: &quot;cardNumber&quot;)" computerName="DORNY-PC" duration="00:00:00.0005838" startTime="2021-01-28T21:34:16.8706690+01:00" endTime="2021-01-28T21:34:16.8706692+01:00" testType="13cdc9d9-ddb5-4fa4-a97d-d965ccfc6d4b" outcome="Passed" testListId="8c84fa94-04c1-424b-9868-57a2d4851a1d" relativeResultsDirectory="fd6a777e-fc8f-4390-b1e1-d0c5491402a0" />
    <UnitTestResult executionId="9c8efb3a-eeb6-4fc6-84c0-991308ecb9fe" testId="b210a99d-364d-8c97-41e8-253fe5bfb50a" testName="FluentValidation.Tests.LessThanValidatorTester.Extracts_property_from_expression" computerName="DORNY-PC" duration="00:00:00.0005257" startTime="2021-01-28T21:34:16.8046361+01:00" endTime="2021-01-28T21:34:16.8046371+01:00" testType="13cdc9d9-ddb5-4fa4-a97d-d965ccfc6d4b" outcome="Passed" testListId="8c84fa94-04c1-424b-9868-57a2d4851a1d" relativeResultsDirectory="9c8efb3a-eeb6-4fc6-84c0-991308ecb9fe" />
    <UnitTestResult executionId="6c1ffdf3-8347-46c9-a2f8-fe33c58f65e9" testId="d8205a8d-017a-f2d4-8a87-7fa0daf35420" testName="FluentValidation.Tests.CollectionValidatorWithParentTests.Validates_collection_several_levels_deep_async" computerName="DORNY-PC" duration="00:00:00.0010832" startTime="2021-01-28T21:34:17.0222748+01:00" endTime="2021-01-28T21:34:17.0222759+01:00" testType="13cdc9d9-ddb5-4fa4-a97d-d965ccfc6d4b" outcome="Passed" testListId="8c84fa94-04c1-424b-9868-57a2d4851a1d" relativeResultsDirectory="6c1ffdf3-8347-46c9-a2f8-fe33c58f65e9" />
    <UnitTestResult executionId="a999bf1f-b3a6-496f-945a-228c20157d7e" testId="7c06c047-6d17-a08c-32c8-452275619172" testName="FluentValidation.Tests.CascadingFailuresTester.Validation_stops_on_first_Failure_when_set_to_Continue_globally_and_overriden_at_rule_level_and_async_validator_is_invoked_synchronously_legacy" computerName="DORNY-PC" duration="00:00:00.0005077" startTime="2021-01-28T21:34:14.1852708+01:00" endTime="2021-01-28T21:34:14.1852712+01:00" testType="13cdc9d9-ddb5-4fa4-a97d-d965ccfc6d4b" outcome="Passed" testListId="8c84fa94-04c1-424b-9868-57a2d4851a1d" relativeResultsDirectory="a999bf1f-b3a6-496f-945a-228c20157d7e" />
    <UnitTestResult executionId="07172bd0-d88a-4166-9708-63e651466a73" testId="c84a9a8d-a78c-84fc-b71f-a174b2f038dd" testName="FluentValidation.Tests.NotEqualValidatorTests.Should_use_ordinal_comparison_by_default" computerName="DORNY-PC" duration="00:00:00.0002273" startTime="2021-01-28T21:34:14.2536984+01:00" endTime="2021-01-28T21:34:14.2536991+01:00" testType="13cdc9d9-ddb5-4fa4-a97d-d965ccfc6d4b" outcome="Passed" testListId="8c84fa94-04c1-424b-9868-57a2d4851a1d" relativeResultsDirectory="07172bd0-d88a-4166-9708-63e651466a73" />
    <UnitTestResult executionId="1348ebd6-7cea-43e8-96b8-f4dc483b5cdd" testId="f9f61e74-b745-4a8a-654e-76959d817284" testName="FluentValidation.Tests.AssemblyScannerTester.Finds_validators_for_types" computerName="DORNY-PC" duration="00:00:00.0002381" startTime="2021-01-28T21:34:17.3178370+01:00" endTime="2021-01-28T21:34:17.3178379+01:00" testType="13cdc9d9-ddb5-4fa4-a97d-d965ccfc6d4b" outcome="Passed" testListId="8c84fa94-04c1-424b-9868-57a2d4851a1d" relativeResultsDirectory="1348ebd6-7cea-43e8-96b8-f4dc483b5cdd" />
    <UnitTestResult executionId="755e8140-3690-4fce-8dfe-e7424a0b7372" testId="40e9c63b-bc3b-8658-7a27-d78f901e0875" testName="FluentValidation.Tests.LanguageManagerTests.Falls_back_to_parent_culture" computerName="DORNY-PC" duration="00:00:00.0004487" startTime="2021-01-28T21:34:16.9409019+01:00" endTime="2021-01-28T21:34:16.9409029+01:00" testType="13cdc9d9-ddb5-4fa4-a97d-d965ccfc6d4b" outcome="Passed" testListId="8c84fa94-04c1-424b-9868-57a2d4851a1d" relativeResultsDirectory="755e8140-3690-4fce-8dfe-e7424a0b7372" />
    <UnitTestResult executionId="9df8127e-d861-4c84-8b19-69bdce26503b" testId="eec95f0c-9cd9-6bd5-93e4-98cc4a183fd0" testName="FluentValidation.Tests.OnFailureTests.ShouldHaveChildValidator_should_be_true" computerName="DORNY-PC" duration="00:00:00.0012439" startTime="2021-01-28T21:34:17.1401634+01:00" endTime="2021-01-28T21:34:17.1401643+01:00" testType="13cdc9d9-ddb5-4fa4-a97d-d965ccfc6d4b" outcome="Passed" testListId="8c84fa94-04c1-424b-9868-57a2d4851a1d" relativeResultsDirectory="9df8127e-d861-4c84-8b19-69bdce26503b" />
    <UnitTestResult executionId="591c9587-6387-4057-a2c0-d94f9afd09fd" testId="c4b63c1e-0176-eef6-08af-333d0a63af7a" testName="FluentValidation.Tests.OnFailureTests.WhenAsyncWithOnFailure_should_invoke_condition_on_inner_validator_invoked_synchronously" computerName="DORNY-PC" duration="00:00:00.0003084" startTime="2021-01-28T21:34:17.1424330+01:00" endTime="2021-01-28T21:34:17.1424337+01:00" testType="13cdc9d9-ddb5-4fa4-a97d-d965ccfc6d4b" outcome="Passed" testListId="8c84fa94-04c1-424b-9868-57a2d4851a1d" relativeResultsDirectory="591c9587-6387-4057-a2c0-d94f9afd09fd" />
    <UnitTestResult executionId="73101c22-e145-4ef4-8ef5-7ac24b82815d" testId="cb42b6af-e641-fae1-2b39-e593f14a647c" testName="FluentValidation.Tests.CascadingFailuresTester.Validation_stops_on_first_failure_legacy" computerName="DORNY-PC" duration="00:00:00.0001809" startTime="2021-01-28T21:34:14.1726576+01:00" endTime="2021-01-28T21:34:14.1726583+01:00" testType="13cdc9d9-ddb5-4fa4-a97d-d965ccfc6d4b" outcome="Passed" testListId="8c84fa94-04c1-424b-9868-57a2d4851a1d" relativeResultsDirectory="73101c22-e145-4ef4-8ef5-7ac24b82815d" />
    <UnitTestResult executionId="8f52e74f-54e8-4131-9277-5d183a0b3987" testId="c2c2b07b-e096-ac2f-e29e-a6c8a239d699" testName="FluentValidation.Tests.StringEnumValidatorTests.When_the_property_is_initialized_with_empty_string_then_the_validator_should_fail" computerName="DORNY-PC" duration="00:00:00.0001593" startTime="2021-01-28T21:34:14.1272590+01:00" endTime="2021-01-28T21:34:14.1272599+01:00" testType="13cdc9d9-ddb5-4fa4-a97d-d965ccfc6d4b" outcome="Passed" testListId="8c84fa94-04c1-424b-9868-57a2d4851a1d" relativeResultsDirectory="8f52e74f-54e8-4131-9277-5d183a0b3987" />
    <UnitTestResult executionId="58f7c1ad-c92a-422b-aeaf-4ad80405afac" testId="47883b1f-f625-977f-2fc0-506e4365d80e" testName="FluentValidation.Tests.AssemblyScannerTester.ForEach_iterates_over_types" computerName="DORNY-PC" duration="00:00:00.0018574" startTime="2021-01-28T21:34:17.3175547+01:00" endTime="2021-01-28T21:34:17.3175562+01:00" testType="13cdc9d9-ddb5-4fa4-a97d-d965ccfc6d4b" outcome="Passed" testListId="8c84fa94-04c1-424b-9868-57a2d4851a1d" relativeResultsDirectory="58f7c1ad-c92a-422b-aeaf-4ad80405afac" />
    <UnitTestResult executionId="00db45a7-b7cf-420f-b87b-80c74059bf0b" testId="adf509e8-c4e8-3dcd-e3d9-d5adebd3c004" testName="FluentValidation.Tests.LanguageManagerTests.Gets_translation_for_serbian_culture(cultureName: &quot;sr-Latn-RS&quot;)" computerName="DORNY-PC" duration="00:00:00.0000100" startTime="2021-01-28T21:34:16.9416428+01:00" endTime="2021-01-28T21:34:16.9416429+01:00" testType="13cdc9d9-ddb5-4fa4-a97d-d965ccfc6d4b" outcome="Passed" testListId="8c84fa94-04c1-424b-9868-57a2d4851a1d" relativeResultsDirectory="00db45a7-b7cf-420f-b87b-80c74059bf0b" />
    <UnitTestResult executionId="94294e3b-c01c-4a53-9e92-c59a3a873866" testId="3858e249-ac98-322b-fa57-6d5f416ada47" testName="FluentValidation.Tests.RuleBuilderTests.Nullable_object_with_condition_should_not_throw" computerName="DORNY-PC" duration="00:00:00.0010880" startTime="2021-01-28T21:34:17.0349822+01:00" endTime="2021-01-28T21:34:17.0349840+01:00" testType="13cdc9d9-ddb5-4fa4-a97d-d965ccfc6d4b" outcome="Passed" testListId="8c84fa94-04c1-424b-9868-57a2d4851a1d" relativeResultsDirectory="94294e3b-c01c-4a53-9e92-c59a3a873866" />
    <UnitTestResult executionId="cf1ee866-b321-4cd9-9384-fddfb5b0168b" testId="46e77e83-66b5-ff6c-1361-4e75c8334be0" testName="FluentValidation.Tests.LengthValidatorTests.When_the_text_is_smaller_than_the_range_then_the_validator_should_fail" computerName="DORNY-PC" duration="00:00:00.0004057" startTime="2021-01-28T21:34:14.0698622+01:00" endTime="2021-01-28T21:34:14.0698635+01:00" testType="13cdc9d9-ddb5-4fa4-a97d-d965ccfc6d4b" outcome="Passed" testListId="8c84fa94-04c1-424b-9868-57a2d4851a1d" relativeResultsDirectory="cf1ee866-b321-4cd9-9384-fddfb5b0168b" />
    <UnitTestResult executionId="9cacc5b7-000d-41af-94fb-6f338c880418" testId="75721e9c-b806-fec1-8d9f-79eec32f3935" testName="FluentValidation.Tests.AccessorCacheTests.Equality_comparison_check" computerName="DORNY-PC" duration="00:00:00.0021363" startTime="2021-01-28T21:34:14.1310285+01:00" endTime="2021-01-28T21:34:14.1310304+01:00" testType="13cdc9d9-ddb5-4fa4-a97d-d965ccfc6d4b" outcome="Passed" testListId="8c84fa94-04c1-424b-9868-57a2d4851a1d" relativeResultsDirectory="9cacc5b7-000d-41af-94fb-6f338c880418" />
    <UnitTestResult executionId="4561e4d0-fd1f-4088-b16f-fb00222df8da" testId="e49a768a-857a-0209-379b-0ff52755c642" testName="FluentValidation.Tests.EmailValidatorTests.Valid_email_addresses_regex(email: &quot;\&quot;Joe\\Blow\&quot;@example.com&quot;)" computerName="DORNY-PC" duration="00:00:00.0000244" startTime="2021-01-28T21:34:16.9367792+01:00" endTime="2021-01-28T21:34:16.9367793+01:00" testType="13cdc9d9-ddb5-4fa4-a97d-d965ccfc6d4b" outcome="Passed" testListId="8c84fa94-04c1-424b-9868-57a2d4851a1d" relativeResultsDirectory="4561e4d0-fd1f-4088-b16f-fb00222df8da" />
    <UnitTestResult executionId="3470bde9-856d-41ce-aceb-a70118a1e320" testId="1dd78eec-bc76-725d-3358-bc35f2a37582" testName="FluentValidation.Tests.RuleBuilderTests.Property_should_return_null_when_it_is_not_a_property_being_validated" computerName="DORNY-PC" duration="00:00:00.0003637" startTime="2021-01-28T21:34:17.1119665+01:00" endTime="2021-01-28T21:34:17.1119674+01:00" testType="13cdc9d9-ddb5-4fa4-a97d-d965ccfc6d4b" outcome="Passed" testListId="8c84fa94-04c1-424b-9868-57a2d4851a1d" relativeResultsDirectory="3470bde9-856d-41ce-aceb-a70118a1e320" />
    <UnitTestResult executionId="2039efe6-c54e-4f69-801e-19bcb19d877e" testId="3f908947-b369-35b0-4b55-3a1a6b4a941d" testName="FluentValidation.Tests.ValidatorTesterTester.Expected_severity_check" computerName="DORNY-PC" duration="00:00:00.0046721" startTime="2021-01-28T21:34:16.8257361+01:00" endTime="2021-01-28T21:34:16.8257380+01:00" testType="13cdc9d9-ddb5-4fa4-a97d-d965ccfc6d4b" outcome="Passed" testListId="8c84fa94-04c1-424b-9868-57a2d4851a1d" relativeResultsDirectory="2039efe6-c54e-4f69-801e-19bcb19d877e" />
    <UnitTestResult executionId="9f3aa807-5331-4649-a045-f221a7e91ecc" testId="88be10a2-488a-2e27-5ada-da00b79ff1b7" testName="FluentValidation.Tests.ForEachRuleTests.Can_access_parent_index" computerName="DORNY-PC" duration="00:00:00.0016135" startTime="2021-01-28T21:34:17.2025406+01:00" endTime="2021-01-28T21:34:17.2025422+01:00" testType="13cdc9d9-ddb5-4fa4-a97d-d965ccfc6d4b" outcome="Passed" testListId="8c84fa94-04c1-424b-9868-57a2d4851a1d" relativeResultsDirectory="9f3aa807-5331-4649-a045-f221a7e91ecc" />
    <UnitTestResult executionId="aa281f1c-c0ab-4d28-8b31-ff2af5508e69" testId="4297bf34-44a7-3e5f-5843-652d30915ebd" testName="FluentValidation.Tests.RuleBuilderTests.Should_throw_if_overriding_validator_is_null" computerName="DORNY-PC" duration="00:00:00.0001488" startTime="2021-01-28T21:34:17.0353521+01:00" endTime="2021-01-28T21:34:17.0353528+01:00" testType="13cdc9d9-ddb5-4fa4-a97d-d965ccfc6d4b" outcome="Passed" testListId="8c84fa94-04c1-424b-9868-57a2d4851a1d" relativeResultsDirectory="aa281f1c-c0ab-4d28-8b31-ff2af5508e69" />
    <UnitTestResult executionId="9855639f-a6db-46d1-b3df-8a827beda627" testId="11021f48-0b41-7e85-3a21-767cadb0e4d1" testName="FluentValidation.Tests.LengthValidatorTests.When_the_text_is_between_the_range_specified_then_the_validator_should_pass" computerName="DORNY-PC" duration="00:00:00.0002179" startTime="2021-01-28T21:34:14.0753430+01:00" endTime="2021-01-28T21:34:14.0753434+01:00" testType="13cdc9d9-ddb5-4fa4-a97d-d965ccfc6d4b" outcome="Passed" testListId="8c84fa94-04c1-424b-9868-57a2d4851a1d" relativeResultsDirectory="9855639f-a6db-46d1-b3df-8a827beda627" />
    <UnitTestResult executionId="4abc508c-6c9c-4150-8677-16f2bd76a5f4" testId="510de6fb-6da5-a40b-8aca-fa0e4a8d1092" testName="FluentValidation.Tests.LessThanOrEqualToValidatorTester.Should_succeed_when_less_than_input" computerName="DORNY-PC" duration="00:00:00.0000820" startTime="2021-01-28T21:34:17.2453384+01:00" endTime="2021-01-28T21:34:17.2453391+01:00" testType="13cdc9d9-ddb5-4fa4-a97d-d965ccfc6d4b" outcome="Passed" testListId="8c84fa94-04c1-424b-9868-57a2d4851a1d" relativeResultsDirectory="4abc508c-6c9c-4150-8677-16f2bd76a5f4" />
    <UnitTestResult executionId="439e6111-9e5f-4ae5-b8c8-9f366e84a81b" testId="6590945f-34b6-6926-b5d6-639e5107e146" testName="FluentValidation.Tests.ConditionTests.Validation_should_succeed_when_async_condition_matches" computerName="DORNY-PC" duration="00:00:00.0015482" startTime="2021-01-28T21:34:17.2932569+01:00" endTime="2021-01-28T21:34:17.2932580+01:00" testType="13cdc9d9-ddb5-4fa4-a97d-d965ccfc6d4b" outcome="Passed" testListId="8c84fa94-04c1-424b-9868-57a2d4851a1d" relativeResultsDirectory="439e6111-9e5f-4ae5-b8c8-9f366e84a81b" />
    <UnitTestResult executionId="3566d9f3-101f-4661-910b-724241fd294f" testId="991a689d-ed95-e5dd-6801-ff5bc398a4f2" testName="FluentValidation.Tests.CustomMessageFormatTester.Should_format_custom_message" computerName="DORNY-PC" duration="00:00:00.0002244" startTime="2021-01-28T21:34:14.2485694+01:00" endTime="2021-01-28T21:34:14.2485702+01:00" testType="13cdc9d9-ddb5-4fa4-a97d-d965ccfc6d4b" outcome="Passed" testListId="8c84fa94-04c1-424b-9868-57a2d4851a1d" relativeResultsDirectory="3566d9f3-101f-4661-910b-724241fd294f" />
    <UnitTestResult executionId="fdf8a9cc-60b6-46a1-aa89-a092a740ddc7" testId="e114b438-05aa-689c-bc2a-197acc689b9a" testName="FluentValidation.Tests.ComplexValidationTester.Should_allow_normal_rules_and_complex_property_on_same_property" computerName="DORNY-PC" duration="00:00:00.0007508" startTime="2021-01-28T21:34:14.0894694+01:00" endTime="2021-01-28T21:34:14.0894716+01:00" testType="13cdc9d9-ddb5-4fa4-a97d-d965ccfc6d4b" outcome="Passed" testListId="8c84fa94-04c1-424b-9868-57a2d4851a1d" relativeResultsDirectory="fdf8a9cc-60b6-46a1-aa89-a092a740ddc7" />
    <UnitTestResult executionId="da1a76d1-24cb-4d20-9f1f-30fca123698b" testId="7974230d-bef5-3068-1e04-d9dc9c63c154" testName="FluentValidation.Tests.ValidatorTesterTester.ShouldNotHaveValidationError_should_throw_when_there_are_not_validation_errors__WhenAsyn_is_used(age: 17, cardNumber: null)" computerName="DORNY-PC" duration="00:00:00.0005804" startTime="2021-01-28T21:34:16.8693886+01:00" endTime="2021-01-28T21:34:16.8693895+01:00" testType="13cdc9d9-ddb5-4fa4-a97d-d965ccfc6d4b" outcome="Passed" testListId="8c84fa94-04c1-424b-9868-57a2d4851a1d" relativeResultsDirectory="da1a76d1-24cb-4d20-9f1f-30fca123698b" />
    <UnitTestResult executionId="880194e9-0b93-4232-941f-86e1db25634e" testId="76388427-6b45-5e9f-b3b3-2b3f6ed286b0" testName="FluentValidation.Tests.ForEachRuleTests.Collection_should_be_excluded" computerName="DORNY-PC" duration="00:00:00.0005440" startTime="2021-01-28T21:34:17.2098398+01:00" endTime="2021-01-28T21:34:17.2098406+01:00" testType="13cdc9d9-ddb5-4fa4-a97d-d965ccfc6d4b" outcome="Passed" testListId="8c84fa94-04c1-424b-9868-57a2d4851a1d" relativeResultsDirectory="880194e9-0b93-4232-941f-86e1db25634e" />
    <UnitTestResult executionId="dd05cb0d-c2da-491a-a709-6dde3fd9ecd5" testId="7f826b4b-84b4-0f41-267b-bea755036540" testName="FluentValidation.Tests.DefaultValidatorExtensionTester.LessThanOrEqual_should_create_LessThanOrEqualValidator_with_explicit_value" computerName="DORNY-PC" duration="00:00:00.0006133" startTime="2021-01-28T21:34:14.0249491+01:00" endTime="2021-01-28T21:34:14.0249498+01:00" testType="13cdc9d9-ddb5-4fa4-a97d-d965ccfc6d4b" outcome="Passed" testListId="8c84fa94-04c1-424b-9868-57a2d4851a1d" relativeResultsDirectory="dd05cb0d-c2da-491a-a709-6dde3fd9ecd5" />
    <UnitTestResult executionId="dccb7255-6756-4cbb-bb73-34f02c94b271" testId="8ec3b8ab-3f5f-60ea-9a0b-c57f0efc2333" testName="FluentValidation.Tests.RulesetTests.Executes_rules_in_default_ruleset_and_specific_ruleset" computerName="DORNY-PC" duration="00:00:00.0004761" startTime="2021-01-28T21:34:17.2856971+01:00" endTime="2021-01-28T21:34:17.2856979+01:00" testType="13cdc9d9-ddb5-4fa4-a97d-d965ccfc6d4b" outcome="Passed" testListId="8c84fa94-04c1-424b-9868-57a2d4851a1d" relativeResultsDirectory="dccb7255-6756-4cbb-bb73-34f02c94b271" />
    <UnitTestResult executionId="363cf31c-8bde-458f-9196-baab262ec77a" testId="9b59dc51-c0ef-a2ed-d820-8bdb0ed0bb48" testName="FluentValidation.Tests.RulesetTests.Includes_all_rulesets" computerName="DORNY-PC" duration="00:00:00.0008384" startTime="2021-01-28T21:34:17.2819389+01:00" endTime="2021-01-28T21:34:17.2819401+01:00" testType="13cdc9d9-ddb5-4fa4-a97d-d965ccfc6d4b" outcome="Passed" testListId="8c84fa94-04c1-424b-9868-57a2d4851a1d" relativeResultsDirectory="363cf31c-8bde-458f-9196-baab262ec77a" />
    <UnitTestResult executionId="b01cdd32-c144-4ae8-841a-230f2e8a7844" testId="a497eaea-3d05-3852-8339-b41225242a65" testName="FluentValidation.Tests.ComplexValidationTester.Complex_validator_should_not_be_invoked_on_null_property" computerName="DORNY-PC" duration="00:00:00.0001677" startTime="2021-01-28T21:34:14.0896864+01:00" endTime="2021-01-28T21:34:14.0896873+01:00" testType="13cdc9d9-ddb5-4fa4-a97d-d965ccfc6d4b" outcome="Passed" testListId="8c84fa94-04c1-424b-9868-57a2d4851a1d" relativeResultsDirectory="b01cdd32-c144-4ae8-841a-230f2e8a7844" />
    <UnitTestResult executionId="79274017-4d03-4c2c-a3d1-de629342b127" testId="81ede2fa-dbbc-7d2f-a7db-9caad1ab66a8" testName="FluentValidation.Tests.ValidatorTesterTester.ShouldNotHaveValidationError_should_not_throw_when_there_are_not_validation_errors_ruleforeach" computerName="DORNY-PC" duration="00:00:00.0008012" startTime="2021-01-28T21:34:16.8850549+01:00" endTime="2021-01-28T21:34:16.8850557+01:00" testType="13cdc9d9-ddb5-4fa4-a97d-d965ccfc6d4b" outcome="Passed" testListId="8c84fa94-04c1-424b-9868-57a2d4851a1d" relativeResultsDirectory="79274017-4d03-4c2c-a3d1-de629342b127" />
    <UnitTestResult executionId="d17f7688-0f5e-47ac-8d7a-4e6adf9103d4" testId="c4e5b8ad-dc58-7621-93ce-d499c06083cf" testName="FluentValidation.Tests.ChainedValidationTester.Condition_should_work_with_chained_property" computerName="DORNY-PC" duration="00:00:00.0002054" startTime="2021-01-28T21:34:17.3317494+01:00" endTime="2021-01-28T21:34:17.3317500+01:00" testType="13cdc9d9-ddb5-4fa4-a97d-d965ccfc6d4b" outcome="Passed" testListId="8c84fa94-04c1-424b-9868-57a2d4851a1d" relativeResultsDirectory="d17f7688-0f5e-47ac-8d7a-4e6adf9103d4" />
    <UnitTestResult executionId="f48195d7-fbb8-4ea0-be47-6d8debc0cc0f" testId="54950033-ced7-ac5d-964a-7d8f0172e702" testName="FluentValidation.Tests.ConditionTests.Async_condition_executed_synchronosuly_with_synchronous_collection_role" computerName="DORNY-PC" duration="00:00:00.0003216" startTime="2021-01-28T21:34:17.2936165+01:00" endTime="2021-01-28T21:34:17.2936173+01:00" testType="13cdc9d9-ddb5-4fa4-a97d-d965ccfc6d4b" outcome="Passed" testListId="8c84fa94-04c1-424b-9868-57a2d4851a1d" relativeResultsDirectory="f48195d7-fbb8-4ea0-be47-6d8debc0cc0f" />
    <UnitTestResult executionId="e6ea80b0-33cf-4cd5-a783-52a603863f60" testId="ab3ebf7c-0a39-e0de-4b69-e4f4f8fced9c" testName="FluentValidation.Tests.ValidatorTesterTester.ShouldHaveChildValidator_works_on_model_level_rules" computerName="DORNY-PC" duration="00:00:00.0013494" startTime="2021-01-28T21:34:16.8590105+01:00" endTime="2021-01-28T21:34:16.8590121+01:00" testType="13cdc9d9-ddb5-4fa4-a97d-d965ccfc6d4b" outcome="Passed" testListId="8c84fa94-04c1-424b-9868-57a2d4851a1d" relativeResultsDirectory="e6ea80b0-33cf-4cd5-a783-52a603863f60" />
    <UnitTestResult executionId="6303e716-d661-40ae-99be-3fbd6f66deab" testId="44f9b5a3-7d9f-f126-76e3-c6cec032e054" testName="FluentValidation.Tests.AbstractValidatorTester.CanValidateInstancesOfType_returns_false_when_comparing_against_some_other_type" computerName="DORNY-PC" duration="00:00:00.0000513" startTime="2021-01-28T21:34:17.2651100+01:00" endTime="2021-01-28T21:34:17.2651107+01:00" testType="13cdc9d9-ddb5-4fa4-a97d-d965ccfc6d4b" outcome="Passed" testListId="8c84fa94-04c1-424b-9868-57a2d4851a1d" relativeResultsDirectory="6303e716-d661-40ae-99be-3fbd6f66deab" />
    <UnitTestResult executionId="f75c545a-5e4d-4c17-b897-e1cd247ec409" testId="450e910e-a308-26cf-8763-9698a2c2b82c" testName="FluentValidation.Tests.ExclusiveBetweenValidatorTests.To_and_from_properties_should_be_set_for_strings" computerName="DORNY-PC" duration="00:00:00.0000670" startTime="2021-01-28T21:34:14.1897696+01:00" endTime="2021-01-28T21:34:14.1897703+01:00" testType="13cdc9d9-ddb5-4fa4-a97d-d965ccfc6d4b" outcome="Passed" testListId="8c84fa94-04c1-424b-9868-57a2d4851a1d" relativeResultsDirectory="f75c545a-5e4d-4c17-b897-e1cd247ec409" />
    <UnitTestResult executionId="89b30fc4-9d48-43fa-aaba-664816bfab8d" testId="a18c049f-506a-32a3-f7e2-3692876c7c1f" testName="FluentValidation.Tests.CollectionValidatorWithParentTests.Collection_should_be_excluded" computerName="DORNY-PC" duration="00:00:00.0005250" startTime="2021-01-28T21:34:17.0141340+01:00" endTime="2021-01-28T21:34:17.0141347+01:00" testType="13cdc9d9-ddb5-4fa4-a97d-d965ccfc6d4b" outcome="Passed" testListId="8c84fa94-04c1-424b-9868-57a2d4851a1d" relativeResultsDirectory="89b30fc4-9d48-43fa-aaba-664816bfab8d" />
    <UnitTestResult executionId="4513e37d-ec2e-4947-bcaf-947a974ea7ee" testId="e423e29b-2c54-f257-fd83-5ee8efd6bd2c" testName="FluentValidation.Tests.RulesetTests.Ruleset_cascades_to_child_collection_validator" computerName="DORNY-PC" duration="00:00:00.0008193" startTime="2021-01-28T21:34:17.2794189+01:00" endTime="2021-01-28T21:34:17.2794197+01:00" testType="13cdc9d9-ddb5-4fa4-a97d-d965ccfc6d4b" outcome="Passed" testListId="8c84fa94-04c1-424b-9868-57a2d4851a1d" relativeResultsDirectory="4513e37d-ec2e-4947-bcaf-947a974ea7ee" />
    <UnitTestResult executionId="c3ec4cbc-d4e4-490d-86ee-7a5fce6186f8" testId="013deb2c-b277-baba-55ae-b8577133a8ad" testName="FluentValidation.Tests.ForEachRuleTests.Skips_null_items" computerName="DORNY-PC" duration="00:00:00.0004786" startTime="2021-01-28T21:34:17.2103533+01:00" endTime="2021-01-28T21:34:17.2103541+01:00" testType="13cdc9d9-ddb5-4fa4-a97d-d965ccfc6d4b" outcome="Passed" testListId="8c84fa94-04c1-424b-9868-57a2d4851a1d" relativeResultsDirectory="c3ec4cbc-d4e4-490d-86ee-7a5fce6186f8" />
    <UnitTestResult executionId="61f6b3dc-6129-4b44-8122-30f6da1b965d" testId="9f6435a2-e40b-b132-cf2e-cfcda5f789fa" testName="FluentValidation.Tests.GreaterThanOrEqualToValidatorTester.Validates_with_nullable_when_property_is_null_cross_property" computerName="DORNY-PC" duration="00:00:00.0004660" startTime="2021-01-28T21:34:16.9132087+01:00" endTime="2021-01-28T21:34:16.9132094+01:00" testType="13cdc9d9-ddb5-4fa4-a97d-d965ccfc6d4b" outcome="Passed" testListId="8c84fa94-04c1-424b-9868-57a2d4851a1d" relativeResultsDirectory="61f6b3dc-6129-4b44-8122-30f6da1b965d" />
    <UnitTestResult executionId="9a922b6f-e8b4-49b5-be77-10100f04cdc5" testId="ac4dc4b1-bacd-5493-e37b-53bdfd79fcd5" testName="FluentValidation.Tests.TransformTests.Transforms_collection_element_async" computerName="DORNY-PC" duration="00:00:00.0012982" startTime="2021-01-28T21:34:17.3138266+01:00" endTime="2021-01-28T21:34:17.3138275+01:00" testType="13cdc9d9-ddb5-4fa4-a97d-d965ccfc6d4b" outcome="Passed" testListId="8c84fa94-04c1-424b-9868-57a2d4851a1d" relativeResultsDirectory="9a922b6f-e8b4-49b5-be77-10100f04cdc5" />
    <UnitTestResult executionId="6d0b86c8-b8c7-4fa5-adff-7188dec04656" testId="4e560a18-0694-4d0f-694f-1d3dd1f6a620" testName="FluentValidation.Tests.AbstractValidatorTester.WhenPreValidationReturnsFalse_ResultReturnToUserImmediatly_Validate(preValidationResult: )" computerName="DORNY-PC" duration="00:00:00.0009423" startTime="2021-01-28T21:34:17.2562638+01:00" endTime="2021-01-28T21:34:17.2562647+01:00" testType="13cdc9d9-ddb5-4fa4-a97d-d965ccfc6d4b" outcome="Passed" testListId="8c84fa94-04c1-424b-9868-57a2d4851a1d" relativeResultsDirectory="6d0b86c8-b8c7-4fa5-adff-7188dec04656" />
    <UnitTestResult executionId="5f5c3538-fc0f-422f-b120-f066187c333e" testId="3cb45592-ecc1-b480-d8a0-dbb133b944f2" testName="FluentValidation.Tests.InclusiveBetweenValidatorTests.When_the_to_is_smaller_than_the_from_then_the_validator_should_throw" computerName="DORNY-PC" duration="00:00:00.0006236" startTime="2021-01-28T21:34:16.8115169+01:00" endTime="2021-01-28T21:34:16.8115181+01:00" testType="13cdc9d9-ddb5-4fa4-a97d-d965ccfc6d4b" outcome="Passed" testListId="8c84fa94-04c1-424b-9868-57a2d4851a1d" relativeResultsDirectory="5f5c3538-fc0f-422f-b120-f066187c333e" />
    <UnitTestResult executionId="76a58821-985f-4baa-855a-b1eed0f071d2" testId="24a9b59a-568c-4b73-26e8-718c186a5fab" testName="FluentValidation.Tests.CascadingFailuresTester.Cascade_mode_can_be_set_after_validator_instantiated_async_legacy" computerName="DORNY-PC" duration="00:00:00.0013079" startTime="2021-01-28T21:34:14.1618269+01:00" endTime="2021-01-28T21:34:14.1618286+01:00" testType="13cdc9d9-ddb5-4fa4-a97d-d965ccfc6d4b" outcome="Passed" testListId="8c84fa94-04c1-424b-9868-57a2d4851a1d" relativeResultsDirectory="76a58821-985f-4baa-855a-b1eed0f071d2" />
    <UnitTestResult executionId="13d02b6d-fb50-418a-84c7-af9b0252d9f2" testId="6fd0d341-41e4-8c28-4fcd-4de7de910c2a" testName="FluentValidation.Tests.AbstractValidatorTester.CanValidateInstancesOfType_returns_true_when_comparing_against_subclass" computerName="DORNY-PC" duration="00:00:00.0000566" startTime="2021-01-28T21:34:17.2638896+01:00" endTime="2021-01-28T21:34:17.2638903+01:00" testType="13cdc9d9-ddb5-4fa4-a97d-d965ccfc6d4b" outcome="Passed" testListId="8c84fa94-04c1-424b-9868-57a2d4851a1d" relativeResultsDirectory="13d02b6d-fb50-418a-84c7-af9b0252d9f2" />
    <UnitTestResult executionId="4e7a318c-d577-4fda-97b9-1201893edcc1" testId="de188710-09e3-49f2-56d2-dc9ba9e151d4" testName="FluentValidation.Tests.LengthValidatorTests.When_the_maxlength_validator_fails_the_error_message_should_be_set" computerName="DORNY-PC" duration="00:00:00.0003560" startTime="2021-01-28T21:34:14.0725413+01:00" endTime="2021-01-28T21:34:14.0725426+01:00" testType="13cdc9d9-ddb5-4fa4-a97d-d965ccfc6d4b" outcome="Passed" testListId="8c84fa94-04c1-424b-9868-57a2d4851a1d" relativeResultsDirectory="4e7a318c-d577-4fda-97b9-1201893edcc1" />
    <UnitTestResult executionId="c7dfb944-7679-4a23-9e69-c763f82197f1" testId="d8f4a598-8fd2-4b5a-073e-4019dd41ff74" testName="FluentValidation.Tests.ValidatorTesterTester.ShouldHaveValidationError_with_an_unmatched_rule_and_multiple_errors_should_throw_an_exception" computerName="DORNY-PC" duration="00:00:00.0017809" startTime="2021-01-28T21:34:16.8466641+01:00" endTime="2021-01-28T21:34:16.8466654+01:00" testType="13cdc9d9-ddb5-4fa4-a97d-d965ccfc6d4b" outcome="Passed" testListId="8c84fa94-04c1-424b-9868-57a2d4851a1d" relativeResultsDirectory="c7dfb944-7679-4a23-9e69-c763f82197f1" />
    <UnitTestResult executionId="8d1ceb6c-8b2c-4e3b-8913-9a69d0398fac" testId="91c5d345-87a2-d32b-b81a-6d7c0c490a98" testName="FluentValidation.Tests.CascadingFailuresTester.Validation_continues_when_set_to_Continue_at_validator_level_async" computerName="DORNY-PC" duration="00:00:00.0010564" startTime="2021-01-28T21:34:14.1832169+01:00" endTime="2021-01-28T21:34:14.1832189+01:00" testType="13cdc9d9-ddb5-4fa4-a97d-d965ccfc6d4b" outcome="Passed" testListId="8c84fa94-04c1-424b-9868-57a2d4851a1d" relativeResultsDirectory="8d1ceb6c-8b2c-4e3b-8913-9a69d0398fac" />
    <UnitTestResult executionId="ce1ca46e-b879-4f81-a67b-224d72885a07" testId="6eb9bf2e-ffa8-da78-2bae-22fa91a3fba0" testName="FluentValidation.Tests.ValidatorTesterTester.Unexpected_state_check" computerName="DORNY-PC" duration="00:00:00.0009751" startTime="2021-01-28T21:34:16.8992668+01:00" endTime="2021-01-28T21:34:16.8992675+01:00" testType="13cdc9d9-ddb5-4fa4-a97d-d965ccfc6d4b" outcome="Passed" testListId="8c84fa94-04c1-424b-9868-57a2d4851a1d" relativeResultsDirectory="ce1ca46e-b879-4f81-a67b-224d72885a07" />
    <UnitTestResult executionId="38030db8-f7b3-43dd-a978-90f332a89703" testId="9356db21-add3-51c6-7097-4ea51a559a3f" testName="FluentValidation.Tests.EmailValidatorTests.Valid_email_addresses_aspnetcore_compatible(email: &quot;!#$%&amp;'*+-/=?^_`|~@someDomain.com&quot;)" computerName="DORNY-PC" duration="00:00:00.0000174" startTime="2021-01-28T21:34:16.9181072+01:00" endTime="2021-01-28T21:34:16.9181075+01:00" testType="13cdc9d9-ddb5-4fa4-a97d-d965ccfc6d4b" outcome="Passed" testListId="8c84fa94-04c1-424b-9868-57a2d4851a1d" relativeResultsDirectory="38030db8-f7b3-43dd-a978-90f332a89703" />
    <UnitTestResult executionId="db5cc8a7-88a7-4560-bdc1-f4da5ed975cf" testId="c1af1a4c-eba3-ae6e-cc4a-6b062cf349a8" testName="FluentValidation.Tests.InclusiveBetweenValidatorTests.Validates_with_nullable_when_property_not_null" computerName="DORNY-PC" duration="00:00:00.0004472" startTime="2021-01-28T21:34:16.8125652+01:00" endTime="2021-01-28T21:34:16.8125662+01:00" testType="13cdc9d9-ddb5-4fa4-a97d-d965ccfc6d4b" outcome="Passed" testListId="8c84fa94-04c1-424b-9868-57a2d4851a1d" relativeResultsDirectory="db5cc8a7-88a7-4560-bdc1-f4da5ed975cf" />
    <UnitTestResult executionId="6a72eb91-140e-42ba-94d4-f0bf2d611558" testId="75bb3662-4455-46a8-c6e6-419244082b71" testName="FluentValidation.Tests.ConditionTests.Validation_should_succeed_when_condition_matches" computerName="DORNY-PC" duration="00:00:00.0004142" startTime="2021-01-28T21:34:17.2946787+01:00" endTime="2021-01-28T21:34:17.2946790+01:00" testType="13cdc9d9-ddb5-4fa4-a97d-d965ccfc6d4b" outcome="Passed" testListId="8c84fa94-04c1-424b-9868-57a2d4851a1d" relativeResultsDirectory="6a72eb91-140e-42ba-94d4-f0bf2d611558" />
    <UnitTestResult executionId="5e6835f0-4eae-4ad9-9cc5-cd04955c1d67" testId="0574b9a0-497a-9741-a67b-5bbefad3d8b2" testName="FluentValidation.Tests.RulesetTests.WithMessage_works_inside_rulesets" computerName="DORNY-PC" duration="00:00:00.0001237" startTime="2021-01-28T21:34:17.2761775+01:00" endTime="2021-01-28T21:34:17.2761778+01:00" testType="13cdc9d9-ddb5-4fa4-a97d-d965ccfc6d4b" outcome="Passed" testListId="8c84fa94-04c1-424b-9868-57a2d4851a1d" relativeResultsDirectory="5e6835f0-4eae-4ad9-9cc5-cd04955c1d67" />
    <UnitTestResult executionId="dc6a1d19-ef33-4188-87b6-5b00dc07cb71" testId="231388e8-63ba-91ef-e0dc-bb95745b2e3f" testName="FluentValidation.Tests.DefaultValidatorExtensionTester.NotNull_should_create_NotNullValidator" computerName="DORNY-PC" duration="00:00:00.0002713" startTime="2021-01-28T21:34:14.0595812+01:00" endTime="2021-01-28T21:34:14.0595814+01:00" testType="13cdc9d9-ddb5-4fa4-a97d-d965ccfc6d4b" outcome="Passed" testListId="8c84fa94-04c1-424b-9868-57a2d4851a1d" relativeResultsDirectory="dc6a1d19-ef33-4188-87b6-5b00dc07cb71" />
    <UnitTestResult executionId="4b1af303-e12c-4d0e-8496-5ce989042576" testId="e10027d7-f23e-9917-7e36-17578bd4b5f7" testName="FluentValidation.Tests.DefaultValidatorExtensionTester.MustAsync_should_create_AsyncPredicateValidator_with_PropertyValidatorContext" computerName="DORNY-PC" duration="00:00:00.0016185" startTime="2021-01-28T21:34:14.0605566+01:00" endTime="2021-01-28T21:34:14.0605567+01:00" testType="13cdc9d9-ddb5-4fa4-a97d-d965ccfc6d4b" outcome="Passed" testListId="8c84fa94-04c1-424b-9868-57a2d4851a1d" relativeResultsDirectory="4b1af303-e12c-4d0e-8496-5ce989042576" />
    <UnitTestResult executionId="561e31cd-db26-4e07-9c8c-4014f977141e" testId="bfd52a5e-2b0a-0c9f-5fd5-e8b82f70fca8" testName="FluentValidation.Tests.AbstractValidatorTester.WithName_should_override_field_name" computerName="DORNY-PC" duration="00:00:00.0002032" startTime="2021-01-28T21:34:17.2608578+01:00" endTime="2021-01-28T21:34:17.2608586+01:00" testType="13cdc9d9-ddb5-4fa4-a97d-d965ccfc6d4b" outcome="Passed" testListId="8c84fa94-04c1-424b-9868-57a2d4851a1d" relativeResultsDirectory="561e31cd-db26-4e07-9c8c-4014f977141e" />
    <UnitTestResult executionId="f512ef26-2892-448b-8c8a-44d97c552b20" testId="e695110c-f6c6-6fb6-64e0-63e4578bef8a" testName="FluentValidation.Tests.CascadingFailuresTester.Validation_continues_on_failure_when_set_to_Stop_globally_and_overriden_at_rule_level" computerName="DORNY-PC" duration="00:00:00.0002230" startTime="2021-01-28T21:34:14.1753031+01:00" endTime="2021-01-28T21:34:14.1753038+01:00" testType="13cdc9d9-ddb5-4fa4-a97d-d965ccfc6d4b" outcome="Passed" testListId="8c84fa94-04c1-424b-9868-57a2d4851a1d" relativeResultsDirectory="f512ef26-2892-448b-8c8a-44d97c552b20" />
    <UnitTestResult executionId="2cfdfd92-ed0f-4e1d-8571-cebe66dd1432" testId="6e720f0a-4747-e0b4-e5e3-6451b797700d" testName="FluentValidation.Tests.ChainingValidatorsTester.Options_should_only_apply_to_current_validator" computerName="DORNY-PC" duration="00:00:00.0002348" startTime="2021-01-28T21:34:16.9097968+01:00" endTime="2021-01-28T21:34:16.9097976+01:00" testType="13cdc9d9-ddb5-4fa4-a97d-d965ccfc6d4b" outcome="Passed" testListId="8c84fa94-04c1-424b-9868-57a2d4851a1d" relativeResultsDirectory="2cfdfd92-ed0f-4e1d-8571-cebe66dd1432" />
    <UnitTestResult executionId="96e61bba-d0c2-4dc6-a538-9d83c0dbafd9" testId="9356db21-add3-51c6-7097-4ea51a559a3f" testName="FluentValidation.Tests.EmailValidatorTests.Valid_email_addresses_aspnetcore_compatible(email: &quot;someName@some~domain.com&quot;)" computerName="DORNY-PC" duration="00:00:00.0000166" startTime="2021-01-28T21:34:16.9181643+01:00" endTime="2021-01-28T21:34:16.9181644+01:00" testType="13cdc9d9-ddb5-4fa4-a97d-d965ccfc6d4b" outcome="Passed" testListId="8c84fa94-04c1-424b-9868-57a2d4851a1d" relativeResultsDirectory="96e61bba-d0c2-4dc6-a538-9d83c0dbafd9" />
    <UnitTestResult executionId="bc7156a1-1b2d-4149-8a36-f46cf809877a" testId="6b2c60bb-0dab-ef43-adbc-cd268e93f751" testName="FluentValidation.Tests.NotNullTester.Not_null_validator_should_not_crash_with_non_nullable_value_type" computerName="DORNY-PC" duration="00:00:00.0002735" startTime="2021-01-28T21:34:17.1469983+01:00" endTime="2021-01-28T21:34:17.1469991+01:00" testType="13cdc9d9-ddb5-4fa4-a97d-d965ccfc6d4b" outcome="Passed" testListId="8c84fa94-04c1-424b-9868-57a2d4851a1d" relativeResultsDirectory="bc7156a1-1b2d-4149-8a36-f46cf809877a" />
    <UnitTestResult executionId="09f6db04-85d1-4fd6-b247-191106eda9f9" testId="9c1b0b78-9b71-19d3-730f-3c47b1cc4fe7" testName="FluentValidation.Tests.SharedConditionTests.Shared_When_is_not_applied_to_grouped_rules_when_initial_predicate_is_false" computerName="DORNY-PC" duration="00:00:00.0001183" startTime="2021-01-28T21:34:14.2406261+01:00" endTime="2021-01-28T21:34:14.2406262+01:00" testType="13cdc9d9-ddb5-4fa4-a97d-d965ccfc6d4b" outcome="Passed" testListId="8c84fa94-04c1-424b-9868-57a2d4851a1d" relativeResultsDirectory="09f6db04-85d1-4fd6-b247-191106eda9f9" />
    <UnitTestResult executionId="74cab947-019c-4bf0-b0b3-f2a0a49e2155" testId="432c4af3-63d2-9ce7-f977-cbc5477fc76e" testName="FluentValidation.Tests.RuleBuilderTests.Should_throw_if_property_name_is_null" computerName="DORNY-PC" duration="00:00:00.0002522" startTime="2021-01-28T21:34:17.1311444+01:00" endTime="2021-01-28T21:34:17.1311458+01:00" testType="13cdc9d9-ddb5-4fa4-a97d-d965ccfc6d4b" outcome="Passed" testListId="8c84fa94-04c1-424b-9868-57a2d4851a1d" relativeResultsDirectory="74cab947-019c-4bf0-b0b3-f2a0a49e2155" />
    <UnitTestResult executionId="d21645dc-4dcb-4db9-9cc4-a19e07ab680d" testId="5433bea7-f313-6c85-978a-b60818f0762d" testName="FluentValidation.Tests.GreaterThanValidatorTester.Validates_with_nullable_property" computerName="DORNY-PC" duration="00:00:00.0005936" startTime="2021-01-28T21:34:16.9802258+01:00" endTime="2021-01-28T21:34:16.9802267+01:00" testType="13cdc9d9-ddb5-4fa4-a97d-d965ccfc6d4b" outcome="Passed" testListId="8c84fa94-04c1-424b-9868-57a2d4851a1d" relativeResultsDirectory="d21645dc-4dcb-4db9-9cc4-a19e07ab680d" />
    <UnitTestResult executionId="f169927b-c1ba-4dd8-87f8-ecd2bab91b17" testId="bfead68c-972a-3a9c-89da-dc22ce51e89a" testName="FluentValidation.Tests.ValidateAndThrowTester.ToString_provides_error_details" computerName="DORNY-PC" duration="00:00:00.0117391" startTime="2021-01-28T21:34:17.1804903+01:00" endTime="2021-01-28T21:34:17.1804922+01:00" testType="13cdc9d9-ddb5-4fa4-a97d-d965ccfc6d4b" outcome="Passed" testListId="8c84fa94-04c1-424b-9868-57a2d4851a1d" relativeResultsDirectory="f169927b-c1ba-4dd8-87f8-ecd2bab91b17" />
    <UnitTestResult executionId="da87b72e-312b-422e-a26d-4546a1237545" testId="4a491ebc-2acd-666f-b81b-ab7ac5079545" testName="FluentValidation.Tests.RulesetTests.Ruleset_selection_should_cascade_downwards_with_when_setting_child_validator_using_include_statement_with_lambda" computerName="DORNY-PC" duration="00:00:00.0008220" startTime="2021-01-28T21:34:17.2755666+01:00" endTime="2021-01-28T21:34:17.2755676+01:00" testType="13cdc9d9-ddb5-4fa4-a97d-d965ccfc6d4b" outcome="Passed" testListId="8c84fa94-04c1-424b-9868-57a2d4851a1d" relativeResultsDirectory="da87b72e-312b-422e-a26d-4546a1237545" />
    <UnitTestResult executionId="7a26ca02-6e11-40dd-8aff-82796e3ff030" testId="e59387f0-4b70-41ba-4919-1f5198a5f855" testName="FluentValidation.Tests.AbstractValidatorTester.Uses_named_parameters_to_validate_ruleset" computerName="DORNY-PC" duration="00:00:00.0003616" startTime="2021-01-28T21:34:17.2614734+01:00" endTime="2021-01-28T21:34:17.2614741+01:00" testType="13cdc9d9-ddb5-4fa4-a97d-d965ccfc6d4b" outcome="Passed" testListId="8c84fa94-04c1-424b-9868-57a2d4851a1d" relativeResultsDirectory="7a26ca02-6e11-40dd-8aff-82796e3ff030" />
    <UnitTestResult executionId="27d1e8ee-8b28-4a8f-9014-e58a4c971c4d" testId="b634cec3-c313-0a00-b39c-5d6b42223fb0" testName="FluentValidation.Tests.NotEmptyTester.When_validation_fails_error_should_be_set" computerName="DORNY-PC" duration="00:00:00.0002777" startTime="2021-01-28T21:34:14.1207487+01:00" endTime="2021-01-28T21:34:14.1207488+01:00" testType="13cdc9d9-ddb5-4fa4-a97d-d965ccfc6d4b" outcome="Passed" testListId="8c84fa94-04c1-424b-9868-57a2d4851a1d" relativeResultsDirectory="27d1e8ee-8b28-4a8f-9014-e58a4c971c4d" />
    <UnitTestResult executionId="449a3bf3-2220-4483-a07c-1499f72454f8" testId="85f88d0f-e188-7963-3e21-bd7aa46b8024" testName="FluentValidation.Tests.ConditionTests.Sync_condition_is_applied_to_async_validators" computerName="DORNY-PC" duration="00:00:00.0006349" startTime="2021-01-28T21:34:17.2908175+01:00" endTime="2021-01-28T21:34:17.2908183+01:00" testType="13cdc9d9-ddb5-4fa4-a97d-d965ccfc6d4b" outcome="Passed" testListId="8c84fa94-04c1-424b-9868-57a2d4851a1d" relativeResultsDirectory="449a3bf3-2220-4483-a07c-1499f72454f8" />
    <UnitTestResult executionId="8eee8259-f7d1-4b51-beac-3d2ac59aa87c" testId="9356db21-add3-51c6-7097-4ea51a559a3f" testName="FluentValidation.Tests.EmailValidatorTests.Valid_email_addresses_aspnetcore_compatible(email: &quot;someName@someDomain￯.com&quot;)" computerName="DORNY-PC" duration="00:00:00.0000157" startTime="2021-01-28T21:34:16.9182157+01:00" endTime="2021-01-28T21:34:16.9182159+01:00" testType="13cdc9d9-ddb5-4fa4-a97d-d965ccfc6d4b" outcome="Passed" testListId="8c84fa94-04c1-424b-9868-57a2d4851a1d" relativeResultsDirectory="8eee8259-f7d1-4b51-beac-3d2ac59aa87c" />
    <UnitTestResult executionId="67988902-d2bb-45a3-b841-fe29b24e87e9" testId="ea49757d-9a97-2e09-3099-3d4a8a220e98" testName="FluentValidation.Tests.EqualValidatorTests.Should_store_property_to_compare" computerName="DORNY-PC" duration="00:00:00.0003283" startTime="2021-01-28T21:34:17.1899592+01:00" endTime="2021-01-28T21:34:17.1899595+01:00" testType="13cdc9d9-ddb5-4fa4-a97d-d965ccfc6d4b" outcome="Passed" testListId="8c84fa94-04c1-424b-9868-57a2d4851a1d" relativeResultsDirectory="67988902-d2bb-45a3-b841-fe29b24e87e9" />
    <UnitTestResult executionId="ca296652-eaa5-4b02-bf20-1f59ea8eb3cb" testId="db87dc9b-5413-3183-c616-311c7c84da05" testName="FluentValidation.Tests.LanguageManagerTests.Gets_translation_for_bosnian_latin_culture(cultureName: &quot;bs-Latn&quot;)" computerName="DORNY-PC" duration="00:00:00.0000627" startTime="2021-01-28T21:34:16.9403828+01:00" endTime="2021-01-28T21:34:16.9403835+01:00" testType="13cdc9d9-ddb5-4fa4-a97d-d965ccfc6d4b" outcome="Passed" testListId="8c84fa94-04c1-424b-9868-57a2d4851a1d" relativeResultsDirectory="ca296652-eaa5-4b02-bf20-1f59ea8eb3cb" />
    <UnitTestResult executionId="ea1fc449-c90e-4d16-b936-b17fd442ca76" testId="59d60f31-1608-15b8-71a3-eb8d233a9f17" testName="FluentValidation.Tests.ValidatorTesterTester.TestValidate_runs_async_throws" computerName="DORNY-PC" duration="00:00:00.0008540" startTime="2021-01-28T21:34:16.8941428+01:00" endTime="2021-01-28T21:34:16.8941439+01:00" testType="13cdc9d9-ddb5-4fa4-a97d-d965ccfc6d4b" outcome="Passed" testListId="8c84fa94-04c1-424b-9868-57a2d4851a1d" relativeResultsDirectory="ea1fc449-c90e-4d16-b936-b17fd442ca76" />
    <UnitTestResult executionId="deda337d-0b60-4aee-acad-775a6874dba7" testId="8462a483-f059-2008-300f-0804ef64aa8e" testName="FluentValidation.Tests.OnFailureTests.WhenWithOnFailure_should_invoke_condition_on_inner_validator" computerName="DORNY-PC" duration="00:00:00.0002855" startTime="2021-01-28T21:34:17.1455679+01:00" endTime="2021-01-28T21:34:17.1455687+01:00" testType="13cdc9d9-ddb5-4fa4-a97d-d965ccfc6d4b" outcome="Passed" testListId="8c84fa94-04c1-424b-9868-57a2d4851a1d" relativeResultsDirectory="deda337d-0b60-4aee-acad-775a6874dba7" />
    <UnitTestResult executionId="dc5b1757-c09c-45cb-9e9e-5e1a10a976c7" testId="5333631e-bf27-f1da-dcda-e8ed55c6619a" testName="FluentValidation.Tests.SharedConditionTests.Nested_conditions_with_CustomAsync_rule" computerName="DORNY-PC" duration="00:00:00.0027533" startTime="2021-01-28T21:34:14.2000825+01:00" endTime="2021-01-28T21:34:14.2000844+01:00" testType="13cdc9d9-ddb5-4fa4-a97d-d965ccfc6d4b" outcome="Passed" testListId="8c84fa94-04c1-424b-9868-57a2d4851a1d" relativeResultsDirectory="dc5b1757-c09c-45cb-9e9e-5e1a10a976c7" />
    <UnitTestResult executionId="ad19cff3-c262-4951-aed2-a50298333537" testId="afb395df-695b-3f82-04ba-745a57a54112" testName="FluentValidation.Tests.ChainedValidationTester.Can_validate_using_validator_for_base_type" computerName="DORNY-PC" duration="00:00:00.0014496" startTime="2021-01-28T21:34:17.3319159+01:00" endTime="2021-01-28T21:34:17.3319167+01:00" testType="13cdc9d9-ddb5-4fa4-a97d-d965ccfc6d4b" outcome="Passed" testListId="8c84fa94-04c1-424b-9868-57a2d4851a1d" relativeResultsDirectory="ad19cff3-c262-4951-aed2-a50298333537" />
    <UnitTestResult executionId="87a46d9d-9002-4ef9-8875-2b7fe2eafe96" testId="65aca820-034e-0bb6-24e3-88d3c50e9828" testName="FluentValidation.Tests.NotEmptyTester.When_value_is_empty_string_validator_should_fail" computerName="DORNY-PC" duration="00:00:00.0002511" startTime="2021-01-28T21:34:14.1193460+01:00" endTime="2021-01-28T21:34:14.1193469+01:00" testType="13cdc9d9-ddb5-4fa4-a97d-d965ccfc6d4b" outcome="Passed" testListId="8c84fa94-04c1-424b-9868-57a2d4851a1d" relativeResultsDirectory="87a46d9d-9002-4ef9-8875-2b7fe2eafe96" />
    <UnitTestResult executionId="e86dc689-eef3-4db2-9fe9-fdfb64f9c5e6" testId="9356db21-add3-51c6-7097-4ea51a559a3f" testName="FluentValidation.Tests.EmailValidatorTests.Valid_email_addresses_aspnetcore_compatible(email: &quot;\&quot;firstName.lastName\&quot;@someDomain.com&quot;)" computerName="DORNY-PC" duration="00:00:00.0000167" startTime="2021-01-28T21:34:16.9181291+01:00" endTime="2021-01-28T21:34:16.9181292+01:00" testType="13cdc9d9-ddb5-4fa4-a97d-d965ccfc6d4b" outcome="Passed" testListId="8c84fa94-04c1-424b-9868-57a2d4851a1d" relativeResultsDirectory="e86dc689-eef3-4db2-9fe9-fdfb64f9c5e6" />
    <UnitTestResult executionId="fd30b207-f0f5-45b6-be4d-6168569127cb" testId="4e1370a2-5d0d-6010-cd0b-37a460178636" testName="FluentValidation.Tests.ValidatorTesterTester.Expected_state_check" computerName="DORNY-PC" duration="00:00:00.0008908" startTime="2021-01-28T21:34:16.8537404+01:00" endTime="2021-01-28T21:34:16.8537415+01:00" testType="13cdc9d9-ddb5-4fa4-a97d-d965ccfc6d4b" outcome="Passed" testListId="8c84fa94-04c1-424b-9868-57a2d4851a1d" relativeResultsDirectory="fd30b207-f0f5-45b6-be4d-6168569127cb" />
    <UnitTestResult executionId="8d6b8f2c-55c6-4934-98e2-2c899b5bf185" testId="8a6b2eb9-30ae-86f6-da4c-2e7363fc4350" testName="FluentValidation.Tests.LengthValidatorTests.When_the_text_is_exactly_the_size_of_the_upper_bound_then_the_validator_should_pass" computerName="DORNY-PC" duration="00:00:00.0003290" startTime="2021-01-28T21:34:14.0691447+01:00" endTime="2021-01-28T21:34:14.0691456+01:00" testType="13cdc9d9-ddb5-4fa4-a97d-d965ccfc6d4b" outcome="Passed" testListId="8c84fa94-04c1-424b-9868-57a2d4851a1d" relativeResultsDirectory="8d6b8f2c-55c6-4934-98e2-2c899b5bf185" />
    <UnitTestResult executionId="a2d57e9b-a6de-4b90-a939-bf09d9a40eb4" testId="ccb3d29a-e5d6-1b7e-bccb-10c0031ee086" testName="FluentValidation.Tests.ValidateAndThrowTester.Does_not_throw_when_valid" computerName="DORNY-PC" duration="00:00:00.0002097" startTime="2021-01-28T21:34:17.1816652+01:00" endTime="2021-01-28T21:34:17.1816660+01:00" testType="13cdc9d9-ddb5-4fa4-a97d-d965ccfc6d4b" outcome="Passed" testListId="8c84fa94-04c1-424b-9868-57a2d4851a1d" relativeResultsDirectory="a2d57e9b-a6de-4b90-a939-bf09d9a40eb4" />
    <UnitTestResult executionId="ebc22e3a-045d-45f6-852c-4ce6eb74c6dc" testId="327b9706-8d26-691a-dc95-5e140999606e" testName="FluentValidation.Tests.ForEachRuleTests.Overrides_indexer_async" computerName="DORNY-PC" duration="00:00:00.0011101" startTime="2021-01-28T21:34:17.2152459+01:00" endTime="2021-01-28T21:34:17.2152467+01:00" testType="13cdc9d9-ddb5-4fa4-a97d-d965ccfc6d4b" outcome="Passed" testListId="8c84fa94-04c1-424b-9868-57a2d4851a1d" relativeResultsDirectory="ebc22e3a-045d-45f6-852c-4ce6eb74c6dc" />
    <UnitTestResult executionId="d7e263a2-f6be-40f5-ab4e-0f39e9706e6b" testId="fe559481-ffc7-91ee-8f6c-5089af8300e6" testName="FluentValidation.Tests.ValidatorTesterTester.ShouldHaveChildValidator_should_not_throw_when_property_has_collection_validators" computerName="DORNY-PC" duration="00:00:00.0005756" startTime="2021-01-28T21:34:16.8551329+01:00" endTime="2021-01-28T21:34:16.8551337+01:00" testType="13cdc9d9-ddb5-4fa4-a97d-d965ccfc6d4b" outcome="Passed" testListId="8c84fa94-04c1-424b-9868-57a2d4851a1d" relativeResultsDirectory="d7e263a2-f6be-40f5-ab4e-0f39e9706e6b" />
    <UnitTestResult executionId="78c4ec1f-0575-4dbe-8b38-ce9e1360da63" testId="e84531c4-4cef-cbda-b6b4-b5f18f13af36" testName="FluentValidation.Tests.ScalePrecisionValidatorTests.Scale_precision_should_be_valid_when_ignoring_trailing_zeroes" computerName="DORNY-PC" duration="00:00:00.0015273" startTime="2021-01-28T21:34:14.2763238+01:00" endTime="2021-01-28T21:34:14.2763263+01:00" testType="13cdc9d9-ddb5-4fa4-a97d-d965ccfc6d4b" outcome="Passed" testListId="8c84fa94-04c1-424b-9868-57a2d4851a1d" relativeResultsDirectory="78c4ec1f-0575-4dbe-8b38-ce9e1360da63" />
    <UnitTestResult executionId="69f58fb1-8475-4939-ba39-5c3430c46397" testId="8d6407d8-7630-8989-05ee-73fca9c441dd" testName="FluentValidation.Tests.LanguageManagerTests.All_languages_should_be_loaded" computerName="DORNY-PC" duration="00:00:00.0013878" startTime="2021-01-28T21:34:16.9677536+01:00" endTime="2021-01-28T21:34:16.9677547+01:00" testType="13cdc9d9-ddb5-4fa4-a97d-d965ccfc6d4b" outcome="Passed" testListId="8c84fa94-04c1-424b-9868-57a2d4851a1d" relativeResultsDirectory="69f58fb1-8475-4939-ba39-5c3430c46397" />
    <UnitTestResult executionId="b1a214e1-5b40-4a58-b8e5-46df6e3da952" testId="b73378a2-1a67-7287-1908-ca903d6ab565" testName="FluentValidation.Tests.AbstractValidatorTester.When_the_validators_fail_then_validatorrunner_should_return_false" computerName="DORNY-PC" duration="00:00:00.0001522" startTime="2021-01-28T21:34:17.2626104+01:00" endTime="2021-01-28T21:34:17.2626105+01:00" testType="13cdc9d9-ddb5-4fa4-a97d-d965ccfc6d4b" outcome="Passed" testListId="8c84fa94-04c1-424b-9868-57a2d4851a1d" relativeResultsDirectory="b1a214e1-5b40-4a58-b8e5-46df6e3da952" />
    <UnitTestResult executionId="9253aa62-611b-4b0f-bf85-44702279ca37" testId="95a643b5-bc25-f333-7656-f7d03e26d4a2" testName="FluentValidation.Tests.RuleBuilderTests.Should_throw_when_async_predicate_is_null" computerName="DORNY-PC" duration="00:00:00.0001555" startTime="2021-01-28T21:34:17.1104189+01:00" endTime="2021-01-28T21:34:17.1104191+01:00" testType="13cdc9d9-ddb5-4fa4-a97d-d965ccfc6d4b" outcome="Passed" testListId="8c84fa94-04c1-424b-9868-57a2d4851a1d" relativeResultsDirectory="9253aa62-611b-4b0f-bf85-44702279ca37" />
    <UnitTestResult executionId="ddd483c0-59ce-44c2-98db-028bd63170b8" testId="cbe99e6a-c47b-3b3f-e397-8ee8212cd1aa" testName="FluentValidation.Tests.NotEmptyTester.When_there_is_a_value_then_the_validator_should_pass" computerName="DORNY-PC" duration="00:00:00.0002293" startTime="2021-01-28T21:34:14.1196208+01:00" endTime="2021-01-28T21:34:14.1196218+01:00" testType="13cdc9d9-ddb5-4fa4-a97d-d965ccfc6d4b" outcome="Passed" testListId="8c84fa94-04c1-424b-9868-57a2d4851a1d" relativeResultsDirectory="ddd483c0-59ce-44c2-98db-028bd63170b8" />
    <UnitTestResult executionId="c0a366b9-b30c-4072-871a-7445017552da" testId="ae9d813e-5e7f-a984-9275-9a7f1f00a0ed" testName="FluentValidation.Tests.InclusiveBetweenValidatorTests.To_and_from_properties_should_be_set_for_strings" computerName="DORNY-PC" duration="00:00:00.0000602" startTime="2021-01-28T21:34:16.8157364+01:00" endTime="2021-01-28T21:34:16.8157370+01:00" testType="13cdc9d9-ddb5-4fa4-a97d-d965ccfc6d4b" outcome="Passed" testListId="8c84fa94-04c1-424b-9868-57a2d4851a1d" relativeResultsDirectory="c0a366b9-b30c-4072-871a-7445017552da" />
    <UnitTestResult executionId="6aa12513-f730-4ca1-9127-3ce303729971" testId="5293b370-007e-ff62-e09d-8615dff3b570" testName="FluentValidation.Tests.LessThanValidatorTester.Should_fail_when_equal_to_input" computerName="DORNY-PC" duration="00:00:00.0002000" startTime="2021-01-28T21:34:16.8076443+01:00" endTime="2021-01-28T21:34:16.8076451+01:00" testType="13cdc9d9-ddb5-4fa4-a97d-d965ccfc6d4b" outcome="Passed" testListId="8c84fa94-04c1-424b-9868-57a2d4851a1d" relativeResultsDirectory="6aa12513-f730-4ca1-9127-3ce303729971" />
    <UnitTestResult executionId="bf1afaab-af39-416a-9790-46f73e99ca9a" testId="e05793c7-4466-a982-b729-30febffc4ab5" testName="FluentValidation.Tests.ValidationResultTests.Can_serialize_failure" computerName="DORNY-PC" duration="00:00:00.0000995" startTime="2021-01-28T21:34:16.9775883+01:00" endTime="2021-01-28T21:34:16.9775885+01:00" testType="13cdc9d9-ddb5-4fa4-a97d-d965ccfc6d4b" outcome="Passed" testListId="8c84fa94-04c1-424b-9868-57a2d4851a1d" relativeResultsDirectory="bf1afaab-af39-416a-9790-46f73e99ca9a" />
    <UnitTestResult executionId="c03937bb-5e9e-4602-913d-0a7f0718ef05" testId="e9e2564e-f490-00d2-e05a-e36f54529b1d" testName="FluentValidation.Tests.ValidatorTesterTester.Unexpected_severity_check" computerName="DORNY-PC" duration="00:00:00.0009091" startTime="2021-01-28T21:34:16.8932400+01:00" endTime="2021-01-28T21:34:16.8932408+01:00" testType="13cdc9d9-ddb5-4fa4-a97d-d965ccfc6d4b" outcome="Passed" testListId="8c84fa94-04c1-424b-9868-57a2d4851a1d" relativeResultsDirectory="c03937bb-5e9e-4602-913d-0a7f0718ef05" />
    <UnitTestResult executionId="faaa9b03-7ac7-4399-bd97-a600905ea7ae" testId="8e164860-82a8-5d2c-2b63-7bc382a06fb5" testName="FluentValidation.Tests.CascadingFailuresTester.Validation_continues_on_failure_when_set_to_StopOnFirstFailure_at_validator_level_and_overriden_at_rule_level_legacy" computerName="DORNY-PC" duration="00:00:00.0002332" startTime="2021-01-28T21:34:14.1743890+01:00" endTime="2021-01-28T21:34:14.1743894+01:00" testType="13cdc9d9-ddb5-4fa4-a97d-d965ccfc6d4b" outcome="Passed" testListId="8c84fa94-04c1-424b-9868-57a2d4851a1d" relativeResultsDirectory="faaa9b03-7ac7-4399-bd97-a600905ea7ae" />
    <UnitTestResult executionId="6c4ec468-a1fe-4beb-85e5-4a7d4ff2a2bd" testId="4fc8311c-1e3e-b945-c93e-6b3cfbcdcb02" testName="FluentValidation.Tests.RegularExpressionValidatorTests.When_the_text_is_empty_then_the_validator_should_fail" computerName="DORNY-PC" duration="00:00:00.0001049" startTime="2021-01-28T21:34:17.3045433+01:00" endTime="2021-01-28T21:34:17.3045435+01:00" testType="13cdc9d9-ddb5-4fa4-a97d-d965ccfc6d4b" outcome="Passed" testListId="8c84fa94-04c1-424b-9868-57a2d4851a1d" relativeResultsDirectory="6c4ec468-a1fe-4beb-85e5-4a7d4ff2a2bd" />
    <UnitTestResult executionId="714bfe65-1f5f-4ae6-8f35-fa56ddd75abf" testId="e02493bd-95d2-02e3-86b2-e20015591349" testName="FluentValidation.Tests.TransformTests.Transforms_property_value_to_another_type" computerName="DORNY-PC" duration="00:00:00.0004268" startTime="2021-01-28T21:34:17.3120790+01:00" endTime="2021-01-28T21:34:17.3120797+01:00" testType="13cdc9d9-ddb5-4fa4-a97d-d965ccfc6d4b" outcome="Passed" testListId="8c84fa94-04c1-424b-9868-57a2d4851a1d" relativeResultsDirectory="714bfe65-1f5f-4ae6-8f35-fa56ddd75abf" />
    <UnitTestResult executionId="1f97fbad-8add-4ee6-b4ea-f913d5b7e1ab" testId="1617bb57-df1e-9c9d-252b-9e7e91481902" testName="FluentValidation.Tests.LessThanOrEqualToValidatorTester.Validates_with_nullable_when_property_not_null" computerName="DORNY-PC" duration="00:00:00.0002607" startTime="2021-01-28T21:34:17.2468556+01:00" endTime="2021-01-28T21:34:17.2468563+01:00" testType="13cdc9d9-ddb5-4fa4-a97d-d965ccfc6d4b" outcome="Passed" testListId="8c84fa94-04c1-424b-9868-57a2d4851a1d" relativeResultsDirectory="1f97fbad-8add-4ee6-b4ea-f913d5b7e1ab" />
    <UnitTestResult executionId="49017c12-e67b-4318-9234-2b5319cdb90e" testId="8e466871-935a-eaa1-53db-81ca5a50e730" testName="FluentValidation.Tests.DefaultValidatorExtensionTester.LessThan_should_create_LessThanValidator_with_lambda" computerName="DORNY-PC" duration="00:00:00.0005323" startTime="2021-01-28T21:34:14.0261697+01:00" endTime="2021-01-28T21:34:14.0261711+01:00" testType="13cdc9d9-ddb5-4fa4-a97d-d965ccfc6d4b" outcome="Passed" testListId="8c84fa94-04c1-424b-9868-57a2d4851a1d" relativeResultsDirectory="49017c12-e67b-4318-9234-2b5319cdb90e" />
    <UnitTestResult executionId="6be7d1c4-6f6e-4241-9e98-a25d03887bc9" testId="bdb822c8-fc34-3255-01c0-d538954d2aec" testName="FluentValidation.Tests.ValidatorSelectorTests.Can_use_property_with_include" computerName="DORNY-PC" duration="00:00:00.0009319" startTime="2021-01-28T21:34:14.2695287+01:00" endTime="2021-01-28T21:34:14.2695303+01:00" testType="13cdc9d9-ddb5-4fa4-a97d-d965ccfc6d4b" outcome="Passed" testListId="8c84fa94-04c1-424b-9868-57a2d4851a1d" relativeResultsDirectory="6be7d1c4-6f6e-4241-9e98-a25d03887bc9" />
    <UnitTestResult executionId="838effe5-f1ae-4bb3-b359-bdfa3e866774" testId="fe320f1a-1731-61a4-2c37-71aaa3bf74d8" testName="FluentValidation.Tests.SharedConditionTests.Outer_async_Unless_clause_will_trump_an_inner_Unless_clause_when_inner_fails_but_the_outer_is_satisfied" computerName="DORNY-PC" duration="00:00:00.0004874" startTime="2021-01-28T21:34:14.2405246+01:00" endTime="2021-01-28T21:34:14.2405247+01:00" testType="13cdc9d9-ddb5-4fa4-a97d-d965ccfc6d4b" outcome="Passed" testListId="8c84fa94-04c1-424b-9868-57a2d4851a1d" relativeResultsDirectory="838effe5-f1ae-4bb3-b359-bdfa3e866774" />
    <UnitTestResult executionId="805b5b6e-1cb0-4ede-bac0-dfb5b95f6574" testId="e49a768a-857a-0209-379b-0ff52755c642" testName="FluentValidation.Tests.EmailValidatorTests.Valid_email_addresses_regex(email: &quot;__somename@example.com&quot;)" computerName="DORNY-PC" duration="00:00:00.0000219" startTime="2021-01-28T21:34:16.9368653+01:00" endTime="2021-01-28T21:34:16.9368654+01:00" testType="13cdc9d9-ddb5-4fa4-a97d-d965ccfc6d4b" outcome="Passed" testListId="8c84fa94-04c1-424b-9868-57a2d4851a1d" relativeResultsDirectory="805b5b6e-1cb0-4ede-bac0-dfb5b95f6574" />
    <UnitTestResult executionId="2cda24ad-72a7-459f-a7b6-b42d85ae0783" testId="1b4fd424-fe82-2d19-70a2-29ec0f7cc2fc" testName="FluentValidation.Tests.NullTester.When_the_validator_passes_the_error_message_should_be_set" computerName="DORNY-PC" duration="00:00:00.0002424" startTime="2021-01-28T21:34:16.7997728+01:00" endTime="2021-01-28T21:34:16.7997736+01:00" testType="13cdc9d9-ddb5-4fa4-a97d-d965ccfc6d4b" outcome="Passed" testListId="8c84fa94-04c1-424b-9868-57a2d4851a1d" relativeResultsDirectory="2cda24ad-72a7-459f-a7b6-b42d85ae0783" />
    <UnitTestResult executionId="21a77bc3-5639-4dd3-9704-2d4741be63a6" testId="0e0db884-0030-20d8-a1cf-77e570d80455" testName="FluentValidation.Tests.EmailValidatorTests.Invalid_email_addressex_regex(email: &quot;first.last@test..co.uk&quot;)" computerName="DORNY-PC" duration="00:00:00.0000334" startTime="2021-01-28T21:34:16.9377106+01:00" endTime="2021-01-28T21:34:16.9377109+01:00" testType="13cdc9d9-ddb5-4fa4-a97d-d965ccfc6d4b" outcome="Passed" testListId="8c84fa94-04c1-424b-9868-57a2d4851a1d" relativeResultsDirectory="21a77bc3-5639-4dd3-9704-2d4741be63a6" />
    <UnitTestResult executionId="c3f7d26e-2321-4a80-bb1b-57318c667562" testId="760ffd0c-77d4-31d5-6121-4fc1d648c9cd" testName="FluentValidation.Tests.SharedConditionTests.Shared_async_When_respects_the_smaller_scope_of_an_inner_Unless_when_the_inner_Unless_predicate_is_satisfied" computerName="DORNY-PC" duration="00:00:00.0004845" startTime="2021-01-28T21:34:14.2318424+01:00" endTime="2021-01-28T21:34:14.2318437+01:00" testType="13cdc9d9-ddb5-4fa4-a97d-d965ccfc6d4b" outcome="Passed" testListId="8c84fa94-04c1-424b-9868-57a2d4851a1d" relativeResultsDirectory="c3f7d26e-2321-4a80-bb1b-57318c667562" />
    <UnitTestResult executionId="4cff86cd-a613-43e5-a162-75e193b6cb3b" testId="f51f65b2-17e4-1621-6d32-8933878800f5" testName="FluentValidation.Tests.TrackingCollectionTests.Add_AddsItem" computerName="DORNY-PC" duration="00:00:00.0006937" startTime="2021-01-28T21:34:14.2708487+01:00" endTime="2021-01-28T21:34:14.2708498+01:00" testType="13cdc9d9-ddb5-4fa4-a97d-d965ccfc6d4b" outcome="Passed" testListId="8c84fa94-04c1-424b-9868-57a2d4851a1d" relativeResultsDirectory="4cff86cd-a613-43e5-a162-75e193b6cb3b" />
    <UnitTestResult executionId="ef000272-9d93-4f35-86fb-fb198e86aa7c" testId="5916dbef-2edb-a167-5d02-065c96f53241" testName="FluentValidation.Tests.ValidatorSelectorTests.Executes_correct_rule_when_using_property_with_include" computerName="DORNY-PC" duration="00:00:00.0011180" startTime="2021-01-28T21:34:14.2606796+01:00" endTime="2021-01-28T21:34:14.2606813+01:00" testType="13cdc9d9-ddb5-4fa4-a97d-d965ccfc6d4b" outcome="Passed" testListId="8c84fa94-04c1-424b-9868-57a2d4851a1d" relativeResultsDirectory="ef000272-9d93-4f35-86fb-fb198e86aa7c" />
    <UnitTestResult executionId="98728a8e-0eb5-4540-a098-e4c5a66bbf8f" testId="24022f9d-df2e-fec6-d4a4-357c4318b408" testName="FluentValidation.Tests.AccessorCacheTests.Gets_member_for_nested_property" computerName="DORNY-PC" duration="00:00:00.0001084" startTime="2021-01-28T21:34:14.1319450+01:00" endTime="2021-01-28T21:34:14.1319457+01:00" testType="13cdc9d9-ddb5-4fa4-a97d-d965ccfc6d4b" outcome="Passed" testListId="8c84fa94-04c1-424b-9868-57a2d4851a1d" relativeResultsDirectory="98728a8e-0eb5-4540-a098-e4c5a66bbf8f" />
    <UnitTestResult executionId="151e8f25-34f9-4cf9-b3dd-3c0b119a0946" testId="8db9b5cf-df7c-4153-3e5b-b48eb58531c4" testName="FluentValidation.Tests.ComplexValidationTester.Async_condition_should_work_with_complex_property" computerName="DORNY-PC" duration="00:00:00.0023119" startTime="2021-01-28T21:34:14.0847377+01:00" endTime="2021-01-28T21:34:14.0847401+01:00" testType="13cdc9d9-ddb5-4fa4-a97d-d965ccfc6d4b" outcome="Passed" testListId="8c84fa94-04c1-424b-9868-57a2d4851a1d" relativeResultsDirectory="151e8f25-34f9-4cf9-b3dd-3c0b119a0946" />
    <UnitTestResult executionId="ed0ac32d-d580-43d8-bf34-ed7966dc799e" testId="fb6906e4-69af-d39e-1e94-f56e647427a3" testName="FluentValidation.Tests.PropertyChainTests.Should_ignore_blanks" computerName="DORNY-PC" duration="00:00:00.0000472" startTime="2021-01-28T21:34:17.3155274+01:00" endTime="2021-01-28T21:34:17.3155275+01:00" testType="13cdc9d9-ddb5-4fa4-a97d-d965ccfc6d4b" outcome="Passed" testListId="8c84fa94-04c1-424b-9868-57a2d4851a1d" relativeResultsDirectory="ed0ac32d-d580-43d8-bf34-ed7966dc799e" />
    <UnitTestResult executionId="4256187a-8243-4d07-a5c2-5c02ceccb0c5" testId="7ba098b0-fd2c-860a-2333-8ec8a4b158fd" testName="FluentValidation.Tests.ValidatorTesterTester.ShouldNotHaveValidationError_should_correctly_handle_explicitly_providing_object_to_validate_and_other_property_fails_validation" computerName="DORNY-PC" duration="00:00:00.0014272" startTime="2021-01-28T21:34:16.8410572+01:00" endTime="2021-01-28T21:34:16.8410580+01:00" testType="13cdc9d9-ddb5-4fa4-a97d-d965ccfc6d4b" outcome="Passed" testListId="8c84fa94-04c1-424b-9868-57a2d4851a1d" relativeResultsDirectory="4256187a-8243-4d07-a5c2-5c02ceccb0c5" />
    <UnitTestResult executionId="612b4608-2c0b-4372-94f4-c1fb7e143622" testId="d32f7703-f05b-d03f-ca25-941cdadaa68d" testName="FluentValidation.Tests.OnFailureTests.OnFailure_called_for_each_failed_rule_asyncAsync" computerName="DORNY-PC" duration="00:00:00.0018854" startTime="2021-01-28T21:34:17.1420893+01:00" endTime="2021-01-28T21:34:17.1420902+01:00" testType="13cdc9d9-ddb5-4fa4-a97d-d965ccfc6d4b" outcome="Passed" testListId="8c84fa94-04c1-424b-9868-57a2d4851a1d" relativeResultsDirectory="612b4608-2c0b-4372-94f4-c1fb7e143622" />
    <UnitTestResult executionId="8c53122a-86a3-4410-bff1-9fad2370fcb2" testId="e49a768a-857a-0209-379b-0ff52755c642" testName="FluentValidation.Tests.EmailValidatorTests.Valid_email_addresses_regex(email: &quot;\&quot;Abc@def\&quot;@example.com&quot;)" computerName="DORNY-PC" duration="00:00:00.0000245" startTime="2021-01-28T21:34:16.9367972+01:00" endTime="2021-01-28T21:34:16.9367973+01:00" testType="13cdc9d9-ddb5-4fa4-a97d-d965ccfc6d4b" outcome="Passed" testListId="8c84fa94-04c1-424b-9868-57a2d4851a1d" relativeResultsDirectory="8c53122a-86a3-4410-bff1-9fad2370fcb2" />
    <UnitTestResult executionId="c6e66976-b6dc-4f45-8fcd-beca81348835" testId="2c2e6c99-d9b2-36df-256c-e09326b610a8" testName="FluentValidation.Tests.ForEachRuleTests.Can_access_parent_index_async" computerName="DORNY-PC" duration="00:00:00.0011019" startTime="2021-01-28T21:34:17.2075825+01:00" endTime="2021-01-28T21:34:17.2075838+01:00" testType="13cdc9d9-ddb5-4fa4-a97d-d965ccfc6d4b" outcome="Passed" testListId="8c84fa94-04c1-424b-9868-57a2d4851a1d" relativeResultsDirectory="c6e66976-b6dc-4f45-8fcd-beca81348835" />
    <UnitTestResult executionId="d7526366-6014-4e7e-aae2-5878d0298fbd" testId="fd86f94b-b2b5-57b0-6af6-9155f01b6c99" testName="FluentValidation.Tests.OnFailureTests.Should_be_able_to_access_error_message_in_OnFailure" computerName="DORNY-PC" duration="00:00:00.0005239" startTime="2021-01-28T21:34:17.1439914+01:00" endTime="2021-01-28T21:34:17.1439921+01:00" testType="13cdc9d9-ddb5-4fa4-a97d-d965ccfc6d4b" outcome="Passed" testListId="8c84fa94-04c1-424b-9868-57a2d4851a1d" relativeResultsDirectory="d7526366-6014-4e7e-aae2-5878d0298fbd" />
    <UnitTestResult executionId="d857e3f4-fbe2-4ca2-a624-348bf6b22b0f" testId="c3eb2c3c-9c5e-d4dc-6bf0-31469ba6022b" testName="FluentValidation.Tests.LanguageManagerTests.Always_use_specific_language_with_string_source" computerName="DORNY-PC" duration="00:00:00.0003219" startTime="2021-01-28T21:34:16.9435260+01:00" endTime="2021-01-28T21:34:16.9435270+01:00" testType="13cdc9d9-ddb5-4fa4-a97d-d965ccfc6d4b" outcome="Passed" testListId="8c84fa94-04c1-424b-9868-57a2d4851a1d" relativeResultsDirectory="d857e3f4-fbe2-4ca2-a624-348bf6b22b0f" />
    <UnitTestResult executionId="d69b5d70-66d4-46ff-a010-5cf7224abc23" testId="1cb47be0-44da-53c2-f169-a7f340d8c38a" testName="FluentValidation.Tests.LessThanValidatorTester.Validates_with_nullable_property" computerName="DORNY-PC" duration="00:00:00.0005793" startTime="2021-01-28T21:34:16.8096117+01:00" endTime="2021-01-28T21:34:16.8096128+01:00" testType="13cdc9d9-ddb5-4fa4-a97d-d965ccfc6d4b" outcome="Passed" testListId="8c84fa94-04c1-424b-9868-57a2d4851a1d" relativeResultsDirectory="d69b5d70-66d4-46ff-a010-5cf7224abc23" />
    <UnitTestResult executionId="a71efa01-ef5b-4c00-83b7-d94083afb793" testId="db987716-7b73-417d-179b-c3521bedeb1f" testName="FluentValidation.Tests.ForEachRuleTests.Overrides_indexer" computerName="DORNY-PC" duration="00:00:00.0012315" startTime="2021-01-28T21:34:17.1938618+01:00" endTime="2021-01-28T21:34:17.1938627+01:00" testType="13cdc9d9-ddb5-4fa4-a97d-d965ccfc6d4b" outcome="Passed" testListId="8c84fa94-04c1-424b-9868-57a2d4851a1d" relativeResultsDirectory="a71efa01-ef5b-4c00-83b7-d94083afb793" />
    <UnitTestResult executionId="45d7cc3a-0140-4011-a441-22d6457b9446" testId="a31e6c69-3c26-ff9c-5195-6c881b5340d1" testName="FluentValidation.Tests.ValidatorTesterTester.ShouldHaveValidationError_Should_support_nested_properties" computerName="DORNY-PC" duration="00:00:00.0008523" startTime="2021-01-28T21:34:16.8730847+01:00" endTime="2021-01-28T21:34:16.8730856+01:00" testType="13cdc9d9-ddb5-4fa4-a97d-d965ccfc6d4b" outcome="Passed" testListId="8c84fa94-04c1-424b-9868-57a2d4851a1d" relativeResultsDirectory="45d7cc3a-0140-4011-a441-22d6457b9446" />
    <UnitTestResult executionId="8a36b52f-6342-4e0c-b46e-cb0a9564ba6a" testId="0b4fa2af-32fd-78ca-6660-53316b3f71dc" testName="FluentValidation.Tests.TrackingCollectionTests.When_Item_Added_Raises_ItemAdded" computerName="DORNY-PC" duration="00:00:00.0008476" startTime="2021-01-28T21:34:14.2718428+01:00" endTime="2021-01-28T21:34:14.2718446+01:00" testType="13cdc9d9-ddb5-4fa4-a97d-d965ccfc6d4b" outcome="Passed" testListId="8c84fa94-04c1-424b-9868-57a2d4851a1d" relativeResultsDirectory="8a36b52f-6342-4e0c-b46e-cb0a9564ba6a" />
    <UnitTestResult executionId="63a9eedc-af69-402e-b0a7-149fbe477da7" testId="247ce3c8-abe4-1fcb-1bce-32fed8bed499" testName="FluentValidation.Tests.RuleBuilderTests.Should_compile_expression" computerName="DORNY-PC" duration="00:00:00.0001225" startTime="2021-01-28T21:34:17.1149835+01:00" endTime="2021-01-28T21:34:17.1149842+01:00" testType="13cdc9d9-ddb5-4fa4-a97d-d965ccfc6d4b" outcome="Passed" testListId="8c84fa94-04c1-424b-9868-57a2d4851a1d" relativeResultsDirectory="63a9eedc-af69-402e-b0a7-149fbe477da7" />
    <UnitTestResult executionId="a2f65910-f579-4642-bf5e-e60849c8f85d" testId="963529c0-e3e7-d000-5d75-9bd426db4b07" testName="FluentValidation.Tests.UserStateTester.Can_Provide_state_for_item_in_collection" computerName="DORNY-PC" duration="00:00:00.0011130" startTime="2021-01-28T21:34:14.1347965+01:00" endTime="2021-01-28T21:34:14.1347986+01:00" testType="13cdc9d9-ddb5-4fa4-a97d-d965ccfc6d4b" outcome="Passed" testListId="8c84fa94-04c1-424b-9868-57a2d4851a1d" relativeResultsDirectory="a2f65910-f579-4642-bf5e-e60849c8f85d" />
    <UnitTestResult executionId="e5b8ccbe-78a1-4525-bd93-fde404b21480" testId="e49a768a-857a-0209-379b-0ff52755c642" testName="FluentValidation.Tests.EmailValidatorTests.Valid_email_addresses_regex(email: &quot;testperson@gmail.com&quot;)" computerName="DORNY-PC" duration="00:00:00.0163384" startTime="2021-01-28T21:34:16.9359875+01:00" endTime="2021-01-28T21:34:16.9359896+01:00" testType="13cdc9d9-ddb5-4fa4-a97d-d965ccfc6d4b" outcome="Passed" testListId="8c84fa94-04c1-424b-9868-57a2d4851a1d" relativeResultsDirectory="e5b8ccbe-78a1-4525-bd93-fde404b21480" />
    <UnitTestResult executionId="8f984034-8ae2-4a69-8646-563f7497d458" testId="89f9b35c-bf13-0550-820f-39688ec693a5" testName="FluentValidation.Tests.CustomFailureActionTester.Invokes_custom_action_on_failure" computerName="DORNY-PC" duration="00:00:00.0002284" startTime="2021-01-28T21:34:14.2741665+01:00" endTime="2021-01-28T21:34:14.2741671+01:00" testType="13cdc9d9-ddb5-4fa4-a97d-d965ccfc6d4b" outcome="Passed" testListId="8c84fa94-04c1-424b-9868-57a2d4851a1d" relativeResultsDirectory="8f984034-8ae2-4a69-8646-563f7497d458" />
    <UnitTestResult executionId="bc129749-09cb-4f49-ad25-41ceb20c393b" testId="9b772449-9a29-e627-ff32-f0d7b66dd14a" testName="FluentValidation.Tests.ConditionTests.Condition_is_applied_to_single_validator_in_the_chain_when_ApplyConditionTo_set_to_CurrentValidator" computerName="DORNY-PC" duration="00:00:00.0003365" startTime="2021-01-28T21:34:17.2901428+01:00" endTime="2021-01-28T21:34:17.2901436+01:00" testType="13cdc9d9-ddb5-4fa4-a97d-d965ccfc6d4b" outcome="Passed" testListId="8c84fa94-04c1-424b-9868-57a2d4851a1d" relativeResultsDirectory="bc129749-09cb-4f49-ad25-41ceb20c393b" />
    <UnitTestResult executionId="3a2ab1a2-a045-4464-a15e-87422f692895" testId="50bea2a5-c382-c28f-ea74-2a7260194a83" testName="FluentValidation.Tests.ComplexValidationTester.Explicitly_included_properties_should_be_propagated_to_nested_validators" computerName="DORNY-PC" duration="00:00:00.0023437" startTime="2021-01-28T21:34:14.1009202+01:00" endTime="2021-01-28T21:34:14.1009224+01:00" testType="13cdc9d9-ddb5-4fa4-a97d-d965ccfc6d4b" outcome="Passed" testListId="8c84fa94-04c1-424b-9868-57a2d4851a1d" relativeResultsDirectory="3a2ab1a2-a045-4464-a15e-87422f692895" />
    <UnitTestResult executionId="0db1b83e-e30c-448b-95f8-bebb95d319cf" testId="ec3d8c7c-2305-d7b7-c82c-1525a9a82a54" testName="FluentValidation.Tests.EqualValidatorTests.Should_store_comparison_type" computerName="DORNY-PC" duration="00:00:00.0003359" startTime="2021-01-28T21:34:17.1885718+01:00" endTime="2021-01-28T21:34:17.1885726+01:00" testType="13cdc9d9-ddb5-4fa4-a97d-d965ccfc6d4b" outcome="Passed" testListId="8c84fa94-04c1-424b-9868-57a2d4851a1d" relativeResultsDirectory="0db1b83e-e30c-448b-95f8-bebb95d319cf" />
    <UnitTestResult executionId="c9873de3-2c30-4c05-bd79-4845f3c21bee" testId="c3b0e623-8360-9b38-16d4-f8d7ba4bc49a" testName="FluentValidation.Tests.StringEnumValidatorTests.IsValidTests_CaseInsensitive_CaseCorrect" computerName="DORNY-PC" duration="00:00:00.0001096" startTime="2021-01-28T21:34:14.1244100+01:00" endTime="2021-01-28T21:34:14.1244109+01:00" testType="13cdc9d9-ddb5-4fa4-a97d-d965ccfc6d4b" outcome="Passed" testListId="8c84fa94-04c1-424b-9868-57a2d4851a1d" relativeResultsDirectory="c9873de3-2c30-4c05-bd79-4845f3c21bee" />
    <UnitTestResult executionId="4ca017d4-998b-4836-b0b2-449620430d3c" testId="d15494fd-b942-42f6-e93e-e0def07c2633" testName="FluentValidation.Tests.ExactLengthValidatorTester.When_the_text_length_is_smaller_the_validator_should_fail" computerName="DORNY-PC" duration="00:00:00.0004689" startTime="2021-01-28T21:34:14.2433174+01:00" endTime="2021-01-28T21:34:14.2433175+01:00" testType="13cdc9d9-ddb5-4fa4-a97d-d965ccfc6d4b" outcome="Passed" testListId="8c84fa94-04c1-424b-9868-57a2d4851a1d" relativeResultsDirectory="4ca017d4-998b-4836-b0b2-449620430d3c" />
    <UnitTestResult executionId="60440573-dd76-4dce-a5a2-6da1f6538a5c" testId="f545f5dc-80f1-ef07-7637-28fd0ccbd49b" testName="FluentValidation.Tests.NotEmptyTester.Fails_for_ienumerable_that_doesnt_implement_ICollection" computerName="DORNY-PC" duration="00:00:00.0012461" startTime="2021-01-28T21:34:14.1147334+01:00" endTime="2021-01-28T21:34:14.1147354+01:00" testType="13cdc9d9-ddb5-4fa4-a97d-d965ccfc6d4b" outcome="Passed" testListId="8c84fa94-04c1-424b-9868-57a2d4851a1d" relativeResultsDirectory="60440573-dd76-4dce-a5a2-6da1f6538a5c" />
    <UnitTestResult executionId="b78a72ed-0d2c-4cbc-8709-058531b3c9e0" testId="4646d8fd-2502-d37a-4828-2e5242d3bef1" testName="FluentValidation.Tests.NotEqualValidatorTests.Should_not_be_valid_for_case_insensitve_comparison" computerName="DORNY-PC" duration="00:00:00.0004358" startTime="2021-01-28T21:34:14.2515252+01:00" endTime="2021-01-28T21:34:14.2515267+01:00" testType="13cdc9d9-ddb5-4fa4-a97d-d965ccfc6d4b" outcome="Passed" testListId="8c84fa94-04c1-424b-9868-57a2d4851a1d" relativeResultsDirectory="b78a72ed-0d2c-4cbc-8709-058531b3c9e0" />
    <UnitTestResult executionId="ef3f9020-33d6-439f-8812-de09def51001" testId="583fb34e-7e7c-0faa-77b8-2f132d4511b2" testName="FluentValidation.Tests.InheritanceValidatorTest.Validates_with_callback_accepting_derived" computerName="DORNY-PC" duration="00:00:00.0006007" startTime="2021-01-28T21:34:14.1547103+01:00" endTime="2021-01-28T21:34:14.1547110+01:00" testType="13cdc9d9-ddb5-4fa4-a97d-d965ccfc6d4b" outcome="Passed" testListId="8c84fa94-04c1-424b-9868-57a2d4851a1d" relativeResultsDirectory="ef3f9020-33d6-439f-8812-de09def51001" />
    <UnitTestResult executionId="7a9d87c6-2ff4-464b-ac05-213f6cff691e" testId="d40d4642-8586-b7a9-ba3b-c5f5a3d982c8" testName="FluentValidation.Tests.RuleBuilderTests.Nullable_object_with_async_condition_should_not_throw" computerName="DORNY-PC" duration="00:00:00.0005033" startTime="2021-01-28T21:34:17.1165841+01:00" endTime="2021-01-28T21:34:17.1165849+01:00" testType="13cdc9d9-ddb5-4fa4-a97d-d965ccfc6d4b" outcome="Passed" testListId="8c84fa94-04c1-424b-9868-57a2d4851a1d" relativeResultsDirectory="7a9d87c6-2ff4-464b-ac05-213f6cff691e" />
    <UnitTestResult executionId="33b8aa8f-2ba4-4a91-97ec-2024744dd918" testId="99e63718-0fc9-1f7e-1536-b201f2499209" testName="FluentValidation.Tests.NotEqualValidatorTests.Comparison_property_uses_custom_resolver" computerName="DORNY-PC" duration="00:00:00.0004998" startTime="2021-01-28T21:34:14.2586084+01:00" endTime="2021-01-28T21:34:14.2586097+01:00" testType="13cdc9d9-ddb5-4fa4-a97d-d965ccfc6d4b" outcome="Passed" testListId="8c84fa94-04c1-424b-9868-57a2d4851a1d" relativeResultsDirectory="33b8aa8f-2ba4-4a91-97ec-2024744dd918" />
    <UnitTestResult executionId="5d0cf822-96d8-429d-8966-3751946e9950" testId="c31d0bad-64d3-b0a7-fa21-aae346ee870e" testName="FluentValidation.Tests.ValidatorTesterTester.ShouldNotHaveValidationError_should_have_validation_error_details_when_thrown_ruleforeach" computerName="DORNY-PC" duration="00:00:00.0012661" startTime="2021-01-28T21:34:16.8423681+01:00" endTime="2021-01-28T21:34:16.8423691+01:00" testType="13cdc9d9-ddb5-4fa4-a97d-d965ccfc6d4b" outcome="Passed" testListId="8c84fa94-04c1-424b-9868-57a2d4851a1d" relativeResultsDirectory="5d0cf822-96d8-429d-8966-3751946e9950" />
    <UnitTestResult executionId="c9c7e74f-f0e7-4249-b214-d0bc9576ab6d" testId="1eedc6e4-aaf2-af63-99ec-7c2196d41a67" testName="FluentValidation.Tests.NotEqualValidatorTests.Validates_across_properties" computerName="DORNY-PC" duration="00:00:00.0003172" startTime="2021-01-28T21:34:14.2580610+01:00" endTime="2021-01-28T21:34:14.2580621+01:00" testType="13cdc9d9-ddb5-4fa4-a97d-d965ccfc6d4b" outcome="Passed" testListId="8c84fa94-04c1-424b-9868-57a2d4851a1d" relativeResultsDirectory="c9c7e74f-f0e7-4249-b214-d0bc9576ab6d" />
    <UnitTestResult executionId="bcbe3099-1e17-410a-bd7e-d64fa41bee73" testId="94c28ca7-454f-5c4d-1269-84f379a61e47" testName="FluentValidation.Tests.NameResolutionPluggabilityTester.ShouldHaveValidationError_Should_support_custom_propertynameresolver" computerName="DORNY-PC" duration="00:00:00.0007316" startTime="2021-01-28T21:34:17.2663823+01:00" endTime="2021-01-28T21:34:17.2663834+01:00" testType="13cdc9d9-ddb5-4fa4-a97d-d965ccfc6d4b" outcome="Passed" testListId="8c84fa94-04c1-424b-9868-57a2d4851a1d" relativeResultsDirectory="bcbe3099-1e17-410a-bd7e-d64fa41bee73" />
    <UnitTestResult executionId="fa85a5bd-177d-4d35-8592-37daa13d3654" testId="b53c0bf7-6c58-49fa-dbb0-6bddb674526a" testName="FluentValidation.Tests.SharedConditionTests.Outer_Unless_clause_will_trump_an_inner_Unless_clause_when_inner_fails_but_the_outer_is_satisfied" computerName="DORNY-PC" duration="00:00:00.0001804" startTime="2021-01-28T21:34:14.2229446+01:00" endTime="2021-01-28T21:34:14.2229456+01:00" testType="13cdc9d9-ddb5-4fa4-a97d-d965ccfc6d4b" outcome="Passed" testListId="8c84fa94-04c1-424b-9868-57a2d4851a1d" relativeResultsDirectory="fa85a5bd-177d-4d35-8592-37daa13d3654" />
    <UnitTestResult executionId="30e673f6-945f-4ec7-b6fd-486b08bebe23" testId="404b1037-3a25-b387-0cba-d5c99eeb7759" testName="FluentValidation.Tests.InlineValidatorTester.Uses_inline_validator_to_build_rules" computerName="DORNY-PC" duration="00:00:00.0016790" startTime="2021-01-28T21:34:14.1566267+01:00" endTime="2021-01-28T21:34:14.1566292+01:00" testType="13cdc9d9-ddb5-4fa4-a97d-d965ccfc6d4b" outcome="Passed" testListId="8c84fa94-04c1-424b-9868-57a2d4851a1d" relativeResultsDirectory="30e673f6-945f-4ec7-b6fd-486b08bebe23" />
    <UnitTestResult executionId="fe15f9ce-2fea-48a9-abdd-f408b6616424" testId="cf1f63cb-405a-d1b5-e842-4a4d654cc167" testName="FluentValidation.Tests.LessThanOrEqualToValidatorTester.Validates_with_nullable_when_property_is_null_cross_property" computerName="DORNY-PC" duration="00:00:00.0004822" startTime="2021-01-28T21:34:17.2452205+01:00" endTime="2021-01-28T21:34:17.2452212+01:00" testType="13cdc9d9-ddb5-4fa4-a97d-d965ccfc6d4b" outcome="Passed" testListId="8c84fa94-04c1-424b-9868-57a2d4851a1d" relativeResultsDirectory="fe15f9ce-2fea-48a9-abdd-f408b6616424" />
    <UnitTestResult executionId="db93c36c-5db9-44cc-8ca7-ea49b51ae16e" testId="bfacda12-b843-22ed-2133-bb19e076985c" testName="FluentValidation.Tests.UserSeverityTester.Should_use_last_supplied_severity" computerName="DORNY-PC" duration="00:00:00.0006834" startTime="2021-01-28T21:34:17.2686759+01:00" endTime="2021-01-28T21:34:17.2686767+01:00" testType="13cdc9d9-ddb5-4fa4-a97d-d965ccfc6d4b" outcome="Passed" testListId="8c84fa94-04c1-424b-9868-57a2d4851a1d" relativeResultsDirectory="db93c36c-5db9-44cc-8ca7-ea49b51ae16e" />
    <UnitTestResult executionId="57649f13-649c-4ecc-a3ec-430b492910d6" testId="e81ef688-1e8c-98a6-08a5-ea5dd20e08d5" testName="FluentValidation.Tests.ValidatorTesterTester.Can_use_indexer_in_string_message" computerName="DORNY-PC" duration="00:00:00.0005620" startTime="2021-01-28T21:34:16.8477764+01:00" endTime="2021-01-28T21:34:16.8477772+01:00" testType="13cdc9d9-ddb5-4fa4-a97d-d965ccfc6d4b" outcome="Passed" testListId="8c84fa94-04c1-424b-9868-57a2d4851a1d" relativeResultsDirectory="57649f13-649c-4ecc-a3ec-430b492910d6" />
    <UnitTestResult executionId="7a0a7bec-392e-4e25-a374-27b1582068f4" testId="60f37060-b803-c47d-d230-4b7f51f1cdf9" testName="FluentValidation.Tests.SharedConditionTests.Runs_otherwise_conditions_for_UnlessAsync" computerName="DORNY-PC" duration="00:00:00.0041051" startTime="2021-01-28T21:34:14.2053063+01:00" endTime="2021-01-28T21:34:14.2053088+01:00" testType="13cdc9d9-ddb5-4fa4-a97d-d965ccfc6d4b" outcome="Passed" testListId="8c84fa94-04c1-424b-9868-57a2d4851a1d" relativeResultsDirectory="7a0a7bec-392e-4e25-a374-27b1582068f4" />
    <UnitTestResult executionId="a330fc34-9845-4d07-b756-744a47b2d7b3" testId="5fbe45f0-ab82-02e3-7893-994226045d28" testName="FluentValidation.Tests.ValidationResultTests.Should_add_errors" computerName="DORNY-PC" duration="00:00:00.0000917" startTime="2021-01-28T21:34:16.9774920+01:00" endTime="2021-01-28T21:34:16.9774924+01:00" testType="13cdc9d9-ddb5-4fa4-a97d-d965ccfc6d4b" outcome="Passed" testListId="8c84fa94-04c1-424b-9868-57a2d4851a1d" relativeResultsDirectory="a330fc34-9845-4d07-b756-744a47b2d7b3" />
    <UnitTestResult executionId="3aaa7673-6a3f-407b-83d6-9392e057397c" testId="d796e8f2-4145-6dd5-c2f2-5054ed90887d" testName="FluentValidation.Tests.ValidatorTesterTester.ShouldHaveChildvalidator_throws_when_collection_property_Does_not_have_child_validator" computerName="DORNY-PC" duration="00:00:00.0003538" startTime="2021-01-28T21:34:16.8825096+01:00" endTime="2021-01-28T21:34:16.8825104+01:00" testType="13cdc9d9-ddb5-4fa4-a97d-d965ccfc6d4b" outcome="Passed" testListId="8c84fa94-04c1-424b-9868-57a2d4851a1d" relativeResultsDirectory="3aaa7673-6a3f-407b-83d6-9392e057397c" />
    <UnitTestResult executionId="6abe18ac-a496-4531-a1aa-455d82b20b95" testId="8762ed22-6e6f-ad75-4953-a6659a6dbc90" testName="FluentValidation.Tests.AbstractValidatorTester.OverridePropertyName_with_lambda_should_override_property_name" computerName="DORNY-PC" duration="00:00:00.0003832" startTime="2021-01-28T21:34:17.2504782+01:00" endTime="2021-01-28T21:34:17.2504789+01:00" testType="13cdc9d9-ddb5-4fa4-a97d-d965ccfc6d4b" outcome="Passed" testListId="8c84fa94-04c1-424b-9868-57a2d4851a1d" relativeResultsDirectory="6abe18ac-a496-4531-a1aa-455d82b20b95" />
    <UnitTestResult executionId="067fea97-83e4-4022-8003-540c9e083b51" testId="3a8d588d-6ce4-6dba-2741-92b08e1454fb" testName="FluentValidation.Tests.RulesetTests.Executes_all_rules" computerName="DORNY-PC" duration="00:00:00.0007106" startTime="2021-01-28T21:34:17.2851877+01:00" endTime="2021-01-28T21:34:17.2851885+01:00" testType="13cdc9d9-ddb5-4fa4-a97d-d965ccfc6d4b" outcome="Passed" testListId="8c84fa94-04c1-424b-9868-57a2d4851a1d" relativeResultsDirectory="067fea97-83e4-4022-8003-540c9e083b51" />
    <UnitTestResult executionId="15fa92b0-a3ea-4057-b199-4743b5818143" testId="93bdcb3d-dbc7-c25c-ec0f-b042554e4802" testName="FluentValidation.Tests.RuleBuilderTests.Calling_ValidateAsync_should_delegate_to_underlying_sync_validator" computerName="DORNY-PC" duration="00:00:00.0735933" startTime="2021-01-28T21:34:17.1097491+01:00" endTime="2021-01-28T21:34:17.1097512+01:00" testType="13cdc9d9-ddb5-4fa4-a97d-d965ccfc6d4b" outcome="Passed" testListId="8c84fa94-04c1-424b-9868-57a2d4851a1d" relativeResultsDirectory="15fa92b0-a3ea-4057-b199-4743b5818143" />
    <UnitTestResult executionId="70010b32-cb39-4ebf-b875-1bdb77c0df50" testId="110f7b39-d081-119c-a4de-2c6c6ea947ad" testName="FluentValidation.Tests.SharedConditionTests.Does_not_execute_customasync_Rule_when_async_condition_false" computerName="DORNY-PC" duration="00:00:00.0008363" startTime="2021-01-28T21:34:14.2196340+01:00" endTime="2021-01-28T21:34:14.2196349+01:00" testType="13cdc9d9-ddb5-4fa4-a97d-d965ccfc6d4b" outcome="Passed" testListId="8c84fa94-04c1-424b-9868-57a2d4851a1d" relativeResultsDirectory="70010b32-cb39-4ebf-b875-1bdb77c0df50" />
    <UnitTestResult executionId="1178834a-716b-4d91-a7eb-e84170c40797" testId="a861c35d-7e4c-3d63-c0e7-f20efd036696" testName="FluentValidation.Tests.ValidatorTesterTester.Expected_message_check" computerName="DORNY-PC" duration="00:00:00.0006922" startTime="2021-01-28T21:34:16.8757201+01:00" endTime="2021-01-28T21:34:16.8757208+01:00" testType="13cdc9d9-ddb5-4fa4-a97d-d965ccfc6d4b" outcome="Passed" testListId="8c84fa94-04c1-424b-9868-57a2d4851a1d" relativeResultsDirectory="1178834a-716b-4d91-a7eb-e84170c40797" />
    <UnitTestResult executionId="f32087a4-5c43-40a8-9ed6-a7dfd58a905f" testId="2b7bd4d4-d7dd-af06-7a3d-f493699add63" testName="FluentValidation.Tests.NotEmptyTester.Fails_for_array" computerName="DORNY-PC" duration="00:00:00.0004650" startTime="2021-01-28T21:34:14.1207083+01:00" endTime="2021-01-28T21:34:14.1207089+01:00" testType="13cdc9d9-ddb5-4fa4-a97d-d965ccfc6d4b" outcome="Passed" testListId="8c84fa94-04c1-424b-9868-57a2d4851a1d" relativeResultsDirectory="f32087a4-5c43-40a8-9ed6-a7dfd58a905f" />
    <UnitTestResult executionId="4fbe4821-08c1-4d2b-8abc-d925efab3fc7" testId="ea01a2ad-8481-7c56-2c5f-d4a4f2482115" testName="FluentValidation.Tests.ScalePrecisionValidatorTests.Scale_precision_should_be_valid" computerName="DORNY-PC" duration="00:00:00.0003178" startTime="2021-01-28T21:34:14.2771775+01:00" endTime="2021-01-28T21:34:14.2771783+01:00" testType="13cdc9d9-ddb5-4fa4-a97d-d965ccfc6d4b" outcome="Passed" testListId="8c84fa94-04c1-424b-9868-57a2d4851a1d" relativeResultsDirectory="4fbe4821-08c1-4d2b-8abc-d925efab3fc7" />
    <UnitTestResult executionId="3b77a58e-96bb-4538-aff2-c87eea2a1fa8" testId="3eb8960b-c710-12df-fd49-8aa336d06a33" testName="FluentValidation.Tests.ValidatorDescriptorTester.Gets_validators_for_property" computerName="DORNY-PC" duration="00:00:00.0001789" startTime="2021-01-28T21:34:17.1356493+01:00" endTime="2021-01-28T21:34:17.1356500+01:00" testType="13cdc9d9-ddb5-4fa4-a97d-d965ccfc6d4b" outcome="Passed" testListId="8c84fa94-04c1-424b-9868-57a2d4851a1d" relativeResultsDirectory="3b77a58e-96bb-4538-aff2-c87eea2a1fa8" />
    <UnitTestResult executionId="c86bcbb2-8f77-43ac-bdc3-61cc350a03d6" testId="3d47fe12-3639-fc8a-5b00-d339b6c3f424" testName="FluentValidation.Tests.CustomMessageFormatTester.Uses_custom_delegate_for_building_message_only_for_specific_validator" computerName="DORNY-PC" duration="00:00:00.0003785" startTime="2021-01-28T21:34:14.2462093+01:00" endTime="2021-01-28T21:34:14.2462094+01:00" testType="13cdc9d9-ddb5-4fa4-a97d-d965ccfc6d4b" outcome="Passed" testListId="8c84fa94-04c1-424b-9868-57a2d4851a1d" relativeResultsDirectory="c86bcbb2-8f77-43ac-bdc3-61cc350a03d6" />
    <UnitTestResult executionId="0d35d128-ec01-4719-816d-9d923d1c5218" testId="b31b9075-47da-ff2c-4ef7-125f458316d1" testName="FluentValidation.Tests.ChainedValidationTester.Explicitly_included_properties_should_be_propagated_to_nested_validators_using_strings" computerName="DORNY-PC" duration="00:00:00.0001753" startTime="2021-01-28T21:34:17.3300357+01:00" endTime="2021-01-28T21:34:17.3300364+01:00" testType="13cdc9d9-ddb5-4fa4-a97d-d965ccfc6d4b" outcome="Passed" testListId="8c84fa94-04c1-424b-9868-57a2d4851a1d" relativeResultsDirectory="0d35d128-ec01-4719-816d-9d923d1c5218" />
    <UnitTestResult executionId="e63f93a5-8002-4c73-a522-eaf5fbc352f6" testId="3046c167-e64e-5d7a-850a-83bada0d1dfa" testName="FluentValidation.Tests.ForEachRuleTests.Correctly_gets_collection_indices_async" computerName="DORNY-PC" duration="00:00:00.0006990" startTime="2021-01-28T21:34:17.2133417+01:00" endTime="2021-01-28T21:34:17.2133427+01:00" testType="13cdc9d9-ddb5-4fa4-a97d-d965ccfc6d4b" outcome="Passed" testListId="8c84fa94-04c1-424b-9868-57a2d4851a1d" relativeResultsDirectory="e63f93a5-8002-4c73-a522-eaf5fbc352f6" />
    <UnitTestResult executionId="cf445362-2959-4bcd-8679-371834c87b1a" testId="c870c0fd-d33c-c3f6-acce-3a9208816ca4" testName="FluentValidation.Tests.CascadingFailuresTester.Validation_continues_to_second_validator_when_first_validator_succeeds_and_cascade_set_to_stop_legacy" computerName="DORNY-PC" duration="00:00:00.0002155" startTime="2021-01-28T21:34:14.1717619+01:00" endTime="2021-01-28T21:34:14.1717627+01:00" testType="13cdc9d9-ddb5-4fa4-a97d-d965ccfc6d4b" outcome="Passed" testListId="8c84fa94-04c1-424b-9868-57a2d4851a1d" relativeResultsDirectory="cf445362-2959-4bcd-8679-371834c87b1a" />
    <UnitTestResult executionId="b297eaf7-51a9-4b2c-a6f6-344691076b67" testId="0d6af55a-9e4e-cd41-0909-f974586e07ec" testName="FluentValidation.Tests.LengthValidatorTests.When_the_text_is_larger_than_the_lambda_range_then_the_validator_should_fail" computerName="DORNY-PC" duration="00:00:00.0003557" startTime="2021-01-28T21:34:14.0719580+01:00" endTime="2021-01-28T21:34:14.0719581+01:00" testType="13cdc9d9-ddb5-4fa4-a97d-d965ccfc6d4b" outcome="Passed" testListId="8c84fa94-04c1-424b-9868-57a2d4851a1d" relativeResultsDirectory="b297eaf7-51a9-4b2c-a6f6-344691076b67" />
    <UnitTestResult executionId="fe7df6d6-b03e-4d5b-887c-6bf78d8a02b8" testId="ec308a3a-9c45-6610-4f30-8c1bdbfd5e69" testName="FluentValidation.Tests.InheritanceValidatorTest.Validates_inheritance_async" computerName="DORNY-PC" duration="00:00:00.0012652" startTime="2021-01-28T21:34:14.1440004+01:00" endTime="2021-01-28T21:34:14.1440016+01:00" testType="13cdc9d9-ddb5-4fa4-a97d-d965ccfc6d4b" outcome="Passed" testListId="8c84fa94-04c1-424b-9868-57a2d4851a1d" relativeResultsDirectory="fe7df6d6-b03e-4d5b-887c-6bf78d8a02b8" />
    <UnitTestResult executionId="1dc953bf-890c-4b8c-a234-e3071c912f62" testId="62f37642-e289-197b-e045-32d289fdd8ab" testName="FluentValidation.Tests.CustomValidatorTester.New_custom_uses_empty_property_name_for_model_level_rule" computerName="DORNY-PC" duration="00:00:00.0002515" startTime="2021-01-28T21:34:17.3222092+01:00" endTime="2021-01-28T21:34:17.3222099+01:00" testType="13cdc9d9-ddb5-4fa4-a97d-d965ccfc6d4b" outcome="Passed" testListId="8c84fa94-04c1-424b-9868-57a2d4851a1d" relativeResultsDirectory="1dc953bf-890c-4b8c-a234-e3071c912f62" />
    <UnitTestResult executionId="b0e01615-5cee-4454-a6d7-f3eb3bc0aeb9" testId="77de5f37-e390-b787-5a99-0f76b1b0208c" testName="FluentValidation.Tests.LessThanValidatorTester.Comparison_type" computerName="DORNY-PC" duration="00:00:00.0000894" startTime="2021-01-28T21:34:16.8065117+01:00" endTime="2021-01-28T21:34:16.8065124+01:00" testType="13cdc9d9-ddb5-4fa4-a97d-d965ccfc6d4b" outcome="Passed" testListId="8c84fa94-04c1-424b-9868-57a2d4851a1d" relativeResultsDirectory="b0e01615-5cee-4454-a6d7-f3eb3bc0aeb9" />
    <UnitTestResult executionId="fcf9cef1-db4b-4eb0-beb6-96911d9149ea" testId="d2e6b621-9070-999e-e0ad-4a4a71f8a678" testName="FluentValidation.Tests.LocalisedMessagesTester.Correctly_assigns_default_localized_error_message" computerName="DORNY-PC" duration="00:00:00.0011647" startTime="2021-01-28T21:34:17.1842897+01:00" endTime="2021-01-28T21:34:17.1842905+01:00" testType="13cdc9d9-ddb5-4fa4-a97d-d965ccfc6d4b" outcome="Passed" testListId="8c84fa94-04c1-424b-9868-57a2d4851a1d" relativeResultsDirectory="fcf9cef1-db4b-4eb0-beb6-96911d9149ea" />
    <UnitTestResult executionId="17b3d49b-876c-49a1-9ee9-d23f2638a691" testId="ccb6bf4d-8747-98fa-ce03-3a379e206657" testName="FluentValidation.Tests.LanguageManagerTests.Gets_translation_for_specific_culture" computerName="DORNY-PC" duration="00:00:00.0000989" startTime="2021-01-28T21:34:16.9436613+01:00" endTime="2021-01-28T21:34:16.9436621+01:00" testType="13cdc9d9-ddb5-4fa4-a97d-d965ccfc6d4b" outcome="Passed" testListId="8c84fa94-04c1-424b-9868-57a2d4851a1d" relativeResultsDirectory="17b3d49b-876c-49a1-9ee9-d23f2638a691" />
    <UnitTestResult executionId="7ae59c61-56ad-47f7-850a-50a0ca5470d5" testId="b5a3fe5b-e4bd-3fb9-550f-fb42044e608d" testName="FluentValidation.Tests.ExclusiveBetweenValidatorTests.When_the_text_is_larger_than_the_range_then_the_validator_should_fail" computerName="DORNY-PC" duration="00:00:00.0005079" startTime="2021-01-28T21:34:14.1881385+01:00" endTime="2021-01-28T21:34:14.1881405+01:00" testType="13cdc9d9-ddb5-4fa4-a97d-d965ccfc6d4b" outcome="Passed" testListId="8c84fa94-04c1-424b-9868-57a2d4851a1d" relativeResultsDirectory="7ae59c61-56ad-47f7-850a-50a0ca5470d5" />
    <UnitTestResult executionId="48b4e9b0-ce67-46fe-a59c-0b2806486c2a" testId="1322c0f0-a9c7-4022-19db-9dfe30b006e3" testName="FluentValidation.Tests.PropertyChainTests.Creates_from_expression" computerName="DORNY-PC" duration="00:00:00.0001276" startTime="2021-01-28T21:34:17.3155573+01:00" endTime="2021-01-28T21:34:17.3155574+01:00" testType="13cdc9d9-ddb5-4fa4-a97d-d965ccfc6d4b" outcome="Passed" testListId="8c84fa94-04c1-424b-9868-57a2d4851a1d" relativeResultsDirectory="48b4e9b0-ce67-46fe-a59c-0b2806486c2a" />
    <UnitTestResult executionId="237fff37-4b2c-47ff-a24b-854440b5d681" testId="fbf59662-7bbc-8fe4-4ee8-0a089eba0759" testName="FluentValidation.Tests.ExactLengthValidatorTester.Min_and_max_properties_should_be_set" computerName="DORNY-PC" duration="00:00:00.0000707" startTime="2021-01-28T21:34:14.2460963+01:00" endTime="2021-01-28T21:34:14.2460965+01:00" testType="13cdc9d9-ddb5-4fa4-a97d-d965ccfc6d4b" outcome="Passed" testListId="8c84fa94-04c1-424b-9868-57a2d4851a1d" relativeResultsDirectory="237fff37-4b2c-47ff-a24b-854440b5d681" />
    <UnitTestResult executionId="60be34f4-35fe-4453-9f7b-ed4b78d61f75" testId="dddafb2e-4b8c-6897-e182-811c71745d21" testName="FluentValidation.Tests.ValidateAndThrowTester.Populates_errors" computerName="DORNY-PC" duration="00:00:00.0003478" startTime="2021-01-28T21:34:17.1826079+01:00" endTime="2021-01-28T21:34:17.1826087+01:00" testType="13cdc9d9-ddb5-4fa4-a97d-d965ccfc6d4b" outcome="Passed" testListId="8c84fa94-04c1-424b-9868-57a2d4851a1d" relativeResultsDirectory="60be34f4-35fe-4453-9f7b-ed4b78d61f75" />
    <UnitTestResult executionId="65ca32ca-9541-4d10-82cf-2c479f4cc8ea" testId="3efeae79-6aad-1cd7-47c8-41436de1a4ad" testName="FluentValidation.Tests.AbstractValidatorTester.OverridePropertyName_should_override_property_name" computerName="DORNY-PC" duration="00:00:00.0001676" startTime="2021-01-28T21:34:17.2506800+01:00" endTime="2021-01-28T21:34:17.2506807+01:00" testType="13cdc9d9-ddb5-4fa4-a97d-d965ccfc6d4b" outcome="Passed" testListId="8c84fa94-04c1-424b-9868-57a2d4851a1d" relativeResultsDirectory="65ca32ca-9541-4d10-82cf-2c479f4cc8ea" />
    <UnitTestResult executionId="fdefdc99-8cc9-4a5f-aa4d-b446c5d6bde2" testId="9f757737-a35f-b892-7d22-8cde65fe9fe4" testName="FluentValidation.Tests.ScalePrecisionValidatorTests.Scale_precision_should_not_be_valid_when_ignoring_trailing_zeroes" computerName="DORNY-PC" duration="00:00:00.0004372" startTime="2021-01-28T21:34:14.2768164+01:00" endTime="2021-01-28T21:34:14.2768178+01:00" testType="13cdc9d9-ddb5-4fa4-a97d-d965ccfc6d4b" outcome="Passed" testListId="8c84fa94-04c1-424b-9868-57a2d4851a1d" relativeResultsDirectory="fdefdc99-8cc9-4a5f-aa4d-b446c5d6bde2" />
    <UnitTestResult executionId="e64fa5b8-59ae-4813-ad6c-63d739caf638" testId="8c074f2b-a69f-b089-3c27-b0dcb0d1c15c" testName="FluentValidation.Tests.LocalisedNameTester.Uses_localized_name" computerName="DORNY-PC" duration="00:00:00.0003024" startTime="2021-01-28T21:34:16.9846753+01:00" endTime="2021-01-28T21:34:16.9846756+01:00" testType="13cdc9d9-ddb5-4fa4-a97d-d965ccfc6d4b" outcome="Passed" testListId="8c84fa94-04c1-424b-9868-57a2d4851a1d" relativeResultsDirectory="e64fa5b8-59ae-4813-ad6c-63d739caf638" />
    <UnitTestResult executionId="375fb557-3e97-4aa0-8e7e-bd6a49eedd03" testId="d423423d-0b23-0f92-88ac-2186ba47f09b" testName="FluentValidation.Tests.StringEnumValidatorTests.IsValidTests_CaseSensitive_CaseIncorrect" computerName="DORNY-PC" duration="00:00:00.0001363" startTime="2021-01-28T21:34:14.1241176+01:00" endTime="2021-01-28T21:34:14.1241187+01:00" testType="13cdc9d9-ddb5-4fa4-a97d-d965ccfc6d4b" outcome="Passed" testListId="8c84fa94-04c1-424b-9868-57a2d4851a1d" relativeResultsDirectory="375fb557-3e97-4aa0-8e7e-bd6a49eedd03" />
    <UnitTestResult executionId="561c35ae-a0d8-42a2-9cd6-97a866d5651a" testId="e1fb7dac-4d94-6edf-7c85-9c46a23016e5" testName="FluentValidation.Tests.SharedConditionTests.Executes_customasync_rule_when_condition_true" computerName="DORNY-PC" duration="00:00:00.0014208" startTime="2021-01-28T21:34:14.2150407+01:00" endTime="2021-01-28T21:34:14.2150421+01:00" testType="13cdc9d9-ddb5-4fa4-a97d-d965ccfc6d4b" outcome="Passed" testListId="8c84fa94-04c1-424b-9868-57a2d4851a1d" relativeResultsDirectory="561c35ae-a0d8-42a2-9cd6-97a866d5651a" />
    <UnitTestResult executionId="c03dbf40-9df7-47ca-95a2-d74c95fc3a92" testId="950df760-d4c5-c09b-58da-3df78de4d11b" testName="FluentValidation.Tests.DefaultValidatorExtensionTester.MustAsync_should_not_throw_InvalidCastException" computerName="DORNY-PC" duration="00:00:00.0104516" startTime="2021-01-28T21:34:14.0593496+01:00" endTime="2021-01-28T21:34:14.0593499+01:00" testType="13cdc9d9-ddb5-4fa4-a97d-d965ccfc6d4b" outcome="Passed" testListId="8c84fa94-04c1-424b-9868-57a2d4851a1d" relativeResultsDirectory="c03dbf40-9df7-47ca-95a2-d74c95fc3a92" />
    <UnitTestResult executionId="26f44ce5-c145-4bee-9d6a-91fb243b705a" testId="7409a040-113b-32e9-ab9a-81d8f3cd77aa" testName="FluentValidation.Tests.LessThanOrEqualToValidatorTester.Comparison_property_uses_custom_resolver" computerName="DORNY-PC" duration="00:00:00.0010333" startTime="2021-01-28T21:34:17.2436781+01:00" endTime="2021-01-28T21:34:17.2436791+01:00" testType="13cdc9d9-ddb5-4fa4-a97d-d965ccfc6d4b" outcome="Passed" testListId="8c84fa94-04c1-424b-9868-57a2d4851a1d" relativeResultsDirectory="26f44ce5-c145-4bee-9d6a-91fb243b705a" />
    <UnitTestResult executionId="2eab8970-8f9d-41fa-aa27-81ff4f13b186" testId="dfc68a72-fd60-a5e0-107c-0901dbdc3834" testName="FluentValidation.Tests.SharedConditionTests.Shared_async_When_is_not_applied_to_grouped_rules_when_initial_predicate_is_false" computerName="DORNY-PC" duration="00:00:00.0004089" startTime="2021-01-28T21:34:14.2205896+01:00" endTime="2021-01-28T21:34:14.2205908+01:00" testType="13cdc9d9-ddb5-4fa4-a97d-d965ccfc6d4b" outcome="Passed" testListId="8c84fa94-04c1-424b-9868-57a2d4851a1d" relativeResultsDirectory="2eab8970-8f9d-41fa-aa27-81ff4f13b186" />
    <UnitTestResult executionId="f3bcd0cc-56d6-4d6c-bece-b079c5db90a6" testId="c7c7e6d1-7dcd-38ea-14e9-28ada58706a9" testName="FluentValidation.Tests.ValidatorTesterTester.Unexpected_message_check(withoutErrMsg: &quot;bar&quot;, errMessages: [&quot;foo&quot;, &quot;bar&quot;])" computerName="DORNY-PC" duration="00:00:00.0001797" startTime="2021-01-28T21:34:16.8795924+01:00" endTime="2021-01-28T21:34:16.8795932+01:00" testType="13cdc9d9-ddb5-4fa4-a97d-d965ccfc6d4b" outcome="Passed" testListId="8c84fa94-04c1-424b-9868-57a2d4851a1d" relativeResultsDirectory="f3bcd0cc-56d6-4d6c-bece-b079c5db90a6" />
    <UnitTestResult executionId="a30f5fdf-e9bf-49e1-ac5c-0c815d3ca8b0" testId="0dbead9a-245a-6735-0224-33bd8d59d56e" testName="FluentValidation.Tests.SharedConditionTests.Does_not_execute_custom_Rule_when_async_condition_false" computerName="DORNY-PC" duration="00:00:00.0009040" startTime="2021-01-28T21:34:14.2411540+01:00" endTime="2021-01-28T21:34:14.2411552+01:00" testType="13cdc9d9-ddb5-4fa4-a97d-d965ccfc6d4b" outcome="Passed" testListId="8c84fa94-04c1-424b-9868-57a2d4851a1d" relativeResultsDirectory="a30f5fdf-e9bf-49e1-ac5c-0c815d3ca8b0" />
    <UnitTestResult executionId="824ee998-7124-4a17-8580-284142f1cff8" testId="58355cf6-55c3-8796-08c3-305af76314d0" testName="FluentValidation.Tests.DefaultValidatorExtensionTester.LessThanOrEqual_should_create_LessThanOrEqualValidator_with_lambda" computerName="DORNY-PC" duration="00:00:00.0005095" startTime="2021-01-28T21:34:14.0250129+01:00" endTime="2021-01-28T21:34:14.0250131+01:00" testType="13cdc9d9-ddb5-4fa4-a97d-d965ccfc6d4b" outcome="Passed" testListId="8c84fa94-04c1-424b-9868-57a2d4851a1d" relativeResultsDirectory="824ee998-7124-4a17-8580-284142f1cff8" />
    <UnitTestResult executionId="1dfb1509-6da8-4270-8e87-b372a5dbd744" testId="faad2960-0b75-53c7-a2d9-4d7a3fe2e530" testName="FluentValidation.Tests.EmptyTester.When_there_is_a_value_then_the_validator_should_fail" computerName="DORNY-PC" duration="00:00:00.0001989" startTime="2021-01-28T21:34:17.1557056+01:00" endTime="2021-01-28T21:34:17.1557064+01:00" testType="13cdc9d9-ddb5-4fa4-a97d-d965ccfc6d4b" outcome="Passed" testListId="8c84fa94-04c1-424b-9868-57a2d4851a1d" relativeResultsDirectory="1dfb1509-6da8-4270-8e87-b372a5dbd744" />
    <UnitTestResult executionId="2db835dc-21e9-4e7a-a782-8f28fdea4782" testId="db3e42cb-3479-e45b-476e-d1acfdbb89f0" testName="FluentValidation.Tests.InclusiveBetweenValidatorTests.When_the_to_is_smaller_than_the_from_then_the_validator_should_throw_for_strings" computerName="DORNY-PC" duration="00:00:00.0001329" startTime="2021-01-28T21:34:16.8138849+01:00" endTime="2021-01-28T21:34:16.8138857+01:00" testType="13cdc9d9-ddb5-4fa4-a97d-d965ccfc6d4b" outcome="Passed" testListId="8c84fa94-04c1-424b-9868-57a2d4851a1d" relativeResultsDirectory="2db835dc-21e9-4e7a-a782-8f28fdea4782" />
    <UnitTestResult executionId="113a1170-4082-4e22-9df6-e006e5d026cd" testId="e22bdd56-de91-68f4-4450-270db4bd13e0" testName="FluentValidation.Tests.ValidatorTesterTester.ShouldHaveValidationError_model_async_throws" computerName="DORNY-PC" duration="00:00:00.0011585" startTime="2021-01-28T21:34:16.9060569+01:00" endTime="2021-01-28T21:34:16.9060581+01:00" testType="13cdc9d9-ddb5-4fa4-a97d-d965ccfc6d4b" outcome="Passed" testListId="8c84fa94-04c1-424b-9868-57a2d4851a1d" relativeResultsDirectory="113a1170-4082-4e22-9df6-e006e5d026cd" />
    <UnitTestResult executionId="d92adee1-495e-418c-aba7-dda76016f185" testId="db87dc9b-5413-3183-c616-311c7c84da05" testName="FluentValidation.Tests.LanguageManagerTests.Gets_translation_for_bosnian_latin_culture(cultureName: &quot;bs&quot;)" computerName="DORNY-PC" duration="00:00:00.0006610" startTime="2021-01-28T21:34:16.9403040+01:00" endTime="2021-01-28T21:34:16.9403060+01:00" testType="13cdc9d9-ddb5-4fa4-a97d-d965ccfc6d4b" outcome="Passed" testListId="8c84fa94-04c1-424b-9868-57a2d4851a1d" relativeResultsDirectory="d92adee1-495e-418c-aba7-dda76016f185" />
    <UnitTestResult executionId="bb81a68d-f0de-44ad-8f34-6a61aea3ba58" testId="561b5ff6-bc24-e653-5aa8-bea6db116649" testName="FluentValidation.Tests.CollectionValidatorWithParentTests.Condition_should_work_with_child_collection" computerName="DORNY-PC" duration="00:00:00.0007357" startTime="2021-01-28T21:34:17.0123906+01:00" endTime="2021-01-28T21:34:17.0123916+01:00" testType="13cdc9d9-ddb5-4fa4-a97d-d965ccfc6d4b" outcome="Passed" testListId="8c84fa94-04c1-424b-9868-57a2d4851a1d" relativeResultsDirectory="bb81a68d-f0de-44ad-8f34-6a61aea3ba58" />
    <UnitTestResult executionId="05114156-1267-41c6-83b9-382c39dea092" testId="9e2c43cd-00f9-59e8-0e64-52ae434e75ad" testName="FluentValidation.Tests.ExclusiveBetweenValidatorTests.When_the_value_is_between_the_range_specified_then_the_validator_should_pass_for_strings" computerName="DORNY-PC" duration="00:00:00.0002261" startTime="2021-01-28T21:34:14.1918081+01:00" endTime="2021-01-28T21:34:14.1918091+01:00" testType="13cdc9d9-ddb5-4fa4-a97d-d965ccfc6d4b" outcome="Passed" testListId="8c84fa94-04c1-424b-9868-57a2d4851a1d" relativeResultsDirectory="05114156-1267-41c6-83b9-382c39dea092" />
    <UnitTestResult executionId="fe2b45e2-bccc-4160-8ebb-97da6d841186" testId="d9c72f91-24c2-c0c2-bab0-693e84d5dbc8" testName="FluentValidation.Tests.ExclusiveBetweenValidatorTests.When_the_value_is_exactly_the_size_of_the_upper_bound_then_the_validator_should_fail" computerName="DORNY-PC" duration="00:00:00.0002263" startTime="2021-01-28T21:34:14.1909407+01:00" endTime="2021-01-28T21:34:14.1909408+01:00" testType="13cdc9d9-ddb5-4fa4-a97d-d965ccfc6d4b" outcome="Passed" testListId="8c84fa94-04c1-424b-9868-57a2d4851a1d" relativeResultsDirectory="fe2b45e2-bccc-4160-8ebb-97da6d841186" />
    <UnitTestResult executionId="2af611fb-8cbd-4c73-8bad-a41b05ad7dfe" testId="d3ed8b67-a05f-770a-b8f7-4be0f9fe5c00" testName="FluentValidation.Tests.RuleBuilderTests.PropertyDescription_should_return_custom_property_name" computerName="DORNY-PC" duration="00:00:00.0006558" startTime="2021-01-28T21:34:17.1160433+01:00" endTime="2021-01-28T21:34:17.1160440+01:00" testType="13cdc9d9-ddb5-4fa4-a97d-d965ccfc6d4b" outcome="Passed" testListId="8c84fa94-04c1-424b-9868-57a2d4851a1d" relativeResultsDirectory="2af611fb-8cbd-4c73-8bad-a41b05ad7dfe" />
    <UnitTestResult executionId="a2ca794d-a249-4786-8e8d-9bc918659a63" testId="ff42f186-e31c-2f43-17d9-d938a62e149a" testName="FluentValidation.Tests.ExtensionTester.Should_return_null_for_non_member_expressions" computerName="DORNY-PC" duration="00:00:00.0001368" startTime="2021-01-28T21:34:14.2498517+01:00" endTime="2021-01-28T21:34:14.2498526+01:00" testType="13cdc9d9-ddb5-4fa4-a97d-d965ccfc6d4b" outcome="Passed" testListId="8c84fa94-04c1-424b-9868-57a2d4851a1d" relativeResultsDirectory="a2ca794d-a249-4786-8e8d-9bc918659a63" />
    <UnitTestResult executionId="4a1672ee-b058-49ee-8871-faf01831ccf1" testId="f270d710-4dae-ca92-4736-3a5dc1e37d7b" testName="FluentValidation.Tests.RuleBuilderTests.Property_should_return_property_being_validated" computerName="DORNY-PC" duration="00:00:00.0000816" startTime="2021-01-28T21:34:17.1130358+01:00" endTime="2021-01-28T21:34:17.1130360+01:00" testType="13cdc9d9-ddb5-4fa4-a97d-d965ccfc6d4b" outcome="Passed" testListId="8c84fa94-04c1-424b-9868-57a2d4851a1d" relativeResultsDirectory="4a1672ee-b058-49ee-8871-faf01831ccf1" />
    <UnitTestResult executionId="efc721c0-1ac9-40bc-960a-cf51af1eaf14" testId="e0d7a35b-fa6e-d170-6f40-d6ca7f388848" testName="FluentValidation.Tests.ForEachRuleTests.Condition_should_work_with_child_collection" computerName="DORNY-PC" duration="00:00:00.0003728" startTime="2021-01-28T21:34:17.2107611+01:00" endTime="2021-01-28T21:34:17.2107619+01:00" testType="13cdc9d9-ddb5-4fa4-a97d-d965ccfc6d4b" outcome="Passed" testListId="8c84fa94-04c1-424b-9868-57a2d4851a1d" relativeResultsDirectory="efc721c0-1ac9-40bc-960a-cf51af1eaf14" />
    <UnitTestResult executionId="b275ffc7-cbb4-4e95-bdc6-d23f6c8fff62" testId="3176b8b7-7084-a8b5-9d46-a186fce7352a" testName="FluentValidation.Tests.ConditionTests.Validation_should_succeed_when_condition_does_not_match" computerName="DORNY-PC" duration="00:00:00.0002873" startTime="2021-01-28T21:34:17.2894722+01:00" endTime="2021-01-28T21:34:17.2894723+01:00" testType="13cdc9d9-ddb5-4fa4-a97d-d965ccfc6d4b" outcome="Passed" testListId="8c84fa94-04c1-424b-9868-57a2d4851a1d" relativeResultsDirectory="b275ffc7-cbb4-4e95-bdc6-d23f6c8fff62" />
    <UnitTestResult executionId="98053415-4100-4fe2-b1e1-f9378d1aa59e" testId="fa71c765-2be8-d779-732a-61e047c5d8aa" testName="FluentValidation.Tests.MessageFormatterTests.Adds_PropertyName_to_message" computerName="DORNY-PC" duration="00:00:00.0000779" startTime="2021-01-28T21:34:17.1324740+01:00" endTime="2021-01-28T21:34:17.1324747+01:00" testType="13cdc9d9-ddb5-4fa4-a97d-d965ccfc6d4b" outcome="Passed" testListId="8c84fa94-04c1-424b-9868-57a2d4851a1d" relativeResultsDirectory="98053415-4100-4fe2-b1e1-f9378d1aa59e" />
    <UnitTestResult executionId="bb2d617c-df19-400a-b694-6f4cdf077353" testId="2dc92fa1-65f7-9210-440e-a992d95b4e70" testName="FluentValidation.Tests.LengthValidatorTests.When_the_text_is_exactly_the_size_of_the_lower_bound_then_the_validator_should_pass" computerName="DORNY-PC" duration="00:00:00.0002191" startTime="2021-01-28T21:34:14.0694067+01:00" endTime="2021-01-28T21:34:14.0694076+01:00" testType="13cdc9d9-ddb5-4fa4-a97d-d965ccfc6d4b" outcome="Passed" testListId="8c84fa94-04c1-424b-9868-57a2d4851a1d" relativeResultsDirectory="bb2d617c-df19-400a-b694-6f4cdf077353" />
    <UnitTestResult executionId="3287dc04-c27a-4701-9b2f-8c2d5be16250" testId="9356db21-add3-51c6-7097-4ea51a559a3f" testName="FluentValidation.Tests.EmailValidatorTests.Valid_email_addresses_aspnetcore_compatible(email: &quot;firstName.lastName@someDomain.com&quot;)" computerName="DORNY-PC" duration="00:00:00.0000191" startTime="2021-01-28T21:34:16.9174332+01:00" endTime="2021-01-28T21:34:16.9174333+01:00" testType="13cdc9d9-ddb5-4fa4-a97d-d965ccfc6d4b" outcome="Passed" testListId="8c84fa94-04c1-424b-9868-57a2d4851a1d" relativeResultsDirectory="3287dc04-c27a-4701-9b2f-8c2d5be16250" />
    <UnitTestResult executionId="b72847d2-c5ec-41ab-848f-8d7e39687b79" testId="d0172f33-5283-d42b-97e8-7582e0767335" testName="FluentValidation.Tests.CascadingFailuresTester.Validation_stops_on_failure_when_set_to_Continue_and_overriden_at_rule_level" computerName="DORNY-PC" duration="00:00:00.0002008" startTime="2021-01-28T21:34:14.1720004+01:00" endTime="2021-01-28T21:34:14.1720011+01:00" testType="13cdc9d9-ddb5-4fa4-a97d-d965ccfc6d4b" outcome="Passed" testListId="8c84fa94-04c1-424b-9868-57a2d4851a1d" relativeResultsDirectory="b72847d2-c5ec-41ab-848f-8d7e39687b79" />
    <UnitTestResult executionId="065cc9b8-f5b2-4d8e-b751-516906a72dc7" testId="00e3c74e-2c3f-3266-ede7-44fed28779bc" testName="FluentValidation.Tests.LengthValidatorTests.When_the_text_is_exactly_the_size_of_the_lambda_lower_bound_then_the_validator_should_pass" computerName="DORNY-PC" duration="00:00:00.0003377" startTime="2021-01-28T21:34:14.0746346+01:00" endTime="2021-01-28T21:34:14.0746362+01:00" testType="13cdc9d9-ddb5-4fa4-a97d-d965ccfc6d4b" outcome="Passed" testListId="8c84fa94-04c1-424b-9868-57a2d4851a1d" relativeResultsDirectory="065cc9b8-f5b2-4d8e-b751-516906a72dc7" />
    <UnitTestResult executionId="36ad8e0d-209d-4314-bf95-83a78b52f621" testId="29b4c4ca-1835-e0e4-1636-7148274b118d" testName="FluentValidation.Tests.InclusiveBetweenValidatorTests.When_the_value_is_exactly_the_size_of_the_upper_bound_then_the_validator_should_pass" computerName="DORNY-PC" duration="00:00:00.0002097" startTime="2021-01-28T21:34:16.8153557+01:00" endTime="2021-01-28T21:34:16.8153569+01:00" testType="13cdc9d9-ddb5-4fa4-a97d-d965ccfc6d4b" outcome="Passed" testListId="8c84fa94-04c1-424b-9868-57a2d4851a1d" relativeResultsDirectory="36ad8e0d-209d-4314-bf95-83a78b52f621" />
    <UnitTestResult executionId="4ed7929c-2837-44bb-bbd1-5c10b6df2919" testId="c8de0939-1a79-d0a5-a87a-1bdc3f67d552" testName="FluentValidation.Tests.EmailValidatorTests.Fails_email_validation_aspnetcore_compatible(email: &quot;someName@a@b.com&quot;)" computerName="DORNY-PC" duration="00:00:00.0000227" startTime="2021-01-28T21:34:16.9190370+01:00" endTime="2021-01-28T21:34:16.9190371+01:00" testType="13cdc9d9-ddb5-4fa4-a97d-d965ccfc6d4b" outcome="Passed" testListId="8c84fa94-04c1-424b-9868-57a2d4851a1d" relativeResultsDirectory="4ed7929c-2837-44bb-bbd1-5c10b6df2919" />
    <UnitTestResult executionId="e30d855e-604f-48fa-b2d7-c7308a743967" testId="de0ea836-dd46-9b59-3561-e165677bc11b" testName="FluentValidation.Tests.InclusiveBetweenValidatorTests.When_the_text_is_larger_than_the_range_then_the_validator_should_fail" computerName="DORNY-PC" duration="00:00:00.0002468" startTime="2021-01-28T21:34:16.8156442+01:00" endTime="2021-01-28T21:34:16.8156452+01:00" testType="13cdc9d9-ddb5-4fa4-a97d-d965ccfc6d4b" outcome="Passed" testListId="8c84fa94-04c1-424b-9868-57a2d4851a1d" relativeResultsDirectory="e30d855e-604f-48fa-b2d7-c7308a743967" />
    <UnitTestResult executionId="a3bb4e62-c30f-4ae3-9ca3-9a4054787c23" testId="4bb6f197-4139-f6cf-bbbb-46bbc12113e8" testName="FluentValidation.Tests.RuleDependencyTests.Dependent_rules_inside_when" computerName="DORNY-PC" duration="00:00:00.0011400" startTime="2021-01-28T21:34:16.7929041+01:00" endTime="2021-01-28T21:34:16.7929050+01:00" testType="13cdc9d9-ddb5-4fa4-a97d-d965ccfc6d4b" outcome="Passed" testListId="8c84fa94-04c1-424b-9868-57a2d4851a1d" relativeResultsDirectory="a3bb4e62-c30f-4ae3-9ca3-9a4054787c23" />
    <UnitTestResult executionId="487116b0-d6e0-496b-bb67-363723737865" testId="611a2134-27f1-592f-6ec4-2f376ddfc68f" testName="FluentValidation.Tests.RuleBuilderTests.Rule_for_a_non_memberexpression_should_not_generate_property_name" computerName="DORNY-PC" duration="00:00:00.0003533" startTime="2021-01-28T21:34:17.1132873+01:00" endTime="2021-01-28T21:34:17.1132881+01:00" testType="13cdc9d9-ddb5-4fa4-a97d-d965ccfc6d4b" outcome="Passed" testListId="8c84fa94-04c1-424b-9868-57a2d4851a1d" relativeResultsDirectory="487116b0-d6e0-496b-bb67-363723737865" />
    <UnitTestResult executionId="1b8b2f5f-0005-4125-980c-dd946ef0dafa" testId="e68de179-8f1e-b7d6-ae0e-9a9eb6e78922" testName="FluentValidation.Tests.SharedConditionTests.Shared_async_When_is_applied_to_grouped_rules_when_initial_predicate_is_true" computerName="DORNY-PC" duration="00:00:00.0009460" startTime="2021-01-28T21:34:14.2183592+01:00" endTime="2021-01-28T21:34:14.2183604+01:00" testType="13cdc9d9-ddb5-4fa4-a97d-d965ccfc6d4b" outcome="Passed" testListId="8c84fa94-04c1-424b-9868-57a2d4851a1d" relativeResultsDirectory="1b8b2f5f-0005-4125-980c-dd946ef0dafa" />
    <UnitTestResult executionId="fa69d280-e80a-4a01-9192-8f2b7a24fa7f" testId="d568960a-4eb2-2afc-abd7-471f717372de" testName="FluentValidation.Tests.CascadingFailuresTester.Validation_continues_to_second_validator_when_first_validator_succeeds_and_cascade_set_to_stop_async" computerName="DORNY-PC" duration="00:00:00.0009870" startTime="2021-01-28T21:34:14.1736918+01:00" endTime="2021-01-28T21:34:14.1736930+01:00" testType="13cdc9d9-ddb5-4fa4-a97d-d965ccfc6d4b" outcome="Passed" testListId="8c84fa94-04c1-424b-9868-57a2d4851a1d" relativeResultsDirectory="fa69d280-e80a-4a01-9192-8f2b7a24fa7f" />
    <UnitTestResult executionId="7966bd74-fb67-4f14-afe9-00ef9fcef5ca" testId="409335d8-120f-643b-e1fc-91ebcf41b32b" testName="FluentValidation.Tests.RulesetTests.Ruleset_selection_should_not_cascade_downwards_when_set_on_property" computerName="DORNY-PC" duration="00:00:00.0009641" startTime="2021-01-28T21:34:17.2742910+01:00" endTime="2021-01-28T21:34:17.2742918+01:00" testType="13cdc9d9-ddb5-4fa4-a97d-d965ccfc6d4b" outcome="Passed" testListId="8c84fa94-04c1-424b-9868-57a2d4851a1d" relativeResultsDirectory="7966bd74-fb67-4f14-afe9-00ef9fcef5ca" />
    <UnitTestResult executionId="570cbd35-4d85-4226-8be2-917092db2921" testId="ac7589c4-2d49-812a-ca4f-0238dd101553" testName="FluentValidation.Tests.ExclusiveBetweenValidatorTests.When_the_value_is_exactly_the_size_of_the_lower_bound_then_the_validator_should_fail" computerName="DORNY-PC" duration="00:00:00.0002839" startTime="2021-01-28T21:34:14.1939378+01:00" endTime="2021-01-28T21:34:14.1939379+01:00" testType="13cdc9d9-ddb5-4fa4-a97d-d965ccfc6d4b" outcome="Passed" testListId="8c84fa94-04c1-424b-9868-57a2d4851a1d" relativeResultsDirectory="570cbd35-4d85-4226-8be2-917092db2921" />
    <UnitTestResult executionId="a319f65b-ebf0-4a9e-9364-a80b6bfc41eb" testId="5fad317f-20c6-3b85-41c8-38486d31ba4a" testName="FluentValidation.Tests.ChainedValidationTester.Separate_validation_on_chained_property_valid" computerName="DORNY-PC" duration="00:00:00.0002025" startTime="2021-01-28T21:34:17.3321674+01:00" endTime="2021-01-28T21:34:17.3321682+01:00" testType="13cdc9d9-ddb5-4fa4-a97d-d965ccfc6d4b" outcome="Passed" testListId="8c84fa94-04c1-424b-9868-57a2d4851a1d" relativeResultsDirectory="a319f65b-ebf0-4a9e-9364-a80b6bfc41eb" />
    <UnitTestResult executionId="c48403c3-a267-4f83-a8a5-bfe8a6834385" testId="7c2b0f13-7738-29e7-cc18-da3d4d2d665f" testName="FluentValidation.Tests.AbstractValidatorTester.WhenPreValidationReturnsTrue_ValidatorsGetHit_ValidateAsync" computerName="DORNY-PC" duration="00:00:00.0015404" startTime="2021-01-28T21:34:17.2522526+01:00" endTime="2021-01-28T21:34:17.2522544+01:00" testType="13cdc9d9-ddb5-4fa4-a97d-d965ccfc6d4b" outcome="Passed" testListId="8c84fa94-04c1-424b-9868-57a2d4851a1d" relativeResultsDirectory="c48403c3-a267-4f83-a8a5-bfe8a6834385" />
    <UnitTestResult executionId="1b0f8e0d-354c-4573-b4c0-bcb9b439a426" testId="67a3a2f6-4fc2-1e50-f786-8b414f6e414f" testName="FluentValidation.Tests.ValidatorTesterTester.ShouldNotHAveValidationError_should_not_throw_When_there_are_no_errors_with_preconstructed_object" computerName="DORNY-PC" duration="00:00:00.0007210" startTime="2021-01-28T21:34:16.8545143+01:00" endTime="2021-01-28T21:34:16.8545152+01:00" testType="13cdc9d9-ddb5-4fa4-a97d-d965ccfc6d4b" outcome="Passed" testListId="8c84fa94-04c1-424b-9868-57a2d4851a1d" relativeResultsDirectory="1b0f8e0d-354c-4573-b4c0-bcb9b439a426" />
    <UnitTestResult executionId="93d06563-6376-4f40-b4dc-ed8fe58ef94b" testId="a1df2b4e-d94f-8c71-c9a7-c2d7076d035a" testName="FluentValidation.Tests.InclusiveBetweenValidatorTests.When_the_value_is_exactly_the_size_of_the_lower_bound_then_the_validator_should_pass" computerName="DORNY-PC" duration="00:00:00.0001963" startTime="2021-01-28T21:34:16.8147900+01:00" endTime="2021-01-28T21:34:16.8147904+01:00" testType="13cdc9d9-ddb5-4fa4-a97d-d965ccfc6d4b" outcome="Passed" testListId="8c84fa94-04c1-424b-9868-57a2d4851a1d" relativeResultsDirectory="93d06563-6376-4f40-b4dc-ed8fe58ef94b" />
    <UnitTestResult executionId="ec950456-5fce-4060-a619-3a4568cc5375" testId="98757e71-bcbf-253a-301f-a0923b73a5b4" testName="FluentValidation.Tests.CascadingFailuresTester.Validation_continues_on_failure_when_set_to_StopOnFirstFailure_at_validator_level_and_overriden_at_rule_level" computerName="DORNY-PC" duration="00:00:00.0001937" startTime="2021-01-28T21:34:14.1724404+01:00" endTime="2021-01-28T21:34:14.1724411+01:00" testType="13cdc9d9-ddb5-4fa4-a97d-d965ccfc6d4b" outcome="Passed" testListId="8c84fa94-04c1-424b-9868-57a2d4851a1d" relativeResultsDirectory="ec950456-5fce-4060-a619-3a4568cc5375" />
    <UnitTestResult executionId="8d244d64-0974-4bd9-8c54-756730ee7268" testId="ccc740f3-dae4-ae33-8c9f-1ef65c6ece1d" testName="FluentValidation.Tests.MessageFormatterTests.Adds_value_to_message" computerName="DORNY-PC" duration="00:00:00.0000583" startTime="2021-01-28T21:34:17.1328596+01:00" endTime="2021-01-28T21:34:17.1328602+01:00" testType="13cdc9d9-ddb5-4fa4-a97d-d965ccfc6d4b" outcome="Passed" testListId="8c84fa94-04c1-424b-9868-57a2d4851a1d" relativeResultsDirectory="8d244d64-0974-4bd9-8c54-756730ee7268" />
    <UnitTestResult executionId="19b23d65-4cbf-45f9-8778-7576aa41ecd1" testId="82112faa-87f5-713a-750b-0ff5db819831" testName="FluentValidation.Tests.ValidatorTesterTester.TestValidate_runs_async" computerName="DORNY-PC" duration="00:00:00.0007477" startTime="2021-01-28T21:34:16.8440724+01:00" endTime="2021-01-28T21:34:16.8440732+01:00" testType="13cdc9d9-ddb5-4fa4-a97d-d965ccfc6d4b" outcome="Passed" testListId="8c84fa94-04c1-424b-9868-57a2d4851a1d" relativeResultsDirectory="19b23d65-4cbf-45f9-8778-7576aa41ecd1" />
    <UnitTestResult executionId="f1d75a2a-79bc-4461-8cff-0738fd184455" testId="e831a1f4-0875-3bc4-fc25-76046c2a3dde" testName="FluentValidation.Tests.CascadingFailuresTester.Validation_stops_on_first_Failure_when_set_to_Continue_globally_and_overriden_at_rule_level" computerName="DORNY-PC" duration="00:00:00.0001880" startTime="2021-01-28T21:34:14.1689498+01:00" endTime="2021-01-28T21:34:14.1689504+01:00" testType="13cdc9d9-ddb5-4fa4-a97d-d965ccfc6d4b" outcome="Passed" testListId="8c84fa94-04c1-424b-9868-57a2d4851a1d" relativeResultsDirectory="f1d75a2a-79bc-4461-8cff-0738fd184455" />
    <UnitTestResult executionId="7c0bf6fa-78df-43ac-a846-01ba972bf78f" testId="40233237-4f6a-863f-00b0-9a08c067264a" testName="FluentValidation.Tests.ConditionTests.Condition_is_applied_to_all_validators_in_the_chain" computerName="DORNY-PC" duration="00:00:00.0003098" startTime="2021-01-28T21:34:17.2963038+01:00" endTime="2021-01-28T21:34:17.2963046+01:00" testType="13cdc9d9-ddb5-4fa4-a97d-d965ccfc6d4b" outcome="Passed" testListId="8c84fa94-04c1-424b-9868-57a2d4851a1d" relativeResultsDirectory="7c0bf6fa-78df-43ac-a846-01ba972bf78f" />
    <UnitTestResult executionId="03bfe594-d9ad-40ac-8ecc-355e3babd364" testId="45e1979e-33e3-9a10-7f3e-ab9739fe4d49" testName="FluentValidation.Tests.GreaterThanValidatorTester.Validates_with_nullable_when_property_not_null_cross_property" computerName="DORNY-PC" duration="00:00:00.0005453" startTime="2021-01-28T21:34:16.9795906+01:00" endTime="2021-01-28T21:34:16.9795915+01:00" testType="13cdc9d9-ddb5-4fa4-a97d-d965ccfc6d4b" outcome="Passed" testListId="8c84fa94-04c1-424b-9868-57a2d4851a1d" relativeResultsDirectory="03bfe594-d9ad-40ac-8ecc-355e3babd364" />
    <UnitTestResult executionId="8e96ea5c-d074-4e17-a008-06a9639a9eac" testId="54663fa0-c270-c694-4696-1dea51c0c03c" testName="FluentValidation.Tests.SharedConditionTests.Shared_When_is_applied_to_grouped_rules_when_initial_predicate_is_true" computerName="DORNY-PC" duration="00:00:00.0001524" startTime="2021-01-28T21:34:14.2313063+01:00" endTime="2021-01-28T21:34:14.2313072+01:00" testType="13cdc9d9-ddb5-4fa4-a97d-d965ccfc6d4b" outcome="Passed" testListId="8c84fa94-04c1-424b-9868-57a2d4851a1d" relativeResultsDirectory="8e96ea5c-d074-4e17-a008-06a9639a9eac" />
    <UnitTestResult executionId="780f4ad1-a9f8-4b35-a056-fbef9223e100" testId="824e580d-9016-ffbe-601f-f59238e5bd1b" testName="FluentValidation.Tests.RuleDependencyTests.Dependent_rules_inside_ruleset" computerName="DORNY-PC" duration="00:00:00.0004097" startTime="2021-01-28T21:34:15.7927315+01:00" endTime="2021-01-28T21:34:15.7927325+01:00" testType="13cdc9d9-ddb5-4fa4-a97d-d965ccfc6d4b" outcome="Passed" testListId="8c84fa94-04c1-424b-9868-57a2d4851a1d" relativeResultsDirectory="780f4ad1-a9f8-4b35-a056-fbef9223e100" />
    <UnitTestResult executionId="303196a7-73d6-4d07-9469-0cb123a17d15" testId="268c7153-eac3-f311-556a-8f582b47bdf1" testName="FluentValidation.Tests.InclusiveBetweenValidatorTests.When_the_value_is_exactly_the_size_of_the_upper_bound_then_the_validator_should_pass_for_strings" computerName="DORNY-PC" duration="00:00:00.0001956" startTime="2021-01-28T21:34:16.8148279+01:00" endTime="2021-01-28T21:34:16.8148281+01:00" testType="13cdc9d9-ddb5-4fa4-a97d-d965ccfc6d4b" outcome="Passed" testListId="8c84fa94-04c1-424b-9868-57a2d4851a1d" relativeResultsDirectory="303196a7-73d6-4d07-9469-0cb123a17d15" />
    <UnitTestResult executionId="466bb1d1-4696-461b-9aff-b92384e6e9ad" testId="df84ddc6-0aa2-d4ee-1efa-f3baf3ad8400" testName="FluentValidation.Tests.CustomValidatorTester.Perserves_property_chain_using_custom" computerName="DORNY-PC" duration="00:00:00.0008351" startTime="2021-01-28T21:34:17.3230841+01:00" endTime="2021-01-28T21:34:17.3230849+01:00" testType="13cdc9d9-ddb5-4fa4-a97d-d965ccfc6d4b" outcome="Passed" testListId="8c84fa94-04c1-424b-9868-57a2d4851a1d" relativeResultsDirectory="466bb1d1-4696-461b-9aff-b92384e6e9ad" />
    <UnitTestResult executionId="75ad4b50-1bc4-4078-a07e-72fb287bd845" testId="c7c7e6d1-7dcd-38ea-14e9-28ada58706a9" testName="FluentValidation.Tests.ValidatorTesterTester.Unexpected_message_check(withoutErrMsg: &quot;bar&quot;, errMessages: [])" computerName="DORNY-PC" duration="00:00:00.0007346" startTime="2021-01-28T21:34:16.8790424+01:00" endTime="2021-01-28T21:34:16.8790436+01:00" testType="13cdc9d9-ddb5-4fa4-a97d-d965ccfc6d4b" outcome="Passed" testListId="8c84fa94-04c1-424b-9868-57a2d4851a1d" relativeResultsDirectory="75ad4b50-1bc4-4078-a07e-72fb287bd845" />
    <UnitTestResult executionId="c982c76c-5413-4aef-8d60-48313d8d1743" testId="0220137a-4f09-0ca2-d364-3b655a021794" testName="FluentValidation.Tests.DefaultValidatorExtensionTester.Empty_should_create_EmptyValidator" computerName="DORNY-PC" duration="00:00:00.0002993" startTime="2021-01-28T21:34:14.0612796+01:00" endTime="2021-01-28T21:34:14.0612802+01:00" testType="13cdc9d9-ddb5-4fa4-a97d-d965ccfc6d4b" outcome="Passed" testListId="8c84fa94-04c1-424b-9868-57a2d4851a1d" relativeResultsDirectory="c982c76c-5413-4aef-8d60-48313d8d1743" />
    <UnitTestResult executionId="c7583de2-1ede-4376-b75d-18488175a70d" testId="64c52a13-809b-f4bc-6bde-fd79c876ba76" testName="FluentValidation.Tests.OnFailureTests.ShouldHaveChildValidator_works_with_Include" computerName="DORNY-PC" duration="00:00:00.0002922" startTime="2021-01-28T21:34:17.1434330+01:00" endTime="2021-01-28T21:34:17.1434337+01:00" testType="13cdc9d9-ddb5-4fa4-a97d-d965ccfc6d4b" outcome="Passed" testListId="8c84fa94-04c1-424b-9868-57a2d4851a1d" relativeResultsDirectory="c7583de2-1ede-4376-b75d-18488175a70d" />
    <UnitTestResult executionId="b75c2f60-2b8d-48b9-b181-32634b2769dc" testId="0467b0d3-d74c-a246-c878-442c49c84ad5" testName="FluentValidation.Tests.ValidateAndThrowTester.ValidationException_provides_correct_message_when_appendDefaultMessage_false" computerName="DORNY-PC" duration="00:00:00.0001514" startTime="2021-01-28T21:34:17.1686934+01:00" endTime="2021-01-28T21:34:17.1686941+01:00" testType="13cdc9d9-ddb5-4fa4-a97d-d965ccfc6d4b" outcome="Passed" testListId="8c84fa94-04c1-424b-9868-57a2d4851a1d" relativeResultsDirectory="b75c2f60-2b8d-48b9-b181-32634b2769dc" />
    <UnitTestResult executionId="cf6352ba-4016-49cc-9cc7-94d0ab762b63" testId="891d4d77-0141-8c14-cf43-51ab9da9fa8a" testName="FluentValidation.Tests.ExactLengthValidatorTester.When_the_text_is_an_exact_length_the_validator_should_pass" computerName="DORNY-PC" duration="00:00:00.0002146" startTime="2021-01-28T21:34:14.2461301+01:00" endTime="2021-01-28T21:34:14.2461303+01:00" testType="13cdc9d9-ddb5-4fa4-a97d-d965ccfc6d4b" outcome="Passed" testListId="8c84fa94-04c1-424b-9868-57a2d4851a1d" relativeResultsDirectory="cf6352ba-4016-49cc-9cc7-94d0ab762b63" />
    <UnitTestResult executionId="e6aff791-fe71-4b5f-927a-798df9a5f0fa" testId="c73e3c75-b183-9cdf-b6c8-1b40880e3827" testName="FluentValidation.Tests.ValidateAndThrowTester.ValidationException_provides_correct_message_when_appendDefaultMessage_true" computerName="DORNY-PC" duration="00:00:00.0000992" startTime="2021-01-28T21:34:17.1817991+01:00" endTime="2021-01-28T21:34:17.1817998+01:00" testType="13cdc9d9-ddb5-4fa4-a97d-d965ccfc6d4b" outcome="Passed" testListId="8c84fa94-04c1-424b-9868-57a2d4851a1d" relativeResultsDirectory="e6aff791-fe71-4b5f-927a-798df9a5f0fa" />
    <UnitTestResult executionId="e64357ba-37c3-4f30-99e7-287699b4bca4" testId="6d967bee-d315-85be-4cd8-dfbefcd00726" testName="FluentValidation.Tests.RuleBuilderTests.PropertyDescription_should_return_property_name_split" computerName="DORNY-PC" duration="00:00:00.0004031" startTime="2021-01-28T21:34:17.1103814+01:00" endTime="2021-01-28T21:34:17.1103818+01:00" testType="13cdc9d9-ddb5-4fa4-a97d-d965ccfc6d4b" outcome="Passed" testListId="8c84fa94-04c1-424b-9868-57a2d4851a1d" relativeResultsDirectory="e64357ba-37c3-4f30-99e7-287699b4bca4" />
    <UnitTestResult executionId="b6582da6-0ed8-4bcb-9b10-9c411d6da652" testId="983c99ef-2586-6576-f0ba-c685edecd330" testName="FluentValidation.Tests.GreaterThanOrEqualToValidatorTester.Should_fail_when_less_than_input" computerName="DORNY-PC" duration="00:00:00.0003948" startTime="2021-01-28T21:34:16.9113762+01:00" endTime="2021-01-28T21:34:16.9113771+01:00" testType="13cdc9d9-ddb5-4fa4-a97d-d965ccfc6d4b" outcome="Passed" testListId="8c84fa94-04c1-424b-9868-57a2d4851a1d" relativeResultsDirectory="b6582da6-0ed8-4bcb-9b10-9c411d6da652" />
    <UnitTestResult executionId="13fde954-c65b-4662-b25e-6a24cf02adeb" testId="6e29e6c8-2d24-5f5e-ccbb-b219b02a1a74" testName="FluentValidation.Tests.CustomValidatorTester.New_Custom_within_ruleset" computerName="DORNY-PC" duration="00:00:00.0005423" startTime="2021-01-28T21:34:17.3244836+01:00" endTime="2021-01-28T21:34:17.3244843+01:00" testType="13cdc9d9-ddb5-4fa4-a97d-d965ccfc6d4b" outcome="Passed" testListId="8c84fa94-04c1-424b-9868-57a2d4851a1d" relativeResultsDirectory="13fde954-c65b-4662-b25e-6a24cf02adeb" />
    <UnitTestResult executionId="b16ecf11-bc65-49c1-b90e-c3a8ad36a0e0" testId="b72c64c2-dbd6-7e7a-63d5-c135982ba386" testName="FluentValidation.Tests.StringEnumValidatorTests.IsValidTests_CaseInsensitive_CaseIncorrect" computerName="DORNY-PC" duration="00:00:00.0002316" startTime="2021-01-28T21:34:14.1270444+01:00" endTime="2021-01-28T21:34:14.1270451+01:00" testType="13cdc9d9-ddb5-4fa4-a97d-d965ccfc6d4b" outcome="Passed" testListId="8c84fa94-04c1-424b-9868-57a2d4851a1d" relativeResultsDirectory="b16ecf11-bc65-49c1-b90e-c3a8ad36a0e0" />
    <UnitTestResult executionId="24fb8802-81b4-4b3d-8fe5-add31bcfa930" testId="b1398794-96fa-068a-b870-c2e83f837cfa" testName="FluentValidation.Tests.AbstractValidatorTester.RuleForeach_with_null_instances" computerName="DORNY-PC" duration="00:00:00.0019478" startTime="2021-01-28T21:34:17.2593528+01:00" endTime="2021-01-28T21:34:17.2593544+01:00" testType="13cdc9d9-ddb5-4fa4-a97d-d965ccfc6d4b" outcome="Passed" testListId="8c84fa94-04c1-424b-9868-57a2d4851a1d" relativeResultsDirectory="24fb8802-81b4-4b3d-8fe5-add31bcfa930" />
    <UnitTestResult executionId="1277c4a5-2e62-44f7-a4dd-0445bbcf1232" testId="824df5eb-086a-28f4-612b-11938642c0c8" testName="FluentValidation.Tests.AbstractValidatorTester.When_the_validators_fail_then_the_errors_Should_be_accessible_via_the_errors_property" computerName="DORNY-PC" duration="00:00:00.0001700" startTime="2021-01-28T21:34:17.2531534+01:00" endTime="2021-01-28T21:34:17.2531541+01:00" testType="13cdc9d9-ddb5-4fa4-a97d-d965ccfc6d4b" outcome="Passed" testListId="8c84fa94-04c1-424b-9868-57a2d4851a1d" relativeResultsDirectory="1277c4a5-2e62-44f7-a4dd-0445bbcf1232" />
    <UnitTestResult executionId="b6b805e7-8e36-4446-9649-e9d89b7eeb36" testId="25bdb02c-e940-011f-b8e1-674f99d4f5b6" testName="FluentValidation.Tests.RuleBuilderTests.Should_set_custom_error" computerName="DORNY-PC" duration="00:00:00.0001428" startTime="2021-01-28T21:34:17.0351678+01:00" endTime="2021-01-28T21:34:17.0351685+01:00" testType="13cdc9d9-ddb5-4fa4-a97d-d965ccfc6d4b" outcome="Passed" testListId="8c84fa94-04c1-424b-9868-57a2d4851a1d" relativeResultsDirectory="b6b805e7-8e36-4446-9649-e9d89b7eeb36" />
    <UnitTestResult executionId="9a7a166e-5d11-401e-90c3-ead3d5e9177d" testId="3d220ea8-0f89-80ff-8e53-6c93b91ab2df" testName="FluentValidation.Tests.CascadingFailuresTester.Validation_continues_on_failure_async" computerName="DORNY-PC" duration="00:00:00.0010423" startTime="2021-01-28T21:34:14.1843134+01:00" endTime="2021-01-28T21:34:14.1843149+01:00" testType="13cdc9d9-ddb5-4fa4-a97d-d965ccfc6d4b" outcome="Passed" testListId="8c84fa94-04c1-424b-9868-57a2d4851a1d" relativeResultsDirectory="9a7a166e-5d11-401e-90c3-ead3d5e9177d" />
    <UnitTestResult executionId="16b156a0-76f8-4d92-bedd-c5bb2c2e1184" testId="7278a5ee-2a4a-9ef2-31d9-2721eeee8a1c" testName="FluentValidation.Tests.RuleDependencyTests.Nested_dependent_rules_inside_ruleset" computerName="DORNY-PC" duration="00:00:00.0005315" startTime="2021-01-28T21:34:16.7940961+01:00" endTime="2021-01-28T21:34:16.7940969+01:00" testType="13cdc9d9-ddb5-4fa4-a97d-d965ccfc6d4b" outcome="Passed" testListId="8c84fa94-04c1-424b-9868-57a2d4851a1d" relativeResultsDirectory="16b156a0-76f8-4d92-bedd-c5bb2c2e1184" />
    <UnitTestResult executionId="7c6a4057-1022-484f-afa4-70134f6fdb2e" testId="4cb9b481-5486-5252-aa4a-2e47c8378aad" testName="FluentValidation.Tests.RuleDependencyTests.Invokes_dependent_rule_if_parent_rule_passes" computerName="DORNY-PC" duration="00:00:00.0003376" startTime="2021-01-28T21:34:15.7931064+01:00" endTime="2021-01-28T21:34:15.7931074+01:00" testType="13cdc9d9-ddb5-4fa4-a97d-d965ccfc6d4b" outcome="Passed" testListId="8c84fa94-04c1-424b-9868-57a2d4851a1d" relativeResultsDirectory="7c6a4057-1022-484f-afa4-70134f6fdb2e" />
    <UnitTestResult executionId="d1aaa901-6fb5-4131-aa8f-7571f0cc88ff" testId="09c978ad-b73c-d872-afab-5d7b5fcc6690" testName="FluentValidation.Tests.CollectionValidatorWithParentTests.Should_work_with_top_level_collection_validator" computerName="DORNY-PC" duration="00:00:00.0007124" startTime="2021-01-28T21:34:17.0131433+01:00" endTime="2021-01-28T21:34:17.0131441+01:00" testType="13cdc9d9-ddb5-4fa4-a97d-d965ccfc6d4b" outcome="Passed" testListId="8c84fa94-04c1-424b-9868-57a2d4851a1d" relativeResultsDirectory="d1aaa901-6fb5-4131-aa8f-7571f0cc88ff" />
    <UnitTestResult executionId="2b3cdce2-a9b0-40b3-986f-110761c00fd3" testId="3d2aff0b-c748-5717-8eb5-228167892f45" testName="FluentValidation.Tests.LessThanValidatorTester.Validates_with_nullable_when_property_is_null" computerName="DORNY-PC" duration="00:00:00.0003426" startTime="2021-01-28T21:34:16.8074061+01:00" endTime="2021-01-28T21:34:16.8074070+01:00" testType="13cdc9d9-ddb5-4fa4-a97d-d965ccfc6d4b" outcome="Passed" testListId="8c84fa94-04c1-424b-9868-57a2d4851a1d" relativeResultsDirectory="2b3cdce2-a9b0-40b3-986f-110761c00fd3" />
    <UnitTestResult executionId="ef83656d-9019-4bcc-aeaf-70e874aca078" testId="e49a768a-857a-0209-379b-0ff52755c642" testName="FluentValidation.Tests.EmailValidatorTests.Valid_email_addresses_regex(email: &quot;$A12345@example.com&quot;)" computerName="DORNY-PC" duration="00:00:00.0000226" startTime="2021-01-28T21:34:16.9368312+01:00" endTime="2021-01-28T21:34:16.9368314+01:00" testType="13cdc9d9-ddb5-4fa4-a97d-d965ccfc6d4b" outcome="Passed" testListId="8c84fa94-04c1-424b-9868-57a2d4851a1d" relativeResultsDirectory="ef83656d-9019-4bcc-aeaf-70e874aca078" />
    <UnitTestResult executionId="6fb521ea-46f0-4089-8935-0e6364aa0222" testId="ffed89ba-7318-4654-ab1a-1f42d1f714df" testName="FluentValidation.Tests.DefaultValidatorExtensionTester.Must_should_create_PredicateValidator_with_PropertyValidatorContext" computerName="DORNY-PC" duration="00:00:00.0042745" startTime="2021-01-28T21:34:14.0604574+01:00" endTime="2021-01-28T21:34:14.0604575+01:00" testType="13cdc9d9-ddb5-4fa4-a97d-d965ccfc6d4b" outcome="Passed" testListId="8c84fa94-04c1-424b-9868-57a2d4851a1d" relativeResultsDirectory="6fb521ea-46f0-4089-8935-0e6364aa0222" />
    <UnitTestResult executionId="d7d735ff-66fd-437b-958f-9809cbbe55dc" testId="f4ebb6c7-22f2-679b-5766-556ec8984368" testName="FluentValidation.Tests.MemberAccessorTests.SimpleFieldSet" computerName="DORNY-PC" duration="00:00:00.0004092" startTime="2021-01-28T21:34:17.0318069+01:00" endTime="2021-01-28T21:34:17.0318077+01:00" testType="13cdc9d9-ddb5-4fa4-a97d-d965ccfc6d4b" outcome="Passed" testListId="8c84fa94-04c1-424b-9868-57a2d4851a1d" relativeResultsDirectory="d7d735ff-66fd-437b-958f-9809cbbe55dc" />
    <UnitTestResult executionId="553b0a99-3f02-47e1-8362-9f04bd2e2483" testId="f540e942-3a4e-08ae-bdcd-f5e21e54aa87" testName="FluentValidation.Tests.GreaterThanValidatorTester.Validates_with_nullable_when_property_is_null" computerName="DORNY-PC" duration="00:00:00.0005007" startTime="2021-01-28T21:34:16.9787613+01:00" endTime="2021-01-28T21:34:16.9787624+01:00" testType="13cdc9d9-ddb5-4fa4-a97d-d965ccfc6d4b" outcome="Passed" testListId="8c84fa94-04c1-424b-9868-57a2d4851a1d" relativeResultsDirectory="553b0a99-3f02-47e1-8362-9f04bd2e2483" />
    <UnitTestResult executionId="ac6d7ce8-0d05-496e-91f0-ec654c3c1f4d" testId="0c121008-300c-8015-ed0b-7983213f1a15" testName="FluentValidation.Tests.UserSeverityTester.Can_Provide_severity_for_item_in_collection" computerName="DORNY-PC" duration="00:00:00.0007448" startTime="2021-01-28T21:34:17.2694588+01:00" endTime="2021-01-28T21:34:17.2694596+01:00" testType="13cdc9d9-ddb5-4fa4-a97d-d965ccfc6d4b" outcome="Passed" testListId="8c84fa94-04c1-424b-9868-57a2d4851a1d" relativeResultsDirectory="ac6d7ce8-0d05-496e-91f0-ec654c3c1f4d" />
    <UnitTestResult executionId="d9f1fd78-58b0-4479-8995-64a7a3d79950" testId="04c9922b-3038-f372-64d1-4fb41960005a" testName="FluentValidation.Tests.DefaultValidatorExtensionTester.NotEqual_should_create_NotEqualValidator_with_explicit_value" computerName="DORNY-PC" duration="00:00:00.0003685" startTime="2021-01-28T21:34:14.0251468+01:00" endTime="2021-01-28T21:34:14.0251469+01:00" testType="13cdc9d9-ddb5-4fa4-a97d-d965ccfc6d4b" outcome="Passed" testListId="8c84fa94-04c1-424b-9868-57a2d4851a1d" relativeResultsDirectory="d9f1fd78-58b0-4479-8995-64a7a3d79950" />
    <UnitTestResult executionId="cd72e6bb-290a-429e-bbe5-ae348b20c23a" testId="2930734b-be54-52ed-0416-9a8df308cbc6" testName="FluentValidation.Tests.RuleBuilderTests.Should_set_custom_property_name" computerName="DORNY-PC" duration="00:00:00.0003705" startTime="2021-01-28T21:34:17.1129960+01:00" endTime="2021-01-28T21:34:17.1129964+01:00" testType="13cdc9d9-ddb5-4fa4-a97d-d965ccfc6d4b" outcome="Passed" testListId="8c84fa94-04c1-424b-9868-57a2d4851a1d" relativeResultsDirectory="cd72e6bb-290a-429e-bbe5-ae348b20c23a" />
    <UnitTestResult executionId="2c07bc31-f0e1-4eb6-bd73-9f26d23511c3" testId="532f63a8-811b-36d1-21ef-cef70f2b8f12" testName="FluentValidation.Tests.LessThanOrEqualToValidatorTester.Validates_with_nullable_when_property_not_null_cross_property" computerName="DORNY-PC" duration="00:00:00.0002830" startTime="2021-01-28T21:34:17.2472954+01:00" endTime="2021-01-28T21:34:17.2472962+01:00" testType="13cdc9d9-ddb5-4fa4-a97d-d965ccfc6d4b" outcome="Passed" testListId="8c84fa94-04c1-424b-9868-57a2d4851a1d" relativeResultsDirectory="2c07bc31-f0e1-4eb6-bd73-9f26d23511c3" />
    <UnitTestResult executionId="bdb45899-6f17-4b73-bbd7-f808d6d6f5fd" testId="e4ce4e04-6fa5-42ba-0637-061b77409b6a" testName="FluentValidation.Tests.InclusiveBetweenValidatorTests.Validates_with_nullable_when_property_is_null" computerName="DORNY-PC" duration="00:00:00.0002167" startTime="2021-01-28T21:34:16.8159916+01:00" endTime="2021-01-28T21:34:16.8159923+01:00" testType="13cdc9d9-ddb5-4fa4-a97d-d965ccfc6d4b" outcome="Passed" testListId="8c84fa94-04c1-424b-9868-57a2d4851a1d" relativeResultsDirectory="bdb45899-6f17-4b73-bbd7-f808d6d6f5fd" />
    <UnitTestResult executionId="4132965c-6eea-41c5-abde-e64ae224bd93" testId="76517da6-b143-2fc1-2da7-f9df332e5afb" testName="FluentValidation.Tests.ExclusiveBetweenValidatorTests.When_the_text_is_larger_than_the_range_then_the_validator_should_fail_for_strings" computerName="DORNY-PC" duration="00:00:00.0002392" startTime="2021-01-28T21:34:14.1915415+01:00" endTime="2021-01-28T21:34:14.1915425+01:00" testType="13cdc9d9-ddb5-4fa4-a97d-d965ccfc6d4b" outcome="Passed" testListId="8c84fa94-04c1-424b-9868-57a2d4851a1d" relativeResultsDirectory="4132965c-6eea-41c5-abde-e64ae224bd93" />
    <UnitTestResult executionId="17b7399f-d084-4004-bd1e-a1628763a02a" testId="61331ee7-25d2-50ac-36c9-383508a97130" testName="FluentValidation.Tests.ScalePrecisionValidatorTests.Scale_precision_should_be_valid_when_they_are_equal" computerName="DORNY-PC" duration="00:00:00.0003830" startTime="2021-01-28T21:34:14.2789198+01:00" endTime="2021-01-28T21:34:14.2789207+01:00" testType="13cdc9d9-ddb5-4fa4-a97d-d965ccfc6d4b" outcome="Passed" testListId="8c84fa94-04c1-424b-9868-57a2d4851a1d" relativeResultsDirectory="17b7399f-d084-4004-bd1e-a1628763a02a" />
    <UnitTestResult executionId="db9e2c68-c884-4dde-b1dd-6165a5d2f0ab" testId="861401a4-caa0-b78c-8c17-80353a2212ad" testName="FluentValidation.Tests.ValidateAndThrowTester.Throws_exception_async" computerName="DORNY-PC" duration="00:00:00.0004271" startTime="2021-01-28T21:34:17.1815738+01:00" endTime="2021-01-28T21:34:17.1815741+01:00" testType="13cdc9d9-ddb5-4fa4-a97d-d965ccfc6d4b" outcome="Passed" testListId="8c84fa94-04c1-424b-9868-57a2d4851a1d" relativeResultsDirectory="db9e2c68-c884-4dde-b1dd-6165a5d2f0ab" />
    <UnitTestResult executionId="761fc6c7-e881-41f1-b8dd-8c8c679aff95" testId="d42581bb-b3c9-a682-230e-74ec6cb7f439" testName="FluentValidation.Tests.ExclusiveBetweenValidatorTests.When_the_value_is_exactly_the_size_of_the_lower_bound_then_the_validator_should_fail_for_strings" computerName="DORNY-PC" duration="00:00:00.0009095" startTime="2021-01-28T21:34:14.1875678+01:00" endTime="2021-01-28T21:34:14.1875694+01:00" testType="13cdc9d9-ddb5-4fa4-a97d-d965ccfc6d4b" outcome="Passed" testListId="8c84fa94-04c1-424b-9868-57a2d4851a1d" relativeResultsDirectory="761fc6c7-e881-41f1-b8dd-8c8c679aff95" />
    <UnitTestResult executionId="92869ea0-27d1-412a-bf7e-0623d1943030" testId="9378db71-7d99-904c-689a-4bd542a7391a" testName="FluentValidation.Tests.RulesetTests.Includes_all_rulesets_async" computerName="DORNY-PC" duration="00:00:00.0010633" startTime="2021-01-28T21:34:17.2869893+01:00" endTime="2021-01-28T21:34:17.2869901+01:00" testType="13cdc9d9-ddb5-4fa4-a97d-d965ccfc6d4b" outcome="Passed" testListId="8c84fa94-04c1-424b-9868-57a2d4851a1d" relativeResultsDirectory="92869ea0-27d1-412a-bf7e-0623d1943030" />
    <UnitTestResult executionId="0679ef23-e691-40a4-abff-23c3667509b6" testId="74e8c8c1-16f3-e52a-610f-92c99561ec85" testName="FluentValidation.Tests.EqualValidatorTests.Should_succeed_on_case_insensitive_comparison" computerName="DORNY-PC" duration="00:00:00.0002418" startTime="2021-01-28T21:34:17.1877821+01:00" endTime="2021-01-28T21:34:17.1877828+01:00" testType="13cdc9d9-ddb5-4fa4-a97d-d965ccfc6d4b" outcome="Passed" testListId="8c84fa94-04c1-424b-9868-57a2d4851a1d" relativeResultsDirectory="0679ef23-e691-40a4-abff-23c3667509b6" />
    <UnitTestResult executionId="c541b6f6-71ab-4cb4-b122-89555ca08018" testId="14c20a4a-0e0e-948f-e18b-896d9dfae99e" testName="FluentValidation.Tests.ValidatorTesterTester.ShouldHaveChildValidator_should_throw_when_property_has_a_different_child_validator" computerName="DORNY-PC" duration="00:00:00.0005867" startTime="2021-01-28T21:34:16.8500511+01:00" endTime="2021-01-28T21:34:16.8500519+01:00" testType="13cdc9d9-ddb5-4fa4-a97d-d965ccfc6d4b" outcome="Passed" testListId="8c84fa94-04c1-424b-9868-57a2d4851a1d" relativeResultsDirectory="c541b6f6-71ab-4cb4-b122-89555ca08018" />
    <UnitTestResult executionId="3d983ded-17b9-4ff5-9e39-fa489f32b1a2" testId="9641c3dc-b308-0b6e-52d2-b75a94b1dfff" testName="FluentValidation.Tests.ChildRulesTests.Can_define_nested_rules_for_collection" computerName="DORNY-PC" duration="00:00:00.0016096" startTime="2021-01-28T21:34:14.1123395+01:00" endTime="2021-01-28T21:34:14.1123408+01:00" testType="13cdc9d9-ddb5-4fa4-a97d-d965ccfc6d4b" outcome="Passed" testListId="8c84fa94-04c1-424b-9868-57a2d4851a1d" relativeResultsDirectory="3d983ded-17b9-4ff5-9e39-fa489f32b1a2" />
    <UnitTestResult executionId="af1544d7-1521-41ed-bb06-0601f23629ee" testId="6e1ab245-3db3-5e4f-4b72-a645831ca671" testName="FluentValidation.Tests.ForEachRuleTests.Should_not_scramble_property_name_when_using_collection_validators_several_levels_deep" computerName="DORNY-PC" duration="00:00:00.0003437" startTime="2021-01-28T21:34:17.2079636+01:00" endTime="2021-01-28T21:34:17.2079643+01:00" testType="13cdc9d9-ddb5-4fa4-a97d-d965ccfc6d4b" outcome="Passed" testListId="8c84fa94-04c1-424b-9868-57a2d4851a1d" relativeResultsDirectory="af1544d7-1521-41ed-bb06-0601f23629ee" />
    <UnitTestResult executionId="94b3b2ea-069e-4c82-9798-08388549654e" testId="1aa7c407-5dcc-3610-7b22-9a9c185b7637" testName="FluentValidation.Tests.CascadingFailuresTester.Validation_stops_on_first_failure" computerName="DORNY-PC" duration="00:00:00.0001706" startTime="2021-01-28T21:34:14.1722092+01:00" endTime="2021-01-28T21:34:14.1722099+01:00" testType="13cdc9d9-ddb5-4fa4-a97d-d965ccfc6d4b" outcome="Passed" testListId="8c84fa94-04c1-424b-9868-57a2d4851a1d" relativeResultsDirectory="94b3b2ea-069e-4c82-9798-08388549654e" />
    <UnitTestResult executionId="a0ed91fc-23e2-4dec-ac54-490ea47753c5" testId="e24ff38a-abd2-06c3-c90b-7a19cb014782" testName="FluentValidation.Tests.ForEachRuleTests.Can_specify_condition_for_individual_collection_elements" computerName="DORNY-PC" duration="00:00:00.0004461" startTime="2021-01-28T21:34:17.2047087+01:00" endTime="2021-01-28T21:34:17.2047094+01:00" testType="13cdc9d9-ddb5-4fa4-a97d-d965ccfc6d4b" outcome="Passed" testListId="8c84fa94-04c1-424b-9868-57a2d4851a1d" relativeResultsDirectory="a0ed91fc-23e2-4dec-ac54-490ea47753c5" />
    <UnitTestResult executionId="ba771a93-1b9b-4603-a442-046c2ec6b85b" testId="5bc06159-6014-e4da-d494-962c2be3d46d" testName="FluentValidation.Tests.PredicateValidatorTester.Should_fail_when_predicate_returns_false" computerName="DORNY-PC" duration="00:00:00.0000917" startTime="2021-01-28T21:34:17.3101737+01:00" endTime="2021-01-28T21:34:17.3101739+01:00" testType="13cdc9d9-ddb5-4fa4-a97d-d965ccfc6d4b" outcome="Passed" testListId="8c84fa94-04c1-424b-9868-57a2d4851a1d" relativeResultsDirectory="ba771a93-1b9b-4603-a442-046c2ec6b85b" />
    <UnitTestResult executionId="39107515-382a-441a-9bf8-145ffb94540d" testId="25b134da-4650-cd97-e41f-ecf90bd97022" testName="FluentValidation.Tests.EnumValidatorTests.Flags_enum_valid_when_using_bitwise_value" computerName="DORNY-PC" duration="00:00:00.0192413" startTime="2021-01-28T21:34:17.0046567+01:00" endTime="2021-01-28T21:34:17.0046584+01:00" testType="13cdc9d9-ddb5-4fa4-a97d-d965ccfc6d4b" outcome="Passed" testListId="8c84fa94-04c1-424b-9868-57a2d4851a1d" relativeResultsDirectory="39107515-382a-441a-9bf8-145ffb94540d" />
    <UnitTestResult executionId="b9239824-91c1-4518-b750-9e02ffc19bde" testId="e65554ce-dc13-ac4c-6163-9d3c6fb3e650" testName="FluentValidation.Tests.ChainedValidationTester.Explicitly_included_properties_should_be_propagated_to_nested_validators" computerName="DORNY-PC" duration="00:00:00.0002691" startTime="2021-01-28T21:34:17.3273858+01:00" endTime="2021-01-28T21:34:17.3273866+01:00" testType="13cdc9d9-ddb5-4fa4-a97d-d965ccfc6d4b" outcome="Passed" testListId="8c84fa94-04c1-424b-9868-57a2d4851a1d" relativeResultsDirectory="b9239824-91c1-4518-b750-9e02ffc19bde" />
    <UnitTestResult executionId="82a8c3c2-a2ca-4a1e-8813-32f7acf0fe35" testId="806a92db-0047-d992-debb-2187de955a70" testName="FluentValidation.Tests.ValidatorTesterTester.ShouldHaveValidationErrorFor_takes_account_of_rulesets" computerName="DORNY-PC" duration="00:00:00.0007521" startTime="2021-01-28T21:34:16.8485682+01:00" endTime="2021-01-28T21:34:16.8485690+01:00" testType="13cdc9d9-ddb5-4fa4-a97d-d965ccfc6d4b" outcome="Passed" testListId="8c84fa94-04c1-424b-9868-57a2d4851a1d" relativeResultsDirectory="82a8c3c2-a2ca-4a1e-8813-32f7acf0fe35" />
    <UnitTestResult executionId="b2cb300f-26bc-47e8-b8ad-7bb4021da8f1" testId="f286288e-462e-902d-eb89-54546b23f138" testName="FluentValidation.Tests.RulesetTests.Combines_rulesets_and_explicit_properties" computerName="DORNY-PC" duration="00:00:00.0009970" startTime="2021-01-28T21:34:17.2732871+01:00" endTime="2021-01-28T21:34:17.2732883+01:00" testType="13cdc9d9-ddb5-4fa4-a97d-d965ccfc6d4b" outcome="Passed" testListId="8c84fa94-04c1-424b-9868-57a2d4851a1d" relativeResultsDirectory="b2cb300f-26bc-47e8-b8ad-7bb4021da8f1" />
    <UnitTestResult executionId="4b6fb4c6-ec89-4d20-ab15-f716656deaa7" testId="873994c7-72f9-ea4d-ad69-f96803a1bd7d" testName="FluentValidation.Tests.LessThanValidatorTester.Validates_against_property" computerName="DORNY-PC" duration="00:00:00.0012022" startTime="2021-01-28T21:34:16.8040641+01:00" endTime="2021-01-28T21:34:16.8040658+01:00" testType="13cdc9d9-ddb5-4fa4-a97d-d965ccfc6d4b" outcome="Passed" testListId="8c84fa94-04c1-424b-9868-57a2d4851a1d" relativeResultsDirectory="4b6fb4c6-ec89-4d20-ab15-f716656deaa7" />
    <UnitTestResult executionId="7a7671ee-ac05-4c74-b233-55f451251a05" testId="c4112f7e-ae72-c611-1720-8f9f22d9e0b8" testName="FluentValidation.Tests.ValidatorTesterTester.ShouldHaveChildValidator_should_not_throw_when_property_Does_have_child_validator_and_expecting_a_basetype" computerName="DORNY-PC" duration="00:00:00.0004634" startTime="2021-01-28T21:34:16.8471738+01:00" endTime="2021-01-28T21:34:16.8471747+01:00" testType="13cdc9d9-ddb5-4fa4-a97d-d965ccfc6d4b" outcome="Passed" testListId="8c84fa94-04c1-424b-9868-57a2d4851a1d" relativeResultsDirectory="7a7671ee-ac05-4c74-b233-55f451251a05" />
    <UnitTestResult executionId="bd8f9d6e-b393-427e-84a7-5ef58a8ec002" testId="6515b852-c314-18eb-25e8-cffaaf33a23c" testName="FluentValidation.Tests.LanguageManagerTests.Can_replace_message" computerName="DORNY-PC" duration="00:00:00.0002451" startTime="2021-01-28T21:34:16.9424396+01:00" endTime="2021-01-28T21:34:16.9424404+01:00" testType="13cdc9d9-ddb5-4fa4-a97d-d965ccfc6d4b" outcome="Passed" testListId="8c84fa94-04c1-424b-9868-57a2d4851a1d" relativeResultsDirectory="bd8f9d6e-b393-427e-84a7-5ef58a8ec002" />
    <UnitTestResult executionId="bd4f6713-c627-406c-bde6-07366c9cba2d" testId="47f06072-98bc-a34a-e286-7014ab3636d1" testName="FluentValidation.Tests.EqualValidatorTests.Comparison_property_uses_custom_resolver" computerName="DORNY-PC" duration="00:00:00.0003829" startTime="2021-01-28T21:34:17.1882006+01:00" endTime="2021-01-28T21:34:17.1882014+01:00" testType="13cdc9d9-ddb5-4fa4-a97d-d965ccfc6d4b" outcome="Passed" testListId="8c84fa94-04c1-424b-9868-57a2d4851a1d" relativeResultsDirectory="bd4f6713-c627-406c-bde6-07366c9cba2d" />
    <UnitTestResult executionId="caca1c07-eaab-41e6-906c-0efb93437f2c" testId="e21913f7-d710-fe60-39c5-ac15ab27979c" testName="FluentValidation.Tests.EqualValidatorTests.Validates_against_property" computerName="DORNY-PC" duration="00:00:00.0002933" startTime="2021-01-28T21:34:17.1899957+01:00" endTime="2021-01-28T21:34:17.1899958+01:00" testType="13cdc9d9-ddb5-4fa4-a97d-d965ccfc6d4b" outcome="Passed" testListId="8c84fa94-04c1-424b-9868-57a2d4851a1d" relativeResultsDirectory="caca1c07-eaab-41e6-906c-0efb93437f2c" />
    <UnitTestResult executionId="4ee74d83-a73f-45e1-ae89-f58849d27f3e" testId="1e9864bf-941b-eef5-2a35-e5f3bb46cfa0" testName="FluentValidation.Tests.LengthValidatorTests.When_the_validator_fails_the_error_message_should_be_set" computerName="DORNY-PC" duration="00:00:00.0113406" startTime="2021-01-28T21:34:14.0687601+01:00" endTime="2021-01-28T21:34:14.0687624+01:00" testType="13cdc9d9-ddb5-4fa4-a97d-d965ccfc6d4b" outcome="Passed" testListId="8c84fa94-04c1-424b-9868-57a2d4851a1d" relativeResultsDirectory="4ee74d83-a73f-45e1-ae89-f58849d27f3e" />
    <UnitTestResult executionId="e11df2cf-d679-46fc-801c-7f93ee279c56" testId="25f9ce0b-d5c2-d2e9-9514-9424d012f536" testName="FluentValidation.Tests.AbstractValidatorTester.Should_validate_single_Field" computerName="DORNY-PC" duration="00:00:00.0002444" startTime="2021-01-28T21:34:17.2529477+01:00" endTime="2021-01-28T21:34:17.2529485+01:00" testType="13cdc9d9-ddb5-4fa4-a97d-d965ccfc6d4b" outcome="Passed" testListId="8c84fa94-04c1-424b-9868-57a2d4851a1d" relativeResultsDirectory="e11df2cf-d679-46fc-801c-7f93ee279c56" />
    <UnitTestResult executionId="57461039-3733-40c7-ae9d-c01acc2358db" testId="d0200e86-713d-428b-0fc6-bd8ab971c6ae" testName="FluentValidation.Tests.SharedConditionTests.Runs_otherwise_conditons_for_Unless" computerName="DORNY-PC" duration="00:00:00.0008404" startTime="2021-01-28T21:34:14.2227153+01:00" endTime="2021-01-28T21:34:14.2227178+01:00" testType="13cdc9d9-ddb5-4fa4-a97d-d965ccfc6d4b" outcome="Passed" testListId="8c84fa94-04c1-424b-9868-57a2d4851a1d" relativeResultsDirectory="57461039-3733-40c7-ae9d-c01acc2358db" />
    <UnitTestResult executionId="f51668cd-5c16-4990-a523-530a96179284" testId="c8de0939-1a79-d0a5-a87a-1bdc3f67d552" testName="FluentValidation.Tests.EmailValidatorTests.Fails_email_validation_aspnetcore_compatible(email: &quot;someName&quot;)" computerName="DORNY-PC" duration="00:00:00.0000230" startTime="2021-01-28T21:34:16.9190023+01:00" endTime="2021-01-28T21:34:16.9190024+01:00" testType="13cdc9d9-ddb5-4fa4-a97d-d965ccfc6d4b" outcome="Passed" testListId="8c84fa94-04c1-424b-9868-57a2d4851a1d" relativeResultsDirectory="f51668cd-5c16-4990-a523-530a96179284" />
    <UnitTestResult executionId="0d4dc78a-a808-401e-a300-445cb2e334c3" testId="0bd2836f-9833-438b-e9c6-57c45cef3a81" testName="FluentValidation.Tests.MemberAccessorTests.Equality" computerName="DORNY-PC" duration="00:00:00.0010753" startTime="2021-01-28T21:34:17.0299641+01:00" endTime="2021-01-28T21:34:17.0299649+01:00" testType="13cdc9d9-ddb5-4fa4-a97d-d965ccfc6d4b" outcome="Passed" testListId="8c84fa94-04c1-424b-9868-57a2d4851a1d" relativeResultsDirectory="0d4dc78a-a808-401e-a300-445cb2e334c3" />
    <UnitTestResult executionId="d2dc4e70-98b7-4513-819b-543572128dd9" testId="0e94d33b-e744-4c22-bc1f-33d75998c174" testName="FluentValidation.Tests.MemberAccessorTests.SimplePropertySet" computerName="DORNY-PC" duration="00:00:00.0004415" startTime="2021-01-28T21:34:17.0274867+01:00" endTime="2021-01-28T21:34:17.0274875+01:00" testType="13cdc9d9-ddb5-4fa4-a97d-d965ccfc6d4b" outcome="Passed" testListId="8c84fa94-04c1-424b-9868-57a2d4851a1d" relativeResultsDirectory="d2dc4e70-98b7-4513-819b-543572128dd9" />
    <UnitTestResult executionId="bab2efd8-6a05-4477-8c86-9f3e07bd538c" testId="dda6c69b-1e50-36a5-e92f-e19b62139640" testName="FluentValidation.Tests.EmptyTester.When_value_is_null_validator_should_pass" computerName="DORNY-PC" duration="00:00:00.0002377" startTime="2021-01-28T21:34:17.1538641+01:00" endTime="2021-01-28T21:34:17.1538650+01:00" testType="13cdc9d9-ddb5-4fa4-a97d-d965ccfc6d4b" outcome="Passed" testListId="8c84fa94-04c1-424b-9868-57a2d4851a1d" relativeResultsDirectory="bab2efd8-6a05-4477-8c86-9f3e07bd538c" />
    <UnitTestResult executionId="a9aa1f63-ff0f-4dd9-bfae-b2ae59c34b9d" testId="cc85aac7-f440-fdf2-9644-c7b017f0d056" testName="FluentValidation.Tests.ForEachRuleTests.Can_access_colletion_index_async" computerName="DORNY-PC" duration="00:00:00.0007781" startTime="2021-01-28T21:34:17.1956601+01:00" endTime="2021-01-28T21:34:17.1956610+01:00" testType="13cdc9d9-ddb5-4fa4-a97d-d965ccfc6d4b" outcome="Passed" testListId="8c84fa94-04c1-424b-9868-57a2d4851a1d" relativeResultsDirectory="a9aa1f63-ff0f-4dd9-bfae-b2ae59c34b9d" />
    <UnitTestResult executionId="b160c2ac-0a3d-4235-bb52-2ae44ea17a65" testId="55927854-7680-1820-6a42-816fea6fb659" testName="FluentValidation.Tests.ChainedValidationTester.Chained_validator_should_not_be_invoked_on_null_property" computerName="DORNY-PC" duration="00:00:00.0001210" startTime="2021-01-28T21:34:17.3301899+01:00" endTime="2021-01-28T21:34:17.3301906+01:00" testType="13cdc9d9-ddb5-4fa4-a97d-d965ccfc6d4b" outcome="Passed" testListId="8c84fa94-04c1-424b-9868-57a2d4851a1d" relativeResultsDirectory="b160c2ac-0a3d-4235-bb52-2ae44ea17a65" />
    <UnitTestResult executionId="9b822b13-ed0e-4774-9f71-b37354fcabfd" testId="2ae9eba5-a1b1-6683-0781-d9ead62b3367" testName="FluentValidation.Tests.InheritanceValidatorTest.Validates_with_callback_accepting_derived_async" computerName="DORNY-PC" duration="00:00:00.0048985" startTime="2021-01-28T21:34:14.1413268+01:00" endTime="2021-01-28T21:34:14.1413288+01:00" testType="13cdc9d9-ddb5-4fa4-a97d-d965ccfc6d4b" outcome="Passed" testListId="8c84fa94-04c1-424b-9868-57a2d4851a1d" relativeResultsDirectory="9b822b13-ed0e-4774-9f71-b37354fcabfd" />
    <UnitTestResult executionId="c8f688e2-b0e4-4f63-8782-4160987dfde6" testId="0888ecb6-b1c1-5b78-c610-a3a9813b73a6" testName="FluentValidation.Tests.ComplexValidationTester.Can_directly_validate_multiple_fields_of_same_type" computerName="DORNY-PC" duration="00:00:00.0034497" startTime="2021-01-28T21:34:14.0931974+01:00" endTime="2021-01-28T21:34:14.0931999+01:00" testType="13cdc9d9-ddb5-4fa4-a97d-d965ccfc6d4b" outcome="Passed" testListId="8c84fa94-04c1-424b-9868-57a2d4851a1d" relativeResultsDirectory="c8f688e2-b0e4-4f63-8782-4160987dfde6" />
    <UnitTestResult executionId="c778d96e-fa21-4f6a-a4ae-074608043338" testId="1d5be793-b268-02d5-fe14-d5a0cf4a1970" testName="FluentValidation.Tests.InclusiveBetweenValidatorTests.When_the_text_is_larger_than_the_range_then_the_validator_should_fail_for_strings" computerName="DORNY-PC" duration="00:00:00.0002377" startTime="2021-01-28T21:34:16.8148605+01:00" endTime="2021-01-28T21:34:16.8148606+01:00" testType="13cdc9d9-ddb5-4fa4-a97d-d965ccfc6d4b" outcome="Passed" testListId="8c84fa94-04c1-424b-9868-57a2d4851a1d" relativeResultsDirectory="c778d96e-fa21-4f6a-a4ae-074608043338" />
    <UnitTestResult executionId="72b82f92-a164-40ab-97db-05e01150e34b" testId="9356db21-add3-51c6-7097-4ea51a559a3f" testName="FluentValidation.Tests.EmailValidatorTests.Valid_email_addresses_aspnetcore_compatible(email: &quot;1234@someDomain.com&quot;)" computerName="DORNY-PC" duration="00:00:00.0000307" startTime="2021-01-28T21:34:16.9174117+01:00" endTime="2021-01-28T21:34:16.9174119+01:00" testType="13cdc9d9-ddb5-4fa4-a97d-d965ccfc6d4b" outcome="Passed" testListId="8c84fa94-04c1-424b-9868-57a2d4851a1d" relativeResultsDirectory="72b82f92-a164-40ab-97db-05e01150e34b" />
    <UnitTestResult executionId="fae17933-3fba-4068-b0d1-0ed115f8bc60" testId="bdd627c3-999e-a828-fa9a-36b2512b083c" testName="FluentValidation.Tests.ValidatorSelectorTests.Does_not_validate_other_property_using_expression" computerName="DORNY-PC" duration="00:00:00.0003211" startTime="2021-01-28T21:34:14.2679901+01:00" endTime="2021-01-28T21:34:14.2679909+01:00" testType="13cdc9d9-ddb5-4fa4-a97d-d965ccfc6d4b" outcome="Passed" testListId="8c84fa94-04c1-424b-9868-57a2d4851a1d" relativeResultsDirectory="fae17933-3fba-4068-b0d1-0ed115f8bc60" />
    <UnitTestResult executionId="872ad4cf-abb6-4504-8ed7-a82d77d82d93" testId="c706f17f-868a-a0e1-32a2-35a626e971a3" testName="FluentValidation.Tests.StringEnumValidatorTests.When_validation_fails_the_default_error_should_be_set" computerName="DORNY-PC" duration="00:00:00.0001968" startTime="2021-01-28T21:34:14.1239370+01:00" endTime="2021-01-28T21:34:14.1239378+01:00" testType="13cdc9d9-ddb5-4fa4-a97d-d965ccfc6d4b" outcome="Passed" testListId="8c84fa94-04c1-424b-9868-57a2d4851a1d" relativeResultsDirectory="872ad4cf-abb6-4504-8ed7-a82d77d82d93" />
    <UnitTestResult executionId="3ed18cc1-0055-473a-a6d8-796e7b3d5b4a" testId="50838768-37c7-2048-d9ab-4b84f73592be" testName="FluentValidation.Tests.InheritanceValidatorTest.Validates_ruleset_async" computerName="DORNY-PC" duration="00:00:00.0016248" startTime="2021-01-28T21:34:14.1508195+01:00" endTime="2021-01-28T21:34:14.1508214+01:00" testType="13cdc9d9-ddb5-4fa4-a97d-d965ccfc6d4b" outcome="Passed" testListId="8c84fa94-04c1-424b-9868-57a2d4851a1d" relativeResultsDirectory="3ed18cc1-0055-473a-a6d8-796e7b3d5b4a" />
    <UnitTestResult executionId="1802e73f-9db0-42c3-ab63-5b5f197396c9" testId="5ea9f258-c818-c905-3733-871fbeb435d5" testName="FluentValidation.Tests.InheritanceValidatorTest.Validates_collection_async" computerName="DORNY-PC" duration="00:00:00.0040405" startTime="2021-01-28T21:34:14.1491188+01:00" endTime="2021-01-28T21:34:14.1491214+01:00" testType="13cdc9d9-ddb5-4fa4-a97d-d965ccfc6d4b" outcome="Passed" testListId="8c84fa94-04c1-424b-9868-57a2d4851a1d" relativeResultsDirectory="1802e73f-9db0-42c3-ab63-5b5f197396c9" />
    <UnitTestResult executionId="ef89b008-bd16-4130-bbe3-8ccecb505fa8" testId="0e65344f-36b4-2cde-c4b0-b4fd35462fa7" testName="FluentValidation.Tests.ValidatorTesterTester.ShouldHaveValidationErrorFor_takes_account_of_rulesets_fluent_approach" computerName="DORNY-PC" duration="00:00:00.0007776" startTime="2021-01-28T21:34:16.8903632+01:00" endTime="2021-01-28T21:34:16.8903641+01:00" testType="13cdc9d9-ddb5-4fa4-a97d-d965ccfc6d4b" outcome="Passed" testListId="8c84fa94-04c1-424b-9868-57a2d4851a1d" relativeResultsDirectory="ef89b008-bd16-4130-bbe3-8ccecb505fa8" />
    <UnitTestResult executionId="462004b7-0a71-49cc-b5f2-f25b8c47693a" testId="ae313f30-4281-9a9b-81ed-c8c11c5c0dd1" testName="FluentValidation.Tests.ChainingValidatorsTester.Should_create_multiple_validators" computerName="DORNY-PC" duration="00:00:00.0003311" startTime="2021-01-28T21:34:16.9095265+01:00" endTime="2021-01-28T21:34:16.9095272+01:00" testType="13cdc9d9-ddb5-4fa4-a97d-d965ccfc6d4b" outcome="Passed" testListId="8c84fa94-04c1-424b-9868-57a2d4851a1d" relativeResultsDirectory="462004b7-0a71-49cc-b5f2-f25b8c47693a" />
    <UnitTestResult executionId="e2b8af31-82e4-4353-b513-f65bf3429fd5" testId="9b3e212c-dffd-3c62-8f2e-9fdd31df4380" testName="FluentValidation.Tests.ValidatorTesterTester.ShouldNotHaveValidationError_should_throw_when_there_are_errors_with_preconstructed_object" computerName="DORNY-PC" duration="00:00:00.0023915" startTime="2021-01-28T21:34:16.8575900+01:00" endTime="2021-01-28T21:34:16.8575913+01:00" testType="13cdc9d9-ddb5-4fa4-a97d-d965ccfc6d4b" outcome="Passed" testListId="8c84fa94-04c1-424b-9868-57a2d4851a1d" relativeResultsDirectory="e2b8af31-82e4-4353-b513-f65bf3429fd5" />
    <UnitTestResult executionId="dbb1ec85-806b-4c05-a335-512f4ec11649" testId="9356db21-add3-51c6-7097-4ea51a559a3f" testName="FluentValidation.Tests.EmailValidatorTests.Valid_email_addresses_aspnetcore_compatible(email: &quot;someName@1234.com&quot;)" computerName="DORNY-PC" duration="00:00:00.0000158" startTime="2021-01-28T21:34:16.9181987+01:00" endTime="2021-01-28T21:34:16.9181988+01:00" testType="13cdc9d9-ddb5-4fa4-a97d-d965ccfc6d4b" outcome="Passed" testListId="8c84fa94-04c1-424b-9868-57a2d4851a1d" relativeResultsDirectory="dbb1ec85-806b-4c05-a335-512f4ec11649" />
    <UnitTestResult executionId="8af193e9-89a3-4958-9e9e-fcb0fcd188ea" testId="198a40d4-b853-e491-1aff-46cce8cbb1b0" testName="FluentValidation.Tests.UserSeverityTester.Defaults_user_severity_to_error" computerName="DORNY-PC" duration="00:00:00.0001704" startTime="2021-01-28T21:34:17.2708139+01:00" endTime="2021-01-28T21:34:17.2708146+01:00" testType="13cdc9d9-ddb5-4fa4-a97d-d965ccfc6d4b" outcome="Passed" testListId="8c84fa94-04c1-424b-9868-57a2d4851a1d" relativeResultsDirectory="8af193e9-89a3-4958-9e9e-fcb0fcd188ea" />
    <UnitTestResult executionId="c622cb39-102a-4243-9faa-2dd1134396ff" testId="4acb6539-3d08-a57e-d92b-33e2959bd6f8" testName="FluentValidation.Tests.OnFailureTests.OnFailure_called_for_each_failed_rule" computerName="DORNY-PC" duration="00:00:00.0005670" startTime="2021-01-28T21:34:17.1445932+01:00" endTime="2021-01-28T21:34:17.1445940+01:00" testType="13cdc9d9-ddb5-4fa4-a97d-d965ccfc6d4b" outcome="Passed" testListId="8c84fa94-04c1-424b-9868-57a2d4851a1d" relativeResultsDirectory="c622cb39-102a-4243-9faa-2dd1134396ff" />
    <UnitTestResult executionId="a0797389-5dfd-49a5-8fd3-6a09a1527911" testId="7d4d8134-8e6d-78e2-5cdf-5dad4f720c5d" testName="FluentValidation.Tests.InheritanceValidatorTest.Validates_ruleset" computerName="DORNY-PC" duration="00:00:00.0009577" startTime="2021-01-28T21:34:14.1450102+01:00" endTime="2021-01-28T21:34:14.1450113+01:00" testType="13cdc9d9-ddb5-4fa4-a97d-d965ccfc6d4b" outcome="Passed" testListId="8c84fa94-04c1-424b-9868-57a2d4851a1d" relativeResultsDirectory="a0797389-5dfd-49a5-8fd3-6a09a1527911" />
    <UnitTestResult executionId="c888b9a6-d801-4c20-8480-96343a089c0c" testId="7c21febf-fe71-0b8b-e06b-ce76d450cb4e" testName="FluentValidation.Tests.SharedConditionTests.RuleSet_can_be_used_inside_async_condition" computerName="DORNY-PC" duration="00:00:00.0011754" startTime="2021-01-28T21:34:14.2273927+01:00" endTime="2021-01-28T21:34:14.2273944+01:00" testType="13cdc9d9-ddb5-4fa4-a97d-d965ccfc6d4b" outcome="Passed" testListId="8c84fa94-04c1-424b-9868-57a2d4851a1d" relativeResultsDirectory="c888b9a6-d801-4c20-8480-96343a089c0c" />
    <UnitTestResult executionId="83e7b032-7248-4cc3-9e5b-3839af301388" testId="09cdd7a2-766c-97b0-77c3-a5780c7adb44" testName="FluentValidation.Tests.DefaultValidatorExtensionTester.Equal_should_create_EqualValidator_with_explicit_value" computerName="DORNY-PC" duration="00:00:00.0003343" startTime="2021-01-28T21:34:14.0603178+01:00" endTime="2021-01-28T21:34:14.0603184+01:00" testType="13cdc9d9-ddb5-4fa4-a97d-d965ccfc6d4b" outcome="Passed" testListId="8c84fa94-04c1-424b-9868-57a2d4851a1d" relativeResultsDirectory="83e7b032-7248-4cc3-9e5b-3839af301388" />
    <UnitTestResult executionId="dd301479-0ea3-45a9-834d-7d2c077b1e86" testId="25f44a20-dbaa-5dfb-5883-e3a59084fd7c" testName="FluentValidation.Tests.MessageFormatterTests.Adds_argument_and_custom_arguments" computerName="DORNY-PC" duration="00:00:00.0000699" startTime="2021-01-28T21:34:17.1345434+01:00" endTime="2021-01-28T21:34:17.1345441+01:00" testType="13cdc9d9-ddb5-4fa4-a97d-d965ccfc6d4b" outcome="Passed" testListId="8c84fa94-04c1-424b-9868-57a2d4851a1d" relativeResultsDirectory="dd301479-0ea3-45a9-834d-7d2c077b1e86" />
    <UnitTestResult executionId="3349df6b-9e0a-4415-b8b5-c7d5b68eaa09" testId="2d362cf6-d536-6e61-f97b-49e7ead3190b" testName="FluentValidation.Tests.CollectionValidatorWithParentTests.Validates_collection_asynchronously" computerName="DORNY-PC" duration="00:00:00.0014053" startTime="2021-01-28T21:34:17.0166410+01:00" endTime="2021-01-28T21:34:17.0166425+01:00" testType="13cdc9d9-ddb5-4fa4-a97d-d965ccfc6d4b" outcome="Passed" testListId="8c84fa94-04c1-424b-9868-57a2d4851a1d" relativeResultsDirectory="3349df6b-9e0a-4415-b8b5-c7d5b68eaa09" />
    <UnitTestResult executionId="d794b702-abc4-46d6-865d-922f4f8e45ae" testId="dae97e90-e9de-5005-02fd-1af01d9a86ba" testName="FluentValidation.Tests.RegularExpressionValidatorTests.Uses_regex_object" computerName="DORNY-PC" duration="00:00:00.0004951" startTime="2021-01-28T21:34:17.3030192+01:00" endTime="2021-01-28T21:34:17.3030200+01:00" testType="13cdc9d9-ddb5-4fa4-a97d-d965ccfc6d4b" outcome="Passed" testListId="8c84fa94-04c1-424b-9868-57a2d4851a1d" relativeResultsDirectory="d794b702-abc4-46d6-865d-922f4f8e45ae" />
    <UnitTestResult executionId="317cfcc9-1dde-48f4-91b6-2ac8741d517a" testId="f3fc98a3-f187-b2aa-1e16-e9c9ff6ea324" testName="FluentValidation.Tests.RuleBuilderTests.Should_throw_if_message_is_null" computerName="DORNY-PC" duration="00:00:00.0001371" startTime="2021-01-28T21:34:17.1111888+01:00" endTime="2021-01-28T21:34:17.1111895+01:00" testType="13cdc9d9-ddb5-4fa4-a97d-d965ccfc6d4b" outcome="Passed" testListId="8c84fa94-04c1-424b-9868-57a2d4851a1d" relativeResultsDirectory="317cfcc9-1dde-48f4-91b6-2ac8741d517a" />
    <UnitTestResult executionId="b18d24fa-5f8a-4656-904d-5012c39b35ff" testId="4f471dce-0715-fd5c-9301-3109ccd5847d" testName="FluentValidation.Tests.SharedConditionTests.When_condition_executed_for_each_instance_of_RuleForEach_condition_should_not_be_cached" computerName="DORNY-PC" duration="00:00:00.0006033" startTime="2021-01-28T21:34:14.2235973+01:00" endTime="2021-01-28T21:34:14.2235990+01:00" testType="13cdc9d9-ddb5-4fa4-a97d-d965ccfc6d4b" outcome="Passed" testListId="8c84fa94-04c1-424b-9868-57a2d4851a1d" relativeResultsDirectory="b18d24fa-5f8a-4656-904d-5012c39b35ff" />
    <UnitTestResult executionId="82fec5ac-40bc-4610-8ba1-1a534dad094b" testId="5cfc1d69-e13d-74be-26c9-d16fcf862ddd" testName="FluentValidation.Tests.LanguageManagerTests.Uses_error_code_as_localization_key" computerName="DORNY-PC" duration="00:00:00.0003393" startTime="2021-01-28T21:34:16.9665129+01:00" endTime="2021-01-28T21:34:16.9665130+01:00" testType="13cdc9d9-ddb5-4fa4-a97d-d965ccfc6d4b" outcome="Passed" testListId="8c84fa94-04c1-424b-9868-57a2d4851a1d" relativeResultsDirectory="82fec5ac-40bc-4610-8ba1-1a534dad094b" />
    <UnitTestResult executionId="c0cd0f3a-2701-49bf-be9d-5f66e9431279" testId="39dfb668-7b48-9987-03c8-af09cf0549fc" testName="FluentValidation.Tests.RegularExpressionValidatorTests.When_the_text_is_null_then_the_validator_should_pass" computerName="DORNY-PC" duration="00:00:00.0000928" startTime="2021-01-28T21:34:17.3038664+01:00" endTime="2021-01-28T21:34:17.3038671+01:00" testType="13cdc9d9-ddb5-4fa4-a97d-d965ccfc6d4b" outcome="Passed" testListId="8c84fa94-04c1-424b-9868-57a2d4851a1d" relativeResultsDirectory="c0cd0f3a-2701-49bf-be9d-5f66e9431279" />
    <UnitTestResult executionId="42c3a53a-f2dd-42f8-9375-f3ef20627450" testId="471fc82f-22a5-e6b0-03bf-8ea96840e4bf" testName="FluentValidation.Tests.InclusiveBetweenValidatorTests.When_the_validator_fails_the_error_message_should_be_set" computerName="DORNY-PC" duration="00:00:00.0002354" startTime="2021-01-28T21:34:16.8131045+01:00" endTime="2021-01-28T21:34:16.8131057+01:00" testType="13cdc9d9-ddb5-4fa4-a97d-d965ccfc6d4b" outcome="Passed" testListId="8c84fa94-04c1-424b-9868-57a2d4851a1d" relativeResultsDirectory="42c3a53a-f2dd-42f8-9375-f3ef20627450" />
    <UnitTestResult executionId="6a0b128f-0c07-4ccf-b501-e68de627dab2" testId="bff2d443-bf61-d343-f3f3-89ead2f1def3" testName="FluentValidation.Tests.DefaultValidatorExtensionTester.GreaterThanOrEqual_should_create_GreaterThanOrEqualValidator_with_lambda_with_other_Nullable" computerName="DORNY-PC" duration="00:00:00.0019589" startTime="2021-01-28T21:34:14.0594543+01:00" endTime="2021-01-28T21:34:14.0594545+01:00" testType="13cdc9d9-ddb5-4fa4-a97d-d965ccfc6d4b" outcome="Passed" testListId="8c84fa94-04c1-424b-9868-57a2d4851a1d" relativeResultsDirectory="6a0b128f-0c07-4ccf-b501-e68de627dab2" />
    <UnitTestResult executionId="eeb68fa6-2690-42e6-af65-28889c733a08" testId="25d39b07-b0d1-5a79-76ab-726b27e1dee4" testName="FluentValidation.Tests.MemberAccessorTests.Name" computerName="DORNY-PC" duration="00:00:00.0004323" startTime="2021-01-28T21:34:17.0304354+01:00" endTime="2021-01-28T21:34:17.0304362+01:00" testType="13cdc9d9-ddb5-4fa4-a97d-d965ccfc6d4b" outcome="Passed" testListId="8c84fa94-04c1-424b-9868-57a2d4851a1d" relativeResultsDirectory="eeb68fa6-2690-42e6-af65-28889c733a08" />
    <UnitTestResult executionId="953c8434-1e0f-4a65-afc1-fc1cbf5e41aa" testId="b2b35c8e-1297-9b92-e2a8-1b47304d6dcd" testName="FluentValidation.Tests.EmptyTester.When_value_is_Default_for_type_validator_should_pass_int" computerName="DORNY-PC" duration="00:00:00.0003963" startTime="2021-01-28T21:34:17.1543033+01:00" endTime="2021-01-28T21:34:17.1543042+01:00" testType="13cdc9d9-ddb5-4fa4-a97d-d965ccfc6d4b" outcome="Passed" testListId="8c84fa94-04c1-424b-9868-57a2d4851a1d" relativeResultsDirectory="953c8434-1e0f-4a65-afc1-fc1cbf5e41aa" />
    <UnitTestResult executionId="2085d04a-7382-46ea-802a-0ea6e1ff73e8" testId="e49a768a-857a-0209-379b-0ff52755c642" testName="FluentValidation.Tests.EmailValidatorTests.Valid_email_addresses_regex(email: &quot;TestPerson@gmail.com&quot;)" computerName="DORNY-PC" duration="00:00:00.0000805" startTime="2021-01-28T21:34:16.9360767+01:00" endTime="2021-01-28T21:34:16.9360773+01:00" testType="13cdc9d9-ddb5-4fa4-a97d-d965ccfc6d4b" outcome="Passed" testListId="8c84fa94-04c1-424b-9868-57a2d4851a1d" relativeResultsDirectory="2085d04a-7382-46ea-802a-0ea6e1ff73e8" />
    <UnitTestResult executionId="d87c1fa1-e0e5-4816-b4e8-20b02dedd696" testId="029ca7b6-f651-3985-b597-7fe968cde74d" testName="FluentValidation.Tests.ValidateAndThrowTester.Throws_exception" computerName="DORNY-PC" duration="00:00:00.0004234" startTime="2021-01-28T21:34:17.1809568+01:00" endTime="2021-01-28T21:34:17.1809577+01:00" testType="13cdc9d9-ddb5-4fa4-a97d-d965ccfc6d4b" outcome="Passed" testListId="8c84fa94-04c1-424b-9868-57a2d4851a1d" relativeResultsDirectory="d87c1fa1-e0e5-4816-b4e8-20b02dedd696" />
    <UnitTestResult executionId="5fabd51f-2383-4f39-9064-73e25a634747" testId="40e58b95-a20a-0164-25b5-43053926bef8" testName="FluentValidation.Tests.ValidatorTesterTester.ShouldHaveValidationError_should_throw_when_there_are_not_validation_errors__WhenAsyn_Is_Used(age: 17, cardNumber: &quot;cardNumber&quot;)" computerName="DORNY-PC" duration="00:00:00.0006412" startTime="2021-01-28T21:34:16.9034263+01:00" endTime="2021-01-28T21:34:16.9034278+01:00" testType="13cdc9d9-ddb5-4fa4-a97d-d965ccfc6d4b" outcome="Passed" testListId="8c84fa94-04c1-424b-9868-57a2d4851a1d" relativeResultsDirectory="5fabd51f-2383-4f39-9064-73e25a634747" />
    <UnitTestResult executionId="8be4823e-84ed-4083-8535-14fcb8c5cff1" testId="d71cca70-ea80-a9b7-c2c6-018674b7d05a" testName="FluentValidation.Tests.StringEnumValidatorTests.IsValidTests_CaseSensitive_CaseCorrect" computerName="DORNY-PC" duration="00:00:00.0012556" startTime="2021-01-28T21:34:14.1236841+01:00" endTime="2021-01-28T21:34:14.1236857+01:00" testType="13cdc9d9-ddb5-4fa4-a97d-d965ccfc6d4b" outcome="Passed" testListId="8c84fa94-04c1-424b-9868-57a2d4851a1d" relativeResultsDirectory="8be4823e-84ed-4083-8535-14fcb8c5cff1" />
    <UnitTestResult executionId="1a62e19b-b58d-4773-9181-8438747bd0a7" testId="4759eb2f-b662-7ccb-53c0-5c18d8a0f2f6" testName="FluentValidation.Tests.RegularExpressionValidatorTests.Can_access_expression_in_message_lambda" computerName="DORNY-PC" duration="00:00:00.0002801" startTime="2021-01-28T21:34:17.3045117+01:00" endTime="2021-01-28T21:34:17.3045118+01:00" testType="13cdc9d9-ddb5-4fa4-a97d-d965ccfc6d4b" outcome="Passed" testListId="8c84fa94-04c1-424b-9868-57a2d4851a1d" relativeResultsDirectory="1a62e19b-b58d-4773-9181-8438747bd0a7" />
    <UnitTestResult executionId="1762707e-830d-40e2-8621-efbc1a674112" testId="9356db21-add3-51c6-7097-4ea51a559a3f" testName="FluentValidation.Tests.EmailValidatorTests.Valid_email_addresses_aspnetcore_compatible(email: &quot; @someDomain.com&quot;)" computerName="DORNY-PC" duration="00:00:00.0000173" startTime="2021-01-28T21:34:16.9174953+01:00" endTime="2021-01-28T21:34:16.9174960+01:00" testType="13cdc9d9-ddb5-4fa4-a97d-d965ccfc6d4b" outcome="Passed" testListId="8c84fa94-04c1-424b-9868-57a2d4851a1d" relativeResultsDirectory="1762707e-830d-40e2-8621-efbc1a674112" />
    <UnitTestResult executionId="253b29ea-6726-450d-8720-a109e80695da" testId="70a9c0d5-e271-2073-8a4c-3b5cbf38153e" testName="FluentValidation.Tests.RuleDependencyTests.Async_inside_dependent_rules_when_parent_rule_not_async" computerName="DORNY-PC" duration="00:00:00.9925303" startTime="2021-01-28T21:34:16.7864206+01:00" endTime="2021-01-28T21:34:16.7864337+01:00" testType="13cdc9d9-ddb5-4fa4-a97d-d965ccfc6d4b" outcome="Passed" testListId="8c84fa94-04c1-424b-9868-57a2d4851a1d" relativeResultsDirectory="253b29ea-6726-450d-8720-a109e80695da" />
    <UnitTestResult executionId="e1e97a11-613b-4254-b033-fe1c49ade147" testId="4e560a18-0694-4d0f-694f-1d3dd1f6a620" testName="FluentValidation.Tests.AbstractValidatorTester.WhenPreValidationReturnsFalse_ResultReturnToUserImmediatly_Validate(preValidationResult: AnotherInt Test Message)" computerName="DORNY-PC" duration="00:00:00.0000628" startTime="2021-01-28T21:34:17.2563441+01:00" endTime="2021-01-28T21:34:17.2563448+01:00" testType="13cdc9d9-ddb5-4fa4-a97d-d965ccfc6d4b" outcome="Passed" testListId="8c84fa94-04c1-424b-9868-57a2d4851a1d" relativeResultsDirectory="e1e97a11-613b-4254-b033-fe1c49ade147" />
    <UnitTestResult executionId="14d90d48-62f5-46d0-9ded-73476ecdad32" testId="a7bf6da3-faf4-72c1-5534-a716c81dea2a" testName="FluentValidation.Tests.RuleBuilderTests.Adding_a_validator_should_return_builder" computerName="DORNY-PC" duration="00:00:00.0000714" startTime="2021-01-28T21:34:17.1109291+01:00" endTime="2021-01-28T21:34:17.1109299+01:00" testType="13cdc9d9-ddb5-4fa4-a97d-d965ccfc6d4b" outcome="Passed" testListId="8c84fa94-04c1-424b-9868-57a2d4851a1d" relativeResultsDirectory="14d90d48-62f5-46d0-9ded-73476ecdad32" />
    <UnitTestResult executionId="4b5dea27-e09d-4806-933e-816e8c902dca" testId="0f6a221e-6f08-c592-444c-127cee5f027f" testName="FluentValidation.Tests.GreaterThanOrEqualToValidatorTester.Validates_nullable_with_nullable_property" computerName="DORNY-PC" duration="00:00:00.0003854" startTime="2021-01-28T21:34:16.9147030+01:00" endTime="2021-01-28T21:34:16.9147032+01:00" testType="13cdc9d9-ddb5-4fa4-a97d-d965ccfc6d4b" outcome="Passed" testListId="8c84fa94-04c1-424b-9868-57a2d4851a1d" relativeResultsDirectory="4b5dea27-e09d-4806-933e-816e8c902dca" />
    <UnitTestResult executionId="5bd168cc-e300-4cb8-8439-da221d265aeb" testId="80447c4b-391a-af0f-a402-94e10d33fee7" testName="FluentValidation.Tests.AbstractValidatorTester.When_the_Validators_pass_then_the_validatorRunner_should_return_true" computerName="DORNY-PC" duration="00:00:00.0001471" startTime="2021-01-28T21:34:17.2567818+01:00" endTime="2021-01-28T21:34:17.2567826+01:00" testType="13cdc9d9-ddb5-4fa4-a97d-d965ccfc6d4b" outcome="Passed" testListId="8c84fa94-04c1-424b-9868-57a2d4851a1d" relativeResultsDirectory="5bd168cc-e300-4cb8-8439-da221d265aeb" />
    <UnitTestResult executionId="7548a73f-c655-487e-96f8-54a587c48dc4" testId="476da4b0-6718-d1ee-2c47-6e029b92d7da" testName="FluentValidation.Tests.RegularExpressionValidatorTests.When_the_text_matches_the_lambda_regex_regular_expression_then_the_validator_should_pass" computerName="DORNY-PC" duration="00:00:00.0001215" startTime="2021-01-28T21:34:17.3035803+01:00" endTime="2021-01-28T21:34:17.3035811+01:00" testType="13cdc9d9-ddb5-4fa4-a97d-d965ccfc6d4b" outcome="Passed" testListId="8c84fa94-04c1-424b-9868-57a2d4851a1d" relativeResultsDirectory="7548a73f-c655-487e-96f8-54a587c48dc4" />
    <UnitTestResult executionId="ca9e214f-5c77-41c9-b56b-65b15ec75904" testId="af5e3af7-97a1-2c82-58bd-19d8397427c6" testName="FluentValidation.Tests.MessageFormatterTests.Understands_date_formats" computerName="DORNY-PC" duration="00:00:00.0001748" startTime="2021-01-28T21:34:17.1344402+01:00" endTime="2021-01-28T21:34:17.1344411+01:00" testType="13cdc9d9-ddb5-4fa4-a97d-d965ccfc6d4b" outcome="Passed" testListId="8c84fa94-04c1-424b-9868-57a2d4851a1d" relativeResultsDirectory="ca9e214f-5c77-41c9-b56b-65b15ec75904" />
    <UnitTestResult executionId="ff1b142a-6095-4a90-a23f-0d4efcd3effd" testId="c1b3859a-17e7-ce27-6c34-1cb559c9a5e5" testName="FluentValidation.Tests.MemberAccessorTests.ComplexPropertyGet" computerName="DORNY-PC" duration="00:00:00.0009033" startTime="2021-01-28T21:34:17.0270037+01:00" endTime="2021-01-28T21:34:17.0270046+01:00" testType="13cdc9d9-ddb5-4fa4-a97d-d965ccfc6d4b" outcome="Passed" testListId="8c84fa94-04c1-424b-9868-57a2d4851a1d" relativeResultsDirectory="ff1b142a-6095-4a90-a23f-0d4efcd3effd" />
    <UnitTestResult executionId="5be0edf9-cb23-4634-af2b-1e0c3c375b44" testId="e49a768a-857a-0209-379b-0ff52755c642" testName="FluentValidation.Tests.EmailValidatorTests.Valid_email_addresses_regex(email: &quot;\&quot;Fred Bloggs\&quot;@example.com&quot;)" computerName="DORNY-PC" duration="00:00:00.0000258" startTime="2021-01-28T21:34:16.9367580+01:00" endTime="2021-01-28T21:34:16.9367584+01:00" testType="13cdc9d9-ddb5-4fa4-a97d-d965ccfc6d4b" outcome="Passed" testListId="8c84fa94-04c1-424b-9868-57a2d4851a1d" relativeResultsDirectory="5be0edf9-cb23-4634-af2b-1e0c3c375b44" />
    <UnitTestResult executionId="6d8cfb5b-0722-4d4d-a604-a9a543cd97b3" testId="37368867-851e-0cbd-9d74-c83595139e50" testName="FluentValidation.Tests.DefaultValidatorExtensionTester.Length_should_create_LengthValidator" computerName="DORNY-PC" duration="00:00:00.0002207" startTime="2021-01-28T21:34:14.0603928+01:00" endTime="2021-01-28T21:34:14.0603930+01:00" testType="13cdc9d9-ddb5-4fa4-a97d-d965ccfc6d4b" outcome="Passed" testListId="8c84fa94-04c1-424b-9868-57a2d4851a1d" relativeResultsDirectory="6d8cfb5b-0722-4d4d-a604-a9a543cd97b3" />
    <UnitTestResult executionId="812d106e-1b1d-47fb-80d2-b916d5297b8b" testId="bf6305f8-658f-61e0-8079-964bcd1883aa" testName="FluentValidation.Tests.CollectionValidatorWithParentTests.Creates_validator_using_context_from_property_value" computerName="DORNY-PC" duration="00:00:00.0011184" startTime="2021-01-28T21:34:17.0183222+01:00" endTime="2021-01-28T21:34:17.0183235+01:00" testType="13cdc9d9-ddb5-4fa4-a97d-d965ccfc6d4b" outcome="Passed" testListId="8c84fa94-04c1-424b-9868-57a2d4851a1d" relativeResultsDirectory="812d106e-1b1d-47fb-80d2-b916d5297b8b" />
    <UnitTestResult executionId="7ba0ebfd-5bcf-4340-9c6b-ec5d0d9c915b" testId="ed86ed13-f23f-1072-e84e-9da28c3e791f" testName="FluentValidation.Tests.ExtensionTester.SplitPascalCase_should_return_null_when_input_is_null" computerName="DORNY-PC" duration="00:00:00.0000314" startTime="2021-01-28T21:34:14.2499159+01:00" endTime="2021-01-28T21:34:14.2499162+01:00" testType="13cdc9d9-ddb5-4fa4-a97d-d965ccfc6d4b" outcome="Passed" testListId="8c84fa94-04c1-424b-9868-57a2d4851a1d" relativeResultsDirectory="7ba0ebfd-5bcf-4340-9c6b-ec5d0d9c915b" />
    <UnitTestResult executionId="bd37b411-d958-4a3e-a4ed-8bade532bbcb" testId="26384bfd-9f97-dd26-9d89-6ec567fc35dc" testName="FluentValidation.Tests.ExtensionTester.Should_split_pascal_cased_member_name" computerName="DORNY-PC" duration="00:00:00.0006315" startTime="2021-01-28T21:34:14.2497196+01:00" endTime="2021-01-28T21:34:14.2497211+01:00" testType="13cdc9d9-ddb5-4fa4-a97d-d965ccfc6d4b" outcome="Passed" testListId="8c84fa94-04c1-424b-9868-57a2d4851a1d" relativeResultsDirectory="bd37b411-d958-4a3e-a4ed-8bade532bbcb" />
    <UnitTestResult executionId="ed6fe36b-c374-40a0-a3ae-841df65e6f3b" testId="85f6fdb6-1af7-b28b-5542-a3e1696feff2" testName="FluentValidation.Tests.LocalisedMessagesTester.Formats_string_with_placeholders_when_you_cant_edit_the_string" computerName="DORNY-PC" duration="00:00:00.0002285" startTime="2021-01-28T21:34:17.1851315+01:00" endTime="2021-01-28T21:34:17.1851323+01:00" testType="13cdc9d9-ddb5-4fa4-a97d-d965ccfc6d4b" outcome="Passed" testListId="8c84fa94-04c1-424b-9868-57a2d4851a1d" relativeResultsDirectory="ed6fe36b-c374-40a0-a3ae-841df65e6f3b" />
    <UnitTestResult executionId="5c131a26-05ae-4741-b08c-1109f929f15b" testId="cfa327db-9479-74d8-d06e-bda673869807" testName="FluentValidation.Tests.UserStateTester.Stores_user_state_against_validation_failure" computerName="DORNY-PC" duration="00:00:00.0011142" startTime="2021-01-28T21:34:14.1335876+01:00" endTime="2021-01-28T21:34:14.1335881+01:00" testType="13cdc9d9-ddb5-4fa4-a97d-d965ccfc6d4b" outcome="Passed" testListId="8c84fa94-04c1-424b-9868-57a2d4851a1d" relativeResultsDirectory="5c131a26-05ae-4741-b08c-1109f929f15b" />
    <UnitTestResult executionId="901fa5bb-0f53-47f0-9e40-761a295882d1" testId="4c6cca8f-b91f-572f-1a57-2cd54f260755" testName="FluentValidation.Tests.ChainedValidationTester.Chained_validator_descriptor" computerName="DORNY-PC" duration="00:00:00.0002971" startTime="2021-01-28T21:34:17.3271389+01:00" endTime="2021-01-28T21:34:17.3271391+01:00" testType="13cdc9d9-ddb5-4fa4-a97d-d965ccfc6d4b" outcome="Passed" testListId="8c84fa94-04c1-424b-9868-57a2d4851a1d" relativeResultsDirectory="901fa5bb-0f53-47f0-9e40-761a295882d1" />
    <UnitTestResult executionId="6f21c0da-077b-422e-b632-60e626ce1dee" testId="ecbadeeb-d575-88e8-d0d3-ca2188b5f4a8" testName="FluentValidation.Tests.ForEachRuleTests.RuleForEach_async_RunsTasksSynchronously" computerName="DORNY-PC" duration="00:00:00.0236497" startTime="2021-01-28T21:34:17.2397753+01:00" endTime="2021-01-28T21:34:17.2397769+01:00" testType="13cdc9d9-ddb5-4fa4-a97d-d965ccfc6d4b" outcome="Passed" testListId="8c84fa94-04c1-424b-9868-57a2d4851a1d" relativeResultsDirectory="6f21c0da-077b-422e-b632-60e626ce1dee" />
    <UnitTestResult executionId="3b140b48-5f9b-46c2-bc5e-f9ec868132ed" testId="57ef4a63-b884-a238-58fb-a4cca3cf9b1b" testName="FluentValidation.Tests.ValidatorSelectorTests.MemberNameValidatorSelector_returns_true_when_property_name_matches" computerName="DORNY-PC" duration="00:00:00.0002975" startTime="2021-01-28T21:34:14.2656020+01:00" endTime="2021-01-28T21:34:14.2656030+01:00" testType="13cdc9d9-ddb5-4fa4-a97d-d965ccfc6d4b" outcome="Passed" testListId="8c84fa94-04c1-424b-9868-57a2d4851a1d" relativeResultsDirectory="3b140b48-5f9b-46c2-bc5e-f9ec868132ed" />
    <UnitTestResult executionId="ba57781f-1000-458e-9361-a1db61f8375c" testId="ce4f48ba-772c-dcb6-a82c-e9a1f96f5a54" testName="FluentValidation.Tests.ComplexValidationTester.Condition_should_work_with_complex_property" computerName="DORNY-PC" duration="00:00:00.0004359" startTime="2021-01-28T21:34:14.1044120+01:00" endTime="2021-01-28T21:34:14.1044132+01:00" testType="13cdc9d9-ddb5-4fa4-a97d-d965ccfc6d4b" outcome="Passed" testListId="8c84fa94-04c1-424b-9868-57a2d4851a1d" relativeResultsDirectory="ba57781f-1000-458e-9361-a1db61f8375c" />
    <UnitTestResult executionId="0191ff19-10d4-405c-ace3-b9ba49e83a43" testId="2fdba66a-81c0-eab1-6418-a81ad52187af" testName="FluentValidation.Tests.TransformTests.Transforms_property_value" computerName="DORNY-PC" duration="00:00:00.0003746" startTime="2021-01-28T21:34:17.3124901+01:00" endTime="2021-01-28T21:34:17.3124909+01:00" testType="13cdc9d9-ddb5-4fa4-a97d-d965ccfc6d4b" outcome="Passed" testListId="8c84fa94-04c1-424b-9868-57a2d4851a1d" relativeResultsDirectory="0191ff19-10d4-405c-ace3-b9ba49e83a43" />
    <UnitTestResult executionId="ec593113-a6ad-42e3-aa39-e82a80ae475c" testId="5ab2c5f0-6399-fa10-4a0b-58459821e3e9" testName="FluentValidation.Tests.ValidatorTesterTester.ShouldNotHaveValidationError_should_throw_when_there_are_validation_errors_ruleforeach" computerName="DORNY-PC" duration="00:00:00.0009397" startTime="2021-01-28T21:34:16.8773114+01:00" endTime="2021-01-28T21:34:16.8773125+01:00" testType="13cdc9d9-ddb5-4fa4-a97d-d965ccfc6d4b" outcome="Passed" testListId="8c84fa94-04c1-424b-9868-57a2d4851a1d" relativeResultsDirectory="ec593113-a6ad-42e3-aa39-e82a80ae475c" />
    <UnitTestResult executionId="261d8802-3d84-4f5b-a0b6-5c2d012ab5ae" testId="f47c5000-70d3-cdab-14be-c11d1e562901" testName="FluentValidation.Tests.AbstractValidatorTester.Should_validate_public_Field" computerName="DORNY-PC" duration="00:00:00.0003435" startTime="2021-01-28T21:34:17.2526675+01:00" endTime="2021-01-28T21:34:17.2526686+01:00" testType="13cdc9d9-ddb5-4fa4-a97d-d965ccfc6d4b" outcome="Passed" testListId="8c84fa94-04c1-424b-9868-57a2d4851a1d" relativeResultsDirectory="261d8802-3d84-4f5b-a0b6-5c2d012ab5ae" />
    <UnitTestResult executionId="9d02068a-ca9a-4a21-838c-756e8f72f208" testId="c4d47f8c-e474-e94d-6153-b4bf26058fd6" testName="FluentValidation.Tests.ValidatorTesterTester.ShouldHaveChildValidator_should_not_throw_when_property_Does_have_child_validator" computerName="DORNY-PC" duration="00:00:00.0022892" startTime="2021-01-28T21:34:16.8280945+01:00" endTime="2021-01-28T21:34:16.8280971+01:00" testType="13cdc9d9-ddb5-4fa4-a97d-d965ccfc6d4b" outcome="Passed" testListId="8c84fa94-04c1-424b-9868-57a2d4851a1d" relativeResultsDirectory="9d02068a-ca9a-4a21-838c-756e8f72f208" />
    <UnitTestResult executionId="f95070c1-b00b-4548-8b1c-d866827b15b0" testId="7aa3b764-34cb-20b4-ab30-d928abc37fb5" testName="FluentValidation.Tests.ForEachRuleTests.Can_validate_collection_using_validator_for_base_type" computerName="DORNY-PC" duration="00:00:00.0004768" startTime="2021-01-28T21:34:17.2008799+01:00" endTime="2021-01-28T21:34:17.2008808+01:00" testType="13cdc9d9-ddb5-4fa4-a97d-d965ccfc6d4b" outcome="Passed" testListId="8c84fa94-04c1-424b-9868-57a2d4851a1d" relativeResultsDirectory="f95070c1-b00b-4548-8b1c-d866827b15b0" />
    <UnitTestResult executionId="ea00e898-6274-4af0-829a-cf4dd9009ba1" testId="ac61da75-a5f6-1df0-302e-dc5fb3141a75" testName="FluentValidation.Tests.GreaterThanOrEqualToValidatorTester.Comparison_type" computerName="DORNY-PC" duration="00:00:00.0002012" startTime="2021-01-28T21:34:16.9120099+01:00" endTime="2021-01-28T21:34:16.9120106+01:00" testType="13cdc9d9-ddb5-4fa4-a97d-d965ccfc6d4b" outcome="Passed" testListId="8c84fa94-04c1-424b-9868-57a2d4851a1d" relativeResultsDirectory="ea00e898-6274-4af0-829a-cf4dd9009ba1" />
    <UnitTestResult executionId="429bca90-1cfc-45b7-862d-548d8a9bb55e" testId="ab5cd5da-0560-d14b-6cfa-a8d8a1e10cae" testName="FluentValidation.Tests.ValidatorTesterTester.ShouldHaveValidationError_async_throws" computerName="DORNY-PC" duration="00:00:00.0013660" startTime="2021-01-28T21:34:16.9048521+01:00" endTime="2021-01-28T21:34:16.9048533+01:00" testType="13cdc9d9-ddb5-4fa4-a97d-d965ccfc6d4b" outcome="Passed" testListId="8c84fa94-04c1-424b-9868-57a2d4851a1d" relativeResultsDirectory="429bca90-1cfc-45b7-862d-548d8a9bb55e" />
    <UnitTestResult executionId="12b6dfca-54d8-49d6-9b1d-9ef5f4fb021e" testId="abe5dbbc-c490-ea3e-8160-00c40623b66d" testName="FluentValidation.Tests.SharedConditionTests.Shared_async_When_respects_the_smaller_scope_of_a_inner_Unless_when_the_inner_Unless_predicate_fails" computerName="DORNY-PC" duration="00:00:00.0029811" startTime="2021-01-28T21:34:14.2304446+01:00" endTime="2021-01-28T21:34:14.2304470+01:00" testType="13cdc9d9-ddb5-4fa4-a97d-d965ccfc6d4b" outcome="Passed" testListId="8c84fa94-04c1-424b-9868-57a2d4851a1d" relativeResultsDirectory="12b6dfca-54d8-49d6-9b1d-9ef5f4fb021e" />
    <UnitTestResult executionId="516c1693-e0ee-4b77-8e40-79f29878c44d" testId="5d98a487-80b5-f21a-1283-ea0ec6d91fcb" testName="FluentValidation.Tests.CollectionValidatorWithParentTests.Collection_should_be_explicitly_included_with_expression" computerName="DORNY-PC" duration="00:00:00.0006578" startTime="2021-01-28T21:34:17.0190189+01:00" endTime="2021-01-28T21:34:17.0190196+01:00" testType="13cdc9d9-ddb5-4fa4-a97d-d965ccfc6d4b" outcome="Passed" testListId="8c84fa94-04c1-424b-9868-57a2d4851a1d" relativeResultsDirectory="516c1693-e0ee-4b77-8e40-79f29878c44d" />
    <UnitTestResult executionId="9c017c9b-a9f9-47c7-9bf1-df42b03e52e0" testId="135780af-253b-7a4b-bce8-3791106440b4" testName="FluentValidation.Tests.CascadingFailuresTester.Validation_stops_on_first_failure_when_set_to_StopOnFirstFailure_at_validator_level" computerName="DORNY-PC" duration="00:00:00.0002738" startTime="2021-01-28T21:34:14.1815777+01:00" endTime="2021-01-28T21:34:14.1815784+01:00" testType="13cdc9d9-ddb5-4fa4-a97d-d965ccfc6d4b" outcome="Passed" testListId="8c84fa94-04c1-424b-9868-57a2d4851a1d" relativeResultsDirectory="9c017c9b-a9f9-47c7-9bf1-df42b03e52e0" />
    <UnitTestResult executionId="516c520a-1fb0-41e5-8c12-67143fb05430" testId="00983d7b-a5f3-0398-2fd1-c1d1aeadc559" testName="FluentValidation.Tests.LessThanOrEqualToValidatorTester.Should_succeed_when_equal_to_input" computerName="DORNY-PC" duration="00:00:00.0000726" startTime="2021-01-28T21:34:17.2455823+01:00" endTime="2021-01-28T21:34:17.2455831+01:00" testType="13cdc9d9-ddb5-4fa4-a97d-d965ccfc6d4b" outcome="Passed" testListId="8c84fa94-04c1-424b-9868-57a2d4851a1d" relativeResultsDirectory="516c520a-1fb0-41e5-8c12-67143fb05430" />
    <UnitTestResult executionId="b5647436-7f34-465c-b7fc-f5982eff3d9d" testId="f287425a-90ae-2971-babc-bbc17822e165" testName="FluentValidation.Tests.ValidatorTesterTester.ShouldNotHaveValidationError_should_correctly_handle_explicitly_providing_object_to_validate" computerName="DORNY-PC" duration="00:00:00.0031438" startTime="2021-01-28T21:34:16.8313028+01:00" endTime="2021-01-28T21:34:16.8313047+01:00" testType="13cdc9d9-ddb5-4fa4-a97d-d965ccfc6d4b" outcome="Passed" testListId="8c84fa94-04c1-424b-9868-57a2d4851a1d" relativeResultsDirectory="b5647436-7f34-465c-b7fc-f5982eff3d9d" />
    <UnitTestResult executionId="d7a9943c-c38f-40e4-bcca-ae106acf850b" testId="0b573e2c-827a-73cf-8311-23970547e62e" testName="FluentValidation.Tests.DefaultValidatorExtensionTester.MustAsync_should_create_AsyncPredicateValidator_with_context" computerName="DORNY-PC" duration="00:00:00.0001972" startTime="2021-01-28T21:34:14.0604905+01:00" endTime="2021-01-28T21:34:14.0604906+01:00" testType="13cdc9d9-ddb5-4fa4-a97d-d965ccfc6d4b" outcome="Passed" testListId="8c84fa94-04c1-424b-9868-57a2d4851a1d" relativeResultsDirectory="d7a9943c-c38f-40e4-bcca-ae106acf850b" />
    <UnitTestResult executionId="61cac8bc-08d4-4329-9d90-6e6b5a9c2940" testId="445ee5b0-fe0c-9d99-0d4f-2bbe01045956" testName="FluentValidation.Tests.ConditionTests.Async_condition_is_applied_to_all_validators_in_the_chain_when_executed_synchronously" computerName="DORNY-PC" duration="00:00:00.0005363" startTime="2021-01-28T21:34:17.2959554+01:00" endTime="2021-01-28T21:34:17.2959562+01:00" testType="13cdc9d9-ddb5-4fa4-a97d-d965ccfc6d4b" outcome="Passed" testListId="8c84fa94-04c1-424b-9868-57a2d4851a1d" relativeResultsDirectory="61cac8bc-08d4-4329-9d90-6e6b5a9c2940" />
    <UnitTestResult executionId="0361e10c-cd59-4ae1-b110-f555708231ba" testId="e49a768a-857a-0209-379b-0ff52755c642" testName="FluentValidation.Tests.EmailValidatorTests.Valid_email_addresses_regex(email: &quot;testperson+label@gmail.com&quot;)" computerName="DORNY-PC" duration="00:00:00.0000275" startTime="2021-01-28T21:34:16.9361011+01:00" endTime="2021-01-28T21:34:16.9361012+01:00" testType="13cdc9d9-ddb5-4fa4-a97d-d965ccfc6d4b" outcome="Passed" testListId="8c84fa94-04c1-424b-9868-57a2d4851a1d" relativeResultsDirectory="0361e10c-cd59-4ae1-b110-f555708231ba" />
    <UnitTestResult executionId="18199e5d-09ae-4e8c-91d1-01ea59f8f075" testId="6e0a924f-fedd-9e34-aa5b-6ad24cd3e90f" testName="FluentValidation.Tests.CustomValidatorTester.New_CustomAsync_within_ruleset" computerName="DORNY-PC" duration="00:00:00.0008872" startTime="2021-01-28T21:34:17.3212955+01:00" endTime="2021-01-28T21:34:17.3212966+01:00" testType="13cdc9d9-ddb5-4fa4-a97d-d965ccfc6d4b" outcome="Passed" testListId="8c84fa94-04c1-424b-9868-57a2d4851a1d" relativeResultsDirectory="18199e5d-09ae-4e8c-91d1-01ea59f8f075" />
    <UnitTestResult executionId="8c88c517-9466-455c-8ec3-e9645ebe9f5b" testId="a088e199-3909-98a5-848e-64fd6c44e8d9" testName="FluentValidation.Tests.ForEachRuleTests.Executes_rule_for_each_item_in_collection" computerName="DORNY-PC" duration="00:00:00.0003186" startTime="2021-01-28T21:34:17.2050622+01:00" endTime="2021-01-28T21:34:17.2050630+01:00" testType="13cdc9d9-ddb5-4fa4-a97d-d965ccfc6d4b" outcome="Passed" testListId="8c84fa94-04c1-424b-9868-57a2d4851a1d" relativeResultsDirectory="8c88c517-9466-455c-8ec3-e9645ebe9f5b" />
    <UnitTestResult executionId="3298ec69-1372-435d-9183-96fbf146cea0" testId="2fcea243-420e-d8c7-f364-feff3541c14e" testName="FluentValidation.Tests.CascadingFailuresTester.Cascade_mode_can_be_set_after_validator_instantiated" computerName="DORNY-PC" duration="00:00:00.0001778" startTime="2021-01-28T21:34:14.1744330+01:00" endTime="2021-01-28T21:34:14.1744331+01:00" testType="13cdc9d9-ddb5-4fa4-a97d-d965ccfc6d4b" outcome="Passed" testListId="8c84fa94-04c1-424b-9868-57a2d4851a1d" relativeResultsDirectory="3298ec69-1372-435d-9183-96fbf146cea0" />
    <UnitTestResult executionId="0136fd13-ae9d-4e68-a552-9b61bc95f122" testId="77175049-45a9-0399-0cfe-481d3419a50b" testName="FluentValidation.Tests.CascadingFailuresTester.Validation_stops_on_first_failure_async_legacy" computerName="DORNY-PC" duration="00:00:00.0008751" startTime="2021-01-28T21:34:14.1679009+01:00" endTime="2021-01-28T21:34:14.1679024+01:00" testType="13cdc9d9-ddb5-4fa4-a97d-d965ccfc6d4b" outcome="Passed" testListId="8c84fa94-04c1-424b-9868-57a2d4851a1d" relativeResultsDirectory="0136fd13-ae9d-4e68-a552-9b61bc95f122" />
    <UnitTestResult executionId="77c88390-bcd4-4fb1-af0e-3a4ae785e750" testId="9eb45413-4df8-3cdd-a5e9-3fa8302212ec" testName="FluentValidation.Tests.CustomValidatorTester.Runs_async_rule_synchronously_when_validator_invoked_synchronously" computerName="DORNY-PC" duration="00:00:00.0006956" startTime="2021-01-28T21:34:17.3203494+01:00" endTime="2021-01-28T21:34:17.3203502+01:00" testType="13cdc9d9-ddb5-4fa4-a97d-d965ccfc6d4b" outcome="Passed" testListId="8c84fa94-04c1-424b-9868-57a2d4851a1d" relativeResultsDirectory="77c88390-bcd4-4fb1-af0e-3a4ae785e750" />
    <UnitTestResult executionId="e3a148a4-00d7-4955-b97e-7c6e935cfd20" testId="f8b01ec2-c4af-72c2-3f2b-64eb91facba7" testName="FluentValidation.Tests.CascadingFailuresTester.Validation_stops_on_first_Failure_when_set_to_Continue_globally_and_overriden_at_rule_level_legacy" computerName="DORNY-PC" duration="00:00:00.0002300" startTime="2021-01-28T21:34:14.1669731+01:00" endTime="2021-01-28T21:34:14.1669743+01:00" testType="13cdc9d9-ddb5-4fa4-a97d-d965ccfc6d4b" outcome="Passed" testListId="8c84fa94-04c1-424b-9868-57a2d4851a1d" relativeResultsDirectory="e3a148a4-00d7-4955-b97e-7c6e935cfd20" />
    <UnitTestResult executionId="db2b4ee7-7494-42b4-a12b-9a53d495bfe0" testId="c7dec09e-2c39-a090-0641-a763dccb8942" testName="FluentValidation.Tests.SharedConditionTests.Condition_can_be_used_inside_ruleset" computerName="DORNY-PC" duration="00:00:00.0005964" startTime="2021-01-28T21:34:14.2311085+01:00" endTime="2021-01-28T21:34:14.2311102+01:00" testType="13cdc9d9-ddb5-4fa4-a97d-d965ccfc6d4b" outcome="Passed" testListId="8c84fa94-04c1-424b-9868-57a2d4851a1d" relativeResultsDirectory="db2b4ee7-7494-42b4-a12b-9a53d495bfe0" />
    <UnitTestResult executionId="18d77ee5-c454-4a51-8a49-702d04a1693b" testId="8ebad949-1115-28ec-322d-0bc0a97b8860" testName="FluentValidation.Tests.ValidateAndThrowTester.Does_not_throw_when_valid_and_a_ruleset_async" computerName="DORNY-PC" duration="00:00:00.0003892" startTime="2021-01-28T21:34:17.1822230+01:00" endTime="2021-01-28T21:34:17.1822237+01:00" testType="13cdc9d9-ddb5-4fa4-a97d-d965ccfc6d4b" outcome="Passed" testListId="8c84fa94-04c1-424b-9868-57a2d4851a1d" relativeResultsDirectory="18d77ee5-c454-4a51-8a49-702d04a1693b" />
    <UnitTestResult executionId="f612e8d4-345e-4012-b69b-e6dc1e9e3c76" testId="309b624c-cec9-84a8-65f6-630bd438baba" testName="FluentValidation.Tests.GreaterThanValidatorTester.Comparison_property_uses_custom_resolver" computerName="DORNY-PC" duration="00:00:00.0004008" startTime="2021-01-28T21:34:16.9825827+01:00" endTime="2021-01-28T21:34:16.9825841+01:00" testType="13cdc9d9-ddb5-4fa4-a97d-d965ccfc6d4b" outcome="Passed" testListId="8c84fa94-04c1-424b-9868-57a2d4851a1d" relativeResultsDirectory="f612e8d4-345e-4012-b69b-e6dc1e9e3c76" />
    <UnitTestResult executionId="413f9fd3-0262-4015-9ce2-d651689e1455" testId="c8de0939-1a79-d0a5-a87a-1bdc3f67d552" testName="FluentValidation.Tests.EmailValidatorTests.Fails_email_validation_aspnetcore_compatible(email: &quot;&quot;)" computerName="DORNY-PC" duration="00:00:00.0000314" startTime="2021-01-28T21:34:16.9183513+01:00" endTime="2021-01-28T21:34:16.9183514+01:00" testType="13cdc9d9-ddb5-4fa4-a97d-d965ccfc6d4b" outcome="Passed" testListId="8c84fa94-04c1-424b-9868-57a2d4851a1d" relativeResultsDirectory="413f9fd3-0262-4015-9ce2-d651689e1455" />
    <UnitTestResult executionId="14063fec-723a-4fac-ab86-0463956447a8" testId="295f9170-bcd0-1ff1-7a32-f1955734f351" testName="FluentValidation.Tests.ValidatorTesterTester.ShouldNotHaveValidationError_async_throws" computerName="DORNY-PC" duration="00:00:00.0022945" startTime="2021-01-28T21:34:16.8821152+01:00" endTime="2021-01-28T21:34:16.8821161+01:00" testType="13cdc9d9-ddb5-4fa4-a97d-d965ccfc6d4b" outcome="Passed" testListId="8c84fa94-04c1-424b-9868-57a2d4851a1d" relativeResultsDirectory="14063fec-723a-4fac-ab86-0463956447a8" />
    <UnitTestResult executionId="903801d8-2757-47bc-926d-a7ed7c3942a7" testId="ed0f0002-4266-61fb-77bb-6dc6010ae5db" testName="FluentValidation.Tests.CascadingFailuresTester.Validation_continues_on_failure_when_set_to_Stop_globally_and_overriden_at_rule_level_async" computerName="DORNY-PC" duration="00:00:00.0011028" startTime="2021-01-28T21:34:14.1803676+01:00" endTime="2021-01-28T21:34:14.1803695+01:00" testType="13cdc9d9-ddb5-4fa4-a97d-d965ccfc6d4b" outcome="Passed" testListId="8c84fa94-04c1-424b-9868-57a2d4851a1d" relativeResultsDirectory="903801d8-2757-47bc-926d-a7ed7c3942a7" />
    <UnitTestResult executionId="00bba26a-f2a8-4984-a376-785e9f29b59c" testId="36b0e38f-fba3-a091-8778-a1762962850e" testName="FluentValidation.Tests.ForEachRuleTests.Uses_useful_error_message_when_used_on_non_property" computerName="DORNY-PC" duration="00:00:00.0004356" startTime="2021-01-28T21:34:17.2033922+01:00" endTime="2021-01-28T21:34:17.2033930+01:00" testType="13cdc9d9-ddb5-4fa4-a97d-d965ccfc6d4b" outcome="Passed" testListId="8c84fa94-04c1-424b-9868-57a2d4851a1d" relativeResultsDirectory="00bba26a-f2a8-4984-a376-785e9f29b59c" />
    <UnitTestResult executionId="25931c57-201b-4461-bb6f-3b2b5a96c88f" testId="531b85c3-cfa8-816a-efce-489dc5fcc431" testName="FluentValidation.Tests.ExclusiveBetweenValidatorTests.When_the_to_is_smaller_than_the_from_then_the_validator_should_throw_for_strings" computerName="DORNY-PC" duration="00:00:00.0001562" startTime="2021-01-28T21:34:14.1883392+01:00" endTime="2021-01-28T21:34:14.1883400+01:00" testType="13cdc9d9-ddb5-4fa4-a97d-d965ccfc6d4b" outcome="Passed" testListId="8c84fa94-04c1-424b-9868-57a2d4851a1d" relativeResultsDirectory="25931c57-201b-4461-bb6f-3b2b5a96c88f" />
    <UnitTestResult executionId="d6883204-52b8-49c0-89b2-e0742bd0faee" testId="c2149f2b-e374-79a9-3ece-3d8142506ab8" testName="FluentValidation.Tests.ValidateAndThrowTester.Throws_exception_with_a_ruleset_async" computerName="DORNY-PC" duration="00:00:00.0011925" startTime="2021-01-28T21:34:17.1680953+01:00" endTime="2021-01-28T21:34:17.1680961+01:00" testType="13cdc9d9-ddb5-4fa4-a97d-d965ccfc6d4b" outcome="Passed" testListId="8c84fa94-04c1-424b-9868-57a2d4851a1d" relativeResultsDirectory="d6883204-52b8-49c0-89b2-e0742bd0faee" />
    <UnitTestResult executionId="81121f75-89ee-46e9-9cb9-c20a44a7420b" testId="bdcb10a3-b499-ea50-0835-7c3676384cbb" testName="FluentValidation.Tests.EqualValidatorTests.Should_succeed_on_case_insensitive_comparison_using_expression" computerName="DORNY-PC" duration="00:00:00.0002538" startTime="2021-01-28T21:34:17.1888614+01:00" endTime="2021-01-28T21:34:17.1888622+01:00" testType="13cdc9d9-ddb5-4fa4-a97d-d965ccfc6d4b" outcome="Passed" testListId="8c84fa94-04c1-424b-9868-57a2d4851a1d" relativeResultsDirectory="81121f75-89ee-46e9-9cb9-c20a44a7420b" />
    <UnitTestResult executionId="f7960a40-4d74-4f99-942a-38d1ccef46eb" testId="81bd6862-604a-8f04-b514-59cfadde0387" testName="FluentValidation.Tests.ForEachRuleTests.When_runs_outside_RuleForEach_loop" computerName="DORNY-PC" duration="00:00:00.0004935" startTime="2021-01-28T21:34:17.2126008+01:00" endTime="2021-01-28T21:34:17.2126016+01:00" testType="13cdc9d9-ddb5-4fa4-a97d-d965ccfc6d4b" outcome="Passed" testListId="8c84fa94-04c1-424b-9868-57a2d4851a1d" relativeResultsDirectory="f7960a40-4d74-4f99-942a-38d1ccef46eb" />
    <UnitTestResult executionId="601bdfe1-381d-40be-9a95-8b61e6c201af" testId="bddabf5a-0617-ca47-ace9-deb3f7be88bb" testName="FluentValidation.Tests.GreaterThanOrEqualToValidatorTester.Validates_with_nullable_when_property_not_null" computerName="DORNY-PC" duration="00:00:00.0002465" startTime="2021-01-28T21:34:16.9117740+01:00" endTime="2021-01-28T21:34:16.9117748+01:00" testType="13cdc9d9-ddb5-4fa4-a97d-d965ccfc6d4b" outcome="Passed" testListId="8c84fa94-04c1-424b-9868-57a2d4851a1d" relativeResultsDirectory="601bdfe1-381d-40be-9a95-8b61e6c201af" />
    <UnitTestResult executionId="ca453a36-bacb-4ca4-9133-2d6b3cf1a643" testId="6ff32b89-4225-ea94-426d-4f9e2268e877" testName="FluentValidation.Tests.ForEachRuleTests.Should_override_property_name" computerName="DORNY-PC" duration="00:00:00.0003821" startTime="2021-01-28T21:34:17.2156690+01:00" endTime="2021-01-28T21:34:17.2156698+01:00" testType="13cdc9d9-ddb5-4fa4-a97d-d965ccfc6d4b" outcome="Passed" testListId="8c84fa94-04c1-424b-9868-57a2d4851a1d" relativeResultsDirectory="ca453a36-bacb-4ca4-9133-2d6b3cf1a643" />
    <UnitTestResult executionId="78f1c423-f55e-40ab-a421-fe91d01c5fdc" testId="632977c8-6b11-4bab-cedb-12759c89e2e1" testName="FluentValidation.Tests.EmptyTester.When_value_is_empty_string_validator_should_pass" computerName="DORNY-PC" duration="00:00:00.0002019" startTime="2021-01-28T21:34:17.1559413+01:00" endTime="2021-01-28T21:34:17.1559420+01:00" testType="13cdc9d9-ddb5-4fa4-a97d-d965ccfc6d4b" outcome="Passed" testListId="8c84fa94-04c1-424b-9868-57a2d4851a1d" relativeResultsDirectory="78f1c423-f55e-40ab-a421-fe91d01c5fdc" />
    <UnitTestResult executionId="5b8e0598-726f-48e1-b164-b3cfd9654978" testId="a91ba088-f792-eafc-fe0b-17466a21431f" testName="FluentValidation.Tests.RuleBuilderTests.Should_throw_if_overriding_validator_provider_is_null" computerName="DORNY-PC" duration="00:00:00.0001555" startTime="2021-01-28T21:34:17.0359187+01:00" endTime="2021-01-28T21:34:17.0359195+01:00" testType="13cdc9d9-ddb5-4fa4-a97d-d965ccfc6d4b" outcome="Passed" testListId="8c84fa94-04c1-424b-9868-57a2d4851a1d" relativeResultsDirectory="5b8e0598-726f-48e1-b164-b3cfd9654978" />
    <UnitTestResult executionId="d4eb023b-3cb4-47de-ae59-b6b3ea693e36" testId="3075b335-5f46-2afa-eb8d-0032ae97828b" testName="FluentValidation.Tests.DefaultValidatorExtensionTester.Equal_should_create_EqualValidator_with_lambda" computerName="DORNY-PC" duration="00:00:00.0006079" startTime="2021-01-28T21:34:14.0255794+01:00" endTime="2021-01-28T21:34:14.0255808+01:00" testType="13cdc9d9-ddb5-4fa4-a97d-d965ccfc6d4b" outcome="Passed" testListId="8c84fa94-04c1-424b-9868-57a2d4851a1d" relativeResultsDirectory="d4eb023b-3cb4-47de-ae59-b6b3ea693e36" />
    <UnitTestResult executionId="f19ccf62-cb51-4193-8f6e-452529ced96d" testId="47ef25d5-681f-247c-aa20-90fc3ef7a094" testName="FluentValidation.Tests.NotNullTester.When_the_validator_fails_the_error_message_should_be_set" computerName="DORNY-PC" duration="00:00:00.0002246" startTime="2021-01-28T21:34:17.1474973+01:00" endTime="2021-01-28T21:34:17.1474982+01:00" testType="13cdc9d9-ddb5-4fa4-a97d-d965ccfc6d4b" outcome="Passed" testListId="8c84fa94-04c1-424b-9868-57a2d4851a1d" relativeResultsDirectory="f19ccf62-cb51-4193-8f6e-452529ced96d" />
    <UnitTestResult executionId="833449c4-3b18-43ab-9572-a34e6d10a47a" testId="4777323e-fa0c-a151-ab70-92c8d0dfd0f7" testName="FluentValidation.Tests.SharedConditionTests.Shared_async_When_is_applied_to_groupd_rules_when_initial_predicate_is_true_and_all_individual_rules_are_satisfied" computerName="DORNY-PC" duration="00:00:00.0004461" startTime="2021-01-28T21:34:14.2249728+01:00" endTime="2021-01-28T21:34:14.2249737+01:00" testType="13cdc9d9-ddb5-4fa4-a97d-d965ccfc6d4b" outcome="Passed" testListId="8c84fa94-04c1-424b-9868-57a2d4851a1d" relativeResultsDirectory="833449c4-3b18-43ab-9572-a34e6d10a47a" />
    <UnitTestResult executionId="1cd80d53-5544-4ae9-a02b-b6fbd02dc287" testId="8e97f005-da65-9df3-6eb8-979cf1b34cdf" testName="FluentValidation.Tests.RuleBuilderTests.Should_build_property_name" computerName="DORNY-PC" duration="00:00:00.0000559" startTime="2021-01-28T21:34:17.1110211+01:00" endTime="2021-01-28T21:34:17.1110218+01:00" testType="13cdc9d9-ddb5-4fa4-a97d-d965ccfc6d4b" outcome="Passed" testListId="8c84fa94-04c1-424b-9868-57a2d4851a1d" relativeResultsDirectory="1cd80d53-5544-4ae9-a02b-b6fbd02dc287" />
    <UnitTestResult executionId="a0e9ecad-794e-4e6d-8830-866fdabe9048" testId="47539d14-3176-fabd-d26d-e6bffc9172fd" testName="FluentValidation.Tests.CreditCardValidatorTests.When_validation_fails_the_default_error_should_be_set" computerName="DORNY-PC" duration="00:00:00.0017932" startTime="2021-01-28T21:34:17.1495645+01:00" endTime="2021-01-28T21:34:17.1495654+01:00" testType="13cdc9d9-ddb5-4fa4-a97d-d965ccfc6d4b" outcome="Passed" testListId="8c84fa94-04c1-424b-9868-57a2d4851a1d" relativeResultsDirectory="a0e9ecad-794e-4e6d-8830-866fdabe9048" />
    <UnitTestResult executionId="658a1b2a-5500-4a22-8ce7-6e2257059393" testId="0424c72b-0bcc-10cc-76c4-ae665db2a695" testName="FluentValidation.Tests.ExclusiveBetweenValidatorTests.When_the_to_is_smaller_than_the_from_then_the_validator_should_throw" computerName="DORNY-PC" duration="00:00:00.0003029" startTime="2021-01-28T21:34:14.1886826+01:00" endTime="2021-01-28T21:34:14.1886835+01:00" testType="13cdc9d9-ddb5-4fa4-a97d-d965ccfc6d4b" outcome="Passed" testListId="8c84fa94-04c1-424b-9868-57a2d4851a1d" relativeResultsDirectory="658a1b2a-5500-4a22-8ce7-6e2257059393" />
    <UnitTestResult executionId="380c7b75-f855-4211-9b63-9fc33833ccb2" testId="c518eb33-b0b5-e4b5-098d-7031653b6598" testName="FluentValidation.Tests.DefaultValidatorExtensionTester.ScalePrecision_should_create_ScalePrecisionValidator" computerName="DORNY-PC" duration="00:00:00.0020009" startTime="2021-01-28T21:34:14.0592504+01:00" endTime="2021-01-28T21:34:14.0592510+01:00" testType="13cdc9d9-ddb5-4fa4-a97d-d965ccfc6d4b" outcome="Passed" testListId="8c84fa94-04c1-424b-9868-57a2d4851a1d" relativeResultsDirectory="380c7b75-f855-4211-9b63-9fc33833ccb2" />
    <UnitTestResult executionId="f421f733-f6d3-42ee-aa16-a8cbbe6439da" testId="ec6b8899-f55e-6284-3e3c-f49d9b1eea44" testName="FluentValidation.Tests.ValidationResultTests.ToString_return_error_messages_with_newline_as_separator" computerName="DORNY-PC" duration="00:00:00.0003538" startTime="2021-01-28T21:34:16.9694531+01:00" endTime="2021-01-28T21:34:16.9694538+01:00" testType="13cdc9d9-ddb5-4fa4-a97d-d965ccfc6d4b" outcome="Passed" testListId="8c84fa94-04c1-424b-9868-57a2d4851a1d" relativeResultsDirectory="f421f733-f6d3-42ee-aa16-a8cbbe6439da" />
    <UnitTestResult executionId="bfd5db05-04c6-4601-9edd-c3d931cf7b0c" testId="e44df486-fa33-eb24-302a-6943fa48e436" testName="FluentValidation.Tests.ComplexValidationTester.Validates_child_validator_asynchronously" computerName="DORNY-PC" duration="00:00:00.0037362" startTime="2021-01-28T21:34:14.0886584+01:00" endTime="2021-01-28T21:34:14.0886607+01:00" testType="13cdc9d9-ddb5-4fa4-a97d-d965ccfc6d4b" outcome="Passed" testListId="8c84fa94-04c1-424b-9868-57a2d4851a1d" relativeResultsDirectory="bfd5db05-04c6-4601-9edd-c3d931cf7b0c" />
    <UnitTestResult executionId="025e89ff-1a70-4a2d-b08b-ea2e0edf9d31" testId="81cf0332-ee80-2a18-0b4c-8621972b63cb" testName="FluentValidation.Tests.LengthValidatorTests.When_the_text_is_smaller_than_the_lambda_range_then_the_validator_should_fail" computerName="DORNY-PC" duration="00:00:00.0003612" startTime="2021-01-28T21:34:14.0734838+01:00" endTime="2021-01-28T21:34:14.0734850+01:00" testType="13cdc9d9-ddb5-4fa4-a97d-d965ccfc6d4b" outcome="Passed" testListId="8c84fa94-04c1-424b-9868-57a2d4851a1d" relativeResultsDirectory="025e89ff-1a70-4a2d-b08b-ea2e0edf9d31" />
    <UnitTestResult executionId="d7a7f4c3-7506-4c40-b192-edf5fc0f3dac" testId="b27675b4-7702-59e6-ba9d-fcf0b29696fc" testName="FluentValidation.Tests.SharedConditionTests.Rules_not_invoked_when_inverse_shared_condition_does_not_match" computerName="DORNY-PC" duration="00:00:00.0009262" startTime="2021-01-28T21:34:14.2160152+01:00" endTime="2021-01-28T21:34:14.2160168+01:00" testType="13cdc9d9-ddb5-4fa4-a97d-d965ccfc6d4b" outcome="Passed" testListId="8c84fa94-04c1-424b-9868-57a2d4851a1d" relativeResultsDirectory="d7a7f4c3-7506-4c40-b192-edf5fc0f3dac" />
    <UnitTestResult executionId="035aa2e3-3fd8-45af-b055-f2cbdfad77f8" testId="ad134517-e472-6c32-b7fe-65ee002252ad" testName="FluentValidation.Tests.InclusiveBetweenValidatorTests.When_the_value_is_between_the_range_specified_then_the_validator_should_pass" computerName="DORNY-PC" duration="00:00:00.0003572" startTime="2021-01-28T21:34:16.8121852+01:00" endTime="2021-01-28T21:34:16.8121853+01:00" testType="13cdc9d9-ddb5-4fa4-a97d-d965ccfc6d4b" outcome="Passed" testListId="8c84fa94-04c1-424b-9868-57a2d4851a1d" relativeResultsDirectory="035aa2e3-3fd8-45af-b055-f2cbdfad77f8" />
    <UnitTestResult executionId="6a4f65b9-6711-4b73-b19b-b3623e2e8a82" testId="2be66559-49f9-a064-16ef-cd41bbefd89a" testName="FluentValidation.Tests.ConditionTests.Validation_should_fail_when_async_condition_matches" computerName="DORNY-PC" duration="00:00:00.0007917" startTime="2021-01-28T21:34:17.2971324+01:00" endTime="2021-01-28T21:34:17.2971332+01:00" testType="13cdc9d9-ddb5-4fa4-a97d-d965ccfc6d4b" outcome="Passed" testListId="8c84fa94-04c1-424b-9868-57a2d4851a1d" relativeResultsDirectory="6a4f65b9-6711-4b73-b19b-b3623e2e8a82" />
    <UnitTestResult executionId="20f82dbd-be0c-4b7e-b73d-0a9f34aada7a" testId="7a1cd50a-b316-1bf0-cb2e-dbbb7957918a" testName="FluentValidation.Tests.ValidatorTesterTester.Can_use_indexer_in_string_message_inverse" computerName="DORNY-PC" duration="00:00:00.0005530" startTime="2021-01-28T21:34:16.8956806+01:00" endTime="2021-01-28T21:34:16.8956814+01:00" testType="13cdc9d9-ddb5-4fa4-a97d-d965ccfc6d4b" outcome="Passed" testListId="8c84fa94-04c1-424b-9868-57a2d4851a1d" relativeResultsDirectory="20f82dbd-be0c-4b7e-b73d-0a9f34aada7a" />
    <UnitTestResult executionId="271aec79-ad62-451d-8bf6-72e588b66d1f" testId="4806f569-4dc4-b97f-ae1d-d5eb71174880" testName="FluentValidation.Tests.ExtensionTester.Should_extract_member_from_member_expression" computerName="DORNY-PC" duration="00:00:00.0001130" startTime="2021-01-28T21:34:14.2500642+01:00" endTime="2021-01-28T21:34:14.2500652+01:00" testType="13cdc9d9-ddb5-4fa4-a97d-d965ccfc6d4b" outcome="Passed" testListId="8c84fa94-04c1-424b-9868-57a2d4851a1d" relativeResultsDirectory="271aec79-ad62-451d-8bf6-72e588b66d1f" />
    <UnitTestResult executionId="6b963c6b-8f72-4bc9-a804-70ccb13b656a" testId="74abbabb-b0f8-9723-36c7-b8f0869a9ce4" testName="FluentValidation.Tests.ComplexValidationTester.Explicitly_included_properties_should_be_propagated_to_nested_validators_using_strings" computerName="DORNY-PC" duration="00:00:00.0008307" startTime="2021-01-28T21:34:14.1018094+01:00" endTime="2021-01-28T21:34:14.1018115+01:00" testType="13cdc9d9-ddb5-4fa4-a97d-d965ccfc6d4b" outcome="Passed" testListId="8c84fa94-04c1-424b-9868-57a2d4851a1d" relativeResultsDirectory="6b963c6b-8f72-4bc9-a804-70ccb13b656a" />
    <UnitTestResult executionId="41c872da-f386-45e2-810d-258c56fae0a3" testId="395ed2ad-e745-0b73-5c7f-0085d138e0cf" testName="FluentValidation.Tests.LessThanValidatorTester.Validates_with_nullable_when_property_not_null" computerName="DORNY-PC" duration="00:00:00.0002586" startTime="2021-01-28T21:34:16.8089951+01:00" endTime="2021-01-28T21:34:16.8089959+01:00" testType="13cdc9d9-ddb5-4fa4-a97d-d965ccfc6d4b" outcome="Passed" testListId="8c84fa94-04c1-424b-9868-57a2d4851a1d" relativeResultsDirectory="41c872da-f386-45e2-810d-258c56fae0a3" />
    <UnitTestResult executionId="f8a1b61d-b88c-4afc-919e-3195ca6862fd" testId="913af2f9-6d07-264e-5473-2229789da071" testName="FluentValidation.Tests.ValidatorSelectorTests.Does_not_validate_other_property" computerName="DORNY-PC" duration="00:00:00.0004189" startTime="2021-01-28T21:34:14.2652581+01:00" endTime="2021-01-28T21:34:14.2652595+01:00" testType="13cdc9d9-ddb5-4fa4-a97d-d965ccfc6d4b" outcome="Passed" testListId="8c84fa94-04c1-424b-9868-57a2d4851a1d" relativeResultsDirectory="f8a1b61d-b88c-4afc-919e-3195ca6862fd" />
    <UnitTestResult executionId="47286ccf-0dd0-492e-aaec-08a96de794b0" testId="f5b15bf2-f082-268b-b396-7dadde16d5ad" testName="FluentValidation.Tests.RuleBuilderTests.Should_throw_if_validator_is_null" computerName="DORNY-PC" duration="00:00:00.0001458" startTime="2021-01-28T21:34:17.1151604+01:00" endTime="2021-01-28T21:34:17.1151611+01:00" testType="13cdc9d9-ddb5-4fa4-a97d-d965ccfc6d4b" outcome="Passed" testListId="8c84fa94-04c1-424b-9868-57a2d4851a1d" relativeResultsDirectory="47286ccf-0dd0-492e-aaec-08a96de794b0" />
    <UnitTestResult executionId="98ca6b23-f5d4-427c-8f31-f8cea480b542" testId="1eef2735-c6c3-aa43-6d4f-1834b9b870e0" testName="FluentValidation.Tests.AccessorCacheTests.Gets_accessor" computerName="DORNY-PC" duration="00:00:00.0003872" startTime="2021-01-28T21:34:14.1318013+01:00" endTime="2021-01-28T21:34:14.1318020+01:00" testType="13cdc9d9-ddb5-4fa4-a97d-d965ccfc6d4b" outcome="Passed" testListId="8c84fa94-04c1-424b-9868-57a2d4851a1d" relativeResultsDirectory="98ca6b23-f5d4-427c-8f31-f8cea480b542" />
    <UnitTestResult executionId="78c1b3d9-9ccf-4562-86f2-7290629ff477" testId="035e7f5a-57e0-486a-1a64-642931e8413b" testName="FluentValidation.Tests.CascadingFailuresTester.Validation_continues_when_set_to_Continue_at_validator_level" computerName="DORNY-PC" duration="00:00:00.0002021" startTime="2021-01-28T21:34:14.1845586+01:00" endTime="2021-01-28T21:34:14.1845593+01:00" testType="13cdc9d9-ddb5-4fa4-a97d-d965ccfc6d4b" outcome="Passed" testListId="8c84fa94-04c1-424b-9868-57a2d4851a1d" relativeResultsDirectory="78c1b3d9-9ccf-4562-86f2-7290629ff477" />
    <UnitTestResult executionId="4d720630-259d-44bf-a541-b3806338208b" testId="550b07a3-3a4a-9631-63d7-894e1b945977" testName="FluentValidation.Tests.RegularExpressionValidatorTests.Uses_lazily_loaded_expression" computerName="DORNY-PC" duration="00:00:00.0003176" startTime="2021-01-28T21:34:17.3024860+01:00" endTime="2021-01-28T21:34:17.3024868+01:00" testType="13cdc9d9-ddb5-4fa4-a97d-d965ccfc6d4b" outcome="Passed" testListId="8c84fa94-04c1-424b-9868-57a2d4851a1d" relativeResultsDirectory="4d720630-259d-44bf-a541-b3806338208b" />
    <UnitTestResult executionId="9c77355b-f68e-4caa-8a67-93ea37d515c6" testId="bae2ac81-aff5-2969-94d5-ecf26c7751bb" testName="FluentValidation.Tests.GreaterThanValidatorTester.Validates_with_nullable_when_property_is_null_cross_property" computerName="DORNY-PC" duration="00:00:00.0002669" startTime="2021-01-28T21:34:16.9816711+01:00" endTime="2021-01-28T21:34:16.9816718+01:00" testType="13cdc9d9-ddb5-4fa4-a97d-d965ccfc6d4b" outcome="Passed" testListId="8c84fa94-04c1-424b-9868-57a2d4851a1d" relativeResultsDirectory="9c77355b-f68e-4caa-8a67-93ea37d515c6" />
    <UnitTestResult executionId="0871fedb-acab-45d2-9565-9e1fcd9d783c" testId="51a1d479-0b5b-88a6-241c-a03395d0e783" testName="FluentValidation.Tests.LessThanValidatorTester.Validates_nullable_with_nullable_property" computerName="DORNY-PC" duration="00:00:00.0007730" startTime="2021-01-28T21:34:16.8086971+01:00" endTime="2021-01-28T21:34:16.8086987+01:00" testType="13cdc9d9-ddb5-4fa4-a97d-d965ccfc6d4b" outcome="Passed" testListId="8c84fa94-04c1-424b-9868-57a2d4851a1d" relativeResultsDirectory="0871fedb-acab-45d2-9565-9e1fcd9d783c" />
    <UnitTestResult executionId="ebfe561c-2d1c-4dfa-b944-7f5c607e9619" testId="0cb989c9-090a-41db-2aac-e60c8b993577" testName="FluentValidation.Tests.InclusiveBetweenValidatorTests.When_the_value_is_between_the_range_specified_then_the_validator_should_pass_for_strings" computerName="DORNY-PC" duration="00:00:00.0002200" startTime="2021-01-28T21:34:16.8141409+01:00" endTime="2021-01-28T21:34:16.8141416+01:00" testType="13cdc9d9-ddb5-4fa4-a97d-d965ccfc6d4b" outcome="Passed" testListId="8c84fa94-04c1-424b-9868-57a2d4851a1d" relativeResultsDirectory="ebfe561c-2d1c-4dfa-b944-7f5c607e9619" />
    <UnitTestResult executionId="9e3c9a4a-3014-48f3-a9f6-cfcf1a9b9698" testId="3f059983-b689-9d90-05d3-7602a73f1b26" testName="FluentValidation.Tests.InheritanceValidatorTest.Validates_with_callback" computerName="DORNY-PC" duration="00:00:00.0012889" startTime="2021-01-28T21:34:14.1426826+01:00" endTime="2021-01-28T21:34:14.1426847+01:00" testType="13cdc9d9-ddb5-4fa4-a97d-d965ccfc6d4b" outcome="Passed" testListId="8c84fa94-04c1-424b-9868-57a2d4851a1d" relativeResultsDirectory="9e3c9a4a-3014-48f3-a9f6-cfcf1a9b9698" />
    <UnitTestResult executionId="0d8d847c-f1b1-4512-88d6-d566a317fe80" testId="4e852537-871f-b06f-95ee-154058e2092a" testName="FluentValidation.Tests.OnFailureTests.WhenWithOnFailure_should_invoke_condition_on_async_inner_validator" computerName="DORNY-PC" duration="00:00:00.0006340" startTime="2021-01-28T21:34:17.1431047+01:00" endTime="2021-01-28T21:34:17.1431055+01:00" testType="13cdc9d9-ddb5-4fa4-a97d-d965ccfc6d4b" outcome="Passed" testListId="8c84fa94-04c1-424b-9868-57a2d4851a1d" relativeResultsDirectory="0d8d847c-f1b1-4512-88d6-d566a317fe80" />
    <UnitTestResult executionId="be803f49-d755-4345-a0d0-8d6779770b57" testId="eb270870-2200-d24b-3af8-0ab5f7524b79" testName="FluentValidation.Tests.GreaterThanOrEqualToValidatorTester.Should_succeed_when_equal_to_input" computerName="DORNY-PC" duration="00:00:00.0000780" startTime="2021-01-28T21:34:16.9121230+01:00" endTime="2021-01-28T21:34:16.9121237+01:00" testType="13cdc9d9-ddb5-4fa4-a97d-d965ccfc6d4b" outcome="Passed" testListId="8c84fa94-04c1-424b-9868-57a2d4851a1d" relativeResultsDirectory="be803f49-d755-4345-a0d0-8d6779770b57" />
    <UnitTestResult executionId="710833e2-b538-49ae-a533-914d96c41031" testId="b300a82d-eb2a-e74a-a386-23be78b16036" testName="FluentValidation.Tests.DefaultValidatorExtensionTester.ScalePrecision_should_create_ScalePrecisionValidator_with_ignore_trailing_zeros" computerName="DORNY-PC" duration="00:00:00.0002146" startTime="2021-01-28T21:34:14.0595179+01:00" endTime="2021-01-28T21:34:14.0595180+01:00" testType="13cdc9d9-ddb5-4fa4-a97d-d965ccfc6d4b" outcome="Passed" testListId="8c84fa94-04c1-424b-9868-57a2d4851a1d" relativeResultsDirectory="710833e2-b538-49ae-a533-914d96c41031" />
    <UnitTestResult executionId="3b25cf06-f9cb-4dd9-bc8f-15c211522b05" testId="b764c088-4e2c-c0cc-ef3a-0f834a1e7729" testName="FluentValidation.Tests.LanguageManagerTests.Always_use_specific_language" computerName="DORNY-PC" duration="00:00:00.0000666" startTime="2021-01-28T21:34:16.9664769+01:00" endTime="2021-01-28T21:34:16.9664773+01:00" testType="13cdc9d9-ddb5-4fa4-a97d-d965ccfc6d4b" outcome="Passed" testListId="8c84fa94-04c1-424b-9868-57a2d4851a1d" relativeResultsDirectory="3b25cf06-f9cb-4dd9-bc8f-15c211522b05" />
    <UnitTestResult executionId="f9e80f34-54fe-4546-ad9e-32cabf3bdca0" testId="009eff29-c2b3-c3fb-c2d8-1f20b510ebbf" testName="FluentValidation.Tests.SharedConditionTests.Does_not_execute_custom_Rule_when_condition_false" computerName="DORNY-PC" duration="00:00:00.0008838" startTime="2021-01-28T21:34:14.2404714+01:00" endTime="2021-01-28T21:34:14.2404737+01:00" testType="13cdc9d9-ddb5-4fa4-a97d-d965ccfc6d4b" outcome="Passed" testListId="8c84fa94-04c1-424b-9868-57a2d4851a1d" relativeResultsDirectory="f9e80f34-54fe-4546-ad9e-32cabf3bdca0" />
    <UnitTestResult executionId="97673b26-b00e-41a8-b5be-aa6ecfe65987" testId="8516e1ad-6fba-d39f-e1e4-84f487ff2327" testName="FluentValidation.Tests.ValidatorTesterTester.ShouldHaveValidationError_preconstructed_object_does_not_throw_for_unwritable_property" computerName="DORNY-PC" duration="00:00:00.0008894" startTime="2021-01-28T21:34:16.8950813+01:00" endTime="2021-01-28T21:34:16.8950823+01:00" testType="13cdc9d9-ddb5-4fa4-a97d-d965ccfc6d4b" outcome="Passed" testListId="8c84fa94-04c1-424b-9868-57a2d4851a1d" relativeResultsDirectory="97673b26-b00e-41a8-b5be-aa6ecfe65987" />
    <UnitTestResult executionId="2c2deb57-5c4f-412e-ac76-17ff0637e205" testId="b25a9326-8f99-4575-aa17-25fe39557d45" testName="FluentValidation.Tests.ValidatorTesterTester.Model_level_check_fails_if_no_model_level_failures" computerName="DORNY-PC" duration="00:00:00.0005599" startTime="2021-01-28T21:34:16.8763209+01:00" endTime="2021-01-28T21:34:16.8763217+01:00" testType="13cdc9d9-ddb5-4fa4-a97d-d965ccfc6d4b" outcome="Passed" testListId="8c84fa94-04c1-424b-9868-57a2d4851a1d" relativeResultsDirectory="2c2deb57-5c4f-412e-ac76-17ff0637e205" />
    <UnitTestResult executionId="373244e2-7554-45af-9c4d-1328227d37ae" testId="862e1fb5-6209-62e0-eb04-636ef0bb3785" testName="FluentValidation.Tests.AbstractValidatorTester.Should_throw_when_rule_is_null" computerName="DORNY-PC" duration="00:00:00.0001178" startTime="2021-01-28T21:34:17.2626427+01:00" endTime="2021-01-28T21:34:17.2626429+01:00" testType="13cdc9d9-ddb5-4fa4-a97d-d965ccfc6d4b" outcome="Passed" testListId="8c84fa94-04c1-424b-9868-57a2d4851a1d" relativeResultsDirectory="373244e2-7554-45af-9c4d-1328227d37ae" />
    <UnitTestResult executionId="3f4d6680-0b1a-4d8c-9f43-eb54627d0f32" testId="203e1b45-ed61-83e5-f6c7-00d8c841114f" testName="FluentValidation.Tests.AbstractValidatorTester.WhenPreValidationReturnsFalse_ResultReturnToUserImmediatly_ValidateAsync(preValidationResult: AnotherInt Test Message)" computerName="DORNY-PC" duration="00:00:00.0000578" startTime="2021-01-28T21:34:17.2606144+01:00" endTime="2021-01-28T21:34:17.2606151+01:00" testType="13cdc9d9-ddb5-4fa4-a97d-d965ccfc6d4b" outcome="Passed" testListId="8c84fa94-04c1-424b-9868-57a2d4851a1d" relativeResultsDirectory="3f4d6680-0b1a-4d8c-9f43-eb54627d0f32" />
    <UnitTestResult executionId="305c6a26-0839-4580-b416-574826d82d12" testId="e49a768a-857a-0209-379b-0ff52755c642" testName="FluentValidation.Tests.EmailValidatorTests.Valid_email_addresses_regex(email: &quot;first.last@test.co.uk&quot;)" computerName="DORNY-PC" duration="00:00:00.0000226" startTime="2021-01-28T21:34:16.9368824+01:00" endTime="2021-01-28T21:34:16.9368826+01:00" testType="13cdc9d9-ddb5-4fa4-a97d-d965ccfc6d4b" outcome="Passed" testListId="8c84fa94-04c1-424b-9868-57a2d4851a1d" relativeResultsDirectory="305c6a26-0839-4580-b416-574826d82d12" />
    <UnitTestResult executionId="91ec1e27-0c89-4000-a281-6b5f5d14c7fc" testId="dfdfecf2-737d-2b41-4c2b-067c28bdca89" testName="FluentValidation.Tests.RuleDependencyTests.Nested_dependent_rules_inside_ruleset_inside_method" computerName="DORNY-PC" duration="00:00:00.0007514" startTime="2021-01-28T21:34:15.7922799+01:00" endTime="2021-01-28T21:34:15.7922814+01:00" testType="13cdc9d9-ddb5-4fa4-a97d-d965ccfc6d4b" outcome="Passed" testListId="8c84fa94-04c1-424b-9868-57a2d4851a1d" relativeResultsDirectory="91ec1e27-0c89-4000-a281-6b5f5d14c7fc" />
    <UnitTestResult executionId="595eddbb-1580-4d80-801d-74050b79ba5a" testId="daa24ef7-ee00-0c65-2a79-80fd21b04f01" testName="FluentValidation.Tests.RulesetTests.Executes_multiple_rulesets" computerName="DORNY-PC" duration="00:00:00.0017933" startTime="2021-01-28T21:34:17.2844460+01:00" endTime="2021-01-28T21:34:17.2844475+01:00" testType="13cdc9d9-ddb5-4fa4-a97d-d965ccfc6d4b" outcome="Passed" testListId="8c84fa94-04c1-424b-9868-57a2d4851a1d" relativeResultsDirectory="595eddbb-1580-4d80-801d-74050b79ba5a" />
    <UnitTestResult executionId="5dc9e9be-d411-4d98-be09-1a37cfd480f3" testId="b6de1351-78a0-8b82-94dd-b1345d7a74aa" testName="FluentValidation.Tests.NullTester.Passes_when_nullable_value_type_is_null" computerName="DORNY-PC" duration="00:00:00.0002748" startTime="2021-01-28T21:34:16.8000833+01:00" endTime="2021-01-28T21:34:16.8000842+01:00" testType="13cdc9d9-ddb5-4fa4-a97d-d965ccfc6d4b" outcome="Passed" testListId="8c84fa94-04c1-424b-9868-57a2d4851a1d" relativeResultsDirectory="5dc9e9be-d411-4d98-be09-1a37cfd480f3" />
    <UnitTestResult executionId="a5b3b8c8-3578-4aa2-9a78-7fb29b4c93e2" testId="d3d13162-34f1-e12d-7628-7e58ba175553" testName="FluentValidation.Tests.ValidatorSelectorTests.Includes_nested_property" computerName="DORNY-PC" duration="00:00:00.0006524" startTime="2021-01-28T21:34:14.2647626+01:00" endTime="2021-01-28T21:34:14.2647640+01:00" testType="13cdc9d9-ddb5-4fa4-a97d-d965ccfc6d4b" outcome="Passed" testListId="8c84fa94-04c1-424b-9868-57a2d4851a1d" relativeResultsDirectory="a5b3b8c8-3578-4aa2-9a78-7fb29b4c93e2" />
    <UnitTestResult executionId="ab2824d1-6042-41f1-8d6d-30a835634489" testId="605454ca-7675-87fe-a3d3-3d2fdd68fa89" testName="FluentValidation.Tests.PredicateValidatorTester.Should_succeed_when_predicate_returns_true" computerName="DORNY-PC" duration="00:00:00.0000766" startTime="2021-01-28T21:34:17.3102052+01:00" endTime="2021-01-28T21:34:17.3102053+01:00" testType="13cdc9d9-ddb5-4fa4-a97d-d965ccfc6d4b" outcome="Passed" testListId="8c84fa94-04c1-424b-9868-57a2d4851a1d" relativeResultsDirectory="ab2824d1-6042-41f1-8d6d-30a835634489" />
    <UnitTestResult executionId="e5d4502a-ea8e-4e80-80b7-104587fc9a84" testId="14c4b382-f1fd-eb0b-b209-8dfec2d01f7b" testName="FluentValidation.Tests.NotEmptyTester.When_value_is_whitespace_validation_should_fail" computerName="DORNY-PC" duration="00:00:00.0002178" startTime="2021-01-28T21:34:14.1198802+01:00" endTime="2021-01-28T21:34:14.1198810+01:00" testType="13cdc9d9-ddb5-4fa4-a97d-d965ccfc6d4b" outcome="Passed" testListId="8c84fa94-04c1-424b-9868-57a2d4851a1d" relativeResultsDirectory="e5d4502a-ea8e-4e80-80b7-104587fc9a84" />
    <UnitTestResult executionId="197403f4-79ae-46ed-a46c-a73bf3e742d4" testId="413fc4df-901a-ca50-a1d2-fb1de21d2095" testName="FluentValidation.Tests.ExclusiveBetweenValidatorTests.When_the_validator_fails_the_error_message_should_be_set_for_strings" computerName="DORNY-PC" duration="00:00:00.0002668" startTime="2021-01-28T21:34:14.1921250+01:00" endTime="2021-01-28T21:34:14.1921263+01:00" testType="13cdc9d9-ddb5-4fa4-a97d-d965ccfc6d4b" outcome="Passed" testListId="8c84fa94-04c1-424b-9868-57a2d4851a1d" relativeResultsDirectory="197403f4-79ae-46ed-a46c-a73bf3e742d4" />
    <UnitTestResult executionId="1be8097a-b978-4a19-9988-55ea75b88c87" testId="538b937d-50eb-d7d4-102f-4c200712fa86" testName="FluentValidation.Tests.NullTester.NullValidator_should_fail_if_value_has_value" computerName="DORNY-PC" duration="00:00:00.0002075" startTime="2021-01-28T21:34:16.8018139+01:00" endTime="2021-01-28T21:34:16.8018144+01:00" testType="13cdc9d9-ddb5-4fa4-a97d-d965ccfc6d4b" outcome="Passed" testListId="8c84fa94-04c1-424b-9868-57a2d4851a1d" relativeResultsDirectory="1be8097a-b978-4a19-9988-55ea75b88c87" />
    <UnitTestResult executionId="826411f8-2ae5-4272-8ef9-24b6305e2b99" testId="6ea03f42-e934-0854-d4bf-c32d7ad9e326" testName="FluentValidation.Tests.CustomFailureActionTester.Passes_object_being_validated_to_action" computerName="DORNY-PC" duration="00:00:00.0008520" startTime="2021-01-28T21:34:14.2735934+01:00" endTime="2021-01-28T21:34:14.2735957+01:00" testType="13cdc9d9-ddb5-4fa4-a97d-d965ccfc6d4b" outcome="Passed" testListId="8c84fa94-04c1-424b-9868-57a2d4851a1d" relativeResultsDirectory="826411f8-2ae5-4272-8ef9-24b6305e2b99" />
    <UnitTestResult executionId="0413c97b-6eb9-4d47-807d-b1e61da43d16" testId="08a0b6d6-8b19-01e7-aeb3-add912bb4cf4" testName="FluentValidation.Tests.DefaultValidatorExtensionTester.NotEmpty_should_create_NotEmptyValidator" computerName="DORNY-PC" duration="00:00:00.0002803" startTime="2021-01-28T21:34:14.0595498+01:00" endTime="2021-01-28T21:34:14.0595500+01:00" testType="13cdc9d9-ddb5-4fa4-a97d-d965ccfc6d4b" outcome="Passed" testListId="8c84fa94-04c1-424b-9868-57a2d4851a1d" relativeResultsDirectory="0413c97b-6eb9-4d47-807d-b1e61da43d16" />
    <UnitTestResult executionId="e94d731d-b709-41a0-9af3-fee92965ec94" testId="028d93f2-dd80-7f26-5a1a-b4fa8dfa3275" testName="FluentValidation.Tests.CascadingFailuresTester.Validation_stops_on_first_failure_when_set_to_StopOnFirstFailure_at_validator_level_legacy" computerName="DORNY-PC" duration="00:00:00.0002253" startTime="2021-01-28T21:34:14.1764705+01:00" endTime="2021-01-28T21:34:14.1764718+01:00" testType="13cdc9d9-ddb5-4fa4-a97d-d965ccfc6d4b" outcome="Passed" testListId="8c84fa94-04c1-424b-9868-57a2d4851a1d" relativeResultsDirectory="e94d731d-b709-41a0-9af3-fee92965ec94" />
    <UnitTestResult executionId="88503186-4e6b-4250-acfc-82d9977dab31" testId="0e0db884-0030-20d8-a1cf-77e570d80455" testName="FluentValidation.Tests.EmailValidatorTests.Invalid_email_addressex_regex(email: &quot;&quot;)" computerName="DORNY-PC" duration="00:00:00.0003859" startTime="2021-01-28T21:34:16.9371136+01:00" endTime="2021-01-28T21:34:16.9371144+01:00" testType="13cdc9d9-ddb5-4fa4-a97d-d965ccfc6d4b" outcome="Passed" testListId="8c84fa94-04c1-424b-9868-57a2d4851a1d" relativeResultsDirectory="88503186-4e6b-4250-acfc-82d9977dab31" />
    <UnitTestResult executionId="e3350069-fedc-471f-954e-9d20f1ab6685" testId="26146ce2-ac90-53e8-e454-0fc112c6dd1c" testName="FluentValidation.Tests.GreaterThanOrEqualToValidatorTester.Validates_with_nullable_when_property_is_null" computerName="DORNY-PC" duration="00:00:00.0002299" startTime="2021-01-28T21:34:16.9155212+01:00" endTime="2021-01-28T21:34:16.9155219+01:00" testType="13cdc9d9-ddb5-4fa4-a97d-d965ccfc6d4b" outcome="Passed" testListId="8c84fa94-04c1-424b-9868-57a2d4851a1d" relativeResultsDirectory="e3350069-fedc-471f-954e-9d20f1ab6685" />
  </Results>
  <TestDefinitions>
    <UnitTest name="FluentValidation.Tests.ComplexValidationTester.Should_override_propertyName" storage="c:\users\michal\workspace\github\fluentvalidation\src\fluentvalidation.tests\bin\release\netcoreapp3.1\fluentvalidation.tests.dll" id="1812067d-18f7-4803-4a8e-82e1d2e9b615">
      <Execution id="cacaa6bd-ab93-4b99-82fd-14055018692b" />
      <TestMethod codeBase="C:\Users\Michal\Workspace\github\FluentValidation\src\FluentValidation.Tests\bin\Release\netcoreapp3.1\FluentValidation.Tests.dll" adapterTypeName="executor://xunit/VsTestRunner2" className="FluentValidation.Tests.ComplexValidationTester" name="Should_override_propertyName" />
    </UnitTest>
    <UnitTest name="FluentValidation.Tests.InclusiveBetweenValidatorTests.To_and_from_properties_should_be_set_for_strings" storage="c:\users\michal\workspace\github\fluentvalidation\src\fluentvalidation.tests\bin\release\netcoreapp3.1\fluentvalidation.tests.dll" id="ae9d813e-5e7f-a984-9275-9a7f1f00a0ed">
      <Execution id="c0a366b9-b30c-4072-871a-7445017552da" />
      <TestMethod codeBase="C:\Users\Michal\Workspace\github\FluentValidation\src\FluentValidation.Tests\bin\Release\netcoreapp3.1\FluentValidation.Tests.dll" adapterTypeName="executor://xunit/VsTestRunner2" className="FluentValidation.Tests.InclusiveBetweenValidatorTests" name="To_and_from_properties_should_be_set_for_strings" />
    </UnitTest>
    <UnitTest name="FluentValidation.Tests.GreaterThanOrEqualToValidatorTester.Comparison_type" storage="c:\users\michal\workspace\github\fluentvalidation\src\fluentvalidation.tests\bin\release\netcoreapp3.1\fluentvalidation.tests.dll" id="ac61da75-a5f6-1df0-302e-dc5fb3141a75">
      <Execution id="ea00e898-6274-4af0-829a-cf4dd9009ba1" />
      <TestMethod codeBase="C:\Users\Michal\Workspace\github\FluentValidation\src\FluentValidation.Tests\bin\Release\netcoreapp3.1\FluentValidation.Tests.dll" adapterTypeName="executor://xunit/VsTestRunner2" className="FluentValidation.Tests.GreaterThanOrEqualToValidatorTester" name="Comparison_type" />
    </UnitTest>
    <UnitTest name="FluentValidation.Tests.ForEachRuleTests.Can_access_parent_index" storage="c:\users\michal\workspace\github\fluentvalidation\src\fluentvalidation.tests\bin\release\netcoreapp3.1\fluentvalidation.tests.dll" id="88be10a2-488a-2e27-5ada-da00b79ff1b7">
      <Execution id="9f3aa807-5331-4649-a045-f221a7e91ecc" />
      <TestMethod codeBase="C:\Users\Michal\Workspace\github\FluentValidation\src\FluentValidation.Tests\bin\Release\netcoreapp3.1\FluentValidation.Tests.dll" adapterTypeName="executor://xunit/VsTestRunner2" className="FluentValidation.Tests.ForEachRuleTests" name="Can_access_parent_index" />
    </UnitTest>
    <UnitTest name="FluentValidation.Tests.LessThanValidatorTester.Validates_with_nullable_when_property_null_cross_property" storage="c:\users\michal\workspace\github\fluentvalidation\src\fluentvalidation.tests\bin\release\netcoreapp3.1\fluentvalidation.tests.dll" id="80bd8ebb-155b-3503-e5f6-e1f2b488d0d4">
      <Execution id="ecf58caf-a912-4872-bbb8-db2b688adfe8" />
      <TestMethod codeBase="C:\Users\Michal\Workspace\github\FluentValidation\src\FluentValidation.Tests\bin\Release\netcoreapp3.1\FluentValidation.Tests.dll" adapterTypeName="executor://xunit/VsTestRunner2" className="FluentValidation.Tests.LessThanValidatorTester" name="Validates_with_nullable_when_property_null_cross_property" />
    </UnitTest>
    <UnitTest name="FluentValidation.Tests.DefaultValidatorExtensionTester.LessThan_should_create_LessThanValidator_with_lambda" storage="c:\users\michal\workspace\github\fluentvalidation\src\fluentvalidation.tests\bin\release\netcoreapp3.1\fluentvalidation.tests.dll" id="8e466871-935a-eaa1-53db-81ca5a50e730">
      <Execution id="49017c12-e67b-4318-9234-2b5319cdb90e" />
      <TestMethod codeBase="C:\Users\Michal\Workspace\github\FluentValidation\src\FluentValidation.Tests\bin\Release\netcoreapp3.1\FluentValidation.Tests.dll" adapterTypeName="executor://xunit/VsTestRunner2" className="FluentValidation.Tests.DefaultValidatorExtensionTester" name="LessThan_should_create_LessThanValidator_with_lambda" />
    </UnitTest>
    <UnitTest name="FluentValidation.Tests.EnumValidatorTests.When_the_enum_is_not_initialized_with_valid_value_then_the_validator_should_fail" storage="c:\users\michal\workspace\github\fluentvalidation\src\fluentvalidation.tests\bin\release\netcoreapp3.1\fluentvalidation.tests.dll" id="bdf9da55-ad16-bac3-caa8-95b6486bd814">
      <Execution id="a0244698-d906-46b2-840b-9bcadfdd92ae" />
      <TestMethod codeBase="C:\Users\Michal\Workspace\github\FluentValidation\src\FluentValidation.Tests\bin\Release\netcoreapp3.1\FluentValidation.Tests.dll" adapterTypeName="executor://xunit/VsTestRunner2" className="FluentValidation.Tests.EnumValidatorTests" name="When_the_enum_is_not_initialized_with_valid_value_then_the_validator_should_fail" />
    </UnitTest>
    <UnitTest name="FluentValidation.Tests.CascadingFailuresTester.Validation_stops_on_first_failure_when_set_to_StopOnFirstFailure_at_validator_level_async_legacy" storage="c:\users\michal\workspace\github\fluentvalidation\src\fluentvalidation.tests\bin\release\netcoreapp3.1\fluentvalidation.tests.dll" id="7f081e49-df5c-067b-003c-41fbdafc4875">
      <Execution id="1899ff03-ae7c-45c5-9645-81cff2df2e3d" />
      <TestMethod codeBase="C:\Users\Michal\Workspace\github\FluentValidation\src\FluentValidation.Tests\bin\Release\netcoreapp3.1\FluentValidation.Tests.dll" adapterTypeName="executor://xunit/VsTestRunner2" className="FluentValidation.Tests.CascadingFailuresTester" name="Validation_stops_on_first_failure_when_set_to_StopOnFirstFailure_at_validator_level_async_legacy" />
    </UnitTest>
    <UnitTest name="FluentValidation.Tests.ValidatorTesterTester.Unexpected_error_code_check" storage="c:\users\michal\workspace\github\fluentvalidation\src\fluentvalidation.tests\bin\release\netcoreapp3.1\fluentvalidation.tests.dll" id="2e9af8ff-00ee-c1aa-d7b2-749703ad0116">
      <Execution id="aecc9b19-3d45-49ab-a886-e2585b7ab842" />
      <TestMethod codeBase="C:\Users\Michal\Workspace\github\FluentValidation\src\FluentValidation.Tests\bin\Release\netcoreapp3.1\FluentValidation.Tests.dll" adapterTypeName="executor://xunit/VsTestRunner2" className="FluentValidation.Tests.ValidatorTesterTester" name="Unexpected_error_code_check" />
    </UnitTest>
    <UnitTest name="FluentValidation.Tests.CustomMessageFormatTester.Replaces_propertyvalue_placeholder" storage="c:\users\michal\workspace\github\fluentvalidation\src\fluentvalidation.tests\bin\release\netcoreapp3.1\fluentvalidation.tests.dll" id="c3ba47d6-eab7-6692-30c9-ca20120a942f">
      <Execution id="3d3bba54-fdcc-4e19-9252-285d22e47799" />
      <TestMethod codeBase="C:\Users\Michal\Workspace\github\FluentValidation\src\FluentValidation.Tests\bin\Release\netcoreapp3.1\FluentValidation.Tests.dll" adapterTypeName="executor://xunit/VsTestRunner2" className="FluentValidation.Tests.CustomMessageFormatTester" name="Replaces_propertyvalue_placeholder" />
    </UnitTest>
    <UnitTest name="FluentValidation.Tests.MemberAccessorTests.ComplexPropertyGet" storage="c:\users\michal\workspace\github\fluentvalidation\src\fluentvalidation.tests\bin\release\netcoreapp3.1\fluentvalidation.tests.dll" id="c1b3859a-17e7-ce27-6c34-1cb559c9a5e5">
      <Execution id="ff1b142a-6095-4a90-a23f-0d4efcd3effd" />
      <TestMethod codeBase="C:\Users\Michal\Workspace\github\FluentValidation\src\FluentValidation.Tests\bin\Release\netcoreapp3.1\FluentValidation.Tests.dll" adapterTypeName="executor://xunit/VsTestRunner2" className="FluentValidation.Tests.MemberAccessorTests" name="ComplexPropertyGet" />
    </UnitTest>
    <UnitTest name="FluentValidation.Tests.ValidatorTesterTester.Expected_message_check" storage="c:\users\michal\workspace\github\fluentvalidation\src\fluentvalidation.tests\bin\release\netcoreapp3.1\fluentvalidation.tests.dll" id="a861c35d-7e4c-3d63-c0e7-f20efd036696">
      <Execution id="1178834a-716b-4d91-a7eb-e84170c40797" />
      <TestMethod codeBase="C:\Users\Michal\Workspace\github\FluentValidation\src\FluentValidation.Tests\bin\Release\netcoreapp3.1\FluentValidation.Tests.dll" adapterTypeName="executor://xunit/VsTestRunner2" className="FluentValidation.Tests.ValidatorTesterTester" name="Expected_message_check" />
    </UnitTest>
    <UnitTest name="FluentValidation.Tests.RulesetTests.WithMessage_works_inside_rulesets" storage="c:\users\michal\workspace\github\fluentvalidation\src\fluentvalidation.tests\bin\release\netcoreapp3.1\fluentvalidation.tests.dll" id="0574b9a0-497a-9741-a67b-5bbefad3d8b2">
      <Execution id="5e6835f0-4eae-4ad9-9cc5-cd04955c1d67" />
      <TestMethod codeBase="C:\Users\Michal\Workspace\github\FluentValidation\src\FluentValidation.Tests\bin\Release\netcoreapp3.1\FluentValidation.Tests.dll" adapterTypeName="executor://xunit/VsTestRunner2" className="FluentValidation.Tests.RulesetTests" name="WithMessage_works_inside_rulesets" />
    </UnitTest>
    <UnitTest name="FluentValidation.Tests.RuleBuilderTests.Nullable_object_with_condition_should_not_throw" storage="c:\users\michal\workspace\github\fluentvalidation\src\fluentvalidation.tests\bin\release\netcoreapp3.1\fluentvalidation.tests.dll" id="3858e249-ac98-322b-fa57-6d5f416ada47">
      <Execution id="94294e3b-c01c-4a53-9e92-c59a3a873866" />
      <TestMethod codeBase="C:\Users\Michal\Workspace\github\FluentValidation\src\FluentValidation.Tests\bin\Release\netcoreapp3.1\FluentValidation.Tests.dll" adapterTypeName="executor://xunit/VsTestRunner2" className="FluentValidation.Tests.RuleBuilderTests" name="Nullable_object_with_condition_should_not_throw" />
    </UnitTest>
    <UnitTest name="FluentValidation.Tests.AbstractValidatorTester.Should_throw_when_rule_is_null" storage="c:\users\michal\workspace\github\fluentvalidation\src\fluentvalidation.tests\bin\release\netcoreapp3.1\fluentvalidation.tests.dll" id="862e1fb5-6209-62e0-eb04-636ef0bb3785">
      <Execution id="373244e2-7554-45af-9c4d-1328227d37ae" />
      <TestMethod codeBase="C:\Users\Michal\Workspace\github\FluentValidation\src\FluentValidation.Tests\bin\Release\netcoreapp3.1\FluentValidation.Tests.dll" adapterTypeName="executor://xunit/VsTestRunner2" className="FluentValidation.Tests.AbstractValidatorTester" name="Should_throw_when_rule_is_null" />
    </UnitTest>
    <UnitTest name="FluentValidation.Tests.ForEachRuleTests.Correctly_gets_collection_indices_async" storage="c:\users\michal\workspace\github\fluentvalidation\src\fluentvalidation.tests\bin\release\netcoreapp3.1\fluentvalidation.tests.dll" id="3046c167-e64e-5d7a-850a-83bada0d1dfa">
      <Execution id="e63f93a5-8002-4c73-a522-eaf5fbc352f6" />
      <TestMethod codeBase="C:\Users\Michal\Workspace\github\FluentValidation\src\FluentValidation.Tests\bin\Release\netcoreapp3.1\FluentValidation.Tests.dll" adapterTypeName="executor://xunit/VsTestRunner2" className="FluentValidation.Tests.ForEachRuleTests" name="Correctly_gets_collection_indices_async" />
    </UnitTest>
    <UnitTest name="FluentValidation.Tests.ValidationResultTests.Should_be_valid_when_there_are_no_errors" storage="c:\users\michal\workspace\github\fluentvalidation\src\fluentvalidation.tests\bin\release\netcoreapp3.1\fluentvalidation.tests.dll" id="e9f58863-1919-48f1-4630-460ea3516716">
      <Execution id="51e9c610-d2de-4c6e-84b8-f77d422a1b5c" />
      <TestMethod codeBase="C:\Users\Michal\Workspace\github\FluentValidation\src\FluentValidation.Tests\bin\Release\netcoreapp3.1\FluentValidation.Tests.dll" adapterTypeName="executor://xunit/VsTestRunner2" className="FluentValidation.Tests.ValidationResultTests" name="Should_be_valid_when_there_are_no_errors" />
    </UnitTest>
    <UnitTest name="FluentValidation.Tests.InclusiveBetweenValidatorTests.Validates_with_nullable_when_property_not_null" storage="c:\users\michal\workspace\github\fluentvalidation\src\fluentvalidation.tests\bin\release\netcoreapp3.1\fluentvalidation.tests.dll" id="c1af1a4c-eba3-ae6e-cc4a-6b062cf349a8">
      <Execution id="db5cc8a7-88a7-4560-bdc1-f4da5ed975cf" />
      <TestMethod codeBase="C:\Users\Michal\Workspace\github\FluentValidation\src\FluentValidation.Tests\bin\Release\netcoreapp3.1\FluentValidation.Tests.dll" adapterTypeName="executor://xunit/VsTestRunner2" className="FluentValidation.Tests.InclusiveBetweenValidatorTests" name="Validates_with_nullable_when_property_not_null" />
    </UnitTest>
    <UnitTest name="FluentValidation.Tests.NullTester.Passes_when_nullable_value_type_is_null" storage="c:\users\michal\workspace\github\fluentvalidation\src\fluentvalidation.tests\bin\release\netcoreapp3.1\fluentvalidation.tests.dll" id="b6de1351-78a0-8b82-94dd-b1345d7a74aa">
      <Execution id="5dc9e9be-d411-4d98-be09-1a37cfd480f3" />
      <TestMethod codeBase="C:\Users\Michal\Workspace\github\FluentValidation\src\FluentValidation.Tests\bin\Release\netcoreapp3.1\FluentValidation.Tests.dll" adapterTypeName="executor://xunit/VsTestRunner2" className="FluentValidation.Tests.NullTester" name="Passes_when_nullable_value_type_is_null" />
    </UnitTest>
    <UnitTest name="FluentValidation.Tests.UserStateTester.Correctly_provides_object_being_validated" storage="c:\users\michal\workspace\github\fluentvalidation\src\fluentvalidation.tests\bin\release\netcoreapp3.1\fluentvalidation.tests.dll" id="8bfd446f-117a-be01-8bb9-1d945d787203">
      <Execution id="9ad11d01-ce2d-44fd-b0d5-ce68484510d9" />
      <TestMethod codeBase="C:\Users\Michal\Workspace\github\FluentValidation\src\FluentValidation.Tests\bin\Release\netcoreapp3.1\FluentValidation.Tests.dll" adapterTypeName="executor://xunit/VsTestRunner2" className="FluentValidation.Tests.UserStateTester" name="Correctly_provides_object_being_validated" />
    </UnitTest>
    <UnitTest name="FluentValidation.Tests.NotEqualValidatorTests.Validates_across_properties" storage="c:\users\michal\workspace\github\fluentvalidation\src\fluentvalidation.tests\bin\release\netcoreapp3.1\fluentvalidation.tests.dll" id="1eedc6e4-aaf2-af63-99ec-7c2196d41a67">
      <Execution id="c9c7e74f-f0e7-4249-b214-d0bc9576ab6d" />
      <TestMethod codeBase="C:\Users\Michal\Workspace\github\FluentValidation\src\FluentValidation.Tests\bin\Release\netcoreapp3.1\FluentValidation.Tests.dll" adapterTypeName="executor://xunit/VsTestRunner2" className="FluentValidation.Tests.NotEqualValidatorTests" name="Validates_across_properties" />
    </UnitTest>
    <UnitTest name="FluentValidation.Tests.ComplexValidationTester.Validates_child_validator_synchronously" storage="c:\users\michal\workspace\github\fluentvalidation\src\fluentvalidation.tests\bin\release\netcoreapp3.1\fluentvalidation.tests.dll" id="1da0f73e-0f3e-3ad9-bdc7-965bd6eb3db5">
      <Execution id="cbd1f64e-3b44-4f66-a7d2-8611e9836b1a" />
      <TestMethod codeBase="C:\Users\Michal\Workspace\github\FluentValidation\src\FluentValidation.Tests\bin\Release\netcoreapp3.1\FluentValidation.Tests.dll" adapterTypeName="executor://xunit/VsTestRunner2" className="FluentValidation.Tests.ComplexValidationTester" name="Validates_child_validator_synchronously" />
    </UnitTest>
    <UnitTest name="FluentValidation.Tests.LessThanOrEqualToValidatorTester.Should_succeed_when_less_than_input" storage="c:\users\michal\workspace\github\fluentvalidation\src\fluentvalidation.tests\bin\release\netcoreapp3.1\fluentvalidation.tests.dll" id="510de6fb-6da5-a40b-8aca-fa0e4a8d1092">
      <Execution id="4abc508c-6c9c-4150-8677-16f2bd76a5f4" />
      <TestMethod codeBase="C:\Users\Michal\Workspace\github\FluentValidation\src\FluentValidation.Tests\bin\Release\netcoreapp3.1\FluentValidation.Tests.dll" adapterTypeName="executor://xunit/VsTestRunner2" className="FluentValidation.Tests.LessThanOrEqualToValidatorTester" name="Should_succeed_when_less_than_input" />
    </UnitTest>
    <UnitTest name="FluentValidation.Tests.SharedConditionTests.Outer_async_Unless_clause_will_trump_an_inner_Unless_clause_when_inner_fails_but_the_outer_is_satisfied" storage="c:\users\michal\workspace\github\fluentvalidation\src\fluentvalidation.tests\bin\release\netcoreapp3.1\fluentvalidation.tests.dll" id="fe320f1a-1731-61a4-2c37-71aaa3bf74d8">
      <Execution id="838effe5-f1ae-4bb3-b359-bdfa3e866774" />
      <TestMethod codeBase="C:\Users\Michal\Workspace\github\FluentValidation\src\FluentValidation.Tests\bin\Release\netcoreapp3.1\FluentValidation.Tests.dll" adapterTypeName="executor://xunit/VsTestRunner2" className="FluentValidation.Tests.SharedConditionTests" name="Outer_async_Unless_clause_will_trump_an_inner_Unless_clause_when_inner_fails_but_the_outer_is_satisfied" />
    </UnitTest>
    <UnitTest name="FluentValidation.Tests.ValidateAndThrowTester.ToString_provides_error_details" storage="c:\users\michal\workspace\github\fluentvalidation\src\fluentvalidation.tests\bin\release\netcoreapp3.1\fluentvalidation.tests.dll" id="bfead68c-972a-3a9c-89da-dc22ce51e89a">
      <Execution id="f169927b-c1ba-4dd8-87f8-ecd2bab91b17" />
      <TestMethod codeBase="C:\Users\Michal\Workspace\github\FluentValidation\src\FluentValidation.Tests\bin\Release\netcoreapp3.1\FluentValidation.Tests.dll" adapterTypeName="executor://xunit/VsTestRunner2" className="FluentValidation.Tests.ValidateAndThrowTester" name="ToString_provides_error_details" />
    </UnitTest>
    <UnitTest name="FluentValidation.Tests.RegularExpressionValidatorTests.Can_access_expression_in_message" storage="c:\users\michal\workspace\github\fluentvalidation\src\fluentvalidation.tests\bin\release\netcoreapp3.1\fluentvalidation.tests.dll" id="4119dcec-703e-3f26-5982-a66a53fcdf3a">
      <Execution id="81e261a4-87b0-471f-b5ff-84cf66a84db1" />
      <TestMethod codeBase="C:\Users\Michal\Workspace\github\FluentValidation\src\FluentValidation.Tests\bin\Release\netcoreapp3.1\FluentValidation.Tests.dll" adapterTypeName="executor://xunit/VsTestRunner2" className="FluentValidation.Tests.RegularExpressionValidatorTests" name="Can_access_expression_in_message" />
    </UnitTest>
    <UnitTest name="FluentValidation.Tests.AbstractValidatorTester.CanValidateInstancesOfType_returns_true_when_comparing_against_same_type" storage="c:\users\michal\workspace\github\fluentvalidation\src\fluentvalidation.tests\bin\release\netcoreapp3.1\fluentvalidation.tests.dll" id="a4572c38-59c4-0892-72b3-73340f206bb6">
      <Execution id="c6b0715e-8baa-42c5-b512-e3398bfd8b16" />
      <TestMethod codeBase="C:\Users\Michal\Workspace\github\FluentValidation\src\FluentValidation.Tests\bin\Release\netcoreapp3.1\FluentValidation.Tests.dll" adapterTypeName="executor://xunit/VsTestRunner2" className="FluentValidation.Tests.AbstractValidatorTester" name="CanValidateInstancesOfType_returns_true_when_comparing_against_same_type" />
    </UnitTest>
    <UnitTest name="FluentValidation.Tests.AbstractValidatorTester.WithMessage_should_override_error_message" storage="c:\users\michal\workspace\github\fluentvalidation\src\fluentvalidation.tests\bin\release\netcoreapp3.1\fluentvalidation.tests.dll" id="edeaa055-890f-d9aa-ba4e-981d791ab331">
      <Execution id="fb94f078-6761-404a-a0ae-514f7828bfe2" />
      <TestMethod codeBase="C:\Users\Michal\Workspace\github\FluentValidation\src\FluentValidation.Tests\bin\Release\netcoreapp3.1\FluentValidation.Tests.dll" adapterTypeName="executor://xunit/VsTestRunner2" className="FluentValidation.Tests.AbstractValidatorTester" name="WithMessage_should_override_error_message" />
    </UnitTest>
    <UnitTest name="FluentValidation.Tests.ValidatorTesterTester.ShouldHaveValidationError_should_not_throw_when_there_are_validation_errors_ruleforeach" storage="c:\users\michal\workspace\github\fluentvalidation\src\fluentvalidation.tests\bin\release\netcoreapp3.1\fluentvalidation.tests.dll" id="415a6e80-1f0c-edf9-76aa-b3a1c1dbeb8c">
      <Execution id="72d9e6a3-9e0b-4137-89b0-9cc8b3d78e6d" />
      <TestMethod codeBase="C:\Users\Michal\Workspace\github\FluentValidation\src\FluentValidation.Tests\bin\Release\netcoreapp3.1\FluentValidation.Tests.dll" adapterTypeName="executor://xunit/VsTestRunner2" className="FluentValidation.Tests.ValidatorTesterTester" name="ShouldHaveValidationError_should_not_throw_when_there_are_validation_errors_ruleforeach" />
    </UnitTest>
    <UnitTest name="FluentValidation.Tests.DefaultValidatorExtensionTester.MustAsync_should_not_throw_InvalidCastException" storage="c:\users\michal\workspace\github\fluentvalidation\src\fluentvalidation.tests\bin\release\netcoreapp3.1\fluentvalidation.tests.dll" id="950df760-d4c5-c09b-58da-3df78de4d11b">
      <Execution id="c03dbf40-9df7-47ca-95a2-d74c95fc3a92" />
      <TestMethod codeBase="C:\Users\Michal\Workspace\github\FluentValidation\src\FluentValidation.Tests\bin\Release\netcoreapp3.1\FluentValidation.Tests.dll" adapterTypeName="executor://xunit/VsTestRunner2" className="FluentValidation.Tests.DefaultValidatorExtensionTester" name="MustAsync_should_not_throw_InvalidCastException" />
    </UnitTest>
    <UnitTest name="FluentValidation.Tests.ValidatorTesterTester.ShouldNotHaveValidationError_should_not_throw_when_there_are_no_errors" storage="c:\users\michal\workspace\github\fluentvalidation\src\fluentvalidation.tests\bin\release\netcoreapp3.1\fluentvalidation.tests.dll" id="baa4500c-e49d-dc91-6af1-7f703af79c38">
      <Execution id="9851f6bc-da79-435c-8732-4fb15a7081d2" />
      <TestMethod codeBase="C:\Users\Michal\Workspace\github\FluentValidation\src\FluentValidation.Tests\bin\Release\netcoreapp3.1\FluentValidation.Tests.dll" adapterTypeName="executor://xunit/VsTestRunner2" className="FluentValidation.Tests.ValidatorTesterTester" name="ShouldNotHaveValidationError_should_not_throw_when_there_are_no_errors" />
    </UnitTest>
    <UnitTest name="FluentValidation.Tests.CustomValidatorTester.Runs_async_rule_synchronously_when_validator_invoked_synchronously" storage="c:\users\michal\workspace\github\fluentvalidation\src\fluentvalidation.tests\bin\release\netcoreapp3.1\fluentvalidation.tests.dll" id="9eb45413-4df8-3cdd-a5e9-3fa8302212ec">
      <Execution id="77c88390-bcd4-4fb1-af0e-3a4ae785e750" />
      <TestMethod codeBase="C:\Users\Michal\Workspace\github\FluentValidation\src\FluentValidation.Tests\bin\Release\netcoreapp3.1\FluentValidation.Tests.dll" adapterTypeName="executor://xunit/VsTestRunner2" className="FluentValidation.Tests.CustomValidatorTester" name="Runs_async_rule_synchronously_when_validator_invoked_synchronously" />
    </UnitTest>
    <UnitTest name="FluentValidation.Tests.SharedConditionTests.Rules_invoke_when_inverse_shared_condition_matches" storage="c:\users\michal\workspace\github\fluentvalidation\src\fluentvalidation.tests\bin\release\netcoreapp3.1\fluentvalidation.tests.dll" id="b09e57a4-d62b-fd34-278b-a2bdc44f56f6">
      <Execution id="1daa4958-360b-49fb-b076-7922c214b48e" />
      <TestMethod codeBase="C:\Users\Michal\Workspace\github\FluentValidation\src\FluentValidation.Tests\bin\Release\netcoreapp3.1\FluentValidation.Tests.dll" adapterTypeName="executor://xunit/VsTestRunner2" className="FluentValidation.Tests.SharedConditionTests" name="Rules_invoke_when_inverse_shared_condition_matches" />
    </UnitTest>
    <UnitTest name="FluentValidation.Tests.LanguageManagerTests.Always_use_specific_language" storage="c:\users\michal\workspace\github\fluentvalidation\src\fluentvalidation.tests\bin\release\netcoreapp3.1\fluentvalidation.tests.dll" id="b764c088-4e2c-c0cc-ef3a-0f834a1e7729">
      <Execution id="3b25cf06-f9cb-4dd9-bc8f-15c211522b05" />
      <TestMethod codeBase="C:\Users\Michal\Workspace\github\FluentValidation\src\FluentValidation.Tests\bin\Release\netcoreapp3.1\FluentValidation.Tests.dll" adapterTypeName="executor://xunit/VsTestRunner2" className="FluentValidation.Tests.LanguageManagerTests" name="Always_use_specific_language" />
    </UnitTest>
    <UnitTest name="FluentValidation.Tests.LocalisedMessagesTester.Formats_string_with_placeholders" storage="c:\users\michal\workspace\github\fluentvalidation\src\fluentvalidation.tests\bin\release\netcoreapp3.1\fluentvalidation.tests.dll" id="67c0c2b1-c5da-1717-7ac9-178f089f0fd3">
      <Execution id="3b918cbb-dd55-46a4-8204-3880bfd3e2bb" />
      <TestMethod codeBase="C:\Users\Michal\Workspace\github\FluentValidation\src\FluentValidation.Tests\bin\Release\netcoreapp3.1\FluentValidation.Tests.dll" adapterTypeName="executor://xunit/VsTestRunner2" className="FluentValidation.Tests.LocalisedMessagesTester" name="Formats_string_with_placeholders" />
    </UnitTest>
    <UnitTest name="FluentValidation.Tests.EqualValidatorTests.Validates_against_property" storage="c:\users\michal\workspace\github\fluentvalidation\src\fluentvalidation.tests\bin\release\netcoreapp3.1\fluentvalidation.tests.dll" id="e21913f7-d710-fe60-39c5-ac15ab27979c">
      <Execution id="caca1c07-eaab-41e6-906c-0efb93437f2c" />
      <TestMethod codeBase="C:\Users\Michal\Workspace\github\FluentValidation\src\FluentValidation.Tests\bin\Release\netcoreapp3.1\FluentValidation.Tests.dll" adapterTypeName="executor://xunit/VsTestRunner2" className="FluentValidation.Tests.EqualValidatorTests" name="Validates_against_property" />
    </UnitTest>
    <UnitTest name="FluentValidation.Tests.ChainedValidationTester.Separate_validation_on_chained_property_valid" storage="c:\users\michal\workspace\github\fluentvalidation\src\fluentvalidation.tests\bin\release\netcoreapp3.1\fluentvalidation.tests.dll" id="5fad317f-20c6-3b85-41c8-38486d31ba4a">
      <Execution id="a319f65b-ebf0-4a9e-9364-a80b6bfc41eb" />
      <TestMethod codeBase="C:\Users\Michal\Workspace\github\FluentValidation\src\FluentValidation.Tests\bin\Release\netcoreapp3.1\FluentValidation.Tests.dll" adapterTypeName="executor://xunit/VsTestRunner2" className="FluentValidation.Tests.ChainedValidationTester" name="Separate_validation_on_chained_property_valid" />
    </UnitTest>
    <UnitTest name="FluentValidation.Tests.ValidatorSelectorTests.Does_not_validate_other_property_using_expression" storage="c:\users\michal\workspace\github\fluentvalidation\src\fluentvalidation.tests\bin\release\netcoreapp3.1\fluentvalidation.tests.dll" id="bdd627c3-999e-a828-fa9a-36b2512b083c">
      <Execution id="fae17933-3fba-4068-b0d1-0ed115f8bc60" />
      <TestMethod codeBase="C:\Users\Michal\Workspace\github\FluentValidation\src\FluentValidation.Tests\bin\Release\netcoreapp3.1\FluentValidation.Tests.dll" adapterTypeName="executor://xunit/VsTestRunner2" className="FluentValidation.Tests.ValidatorSelectorTests" name="Does_not_validate_other_property_using_expression" />
    </UnitTest>
    <UnitTest name="FluentValidation.Tests.NameResolutionPluggabilityTester.Uses_custom_property_name" storage="c:\users\michal\workspace\github\fluentvalidation\src\fluentvalidation.tests\bin\release\netcoreapp3.1\fluentvalidation.tests.dll" id="a54fdac9-7854-ae5f-307d-eb321ba60c11">
      <Execution id="a43f5516-42c4-40a6-9c47-dbf6742456df" />
      <TestMethod codeBase="C:\Users\Michal\Workspace\github\FluentValidation\src\FluentValidation.Tests\bin\Release\netcoreapp3.1\FluentValidation.Tests.dll" adapterTypeName="executor://xunit/VsTestRunner2" className="FluentValidation.Tests.NameResolutionPluggabilityTester" name="Uses_custom_property_name" />
    </UnitTest>
    <UnitTest name="FluentValidation.Tests.CascadingFailuresTester.Validation_continues_on_failure_when_set_to_StopOnFirstFailure_at_validator_level_and_overriden_at_rule_level_async" storage="c:\users\michal\workspace\github\fluentvalidation\src\fluentvalidation.tests\bin\release\netcoreapp3.1\fluentvalidation.tests.dll" id="b15922e8-0360-2586-b87d-44d5850faa16">
      <Execution id="c398cf71-107a-42cf-bf95-fe0385272db3" />
      <TestMethod codeBase="C:\Users\Michal\Workspace\github\FluentValidation\src\FluentValidation.Tests\bin\Release\netcoreapp3.1\FluentValidation.Tests.dll" adapterTypeName="executor://xunit/VsTestRunner2" className="FluentValidation.Tests.CascadingFailuresTester" name="Validation_continues_on_failure_when_set_to_StopOnFirstFailure_at_validator_level_and_overriden_at_rule_level_async" />
    </UnitTest>
    <UnitTest name="FluentValidation.Tests.InclusiveBetweenValidatorTests.When_the_value_is_exactly_the_size_of_the_upper_bound_then_the_validator_should_pass_for_strings" storage="c:\users\michal\workspace\github\fluentvalidation\src\fluentvalidation.tests\bin\release\netcoreapp3.1\fluentvalidation.tests.dll" id="268c7153-eac3-f311-556a-8f582b47bdf1">
      <Execution id="303196a7-73d6-4d07-9469-0cb123a17d15" />
      <TestMethod codeBase="C:\Users\Michal\Workspace\github\FluentValidation\src\FluentValidation.Tests\bin\Release\netcoreapp3.1\FluentValidation.Tests.dll" adapterTypeName="executor://xunit/VsTestRunner2" className="FluentValidation.Tests.InclusiveBetweenValidatorTests" name="When_the_value_is_exactly_the_size_of_the_upper_bound_then_the_validator_should_pass_for_strings" />
    </UnitTest>
    <UnitTest name="FluentValidation.Tests.RulesetTests.Executes_all_rules" storage="c:\users\michal\workspace\github\fluentvalidation\src\fluentvalidation.tests\bin\release\netcoreapp3.1\fluentvalidation.tests.dll" id="3a8d588d-6ce4-6dba-2741-92b08e1454fb">
      <Execution id="067fea97-83e4-4022-8003-540c9e083b51" />
      <TestMethod codeBase="C:\Users\Michal\Workspace\github\FluentValidation\src\FluentValidation.Tests\bin\Release\netcoreapp3.1\FluentValidation.Tests.dll" adapterTypeName="executor://xunit/VsTestRunner2" className="FluentValidation.Tests.RulesetTests" name="Executes_all_rules" />
    </UnitTest>
    <UnitTest name="FluentValidation.Tests.ExclusiveBetweenValidatorTests.When_the_value_is_between_the_range_specified_then_the_validator_should_pass" storage="c:\users\michal\workspace\github\fluentvalidation\src\fluentvalidation.tests\bin\release\netcoreapp3.1\fluentvalidation.tests.dll" id="bd747e67-c7ab-5838-35cd-ce74b835443f">
      <Execution id="b5c806fc-1409-4dfa-8628-fce893b70a7f" />
      <TestMethod codeBase="C:\Users\Michal\Workspace\github\FluentValidation\src\FluentValidation.Tests\bin\Release\netcoreapp3.1\FluentValidation.Tests.dll" adapterTypeName="executor://xunit/VsTestRunner2" className="FluentValidation.Tests.ExclusiveBetweenValidatorTests" name="When_the_value_is_between_the_range_specified_then_the_validator_should_pass" />
    </UnitTest>
    <UnitTest name="FluentValidation.Tests.ValidatorDescriptorTester.Returns_empty_collection_for_property_with_no_validators" storage="c:\users\michal\workspace\github\fluentvalidation\src\fluentvalidation.tests\bin\release\netcoreapp3.1\fluentvalidation.tests.dll" id="4134b078-34eb-e214-b830-937bce3c2348">
      <Execution id="e8125791-2172-47ac-8d5c-3f2605cfc7cf" />
      <TestMethod codeBase="C:\Users\Michal\Workspace\github\FluentValidation\src\FluentValidation.Tests\bin\Release\netcoreapp3.1\FluentValidation.Tests.dll" adapterTypeName="executor://xunit/VsTestRunner2" className="FluentValidation.Tests.ValidatorDescriptorTester" name="Returns_empty_collection_for_property_with_no_validators" />
    </UnitTest>
    <UnitTest name="FluentValidation.Tests.RuleBuilderTests.Should_throw_when_inverse_context_predicate_is_null" storage="c:\users\michal\workspace\github\fluentvalidation\src\fluentvalidation.tests\bin\release\netcoreapp3.1\fluentvalidation.tests.dll" id="463ec1ff-6588-57aa-ffd5-d403d766b3d0">
      <Execution id="e271c366-3ef5-4636-bc08-dd55e9843533" />
      <TestMethod codeBase="C:\Users\Michal\Workspace\github\FluentValidation\src\FluentValidation.Tests\bin\Release\netcoreapp3.1\FluentValidation.Tests.dll" adapterTypeName="executor://xunit/VsTestRunner2" className="FluentValidation.Tests.RuleBuilderTests" name="Should_throw_when_inverse_context_predicate_is_null" />
    </UnitTest>
    <UnitTest name="FluentValidation.Tests.SharedConditionTests.When_condition_executed_for_each_instance_of_RuleForEach_condition_should_not_be_cached" storage="c:\users\michal\workspace\github\fluentvalidation\src\fluentvalidation.tests\bin\release\netcoreapp3.1\fluentvalidation.tests.dll" id="4f471dce-0715-fd5c-9301-3109ccd5847d">
      <Execution id="b18d24fa-5f8a-4656-904d-5012c39b35ff" />
      <TestMethod codeBase="C:\Users\Michal\Workspace\github\FluentValidation\src\FluentValidation.Tests\bin\Release\netcoreapp3.1\FluentValidation.Tests.dll" adapterTypeName="executor://xunit/VsTestRunner2" className="FluentValidation.Tests.SharedConditionTests" name="When_condition_executed_for_each_instance_of_RuleForEach_condition_should_not_be_cached" />
    </UnitTest>
    <UnitTest name="FluentValidation.Tests.ChainedValidationTester.Should_allow_normal_rules_and_chained_property_on_same_property" storage="c:\users\michal\workspace\github\fluentvalidation\src\fluentvalidation.tests\bin\release\netcoreapp3.1\fluentvalidation.tests.dll" id="5a88a965-761d-1c99-f54d-956333169df4">
      <Execution id="6f0490a9-0501-4d8c-b727-0495e325b6a6" />
      <TestMethod codeBase="C:\Users\Michal\Workspace\github\FluentValidation\src\FluentValidation.Tests\bin\Release\netcoreapp3.1\FluentValidation.Tests.dll" adapterTypeName="executor://xunit/VsTestRunner2" className="FluentValidation.Tests.ChainedValidationTester" name="Should_allow_normal_rules_and_chained_property_on_same_property" />
    </UnitTest>
    <UnitTest name="FluentValidation.Tests.ForEachRuleTests.Async_condition_should_work_with_child_collection" storage="c:\users\michal\workspace\github\fluentvalidation\src\fluentvalidation.tests\bin\release\netcoreapp3.1\fluentvalidation.tests.dll" id="c27ddb6b-4498-2a9b-f011-dc955b71242a">
      <Execution id="ee05f70a-4972-42ef-9afc-f593f1392c8b" />
      <TestMethod codeBase="C:\Users\Michal\Workspace\github\FluentValidation\src\FluentValidation.Tests\bin\Release\netcoreapp3.1\FluentValidation.Tests.dll" adapterTypeName="executor://xunit/VsTestRunner2" className="FluentValidation.Tests.ForEachRuleTests" name="Async_condition_should_work_with_child_collection" />
    </UnitTest>
    <UnitTest name="FluentValidation.Tests.GreaterThanValidatorTester.Validates_nullable_with_nullable_property" storage="c:\users\michal\workspace\github\fluentvalidation\src\fluentvalidation.tests\bin\release\netcoreapp3.1\fluentvalidation.tests.dll" id="f9c7fb98-f128-a7cc-27ed-83f7368677f5">
      <Execution id="d689bba8-499c-4702-b452-f0ae30f5a38d" />
      <TestMethod codeBase="C:\Users\Michal\Workspace\github\FluentValidation\src\FluentValidation.Tests\bin\Release\netcoreapp3.1\FluentValidation.Tests.dll" adapterTypeName="executor://xunit/VsTestRunner2" className="FluentValidation.Tests.GreaterThanValidatorTester" name="Validates_nullable_with_nullable_property" />
    </UnitTest>
    <UnitTest name="FluentValidation.Tests.CascadingFailuresTester.Validation_continues_on_failure_when_set_to_Stop_globally_and_overriden_at_rule_level_async_legacy" storage="c:\users\michal\workspace\github\fluentvalidation\src\fluentvalidation.tests\bin\release\netcoreapp3.1\fluentvalidation.tests.dll" id="cc2cc25d-eeb1-fcf8-3bf7-6d3afee40318">
      <Execution id="5e16f30b-d3e3-488f-ab47-1a28c7fc5b42" />
      <TestMethod codeBase="C:\Users\Michal\Workspace\github\FluentValidation\src\FluentValidation.Tests\bin\Release\netcoreapp3.1\FluentValidation.Tests.dll" adapterTypeName="executor://xunit/VsTestRunner2" className="FluentValidation.Tests.CascadingFailuresTester" name="Validation_continues_on_failure_when_set_to_Stop_globally_and_overriden_at_rule_level_async_legacy" />
    </UnitTest>
    <UnitTest name="FluentValidation.Tests.ConditionTests.Validation_should_fail_when_async_condition_does_not_match" storage="c:\users\michal\workspace\github\fluentvalidation\src\fluentvalidation.tests\bin\release\netcoreapp3.1\fluentvalidation.tests.dll" id="a62cebdf-b172-07cc-6b70-ab3ddc87ea74">
      <Execution id="8a080a89-daf0-40b5-a316-d72fcbc2adcd" />
      <TestMethod codeBase="C:\Users\Michal\Workspace\github\FluentValidation\src\FluentValidation.Tests\bin\Release\netcoreapp3.1\FluentValidation.Tests.dll" adapterTypeName="executor://xunit/VsTestRunner2" className="FluentValidation.Tests.ConditionTests" name="Validation_should_fail_when_async_condition_does_not_match" />
    </UnitTest>
    <UnitTest name="FluentValidation.Tests.AccessorCacheTests.Gets_member_for_nested_property" storage="c:\users\michal\workspace\github\fluentvalidation\src\fluentvalidation.tests\bin\release\netcoreapp3.1\fluentvalidation.tests.dll" id="24022f9d-df2e-fec6-d4a4-357c4318b408">
      <Execution id="98728a8e-0eb5-4540-a098-e4c5a66bbf8f" />
      <TestMethod codeBase="C:\Users\Michal\Workspace\github\FluentValidation\src\FluentValidation.Tests\bin\Release\netcoreapp3.1\FluentValidation.Tests.dll" adapterTypeName="executor://xunit/VsTestRunner2" className="FluentValidation.Tests.AccessorCacheTests" name="Gets_member_for_nested_property" />
    </UnitTest>
    <UnitTest name="FluentValidation.Tests.GreaterThanValidatorTester.Should_fail_when_less_than_input" storage="c:\users\michal\workspace\github\fluentvalidation\src\fluentvalidation.tests\bin\release\netcoreapp3.1\fluentvalidation.tests.dll" id="43c48bd9-dd66-733a-dc88-0a6a72347416">
      <Execution id="800310e6-a756-44c4-9d42-ae5ab1785bd0" />
      <TestMethod codeBase="C:\Users\Michal\Workspace\github\FluentValidation\src\FluentValidation.Tests\bin\Release\netcoreapp3.1\FluentValidation.Tests.dll" adapterTypeName="executor://xunit/VsTestRunner2" className="FluentValidation.Tests.GreaterThanValidatorTester" name="Should_fail_when_less_than_input" />
    </UnitTest>
    <UnitTest name="FluentValidation.Tests.LengthValidatorTests.When_the_text_is_smaller_than_the_range_then_the_validator_should_fail" storage="c:\users\michal\workspace\github\fluentvalidation\src\fluentvalidation.tests\bin\release\netcoreapp3.1\fluentvalidation.tests.dll" id="46e77e83-66b5-ff6c-1361-4e75c8334be0">
      <Execution id="cf1ee866-b321-4cd9-9384-fddfb5b0168b" />
      <TestMethod codeBase="C:\Users\Michal\Workspace\github\FluentValidation\src\FluentValidation.Tests\bin\Release\netcoreapp3.1\FluentValidation.Tests.dll" adapterTypeName="executor://xunit/VsTestRunner2" className="FluentValidation.Tests.LengthValidatorTests" name="When_the_text_is_smaller_than_the_range_then_the_validator_should_fail" />
    </UnitTest>
    <UnitTest name="FluentValidation.Tests.CascadingFailuresTester.Validation_continues_to_second_validator_when_first_validator_succeeds_and_cascade_set_to_stop_async" storage="c:\users\michal\workspace\github\fluentvalidation\src\fluentvalidation.tests\bin\release\netcoreapp3.1\fluentvalidation.tests.dll" id="d568960a-4eb2-2afc-abd7-471f717372de">
      <Execution id="fa69d280-e80a-4a01-9192-8f2b7a24fa7f" />
      <TestMethod codeBase="C:\Users\Michal\Workspace\github\FluentValidation\src\FluentValidation.Tests\bin\Release\netcoreapp3.1\FluentValidation.Tests.dll" adapterTypeName="executor://xunit/VsTestRunner2" className="FluentValidation.Tests.CascadingFailuresTester" name="Validation_continues_to_second_validator_when_first_validator_succeeds_and_cascade_set_to_stop_async" />
    </UnitTest>
    <UnitTest name="FluentValidation.Tests.LanguageManagerTests.Always_use_specific_language_with_string_source" storage="c:\users\michal\workspace\github\fluentvalidation\src\fluentvalidation.tests\bin\release\netcoreapp3.1\fluentvalidation.tests.dll" id="c3eb2c3c-9c5e-d4dc-6bf0-31469ba6022b">
      <Execution id="d857e3f4-fbe2-4ca2-a624-348bf6b22b0f" />
      <TestMethod codeBase="C:\Users\Michal\Workspace\github\FluentValidation\src\FluentValidation.Tests\bin\Release\netcoreapp3.1\FluentValidation.Tests.dll" adapterTypeName="executor://xunit/VsTestRunner2" className="FluentValidation.Tests.LanguageManagerTests" name="Always_use_specific_language_with_string_source" />
    </UnitTest>
    <UnitTest name="FluentValidation.Tests.GreaterThanOrEqualToValidatorTester.Validates_nullable_with_nullable_property" storage="c:\users\michal\workspace\github\fluentvalidation\src\fluentvalidation.tests\bin\release\netcoreapp3.1\fluentvalidation.tests.dll" id="0f6a221e-6f08-c592-444c-127cee5f027f">
      <Execution id="4b5dea27-e09d-4806-933e-816e8c902dca" />
      <TestMethod codeBase="C:\Users\Michal\Workspace\github\FluentValidation\src\FluentValidation.Tests\bin\Release\netcoreapp3.1\FluentValidation.Tests.dll" adapterTypeName="executor://xunit/VsTestRunner2" className="FluentValidation.Tests.GreaterThanOrEqualToValidatorTester" name="Validates_nullable_with_nullable_property" />
    </UnitTest>
    <UnitTest name="FluentValidation.Tests.InheritanceValidatorTest.Validates_inheritance_hierarchy" storage="c:\users\michal\workspace\github\fluentvalidation\src\fluentvalidation.tests\bin\release\netcoreapp3.1\fluentvalidation.tests.dll" id="bf5c3123-fdb7-7b14-c0ad-5664e4e6f859">
      <Execution id="8001dce0-ad10-4036-a970-1881c9081d67" />
      <TestMethod codeBase="C:\Users\Michal\Workspace\github\FluentValidation\src\FluentValidation.Tests\bin\Release\netcoreapp3.1\FluentValidation.Tests.dll" adapterTypeName="executor://xunit/VsTestRunner2" className="FluentValidation.Tests.InheritanceValidatorTest" name="Validates_inheritance_hierarchy" />
    </UnitTest>
    <UnitTest name="FluentValidation.Tests.RuleDependencyTests.Nested_dependent_rules_inside_ruleset_no_result_when_top_level_fails" storage="c:\users\michal\workspace\github\fluentvalidation\src\fluentvalidation.tests\bin\release\netcoreapp3.1\fluentvalidation.tests.dll" id="c69b3ce9-8580-7ba6-9bc3-277cb398ee81">
      <Execution id="a43587ea-9937-42c5-a99d-c6ac550420d0" />
      <TestMethod codeBase="C:\Users\Michal\Workspace\github\FluentValidation\src\FluentValidation.Tests\bin\Release\netcoreapp3.1\FluentValidation.Tests.dll" adapterTypeName="executor://xunit/VsTestRunner2" className="FluentValidation.Tests.RuleDependencyTests" name="Nested_dependent_rules_inside_ruleset_no_result_when_top_level_fails" />
    </UnitTest>
    <UnitTest name="FluentValidation.Tests.CollectionValidatorWithParentTests.Can_validate_collection_using_validator_for_base_type" storage="c:\users\michal\workspace\github\fluentvalidation\src\fluentvalidation.tests\bin\release\netcoreapp3.1\fluentvalidation.tests.dll" id="c9417a0c-3ef6-07e7-4ac7-19f225c793a0">
      <Execution id="f07a8410-fa8a-48ef-9001-b1bbee45e82d" />
      <TestMethod codeBase="C:\Users\Michal\Workspace\github\FluentValidation\src\FluentValidation.Tests\bin\Release\netcoreapp3.1\FluentValidation.Tests.dll" adapterTypeName="executor://xunit/VsTestRunner2" className="FluentValidation.Tests.CollectionValidatorWithParentTests" name="Can_validate_collection_using_validator_for_base_type" />
    </UnitTest>
    <UnitTest name="FluentValidation.Tests.InclusiveBetweenValidatorTests.When_the_value_is_exactly_the_size_of_the_lower_bound_then_the_validator_should_pass" storage="c:\users\michal\workspace\github\fluentvalidation\src\fluentvalidation.tests\bin\release\netcoreapp3.1\fluentvalidation.tests.dll" id="a1df2b4e-d94f-8c71-c9a7-c2d7076d035a">
      <Execution id="93d06563-6376-4f40-b4dc-ed8fe58ef94b" />
      <TestMethod codeBase="C:\Users\Michal\Workspace\github\FluentValidation\src\FluentValidation.Tests\bin\Release\netcoreapp3.1\FluentValidation.Tests.dll" adapterTypeName="executor://xunit/VsTestRunner2" className="FluentValidation.Tests.InclusiveBetweenValidatorTests" name="When_the_value_is_exactly_the_size_of_the_lower_bound_then_the_validator_should_pass" />
    </UnitTest>
    <UnitTest name="FluentValidation.Tests.RulesetTests.Executes_rules_in_specified_ruleset" storage="c:\users\michal\workspace\github\fluentvalidation\src\fluentvalidation.tests\bin\release\netcoreapp3.1\fluentvalidation.tests.dll" id="3ee85e2f-dfff-7c36-28a6-34dcd28df7e8">
      <Execution id="03875279-4e20-421a-b768-40f541a280d8" />
      <TestMethod codeBase="C:\Users\Michal\Workspace\github\FluentValidation\src\FluentValidation.Tests\bin\Release\netcoreapp3.1\FluentValidation.Tests.dll" adapterTypeName="executor://xunit/VsTestRunner2" className="FluentValidation.Tests.RulesetTests" name="Executes_rules_in_specified_ruleset" />
    </UnitTest>
    <UnitTest name="FluentValidation.Tests.GreaterThanValidatorTester.Should_fail_when_equal_to_input" storage="c:\users\michal\workspace\github\fluentvalidation\src\fluentvalidation.tests\bin\release\netcoreapp3.1\fluentvalidation.tests.dll" id="bada32fc-ff26-e5dc-a8e5-ed52b632ea07">
      <Execution id="69df9081-07fc-4291-bf8c-7271ec1ab6ff" />
      <TestMethod codeBase="C:\Users\Michal\Workspace\github\FluentValidation\src\FluentValidation.Tests\bin\Release\netcoreapp3.1\FluentValidation.Tests.dll" adapterTypeName="executor://xunit/VsTestRunner2" className="FluentValidation.Tests.GreaterThanValidatorTester" name="Should_fail_when_equal_to_input" />
    </UnitTest>
    <UnitTest name="FluentValidation.Tests.ForEachRuleTests.Can_validate_collection_using_validator_for_base_type" storage="c:\users\michal\workspace\github\fluentvalidation\src\fluentvalidation.tests\bin\release\netcoreapp3.1\fluentvalidation.tests.dll" id="7aa3b764-34cb-20b4-ab30-d928abc37fb5">
      <Execution id="f95070c1-b00b-4548-8b1c-d866827b15b0" />
      <TestMethod codeBase="C:\Users\Michal\Workspace\github\FluentValidation\src\FluentValidation.Tests\bin\Release\netcoreapp3.1\FluentValidation.Tests.dll" adapterTypeName="executor://xunit/VsTestRunner2" className="FluentValidation.Tests.ForEachRuleTests" name="Can_validate_collection_using_validator_for_base_type" />
    </UnitTest>
    <UnitTest name="FluentValidation.Tests.ValidatorTesterTester.ShouldNotHaveValidationError_should_have_validation_error_details_when_thrown_ruleforeach" storage="c:\users\michal\workspace\github\fluentvalidation\src\fluentvalidation.tests\bin\release\netcoreapp3.1\fluentvalidation.tests.dll" id="c31d0bad-64d3-b0a7-fa21-aae346ee870e">
      <Execution id="5d0cf822-96d8-429d-8966-3751946e9950" />
      <TestMethod codeBase="C:\Users\Michal\Workspace\github\FluentValidation\src\FluentValidation.Tests\bin\Release\netcoreapp3.1\FluentValidation.Tests.dll" adapterTypeName="executor://xunit/VsTestRunner2" className="FluentValidation.Tests.ValidatorTesterTester" name="ShouldNotHaveValidationError_should_have_validation_error_details_when_thrown_ruleforeach" />
    </UnitTest>
    <UnitTest name="FluentValidation.Tests.AbstractValidatorTester.WhenPreValidationReturnsFalse_ResultReturnToUserImmediatly_ValidateAsync" storage="c:\users\michal\workspace\github\fluentvalidation\src\fluentvalidation.tests\bin\release\netcoreapp3.1\fluentvalidation.tests.dll" id="203e1b45-ed61-83e5-f6c7-00d8c841114f">
      <Execution id="cc8003ee-82b2-47b1-8b32-fbc5874d4069" />
      <TestMethod codeBase="C:\Users\Michal\Workspace\github\FluentValidation\src\FluentValidation.Tests\bin\Release\netcoreapp3.1\FluentValidation.Tests.dll" adapterTypeName="executor://xunit/VsTestRunner2" className="FluentValidation.Tests.AbstractValidatorTester" name="WhenPreValidationReturnsFalse_ResultReturnToUserImmediatly_ValidateAsync" />
    </UnitTest>
    <UnitTest name="FluentValidation.Tests.RulesetTests.Includes_combination_of_rulesets_async" storage="c:\users\michal\workspace\github\fluentvalidation\src\fluentvalidation.tests\bin\release\netcoreapp3.1\fluentvalidation.tests.dll" id="73bc966f-fd3e-11b7-502c-7d0e95dee784">
      <Execution id="f0a04f16-8cc6-4d35-a145-e28cb21d255e" />
      <TestMethod codeBase="C:\Users\Michal\Workspace\github\FluentValidation\src\FluentValidation.Tests\bin\Release\netcoreapp3.1\FluentValidation.Tests.dll" adapterTypeName="executor://xunit/VsTestRunner2" className="FluentValidation.Tests.RulesetTests" name="Includes_combination_of_rulesets_async" />
    </UnitTest>
    <UnitTest name="FluentValidation.Tests.RuleDependencyTests.Nested_dependent_rules" storage="c:\users\michal\workspace\github\fluentvalidation\src\fluentvalidation.tests\bin\release\netcoreapp3.1\fluentvalidation.tests.dll" id="ff15c5ea-3be3-727a-adc9-7b009bf7b618">
      <Execution id="7ef22e20-9989-4a44-b93a-05a8339a4fdd" />
      <TestMethod codeBase="C:\Users\Michal\Workspace\github\FluentValidation\src\FluentValidation.Tests\bin\Release\netcoreapp3.1\FluentValidation.Tests.dll" adapterTypeName="executor://xunit/VsTestRunner2" className="FluentValidation.Tests.RuleDependencyTests" name="Nested_dependent_rules" />
    </UnitTest>
    <UnitTest name="FluentValidation.Tests.RegularExpressionValidatorTests.Uses_lazily_loaded_expression" storage="c:\users\michal\workspace\github\fluentvalidation\src\fluentvalidation.tests\bin\release\netcoreapp3.1\fluentvalidation.tests.dll" id="550b07a3-3a4a-9631-63d7-894e1b945977">
      <Execution id="4d720630-259d-44bf-a541-b3806338208b" />
      <TestMethod codeBase="C:\Users\Michal\Workspace\github\FluentValidation\src\FluentValidation.Tests\bin\Release\netcoreapp3.1\FluentValidation.Tests.dll" adapterTypeName="executor://xunit/VsTestRunner2" className="FluentValidation.Tests.RegularExpressionValidatorTests" name="Uses_lazily_loaded_expression" />
    </UnitTest>
    <UnitTest name="FluentValidation.Tests.ForEachRuleTests.Collection_should_be_excluded" storage="c:\users\michal\workspace\github\fluentvalidation\src\fluentvalidation.tests\bin\release\netcoreapp3.1\fluentvalidation.tests.dll" id="76388427-6b45-5e9f-b3b3-2b3f6ed286b0">
      <Execution id="880194e9-0b93-4232-941f-86e1db25634e" />
      <TestMethod codeBase="C:\Users\Michal\Workspace\github\FluentValidation\src\FluentValidation.Tests\bin\Release\netcoreapp3.1\FluentValidation.Tests.dll" adapterTypeName="executor://xunit/VsTestRunner2" className="FluentValidation.Tests.ForEachRuleTests" name="Collection_should_be_excluded" />
    </UnitTest>
    <UnitTest name="FluentValidation.Tests.AbstractValidatorTester.WhenPreValidationReturnsTrue_ValidatorsGetHit_ValidateAsync" storage="c:\users\michal\workspace\github\fluentvalidation\src\fluentvalidation.tests\bin\release\netcoreapp3.1\fluentvalidation.tests.dll" id="7c2b0f13-7738-29e7-cc18-da3d4d2d665f">
      <Execution id="c48403c3-a267-4f83-a8a5-bfe8a6834385" />
      <TestMethod codeBase="C:\Users\Michal\Workspace\github\FluentValidation\src\FluentValidation.Tests\bin\Release\netcoreapp3.1\FluentValidation.Tests.dll" adapterTypeName="executor://xunit/VsTestRunner2" className="FluentValidation.Tests.AbstractValidatorTester" name="WhenPreValidationReturnsTrue_ValidatorsGetHit_ValidateAsync" />
    </UnitTest>
    <UnitTest name="FluentValidation.Tests.RuleBuilderTests.Should_throw_if_property_name_is_null" storage="c:\users\michal\workspace\github\fluentvalidation\src\fluentvalidation.tests\bin\release\netcoreapp3.1\fluentvalidation.tests.dll" id="432c4af3-63d2-9ce7-f977-cbc5477fc76e">
      <Execution id="74cab947-019c-4bf0-b0b3-f2a0a49e2155" />
      <TestMethod codeBase="C:\Users\Michal\Workspace\github\FluentValidation\src\FluentValidation.Tests\bin\Release\netcoreapp3.1\FluentValidation.Tests.dll" adapterTypeName="executor://xunit/VsTestRunner2" className="FluentValidation.Tests.RuleBuilderTests" name="Should_throw_if_property_name_is_null" />
    </UnitTest>
    <UnitTest name="FluentValidation.Tests.ValidatorTesterTester.ShouldHaveValidationError_Should_support_nested_properties" storage="c:\users\michal\workspace\github\fluentvalidation\src\fluentvalidation.tests\bin\release\netcoreapp3.1\fluentvalidation.tests.dll" id="a31e6c69-3c26-ff9c-5195-6c881b5340d1">
      <Execution id="45d7cc3a-0140-4011-a441-22d6457b9446" />
      <TestMethod codeBase="C:\Users\Michal\Workspace\github\FluentValidation\src\FluentValidation.Tests\bin\Release\netcoreapp3.1\FluentValidation.Tests.dll" adapterTypeName="executor://xunit/VsTestRunner2" className="FluentValidation.Tests.ValidatorTesterTester" name="ShouldHaveValidationError_Should_support_nested_properties" />
    </UnitTest>
    <UnitTest name="FluentValidation.Tests.EmptyTester.When_value_is_whitespace_validation_should_pass" storage="c:\users\michal\workspace\github\fluentvalidation\src\fluentvalidation.tests\bin\release\netcoreapp3.1\fluentvalidation.tests.dll" id="118a707b-3031-ffd0-a638-39b029400449">
      <Execution id="1deb3721-c9c7-4e71-b963-d118b66a652f" />
      <TestMethod codeBase="C:\Users\Michal\Workspace\github\FluentValidation\src\FluentValidation.Tests\bin\Release\netcoreapp3.1\FluentValidation.Tests.dll" adapterTypeName="executor://xunit/VsTestRunner2" className="FluentValidation.Tests.EmptyTester" name="When_value_is_whitespace_validation_should_pass" />
    </UnitTest>
    <UnitTest name="FluentValidation.Tests.DefaultValidatorExtensionTester.GreaterThanOrEqual_should_create_GreaterThanOrEqualValidator_with_explicit_value" storage="c:\users\michal\workspace\github\fluentvalidation\src\fluentvalidation.tests\bin\release\netcoreapp3.1\fluentvalidation.tests.dll" id="88e9eb76-8e45-f368-0ffc-37091c9b9e8e">
      <Execution id="cb154f7a-6280-4c1e-b098-f42a5297c79e" />
      <TestMethod codeBase="C:\Users\Michal\Workspace\github\FluentValidation\src\FluentValidation.Tests\bin\Release\netcoreapp3.1\FluentValidation.Tests.dll" adapterTypeName="executor://xunit/VsTestRunner2" className="FluentValidation.Tests.DefaultValidatorExtensionTester" name="GreaterThanOrEqual_should_create_GreaterThanOrEqualValidator_with_explicit_value" />
    </UnitTest>
    <UnitTest name="FluentValidation.Tests.RuleDependencyTests.Does_not_invoke_dependent_rule_if_parent_rule_does_not_pass" storage="c:\users\michal\workspace\github\fluentvalidation\src\fluentvalidation.tests\bin\release\netcoreapp3.1\fluentvalidation.tests.dll" id="cb17a992-f319-0dd1-89a7-3eb81c283bd8">
      <Execution id="45a041a1-10bd-4c79-aaf7-8b9ea8ca7d53" />
      <TestMethod codeBase="C:\Users\Michal\Workspace\github\FluentValidation\src\FluentValidation.Tests\bin\Release\netcoreapp3.1\FluentValidation.Tests.dll" adapterTypeName="executor://xunit/VsTestRunner2" className="FluentValidation.Tests.RuleDependencyTests" name="Does_not_invoke_dependent_rule_if_parent_rule_does_not_pass" />
    </UnitTest>
    <UnitTest name="FluentValidation.Tests.ValidatorTesterTester.Expected_message_argument_check" storage="c:\users\michal\workspace\github\fluentvalidation\src\fluentvalidation.tests\bin\release\netcoreapp3.1\fluentvalidation.tests.dll" id="1ea95406-0526-3d73-1270-14672e58dfd0">
      <Execution id="e5a3fbec-f1ec-448b-95db-07562b346a95" />
      <TestMethod codeBase="C:\Users\Michal\Workspace\github\FluentValidation\src\FluentValidation.Tests\bin\Release\netcoreapp3.1\FluentValidation.Tests.dll" adapterTypeName="executor://xunit/VsTestRunner2" className="FluentValidation.Tests.ValidatorTesterTester" name="Expected_message_argument_check" />
    </UnitTest>
    <UnitTest name="FluentValidation.Tests.ConditionTests.Validation_should_succeed_when_condition_does_not_match" storage="c:\users\michal\workspace\github\fluentvalidation\src\fluentvalidation.tests\bin\release\netcoreapp3.1\fluentvalidation.tests.dll" id="3176b8b7-7084-a8b5-9d46-a186fce7352a">
      <Execution id="b275ffc7-cbb4-4e95-bdc6-d23f6c8fff62" />
      <TestMethod codeBase="C:\Users\Michal\Workspace\github\FluentValidation\src\FluentValidation.Tests\bin\Release\netcoreapp3.1\FluentValidation.Tests.dll" adapterTypeName="executor://xunit/VsTestRunner2" className="FluentValidation.Tests.ConditionTests" name="Validation_should_succeed_when_condition_does_not_match" />
    </UnitTest>
    <UnitTest name="FluentValidation.Tests.DefaultValidatorExtensionTester.ScalePrecision_should_create_ScalePrecisionValidator_with_ignore_trailing_zeros" storage="c:\users\michal\workspace\github\fluentvalidation\src\fluentvalidation.tests\bin\release\netcoreapp3.1\fluentvalidation.tests.dll" id="b300a82d-eb2a-e74a-a386-23be78b16036">
      <Execution id="710833e2-b538-49ae-a533-914d96c41031" />
      <TestMethod codeBase="C:\Users\Michal\Workspace\github\FluentValidation\src\FluentValidation.Tests\bin\Release\netcoreapp3.1\FluentValidation.Tests.dll" adapterTypeName="executor://xunit/VsTestRunner2" className="FluentValidation.Tests.DefaultValidatorExtensionTester" name="ScalePrecision_should_create_ScalePrecisionValidator_with_ignore_trailing_zeros" />
    </UnitTest>
    <UnitTest name="FluentValidation.Tests.RegularExpressionValidatorTests.Can_access_expression_in_message_lambda_regex" storage="c:\users\michal\workspace\github\fluentvalidation\src\fluentvalidation.tests\bin\release\netcoreapp3.1\fluentvalidation.tests.dll" id="8ca2fe7c-3f33-a2fb-6ca0-e4d433663919">
      <Execution id="731c8418-3718-4fe3-849a-7955b297f6e3" />
      <TestMethod codeBase="C:\Users\Michal\Workspace\github\FluentValidation\src\FluentValidation.Tests\bin\Release\netcoreapp3.1\FluentValidation.Tests.dll" adapterTypeName="executor://xunit/VsTestRunner2" className="FluentValidation.Tests.RegularExpressionValidatorTests" name="Can_access_expression_in_message_lambda_regex" />
    </UnitTest>
    <UnitTest name="FluentValidation.Tests.LengthValidatorTests.When_the_minlength_validator_fails_the_error_message_should_be_set" storage="c:\users\michal\workspace\github\fluentvalidation\src\fluentvalidation.tests\bin\release\netcoreapp3.1\fluentvalidation.tests.dll" id="57b34f55-4c21-ff1e-befc-e27fe83a6017">
      <Execution id="6ef93e23-385e-4766-affe-8de0a4d9206b" />
      <TestMethod codeBase="C:\Users\Michal\Workspace\github\FluentValidation\src\FluentValidation.Tests\bin\Release\netcoreapp3.1\FluentValidation.Tests.dll" adapterTypeName="executor://xunit/VsTestRunner2" className="FluentValidation.Tests.LengthValidatorTests" name="When_the_minlength_validator_fails_the_error_message_should_be_set" />
    </UnitTest>
    <UnitTest name="FluentValidation.Tests.ValidatorSelectorTests.MemberNameValidatorSelector_returns_true_when_property_name_matches" storage="c:\users\michal\workspace\github\fluentvalidation\src\fluentvalidation.tests\bin\release\netcoreapp3.1\fluentvalidation.tests.dll" id="57ef4a63-b884-a238-58fb-a4cca3cf9b1b">
      <Execution id="3b140b48-5f9b-46c2-bc5e-f9ec868132ed" />
      <TestMethod codeBase="C:\Users\Michal\Workspace\github\FluentValidation\src\FluentValidation.Tests\bin\Release\netcoreapp3.1\FluentValidation.Tests.dll" adapterTypeName="executor://xunit/VsTestRunner2" className="FluentValidation.Tests.ValidatorSelectorTests" name="MemberNameValidatorSelector_returns_true_when_property_name_matches" />
    </UnitTest>
    <UnitTest name="FluentValidation.Tests.ChildRulesTests.Can_define_nested_rules_for_collection" storage="c:\users\michal\workspace\github\fluentvalidation\src\fluentvalidation.tests\bin\release\netcoreapp3.1\fluentvalidation.tests.dll" id="9641c3dc-b308-0b6e-52d2-b75a94b1dfff">
      <Execution id="3d983ded-17b9-4ff5-9e39-fa489f32b1a2" />
      <TestMethod codeBase="C:\Users\Michal\Workspace\github\FluentValidation\src\FluentValidation.Tests\bin\Release\netcoreapp3.1\FluentValidation.Tests.dll" adapterTypeName="executor://xunit/VsTestRunner2" className="FluentValidation.Tests.ChildRulesTests" name="Can_define_nested_rules_for_collection" />
    </UnitTest>
    <UnitTest name="FluentValidation.Tests.ConditionTests.Async_condition_executed_synchronosuly_with_synchronous_role" storage="c:\users\michal\workspace\github\fluentvalidation\src\fluentvalidation.tests\bin\release\netcoreapp3.1\fluentvalidation.tests.dll" id="1ccd26b5-388b-831c-b808-c340f85b8665">
      <Execution id="c5616f62-fd11-4321-ba12-ee84cc0fe72f" />
      <TestMethod codeBase="C:\Users\Michal\Workspace\github\FluentValidation\src\FluentValidation.Tests\bin\Release\netcoreapp3.1\FluentValidation.Tests.dll" adapterTypeName="executor://xunit/VsTestRunner2" className="FluentValidation.Tests.ConditionTests" name="Async_condition_executed_synchronosuly_with_synchronous_role" />
    </UnitTest>
    <UnitTest name="FluentValidation.Tests.RuleBuilderTests.Should_throw_if_overriding_validator_provider_is_null" storage="c:\users\michal\workspace\github\fluentvalidation\src\fluentvalidation.tests\bin\release\netcoreapp3.1\fluentvalidation.tests.dll" id="a91ba088-f792-eafc-fe0b-17466a21431f">
      <Execution id="5b8e0598-726f-48e1-b164-b3cfd9654978" />
      <TestMethod codeBase="C:\Users\Michal\Workspace\github\FluentValidation\src\FluentValidation.Tests\bin\Release\netcoreapp3.1\FluentValidation.Tests.dll" adapterTypeName="executor://xunit/VsTestRunner2" className="FluentValidation.Tests.RuleBuilderTests" name="Should_throw_if_overriding_validator_provider_is_null" />
    </UnitTest>
    <UnitTest name="FluentValidation.Tests.CascadingFailuresTester.Validation_stops_on_failure_when_set_to_Continue_and_overriden_at_rule_level_async" storage="c:\users\michal\workspace\github\fluentvalidation\src\fluentvalidation.tests\bin\release\netcoreapp3.1\fluentvalidation.tests.dll" id="582f1eb1-b3c0-a4ac-15fa-42ecc15946b2">
      <Execution id="19bfbf0e-beb5-43d8-9f28-0a2229ec6b77" />
      <TestMethod codeBase="C:\Users\Michal\Workspace\github\FluentValidation\src\FluentValidation.Tests\bin\Release\netcoreapp3.1\FluentValidation.Tests.dll" adapterTypeName="executor://xunit/VsTestRunner2" className="FluentValidation.Tests.CascadingFailuresTester" name="Validation_stops_on_failure_when_set_to_Continue_and_overriden_at_rule_level_async" />
    </UnitTest>
    <UnitTest name="FluentValidation.Tests.DefaultValidatorExtensionTester.Must_should_create_PredicteValidator" storage="c:\users\michal\workspace\github\fluentvalidation\src\fluentvalidation.tests\bin\release\netcoreapp3.1\fluentvalidation.tests.dll" id="9f6110b4-a9d2-e00f-1cfb-38ddf94f44e7">
      <Execution id="193fecc2-55d3-4ec3-8120-4a3990671cc1" />
      <TestMethod codeBase="C:\Users\Michal\Workspace\github\FluentValidation\src\FluentValidation.Tests\bin\Release\netcoreapp3.1\FluentValidation.Tests.dll" adapterTypeName="executor://xunit/VsTestRunner2" className="FluentValidation.Tests.DefaultValidatorExtensionTester" name="Must_should_create_PredicteValidator" />
    </UnitTest>
    <UnitTest name="FluentValidation.Tests.NotEmptyTester.When_value_is_empty_string_validator_should_fail" storage="c:\users\michal\workspace\github\fluentvalidation\src\fluentvalidation.tests\bin\release\netcoreapp3.1\fluentvalidation.tests.dll" id="65aca820-034e-0bb6-24e3-88d3c50e9828">
      <Execution id="87a46d9d-9002-4ef9-8875-2b7fe2eafe96" />
      <TestMethod codeBase="C:\Users\Michal\Workspace\github\FluentValidation\src\FluentValidation.Tests\bin\Release\netcoreapp3.1\FluentValidation.Tests.dll" adapterTypeName="executor://xunit/VsTestRunner2" className="FluentValidation.Tests.NotEmptyTester" name="When_value_is_empty_string_validator_should_fail" />
    </UnitTest>
    <UnitTest name="FluentValidation.Tests.SharedConditionTests.Async_condition_can_be_used_inside_ruleset" storage="c:\users\michal\workspace\github\fluentvalidation\src\fluentvalidation.tests\bin\release\netcoreapp3.1\fluentvalidation.tests.dll" id="c4a3024d-3a09-292e-990f-c2a6c08cdec3">
      <Execution id="d5f41416-4e24-46d4-908f-f20c9769ee88" />
      <TestMethod codeBase="C:\Users\Michal\Workspace\github\FluentValidation\src\FluentValidation.Tests\bin\Release\netcoreapp3.1\FluentValidation.Tests.dll" adapterTypeName="executor://xunit/VsTestRunner2" className="FluentValidation.Tests.SharedConditionTests" name="Async_condition_can_be_used_inside_ruleset" />
    </UnitTest>
    <UnitTest name="FluentValidation.Tests.ExclusiveBetweenValidatorTests.When_the_value_is_smaller_than_the_range_then_the_validator_should_fail" storage="c:\users\michal\workspace\github\fluentvalidation\src\fluentvalidation.tests\bin\release\netcoreapp3.1\fluentvalidation.tests.dll" id="d2cccbb5-0551-4e6c-64f9-c40f2ccee626">
      <Execution id="3b4cfb8a-7a3d-4aa1-b794-1e226f50f253" />
      <TestMethod codeBase="C:\Users\Michal\Workspace\github\FluentValidation\src\FluentValidation.Tests\bin\Release\netcoreapp3.1\FluentValidation.Tests.dll" adapterTypeName="executor://xunit/VsTestRunner2" className="FluentValidation.Tests.ExclusiveBetweenValidatorTests" name="When_the_value_is_smaller_than_the_range_then_the_validator_should_fail" />
    </UnitTest>
    <UnitTest name="FluentValidation.Tests.ValidatorTesterTester.ShouldHaveChildValidator_throws_when_property_does_not_have_child_validator" storage="c:\users\michal\workspace\github\fluentvalidation\src\fluentvalidation.tests\bin\release\netcoreapp3.1\fluentvalidation.tests.dll" id="60f41427-96a2-6709-af45-92a5c6038af3">
      <Execution id="94f78349-cef1-4c59-9d1b-eb53a475b919" />
      <TestMethod codeBase="C:\Users\Michal\Workspace\github\FluentValidation\src\FluentValidation.Tests\bin\Release\netcoreapp3.1\FluentValidation.Tests.dll" adapterTypeName="executor://xunit/VsTestRunner2" className="FluentValidation.Tests.ValidatorTesterTester" name="ShouldHaveChildValidator_throws_when_property_does_not_have_child_validator" />
    </UnitTest>
    <UnitTest name="FluentValidation.Tests.ValidatorDescriptorTester.Gets_validators_for_property" storage="c:\users\michal\workspace\github\fluentvalidation\src\fluentvalidation.tests\bin\release\netcoreapp3.1\fluentvalidation.tests.dll" id="3eb8960b-c710-12df-fd49-8aa336d06a33">
      <Execution id="3b77a58e-96bb-4538-aff2-c87eea2a1fa8" />
      <TestMethod codeBase="C:\Users\Michal\Workspace\github\FluentValidation\src\FluentValidation.Tests\bin\Release\netcoreapp3.1\FluentValidation.Tests.dll" adapterTypeName="executor://xunit/VsTestRunner2" className="FluentValidation.Tests.ValidatorDescriptorTester" name="Gets_validators_for_property" />
    </UnitTest>
    <UnitTest name="FluentValidation.Tests.LocalisedMessagesTester.Formats_string_with_placeholders_when_you_cant_edit_the_string" storage="c:\users\michal\workspace\github\fluentvalidation\src\fluentvalidation.tests\bin\release\netcoreapp3.1\fluentvalidation.tests.dll" id="85f6fdb6-1af7-b28b-5542-a3e1696feff2">
      <Execution id="ed6fe36b-c374-40a0-a3ae-841df65e6f3b" />
      <TestMethod codeBase="C:\Users\Michal\Workspace\github\FluentValidation\src\FluentValidation.Tests\bin\Release\netcoreapp3.1\FluentValidation.Tests.dll" adapterTypeName="executor://xunit/VsTestRunner2" className="FluentValidation.Tests.LocalisedMessagesTester" name="Formats_string_with_placeholders_when_you_cant_edit_the_string" />
    </UnitTest>
    <UnitTest name="FluentValidation.Tests.EmptyTester.When_validation_fails_error_should_be_set" storage="c:\users\michal\workspace\github\fluentvalidation\src\fluentvalidation.tests\bin\release\netcoreapp3.1\fluentvalidation.tests.dll" id="fc5bb984-5135-f521-412d-df654d18e921">
      <Execution id="57cfa72b-376c-4a68-a0ed-be7c652caf09" />
      <TestMethod codeBase="C:\Users\Michal\Workspace\github\FluentValidation\src\FluentValidation.Tests\bin\Release\netcoreapp3.1\FluentValidation.Tests.dll" adapterTypeName="executor://xunit/VsTestRunner2" className="FluentValidation.Tests.EmptyTester" name="When_validation_fails_error_should_be_set" />
    </UnitTest>
    <UnitTest name="FluentValidation.Tests.InheritanceValidatorTest.Validates_collection" storage="c:\users\michal\workspace\github\fluentvalidation\src\fluentvalidation.tests\bin\release\netcoreapp3.1\fluentvalidation.tests.dll" id="b54be9b4-9012-92e2-9afd-481d374fa5fd">
      <Execution id="a67085e6-5fb3-4b05-b2ce-d3150e8d858c" />
      <TestMethod codeBase="C:\Users\Michal\Workspace\github\FluentValidation\src\FluentValidation.Tests\bin\Release\netcoreapp3.1\FluentValidation.Tests.dll" adapterTypeName="executor://xunit/VsTestRunner2" className="FluentValidation.Tests.InheritanceValidatorTest" name="Validates_collection" />
    </UnitTest>
    <UnitTest name="FluentValidation.Tests.SharedConditionTests.WhenAsync_condition_only_executed_once" storage="c:\users\michal\workspace\github\fluentvalidation\src\fluentvalidation.tests\bin\release\netcoreapp3.1\fluentvalidation.tests.dll" id="94f2f6f2-ef25-f80f-121a-41a4838c33c5">
      <Execution id="a5165cbf-7a11-4fbd-a92c-587be99d948c" />
      <TestMethod codeBase="C:\Users\Michal\Workspace\github\FluentValidation\src\FluentValidation.Tests\bin\Release\netcoreapp3.1\FluentValidation.Tests.dll" adapterTypeName="executor://xunit/VsTestRunner2" className="FluentValidation.Tests.SharedConditionTests" name="WhenAsync_condition_only_executed_once" />
    </UnitTest>
    <UnitTest name="FluentValidation.Tests.CustomMessageFormatTester.Replaces_propertyvalue_with_empty_string_when_null" storage="c:\users\michal\workspace\github\fluentvalidation\src\fluentvalidation.tests\bin\release\netcoreapp3.1\fluentvalidation.tests.dll" id="f48d0e83-4a7a-450c-22c9-0a66df61951c">
      <Execution id="e08cc85e-8adf-4658-9a38-880cef07a7b1" />
      <TestMethod codeBase="C:\Users\Michal\Workspace\github\FluentValidation\src\FluentValidation.Tests\bin\Release\netcoreapp3.1\FluentValidation.Tests.dll" adapterTypeName="executor://xunit/VsTestRunner2" className="FluentValidation.Tests.CustomMessageFormatTester" name="Replaces_propertyvalue_with_empty_string_when_null" />
    </UnitTest>
    <UnitTest name="FluentValidation.Tests.CascadingFailuresTester.Validation_continues_on_failure" storage="c:\users\michal\workspace\github\fluentvalidation\src\fluentvalidation.tests\bin\release\netcoreapp3.1\fluentvalidation.tests.dll" id="8301de3a-5e11-d076-5c8b-df22d0b5f24b">
      <Execution id="77a9e278-7d11-4cc1-9837-e1371ce0e0d3" />
      <TestMethod codeBase="C:\Users\Michal\Workspace\github\FluentValidation\src\FluentValidation.Tests\bin\Release\netcoreapp3.1\FluentValidation.Tests.dll" adapterTypeName="executor://xunit/VsTestRunner2" className="FluentValidation.Tests.CascadingFailuresTester" name="Validation_continues_on_failure" />
    </UnitTest>
    <UnitTest name="FluentValidation.Tests.CustomValidatorTester.New_Custom_Returns_single_failure" storage="c:\users\michal\workspace\github\fluentvalidation\src\fluentvalidation.tests\bin\release\netcoreapp3.1\fluentvalidation.tests.dll" id="2c7861aa-323a-97e0-8c48-4f82515d5eb3">
      <Execution id="3f37e502-bf02-48c7-a981-989019d4c097" />
      <TestMethod codeBase="C:\Users\Michal\Workspace\github\FluentValidation\src\FluentValidation.Tests\bin\Release\netcoreapp3.1\FluentValidation.Tests.dll" adapterTypeName="executor://xunit/VsTestRunner2" className="FluentValidation.Tests.CustomValidatorTester" name="New_Custom_Returns_single_failure" />
    </UnitTest>
    <UnitTest name="FluentValidation.Tests.RegularExpressionValidatorTests.When_the_text_is_empty_then_the_validator_should_fail" storage="c:\users\michal\workspace\github\fluentvalidation\src\fluentvalidation.tests\bin\release\netcoreapp3.1\fluentvalidation.tests.dll" id="4fc8311c-1e3e-b945-c93e-6b3cfbcdcb02">
      <Execution id="6c4ec468-a1fe-4beb-85e5-4a7d4ff2a2bd" />
      <TestMethod codeBase="C:\Users\Michal\Workspace\github\FluentValidation\src\FluentValidation.Tests\bin\Release\netcoreapp3.1\FluentValidation.Tests.dll" adapterTypeName="executor://xunit/VsTestRunner2" className="FluentValidation.Tests.RegularExpressionValidatorTests" name="When_the_text_is_empty_then_the_validator_should_fail" />
    </UnitTest>
    <UnitTest name="FluentValidation.Tests.CollectionValidatorWithParentTests.Collection_should_be_excluded" storage="c:\users\michal\workspace\github\fluentvalidation\src\fluentvalidation.tests\bin\release\netcoreapp3.1\fluentvalidation.tests.dll" id="a18c049f-506a-32a3-f7e2-3692876c7c1f">
      <Execution id="89b30fc4-9d48-43fa-aaba-664816bfab8d" />
      <TestMethod codeBase="C:\Users\Michal\Workspace\github\FluentValidation\src\FluentValidation.Tests\bin\Release\netcoreapp3.1\FluentValidation.Tests.dll" adapterTypeName="executor://xunit/VsTestRunner2" className="FluentValidation.Tests.CollectionValidatorWithParentTests" name="Collection_should_be_excluded" />
    </UnitTest>
    <UnitTest name="FluentValidation.Tests.OnFailureTests.WhenWithOnFailure_should_invoke_condition_on_async_inner_validator" storage="c:\users\michal\workspace\github\fluentvalidation\src\fluentvalidation.tests\bin\release\netcoreapp3.1\fluentvalidation.tests.dll" id="4e852537-871f-b06f-95ee-154058e2092a">
      <Execution id="0d8d847c-f1b1-4512-88d6-d566a317fe80" />
      <TestMethod codeBase="C:\Users\Michal\Workspace\github\FluentValidation\src\FluentValidation.Tests\bin\Release\netcoreapp3.1\FluentValidation.Tests.dll" adapterTypeName="executor://xunit/VsTestRunner2" className="FluentValidation.Tests.OnFailureTests" name="WhenWithOnFailure_should_invoke_condition_on_async_inner_validator" />
    </UnitTest>
    <UnitTest name="FluentValidation.Tests.RuleDependencyTests.Nested_dependent_rules_inside_ruleset" storage="c:\users\michal\workspace\github\fluentvalidation\src\fluentvalidation.tests\bin\release\netcoreapp3.1\fluentvalidation.tests.dll" id="7278a5ee-2a4a-9ef2-31d9-2721eeee8a1c">
      <Execution id="16b156a0-76f8-4d92-bedd-c5bb2c2e1184" />
      <TestMethod codeBase="C:\Users\Michal\Workspace\github\FluentValidation\src\FluentValidation.Tests\bin\Release\netcoreapp3.1\FluentValidation.Tests.dll" adapterTypeName="executor://xunit/VsTestRunner2" className="FluentValidation.Tests.RuleDependencyTests" name="Nested_dependent_rules_inside_ruleset" />
    </UnitTest>
    <UnitTest name="FluentValidation.Tests.ValidatorTesterTester.Unexpected_message_check" storage="c:\users\michal\workspace\github\fluentvalidation\src\fluentvalidation.tests\bin\release\netcoreapp3.1\fluentvalidation.tests.dll" id="c7c7e6d1-7dcd-38ea-14e9-28ada58706a9">
      <Execution id="75ad4b50-1bc4-4078-a07e-72fb287bd845" />
      <TestMethod codeBase="C:\Users\Michal\Workspace\github\FluentValidation\src\FluentValidation.Tests\bin\Release\netcoreapp3.1\FluentValidation.Tests.dll" adapterTypeName="executor://xunit/VsTestRunner2" className="FluentValidation.Tests.ValidatorTesterTester" name="Unexpected_message_check" />
    </UnitTest>
    <UnitTest name="FluentValidation.Tests.ExactLengthValidatorTester.When_exact_length_rule_failes_error_should_have_exact_length_error_errorcode" storage="c:\users\michal\workspace\github\fluentvalidation\src\fluentvalidation.tests\bin\release\netcoreapp3.1\fluentvalidation.tests.dll" id="44eeda9a-e263-e284-07ec-53422548f210">
      <Execution id="7dd47c8c-3305-42f2-895a-0a5ec0446adc" />
      <TestMethod codeBase="C:\Users\Michal\Workspace\github\FluentValidation\src\FluentValidation.Tests\bin\Release\netcoreapp3.1\FluentValidation.Tests.dll" adapterTypeName="executor://xunit/VsTestRunner2" className="FluentValidation.Tests.ExactLengthValidatorTester" name="When_exact_length_rule_failes_error_should_have_exact_length_error_errorcode" />
    </UnitTest>
    <UnitTest name="FluentValidation.Tests.AbstractValidatorTester.WhenPreValidationReturnsTrue_ValidatorsGetHit_Validate" storage="c:\users\michal\workspace\github\fluentvalidation\src\fluentvalidation.tests\bin\release\netcoreapp3.1\fluentvalidation.tests.dll" id="ad27c118-1390-deb0-4083-9da715a5fc40">
      <Execution id="615d3149-beef-4fc6-95c9-1f5cc68fb866" />
      <TestMethod codeBase="C:\Users\Michal\Workspace\github\FluentValidation\src\FluentValidation.Tests\bin\Release\netcoreapp3.1\FluentValidation.Tests.dll" adapterTypeName="executor://xunit/VsTestRunner2" className="FluentValidation.Tests.AbstractValidatorTester" name="WhenPreValidationReturnsTrue_ValidatorsGetHit_Validate" />
    </UnitTest>
    <UnitTest name="FluentValidation.Tests.MemberAccessorTests.SimplePropertySet" storage="c:\users\michal\workspace\github\fluentvalidation\src\fluentvalidation.tests\bin\release\netcoreapp3.1\fluentvalidation.tests.dll" id="0e94d33b-e744-4c22-bc1f-33d75998c174">
      <Execution id="d2dc4e70-98b7-4513-819b-543572128dd9" />
      <TestMethod codeBase="C:\Users\Michal\Workspace\github\FluentValidation\src\FluentValidation.Tests\bin\Release\netcoreapp3.1\FluentValidation.Tests.dll" adapterTypeName="executor://xunit/VsTestRunner2" className="FluentValidation.Tests.MemberAccessorTests" name="SimplePropertySet" />
    </UnitTest>
    <UnitTest name="FluentValidation.Tests.ForEachRuleTests.When_runs_outside_RuleForEach_loop_async" storage="c:\users\michal\workspace\github\fluentvalidation\src\fluentvalidation.tests\bin\release\netcoreapp3.1\fluentvalidation.tests.dll" id="fed40013-6d33-3fc7-8c90-bb8d56ed5d1e">
      <Execution id="14ea57b4-8e70-4fae-b6a3-576b42cf2975" />
      <TestMethod codeBase="C:\Users\Michal\Workspace\github\FluentValidation\src\FluentValidation.Tests\bin\Release\netcoreapp3.1\FluentValidation.Tests.dll" adapterTypeName="executor://xunit/VsTestRunner2" className="FluentValidation.Tests.ForEachRuleTests" name="When_runs_outside_RuleForEach_loop_async" />
    </UnitTest>
    <UnitTest name="FluentValidation.Tests.ValidatorTesterTester.ShouldHaveValidationError_should_throw_when_there_are_no_validation_errors_with_preconstructed_object" storage="c:\users\michal\workspace\github\fluentvalidation\src\fluentvalidation.tests\bin\release\netcoreapp3.1\fluentvalidation.tests.dll" id="ac5d1d88-a0b3-4707-c377-0a8dd9d2b297">
      <Execution id="6fa52973-0351-4a33-86db-897c53f79b17" />
      <TestMethod codeBase="C:\Users\Michal\Workspace\github\FluentValidation\src\FluentValidation.Tests\bin\Release\netcoreapp3.1\FluentValidation.Tests.dll" adapterTypeName="executor://xunit/VsTestRunner2" className="FluentValidation.Tests.ValidatorTesterTester" name="ShouldHaveValidationError_should_throw_when_there_are_no_validation_errors_with_preconstructed_object" />
    </UnitTest>
    <UnitTest name="FluentValidation.Tests.CascadingFailuresTester.Validation_stops_on_first_Failure_when_set_to_Continue_globally_and_overriden_at_rule_level_async_legacy" storage="c:\users\michal\workspace\github\fluentvalidation\src\fluentvalidation.tests\bin\release\netcoreapp3.1\fluentvalidation.tests.dll" id="70b50ce6-74d1-7fbd-2919-257ee9c7df6c">
      <Execution id="0efb46c5-32a9-476e-9d95-9c7bdebdb8e9" />
      <TestMethod codeBase="C:\Users\Michal\Workspace\github\FluentValidation\src\FluentValidation.Tests\bin\Release\netcoreapp3.1\FluentValidation.Tests.dll" adapterTypeName="executor://xunit/VsTestRunner2" className="FluentValidation.Tests.CascadingFailuresTester" name="Validation_stops_on_first_Failure_when_set_to_Continue_globally_and_overriden_at_rule_level_async_legacy" />
    </UnitTest>
    <UnitTest name="FluentValidation.Tests.DefaultValidatorExtensionTester.Equal_should_create_EqualValidator_with_explicit_value" storage="c:\users\michal\workspace\github\fluentvalidation\src\fluentvalidation.tests\bin\release\netcoreapp3.1\fluentvalidation.tests.dll" id="09cdd7a2-766c-97b0-77c3-a5780c7adb44">
      <Execution id="83e7b032-7248-4cc3-9e5b-3839af301388" />
      <TestMethod codeBase="C:\Users\Michal\Workspace\github\FluentValidation\src\FluentValidation.Tests\bin\Release\netcoreapp3.1\FluentValidation.Tests.dll" adapterTypeName="executor://xunit/VsTestRunner2" className="FluentValidation.Tests.DefaultValidatorExtensionTester" name="Equal_should_create_EqualValidator_with_explicit_value" />
    </UnitTest>
    <UnitTest name="FluentValidation.Tests.UserSeverityTester.Should_use_last_supplied_severity" storage="c:\users\michal\workspace\github\fluentvalidation\src\fluentvalidation.tests\bin\release\netcoreapp3.1\fluentvalidation.tests.dll" id="bfacda12-b843-22ed-2133-bb19e076985c">
      <Execution id="db93c36c-5db9-44cc-8ca7-ea49b51ae16e" />
      <TestMethod codeBase="C:\Users\Michal\Workspace\github\FluentValidation\src\FluentValidation.Tests\bin\Release\netcoreapp3.1\FluentValidation.Tests.dll" adapterTypeName="executor://xunit/VsTestRunner2" className="FluentValidation.Tests.UserSeverityTester" name="Should_use_last_supplied_severity" />
    </UnitTest>
    <UnitTest name="FluentValidation.Tests.ValidatorDescriptorTester.GetValidatorsForMember_and_GetRulesForMember_can_both_retrieve_for_model_level_rule" storage="c:\users\michal\workspace\github\fluentvalidation\src\fluentvalidation.tests\bin\release\netcoreapp3.1\fluentvalidation.tests.dll" id="c25f11b5-5a97-0f33-3534-872840b3b9b6">
      <Execution id="d1cab03f-1794-4673-8cd5-4fb12b9e0a1a" />
      <TestMethod codeBase="C:\Users\Michal\Workspace\github\FluentValidation\src\FluentValidation.Tests\bin\Release\netcoreapp3.1\FluentValidation.Tests.dll" adapterTypeName="executor://xunit/VsTestRunner2" className="FluentValidation.Tests.ValidatorDescriptorTester" name="GetValidatorsForMember_and_GetRulesForMember_can_both_retrieve_for_model_level_rule" />
    </UnitTest>
    <UnitTest name="FluentValidation.Tests.ValidatorTesterTester.ShouldHaveChildValidator_should_throw_when_property_has_a_different_child_validator" storage="c:\users\michal\workspace\github\fluentvalidation\src\fluentvalidation.tests\bin\release\netcoreapp3.1\fluentvalidation.tests.dll" id="14c20a4a-0e0e-948f-e18b-896d9dfae99e">
      <Execution id="c541b6f6-71ab-4cb4-b122-89555ca08018" />
      <TestMethod codeBase="C:\Users\Michal\Workspace\github\FluentValidation\src\FluentValidation.Tests\bin\Release\netcoreapp3.1\FluentValidation.Tests.dll" adapterTypeName="executor://xunit/VsTestRunner2" className="FluentValidation.Tests.ValidatorTesterTester" name="ShouldHaveChildValidator_should_throw_when_property_has_a_different_child_validator" />
    </UnitTest>
    <UnitTest name="FluentValidation.Tests.NotEqualValidatorTests.Should_store_property_to_compare" storage="c:\users\michal\workspace\github\fluentvalidation\src\fluentvalidation.tests\bin\release\netcoreapp3.1\fluentvalidation.tests.dll" id="4b455b62-f312-f58a-6917-1e1da3bbad24">
      <Execution id="fdd54eb1-ef89-48d3-b818-15b5282bfa5a" />
      <TestMethod codeBase="C:\Users\Michal\Workspace\github\FluentValidation\src\FluentValidation.Tests\bin\Release\netcoreapp3.1\FluentValidation.Tests.dll" adapterTypeName="executor://xunit/VsTestRunner2" className="FluentValidation.Tests.NotEqualValidatorTests" name="Should_store_property_to_compare" />
    </UnitTest>
    <UnitTest name="FluentValidation.Tests.LengthValidatorTests.When_the_text_is_exactly_the_size_of_the_upper_bound_then_the_validator_should_pass" storage="c:\users\michal\workspace\github\fluentvalidation\src\fluentvalidation.tests\bin\release\netcoreapp3.1\fluentvalidation.tests.dll" id="8a6b2eb9-30ae-86f6-da4c-2e7363fc4350">
      <Execution id="8d6b8f2c-55c6-4934-98e2-2c899b5bf185" />
      <TestMethod codeBase="C:\Users\Michal\Workspace\github\FluentValidation\src\FluentValidation.Tests\bin\Release\netcoreapp3.1\FluentValidation.Tests.dll" adapterTypeName="executor://xunit/VsTestRunner2" className="FluentValidation.Tests.LengthValidatorTests" name="When_the_text_is_exactly_the_size_of_the_upper_bound_then_the_validator_should_pass" />
    </UnitTest>
    <UnitTest name="FluentValidation.Tests.AbstractValidatorTester.PreValidate_bypasses_nullcheck_on_instance" storage="c:\users\michal\workspace\github\fluentvalidation\src\fluentvalidation.tests\bin\release\netcoreapp3.1\fluentvalidation.tests.dll" id="dfdfe46b-6bd6-2fc0-45b6-f3a17eb28c96">
      <Execution id="e71bc8ef-e81e-4507-8efb-d56ab49a751b" />
      <TestMethod codeBase="C:\Users\Michal\Workspace\github\FluentValidation\src\FluentValidation.Tests\bin\Release\netcoreapp3.1\FluentValidation.Tests.dll" adapterTypeName="executor://xunit/VsTestRunner2" className="FluentValidation.Tests.AbstractValidatorTester" name="PreValidate_bypasses_nullcheck_on_instance" />
    </UnitTest>
    <UnitTest name="FluentValidation.Tests.LanguageManagerTests.Can_replace_message_without_overriding_all_languages" storage="c:\users\michal\workspace\github\fluentvalidation\src\fluentvalidation.tests\bin\release\netcoreapp3.1\fluentvalidation.tests.dll" id="6b57968c-b483-3376-fe01-cc47e62705fa">
      <Execution id="168c818e-b3fd-4c17-83b3-0125f7df5e13" />
      <TestMethod codeBase="C:\Users\Michal\Workspace\github\FluentValidation\src\FluentValidation.Tests\bin\Release\netcoreapp3.1\FluentValidation.Tests.dll" adapterTypeName="executor://xunit/VsTestRunner2" className="FluentValidation.Tests.LanguageManagerTests" name="Can_replace_message_without_overriding_all_languages" />
    </UnitTest>
    <UnitTest name="FluentValidation.Tests.LessThanValidatorTester.Comparison_property_uses_custom_resolver" storage="c:\users\michal\workspace\github\fluentvalidation\src\fluentvalidation.tests\bin\release\netcoreapp3.1\fluentvalidation.tests.dll" id="980f6bca-1e09-11e4-4822-cade225be40b">
      <Execution id="8729b11f-58cb-4459-8134-b04edd2c841c" />
      <TestMethod codeBase="C:\Users\Michal\Workspace\github\FluentValidation\src\FluentValidation.Tests\bin\Release\netcoreapp3.1\FluentValidation.Tests.dll" adapterTypeName="executor://xunit/VsTestRunner2" className="FluentValidation.Tests.LessThanValidatorTester" name="Comparison_property_uses_custom_resolver" />
    </UnitTest>
    <UnitTest name="FluentValidation.Tests.SharedConditionTests.Nested_conditions_with_Custom_rule" storage="c:\users\michal\workspace\github\fluentvalidation\src\fluentvalidation.tests\bin\release\netcoreapp3.1\fluentvalidation.tests.dll" id="4e23b9ec-548f-d269-b8cf-78754160c429">
      <Execution id="826e372c-f4df-483b-a612-8fff3631850f" />
      <TestMethod codeBase="C:\Users\Michal\Workspace\github\FluentValidation\src\FluentValidation.Tests\bin\Release\netcoreapp3.1\FluentValidation.Tests.dll" adapterTypeName="executor://xunit/VsTestRunner2" className="FluentValidation.Tests.SharedConditionTests" name="Nested_conditions_with_Custom_rule" />
    </UnitTest>
    <UnitTest name="FluentValidation.Tests.InheritanceValidatorTest.Validates_with_callback_accepting_derived_async" storage="c:\users\michal\workspace\github\fluentvalidation\src\fluentvalidation.tests\bin\release\netcoreapp3.1\fluentvalidation.tests.dll" id="2ae9eba5-a1b1-6683-0781-d9ead62b3367">
      <Execution id="9b822b13-ed0e-4774-9f71-b37354fcabfd" />
      <TestMethod codeBase="C:\Users\Michal\Workspace\github\FluentValidation\src\FluentValidation.Tests\bin\Release\netcoreapp3.1\FluentValidation.Tests.dll" adapterTypeName="executor://xunit/VsTestRunner2" className="FluentValidation.Tests.InheritanceValidatorTest" name="Validates_with_callback_accepting_derived_async" />
    </UnitTest>
    <UnitTest name="FluentValidation.Tests.GreaterThanValidatorTester.Validates_with_property" storage="c:\users\michal\workspace\github\fluentvalidation\src\fluentvalidation.tests\bin\release\netcoreapp3.1\fluentvalidation.tests.dll" id="6d1f3930-9bdc-f89b-1a2e-50e7ce0c62db">
      <Execution id="4641042e-7df1-422e-8612-5967463d641f" />
      <TestMethod codeBase="C:\Users\Michal\Workspace\github\FluentValidation\src\FluentValidation.Tests\bin\Release\netcoreapp3.1\FluentValidation.Tests.dll" adapterTypeName="executor://xunit/VsTestRunner2" className="FluentValidation.Tests.GreaterThanValidatorTester" name="Validates_with_property" />
    </UnitTest>
    <UnitTest name="FluentValidation.Tests.CascadingFailuresTester.Validation_continues_on_failure_when_set_to_Stop_globally_and_overriden_at_rule_level_async" storage="c:\users\michal\workspace\github\fluentvalidation\src\fluentvalidation.tests\bin\release\netcoreapp3.1\fluentvalidation.tests.dll" id="ed0f0002-4266-61fb-77bb-6dc6010ae5db">
      <Execution id="903801d8-2757-47bc-926d-a7ed7c3942a7" />
      <TestMethod codeBase="C:\Users\Michal\Workspace\github\FluentValidation\src\FluentValidation.Tests\bin\Release\netcoreapp3.1\FluentValidation.Tests.dll" adapterTypeName="executor://xunit/VsTestRunner2" className="FluentValidation.Tests.CascadingFailuresTester" name="Validation_continues_on_failure_when_set_to_Stop_globally_and_overriden_at_rule_level_async" />
    </UnitTest>
    <UnitTest name="FluentValidation.Tests.RuleBuilderTests.Property_should_return_property_being_validated" storage="c:\users\michal\workspace\github\fluentvalidation\src\fluentvalidation.tests\bin\release\netcoreapp3.1\fluentvalidation.tests.dll" id="f270d710-4dae-ca92-4736-3a5dc1e37d7b">
      <Execution id="4a1672ee-b058-49ee-8871-faf01831ccf1" />
      <TestMethod codeBase="C:\Users\Michal\Workspace\github\FluentValidation\src\FluentValidation.Tests\bin\Release\netcoreapp3.1\FluentValidation.Tests.dll" adapterTypeName="executor://xunit/VsTestRunner2" className="FluentValidation.Tests.RuleBuilderTests" name="Property_should_return_property_being_validated" />
    </UnitTest>
    <UnitTest name="FluentValidation.Tests.GreaterThanValidatorTester.Validates_with_nullable_when_property_not_null_cross_property" storage="c:\users\michal\workspace\github\fluentvalidation\src\fluentvalidation.tests\bin\release\netcoreapp3.1\fluentvalidation.tests.dll" id="45e1979e-33e3-9a10-7f3e-ab9739fe4d49">
      <Execution id="03bfe594-d9ad-40ac-8ecc-355e3babd364" />
      <TestMethod codeBase="C:\Users\Michal\Workspace\github\FluentValidation\src\FluentValidation.Tests\bin\Release\netcoreapp3.1\FluentValidation.Tests.dll" adapterTypeName="executor://xunit/VsTestRunner2" className="FluentValidation.Tests.GreaterThanValidatorTester" name="Validates_with_nullable_when_property_not_null_cross_property" />
    </UnitTest>
    <UnitTest name="FluentValidation.Tests.PredicateValidatorTester.When_validation_fails_the_default_error_should_be_set" storage="c:\users\michal\workspace\github\fluentvalidation\src\fluentvalidation.tests\bin\release\netcoreapp3.1\fluentvalidation.tests.dll" id="05cb6f08-7c56-b596-627e-7c040b005432">
      <Execution id="a4d41421-c620-42ab-9643-828faa5a04cd" />
      <TestMethod codeBase="C:\Users\Michal\Workspace\github\FluentValidation\src\FluentValidation.Tests\bin\Release\netcoreapp3.1\FluentValidation.Tests.dll" adapterTypeName="executor://xunit/VsTestRunner2" className="FluentValidation.Tests.PredicateValidatorTester" name="When_validation_fails_the_default_error_should_be_set" />
    </UnitTest>
    <UnitTest name="FluentValidation.Tests.ComplexValidationTester.Multiple_rules_in_chain_with_childvalidator_shouldnt_reuse_accessor_async" storage="c:\users\michal\workspace\github\fluentvalidation\src\fluentvalidation.tests\bin\release\netcoreapp3.1\fluentvalidation.tests.dll" id="fb1bc5d4-dbe7-c6f6-d07b-2d4bb79ead79">
      <Execution id="2af910ff-ea0c-4da0-b68d-a4ba2822f025" />
      <TestMethod codeBase="C:\Users\Michal\Workspace\github\FluentValidation\src\FluentValidation.Tests\bin\Release\netcoreapp3.1\FluentValidation.Tests.dll" adapterTypeName="executor://xunit/VsTestRunner2" className="FluentValidation.Tests.ComplexValidationTester" name="Multiple_rules_in_chain_with_childvalidator_shouldnt_reuse_accessor_async" />
    </UnitTest>
    <UnitTest name="FluentValidation.Tests.ValidatorTesterTester.Unexpected_severity_check" storage="c:\users\michal\workspace\github\fluentvalidation\src\fluentvalidation.tests\bin\release\netcoreapp3.1\fluentvalidation.tests.dll" id="e9e2564e-f490-00d2-e05a-e36f54529b1d">
      <Execution id="c03937bb-5e9e-4602-913d-0a7f0718ef05" />
      <TestMethod codeBase="C:\Users\Michal\Workspace\github\FluentValidation\src\FluentValidation.Tests\bin\Release\netcoreapp3.1\FluentValidation.Tests.dll" adapterTypeName="executor://xunit/VsTestRunner2" className="FluentValidation.Tests.ValidatorTesterTester" name="Unexpected_severity_check" />
    </UnitTest>
    <UnitTest name="FluentValidation.Tests.ValidatorSelectorTests.Includes_nested_property" storage="c:\users\michal\workspace\github\fluentvalidation\src\fluentvalidation.tests\bin\release\netcoreapp3.1\fluentvalidation.tests.dll" id="d3d13162-34f1-e12d-7628-7e58ba175553">
      <Execution id="a5b3b8c8-3578-4aa2-9a78-7fb29b4c93e2" />
      <TestMethod codeBase="C:\Users\Michal\Workspace\github\FluentValidation\src\FluentValidation.Tests\bin\Release\netcoreapp3.1\FluentValidation.Tests.dll" adapterTypeName="executor://xunit/VsTestRunner2" className="FluentValidation.Tests.ValidatorSelectorTests" name="Includes_nested_property" />
    </UnitTest>
    <UnitTest name="FluentValidation.Tests.InlineValidatorTester.Uses_inline_validator_to_build_rules" storage="c:\users\michal\workspace\github\fluentvalidation\src\fluentvalidation.tests\bin\release\netcoreapp3.1\fluentvalidation.tests.dll" id="404b1037-3a25-b387-0cba-d5c99eeb7759">
      <Execution id="30e673f6-945f-4ec7-b6fd-486b08bebe23" />
      <TestMethod codeBase="C:\Users\Michal\Workspace\github\FluentValidation\src\FluentValidation.Tests\bin\Release\netcoreapp3.1\FluentValidation.Tests.dll" adapterTypeName="executor://xunit/VsTestRunner2" className="FluentValidation.Tests.InlineValidatorTester" name="Uses_inline_validator_to_build_rules" />
    </UnitTest>
    <UnitTest name="FluentValidation.Tests.RulesetTests.Executes_multiple_rulesets" storage="c:\users\michal\workspace\github\fluentvalidation\src\fluentvalidation.tests\bin\release\netcoreapp3.1\fluentvalidation.tests.dll" id="daa24ef7-ee00-0c65-2a79-80fd21b04f01">
      <Execution id="595eddbb-1580-4d80-801d-74050b79ba5a" />
      <TestMethod codeBase="C:\Users\Michal\Workspace\github\FluentValidation\src\FluentValidation.Tests\bin\Release\netcoreapp3.1\FluentValidation.Tests.dll" adapterTypeName="executor://xunit/VsTestRunner2" className="FluentValidation.Tests.RulesetTests" name="Executes_multiple_rulesets" />
    </UnitTest>
    <UnitTest name="FluentValidation.Tests.InclusiveBetweenValidatorTests.When_the_to_is_smaller_than_the_from_then_the_validator_should_throw_for_strings" storage="c:\users\michal\workspace\github\fluentvalidation\src\fluentvalidation.tests\bin\release\netcoreapp3.1\fluentvalidation.tests.dll" id="db3e42cb-3479-e45b-476e-d1acfdbb89f0">
      <Execution id="2db835dc-21e9-4e7a-a782-8f28fdea4782" />
      <TestMethod codeBase="C:\Users\Michal\Workspace\github\FluentValidation\src\FluentValidation.Tests\bin\Release\netcoreapp3.1\FluentValidation.Tests.dll" adapterTypeName="executor://xunit/VsTestRunner2" className="FluentValidation.Tests.InclusiveBetweenValidatorTests" name="When_the_to_is_smaller_than_the_from_then_the_validator_should_throw_for_strings" />
    </UnitTest>
    <UnitTest name="FluentValidation.Tests.TrackingCollectionTests.When_Item_Added_Raises_ItemAdded" storage="c:\users\michal\workspace\github\fluentvalidation\src\fluentvalidation.tests\bin\release\netcoreapp3.1\fluentvalidation.tests.dll" id="0b4fa2af-32fd-78ca-6660-53316b3f71dc">
      <Execution id="8a36b52f-6342-4e0c-b46e-cb0a9564ba6a" />
      <TestMethod codeBase="C:\Users\Michal\Workspace\github\FluentValidation\src\FluentValidation.Tests\bin\Release\netcoreapp3.1\FluentValidation.Tests.dll" adapterTypeName="executor://xunit/VsTestRunner2" className="FluentValidation.Tests.TrackingCollectionTests" name="When_Item_Added_Raises_ItemAdded" />
    </UnitTest>
    <UnitTest name="FluentValidation.Tests.GreaterThanOrEqualToValidatorTester.Validates_with_nullable_property" storage="c:\users\michal\workspace\github\fluentvalidation\src\fluentvalidation.tests\bin\release\netcoreapp3.1\fluentvalidation.tests.dll" id="024eb999-083e-bc07-f309-922f9d52d793">
      <Execution id="25c09b84-aa98-429b-b4b8-a21c0636b0b5" />
      <TestMethod codeBase="C:\Users\Michal\Workspace\github\FluentValidation\src\FluentValidation.Tests\bin\Release\netcoreapp3.1\FluentValidation.Tests.dll" adapterTypeName="executor://xunit/VsTestRunner2" className="FluentValidation.Tests.GreaterThanOrEqualToValidatorTester" name="Validates_with_nullable_property" />
    </UnitTest>
    <UnitTest name="FluentValidation.Tests.AbstractValidatorTester.When_the_validators_fail_then_validatorrunner_should_return_false" storage="c:\users\michal\workspace\github\fluentvalidation\src\fluentvalidation.tests\bin\release\netcoreapp3.1\fluentvalidation.tests.dll" id="b73378a2-1a67-7287-1908-ca903d6ab565">
      <Execution id="b1a214e1-5b40-4a58-b8e5-46df6e3da952" />
      <TestMethod codeBase="C:\Users\Michal\Workspace\github\FluentValidation\src\FluentValidation.Tests\bin\Release\netcoreapp3.1\FluentValidation.Tests.dll" adapterTypeName="executor://xunit/VsTestRunner2" className="FluentValidation.Tests.AbstractValidatorTester" name="When_the_validators_fail_then_validatorrunner_should_return_false" />
    </UnitTest>
    <UnitTest name="FluentValidation.Tests.ForEachRuleTests.Nested_conditions_Rule_For" storage="c:\users\michal\workspace\github\fluentvalidation\src\fluentvalidation.tests\bin\release\netcoreapp3.1\fluentvalidation.tests.dll" id="c96916e8-0c1f-41a1-2dce-483be9719d1b">
      <Execution id="8939f7d2-511e-4819-978e-4b72a928119b" />
      <TestMethod codeBase="C:\Users\Michal\Workspace\github\FluentValidation\src\FluentValidation.Tests\bin\Release\netcoreapp3.1\FluentValidation.Tests.dll" adapterTypeName="executor://xunit/VsTestRunner2" className="FluentValidation.Tests.ForEachRuleTests" name="Nested_conditions_Rule_For" />
    </UnitTest>
    <UnitTest name="FluentValidation.Tests.ForEachRuleTests.Can_use_cascade_with_RuleForEach" storage="c:\users\michal\workspace\github\fluentvalidation\src\fluentvalidation.tests\bin\release\netcoreapp3.1\fluentvalidation.tests.dll" id="3b9958c7-0610-874b-efe4-5ba1461c2edd">
      <Execution id="18c11339-ea73-4d8c-8695-a8bdbd5982cc" />
      <TestMethod codeBase="C:\Users\Michal\Workspace\github\FluentValidation\src\FluentValidation.Tests\bin\Release\netcoreapp3.1\FluentValidation.Tests.dll" adapterTypeName="executor://xunit/VsTestRunner2" className="FluentValidation.Tests.ForEachRuleTests" name="Can_use_cascade_with_RuleForEach" />
    </UnitTest>
    <UnitTest name="FluentValidation.Tests.ExclusiveBetweenValidatorTests.To_and_from_properties_should_be_set_for_dates" storage="c:\users\michal\workspace\github\fluentvalidation\src\fluentvalidation.tests\bin\release\netcoreapp3.1\fluentvalidation.tests.dll" id="f38a7fe0-9256-0421-2a99-31270360c180">
      <Execution id="12a91205-ba4d-4ca9-9fc9-8a29164e220f" />
      <TestMethod codeBase="C:\Users\Michal\Workspace\github\FluentValidation\src\FluentValidation.Tests\bin\Release\netcoreapp3.1\FluentValidation.Tests.dll" adapterTypeName="executor://xunit/VsTestRunner2" className="FluentValidation.Tests.ExclusiveBetweenValidatorTests" name="To_and_from_properties_should_be_set_for_dates" />
    </UnitTest>
    <UnitTest name="FluentValidation.Tests.CascadingFailuresTester.Validation_stops_on_first_Failure_when_set_to_Continue_globally_and_overriden_at_rule_level" storage="c:\users\michal\workspace\github\fluentvalidation\src\fluentvalidation.tests\bin\release\netcoreapp3.1\fluentvalidation.tests.dll" id="e831a1f4-0875-3bc4-fc25-76046c2a3dde">
      <Execution id="f1d75a2a-79bc-4461-8cff-0738fd184455" />
      <TestMethod codeBase="C:\Users\Michal\Workspace\github\FluentValidation\src\FluentValidation.Tests\bin\Release\netcoreapp3.1\FluentValidation.Tests.dll" adapterTypeName="executor://xunit/VsTestRunner2" className="FluentValidation.Tests.CascadingFailuresTester" name="Validation_stops_on_first_Failure_when_set_to_Continue_globally_and_overriden_at_rule_level" />
    </UnitTest>
    <UnitTest name="FluentValidation.Tests.ValidatorTesterTester.ShouldHaveValidationErrorFor_takes_account_of_rulesets_fluent_approach" storage="c:\users\michal\workspace\github\fluentvalidation\src\fluentvalidation.tests\bin\release\netcoreapp3.1\fluentvalidation.tests.dll" id="0e65344f-36b4-2cde-c4b0-b4fd35462fa7">
      <Execution id="ef89b008-bd16-4130-bbe3-8ccecb505fa8" />
      <TestMethod codeBase="C:\Users\Michal\Workspace\github\FluentValidation\src\FluentValidation.Tests\bin\Release\netcoreapp3.1\FluentValidation.Tests.dll" adapterTypeName="executor://xunit/VsTestRunner2" className="FluentValidation.Tests.ValidatorTesterTester" name="ShouldHaveValidationErrorFor_takes_account_of_rulesets_fluent_approach" />
    </UnitTest>
    <UnitTest name="FluentValidation.Tests.EqualValidatorTests.Should_store_comparison_type" storage="c:\users\michal\workspace\github\fluentvalidation\src\fluentvalidation.tests\bin\release\netcoreapp3.1\fluentvalidation.tests.dll" id="ec3d8c7c-2305-d7b7-c82c-1525a9a82a54">
      <Execution id="0db1b83e-e30c-448b-95f8-bebb95d319cf" />
      <TestMethod codeBase="C:\Users\Michal\Workspace\github\FluentValidation\src\FluentValidation.Tests\bin\Release\netcoreapp3.1\FluentValidation.Tests.dll" adapterTypeName="executor://xunit/VsTestRunner2" className="FluentValidation.Tests.EqualValidatorTests" name="Should_store_comparison_type" />
    </UnitTest>
    <UnitTest name="FluentValidation.Tests.SharedConditionTests.Runs_otherwise_conditions_for_UnlessAsync" storage="c:\users\michal\workspace\github\fluentvalidation\src\fluentvalidation.tests\bin\release\netcoreapp3.1\fluentvalidation.tests.dll" id="60f37060-b803-c47d-d230-4b7f51f1cdf9">
      <Execution id="7a0a7bec-392e-4e25-a374-27b1582068f4" />
      <TestMethod codeBase="C:\Users\Michal\Workspace\github\FluentValidation\src\FluentValidation.Tests\bin\Release\netcoreapp3.1\FluentValidation.Tests.dll" adapterTypeName="executor://xunit/VsTestRunner2" className="FluentValidation.Tests.SharedConditionTests" name="Runs_otherwise_conditions_for_UnlessAsync" />
    </UnitTest>
    <UnitTest name="FluentValidation.Tests.PropertyChainTests.Should_not_be_subchain" storage="c:\users\michal\workspace\github\fluentvalidation\src\fluentvalidation.tests\bin\release\netcoreapp3.1\fluentvalidation.tests.dll" id="0e48273b-694c-18f2-f7ae-524674afcc14">
      <Execution id="55233804-3497-4f16-97ac-92de2a10ba65" />
      <TestMethod codeBase="C:\Users\Michal\Workspace\github\FluentValidation\src\FluentValidation.Tests\bin\Release\netcoreapp3.1\FluentValidation.Tests.dll" adapterTypeName="executor://xunit/VsTestRunner2" className="FluentValidation.Tests.PropertyChainTests" name="Should_not_be_subchain" />
    </UnitTest>
    <UnitTest name="FluentValidation.Tests.ConditionTests.Condition_is_applied_to_all_validators_in_the_chain" storage="c:\users\michal\workspace\github\fluentvalidation\src\fluentvalidation.tests\bin\release\netcoreapp3.1\fluentvalidation.tests.dll" id="40233237-4f6a-863f-00b0-9a08c067264a">
      <Execution id="7c0bf6fa-78df-43ac-a846-01ba972bf78f" />
      <TestMethod codeBase="C:\Users\Michal\Workspace\github\FluentValidation\src\FluentValidation.Tests\bin\Release\netcoreapp3.1\FluentValidation.Tests.dll" adapterTypeName="executor://xunit/VsTestRunner2" className="FluentValidation.Tests.ConditionTests" name="Condition_is_applied_to_all_validators_in_the_chain" />
    </UnitTest>
    <UnitTest name="FluentValidation.Tests.RuleDependencyTests.Async_inside_dependent_rules" storage="c:\users\michal\workspace\github\fluentvalidation\src\fluentvalidation.tests\bin\release\netcoreapp3.1\fluentvalidation.tests.dll" id="c294b093-e8ff-2c2a-e2d5-9267399c4713">
      <Execution id="96900430-3685-4197-b556-209bb7d194e7" />
      <TestMethod codeBase="C:\Users\Michal\Workspace\github\FluentValidation\src\FluentValidation.Tests\bin\Release\netcoreapp3.1\FluentValidation.Tests.dll" adapterTypeName="executor://xunit/VsTestRunner2" className="FluentValidation.Tests.RuleDependencyTests" name="Async_inside_dependent_rules" />
    </UnitTest>
    <UnitTest name="FluentValidation.Tests.SharedConditionTests.Does_not_execute_customasync_Rule_when_condition_false" storage="c:\users\michal\workspace\github\fluentvalidation\src\fluentvalidation.tests\bin\release\netcoreapp3.1\fluentvalidation.tests.dll" id="2bee7063-c490-ba4c-f93e-50403e8cd6f0">
      <Execution id="5df858f5-36ee-483d-a92e-2d5f59e71843" />
      <TestMethod codeBase="C:\Users\Michal\Workspace\github\FluentValidation\src\FluentValidation.Tests\bin\Release\netcoreapp3.1\FluentValidation.Tests.dll" adapterTypeName="executor://xunit/VsTestRunner2" className="FluentValidation.Tests.SharedConditionTests" name="Does_not_execute_customasync_Rule_when_condition_false" />
    </UnitTest>
    <UnitTest name="FluentValidation.Tests.SharedConditionTests.Runs_otherwise_conditions_for_WhenAsync" storage="c:\users\michal\workspace\github\fluentvalidation\src\fluentvalidation.tests\bin\release\netcoreapp3.1\fluentvalidation.tests.dll" id="c881f7e4-a4c2-e5e5-cfb1-f74cfe402b27">
      <Execution id="fbeb3917-1548-46b4-89fb-1cbf3039ad9b" />
      <TestMethod codeBase="C:\Users\Michal\Workspace\github\FluentValidation\src\FluentValidation.Tests\bin\Release\netcoreapp3.1\FluentValidation.Tests.dll" adapterTypeName="executor://xunit/VsTestRunner2" className="FluentValidation.Tests.SharedConditionTests" name="Runs_otherwise_conditions_for_WhenAsync" />
    </UnitTest>
    <UnitTest name="FluentValidation.Tests.SharedConditionTests.Executes_customasync_rule_when_async_condition_true" storage="c:\users\michal\workspace\github\fluentvalidation\src\fluentvalidation.tests\bin\release\netcoreapp3.1\fluentvalidation.tests.dll" id="5d4a3e82-6ae7-918e-a299-80cc3e048273">
      <Execution id="8f47aa14-a4ed-4552-a098-b51c3fbe285b" />
      <TestMethod codeBase="C:\Users\Michal\Workspace\github\FluentValidation\src\FluentValidation.Tests\bin\Release\netcoreapp3.1\FluentValidation.Tests.dll" adapterTypeName="executor://xunit/VsTestRunner2" className="FluentValidation.Tests.SharedConditionTests" name="Executes_customasync_rule_when_async_condition_true" />
    </UnitTest>
    <UnitTest name="FluentValidation.Tests.AbstractValidatorTester.WithErrorCode_should_override_error_code" storage="c:\users\michal\workspace\github\fluentvalidation\src\fluentvalidation.tests\bin\release\netcoreapp3.1\fluentvalidation.tests.dll" id="07c97d74-e941-a5bb-eaeb-0b95c8b9de18">
      <Execution id="f8b63f31-9599-4561-a848-bade6a9d0554" />
      <TestMethod codeBase="C:\Users\Michal\Workspace\github\FluentValidation\src\FluentValidation.Tests\bin\Release\netcoreapp3.1\FluentValidation.Tests.dll" adapterTypeName="executor://xunit/VsTestRunner2" className="FluentValidation.Tests.AbstractValidatorTester" name="WithErrorCode_should_override_error_code" />
    </UnitTest>
    <UnitTest name="FluentValidation.Tests.ForEachRuleTests.Should_not_scramble_property_name_when_using_collection_validators_several_levels_deep_with_ValidateAsync" storage="c:\users\michal\workspace\github\fluentvalidation\src\fluentvalidation.tests\bin\release\netcoreapp3.1\fluentvalidation.tests.dll" id="008cc361-8881-a641-9a70-eeac32cbea34">
      <Execution id="671b979f-8c12-4381-b46f-d82b6c2e589c" />
      <TestMethod codeBase="C:\Users\Michal\Workspace\github\FluentValidation\src\FluentValidation.Tests\bin\Release\netcoreapp3.1\FluentValidation.Tests.dll" adapterTypeName="executor://xunit/VsTestRunner2" className="FluentValidation.Tests.ForEachRuleTests" name="Should_not_scramble_property_name_when_using_collection_validators_several_levels_deep_with_ValidateAsync" />
    </UnitTest>
    <UnitTest name="FluentValidation.Tests.ValidateAndThrowTester.Does_not_throw_when_valid_async" storage="c:\users\michal\workspace\github\fluentvalidation\src\fluentvalidation.tests\bin\release\netcoreapp3.1\fluentvalidation.tests.dll" id="28d946a5-b715-8749-2aff-e56db131a623">
      <Execution id="924693f9-7b18-46ec-b00a-3e179a12fba3" />
      <TestMethod codeBase="C:\Users\Michal\Workspace\github\FluentValidation\src\FluentValidation.Tests\bin\Release\netcoreapp3.1\FluentValidation.Tests.dll" adapterTypeName="executor://xunit/VsTestRunner2" className="FluentValidation.Tests.ValidateAndThrowTester" name="Does_not_throw_when_valid_async" />
    </UnitTest>
    <UnitTest name="FluentValidation.Tests.ForEachRuleTests.Can_access_colletion_index" storage="c:\users\michal\workspace\github\fluentvalidation\src\fluentvalidation.tests\bin\release\netcoreapp3.1\fluentvalidation.tests.dll" id="dcab6cb4-8896-cab0-b222-fb4f42fd53bb">
      <Execution id="c344e935-9789-4675-a7a1-aacb5939a676" />
      <TestMethod codeBase="C:\Users\Michal\Workspace\github\FluentValidation\src\FluentValidation.Tests\bin\Release\netcoreapp3.1\FluentValidation.Tests.dll" adapterTypeName="executor://xunit/VsTestRunner2" className="FluentValidation.Tests.ForEachRuleTests" name="Can_access_colletion_index" />
    </UnitTest>
    <UnitTest name="FluentValidation.Tests.LengthValidatorTests.When_the_text_is_exactly_the_size_of_the_lower_bound_then_the_validator_should_pass" storage="c:\users\michal\workspace\github\fluentvalidation\src\fluentvalidation.tests\bin\release\netcoreapp3.1\fluentvalidation.tests.dll" id="2dc92fa1-65f7-9210-440e-a992d95b4e70">
      <Execution id="bb2d617c-df19-400a-b694-6f4cdf077353" />
      <TestMethod codeBase="C:\Users\Michal\Workspace\github\FluentValidation\src\FluentValidation.Tests\bin\Release\netcoreapp3.1\FluentValidation.Tests.dll" adapterTypeName="executor://xunit/VsTestRunner2" className="FluentValidation.Tests.LengthValidatorTests" name="When_the_text_is_exactly_the_size_of_the_lower_bound_then_the_validator_should_pass" />
    </UnitTest>
    <UnitTest name="FluentValidation.Tests.DefaultValidatorExtensionTester.Length_should_create_MinimumLengthValidator" storage="c:\users\michal\workspace\github\fluentvalidation\src\fluentvalidation.tests\bin\release\netcoreapp3.1\fluentvalidation.tests.dll" id="234d2c78-2c6b-fdf9-6a57-de902281c90a">
      <Execution id="d35378ce-a25b-4735-9095-294b666910ef" />
      <TestMethod codeBase="C:\Users\Michal\Workspace\github\FluentValidation\src\FluentValidation.Tests\bin\Release\netcoreapp3.1\FluentValidation.Tests.dll" adapterTypeName="executor://xunit/VsTestRunner2" className="FluentValidation.Tests.DefaultValidatorExtensionTester" name="Length_should_create_MinimumLengthValidator" />
    </UnitTest>
    <UnitTest name="FluentValidation.Tests.MemberAccessorTests.ImplicitCast" storage="c:\users\michal\workspace\github\fluentvalidation\src\fluentvalidation.tests\bin\release\netcoreapp3.1\fluentvalidation.tests.dll" id="c5fab2ed-1e4d-4b71-51d4-9fce86c8aad8">
      <Execution id="a4bfd390-8765-4ae8-b756-adb824ecfb7f" />
      <TestMethod codeBase="C:\Users\Michal\Workspace\github\FluentValidation\src\FluentValidation.Tests\bin\Release\netcoreapp3.1\FluentValidation.Tests.dll" adapterTypeName="executor://xunit/VsTestRunner2" className="FluentValidation.Tests.MemberAccessorTests" name="ImplicitCast" />
    </UnitTest>
    <UnitTest name="FluentValidation.Tests.AbstractValidatorTester.When_the_validators_fail_then_the_errors_Should_be_accessible_via_the_errors_property" storage="c:\users\michal\workspace\github\fluentvalidation\src\fluentvalidation.tests\bin\release\netcoreapp3.1\fluentvalidation.tests.dll" id="824df5eb-086a-28f4-612b-11938642c0c8">
      <Execution id="1277c4a5-2e62-44f7-a4dd-0445bbcf1232" />
      <TestMethod codeBase="C:\Users\Michal\Workspace\github\FluentValidation\src\FluentValidation.Tests\bin\Release\netcoreapp3.1\FluentValidation.Tests.dll" adapterTypeName="executor://xunit/VsTestRunner2" className="FluentValidation.Tests.AbstractValidatorTester" name="When_the_validators_fail_then_the_errors_Should_be_accessible_via_the_errors_property" />
    </UnitTest>
    <UnitTest name="FluentValidation.Tests.NullTester.When_the_validator_passes_the_error_message_should_be_set" storage="c:\users\michal\workspace\github\fluentvalidation\src\fluentvalidation.tests\bin\release\netcoreapp3.1\fluentvalidation.tests.dll" id="1b4fd424-fe82-2d19-70a2-29ec0f7cc2fc">
      <Execution id="2cda24ad-72a7-459f-a7b6-b42d85ae0783" />
      <TestMethod codeBase="C:\Users\Michal\Workspace\github\FluentValidation\src\FluentValidation.Tests\bin\Release\netcoreapp3.1\FluentValidation.Tests.dll" adapterTypeName="executor://xunit/VsTestRunner2" className="FluentValidation.Tests.NullTester" name="When_the_validator_passes_the_error_message_should_be_set" />
    </UnitTest>
    <UnitTest name="FluentValidation.Tests.CustomFailureActionTester.Invokes_custom_action_on_failure" storage="c:\users\michal\workspace\github\fluentvalidation\src\fluentvalidation.tests\bin\release\netcoreapp3.1\fluentvalidation.tests.dll" id="89f9b35c-bf13-0550-820f-39688ec693a5">
      <Execution id="8f984034-8ae2-4a69-8646-563f7497d458" />
      <TestMethod codeBase="C:\Users\Michal\Workspace\github\FluentValidation\src\FluentValidation.Tests\bin\Release\netcoreapp3.1\FluentValidation.Tests.dll" adapterTypeName="executor://xunit/VsTestRunner2" className="FluentValidation.Tests.CustomFailureActionTester" name="Invokes_custom_action_on_failure" />
    </UnitTest>
    <UnitTest name="FluentValidation.Tests.OnFailureTests.OnFailure_called_for_each_failed_rule" storage="c:\users\michal\workspace\github\fluentvalidation\src\fluentvalidation.tests\bin\release\netcoreapp3.1\fluentvalidation.tests.dll" id="4acb6539-3d08-a57e-d92b-33e2959bd6f8">
      <Execution id="c622cb39-102a-4243-9faa-2dd1134396ff" />
      <TestMethod codeBase="C:\Users\Michal\Workspace\github\FluentValidation\src\FluentValidation.Tests\bin\Release\netcoreapp3.1\FluentValidation.Tests.dll" adapterTypeName="executor://xunit/VsTestRunner2" className="FluentValidation.Tests.OnFailureTests" name="OnFailure_called_for_each_failed_rule" />
    </UnitTest>
    <UnitTest name="FluentValidation.Tests.EmailValidatorTests.Invalid_email_addressex_regex" storage="c:\users\michal\workspace\github\fluentvalidation\src\fluentvalidation.tests\bin\release\netcoreapp3.1\fluentvalidation.tests.dll" id="0e0db884-0030-20d8-a1cf-77e570d80455">
      <Execution id="88503186-4e6b-4250-acfc-82d9977dab31" />
      <TestMethod codeBase="C:\Users\Michal\Workspace\github\FluentValidation\src\FluentValidation.Tests\bin\Release\netcoreapp3.1\FluentValidation.Tests.dll" adapterTypeName="executor://xunit/VsTestRunner2" className="FluentValidation.Tests.EmailValidatorTests" name="Invalid_email_addressex_regex" />
    </UnitTest>
    <UnitTest name="FluentValidation.Tests.ChainedValidationTester.Explicitly_included_properties_should_be_propagated_to_nested_validators_using_strings" storage="c:\users\michal\workspace\github\fluentvalidation\src\fluentvalidation.tests\bin\release\netcoreapp3.1\fluentvalidation.tests.dll" id="b31b9075-47da-ff2c-4ef7-125f458316d1">
      <Execution id="0d35d128-ec01-4719-816d-9d923d1c5218" />
      <TestMethod codeBase="C:\Users\Michal\Workspace\github\FluentValidation\src\FluentValidation.Tests\bin\Release\netcoreapp3.1\FluentValidation.Tests.dll" adapterTypeName="executor://xunit/VsTestRunner2" className="FluentValidation.Tests.ChainedValidationTester" name="Explicitly_included_properties_should_be_propagated_to_nested_validators_using_strings" />
    </UnitTest>
    <UnitTest name="FluentValidation.Tests.OnFailureTests.ShouldHaveChildValidator_should_be_true" storage="c:\users\michal\workspace\github\fluentvalidation\src\fluentvalidation.tests\bin\release\netcoreapp3.1\fluentvalidation.tests.dll" id="eec95f0c-9cd9-6bd5-93e4-98cc4a183fd0">
      <Execution id="9df8127e-d861-4c84-8b19-69bdce26503b" />
      <TestMethod codeBase="C:\Users\Michal\Workspace\github\FluentValidation\src\FluentValidation.Tests\bin\Release\netcoreapp3.1\FluentValidation.Tests.dll" adapterTypeName="executor://xunit/VsTestRunner2" className="FluentValidation.Tests.OnFailureTests" name="ShouldHaveChildValidator_should_be_true" />
    </UnitTest>
    <UnitTest name="FluentValidation.Tests.ExtensionTester.Should_return_null_for_non_member_expressions" storage="c:\users\michal\workspace\github\fluentvalidation\src\fluentvalidation.tests\bin\release\netcoreapp3.1\fluentvalidation.tests.dll" id="ff42f186-e31c-2f43-17d9-d938a62e149a">
      <Execution id="a2ca794d-a249-4786-8e8d-9bc918659a63" />
      <TestMethod codeBase="C:\Users\Michal\Workspace\github\FluentValidation\src\FluentValidation.Tests\bin\Release\netcoreapp3.1\FluentValidation.Tests.dll" adapterTypeName="executor://xunit/VsTestRunner2" className="FluentValidation.Tests.ExtensionTester" name="Should_return_null_for_non_member_expressions" />
    </UnitTest>
    <UnitTest name="FluentValidation.Tests.RulesetTests.Executes_rules_not_specified_in_ruleset" storage="c:\users\michal\workspace\github\fluentvalidation\src\fluentvalidation.tests\bin\release\netcoreapp3.1\fluentvalidation.tests.dll" id="b58c29db-223c-6762-00fc-38fef3b55f0b">
      <Execution id="ea8ed296-32ff-4add-bb3f-b0ad47377874" />
      <TestMethod codeBase="C:\Users\Michal\Workspace\github\FluentValidation\src\FluentValidation.Tests\bin\Release\netcoreapp3.1\FluentValidation.Tests.dll" adapterTypeName="executor://xunit/VsTestRunner2" className="FluentValidation.Tests.RulesetTests" name="Executes_rules_not_specified_in_ruleset" />
    </UnitTest>
    <UnitTest name="FluentValidation.Tests.RuleBuilderTests.Nullable_object_with_async_condition_should_not_throw" storage="c:\users\michal\workspace\github\fluentvalidation\src\fluentvalidation.tests\bin\release\netcoreapp3.1\fluentvalidation.tests.dll" id="d40d4642-8586-b7a9-ba3b-c5f5a3d982c8">
      <Execution id="7a9d87c6-2ff4-464b-ac05-213f6cff691e" />
      <TestMethod codeBase="C:\Users\Michal\Workspace\github\FluentValidation\src\FluentValidation.Tests\bin\Release\netcoreapp3.1\FluentValidation.Tests.dll" adapterTypeName="executor://xunit/VsTestRunner2" className="FluentValidation.Tests.RuleBuilderTests" name="Nullable_object_with_async_condition_should_not_throw" />
    </UnitTest>
    <UnitTest name="FluentValidation.Tests.InclusiveBetweenValidatorTests.When_the_value_is_exactly_the_size_of_the_upper_bound_then_the_validator_should_pass" storage="c:\users\michal\workspace\github\fluentvalidation\src\fluentvalidation.tests\bin\release\netcoreapp3.1\fluentvalidation.tests.dll" id="29b4c4ca-1835-e0e4-1636-7148274b118d">
      <Execution id="36ad8e0d-209d-4314-bf95-83a78b52f621" />
      <TestMethod codeBase="C:\Users\Michal\Workspace\github\FluentValidation\src\FluentValidation.Tests\bin\Release\netcoreapp3.1\FluentValidation.Tests.dll" adapterTypeName="executor://xunit/VsTestRunner2" className="FluentValidation.Tests.InclusiveBetweenValidatorTests" name="When_the_value_is_exactly_the_size_of_the_upper_bound_then_the_validator_should_pass" />
    </UnitTest>
    <UnitTest name="FluentValidation.Tests.LanguageManagerTests.Disables_localization" storage="c:\users\michal\workspace\github\fluentvalidation\src\fluentvalidation.tests\bin\release\netcoreapp3.1\fluentvalidation.tests.dll" id="07ef1df0-5005-7aad-52ef-2eb1b7a98959">
      <Execution id="c086532a-813e-4667-a691-c80c99655e22" />
      <TestMethod codeBase="C:\Users\Michal\Workspace\github\FluentValidation\src\FluentValidation.Tests\bin\Release\netcoreapp3.1\FluentValidation.Tests.dll" adapterTypeName="executor://xunit/VsTestRunner2" className="FluentValidation.Tests.LanguageManagerTests" name="Disables_localization" />
    </UnitTest>
    <UnitTest name="FluentValidation.Tests.CollectionValidatorWithParentTests.Validates_collection_asynchronously" storage="c:\users\michal\workspace\github\fluentvalidation\src\fluentvalidation.tests\bin\release\netcoreapp3.1\fluentvalidation.tests.dll" id="2d362cf6-d536-6e61-f97b-49e7ead3190b">
      <Execution id="3349df6b-9e0a-4415-b8b5-c7d5b68eaa09" />
      <TestMethod codeBase="C:\Users\Michal\Workspace\github\FluentValidation\src\FluentValidation.Tests\bin\Release\netcoreapp3.1\FluentValidation.Tests.dll" adapterTypeName="executor://xunit/VsTestRunner2" className="FluentValidation.Tests.CollectionValidatorWithParentTests" name="Validates_collection_asynchronously" />
    </UnitTest>
    <UnitTest name="FluentValidation.Tests.ValidatorTesterTester.ShouldNotHaveValidationError_should_throw_when_there_are_validation_errors__WhenAsyn_is_used" storage="c:\users\michal\workspace\github\fluentvalidation\src\fluentvalidation.tests\bin\release\netcoreapp3.1\fluentvalidation.tests.dll" id="894ae6c8-d7db-8ef2-d504-21926eec5d9b">
      <Execution id="b872bbaf-8719-4913-9793-270526fe8b9f" />
      <TestMethod codeBase="C:\Users\Michal\Workspace\github\FluentValidation\src\FluentValidation.Tests\bin\Release\netcoreapp3.1\FluentValidation.Tests.dll" adapterTypeName="executor://xunit/VsTestRunner2" className="FluentValidation.Tests.ValidatorTesterTester" name="ShouldNotHaveValidationError_should_throw_when_there_are_validation_errors__WhenAsyn_is_used" />
    </UnitTest>
    <UnitTest name="FluentValidation.Tests.ConditionTests.Validation_should_fail_when_condition_matches" storage="c:\users\michal\workspace\github\fluentvalidation\src\fluentvalidation.tests\bin\release\netcoreapp3.1\fluentvalidation.tests.dll" id="010cfe3c-5197-1fc3-07fe-c9674d2fcaba">
      <Execution id="0fc9a92b-0fb4-4b66-bc03-e3364bce4ce2" />
      <TestMethod codeBase="C:\Users\Michal\Workspace\github\FluentValidation\src\FluentValidation.Tests\bin\Release\netcoreapp3.1\FluentValidation.Tests.dll" adapterTypeName="executor://xunit/VsTestRunner2" className="FluentValidation.Tests.ConditionTests" name="Validation_should_fail_when_condition_matches" />
    </UnitTest>
    <UnitTest name="FluentValidation.Tests.LessThanOrEqualToValidatorTester.Validates_nullable_with_nullable_property" storage="c:\users\michal\workspace\github\fluentvalidation\src\fluentvalidation.tests\bin\release\netcoreapp3.1\fluentvalidation.tests.dll" id="e25c3d00-03c6-d2fa-ba77-023f3c4c50ed">
      <Execution id="00c38aef-a499-4d84-92ea-3c7d110e6f4c" />
      <TestMethod codeBase="C:\Users\Michal\Workspace\github\FluentValidation\src\FluentValidation.Tests\bin\Release\netcoreapp3.1\FluentValidation.Tests.dll" adapterTypeName="executor://xunit/VsTestRunner2" className="FluentValidation.Tests.LessThanOrEqualToValidatorTester" name="Validates_nullable_with_nullable_property" />
    </UnitTest>
    <UnitTest name="FluentValidation.Tests.ValidationResultTests.ToString_return_error_messages_with_given_separator" storage="c:\users\michal\workspace\github\fluentvalidation\src\fluentvalidation.tests\bin\release\netcoreapp3.1\fluentvalidation.tests.dll" id="eeee919c-4501-4016-6c44-7e5eed095d98">
      <Execution id="01fa12eb-2c97-4956-8f09-144ec6ddb2d6" />
      <TestMethod codeBase="C:\Users\Michal\Workspace\github\FluentValidation\src\FluentValidation.Tests\bin\Release\netcoreapp3.1\FluentValidation.Tests.dll" adapterTypeName="executor://xunit/VsTestRunner2" className="FluentValidation.Tests.ValidationResultTests" name="ToString_return_error_messages_with_given_separator" />
    </UnitTest>
    <UnitTest name="FluentValidation.Tests.CascadingFailuresTester.Cascade_mode_can_be_set_after_validator_instantiated_legacy" storage="c:\users\michal\workspace\github\fluentvalidation\src\fluentvalidation.tests\bin\release\netcoreapp3.1\fluentvalidation.tests.dll" id="92ec758b-0a9f-eb6f-5728-7177bd21bd92">
      <Execution id="b1a94429-c836-4b46-98c2-dfe9704e0130" />
      <TestMethod codeBase="C:\Users\Michal\Workspace\github\FluentValidation\src\FluentValidation.Tests\bin\Release\netcoreapp3.1\FluentValidation.Tests.dll" adapterTypeName="executor://xunit/VsTestRunner2" className="FluentValidation.Tests.CascadingFailuresTester" name="Cascade_mode_can_be_set_after_validator_instantiated_legacy" />
    </UnitTest>
    <UnitTest name="FluentValidation.Tests.NameResolutionPluggabilityTester.ShouldHaveValidationError_Should_support_custom_propertynameresolver" storage="c:\users\michal\workspace\github\fluentvalidation\src\fluentvalidation.tests\bin\release\netcoreapp3.1\fluentvalidation.tests.dll" id="94c28ca7-454f-5c4d-1269-84f379a61e47">
      <Execution id="bcbe3099-1e17-410a-bd7e-d64fa41bee73" />
      <TestMethod codeBase="C:\Users\Michal\Workspace\github\FluentValidation\src\FluentValidation.Tests\bin\Release\netcoreapp3.1\FluentValidation.Tests.dll" adapterTypeName="executor://xunit/VsTestRunner2" className="FluentValidation.Tests.NameResolutionPluggabilityTester" name="ShouldHaveValidationError_Should_support_custom_propertynameresolver" />
    </UnitTest>
    <UnitTest name="FluentValidation.Tests.SharedConditionTests.Does_not_execute_customasync_Rule_when_async_condition_false" storage="c:\users\michal\workspace\github\fluentvalidation\src\fluentvalidation.tests\bin\release\netcoreapp3.1\fluentvalidation.tests.dll" id="110f7b39-d081-119c-a4de-2c6c6ea947ad">
      <Execution id="70010b32-cb39-4ebf-b875-1bdb77c0df50" />
      <TestMethod codeBase="C:\Users\Michal\Workspace\github\FluentValidation\src\FluentValidation.Tests\bin\Release\netcoreapp3.1\FluentValidation.Tests.dll" adapterTypeName="executor://xunit/VsTestRunner2" className="FluentValidation.Tests.SharedConditionTests" name="Does_not_execute_customasync_Rule_when_async_condition_false" />
    </UnitTest>
    <UnitTest name="FluentValidation.Tests.ValidatorTesterTester.ShouldHaveValidationError_should_throw_when_there_are_not_validation_errors__WhenAsyn_Is_Used" storage="c:\users\michal\workspace\github\fluentvalidation\src\fluentvalidation.tests\bin\release\netcoreapp3.1\fluentvalidation.tests.dll" id="40e58b95-a20a-0164-25b5-43053926bef8">
      <Execution id="4153aa3b-88da-4919-b24e-7c1014f8bd3e" />
      <TestMethod codeBase="C:\Users\Michal\Workspace\github\FluentValidation\src\FluentValidation.Tests\bin\Release\netcoreapp3.1\FluentValidation.Tests.dll" adapterTypeName="executor://xunit/VsTestRunner2" className="FluentValidation.Tests.ValidatorTesterTester" name="ShouldHaveValidationError_should_throw_when_there_are_not_validation_errors__WhenAsyn_Is_Used" />
    </UnitTest>
    <UnitTest name="FluentValidation.Tests.NullTester.NullValidator_should_pass_if_value_is_null" storage="c:\users\michal\workspace\github\fluentvalidation\src\fluentvalidation.tests\bin\release\netcoreapp3.1\fluentvalidation.tests.dll" id="6c87fcde-674b-b571-b4a2-f7b38dd3dff3">
      <Execution id="24dd5ac4-1d71-4870-be8a-b8539736671e" />
      <TestMethod codeBase="C:\Users\Michal\Workspace\github\FluentValidation\src\FluentValidation.Tests\bin\Release\netcoreapp3.1\FluentValidation.Tests.dll" adapterTypeName="executor://xunit/VsTestRunner2" className="FluentValidation.Tests.NullTester" name="NullValidator_should_pass_if_value_is_null" />
    </UnitTest>
    <UnitTest name="FluentValidation.Tests.LanguageManagerTests.Can_replace_message" storage="c:\users\michal\workspace\github\fluentvalidation\src\fluentvalidation.tests\bin\release\netcoreapp3.1\fluentvalidation.tests.dll" id="6515b852-c314-18eb-25e8-cffaaf33a23c">
      <Execution id="bd8f9d6e-b393-427e-84a7-5ef58a8ec002" />
      <TestMethod codeBase="C:\Users\Michal\Workspace\github\FluentValidation\src\FluentValidation.Tests\bin\Release\netcoreapp3.1\FluentValidation.Tests.dll" adapterTypeName="executor://xunit/VsTestRunner2" className="FluentValidation.Tests.LanguageManagerTests" name="Can_replace_message" />
    </UnitTest>
    <UnitTest name="FluentValidation.Tests.ValidationResultTests.Should_add_errors" storage="c:\users\michal\workspace\github\fluentvalidation\src\fluentvalidation.tests\bin\release\netcoreapp3.1\fluentvalidation.tests.dll" id="5fbe45f0-ab82-02e3-7893-994226045d28">
      <Execution id="a330fc34-9845-4d07-b756-744a47b2d7b3" />
      <TestMethod codeBase="C:\Users\Michal\Workspace\github\FluentValidation\src\FluentValidation.Tests\bin\Release\netcoreapp3.1\FluentValidation.Tests.dll" adapterTypeName="executor://xunit/VsTestRunner2" className="FluentValidation.Tests.ValidationResultTests" name="Should_add_errors" />
    </UnitTest>
    <UnitTest name="FluentValidation.Tests.CustomFailureActionTester.Passes_object_being_validated_to_action" storage="c:\users\michal\workspace\github\fluentvalidation\src\fluentvalidation.tests\bin\release\netcoreapp3.1\fluentvalidation.tests.dll" id="6ea03f42-e934-0854-d4bf-c32d7ad9e326">
      <Execution id="826411f8-2ae5-4272-8ef9-24b6305e2b99" />
      <TestMethod codeBase="C:\Users\Michal\Workspace\github\FluentValidation\src\FluentValidation.Tests\bin\Release\netcoreapp3.1\FluentValidation.Tests.dll" adapterTypeName="executor://xunit/VsTestRunner2" className="FluentValidation.Tests.CustomFailureActionTester" name="Passes_object_being_validated_to_action" />
    </UnitTest>
    <UnitTest name="FluentValidation.Tests.ValidatorTesterTester.TestValidate_runs_async_throws" storage="c:\users\michal\workspace\github\fluentvalidation\src\fluentvalidation.tests\bin\release\netcoreapp3.1\fluentvalidation.tests.dll" id="59d60f31-1608-15b8-71a3-eb8d233a9f17">
      <Execution id="ea1fc449-c90e-4d16-b936-b17fd442ca76" />
      <TestMethod codeBase="C:\Users\Michal\Workspace\github\FluentValidation\src\FluentValidation.Tests\bin\Release\netcoreapp3.1\FluentValidation.Tests.dll" adapterTypeName="executor://xunit/VsTestRunner2" className="FluentValidation.Tests.ValidatorTesterTester" name="TestValidate_runs_async_throws" />
    </UnitTest>
    <UnitTest name="FluentValidation.Tests.AssemblyScannerTester.ForEach_iterates_over_types" storage="c:\users\michal\workspace\github\fluentvalidation\src\fluentvalidation.tests\bin\release\netcoreapp3.1\fluentvalidation.tests.dll" id="47883b1f-f625-977f-2fc0-506e4365d80e">
      <Execution id="58f7c1ad-c92a-422b-aeaf-4ad80405afac" />
      <TestMethod codeBase="C:\Users\Michal\Workspace\github\FluentValidation\src\FluentValidation.Tests\bin\Release\netcoreapp3.1\FluentValidation.Tests.dll" adapterTypeName="executor://xunit/VsTestRunner2" className="FluentValidation.Tests.AssemblyScannerTester" name="ForEach_iterates_over_types" />
    </UnitTest>
    <UnitTest name="FluentValidation.Tests.ValidatorTesterTester.ShouldNotHaveValidationError_async_throws" storage="c:\users\michal\workspace\github\fluentvalidation\src\fluentvalidation.tests\bin\release\netcoreapp3.1\fluentvalidation.tests.dll" id="295f9170-bcd0-1ff1-7a32-f1955734f351">
      <Execution id="14063fec-723a-4fac-ab86-0463956447a8" />
      <TestMethod codeBase="C:\Users\Michal\Workspace\github\FluentValidation\src\FluentValidation.Tests\bin\Release\netcoreapp3.1\FluentValidation.Tests.dll" adapterTypeName="executor://xunit/VsTestRunner2" className="FluentValidation.Tests.ValidatorTesterTester" name="ShouldNotHaveValidationError_async_throws" />
    </UnitTest>
    <UnitTest name="FluentValidation.Tests.LessThanValidatorTester.Should_set_default_validation_message_when_validation_fails" storage="c:\users\michal\workspace\github\fluentvalidation\src\fluentvalidation.tests\bin\release\netcoreapp3.1\fluentvalidation.tests.dll" id="3dbaffab-8b27-a46e-823e-2bfce4c0fa2d">
      <Execution id="4fda617b-3154-491c-87fe-e9c3ef71b1d4" />
      <TestMethod codeBase="C:\Users\Michal\Workspace\github\FluentValidation\src\FluentValidation.Tests\bin\Release\netcoreapp3.1\FluentValidation.Tests.dll" adapterTypeName="executor://xunit/VsTestRunner2" className="FluentValidation.Tests.LessThanValidatorTester" name="Should_set_default_validation_message_when_validation_fails" />
    </UnitTest>
    <UnitTest name="FluentValidation.Tests.ChainedValidationTester.Separate_validation_on_chained_property_conditional" storage="c:\users\michal\workspace\github\fluentvalidation\src\fluentvalidation.tests\bin\release\netcoreapp3.1\fluentvalidation.tests.dll" id="a50ca4dd-43a8-3c97-d595-a23d4f561f1b">
      <Execution id="e20ba2cc-4766-4f8d-b70d-e8032435e735" />
      <TestMethod codeBase="C:\Users\Michal\Workspace\github\FluentValidation\src\FluentValidation.Tests\bin\Release\netcoreapp3.1\FluentValidation.Tests.dll" adapterTypeName="executor://xunit/VsTestRunner2" className="FluentValidation.Tests.ChainedValidationTester" name="Separate_validation_on_chained_property_conditional" />
    </UnitTest>
    <UnitTest name="FluentValidation.Tests.EnumValidatorTests.IsValidTests" storage="c:\users\michal\workspace\github\fluentvalidation\src\fluentvalidation.tests\bin\release\netcoreapp3.1\fluentvalidation.tests.dll" id="bbe31c75-2e65-0d75-87aa-01269453186f">
      <Execution id="152b1246-b144-4510-a3e8-c71284e941e5" />
      <TestMethod codeBase="C:\Users\Michal\Workspace\github\FluentValidation\src\FluentValidation.Tests\bin\Release\netcoreapp3.1\FluentValidation.Tests.dll" adapterTypeName="executor://xunit/VsTestRunner2" className="FluentValidation.Tests.EnumValidatorTests" name="IsValidTests" />
    </UnitTest>
    <UnitTest name="FluentValidation.Tests.AbstractValidatorTester.OverridePropertyName_with_lambda_should_override_property_name" storage="c:\users\michal\workspace\github\fluentvalidation\src\fluentvalidation.tests\bin\release\netcoreapp3.1\fluentvalidation.tests.dll" id="8762ed22-6e6f-ad75-4953-a6659a6dbc90">
      <Execution id="6abe18ac-a496-4531-a1aa-455d82b20b95" />
      <TestMethod codeBase="C:\Users\Michal\Workspace\github\FluentValidation\src\FluentValidation.Tests\bin\Release\netcoreapp3.1\FluentValidation.Tests.dll" adapterTypeName="executor://xunit/VsTestRunner2" className="FluentValidation.Tests.AbstractValidatorTester" name="OverridePropertyName_with_lambda_should_override_property_name" />
    </UnitTest>
    <UnitTest name="FluentValidation.Tests.GreaterThanValidatorTester.Comparison_Type" storage="c:\users\michal\workspace\github\fluentvalidation\src\fluentvalidation.tests\bin\release\netcoreapp3.1\fluentvalidation.tests.dll" id="82b951e8-00ae-f43b-ae5a-6615e231a190">
      <Execution id="184ba738-4bd9-449c-a9f5-f5dfcdfe2f67" />
      <TestMethod codeBase="C:\Users\Michal\Workspace\github\FluentValidation\src\FluentValidation.Tests\bin\Release\netcoreapp3.1\FluentValidation.Tests.dll" adapterTypeName="executor://xunit/VsTestRunner2" className="FluentValidation.Tests.GreaterThanValidatorTester" name="Comparison_Type" />
    </UnitTest>
    <UnitTest name="FluentValidation.Tests.ScalePrecisionValidatorTests.Scale_precision_should_be_valid_when_they_are_equal" storage="c:\users\michal\workspace\github\fluentvalidation\src\fluentvalidation.tests\bin\release\netcoreapp3.1\fluentvalidation.tests.dll" id="61331ee7-25d2-50ac-36c9-383508a97130">
      <Execution id="17b7399f-d084-4004-bd1e-a1628763a02a" />
      <TestMethod codeBase="C:\Users\Michal\Workspace\github\FluentValidation\src\FluentValidation.Tests\bin\Release\netcoreapp3.1\FluentValidation.Tests.dll" adapterTypeName="executor://xunit/VsTestRunner2" className="FluentValidation.Tests.ScalePrecisionValidatorTests" name="Scale_precision_should_be_valid_when_they_are_equal" />
    </UnitTest>
    <UnitTest name="FluentValidation.Tests.EnumValidatorTests.When_validation_fails_the_default_error_should_be_set" storage="c:\users\michal\workspace\github\fluentvalidation\src\fluentvalidation.tests\bin\release\netcoreapp3.1\fluentvalidation.tests.dll" id="0009af25-bec8-4f03-f9aa-955632d8f5d0">
      <Execution id="b03de8a7-7594-4f25-8dd2-7168f754a2a8" />
      <TestMethod codeBase="C:\Users\Michal\Workspace\github\FluentValidation\src\FluentValidation.Tests\bin\Release\netcoreapp3.1\FluentValidation.Tests.dll" adapterTypeName="executor://xunit/VsTestRunner2" className="FluentValidation.Tests.EnumValidatorTests" name="When_validation_fails_the_default_error_should_be_set" />
    </UnitTest>
    <UnitTest name="FluentValidation.Tests.EqualValidatorTests.When_the_objects_are_not_equal_validation_should_fail" storage="c:\users\michal\workspace\github\fluentvalidation\src\fluentvalidation.tests\bin\release\netcoreapp3.1\fluentvalidation.tests.dll" id="c04c279a-5aaa-475f-cd8a-ecac73f8f05d">
      <Execution id="02d9f9dd-077e-41b3-9bf2-45ae8620921e" />
      <TestMethod codeBase="C:\Users\Michal\Workspace\github\FluentValidation\src\FluentValidation.Tests\bin\Release\netcoreapp3.1\FluentValidation.Tests.dll" adapterTypeName="executor://xunit/VsTestRunner2" className="FluentValidation.Tests.EqualValidatorTests" name="When_the_objects_are_not_equal_validation_should_fail" />
    </UnitTest>
    <UnitTest name="FluentValidation.Tests.MessageFormatterTests.Adds_formatted_argument_and_formatted_custom_arguments" storage="c:\users\michal\workspace\github\fluentvalidation\src\fluentvalidation.tests\bin\release\netcoreapp3.1\fluentvalidation.tests.dll" id="c90e055f-9876-7020-08d6-6aa4283c5bfc">
      <Execution id="e4d7425d-f528-4d6a-9220-815dd12793f9" />
      <TestMethod codeBase="C:\Users\Michal\Workspace\github\FluentValidation\src\FluentValidation.Tests\bin\Release\netcoreapp3.1\FluentValidation.Tests.dll" adapterTypeName="executor://xunit/VsTestRunner2" className="FluentValidation.Tests.MessageFormatterTests" name="Adds_formatted_argument_and_formatted_custom_arguments" />
    </UnitTest>
    <UnitTest name="FluentValidation.Tests.ExclusiveBetweenValidatorTests.When_the_value_is_exactly_the_size_of_the_lower_bound_then_the_validator_should_fail" storage="c:\users\michal\workspace\github\fluentvalidation\src\fluentvalidation.tests\bin\release\netcoreapp3.1\fluentvalidation.tests.dll" id="ac7589c4-2d49-812a-ca4f-0238dd101553">
      <Execution id="570cbd35-4d85-4226-8be2-917092db2921" />
      <TestMethod codeBase="C:\Users\Michal\Workspace\github\FluentValidation\src\FluentValidation.Tests\bin\Release\netcoreapp3.1\FluentValidation.Tests.dll" adapterTypeName="executor://xunit/VsTestRunner2" className="FluentValidation.Tests.ExclusiveBetweenValidatorTests" name="When_the_value_is_exactly_the_size_of_the_lower_bound_then_the_validator_should_fail" />
    </UnitTest>
    <UnitTest name="FluentValidation.Tests.SharedConditionTests.Nested_async_conditions_with_Custom_rule" storage="c:\users\michal\workspace\github\fluentvalidation\src\fluentvalidation.tests\bin\release\netcoreapp3.1\fluentvalidation.tests.dll" id="cca17a47-1e11-3afe-766d-f57e3a3e0b86">
      <Execution id="33a936a0-d439-4acf-94c2-a8e365c2a359" />
      <TestMethod codeBase="C:\Users\Michal\Workspace\github\FluentValidation\src\FluentValidation.Tests\bin\Release\netcoreapp3.1\FluentValidation.Tests.dll" adapterTypeName="executor://xunit/VsTestRunner2" className="FluentValidation.Tests.SharedConditionTests" name="Nested_async_conditions_with_Custom_rule" />
    </UnitTest>
    <UnitTest name="FluentValidation.Tests.ExtensionTester.Should_split_pascal_cased_member_name" storage="c:\users\michal\workspace\github\fluentvalidation\src\fluentvalidation.tests\bin\release\netcoreapp3.1\fluentvalidation.tests.dll" id="26384bfd-9f97-dd26-9d89-6ec567fc35dc">
      <Execution id="bd37b411-d958-4a3e-a4ed-8bade532bbcb" />
      <TestMethod codeBase="C:\Users\Michal\Workspace\github\FluentValidation\src\FluentValidation.Tests\bin\Release\netcoreapp3.1\FluentValidation.Tests.dll" adapterTypeName="executor://xunit/VsTestRunner2" className="FluentValidation.Tests.ExtensionTester" name="Should_split_pascal_cased_member_name" />
    </UnitTest>
    <UnitTest name="FluentValidation.Tests.MessageFormatterTests.Should_ignore_unknown_parameters" storage="c:\users\michal\workspace\github\fluentvalidation\src\fluentvalidation.tests\bin\release\netcoreapp3.1\fluentvalidation.tests.dll" id="f7ade730-f82f-4f48-d5e0-b49fda311ca8">
      <Execution id="b99b1730-d1a6-4ca7-ae0d-fb9be18f1849" />
      <TestMethod codeBase="C:\Users\Michal\Workspace\github\FluentValidation\src\FluentValidation.Tests\bin\Release\netcoreapp3.1\FluentValidation.Tests.dll" adapterTypeName="executor://xunit/VsTestRunner2" className="FluentValidation.Tests.MessageFormatterTests" name="Should_ignore_unknown_parameters" />
    </UnitTest>
    <UnitTest name="FluentValidation.Tests.ConditionTests.Validation_should_succeed_when_async_condition_does_not_match" storage="c:\users\michal\workspace\github\fluentvalidation\src\fluentvalidation.tests\bin\release\netcoreapp3.1\fluentvalidation.tests.dll" id="54f5146a-1da7-742c-f971-04903de69147">
      <Execution id="8dfcc213-bf3a-4d62-beee-98d31d7a80db" />
      <TestMethod codeBase="C:\Users\Michal\Workspace\github\FluentValidation\src\FluentValidation.Tests\bin\Release\netcoreapp3.1\FluentValidation.Tests.dll" adapterTypeName="executor://xunit/VsTestRunner2" className="FluentValidation.Tests.ConditionTests" name="Validation_should_succeed_when_async_condition_does_not_match" />
    </UnitTest>
    <UnitTest name="FluentValidation.Tests.RuleBuilderTests.Conditional_child_validator_should_register_with_validator_type_not_property" storage="c:\users\michal\workspace\github\fluentvalidation\src\fluentvalidation.tests\bin\release\netcoreapp3.1\fluentvalidation.tests.dll" id="86bcbe7f-8358-7a9c-4709-a3d6d53932a6">
      <Execution id="ceb54b4b-4bce-477e-bc61-9d696e1ee93d" />
      <TestMethod codeBase="C:\Users\Michal\Workspace\github\FluentValidation\src\FluentValidation.Tests\bin\Release\netcoreapp3.1\FluentValidation.Tests.dll" adapterTypeName="executor://xunit/VsTestRunner2" className="FluentValidation.Tests.RuleBuilderTests" name="Conditional_child_validator_should_register_with_validator_type_not_property" />
    </UnitTest>
    <UnitTest name="FluentValidation.Tests.CascadingFailuresTester.Validation_continues_on_failure_when_set_to_StopOnFirstFailure_at_validator_level_and_overriden_at_rule_level" storage="c:\users\michal\workspace\github\fluentvalidation\src\fluentvalidation.tests\bin\release\netcoreapp3.1\fluentvalidation.tests.dll" id="98757e71-bcbf-253a-301f-a0923b73a5b4">
      <Execution id="ec950456-5fce-4060-a619-3a4568cc5375" />
      <TestMethod codeBase="C:\Users\Michal\Workspace\github\FluentValidation\src\FluentValidation.Tests\bin\Release\netcoreapp3.1\FluentValidation.Tests.dll" adapterTypeName="executor://xunit/VsTestRunner2" className="FluentValidation.Tests.CascadingFailuresTester" name="Validation_continues_on_failure_when_set_to_StopOnFirstFailure_at_validator_level_and_overriden_at_rule_level" />
    </UnitTest>
    <UnitTest name="FluentValidation.Tests.ExclusiveBetweenValidatorTests.When_the_text_is_larger_than_the_range_then_the_validator_should_fail_for_strings" storage="c:\users\michal\workspace\github\fluentvalidation\src\fluentvalidation.tests\bin\release\netcoreapp3.1\fluentvalidation.tests.dll" id="76517da6-b143-2fc1-2da7-f9df332e5afb">
      <Execution id="4132965c-6eea-41c5-abde-e64ae224bd93" />
      <TestMethod codeBase="C:\Users\Michal\Workspace\github\FluentValidation\src\FluentValidation.Tests\bin\Release\netcoreapp3.1\FluentValidation.Tests.dll" adapterTypeName="executor://xunit/VsTestRunner2" className="FluentValidation.Tests.ExclusiveBetweenValidatorTests" name="When_the_text_is_larger_than_the_range_then_the_validator_should_fail_for_strings" />
    </UnitTest>
    <UnitTest name="FluentValidation.Tests.LessThanOrEqualToValidatorTester.Comparison_property_uses_custom_resolver" storage="c:\users\michal\workspace\github\fluentvalidation\src\fluentvalidation.tests\bin\release\netcoreapp3.1\fluentvalidation.tests.dll" id="7409a040-113b-32e9-ab9a-81d8f3cd77aa">
      <Execution id="26f44ce5-c145-4bee-9d6a-91fb243b705a" />
      <TestMethod codeBase="C:\Users\Michal\Workspace\github\FluentValidation\src\FluentValidation.Tests\bin\Release\netcoreapp3.1\FluentValidation.Tests.dll" adapterTypeName="executor://xunit/VsTestRunner2" className="FluentValidation.Tests.LessThanOrEqualToValidatorTester" name="Comparison_property_uses_custom_resolver" />
    </UnitTest>
    <UnitTest name="FluentValidation.Tests.RuleBuilderTests.PropertyDescription_should_return_property_name_split" storage="c:\users\michal\workspace\github\fluentvalidation\src\fluentvalidation.tests\bin\release\netcoreapp3.1\fluentvalidation.tests.dll" id="6d967bee-d315-85be-4cd8-dfbefcd00726">
      <Execution id="e64357ba-37c3-4f30-99e7-287699b4bca4" />
      <TestMethod codeBase="C:\Users\Michal\Workspace\github\FluentValidation\src\FluentValidation.Tests\bin\Release\netcoreapp3.1\FluentValidation.Tests.dll" adapterTypeName="executor://xunit/VsTestRunner2" className="FluentValidation.Tests.RuleBuilderTests" name="PropertyDescription_should_return_property_name_split" />
    </UnitTest>
    <UnitTest name="FluentValidation.Tests.LengthValidatorTests.When_the_text_is_exactly_the_size_of_the_lambda_lower_bound_then_the_validator_should_pass" storage="c:\users\michal\workspace\github\fluentvalidation\src\fluentvalidation.tests\bin\release\netcoreapp3.1\fluentvalidation.tests.dll" id="00e3c74e-2c3f-3266-ede7-44fed28779bc">
      <Execution id="065cc9b8-f5b2-4d8e-b751-516906a72dc7" />
      <TestMethod codeBase="C:\Users\Michal\Workspace\github\FluentValidation\src\FluentValidation.Tests\bin\Release\netcoreapp3.1\FluentValidation.Tests.dll" adapterTypeName="executor://xunit/VsTestRunner2" className="FluentValidation.Tests.LengthValidatorTests" name="When_the_text_is_exactly_the_size_of_the_lambda_lower_bound_then_the_validator_should_pass" />
    </UnitTest>
    <UnitTest name="FluentValidation.Tests.OnFailureTests.Should_be_able_to_access_error_message_in_OnFailure" storage="c:\users\michal\workspace\github\fluentvalidation\src\fluentvalidation.tests\bin\release\netcoreapp3.1\fluentvalidation.tests.dll" id="fd86f94b-b2b5-57b0-6af6-9155f01b6c99">
      <Execution id="d7526366-6014-4e7e-aae2-5878d0298fbd" />
      <TestMethod codeBase="C:\Users\Michal\Workspace\github\FluentValidation\src\FluentValidation.Tests\bin\Release\netcoreapp3.1\FluentValidation.Tests.dll" adapterTypeName="executor://xunit/VsTestRunner2" className="FluentValidation.Tests.OnFailureTests" name="Should_be_able_to_access_error_message_in_OnFailure" />
    </UnitTest>
    <UnitTest name="FluentValidation.Tests.CascadingFailuresTester.Validation_continues_to_second_validator_when_first_validator_succeeds_and_cascade_set_to_stop" storage="c:\users\michal\workspace\github\fluentvalidation\src\fluentvalidation.tests\bin\release\netcoreapp3.1\fluentvalidation.tests.dll" id="d39f6157-f567-d8fb-0b72-9893a61956da">
      <Execution id="f1644ad0-014a-4b9f-92db-f9ea1bc3b025" />
      <TestMethod codeBase="C:\Users\Michal\Workspace\github\FluentValidation\src\FluentValidation.Tests\bin\Release\netcoreapp3.1\FluentValidation.Tests.dll" adapterTypeName="executor://xunit/VsTestRunner2" className="FluentValidation.Tests.CascadingFailuresTester" name="Validation_continues_to_second_validator_when_first_validator_succeeds_and_cascade_set_to_stop" />
    </UnitTest>
    <UnitTest name="FluentValidation.Tests.AbstractValidatorTester.Should_validate_single_property_where_invalid_property_as_string" storage="c:\users\michal\workspace\github\fluentvalidation\src\fluentvalidation.tests\bin\release\netcoreapp3.1\fluentvalidation.tests.dll" id="4d04b2c4-4088-280e-2bde-c56de605bb36">
      <Execution id="55e858ad-e880-4ce6-b497-252155c3f5b3" />
      <TestMethod codeBase="C:\Users\Michal\Workspace\github\FluentValidation\src\FluentValidation.Tests\bin\Release\netcoreapp3.1\FluentValidation.Tests.dll" adapterTypeName="executor://xunit/VsTestRunner2" className="FluentValidation.Tests.AbstractValidatorTester" name="Should_validate_single_property_where_invalid_property_as_string" />
    </UnitTest>
    <UnitTest name="FluentValidation.Tests.ConditionTests.Async_condition_executed_synchronosuly_with_asynchronous_collection_rule" storage="c:\users\michal\workspace\github\fluentvalidation\src\fluentvalidation.tests\bin\release\netcoreapp3.1\fluentvalidation.tests.dll" id="c4ef885a-032c-ae18-ed52-d0e2d6812681">
      <Execution id="5ced9201-0a72-4c30-ad67-fe0891d1588b" />
      <TestMethod codeBase="C:\Users\Michal\Workspace\github\FluentValidation\src\FluentValidation.Tests\bin\Release\netcoreapp3.1\FluentValidation.Tests.dll" adapterTypeName="executor://xunit/VsTestRunner2" className="FluentValidation.Tests.ConditionTests" name="Async_condition_executed_synchronosuly_with_asynchronous_collection_rule" />
    </UnitTest>
    <UnitTest name="FluentValidation.Tests.InheritanceValidatorTest.Validates_ruleset_async" storage="c:\users\michal\workspace\github\fluentvalidation\src\fluentvalidation.tests\bin\release\netcoreapp3.1\fluentvalidation.tests.dll" id="50838768-37c7-2048-d9ab-4b84f73592be">
      <Execution id="3ed18cc1-0055-473a-a6d8-796e7b3d5b4a" />
      <TestMethod codeBase="C:\Users\Michal\Workspace\github\FluentValidation\src\FluentValidation.Tests\bin\Release\netcoreapp3.1\FluentValidation.Tests.dll" adapterTypeName="executor://xunit/VsTestRunner2" className="FluentValidation.Tests.InheritanceValidatorTest" name="Validates_ruleset_async" />
    </UnitTest>
    <UnitTest name="FluentValidation.Tests.ComplexValidationTester.Complex_property_should_be_excluded" storage="c:\users\michal\workspace\github\fluentvalidation\src\fluentvalidation.tests\bin\release\netcoreapp3.1\fluentvalidation.tests.dll" id="0e6965d1-b5eb-5c85-33a1-f589eda9b603">
      <Execution id="fd396800-8693-4bd8-abe1-c31a5050fc2d" />
      <TestMethod codeBase="C:\Users\Michal\Workspace\github\FluentValidation\src\FluentValidation.Tests\bin\Release\netcoreapp3.1\FluentValidation.Tests.dll" adapterTypeName="executor://xunit/VsTestRunner2" className="FluentValidation.Tests.ComplexValidationTester" name="Complex_property_should_be_excluded" />
    </UnitTest>
    <UnitTest name="FluentValidation.Tests.DefaultValidatorExtensionTester.GreaterThan_should_create_GreaterThanValidator_with_explicit_value" storage="c:\users\michal\workspace\github\fluentvalidation\src\fluentvalidation.tests\bin\release\netcoreapp3.1\fluentvalidation.tests.dll" id="9068d736-ea69-dc2b-200c-2ff9ac64ba00">
      <Execution id="7823a16d-4ba2-4afb-b274-7b3544362373" />
      <TestMethod codeBase="C:\Users\Michal\Workspace\github\FluentValidation\src\FluentValidation.Tests\bin\Release\netcoreapp3.1\FluentValidation.Tests.dll" adapterTypeName="executor://xunit/VsTestRunner2" className="FluentValidation.Tests.DefaultValidatorExtensionTester" name="GreaterThan_should_create_GreaterThanValidator_with_explicit_value" />
    </UnitTest>
    <UnitTest name="FluentValidation.Tests.ExclusiveBetweenValidatorTests.Validates_with_nullable_when_property_is_null" storage="c:\users\michal\workspace\github\fluentvalidation\src\fluentvalidation.tests\bin\release\netcoreapp3.1\fluentvalidation.tests.dll" id="b055da6f-c520-742c-87d7-1396435a7193">
      <Execution id="19666810-66e9-44ce-96dd-063e6176edc2" />
      <TestMethod codeBase="C:\Users\Michal\Workspace\github\FluentValidation\src\FluentValidation.Tests\bin\Release\netcoreapp3.1\FluentValidation.Tests.dll" adapterTypeName="executor://xunit/VsTestRunner2" className="FluentValidation.Tests.ExclusiveBetweenValidatorTests" name="Validates_with_nullable_when_property_is_null" />
    </UnitTest>
    <UnitTest name="FluentValidation.Tests.LanguageManagerTests.Gets_translation_for_specific_culture" storage="c:\users\michal\workspace\github\fluentvalidation\src\fluentvalidation.tests\bin\release\netcoreapp3.1\fluentvalidation.tests.dll" id="ccb6bf4d-8747-98fa-ce03-3a379e206657">
      <Execution id="17b3d49b-876c-49a1-9ee9-d23f2638a691" />
      <TestMethod codeBase="C:\Users\Michal\Workspace\github\FluentValidation\src\FluentValidation.Tests\bin\Release\netcoreapp3.1\FluentValidation.Tests.dll" adapterTypeName="executor://xunit/VsTestRunner2" className="FluentValidation.Tests.LanguageManagerTests" name="Gets_translation_for_specific_culture" />
    </UnitTest>
    <UnitTest name="FluentValidation.Tests.RulesetTests.Applies_multiple_rulesets_to_rule" storage="c:\users\michal\workspace\github\fluentvalidation\src\fluentvalidation.tests\bin\release\netcoreapp3.1\fluentvalidation.tests.dll" id="9fd7af1b-5f90-a800-74a0-e78d191c0288">
      <Execution id="d8907165-e0be-4b52-9b6f-e74285e6acb9" />
      <TestMethod codeBase="C:\Users\Michal\Workspace\github\FluentValidation\src\FluentValidation.Tests\bin\Release\netcoreapp3.1\FluentValidation.Tests.dll" adapterTypeName="executor://xunit/VsTestRunner2" className="FluentValidation.Tests.RulesetTests" name="Applies_multiple_rulesets_to_rule" />
    </UnitTest>
    <UnitTest name="FluentValidation.Tests.NotNullTester.NotNullValidator_should_fail_if_value_is_null" storage="c:\users\michal\workspace\github\fluentvalidation\src\fluentvalidation.tests\bin\release\netcoreapp3.1\fluentvalidation.tests.dll" id="48fc07fd-7996-5825-745d-bb267d838bb1">
      <Execution id="f3c17240-f97d-4663-8a2a-2ea668bbba24" />
      <TestMethod codeBase="C:\Users\Michal\Workspace\github\FluentValidation\src\FluentValidation.Tests\bin\Release\netcoreapp3.1\FluentValidation.Tests.dll" adapterTypeName="executor://xunit/VsTestRunner2" className="FluentValidation.Tests.NotNullTester" name="NotNullValidator_should_fail_if_value_is_null" />
    </UnitTest>
    <UnitTest name="FluentValidation.Tests.ForEachRuleTests.Executes_rule_for_each_item_in_collection" storage="c:\users\michal\workspace\github\fluentvalidation\src\fluentvalidation.tests\bin\release\netcoreapp3.1\fluentvalidation.tests.dll" id="a088e199-3909-98a5-848e-64fd6c44e8d9">
      <Execution id="8c88c517-9466-455c-8ec3-e9645ebe9f5b" />
      <TestMethod codeBase="C:\Users\Michal\Workspace\github\FluentValidation\src\FluentValidation.Tests\bin\Release\netcoreapp3.1\FluentValidation.Tests.dll" adapterTypeName="executor://xunit/VsTestRunner2" className="FluentValidation.Tests.ForEachRuleTests" name="Executes_rule_for_each_item_in_collection" />
    </UnitTest>
    <UnitTest name="FluentValidation.Tests.SharedConditionTests.Shared_When_respects_the_smaller_scope_of_a_inner_Unless_when_the_inner_Unless_predicate_fails" storage="c:\users\michal\workspace\github\fluentvalidation\src\fluentvalidation.tests\bin\release\netcoreapp3.1\fluentvalidation.tests.dll" id="cead59ae-7d25-a743-1b3c-2a7dec0a6f9e">
      <Execution id="1eafc30f-1865-4a5a-abd5-c371eedebcbd" />
      <TestMethod codeBase="C:\Users\Michal\Workspace\github\FluentValidation\src\FluentValidation.Tests\bin\Release\netcoreapp3.1\FluentValidation.Tests.dll" adapterTypeName="executor://xunit/VsTestRunner2" className="FluentValidation.Tests.SharedConditionTests" name="Shared_When_respects_the_smaller_scope_of_a_inner_Unless_when_the_inner_Unless_predicate_fails" />
    </UnitTest>
    <UnitTest name="FluentValidation.Tests.PropertyChainTests.Creates_from_expression" storage="c:\users\michal\workspace\github\fluentvalidation\src\fluentvalidation.tests\bin\release\netcoreapp3.1\fluentvalidation.tests.dll" id="1322c0f0-a9c7-4022-19db-9dfe30b006e3">
      <Execution id="48b4e9b0-ce67-46fe-a59c-0b2806486c2a" />
      <TestMethod codeBase="C:\Users\Michal\Workspace\github\FluentValidation\src\FluentValidation.Tests\bin\Release\netcoreapp3.1\FluentValidation.Tests.dll" adapterTypeName="executor://xunit/VsTestRunner2" className="FluentValidation.Tests.PropertyChainTests" name="Creates_from_expression" />
    </UnitTest>
    <UnitTest name="FluentValidation.Tests.ForEachRuleTests.Executes_rule_for_each_item_in_collection_async" storage="c:\users\michal\workspace\github\fluentvalidation\src\fluentvalidation.tests\bin\release\netcoreapp3.1\fluentvalidation.tests.dll" id="bc72f3a4-e58b-89ae-9cd1-dbed8442af5c">
      <Execution id="a8d2e400-7de6-4efe-9338-3d39c7186fad" />
      <TestMethod codeBase="C:\Users\Michal\Workspace\github\FluentValidation\src\FluentValidation.Tests\bin\Release\netcoreapp3.1\FluentValidation.Tests.dll" adapterTypeName="executor://xunit/VsTestRunner2" className="FluentValidation.Tests.ForEachRuleTests" name="Executes_rule_for_each_item_in_collection_async" />
    </UnitTest>
    <UnitTest name="FluentValidation.Tests.PropertyChainTests.Should_ignore_blanks" storage="c:\users\michal\workspace\github\fluentvalidation\src\fluentvalidation.tests\bin\release\netcoreapp3.1\fluentvalidation.tests.dll" id="fb6906e4-69af-d39e-1e94-f56e647427a3">
      <Execution id="ed0ac32d-d580-43d8-bf34-ed7966dc799e" />
      <TestMethod codeBase="C:\Users\Michal\Workspace\github\FluentValidation\src\FluentValidation.Tests\bin\Release\netcoreapp3.1\FluentValidation.Tests.dll" adapterTypeName="executor://xunit/VsTestRunner2" className="FluentValidation.Tests.PropertyChainTests" name="Should_ignore_blanks" />
    </UnitTest>
    <UnitTest name="FluentValidation.Tests.LocalisedNameTester.Uses_localized_name" storage="c:\users\michal\workspace\github\fluentvalidation\src\fluentvalidation.tests\bin\release\netcoreapp3.1\fluentvalidation.tests.dll" id="8c074f2b-a69f-b089-3c27-b0dcb0d1c15c">
      <Execution id="e64fa5b8-59ae-4813-ad6c-63d739caf638" />
      <TestMethod codeBase="C:\Users\Michal\Workspace\github\FluentValidation\src\FluentValidation.Tests\bin\Release\netcoreapp3.1\FluentValidation.Tests.dll" adapterTypeName="executor://xunit/VsTestRunner2" className="FluentValidation.Tests.LocalisedNameTester" name="Uses_localized_name" />
    </UnitTest>
    <UnitTest name="FluentValidation.Tests.RulesetTests.Ruleset_selection_should_cascade_downwards_with_when_setting_child_validator_using_include_statement_with_lambda" storage="c:\users\michal\workspace\github\fluentvalidation\src\fluentvalidation.tests\bin\release\netcoreapp3.1\fluentvalidation.tests.dll" id="4a491ebc-2acd-666f-b81b-ab7ac5079545">
      <Execution id="da87b72e-312b-422e-a26d-4546a1237545" />
      <TestMethod codeBase="C:\Users\Michal\Workspace\github\FluentValidation\src\FluentValidation.Tests\bin\Release\netcoreapp3.1\FluentValidation.Tests.dll" adapterTypeName="executor://xunit/VsTestRunner2" className="FluentValidation.Tests.RulesetTests" name="Ruleset_selection_should_cascade_downwards_with_when_setting_child_validator_using_include_statement_with_lambda" />
    </UnitTest>
    <UnitTest name="FluentValidation.Tests.ValidatorTesterTester.Matches_model_level_rule" storage="c:\users\michal\workspace\github\fluentvalidation\src\fluentvalidation.tests\bin\release\netcoreapp3.1\fluentvalidation.tests.dll" id="71c80dc1-4190-4866-88dc-3ccaaafd609d">
      <Execution id="8f625eb8-54f9-4ba6-91d7-36ee763fc0f3" />
      <TestMethod codeBase="C:\Users\Michal\Workspace\github\FluentValidation\src\FluentValidation.Tests\bin\Release\netcoreapp3.1\FluentValidation.Tests.dll" adapterTypeName="executor://xunit/VsTestRunner2" className="FluentValidation.Tests.ValidatorTesterTester" name="Matches_model_level_rule" />
    </UnitTest>
    <UnitTest name="FluentValidation.Tests.ComplexValidationTester.Complex_validator_should_not_be_invoked_on_null_property" storage="c:\users\michal\workspace\github\fluentvalidation\src\fluentvalidation.tests\bin\release\netcoreapp3.1\fluentvalidation.tests.dll" id="a497eaea-3d05-3852-8339-b41225242a65">
      <Execution id="b01cdd32-c144-4ae8-841a-230f2e8a7844" />
      <TestMethod codeBase="C:\Users\Michal\Workspace\github\FluentValidation\src\FluentValidation.Tests\bin\Release\netcoreapp3.1\FluentValidation.Tests.dll" adapterTypeName="executor://xunit/VsTestRunner2" className="FluentValidation.Tests.ComplexValidationTester" name="Complex_validator_should_not_be_invoked_on_null_property" />
    </UnitTest>
    <UnitTest name="FluentValidation.Tests.DefaultValidatorExtensionTester.LessThanOrEqual_should_create_LessThanOrEqualValidator_with_explicit_value" storage="c:\users\michal\workspace\github\fluentvalidation\src\fluentvalidation.tests\bin\release\netcoreapp3.1\fluentvalidation.tests.dll" id="7f826b4b-84b4-0f41-267b-bea755036540">
      <Execution id="dd05cb0d-c2da-491a-a709-6dde3fd9ecd5" />
      <TestMethod codeBase="C:\Users\Michal\Workspace\github\FluentValidation\src\FluentValidation.Tests\bin\Release\netcoreapp3.1\FluentValidation.Tests.dll" adapterTypeName="executor://xunit/VsTestRunner2" className="FluentValidation.Tests.DefaultValidatorExtensionTester" name="LessThanOrEqual_should_create_LessThanOrEqualValidator_with_explicit_value" />
    </UnitTest>
    <UnitTest name="FluentValidation.Tests.NotEmptyTester.Fails_for_ienumerable_that_doesnt_implement_ICollection" storage="c:\users\michal\workspace\github\fluentvalidation\src\fluentvalidation.tests\bin\release\netcoreapp3.1\fluentvalidation.tests.dll" id="f545f5dc-80f1-ef07-7637-28fd0ccbd49b">
      <Execution id="60440573-dd76-4dce-a5a2-6da1f6538a5c" />
      <TestMethod codeBase="C:\Users\Michal\Workspace\github\FluentValidation\src\FluentValidation.Tests\bin\Release\netcoreapp3.1\FluentValidation.Tests.dll" adapterTypeName="executor://xunit/VsTestRunner2" className="FluentValidation.Tests.NotEmptyTester" name="Fails_for_ienumerable_that_doesnt_implement_ICollection" />
    </UnitTest>
    <UnitTest name="FluentValidation.Tests.ModelLevelValidatorTests.Validates_at_model_level" storage="c:\users\michal\workspace\github\fluentvalidation\src\fluentvalidation.tests\bin\release\netcoreapp3.1\fluentvalidation.tests.dll" id="68b688f5-d297-a016-abe7-6c5b405f565c">
      <Execution id="655fa5ac-d62b-4e38-a8e9-7a54acf4939e" />
      <TestMethod codeBase="C:\Users\Michal\Workspace\github\FluentValidation\src\FluentValidation.Tests\bin\Release\netcoreapp3.1\FluentValidation.Tests.dll" adapterTypeName="executor://xunit/VsTestRunner2" className="FluentValidation.Tests.ModelLevelValidatorTests" name="Validates_at_model_level" />
    </UnitTest>
    <UnitTest name="FluentValidation.Tests.GreaterThanOrEqualToValidatorTester.Validates_with_nullable_when_property_not_null" storage="c:\users\michal\workspace\github\fluentvalidation\src\fluentvalidation.tests\bin\release\netcoreapp3.1\fluentvalidation.tests.dll" id="bddabf5a-0617-ca47-ace9-deb3f7be88bb">
      <Execution id="601bdfe1-381d-40be-9a95-8b61e6c201af" />
      <TestMethod codeBase="C:\Users\Michal\Workspace\github\FluentValidation\src\FluentValidation.Tests\bin\Release\netcoreapp3.1\FluentValidation.Tests.dll" adapterTypeName="executor://xunit/VsTestRunner2" className="FluentValidation.Tests.GreaterThanOrEqualToValidatorTester" name="Validates_with_nullable_when_property_not_null" />
    </UnitTest>
    <UnitTest name="FluentValidation.Tests.ExactLengthValidatorTester.When_the_text_length_is_larger_the_validator_should_fail" storage="c:\users\michal\workspace\github\fluentvalidation\src\fluentvalidation.tests\bin\release\netcoreapp3.1\fluentvalidation.tests.dll" id="5aa54c4c-170a-b70a-ca12-5153239e1988">
      <Execution id="e5491648-e2d1-47f9-a313-95d0f29795e4" />
      <TestMethod codeBase="C:\Users\Michal\Workspace\github\FluentValidation\src\FluentValidation.Tests\bin\Release\netcoreapp3.1\FluentValidation.Tests.dll" adapterTypeName="executor://xunit/VsTestRunner2" className="FluentValidation.Tests.ExactLengthValidatorTester" name="When_the_text_length_is_larger_the_validator_should_fail" />
    </UnitTest>
    <UnitTest name="FluentValidation.Tests.ExclusiveBetweenValidatorTests.When_the_value_is_exactly_the_size_of_the_lower_bound_then_the_validator_should_fail_for_strings" storage="c:\users\michal\workspace\github\fluentvalidation\src\fluentvalidation.tests\bin\release\netcoreapp3.1\fluentvalidation.tests.dll" id="d42581bb-b3c9-a682-230e-74ec6cb7f439">
      <Execution id="761fc6c7-e881-41f1-b8dd-8c8c679aff95" />
      <TestMethod codeBase="C:\Users\Michal\Workspace\github\FluentValidation\src\FluentValidation.Tests\bin\Release\netcoreapp3.1\FluentValidation.Tests.dll" adapterTypeName="executor://xunit/VsTestRunner2" className="FluentValidation.Tests.ExclusiveBetweenValidatorTests" name="When_the_value_is_exactly_the_size_of_the_lower_bound_then_the_validator_should_fail_for_strings" />
    </UnitTest>
    <UnitTest name="FluentValidation.Tests.ValidateAndThrowTester.Does_not_throw_when_valid_and_a_ruleset" storage="c:\users\michal\workspace\github\fluentvalidation\src\fluentvalidation.tests\bin\release\netcoreapp3.1\fluentvalidation.tests.dll" id="74827238-6ac6-8639-b349-a3624a97b7a9">
      <Execution id="9cafcba4-8b54-49ff-b0f0-f9f6c60df03e" />
      <TestMethod codeBase="C:\Users\Michal\Workspace\github\FluentValidation\src\FluentValidation.Tests\bin\Release\netcoreapp3.1\FluentValidation.Tests.dll" adapterTypeName="executor://xunit/VsTestRunner2" className="FluentValidation.Tests.ValidateAndThrowTester" name="Does_not_throw_when_valid_and_a_ruleset" />
    </UnitTest>
    <UnitTest name="FluentValidation.Tests.SharedConditionTests.Condition_can_be_used_inside_ruleset" storage="c:\users\michal\workspace\github\fluentvalidation\src\fluentvalidation.tests\bin\release\netcoreapp3.1\fluentvalidation.tests.dll" id="c7dec09e-2c39-a090-0641-a763dccb8942">
      <Execution id="db2b4ee7-7494-42b4-a12b-9a53d495bfe0" />
      <TestMethod codeBase="C:\Users\Michal\Workspace\github\FluentValidation\src\FluentValidation.Tests\bin\Release\netcoreapp3.1\FluentValidation.Tests.dll" adapterTypeName="executor://xunit/VsTestRunner2" className="FluentValidation.Tests.SharedConditionTests" name="Condition_can_be_used_inside_ruleset" />
    </UnitTest>
    <UnitTest name="FluentValidation.Tests.CascadingFailuresTester.Cascade_mode_can_be_set_after_validator_instantiated_async_legacy" storage="c:\users\michal\workspace\github\fluentvalidation\src\fluentvalidation.tests\bin\release\netcoreapp3.1\fluentvalidation.tests.dll" id="24a9b59a-568c-4b73-26e8-718c186a5fab">
      <Execution id="76a58821-985f-4baa-855a-b1eed0f071d2" />
      <TestMethod codeBase="C:\Users\Michal\Workspace\github\FluentValidation\src\FluentValidation.Tests\bin\Release\netcoreapp3.1\FluentValidation.Tests.dll" adapterTypeName="executor://xunit/VsTestRunner2" className="FluentValidation.Tests.CascadingFailuresTester" name="Cascade_mode_can_be_set_after_validator_instantiated_async_legacy" />
    </UnitTest>
    <UnitTest name="FluentValidation.Tests.EnumValidatorTests.Flags_enum_valid_when_using_bitwise_value" storage="c:\users\michal\workspace\github\fluentvalidation\src\fluentvalidation.tests\bin\release\netcoreapp3.1\fluentvalidation.tests.dll" id="25b134da-4650-cd97-e41f-ecf90bd97022">
      <Execution id="39107515-382a-441a-9bf8-145ffb94540d" />
      <TestMethod codeBase="C:\Users\Michal\Workspace\github\FluentValidation\src\FluentValidation.Tests\bin\Release\netcoreapp3.1\FluentValidation.Tests.dll" adapterTypeName="executor://xunit/VsTestRunner2" className="FluentValidation.Tests.EnumValidatorTests" name="Flags_enum_valid_when_using_bitwise_value" />
    </UnitTest>
    <UnitTest name="FluentValidation.Tests.LanguageManagerTests.Falls_back_to_english_when_translation_missing" storage="c:\users\michal\workspace\github\fluentvalidation\src\fluentvalidation.tests\bin\release\netcoreapp3.1\fluentvalidation.tests.dll" id="3a154f8d-d4a4-15f8-4a03-2b9099aa54a1">
      <Execution id="70445dff-2694-45c0-8478-e6beea86c7c6" />
      <TestMethod codeBase="C:\Users\Michal\Workspace\github\FluentValidation\src\FluentValidation.Tests\bin\Release\netcoreapp3.1\FluentValidation.Tests.dll" adapterTypeName="executor://xunit/VsTestRunner2" className="FluentValidation.Tests.LanguageManagerTests" name="Falls_back_to_english_when_translation_missing" />
    </UnitTest>
    <UnitTest name="FluentValidation.Tests.LanguageManagerTests.Falls_back_to_default_localization_key_when_error_code_key_not_found" storage="c:\users\michal\workspace\github\fluentvalidation\src\fluentvalidation.tests\bin\release\netcoreapp3.1\fluentvalidation.tests.dll" id="37cd1df9-3b48-ef7a-b036-d9c97b00b856">
      <Execution id="7bda0234-a7c5-4f1f-bc90-962a6940379b" />
      <TestMethod codeBase="C:\Users\Michal\Workspace\github\FluentValidation\src\FluentValidation.Tests\bin\Release\netcoreapp3.1\FluentValidation.Tests.dll" adapterTypeName="executor://xunit/VsTestRunner2" className="FluentValidation.Tests.LanguageManagerTests" name="Falls_back_to_default_localization_key_when_error_code_key_not_found" />
    </UnitTest>
    <UnitTest name="FluentValidation.Tests.ValidationResultTests.ToString_return_error_messages_with_newline_as_separator" storage="c:\users\michal\workspace\github\fluentvalidation\src\fluentvalidation.tests\bin\release\netcoreapp3.1\fluentvalidation.tests.dll" id="ec6b8899-f55e-6284-3e3c-f49d9b1eea44">
      <Execution id="f421f733-f6d3-42ee-aa16-a8cbbe6439da" />
      <TestMethod codeBase="C:\Users\Michal\Workspace\github\FluentValidation\src\FluentValidation.Tests\bin\Release\netcoreapp3.1\FluentValidation.Tests.dll" adapterTypeName="executor://xunit/VsTestRunner2" className="FluentValidation.Tests.ValidationResultTests" name="ToString_return_error_messages_with_newline_as_separator" />
    </UnitTest>
    <UnitTest name="FluentValidation.Tests.EqualValidatorTests.When_the_objects_are_equal_validation_should_succeed" storage="c:\users\michal\workspace\github\fluentvalidation\src\fluentvalidation.tests\bin\release\netcoreapp3.1\fluentvalidation.tests.dll" id="9d10dd14-3945-223d-46e3-a9d590433d95">
      <Execution id="cc36266b-4986-45f3-8f62-97a769869b4c" />
      <TestMethod codeBase="C:\Users\Michal\Workspace\github\FluentValidation\src\FluentValidation.Tests\bin\Release\netcoreapp3.1\FluentValidation.Tests.dll" adapterTypeName="executor://xunit/VsTestRunner2" className="FluentValidation.Tests.EqualValidatorTests" name="When_the_objects_are_equal_validation_should_succeed" />
    </UnitTest>
    <UnitTest name="FluentValidation.Tests.InheritanceValidatorTest.Validates_with_callback_async" storage="c:\users\michal\workspace\github\fluentvalidation\src\fluentvalidation.tests\bin\release\netcoreapp3.1\fluentvalidation.tests.dll" id="de2de4b2-6f5b-dec8-fa55-1f46cf5dc030">
      <Execution id="93028723-4ee5-4228-b9fb-686683a3adfd" />
      <TestMethod codeBase="C:\Users\Michal\Workspace\github\FluentValidation\src\FluentValidation.Tests\bin\Release\netcoreapp3.1\FluentValidation.Tests.dll" adapterTypeName="executor://xunit/VsTestRunner2" className="FluentValidation.Tests.InheritanceValidatorTest" name="Validates_with_callback_async" />
    </UnitTest>
    <UnitTest name="FluentValidation.Tests.EmailValidatorTests.Fails_email_validation_aspnetcore_compatible" storage="c:\users\michal\workspace\github\fluentvalidation\src\fluentvalidation.tests\bin\release\netcoreapp3.1\fluentvalidation.tests.dll" id="c8de0939-1a79-d0a5-a87a-1bdc3f67d552">
      <Execution id="41a13d6a-b9c1-4f6b-930f-0f92cfa45d85" />
      <TestMethod codeBase="C:\Users\Michal\Workspace\github\FluentValidation\src\FluentValidation.Tests\bin\Release\netcoreapp3.1\FluentValidation.Tests.dll" adapterTypeName="executor://xunit/VsTestRunner2" className="FluentValidation.Tests.EmailValidatorTests" name="Fails_email_validation_aspnetcore_compatible" />
    </UnitTest>
    <UnitTest name="FluentValidation.Tests.InclusiveBetweenValidatorTests.When_the_to_is_smaller_than_the_from_then_the_validator_should_throw" storage="c:\users\michal\workspace\github\fluentvalidation\src\fluentvalidation.tests\bin\release\netcoreapp3.1\fluentvalidation.tests.dll" id="3cb45592-ecc1-b480-d8a0-dbb133b944f2">
      <Execution id="5f5c3538-fc0f-422f-b120-f066187c333e" />
      <TestMethod codeBase="C:\Users\Michal\Workspace\github\FluentValidation\src\FluentValidation.Tests\bin\Release\netcoreapp3.1\FluentValidation.Tests.dll" adapterTypeName="executor://xunit/VsTestRunner2" className="FluentValidation.Tests.InclusiveBetweenValidatorTests" name="When_the_to_is_smaller_than_the_from_then_the_validator_should_throw" />
    </UnitTest>
    <UnitTest name="FluentValidation.Tests.RuleBuilderTests.Result_should_use_custom_property_name_when_no_property_name_can_be_determined" storage="c:\users\michal\workspace\github\fluentvalidation\src\fluentvalidation.tests\bin\release\netcoreapp3.1\fluentvalidation.tests.dll" id="d08e4a02-4203-4afb-ea20-885438b7c6bc">
      <Execution id="98300e0b-b8ad-4015-87da-34699680f4c4" />
      <TestMethod codeBase="C:\Users\Michal\Workspace\github\FluentValidation\src\FluentValidation.Tests\bin\Release\netcoreapp3.1\FluentValidation.Tests.dll" adapterTypeName="executor://xunit/VsTestRunner2" className="FluentValidation.Tests.RuleBuilderTests" name="Result_should_use_custom_property_name_when_no_property_name_can_be_determined" />
    </UnitTest>
    <UnitTest name="FluentValidation.Tests.OnFailureTests.OnFailure_called_for_each_failed_rule_asyncAsync" storage="c:\users\michal\workspace\github\fluentvalidation\src\fluentvalidation.tests\bin\release\netcoreapp3.1\fluentvalidation.tests.dll" id="d32f7703-f05b-d03f-ca25-941cdadaa68d">
      <Execution id="612b4608-2c0b-4372-94f4-c1fb7e143622" />
      <TestMethod codeBase="C:\Users\Michal\Workspace\github\FluentValidation\src\FluentValidation.Tests\bin\Release\netcoreapp3.1\FluentValidation.Tests.dll" adapterTypeName="executor://xunit/VsTestRunner2" className="FluentValidation.Tests.OnFailureTests" name="OnFailure_called_for_each_failed_rule_asyncAsync" />
    </UnitTest>
    <UnitTest name="FluentValidation.Tests.SharedConditionTests.Executes_customasync_rule_when_condition_true" storage="c:\users\michal\workspace\github\fluentvalidation\src\fluentvalidation.tests\bin\release\netcoreapp3.1\fluentvalidation.tests.dll" id="e1fb7dac-4d94-6edf-7c85-9c46a23016e5">
      <Execution id="561c35ae-a0d8-42a2-9cd6-97a866d5651a" />
      <TestMethod codeBase="C:\Users\Michal\Workspace\github\FluentValidation\src\FluentValidation.Tests\bin\Release\netcoreapp3.1\FluentValidation.Tests.dll" adapterTypeName="executor://xunit/VsTestRunner2" className="FluentValidation.Tests.SharedConditionTests" name="Executes_customasync_rule_when_condition_true" />
    </UnitTest>
    <UnitTest name="FluentValidation.Tests.ModelLevelValidatorTests.Can_use_child_validator_at_model_level" storage="c:\users\michal\workspace\github\fluentvalidation\src\fluentvalidation.tests\bin\release\netcoreapp3.1\fluentvalidation.tests.dll" id="3a01ab69-c6af-8082-e8b6-fa931bddd4f3">
      <Execution id="fa0712e7-d7be-4723-9ce0-68f0ab99bca5" />
      <TestMethod codeBase="C:\Users\Michal\Workspace\github\FluentValidation\src\FluentValidation.Tests\bin\Release\netcoreapp3.1\FluentValidation.Tests.dll" adapterTypeName="executor://xunit/VsTestRunner2" className="FluentValidation.Tests.ModelLevelValidatorTests" name="Can_use_child_validator_at_model_level" />
    </UnitTest>
    <UnitTest name="FluentValidation.Tests.RuleDependencyTests.Dependent_rules_inside_ruleset" storage="c:\users\michal\workspace\github\fluentvalidation\src\fluentvalidation.tests\bin\release\netcoreapp3.1\fluentvalidation.tests.dll" id="824e580d-9016-ffbe-601f-f59238e5bd1b">
      <Execution id="780f4ad1-a9f8-4b35-a056-fbef9223e100" />
      <TestMethod codeBase="C:\Users\Michal\Workspace\github\FluentValidation\src\FluentValidation.Tests\bin\Release\netcoreapp3.1\FluentValidation.Tests.dll" adapterTypeName="executor://xunit/VsTestRunner2" className="FluentValidation.Tests.RuleDependencyTests" name="Dependent_rules_inside_ruleset" />
    </UnitTest>
    <UnitTest name="FluentValidation.Tests.RuleDependencyTests.Nested_dependent_rules_inside_ruleset_inside_method" storage="c:\users\michal\workspace\github\fluentvalidation\src\fluentvalidation.tests\bin\release\netcoreapp3.1\fluentvalidation.tests.dll" id="dfdfecf2-737d-2b41-4c2b-067c28bdca89">
      <Execution id="91ec1e27-0c89-4000-a281-6b5f5d14c7fc" />
      <TestMethod codeBase="C:\Users\Michal\Workspace\github\FluentValidation\src\FluentValidation.Tests\bin\Release\netcoreapp3.1\FluentValidation.Tests.dll" adapterTypeName="executor://xunit/VsTestRunner2" className="FluentValidation.Tests.RuleDependencyTests" name="Nested_dependent_rules_inside_ruleset_inside_method" />
    </UnitTest>
    <UnitTest name="FluentValidation.Tests.ForEachRuleTests.Collection_should_be_explicitly_included_with_string" storage="c:\users\michal\workspace\github\fluentvalidation\src\fluentvalidation.tests\bin\release\netcoreapp3.1\fluentvalidation.tests.dll" id="d4236472-de5d-f226-80c1-3a22bf4dbb7a">
      <Execution id="bf9a24e8-c020-47e1-a90b-46c403126e3f" />
      <TestMethod codeBase="C:\Users\Michal\Workspace\github\FluentValidation\src\FluentValidation.Tests\bin\Release\netcoreapp3.1\FluentValidation.Tests.dll" adapterTypeName="executor://xunit/VsTestRunner2" className="FluentValidation.Tests.ForEachRuleTests" name="Collection_should_be_explicitly_included_with_string" />
    </UnitTest>
    <UnitTest name="FluentValidation.Tests.CascadingFailuresTester.Validation_stops_on_failure_when_set_to_Continue_and_overriden_at_rule_level_legacy" storage="c:\users\michal\workspace\github\fluentvalidation\src\fluentvalidation.tests\bin\release\netcoreapp3.1\fluentvalidation.tests.dll" id="ce48aac0-09ad-5df8-9f89-2c677658746e">
      <Execution id="7f5d9da3-bda6-4268-95c4-bef2a48833ba" />
      <TestMethod codeBase="C:\Users\Michal\Workspace\github\FluentValidation\src\FluentValidation.Tests\bin\Release\netcoreapp3.1\FluentValidation.Tests.dll" adapterTypeName="executor://xunit/VsTestRunner2" className="FluentValidation.Tests.CascadingFailuresTester" name="Validation_stops_on_failure_when_set_to_Continue_and_overriden_at_rule_level_legacy" />
    </UnitTest>
    <UnitTest name="FluentValidation.Tests.SharedConditionTests.Shared_When_is_not_applied_to_grouped_rules_when_initial_predicate_is_false" storage="c:\users\michal\workspace\github\fluentvalidation\src\fluentvalidation.tests\bin\release\netcoreapp3.1\fluentvalidation.tests.dll" id="9c1b0b78-9b71-19d3-730f-3c47b1cc4fe7">
      <Execution id="09f6db04-85d1-4fd6-b247-191106eda9f9" />
      <TestMethod codeBase="C:\Users\Michal\Workspace\github\FluentValidation\src\FluentValidation.Tests\bin\Release\netcoreapp3.1\FluentValidation.Tests.dll" adapterTypeName="executor://xunit/VsTestRunner2" className="FluentValidation.Tests.SharedConditionTests" name="Shared_When_is_not_applied_to_grouped_rules_when_initial_predicate_is_false" />
    </UnitTest>
    <UnitTest name="FluentValidation.Tests.ValidatorTesterTester.ShouldHaveValidationErrorFor_takes_account_of_rulesets" storage="c:\users\michal\workspace\github\fluentvalidation\src\fluentvalidation.tests\bin\release\netcoreapp3.1\fluentvalidation.tests.dll" id="806a92db-0047-d992-debb-2187de955a70">
      <Execution id="82a8c3c2-a2ca-4a1e-8813-32f7acf0fe35" />
      <TestMethod codeBase="C:\Users\Michal\Workspace\github\FluentValidation\src\FluentValidation.Tests\bin\Release\netcoreapp3.1\FluentValidation.Tests.dll" adapterTypeName="executor://xunit/VsTestRunner2" className="FluentValidation.Tests.ValidatorTesterTester" name="ShouldHaveValidationErrorFor_takes_account_of_rulesets" />
    </UnitTest>
    <UnitTest name="FluentValidation.Tests.LessThanValidatorTester.Validates_against_property" storage="c:\users\michal\workspace\github\fluentvalidation\src\fluentvalidation.tests\bin\release\netcoreapp3.1\fluentvalidation.tests.dll" id="873994c7-72f9-ea4d-ad69-f96803a1bd7d">
      <Execution id="4b6fb4c6-ec89-4d20-ab15-f716656deaa7" />
      <TestMethod codeBase="C:\Users\Michal\Workspace\github\FluentValidation\src\FluentValidation.Tests\bin\Release\netcoreapp3.1\FluentValidation.Tests.dll" adapterTypeName="executor://xunit/VsTestRunner2" className="FluentValidation.Tests.LessThanValidatorTester" name="Validates_against_property" />
    </UnitTest>
    <UnitTest name="FluentValidation.Tests.RegularExpressionValidatorTests.Uses_regex_object" storage="c:\users\michal\workspace\github\fluentvalidation\src\fluentvalidation.tests\bin\release\netcoreapp3.1\fluentvalidation.tests.dll" id="dae97e90-e9de-5005-02fd-1af01d9a86ba">
      <Execution id="d794b702-abc4-46d6-865d-922f4f8e45ae" />
      <TestMethod codeBase="C:\Users\Michal\Workspace\github\FluentValidation\src\FluentValidation.Tests\bin\Release\netcoreapp3.1\FluentValidation.Tests.dll" adapterTypeName="executor://xunit/VsTestRunner2" className="FluentValidation.Tests.RegularExpressionValidatorTests" name="Uses_regex_object" />
    </UnitTest>
    <UnitTest name="FluentValidation.Tests.TrackingCollectionTests.Should_not_raise_event_once_handler_detached" storage="c:\users\michal\workspace\github\fluentvalidation\src\fluentvalidation.tests\bin\release\netcoreapp3.1\fluentvalidation.tests.dll" id="b735f405-d26c-9860-9895-dcfb35a27ae1">
      <Execution id="21e5c4b6-706d-46d0-9839-27ae7e9ca591" />
      <TestMethod codeBase="C:\Users\Michal\Workspace\github\FluentValidation\src\FluentValidation.Tests\bin\Release\netcoreapp3.1\FluentValidation.Tests.dll" adapterTypeName="executor://xunit/VsTestRunner2" className="FluentValidation.Tests.TrackingCollectionTests" name="Should_not_raise_event_once_handler_detached" />
    </UnitTest>
    <UnitTest name="FluentValidation.Tests.CollectionValidatorWithParentTests.Can_specify_condition_for_individual_collection_elements" storage="c:\users\michal\workspace\github\fluentvalidation\src\fluentvalidation.tests\bin\release\netcoreapp3.1\fluentvalidation.tests.dll" id="897f4f03-4180-a949-9e99-15471e32c5d4">
      <Execution id="720632e1-d066-4074-8fc0-5a3fbc632356" />
      <TestMethod codeBase="C:\Users\Michal\Workspace\github\FluentValidation\src\FluentValidation.Tests\bin\Release\netcoreapp3.1\FluentValidation.Tests.dll" adapterTypeName="executor://xunit/VsTestRunner2" className="FluentValidation.Tests.CollectionValidatorWithParentTests" name="Can_specify_condition_for_individual_collection_elements" />
    </UnitTest>
    <UnitTest name="FluentValidation.Tests.ValidatorSelectorTests.Can_use_property_with_include" storage="c:\users\michal\workspace\github\fluentvalidation\src\fluentvalidation.tests\bin\release\netcoreapp3.1\fluentvalidation.tests.dll" id="bdb822c8-fc34-3255-01c0-d538954d2aec">
      <Execution id="6be7d1c4-6f6e-4241-9e98-a25d03887bc9" />
      <TestMethod codeBase="C:\Users\Michal\Workspace\github\FluentValidation\src\FluentValidation.Tests\bin\Release\netcoreapp3.1\FluentValidation.Tests.dll" adapterTypeName="executor://xunit/VsTestRunner2" className="FluentValidation.Tests.ValidatorSelectorTests" name="Can_use_property_with_include" />
    </UnitTest>
    <UnitTest name="FluentValidation.Tests.ComplexValidationTester.Can_directly_validate_multiple_fields_of_same_type" storage="c:\users\michal\workspace\github\fluentvalidation\src\fluentvalidation.tests\bin\release\netcoreapp3.1\fluentvalidation.tests.dll" id="0888ecb6-b1c1-5b78-c610-a3a9813b73a6">
      <Execution id="c8f688e2-b0e4-4f63-8782-4160987dfde6" />
      <TestMethod codeBase="C:\Users\Michal\Workspace\github\FluentValidation\src\FluentValidation.Tests\bin\Release\netcoreapp3.1\FluentValidation.Tests.dll" adapterTypeName="executor://xunit/VsTestRunner2" className="FluentValidation.Tests.ComplexValidationTester" name="Can_directly_validate_multiple_fields_of_same_type" />
    </UnitTest>
    <UnitTest name="FluentValidation.Tests.LanguageManagerTests.Uses_error_code_as_localization_key" storage="c:\users\michal\workspace\github\fluentvalidation\src\fluentvalidation.tests\bin\release\netcoreapp3.1\fluentvalidation.tests.dll" id="5cfc1d69-e13d-74be-26c9-d16fcf862ddd">
      <Execution id="82fec5ac-40bc-4610-8ba1-1a534dad094b" />
      <TestMethod codeBase="C:\Users\Michal\Workspace\github\FluentValidation\src\FluentValidation.Tests\bin\Release\netcoreapp3.1\FluentValidation.Tests.dll" adapterTypeName="executor://xunit/VsTestRunner2" className="FluentValidation.Tests.LanguageManagerTests" name="Uses_error_code_as_localization_key" />
    </UnitTest>
    <UnitTest name="FluentValidation.Tests.LengthValidatorTests.When_the_text_is_exactly_the_size_of_the_lambda_upper_bound_then_the_validator_should_pass" storage="c:\users\michal\workspace\github\fluentvalidation\src\fluentvalidation.tests\bin\release\netcoreapp3.1\fluentvalidation.tests.dll" id="28dff0f0-7eb9-a744-6fe7-08093608e66e">
      <Execution id="865cf542-b867-4838-a34e-40d5b74aefad" />
      <TestMethod codeBase="C:\Users\Michal\Workspace\github\FluentValidation\src\FluentValidation.Tests\bin\Release\netcoreapp3.1\FluentValidation.Tests.dll" adapterTypeName="executor://xunit/VsTestRunner2" className="FluentValidation.Tests.LengthValidatorTests" name="When_the_text_is_exactly_the_size_of_the_lambda_upper_bound_then_the_validator_should_pass" />
    </UnitTest>
    <UnitTest name="FluentValidation.Tests.DefaultValidatorExtensionTester.GreaterThanOrEqual_should_create_GreaterThanOrEqualValidator_with_lambda_with_other_Nullable" storage="c:\users\michal\workspace\github\fluentvalidation\src\fluentvalidation.tests\bin\release\netcoreapp3.1\fluentvalidation.tests.dll" id="bff2d443-bf61-d343-f3f3-89ead2f1def3">
      <Execution id="6a0b128f-0c07-4ccf-b501-e68de627dab2" />
      <TestMethod codeBase="C:\Users\Michal\Workspace\github\FluentValidation\src\FluentValidation.Tests\bin\Release\netcoreapp3.1\FluentValidation.Tests.dll" adapterTypeName="executor://xunit/VsTestRunner2" className="FluentValidation.Tests.DefaultValidatorExtensionTester" name="GreaterThanOrEqual_should_create_GreaterThanOrEqualValidator_with_lambda_with_other_Nullable" />
    </UnitTest>
    <UnitTest name="FluentValidation.Tests.ValidateAndThrowTester.Throws_exception" storage="c:\users\michal\workspace\github\fluentvalidation\src\fluentvalidation.tests\bin\release\netcoreapp3.1\fluentvalidation.tests.dll" id="029ca7b6-f651-3985-b597-7fe968cde74d">
      <Execution id="d87c1fa1-e0e5-4816-b4e8-20b02dedd696" />
      <TestMethod codeBase="C:\Users\Michal\Workspace\github\FluentValidation\src\FluentValidation.Tests\bin\Release\netcoreapp3.1\FluentValidation.Tests.dll" adapterTypeName="executor://xunit/VsTestRunner2" className="FluentValidation.Tests.ValidateAndThrowTester" name="Throws_exception" />
    </UnitTest>
    <UnitTest name="FluentValidation.Tests.CollectionValidatorWithParentTests.Collection_should_be_explicitly_included_with_expression" storage="c:\users\michal\workspace\github\fluentvalidation\src\fluentvalidation.tests\bin\release\netcoreapp3.1\fluentvalidation.tests.dll" id="5d98a487-80b5-f21a-1283-ea0ec6d91fcb">
      <Execution id="516c1693-e0ee-4b77-8e40-79f29878c44d" />
      <TestMethod codeBase="C:\Users\Michal\Workspace\github\FluentValidation\src\FluentValidation.Tests\bin\Release\netcoreapp3.1\FluentValidation.Tests.dll" adapterTypeName="executor://xunit/VsTestRunner2" className="FluentValidation.Tests.CollectionValidatorWithParentTests" name="Collection_should_be_explicitly_included_with_expression" />
    </UnitTest>
    <UnitTest name="FluentValidation.Tests.LanguageManagerTests.Gets_translation_for_croatian_culture" storage="c:\users\michal\workspace\github\fluentvalidation\src\fluentvalidation.tests\bin\release\netcoreapp3.1\fluentvalidation.tests.dll" id="496b9c29-1cfb-30e1-9cdc-64844fc8dc25">
      <Execution id="1469370f-c4be-40b0-a384-481eccab3d04" />
      <TestMethod codeBase="C:\Users\Michal\Workspace\github\FluentValidation\src\FluentValidation.Tests\bin\Release\netcoreapp3.1\FluentValidation.Tests.dll" adapterTypeName="executor://xunit/VsTestRunner2" className="FluentValidation.Tests.LanguageManagerTests" name="Gets_translation_for_croatian_culture" />
    </UnitTest>
    <UnitTest name="FluentValidation.Tests.DefaultValidatorExtensionTester.Equal_should_create_EqualValidator_with_lambda" storage="c:\users\michal\workspace\github\fluentvalidation\src\fluentvalidation.tests\bin\release\netcoreapp3.1\fluentvalidation.tests.dll" id="3075b335-5f46-2afa-eb8d-0032ae97828b">
      <Execution id="d4eb023b-3cb4-47de-ae59-b6b3ea693e36" />
      <TestMethod codeBase="C:\Users\Michal\Workspace\github\FluentValidation\src\FluentValidation.Tests\bin\Release\netcoreapp3.1\FluentValidation.Tests.dll" adapterTypeName="executor://xunit/VsTestRunner2" className="FluentValidation.Tests.DefaultValidatorExtensionTester" name="Equal_should_create_EqualValidator_with_lambda" />
    </UnitTest>
    <UnitTest name="FluentValidation.Tests.ChainingValidatorsTester.Should_execute_multiple_validators" storage="c:\users\michal\workspace\github\fluentvalidation\src\fluentvalidation.tests\bin\release\netcoreapp3.1\fluentvalidation.tests.dll" id="423cdea8-ab4c-39b5-8bd9-22dc3ec615ef">
      <Execution id="824b3c1d-08ab-4cd6-8966-aaf98e8903d9" />
      <TestMethod codeBase="C:\Users\Michal\Workspace\github\FluentValidation\src\FluentValidation.Tests\bin\Release\netcoreapp3.1\FluentValidation.Tests.dll" adapterTypeName="executor://xunit/VsTestRunner2" className="FluentValidation.Tests.ChainingValidatorsTester" name="Should_execute_multiple_validators" />
    </UnitTest>
    <UnitTest name="FluentValidation.Tests.ValidatorTesterTester.ShouldNotHaveValidationError_should_throw_when_there_are_errors" storage="c:\users\michal\workspace\github\fluentvalidation\src\fluentvalidation.tests\bin\release\netcoreapp3.1\fluentvalidation.tests.dll" id="7d41af5a-4c10-0627-a21c-22e6bad926f2">
      <Execution id="69dae71d-4d9c-43a5-b253-7bc02adc3abb" />
      <TestMethod codeBase="C:\Users\Michal\Workspace\github\FluentValidation\src\FluentValidation.Tests\bin\Release\netcoreapp3.1\FluentValidation.Tests.dll" adapterTypeName="executor://xunit/VsTestRunner2" className="FluentValidation.Tests.ValidatorTesterTester" name="ShouldNotHaveValidationError_should_throw_when_there_are_errors" />
    </UnitTest>
    <UnitTest name="FluentValidation.Tests.ExclusiveBetweenValidatorTests.When_the_value_is_exactly_the_size_of_the_upper_bound_then_the_validator_should_fail_for_strings" storage="c:\users\michal\workspace\github\fluentvalidation\src\fluentvalidation.tests\bin\release\netcoreapp3.1\fluentvalidation.tests.dll" id="3e175fce-ca3b-3aa4-212c-818d41efbea9">
      <Execution id="8d2b9e96-ae2a-4594-bcca-332fe80d6826" />
      <TestMethod codeBase="C:\Users\Michal\Workspace\github\FluentValidation\src\FluentValidation.Tests\bin\Release\netcoreapp3.1\FluentValidation.Tests.dll" adapterTypeName="executor://xunit/VsTestRunner2" className="FluentValidation.Tests.ExclusiveBetweenValidatorTests" name="When_the_value_is_exactly_the_size_of_the_upper_bound_then_the_validator_should_fail_for_strings" />
    </UnitTest>
    <UnitTest name="FluentValidation.Tests.LessThanOrEqualToValidatorTester.Validates_with_nullable_when_property_is_null_cross_property" storage="c:\users\michal\workspace\github\fluentvalidation\src\fluentvalidation.tests\bin\release\netcoreapp3.1\fluentvalidation.tests.dll" id="cf1f63cb-405a-d1b5-e842-4a4d654cc167">
      <Execution id="fe15f9ce-2fea-48a9-abdd-f408b6616424" />
      <TestMethod codeBase="C:\Users\Michal\Workspace\github\FluentValidation\src\FluentValidation.Tests\bin\Release\netcoreapp3.1\FluentValidation.Tests.dll" adapterTypeName="executor://xunit/VsTestRunner2" className="FluentValidation.Tests.LessThanOrEqualToValidatorTester" name="Validates_with_nullable_when_property_is_null_cross_property" />
    </UnitTest>
    <UnitTest name="FluentValidation.Tests.RuleBuilderTests.Should_build_property_name" storage="c:\users\michal\workspace\github\fluentvalidation\src\fluentvalidation.tests\bin\release\netcoreapp3.1\fluentvalidation.tests.dll" id="8e97f005-da65-9df3-6eb8-979cf1b34cdf">
      <Execution id="1cd80d53-5544-4ae9-a02b-b6fbd02dc287" />
      <TestMethod codeBase="C:\Users\Michal\Workspace\github\FluentValidation\src\FluentValidation.Tests\bin\Release\netcoreapp3.1\FluentValidation.Tests.dll" adapterTypeName="executor://xunit/VsTestRunner2" className="FluentValidation.Tests.RuleBuilderTests" name="Should_build_property_name" />
    </UnitTest>
    <UnitTest name="FluentValidation.Tests.DefaultValidatorExtensionTester.Length_should_create_ExactLengthValidator" storage="c:\users\michal\workspace\github\fluentvalidation\src\fluentvalidation.tests\bin\release\netcoreapp3.1\fluentvalidation.tests.dll" id="c828bed1-de38-00eb-585d-e1ed82287270">
      <Execution id="cacf953e-f84d-4bb0-923d-a2a6cfa8ca29" />
      <TestMethod codeBase="C:\Users\Michal\Workspace\github\FluentValidation\src\FluentValidation.Tests\bin\Release\netcoreapp3.1\FluentValidation.Tests.dll" adapterTypeName="executor://xunit/VsTestRunner2" className="FluentValidation.Tests.DefaultValidatorExtensionTester" name="Length_should_create_ExactLengthValidator" />
    </UnitTest>
    <UnitTest name="FluentValidation.Tests.ValidatorTesterTester.ShouldNotHaveValidationError_should_throw_when_there_are_not_validation_errors__WhenAsyn_is_used" storage="c:\users\michal\workspace\github\fluentvalidation\src\fluentvalidation.tests\bin\release\netcoreapp3.1\fluentvalidation.tests.dll" id="7974230d-bef5-3068-1e04-d9dc9c63c154">
      <Execution id="3efe9bb9-22ba-4d2d-93ab-c52cb7af24aa" />
      <TestMethod codeBase="C:\Users\Michal\Workspace\github\FluentValidation\src\FluentValidation.Tests\bin\Release\netcoreapp3.1\FluentValidation.Tests.dll" adapterTypeName="executor://xunit/VsTestRunner2" className="FluentValidation.Tests.ValidatorTesterTester" name="ShouldNotHaveValidationError_should_throw_when_there_are_not_validation_errors__WhenAsyn_is_used" />
    </UnitTest>
    <UnitTest name="FluentValidation.Tests.LanguageManagerTests.All_localizations_have_same_parameters_as_English" storage="c:\users\michal\workspace\github\fluentvalidation\src\fluentvalidation.tests\bin\release\netcoreapp3.1\fluentvalidation.tests.dll" id="b5841919-cf28-796c-5269-cbe5645ad868">
      <Execution id="5450048e-b4d0-43ae-9689-e423b63c90ea" />
      <TestMethod codeBase="C:\Users\Michal\Workspace\github\FluentValidation\src\FluentValidation.Tests\bin\Release\netcoreapp3.1\FluentValidation.Tests.dll" adapterTypeName="executor://xunit/VsTestRunner2" className="FluentValidation.Tests.LanguageManagerTests" name="All_localizations_have_same_parameters_as_English" />
    </UnitTest>
    <UnitTest name="FluentValidation.Tests.ChainedValidationTester.Separate_validation_on_chained_property" storage="c:\users\michal\workspace\github\fluentvalidation\src\fluentvalidation.tests\bin\release\netcoreapp3.1\fluentvalidation.tests.dll" id="3fc234b7-f5d5-8129-6d3e-4397a874d997">
      <Execution id="956aef3f-1397-4f69-8bcb-1f5c3b926bfb" />
      <TestMethod codeBase="C:\Users\Michal\Workspace\github\FluentValidation\src\FluentValidation.Tests\bin\Release\netcoreapp3.1\FluentValidation.Tests.dll" adapterTypeName="executor://xunit/VsTestRunner2" className="FluentValidation.Tests.ChainedValidationTester" name="Separate_validation_on_chained_property" />
    </UnitTest>
    <UnitTest name="FluentValidation.Tests.ExtensionTester.SplitPascalCase_should_return_null_when_input_is_null" storage="c:\users\michal\workspace\github\fluentvalidation\src\fluentvalidation.tests\bin\release\netcoreapp3.1\fluentvalidation.tests.dll" id="ed86ed13-f23f-1072-e84e-9da28c3e791f">
      <Execution id="7ba0ebfd-5bcf-4340-9c6b-ec5d0d9c915b" />
      <TestMethod codeBase="C:\Users\Michal\Workspace\github\FluentValidation\src\FluentValidation.Tests\bin\Release\netcoreapp3.1\FluentValidation.Tests.dll" adapterTypeName="executor://xunit/VsTestRunner2" className="FluentValidation.Tests.ExtensionTester" name="SplitPascalCase_should_return_null_when_input_is_null" />
    </UnitTest>
    <UnitTest name="FluentValidation.Tests.ValidatorTesterTester.ShouldNotHaveValidationError_model_async" storage="c:\users\michal\workspace\github\fluentvalidation\src\fluentvalidation.tests\bin\release\netcoreapp3.1\fluentvalidation.tests.dll" id="5c1fd4c8-a815-0cd7-7523-17032c4a8a84">
      <Execution id="c582c12f-5ccf-4c5a-8af9-90cdb5304d88" />
      <TestMethod codeBase="C:\Users\Michal\Workspace\github\FluentValidation\src\FluentValidation.Tests\bin\Release\netcoreapp3.1\FluentValidation.Tests.dll" adapterTypeName="executor://xunit/VsTestRunner2" className="FluentValidation.Tests.ValidatorTesterTester" name="ShouldNotHaveValidationError_model_async" />
    </UnitTest>
    <UnitTest name="FluentValidation.Tests.StringEnumValidatorTests.When_enumType_is_null_it_should_throw" storage="c:\users\michal\workspace\github\fluentvalidation\src\fluentvalidation.tests\bin\release\netcoreapp3.1\fluentvalidation.tests.dll" id="4ba83bc8-9974-230d-9289-9d1c29ff28ff">
      <Execution id="865baa26-3ad1-40f7-bc14-71c5331830f9" />
      <TestMethod codeBase="C:\Users\Michal\Workspace\github\FluentValidation\src\FluentValidation.Tests\bin\Release\netcoreapp3.1\FluentValidation.Tests.dll" adapterTypeName="executor://xunit/VsTestRunner2" className="FluentValidation.Tests.StringEnumValidatorTests" name="When_enumType_is_null_it_should_throw" />
    </UnitTest>
    <UnitTest name="FluentValidation.Tests.LessThanValidatorTester.Extracts_property_from_expression" storage="c:\users\michal\workspace\github\fluentvalidation\src\fluentvalidation.tests\bin\release\netcoreapp3.1\fluentvalidation.tests.dll" id="b210a99d-364d-8c97-41e8-253fe5bfb50a">
      <Execution id="9c8efb3a-eeb6-4fc6-84c0-991308ecb9fe" />
      <TestMethod codeBase="C:\Users\Michal\Workspace\github\FluentValidation\src\FluentValidation.Tests\bin\Release\netcoreapp3.1\FluentValidation.Tests.dll" adapterTypeName="executor://xunit/VsTestRunner2" className="FluentValidation.Tests.LessThanValidatorTester" name="Extracts_property_from_expression" />
    </UnitTest>
    <UnitTest name="FluentValidation.Tests.RuleBuilderTests.Rule_for_a_non_memberexpression_should_not_generate_property_name" storage="c:\users\michal\workspace\github\fluentvalidation\src\fluentvalidation.tests\bin\release\netcoreapp3.1\fluentvalidation.tests.dll" id="611a2134-27f1-592f-6ec4-2f376ddfc68f">
      <Execution id="487116b0-d6e0-496b-bb67-363723737865" />
      <TestMethod codeBase="C:\Users\Michal\Workspace\github\FluentValidation\src\FluentValidation.Tests\bin\Release\netcoreapp3.1\FluentValidation.Tests.dll" adapterTypeName="executor://xunit/VsTestRunner2" className="FluentValidation.Tests.RuleBuilderTests" name="Rule_for_a_non_memberexpression_should_not_generate_property_name" />
    </UnitTest>
    <UnitTest name="FluentValidation.Tests.InclusiveBetweenValidatorTests.When_the_value_is_between_the_range_specified_then_the_validator_should_pass_for_strings" storage="c:\users\michal\workspace\github\fluentvalidation\src\fluentvalidation.tests\bin\release\netcoreapp3.1\fluentvalidation.tests.dll" id="0cb989c9-090a-41db-2aac-e60c8b993577">
      <Execution id="ebfe561c-2d1c-4dfa-b944-7f5c607e9619" />
      <TestMethod codeBase="C:\Users\Michal\Workspace\github\FluentValidation\src\FluentValidation.Tests\bin\Release\netcoreapp3.1\FluentValidation.Tests.dll" adapterTypeName="executor://xunit/VsTestRunner2" className="FluentValidation.Tests.InclusiveBetweenValidatorTests" name="When_the_value_is_between_the_range_specified_then_the_validator_should_pass_for_strings" />
    </UnitTest>
    <UnitTest name="FluentValidation.Tests.LengthValidatorTests.When_the_text_is_larger_than_the_lambda_range_then_the_validator_should_fail" storage="c:\users\michal\workspace\github\fluentvalidation\src\fluentvalidation.tests\bin\release\netcoreapp3.1\fluentvalidation.tests.dll" id="0d6af55a-9e4e-cd41-0909-f974586e07ec">
      <Execution id="b297eaf7-51a9-4b2c-a6f6-344691076b67" />
      <TestMethod codeBase="C:\Users\Michal\Workspace\github\FluentValidation\src\FluentValidation.Tests\bin\Release\netcoreapp3.1\FluentValidation.Tests.dll" adapterTypeName="executor://xunit/VsTestRunner2" className="FluentValidation.Tests.LengthValidatorTests" name="When_the_text_is_larger_than_the_lambda_range_then_the_validator_should_fail" />
    </UnitTest>
    <UnitTest name="FluentValidation.Tests.ValidationResultTests.ToString_return_empty_string_when_there_is_no_error" storage="c:\users\michal\workspace\github\fluentvalidation\src\fluentvalidation.tests\bin\release\netcoreapp3.1\fluentvalidation.tests.dll" id="9689529b-146b-f35c-d018-2a772097532e">
      <Execution id="fb705825-1ecd-468a-959e-c36f4461c2db" />
      <TestMethod codeBase="C:\Users\Michal\Workspace\github\FluentValidation\src\FluentValidation.Tests\bin\Release\netcoreapp3.1\FluentValidation.Tests.dll" adapterTypeName="executor://xunit/VsTestRunner2" className="FluentValidation.Tests.ValidationResultTests" name="ToString_return_empty_string_when_there_is_no_error" />
    </UnitTest>
    <UnitTest name="FluentValidation.Tests.CustomMessageFormatTester.Uses_property_value_in_message" storage="c:\users\michal\workspace\github\fluentvalidation\src\fluentvalidation.tests\bin\release\netcoreapp3.1\fluentvalidation.tests.dll" id="5e3070c7-41dc-677c-369b-1aedbd0e1f62">
      <Execution id="7d3a5ffc-9d80-4b4d-ba3b-6955045a3671" />
      <TestMethod codeBase="C:\Users\Michal\Workspace\github\FluentValidation\src\FluentValidation.Tests\bin\Release\netcoreapp3.1\FluentValidation.Tests.dll" adapterTypeName="executor://xunit/VsTestRunner2" className="FluentValidation.Tests.CustomMessageFormatTester" name="Uses_property_value_in_message" />
    </UnitTest>
    <UnitTest name="FluentValidation.Tests.EnumValidatorTests.When_the_enum_is_initialized_with_invalid_value_then_the_validator_should_fail" storage="c:\users\michal\workspace\github\fluentvalidation\src\fluentvalidation.tests\bin\release\netcoreapp3.1\fluentvalidation.tests.dll" id="f35d1388-8169-615d-6c01-98711e291fe3">
      <Execution id="f591bef5-025d-4912-9ce2-8efbfe02f3c5" />
      <TestMethod codeBase="C:\Users\Michal\Workspace\github\FluentValidation\src\FluentValidation.Tests\bin\Release\netcoreapp3.1\FluentValidation.Tests.dll" adapterTypeName="executor://xunit/VsTestRunner2" className="FluentValidation.Tests.EnumValidatorTests" name="When_the_enum_is_initialized_with_invalid_value_then_the_validator_should_fail" />
    </UnitTest>
    <UnitTest name="FluentValidation.Tests.ValidatorTesterTester.ShouldHaveValidationError_should_not_throw_when_there_are_validation_errors" storage="c:\users\michal\workspace\github\fluentvalidation\src\fluentvalidation.tests\bin\release\netcoreapp3.1\fluentvalidation.tests.dll" id="1ddacae2-838d-2593-67aa-40661e84cbc3">
      <Execution id="5d639cc9-b01b-4934-9b50-87e054d66281" />
      <TestMethod codeBase="C:\Users\Michal\Workspace\github\FluentValidation\src\FluentValidation.Tests\bin\Release\netcoreapp3.1\FluentValidation.Tests.dll" adapterTypeName="executor://xunit/VsTestRunner2" className="FluentValidation.Tests.ValidatorTesterTester" name="ShouldHaveValidationError_should_not_throw_when_there_are_validation_errors" />
    </UnitTest>
    <UnitTest name="FluentValidation.Tests.RuleDependencyTests.Treats_root_level_RuleFor_call_as_dependent_rule_if_user_forgets_to_use_DependentRulesBuilder" storage="c:\users\michal\workspace\github\fluentvalidation\src\fluentvalidation.tests\bin\release\netcoreapp3.1\fluentvalidation.tests.dll" id="059ec82c-601c-750f-1878-f79d7de4c6f5">
      <Execution id="d07dc1e9-2ab5-40c6-8968-a5796b947a2f" />
      <TestMethod codeBase="C:\Users\Michal\Workspace\github\FluentValidation\src\FluentValidation.Tests\bin\Release\netcoreapp3.1\FluentValidation.Tests.dll" adapterTypeName="executor://xunit/VsTestRunner2" className="FluentValidation.Tests.RuleDependencyTests" name="Treats_root_level_RuleFor_call_as_dependent_rule_if_user_forgets_to_use_DependentRulesBuilder" />
    </UnitTest>
    <UnitTest name="FluentValidation.Tests.NotEqualValidatorTests.Should_not_be_valid_for_case_insensitve_comparison_with_expression" storage="c:\users\michal\workspace\github\fluentvalidation\src\fluentvalidation.tests\bin\release\netcoreapp3.1\fluentvalidation.tests.dll" id="01b3bb56-5019-822d-2984-404d05cec6be">
      <Execution id="9d4bc264-1467-4338-9749-8a2b7759df17" />
      <TestMethod codeBase="C:\Users\Michal\Workspace\github\FluentValidation\src\FluentValidation.Tests\bin\Release\netcoreapp3.1\FluentValidation.Tests.dll" adapterTypeName="executor://xunit/VsTestRunner2" className="FluentValidation.Tests.NotEqualValidatorTests" name="Should_not_be_valid_for_case_insensitve_comparison_with_expression" />
    </UnitTest>
    <UnitTest name="FluentValidation.Tests.LessThanOrEqualToValidatorTester.Comparison_type" storage="c:\users\michal\workspace\github\fluentvalidation\src\fluentvalidation.tests\bin\release\netcoreapp3.1\fluentvalidation.tests.dll" id="1b95e1da-3b24-3f6c-bfda-ac63c12010db">
      <Execution id="a58f15e6-703d-4042-89c1-f9f34fd36eab" />
      <TestMethod codeBase="C:\Users\Michal\Workspace\github\FluentValidation\src\FluentValidation.Tests\bin\Release\netcoreapp3.1\FluentValidation.Tests.dll" adapterTypeName="executor://xunit/VsTestRunner2" className="FluentValidation.Tests.LessThanOrEqualToValidatorTester" name="Comparison_type" />
    </UnitTest>
    <UnitTest name="FluentValidation.Tests.CollectionValidatorWithParentTests.Async_condition_should_work_with_child_collection" storage="c:\users\michal\workspace\github\fluentvalidation\src\fluentvalidation.tests\bin\release\netcoreapp3.1\fluentvalidation.tests.dll" id="75d29e32-0bd2-46a7-18d5-94dac08446c5">
      <Execution id="558b052b-2f77-4018-b913-5d00faafdeb9" />
      <TestMethod codeBase="C:\Users\Michal\Workspace\github\FluentValidation\src\FluentValidation.Tests\bin\Release\netcoreapp3.1\FluentValidation.Tests.dll" adapterTypeName="executor://xunit/VsTestRunner2" className="FluentValidation.Tests.CollectionValidatorWithParentTests" name="Async_condition_should_work_with_child_collection" />
    </UnitTest>
    <UnitTest name="FluentValidation.Tests.LengthValidatorTests.When_the_validator_fails_the_error_message_should_be_set" storage="c:\users\michal\workspace\github\fluentvalidation\src\fluentvalidation.tests\bin\release\netcoreapp3.1\fluentvalidation.tests.dll" id="1e9864bf-941b-eef5-2a35-e5f3bb46cfa0">
      <Execution id="4ee74d83-a73f-45e1-ae89-f58849d27f3e" />
      <TestMethod codeBase="C:\Users\Michal\Workspace\github\FluentValidation\src\FluentValidation.Tests\bin\Release\netcoreapp3.1\FluentValidation.Tests.dll" adapterTypeName="executor://xunit/VsTestRunner2" className="FluentValidation.Tests.LengthValidatorTests" name="When_the_validator_fails_the_error_message_should_be_set" />
    </UnitTest>
    <UnitTest name="FluentValidation.Tests.DefaultValidatorExtensionTester.NotEqual_should_create_NotEqualValidator_with_explicit_value" storage="c:\users\michal\workspace\github\fluentvalidation\src\fluentvalidation.tests\bin\release\netcoreapp3.1\fluentvalidation.tests.dll" id="04c9922b-3038-f372-64d1-4fb41960005a">
      <Execution id="d9f1fd78-58b0-4479-8995-64a7a3d79950" />
      <TestMethod codeBase="C:\Users\Michal\Workspace\github\FluentValidation\src\FluentValidation.Tests\bin\Release\netcoreapp3.1\FluentValidation.Tests.dll" adapterTypeName="executor://xunit/VsTestRunner2" className="FluentValidation.Tests.DefaultValidatorExtensionTester" name="NotEqual_should_create_NotEqualValidator_with_explicit_value" />
    </UnitTest>
    <UnitTest name="FluentValidation.Tests.CascadingFailuresTester.Validation_continues_when_set_to_Continue_at_validator_level_async" storage="c:\users\michal\workspace\github\fluentvalidation\src\fluentvalidation.tests\bin\release\netcoreapp3.1\fluentvalidation.tests.dll" id="91c5d345-87a2-d32b-b81a-6d7c0c490a98">
      <Execution id="8d1ceb6c-8b2c-4e3b-8913-9a69d0398fac" />
      <TestMethod codeBase="C:\Users\Michal\Workspace\github\FluentValidation\src\FluentValidation.Tests\bin\Release\netcoreapp3.1\FluentValidation.Tests.dll" adapterTypeName="executor://xunit/VsTestRunner2" className="FluentValidation.Tests.CascadingFailuresTester" name="Validation_continues_when_set_to_Continue_at_validator_level_async" />
    </UnitTest>
    <UnitTest name="FluentValidation.Tests.RuleBuilderTests.Adding_a_validator_should_return_builder" storage="c:\users\michal\workspace\github\fluentvalidation\src\fluentvalidation.tests\bin\release\netcoreapp3.1\fluentvalidation.tests.dll" id="a7bf6da3-faf4-72c1-5534-a716c81dea2a">
      <Execution id="14d90d48-62f5-46d0-9ded-73476ecdad32" />
      <TestMethod codeBase="C:\Users\Michal\Workspace\github\FluentValidation\src\FluentValidation.Tests\bin\Release\netcoreapp3.1\FluentValidation.Tests.dll" adapterTypeName="executor://xunit/VsTestRunner2" className="FluentValidation.Tests.RuleBuilderTests" name="Adding_a_validator_should_return_builder" />
    </UnitTest>
    <UnitTest name="FluentValidation.Tests.GreaterThanOrEqualToValidatorTester.Validates_with_property" storage="c:\users\michal\workspace\github\fluentvalidation\src\fluentvalidation.tests\bin\release\netcoreapp3.1\fluentvalidation.tests.dll" id="e524eee9-ba37-0d1d-ef63-b84382f8c688">
      <Execution id="646a91d4-4298-4fd8-a695-61c606a01f79" />
      <TestMethod codeBase="C:\Users\Michal\Workspace\github\FluentValidation\src\FluentValidation.Tests\bin\Release\netcoreapp3.1\FluentValidation.Tests.dll" adapterTypeName="executor://xunit/VsTestRunner2" className="FluentValidation.Tests.GreaterThanOrEqualToValidatorTester" name="Validates_with_property" />
    </UnitTest>
    <UnitTest name="FluentValidation.Tests.CascadingFailuresTester.Cascade_mode_can_be_set_after_validator_instantiated_async" storage="c:\users\michal\workspace\github\fluentvalidation\src\fluentvalidation.tests\bin\release\netcoreapp3.1\fluentvalidation.tests.dll" id="623442a2-ca81-6536-95a0-b29f841d610b">
      <Execution id="077f7005-a4f7-40ad-82b7-8ccddaa68d1f" />
      <TestMethod codeBase="C:\Users\Michal\Workspace\github\FluentValidation\src\FluentValidation.Tests\bin\Release\netcoreapp3.1\FluentValidation.Tests.dll" adapterTypeName="executor://xunit/VsTestRunner2" className="FluentValidation.Tests.CascadingFailuresTester" name="Cascade_mode_can_be_set_after_validator_instantiated_async" />
    </UnitTest>
    <UnitTest name="FluentValidation.Tests.EqualValidatorTests.Should_succeed_on_case_insensitive_comparison_using_expression" storage="c:\users\michal\workspace\github\fluentvalidation\src\fluentvalidation.tests\bin\release\netcoreapp3.1\fluentvalidation.tests.dll" id="bdcb10a3-b499-ea50-0835-7c3676384cbb">
      <Execution id="81121f75-89ee-46e9-9cb9-c20a44a7420b" />
      <TestMethod codeBase="C:\Users\Michal\Workspace\github\FluentValidation\src\FluentValidation.Tests\bin\Release\netcoreapp3.1\FluentValidation.Tests.dll" adapterTypeName="executor://xunit/VsTestRunner2" className="FluentValidation.Tests.EqualValidatorTests" name="Should_succeed_on_case_insensitive_comparison_using_expression" />
    </UnitTest>
    <UnitTest name="FluentValidation.Tests.LengthValidatorTests.When_the_text_is_between_the_lambda_range_specified_then_the_validator_should_pass" storage="c:\users\michal\workspace\github\fluentvalidation\src\fluentvalidation.tests\bin\release\netcoreapp3.1\fluentvalidation.tests.dll" id="bb2684b4-7880-3710-9cd2-b646a98afa50">
      <Execution id="d9f0d4ed-4f48-4258-9d41-d9cdb7b1fe4d" />
      <TestMethod codeBase="C:\Users\Michal\Workspace\github\FluentValidation\src\FluentValidation.Tests\bin\Release\netcoreapp3.1\FluentValidation.Tests.dll" adapterTypeName="executor://xunit/VsTestRunner2" className="FluentValidation.Tests.LengthValidatorTests" name="When_the_text_is_between_the_lambda_range_specified_then_the_validator_should_pass" />
    </UnitTest>
    <UnitTest name="FluentValidation.Tests.ExclusiveBetweenValidatorTests.To_and_from_properties_should_be_set_for_strings" storage="c:\users\michal\workspace\github\fluentvalidation\src\fluentvalidation.tests\bin\release\netcoreapp3.1\fluentvalidation.tests.dll" id="450e910e-a308-26cf-8763-9698a2c2b82c">
      <Execution id="f75c545a-5e4d-4c17-b897-e1cd247ec409" />
      <TestMethod codeBase="C:\Users\Michal\Workspace\github\FluentValidation\src\FluentValidation.Tests\bin\Release\netcoreapp3.1\FluentValidation.Tests.dll" adapterTypeName="executor://xunit/VsTestRunner2" className="FluentValidation.Tests.ExclusiveBetweenValidatorTests" name="To_and_from_properties_should_be_set_for_strings" />
    </UnitTest>
    <UnitTest name="FluentValidation.Tests.ExclusiveBetweenValidatorTests.Validates_with_nullable_when_property_not_null" storage="c:\users\michal\workspace\github\fluentvalidation\src\fluentvalidation.tests\bin\release\netcoreapp3.1\fluentvalidation.tests.dll" id="176900e8-16cd-d0e0-7949-d9fa3e2a847b">
      <Execution id="314371cc-f166-4b8b-ae90-fb26bc9a866f" />
      <TestMethod codeBase="C:\Users\Michal\Workspace\github\FluentValidation\src\FluentValidation.Tests\bin\Release\netcoreapp3.1\FluentValidation.Tests.dll" adapterTypeName="executor://xunit/VsTestRunner2" className="FluentValidation.Tests.ExclusiveBetweenValidatorTests" name="Validates_with_nullable_when_property_not_null" />
    </UnitTest>
    <UnitTest name="FluentValidation.Tests.MessageFormatterTests.Adds_formatted_argument_and_custom_arguments" storage="c:\users\michal\workspace\github\fluentvalidation\src\fluentvalidation.tests\bin\release\netcoreapp3.1\fluentvalidation.tests.dll" id="4fe5da41-221f-27ac-abb8-33925f946d76">
      <Execution id="842e3eaf-c6f1-4acd-8f3a-2e5b6dc606ac" />
      <TestMethod codeBase="C:\Users\Michal\Workspace\github\FluentValidation\src\FluentValidation.Tests\bin\Release\netcoreapp3.1\FluentValidation.Tests.dll" adapterTypeName="executor://xunit/VsTestRunner2" className="FluentValidation.Tests.MessageFormatterTests" name="Adds_formatted_argument_and_custom_arguments" />
    </UnitTest>
    <UnitTest name="FluentValidation.Tests.LengthValidatorTests.When_the_text_is_smaller_than_the_lambda_range_then_the_validator_should_fail" storage="c:\users\michal\workspace\github\fluentvalidation\src\fluentvalidation.tests\bin\release\netcoreapp3.1\fluentvalidation.tests.dll" id="81cf0332-ee80-2a18-0b4c-8621972b63cb">
      <Execution id="025e89ff-1a70-4a2d-b08b-ea2e0edf9d31" />
      <TestMethod codeBase="C:\Users\Michal\Workspace\github\FluentValidation\src\FluentValidation.Tests\bin\Release\netcoreapp3.1\FluentValidation.Tests.dll" adapterTypeName="executor://xunit/VsTestRunner2" className="FluentValidation.Tests.LengthValidatorTests" name="When_the_text_is_smaller_than_the_lambda_range_then_the_validator_should_fail" />
    </UnitTest>
    <UnitTest name="FluentValidation.Tests.LocalisedNameTester.Uses_localized_name_expression" storage="c:\users\michal\workspace\github\fluentvalidation\src\fluentvalidation.tests\bin\release\netcoreapp3.1\fluentvalidation.tests.dll" id="6f866a3e-7147-3011-cacf-b837523366fc">
      <Execution id="b2b1b8eb-1923-4f67-b257-856c392eb963" />
      <TestMethod codeBase="C:\Users\Michal\Workspace\github\FluentValidation\src\FluentValidation.Tests\bin\Release\netcoreapp3.1\FluentValidation.Tests.dll" adapterTypeName="executor://xunit/VsTestRunner2" className="FluentValidation.Tests.LocalisedNameTester" name="Uses_localized_name_expression" />
    </UnitTest>
    <UnitTest name="FluentValidation.Tests.OnFailureTests.WhenAsyncWithOnFailure_should_invoke_condition_on_async_inner_validator" storage="c:\users\michal\workspace\github\fluentvalidation\src\fluentvalidation.tests\bin\release\netcoreapp3.1\fluentvalidation.tests.dll" id="7a3b957a-30f9-3ae7-5da1-c73d87fd92be">
      <Execution id="b0aceb4a-d8c5-4909-8066-bc1fcec56217" />
      <TestMethod codeBase="C:\Users\Michal\Workspace\github\FluentValidation\src\FluentValidation.Tests\bin\Release\netcoreapp3.1\FluentValidation.Tests.dll" adapterTypeName="executor://xunit/VsTestRunner2" className="FluentValidation.Tests.OnFailureTests" name="WhenAsyncWithOnFailure_should_invoke_condition_on_async_inner_validator" />
    </UnitTest>
    <UnitTest name="FluentValidation.Tests.ValidatorTesterTester.ShouldHaveChildValidator_works_on_model_level_rules" storage="c:\users\michal\workspace\github\fluentvalidation\src\fluentvalidation.tests\bin\release\netcoreapp3.1\fluentvalidation.tests.dll" id="ab3ebf7c-0a39-e0de-4b69-e4f4f8fced9c">
      <Execution id="e6ea80b0-33cf-4cd5-a783-52a603863f60" />
      <TestMethod codeBase="C:\Users\Michal\Workspace\github\FluentValidation\src\FluentValidation.Tests\bin\Release\netcoreapp3.1\FluentValidation.Tests.dll" adapterTypeName="executor://xunit/VsTestRunner2" className="FluentValidation.Tests.ValidatorTesterTester" name="ShouldHaveChildValidator_works_on_model_level_rules" />
    </UnitTest>
    <UnitTest name="FluentValidation.Tests.ChainedValidationTester.Explicitly_included_properties_should_be_propagated_to_nested_validators" storage="c:\users\michal\workspace\github\fluentvalidation\src\fluentvalidation.tests\bin\release\netcoreapp3.1\fluentvalidation.tests.dll" id="e65554ce-dc13-ac4c-6163-9d3c6fb3e650">
      <Execution id="b9239824-91c1-4518-b750-9e02ffc19bde" />
      <TestMethod codeBase="C:\Users\Michal\Workspace\github\FluentValidation\src\FluentValidation.Tests\bin\Release\netcoreapp3.1\FluentValidation.Tests.dll" adapterTypeName="executor://xunit/VsTestRunner2" className="FluentValidation.Tests.ChainedValidationTester" name="Explicitly_included_properties_should_be_propagated_to_nested_validators" />
    </UnitTest>
    <UnitTest name="FluentValidation.Tests.LessThanValidatorTester.Should_throw_when_value_to_compare_is_null" storage="c:\users\michal\workspace\github\fluentvalidation\src\fluentvalidation.tests\bin\release\netcoreapp3.1\fluentvalidation.tests.dll" id="af9a2b1c-53fb-7c22-891e-b840907e2209">
      <Execution id="67f051a6-cb77-4b0f-9789-c81852966225" />
      <TestMethod codeBase="C:\Users\Michal\Workspace\github\FluentValidation\src\FluentValidation.Tests\bin\Release\netcoreapp3.1\FluentValidation.Tests.dll" adapterTypeName="executor://xunit/VsTestRunner2" className="FluentValidation.Tests.LessThanValidatorTester" name="Should_throw_when_value_to_compare_is_null" />
    </UnitTest>
    <UnitTest name="FluentValidation.Tests.ForEachRuleTests.Correctly_gets_collection_indices" storage="c:\users\michal\workspace\github\fluentvalidation\src\fluentvalidation.tests\bin\release\netcoreapp3.1\fluentvalidation.tests.dll" id="0ff0d87a-07e9-b695-31c6-9fd5f394bf14">
      <Execution id="8e711633-f1ff-4cd4-b4ed-039526f24895" />
      <TestMethod codeBase="C:\Users\Michal\Workspace\github\FluentValidation\src\FluentValidation.Tests\bin\Release\netcoreapp3.1\FluentValidation.Tests.dll" adapterTypeName="executor://xunit/VsTestRunner2" className="FluentValidation.Tests.ForEachRuleTests" name="Correctly_gets_collection_indices" />
    </UnitTest>
    <UnitTest name="FluentValidation.Tests.ConditionTests.Validation_should_succeed_when_condition_matches" storage="c:\users\michal\workspace\github\fluentvalidation\src\fluentvalidation.tests\bin\release\netcoreapp3.1\fluentvalidation.tests.dll" id="75bb3662-4455-46a8-c6e6-419244082b71">
      <Execution id="6a72eb91-140e-42ba-94d4-f0bf2d611558" />
      <TestMethod codeBase="C:\Users\Michal\Workspace\github\FluentValidation\src\FluentValidation.Tests\bin\Release\netcoreapp3.1\FluentValidation.Tests.dll" adapterTypeName="executor://xunit/VsTestRunner2" className="FluentValidation.Tests.ConditionTests" name="Validation_should_succeed_when_condition_matches" />
    </UnitTest>
    <UnitTest name="FluentValidation.Tests.ChainedValidationTester.Validates_chained_property" storage="c:\users\michal\workspace\github\fluentvalidation\src\fluentvalidation.tests\bin\release\netcoreapp3.1\fluentvalidation.tests.dll" id="a75ea006-b4d6-4098-0e8d-a6d2f590d90e">
      <Execution id="495c7607-5b0b-41bd-8b93-8a08b01508f8" />
      <TestMethod codeBase="C:\Users\Michal\Workspace\github\FluentValidation\src\FluentValidation.Tests\bin\Release\netcoreapp3.1\FluentValidation.Tests.dll" adapterTypeName="executor://xunit/VsTestRunner2" className="FluentValidation.Tests.ChainedValidationTester" name="Validates_chained_property" />
    </UnitTest>
    <UnitTest name="FluentValidation.Tests.OnFailureTests.WhenAsyncWithOnFailure_should_invoke_condition_on_inner_validator" storage="c:\users\michal\workspace\github\fluentvalidation\src\fluentvalidation.tests\bin\release\netcoreapp3.1\fluentvalidation.tests.dll" id="2bd372a6-4e17-9d4e-6f8f-20cfd298bb18">
      <Execution id="dea48ce9-c7da-4b6f-8741-5b7059838603" />
      <TestMethod codeBase="C:\Users\Michal\Workspace\github\FluentValidation\src\FluentValidation.Tests\bin\Release\netcoreapp3.1\FluentValidation.Tests.dll" adapterTypeName="executor://xunit/VsTestRunner2" className="FluentValidation.Tests.OnFailureTests" name="WhenAsyncWithOnFailure_should_invoke_condition_on_inner_validator" />
    </UnitTest>
    <UnitTest name="FluentValidation.Tests.LocalisedMessagesTester.Does_not_throw_InvalidCastException_when_using_RuleForEach" storage="c:\users\michal\workspace\github\fluentvalidation\src\fluentvalidation.tests\bin\release\netcoreapp3.1\fluentvalidation.tests.dll" id="c8e0e312-712a-18a6-32f8-ef3dde4eb05a">
      <Execution id="9eaa6329-51c6-43b3-89ec-b3c43079940a" />
      <TestMethod codeBase="C:\Users\Michal\Workspace\github\FluentValidation\src\FluentValidation.Tests\bin\Release\netcoreapp3.1\FluentValidation.Tests.dll" adapterTypeName="executor://xunit/VsTestRunner2" className="FluentValidation.Tests.LocalisedMessagesTester" name="Does_not_throw_InvalidCastException_when_using_RuleForEach" />
    </UnitTest>
    <UnitTest name="FluentValidation.Tests.ValidatorSelectorTests.Validates_nullable_property_with_overriden_name_when_selected" storage="c:\users\michal\workspace\github\fluentvalidation\src\fluentvalidation.tests\bin\release\netcoreapp3.1\fluentvalidation.tests.dll" id="e6d3e767-bc6c-5dc0-ccd2-b7de0b9d5c1f">
      <Execution id="528023e7-c13a-435f-b53d-52b961f0bb18" />
      <TestMethod codeBase="C:\Users\Michal\Workspace\github\FluentValidation\src\FluentValidation.Tests\bin\Release\netcoreapp3.1\FluentValidation.Tests.dll" adapterTypeName="executor://xunit/VsTestRunner2" className="FluentValidation.Tests.ValidatorSelectorTests" name="Validates_nullable_property_with_overriden_name_when_selected" />
    </UnitTest>
    <UnitTest name="FluentValidation.Tests.ForEachRuleTests.Top_level_collection" storage="c:\users\michal\workspace\github\fluentvalidation\src\fluentvalidation.tests\bin\release\netcoreapp3.1\fluentvalidation.tests.dll" id="46460b4b-4705-5233-bea5-bd169c31efde">
      <Execution id="ae12609a-15f9-418f-b8e8-21d9cdda66b7" />
      <TestMethod codeBase="C:\Users\Michal\Workspace\github\FluentValidation\src\FluentValidation.Tests\bin\Release\netcoreapp3.1\FluentValidation.Tests.dll" adapterTypeName="executor://xunit/VsTestRunner2" className="FluentValidation.Tests.ForEachRuleTests" name="Top_level_collection" />
    </UnitTest>
    <UnitTest name="FluentValidation.Tests.ValidatorTesterTester.Model_level_check_fails_if_no_model_level_failures" storage="c:\users\michal\workspace\github\fluentvalidation\src\fluentvalidation.tests\bin\release\netcoreapp3.1\fluentvalidation.tests.dll" id="b25a9326-8f99-4575-aa17-25fe39557d45">
      <Execution id="2c2deb57-5c4f-412e-ac76-17ff0637e205" />
      <TestMethod codeBase="C:\Users\Michal\Workspace\github\FluentValidation\src\FluentValidation.Tests\bin\Release\netcoreapp3.1\FluentValidation.Tests.dll" adapterTypeName="executor://xunit/VsTestRunner2" className="FluentValidation.Tests.ValidatorTesterTester" name="Model_level_check_fails_if_no_model_level_failures" />
    </UnitTest>
    <UnitTest name="FluentValidation.Tests.StringEnumValidatorTests.IsValidTests_CaseInsensitive_CaseCorrect" storage="c:\users\michal\workspace\github\fluentvalidation\src\fluentvalidation.tests\bin\release\netcoreapp3.1\fluentvalidation.tests.dll" id="c3b0e623-8360-9b38-16d4-f8d7ba4bc49a">
      <Execution id="c9873de3-2c30-4c05-bd79-4845f3c21bee" />
      <TestMethod codeBase="C:\Users\Michal\Workspace\github\FluentValidation\src\FluentValidation.Tests\bin\Release\netcoreapp3.1\FluentValidation.Tests.dll" adapterTypeName="executor://xunit/VsTestRunner2" className="FluentValidation.Tests.StringEnumValidatorTests" name="IsValidTests_CaseInsensitive_CaseCorrect" />
    </UnitTest>
    <UnitTest name="FluentValidation.Tests.RulesetTests.Ruleset_cascades_to_child_validator" storage="c:\users\michal\workspace\github\fluentvalidation\src\fluentvalidation.tests\bin\release\netcoreapp3.1\fluentvalidation.tests.dll" id="b1352d69-e2ae-8627-1986-ef07cae42358">
      <Execution id="e37b77f6-d1a1-45c3-b92f-244527944e71" />
      <TestMethod codeBase="C:\Users\Michal\Workspace\github\FluentValidation\src\FluentValidation.Tests\bin\Release\netcoreapp3.1\FluentValidation.Tests.dll" adapterTypeName="executor://xunit/VsTestRunner2" className="FluentValidation.Tests.RulesetTests" name="Ruleset_cascades_to_child_validator" />
    </UnitTest>
    <UnitTest name="FluentValidation.Tests.ForEachRuleTests.Nested_collection_for_null_property_should_not_throw_null_reference" storage="c:\users\michal\workspace\github\fluentvalidation\src\fluentvalidation.tests\bin\release\netcoreapp3.1\fluentvalidation.tests.dll" id="e022fe22-976f-08f8-c6a5-9dc5f5162c0f">
      <Execution id="86234629-8333-4c51-b859-76e530314b58" />
      <TestMethod codeBase="C:\Users\Michal\Workspace\github\FluentValidation\src\FluentValidation.Tests\bin\Release\netcoreapp3.1\FluentValidation.Tests.dll" adapterTypeName="executor://xunit/VsTestRunner2" className="FluentValidation.Tests.ForEachRuleTests" name="Nested_collection_for_null_property_should_not_throw_null_reference" />
    </UnitTest>
    <UnitTest name="FluentValidation.Tests.SharedConditionTests.RuleSet_can_be_used_inside_condition" storage="c:\users\michal\workspace\github\fluentvalidation\src\fluentvalidation.tests\bin\release\netcoreapp3.1\fluentvalidation.tests.dll" id="cb55702d-c700-d151-dcf0-beab45244af9">
      <Execution id="51989b2b-b2aa-4773-a7b5-94485f755ec6" />
      <TestMethod codeBase="C:\Users\Michal\Workspace\github\FluentValidation\src\FluentValidation.Tests\bin\Release\netcoreapp3.1\FluentValidation.Tests.dll" adapterTypeName="executor://xunit/VsTestRunner2" className="FluentValidation.Tests.SharedConditionTests" name="RuleSet_can_be_used_inside_condition" />
    </UnitTest>
    <UnitTest name="FluentValidation.Tests.AbstractValidatorTester.Should_validate_single_property" storage="c:\users\michal\workspace\github\fluentvalidation\src\fluentvalidation.tests\bin\release\netcoreapp3.1\fluentvalidation.tests.dll" id="86aa538b-26da-431c-c996-c8b4403204ba">
      <Execution id="314de7bb-4671-4d25-83a9-1dfec4878c05" />
      <TestMethod codeBase="C:\Users\Michal\Workspace\github\FluentValidation\src\FluentValidation.Tests\bin\Release\netcoreapp3.1\FluentValidation.Tests.dll" adapterTypeName="executor://xunit/VsTestRunner2" className="FluentValidation.Tests.AbstractValidatorTester" name="Should_validate_single_property" />
    </UnitTest>
    <UnitTest name="FluentValidation.Tests.GreaterThanOrEqualToValidatorTester.Should_succeed_when_greater_than_input" storage="c:\users\michal\workspace\github\fluentvalidation\src\fluentvalidation.tests\bin\release\netcoreapp3.1\fluentvalidation.tests.dll" id="8d21a44e-3320-941f-4e14-97c023a3327e">
      <Execution id="e714a42b-4170-4dc4-b0f2-e7342c56f4a9" />
      <TestMethod codeBase="C:\Users\Michal\Workspace\github\FluentValidation\src\FluentValidation.Tests\bin\Release\netcoreapp3.1\FluentValidation.Tests.dll" adapterTypeName="executor://xunit/VsTestRunner2" className="FluentValidation.Tests.GreaterThanOrEqualToValidatorTester" name="Should_succeed_when_greater_than_input" />
    </UnitTest>
    <UnitTest name="FluentValidation.Tests.ValidatorTesterTester.ShouldNotHaveValidationError_async" storage="c:\users\michal\workspace\github\fluentvalidation\src\fluentvalidation.tests\bin\release\netcoreapp3.1\fluentvalidation.tests.dll" id="6528a03b-d3d1-ad54-dd5c-711ba30b6735">
      <Execution id="40da2558-2142-418e-96b9-9c00822f80fa" />
      <TestMethod codeBase="C:\Users\Michal\Workspace\github\FluentValidation\src\FluentValidation.Tests\bin\Release\netcoreapp3.1\FluentValidation.Tests.dll" adapterTypeName="executor://xunit/VsTestRunner2" className="FluentValidation.Tests.ValidatorTesterTester" name="ShouldNotHaveValidationError_async" />
    </UnitTest>
    <UnitTest name="FluentValidation.Tests.GreaterThanOrEqualToValidatorTester.Comparison_property_uses_custom_resolver" storage="c:\users\michal\workspace\github\fluentvalidation\src\fluentvalidation.tests\bin\release\netcoreapp3.1\fluentvalidation.tests.dll" id="e37cd617-56d8-86e1-3f69-ca67b8aa17c5">
      <Execution id="b4f1690c-f523-47ae-93f6-f8c4d9f1ccd8" />
      <TestMethod codeBase="C:\Users\Michal\Workspace\github\FluentValidation\src\FluentValidation.Tests\bin\Release\netcoreapp3.1\FluentValidation.Tests.dll" adapterTypeName="executor://xunit/VsTestRunner2" className="FluentValidation.Tests.GreaterThanOrEqualToValidatorTester" name="Comparison_property_uses_custom_resolver" />
    </UnitTest>
    <UnitTest name="FluentValidation.Tests.InheritanceValidatorTest.Validates_inheritance_async" storage="c:\users\michal\workspace\github\fluentvalidation\src\fluentvalidation.tests\bin\release\netcoreapp3.1\fluentvalidation.tests.dll" id="ec308a3a-9c45-6610-4f30-8c1bdbfd5e69">
      <Execution id="fe7df6d6-b03e-4d5b-887c-6bf78d8a02b8" />
      <TestMethod codeBase="C:\Users\Michal\Workspace\github\FluentValidation\src\FluentValidation.Tests\bin\Release\netcoreapp3.1\FluentValidation.Tests.dll" adapterTypeName="executor://xunit/VsTestRunner2" className="FluentValidation.Tests.InheritanceValidatorTest" name="Validates_inheritance_async" />
    </UnitTest>
    <UnitTest name="FluentValidation.Tests.ValidatorTesterTester.ShouldHaveChildValidator_should_work_with_DependentRules" storage="c:\users\michal\workspace\github\fluentvalidation\src\fluentvalidation.tests\bin\release\netcoreapp3.1\fluentvalidation.tests.dll" id="23491167-b49e-d106-0bee-ac2174809e4e">
      <Execution id="46f4f3e9-37a4-45bd-884f-520fb354cbb0" />
      <TestMethod codeBase="C:\Users\Michal\Workspace\github\FluentValidation\src\FluentValidation.Tests\bin\Release\netcoreapp3.1\FluentValidation.Tests.dll" adapterTypeName="executor://xunit/VsTestRunner2" className="FluentValidation.Tests.ValidatorTesterTester" name="ShouldHaveChildValidator_should_work_with_DependentRules" />
    </UnitTest>
    <UnitTest name="FluentValidation.Tests.EmptyTester.When_value_is_null_validator_should_pass" storage="c:\users\michal\workspace\github\fluentvalidation\src\fluentvalidation.tests\bin\release\netcoreapp3.1\fluentvalidation.tests.dll" id="dda6c69b-1e50-36a5-e92f-e19b62139640">
      <Execution id="bab2efd8-6a05-4477-8c86-9f3e07bd538c" />
      <TestMethod codeBase="C:\Users\Michal\Workspace\github\FluentValidation\src\FluentValidation.Tests\bin\Release\netcoreapp3.1\FluentValidation.Tests.dll" adapterTypeName="executor://xunit/VsTestRunner2" className="FluentValidation.Tests.EmptyTester" name="When_value_is_null_validator_should_pass" />
    </UnitTest>
    <UnitTest name="FluentValidation.Tests.LessThanOrEqualToValidatorTester.Validates_with_property" storage="c:\users\michal\workspace\github\fluentvalidation\src\fluentvalidation.tests\bin\release\netcoreapp3.1\fluentvalidation.tests.dll" id="4e59954c-0a2f-0475-0212-c8936c210e5a">
      <Execution id="6ad60e01-e5d6-4963-8344-f7e538c257cb" />
      <TestMethod codeBase="C:\Users\Michal\Workspace\github\FluentValidation\src\FluentValidation.Tests\bin\Release\netcoreapp3.1\FluentValidation.Tests.dll" adapterTypeName="executor://xunit/VsTestRunner2" className="FluentValidation.Tests.LessThanOrEqualToValidatorTester" name="Validates_with_property" />
    </UnitTest>
    <UnitTest name="FluentValidation.Tests.InclusiveBetweenValidatorTests.When_the_value_is_between_the_range_specified_then_the_validator_should_pass" storage="c:\users\michal\workspace\github\fluentvalidation\src\fluentvalidation.tests\bin\release\netcoreapp3.1\fluentvalidation.tests.dll" id="ad134517-e472-6c32-b7fe-65ee002252ad">
      <Execution id="035aa2e3-3fd8-45af-b055-f2cbdfad77f8" />
      <TestMethod codeBase="C:\Users\Michal\Workspace\github\FluentValidation\src\FluentValidation.Tests\bin\Release\netcoreapp3.1\FluentValidation.Tests.dll" adapterTypeName="executor://xunit/VsTestRunner2" className="FluentValidation.Tests.InclusiveBetweenValidatorTests" name="When_the_value_is_between_the_range_specified_then_the_validator_should_pass" />
    </UnitTest>
    <UnitTest name="FluentValidation.Tests.RuleBuilderTests.Should_throw_if_validator_is_null" storage="c:\users\michal\workspace\github\fluentvalidation\src\fluentvalidation.tests\bin\release\netcoreapp3.1\fluentvalidation.tests.dll" id="f5b15bf2-f082-268b-b396-7dadde16d5ad">
      <Execution id="47286ccf-0dd0-492e-aaec-08a96de794b0" />
      <TestMethod codeBase="C:\Users\Michal\Workspace\github\FluentValidation\src\FluentValidation.Tests\bin\Release\netcoreapp3.1\FluentValidation.Tests.dll" adapterTypeName="executor://xunit/VsTestRunner2" className="FluentValidation.Tests.RuleBuilderTests" name="Should_throw_if_validator_is_null" />
    </UnitTest>
    <UnitTest name="FluentValidation.Tests.LessThanValidatorTester.Should_succeed_when_less_than_input" storage="c:\users\michal\workspace\github\fluentvalidation\src\fluentvalidation.tests\bin\release\netcoreapp3.1\fluentvalidation.tests.dll" id="c54b9df3-a9f3-3453-98f8-103d3da76cd8">
      <Execution id="fb6bb6d9-f1e4-4a12-8436-91f7436dda85" />
      <TestMethod codeBase="C:\Users\Michal\Workspace\github\FluentValidation\src\FluentValidation.Tests\bin\Release\netcoreapp3.1\FluentValidation.Tests.dll" adapterTypeName="executor://xunit/VsTestRunner2" className="FluentValidation.Tests.LessThanValidatorTester" name="Should_succeed_when_less_than_input" />
    </UnitTest>
    <UnitTest name="FluentValidation.Tests.PredicateValidatorTester.Should_fail_when_predicate_returns_false" storage="c:\users\michal\workspace\github\fluentvalidation\src\fluentvalidation.tests\bin\release\netcoreapp3.1\fluentvalidation.tests.dll" id="5bc06159-6014-e4da-d494-962c2be3d46d">
      <Execution id="ba771a93-1b9b-4603-a442-046c2ec6b85b" />
      <TestMethod codeBase="C:\Users\Michal\Workspace\github\FluentValidation\src\FluentValidation.Tests\bin\Release\netcoreapp3.1\FluentValidation.Tests.dll" adapterTypeName="executor://xunit/VsTestRunner2" className="FluentValidation.Tests.PredicateValidatorTester" name="Should_fail_when_predicate_returns_false" />
    </UnitTest>
    <UnitTest name="FluentValidation.Tests.ExactLengthValidatorTester.When_the_text_length_is_smaller_the_validator_should_fail" storage="c:\users\michal\workspace\github\fluentvalidation\src\fluentvalidation.tests\bin\release\netcoreapp3.1\fluentvalidation.tests.dll" id="d15494fd-b942-42f6-e93e-e0def07c2633">
      <Execution id="4ca017d4-998b-4836-b0b2-449620430d3c" />
      <TestMethod codeBase="C:\Users\Michal\Workspace\github\FluentValidation\src\FluentValidation.Tests\bin\Release\netcoreapp3.1\FluentValidation.Tests.dll" adapterTypeName="executor://xunit/VsTestRunner2" className="FluentValidation.Tests.ExactLengthValidatorTester" name="When_the_text_length_is_smaller_the_validator_should_fail" />
    </UnitTest>
    <UnitTest name="FluentValidation.Tests.LessThanValidatorTester.Should_fail_when_equal_to_input" storage="c:\users\michal\workspace\github\fluentvalidation\src\fluentvalidation.tests\bin\release\netcoreapp3.1\fluentvalidation.tests.dll" id="5293b370-007e-ff62-e09d-8615dff3b570">
      <Execution id="6aa12513-f730-4ca1-9127-3ce303729971" />
      <TestMethod codeBase="C:\Users\Michal\Workspace\github\FluentValidation\src\FluentValidation.Tests\bin\Release\netcoreapp3.1\FluentValidation.Tests.dll" adapterTypeName="executor://xunit/VsTestRunner2" className="FluentValidation.Tests.LessThanValidatorTester" name="Should_fail_when_equal_to_input" />
    </UnitTest>
    <UnitTest name="FluentValidation.Tests.ValidatorTesterTester.ShouldNotHAveValidationError_should_not_throw_When_there_are_no_errors_with_preconstructed_object" storage="c:\users\michal\workspace\github\fluentvalidation\src\fluentvalidation.tests\bin\release\netcoreapp3.1\fluentvalidation.tests.dll" id="67a3a2f6-4fc2-1e50-f786-8b414f6e414f">
      <Execution id="1b0f8e0d-354c-4573-b4c0-bcb9b439a426" />
      <TestMethod codeBase="C:\Users\Michal\Workspace\github\FluentValidation\src\FluentValidation.Tests\bin\Release\netcoreapp3.1\FluentValidation.Tests.dll" adapterTypeName="executor://xunit/VsTestRunner2" className="FluentValidation.Tests.ValidatorTesterTester" name="ShouldNotHAveValidationError_should_not_throw_When_there_are_no_errors_with_preconstructed_object" />
    </UnitTest>
    <UnitTest name="FluentValidation.Tests.UserStateTester.Throws_when_provider_is_null" storage="c:\users\michal\workspace\github\fluentvalidation\src\fluentvalidation.tests\bin\release\netcoreapp3.1\fluentvalidation.tests.dll" id="514465b9-7ecc-a6bb-70a0-227b235263ef">
      <Execution id="628b83a3-9ece-481e-b154-2484f31515d1" />
      <TestMethod codeBase="C:\Users\Michal\Workspace\github\FluentValidation\src\FluentValidation.Tests\bin\Release\netcoreapp3.1\FluentValidation.Tests.dll" adapterTypeName="executor://xunit/VsTestRunner2" className="FluentValidation.Tests.UserStateTester" name="Throws_when_provider_is_null" />
    </UnitTest>
    <UnitTest name="FluentValidation.Tests.ComplexValidationTester.Condition_should_work_with_complex_property_when_invoked_async" storage="c:\users\michal\workspace\github\fluentvalidation\src\fluentvalidation.tests\bin\release\netcoreapp3.1\fluentvalidation.tests.dll" id="c40f025e-a072-a41a-363a-c4259bba15bc">
      <Execution id="8f62c095-e720-4bc6-8528-e4a20d412b96" />
      <TestMethod codeBase="C:\Users\Michal\Workspace\github\FluentValidation\src\FluentValidation.Tests\bin\Release\netcoreapp3.1\FluentValidation.Tests.dll" adapterTypeName="executor://xunit/VsTestRunner2" className="FluentValidation.Tests.ComplexValidationTester" name="Condition_should_work_with_complex_property_when_invoked_async" />
    </UnitTest>
    <UnitTest name="FluentValidation.Tests.ForEachRuleTests.Validates_child_validator_asynchronously" storage="c:\users\michal\workspace\github\fluentvalidation\src\fluentvalidation.tests\bin\release\netcoreapp3.1\fluentvalidation.tests.dll" id="b8f5f4f5-0941-d005-a9ba-f058eb7b64af">
      <Execution id="d5c176e0-4f50-49af-9cf7-6fe637980924" />
      <TestMethod codeBase="C:\Users\Michal\Workspace\github\FluentValidation\src\FluentValidation.Tests\bin\Release\netcoreapp3.1\FluentValidation.Tests.dll" adapterTypeName="executor://xunit/VsTestRunner2" className="FluentValidation.Tests.ForEachRuleTests" name="Validates_child_validator_asynchronously" />
    </UnitTest>
    <UnitTest name="FluentValidation.Tests.ScalePrecisionValidatorTests.Scale_precision_should_be_valid_when_ignoring_trailing_zeroes" storage="c:\users\michal\workspace\github\fluentvalidation\src\fluentvalidation.tests\bin\release\netcoreapp3.1\fluentvalidation.tests.dll" id="e84531c4-4cef-cbda-b6b4-b5f18f13af36">
      <Execution id="78c4ec1f-0575-4dbe-8b38-ce9e1360da63" />
      <TestMethod codeBase="C:\Users\Michal\Workspace\github\FluentValidation\src\FluentValidation.Tests\bin\Release\netcoreapp3.1\FluentValidation.Tests.dll" adapterTypeName="executor://xunit/VsTestRunner2" className="FluentValidation.Tests.ScalePrecisionValidatorTests" name="Scale_precision_should_be_valid_when_ignoring_trailing_zeroes" />
    </UnitTest>
    <UnitTest name="FluentValidation.Tests.DefaultValidatorExtensionTester.LessThan_should_create_LessThanValidator_with_explicit_value" storage="c:\users\michal\workspace\github\fluentvalidation\src\fluentvalidation.tests\bin\release\netcoreapp3.1\fluentvalidation.tests.dll" id="0da0ac37-d0e7-96de-006a-0889754f88a4">
      <Execution id="3dab9274-7037-42a5-84df-d7f6c91e2add" />
      <TestMethod codeBase="C:\Users\Michal\Workspace\github\FluentValidation\src\FluentValidation.Tests\bin\Release\netcoreapp3.1\FluentValidation.Tests.dll" adapterTypeName="executor://xunit/VsTestRunner2" className="FluentValidation.Tests.DefaultValidatorExtensionTester" name="LessThan_should_create_LessThanValidator_with_explicit_value" />
    </UnitTest>
    <UnitTest name="FluentValidation.Tests.ConditionTests.Validation_should_succeed_when_async_condition_matches" storage="c:\users\michal\workspace\github\fluentvalidation\src\fluentvalidation.tests\bin\release\netcoreapp3.1\fluentvalidation.tests.dll" id="6590945f-34b6-6926-b5d6-639e5107e146">
      <Execution id="439e6111-9e5f-4ae5-b8c8-9f366e84a81b" />
      <TestMethod codeBase="C:\Users\Michal\Workspace\github\FluentValidation\src\FluentValidation.Tests\bin\Release\netcoreapp3.1\FluentValidation.Tests.dll" adapterTypeName="executor://xunit/VsTestRunner2" className="FluentValidation.Tests.ConditionTests" name="Validation_should_succeed_when_async_condition_matches" />
    </UnitTest>
    <UnitTest name="FluentValidation.Tests.SharedConditionTests.Runs_otherwise_conditons_for_Unless" storage="c:\users\michal\workspace\github\fluentvalidation\src\fluentvalidation.tests\bin\release\netcoreapp3.1\fluentvalidation.tests.dll" id="d0200e86-713d-428b-0fc6-bd8ab971c6ae">
      <Execution id="57461039-3733-40c7-ae9d-c01acc2358db" />
      <TestMethod codeBase="C:\Users\Michal\Workspace\github\FluentValidation\src\FluentValidation.Tests\bin\Release\netcoreapp3.1\FluentValidation.Tests.dll" adapterTypeName="executor://xunit/VsTestRunner2" className="FluentValidation.Tests.SharedConditionTests" name="Runs_otherwise_conditons_for_Unless" />
    </UnitTest>
    <UnitTest name="FluentValidation.Tests.AccessorCacheTests.Gets_accessor" storage="c:\users\michal\workspace\github\fluentvalidation\src\fluentvalidation.tests\bin\release\netcoreapp3.1\fluentvalidation.tests.dll" id="1eef2735-c6c3-aa43-6d4f-1834b9b870e0">
      <Execution id="98ca6b23-f5d4-427c-8f31-f8cea480b542" />
      <TestMethod codeBase="C:\Users\Michal\Workspace\github\FluentValidation\src\FluentValidation.Tests\bin\Release\netcoreapp3.1\FluentValidation.Tests.dll" adapterTypeName="executor://xunit/VsTestRunner2" className="FluentValidation.Tests.AccessorCacheTests" name="Gets_accessor" />
    </UnitTest>
    <UnitTest name="FluentValidation.Tests.RegularExpressionValidatorTests.When_the_text_matches_the_regular_expression_then_the_validator_should_pass" storage="c:\users\michal\workspace\github\fluentvalidation\src\fluentvalidation.tests\bin\release\netcoreapp3.1\fluentvalidation.tests.dll" id="5a356a97-78f3-3ad5-faf3-349c2ab474a9">
      <Execution id="f81e4042-78bf-4741-ac08-e465ac2d8407" />
      <TestMethod codeBase="C:\Users\Michal\Workspace\github\FluentValidation\src\FluentValidation.Tests\bin\Release\netcoreapp3.1\FluentValidation.Tests.dll" adapterTypeName="executor://xunit/VsTestRunner2" className="FluentValidation.Tests.RegularExpressionValidatorTests" name="When_the_text_matches_the_regular_expression_then_the_validator_should_pass" />
    </UnitTest>
    <UnitTest name="FluentValidation.Tests.OnFailureTests.ShouldHaveChildValidator_works_with_Include" storage="c:\users\michal\workspace\github\fluentvalidation\src\fluentvalidation.tests\bin\release\netcoreapp3.1\fluentvalidation.tests.dll" id="64c52a13-809b-f4bc-6bde-fd79c876ba76">
      <Execution id="c7583de2-1ede-4376-b75d-18488175a70d" />
      <TestMethod codeBase="C:\Users\Michal\Workspace\github\FluentValidation\src\FluentValidation.Tests\bin\Release\netcoreapp3.1\FluentValidation.Tests.dll" adapterTypeName="executor://xunit/VsTestRunner2" className="FluentValidation.Tests.OnFailureTests" name="ShouldHaveChildValidator_works_with_Include" />
    </UnitTest>
    <UnitTest name="FluentValidation.Tests.SharedConditionTests.Does_not_execute_custom_Rule_when_condition_false" storage="c:\users\michal\workspace\github\fluentvalidation\src\fluentvalidation.tests\bin\release\netcoreapp3.1\fluentvalidation.tests.dll" id="009eff29-c2b3-c3fb-c2d8-1f20b510ebbf">
      <Execution id="f9e80f34-54fe-4546-ad9e-32cabf3bdca0" />
      <TestMethod codeBase="C:\Users\Michal\Workspace\github\FluentValidation\src\FluentValidation.Tests\bin\Release\netcoreapp3.1\FluentValidation.Tests.dll" adapterTypeName="executor://xunit/VsTestRunner2" className="FluentValidation.Tests.SharedConditionTests" name="Does_not_execute_custom_Rule_when_condition_false" />
    </UnitTest>
    <UnitTest name="FluentValidation.Tests.ExclusiveBetweenValidatorTests.When_the_to_is_smaller_than_the_from_then_the_validator_should_throw" storage="c:\users\michal\workspace\github\fluentvalidation\src\fluentvalidation.tests\bin\release\netcoreapp3.1\fluentvalidation.tests.dll" id="0424c72b-0bcc-10cc-76c4-ae665db2a695">
      <Execution id="658a1b2a-5500-4a22-8ce7-6e2257059393" />
      <TestMethod codeBase="C:\Users\Michal\Workspace\github\FluentValidation\src\FluentValidation.Tests\bin\Release\netcoreapp3.1\FluentValidation.Tests.dll" adapterTypeName="executor://xunit/VsTestRunner2" className="FluentValidation.Tests.ExclusiveBetweenValidatorTests" name="When_the_to_is_smaller_than_the_from_then_the_validator_should_throw" />
    </UnitTest>
    <UnitTest name="FluentValidation.Tests.MemberAccessorTests.ComplexPropertySet" storage="c:\users\michal\workspace\github\fluentvalidation\src\fluentvalidation.tests\bin\release\netcoreapp3.1\fluentvalidation.tests.dll" id="8163ae46-5a25-92e6-1c10-f0451d8e898e">
      <Execution id="712f4bd3-287a-44d5-9ed5-f39e54cc082c" />
      <TestMethod codeBase="C:\Users\Michal\Workspace\github\FluentValidation\src\FluentValidation.Tests\bin\Release\netcoreapp3.1\FluentValidation.Tests.dll" adapterTypeName="executor://xunit/VsTestRunner2" className="FluentValidation.Tests.MemberAccessorTests" name="ComplexPropertySet" />
    </UnitTest>
    <UnitTest name="FluentValidation.Tests.UserStateTester.Can_Provide_state_for_item_in_collection" storage="c:\users\michal\workspace\github\fluentvalidation\src\fluentvalidation.tests\bin\release\netcoreapp3.1\fluentvalidation.tests.dll" id="963529c0-e3e7-d000-5d75-9bd426db4b07">
      <Execution id="a2f65910-f579-4642-bf5e-e60849c8f85d" />
      <TestMethod codeBase="C:\Users\Michal\Workspace\github\FluentValidation\src\FluentValidation.Tests\bin\Release\netcoreapp3.1\FluentValidation.Tests.dll" adapterTypeName="executor://xunit/VsTestRunner2" className="FluentValidation.Tests.UserStateTester" name="Can_Provide_state_for_item_in_collection" />
    </UnitTest>
    <UnitTest name="FluentValidation.Tests.RuleBuilderTests.Calling_validate_should_delegate_to_underlying_validator" storage="c:\users\michal\workspace\github\fluentvalidation\src\fluentvalidation.tests\bin\release\netcoreapp3.1\fluentvalidation.tests.dll" id="afc87f63-283e-7783-186c-4bbc5331191b">
      <Execution id="51eaad64-4b24-4bb7-b214-1b4616f301e0" />
      <TestMethod codeBase="C:\Users\Michal\Workspace\github\FluentValidation\src\FluentValidation.Tests\bin\Release\netcoreapp3.1\FluentValidation.Tests.dll" adapterTypeName="executor://xunit/VsTestRunner2" className="FluentValidation.Tests.RuleBuilderTests" name="Calling_validate_should_delegate_to_underlying_validator" />
    </UnitTest>
    <UnitTest name="FluentValidation.Tests.NotEmptyTester.When_value_is_Default_for_type_validator_should_fail_datetime" storage="c:\users\michal\workspace\github\fluentvalidation\src\fluentvalidation.tests\bin\release\netcoreapp3.1\fluentvalidation.tests.dll" id="97cbd01c-79b8-37f6-7322-3121dabbb5c7">
      <Execution id="06b3a4e3-829e-408b-a589-f195373c1d1b" />
      <TestMethod codeBase="C:\Users\Michal\Workspace\github\FluentValidation\src\FluentValidation.Tests\bin\Release\netcoreapp3.1\FluentValidation.Tests.dll" adapterTypeName="executor://xunit/VsTestRunner2" className="FluentValidation.Tests.NotEmptyTester" name="When_value_is_Default_for_type_validator_should_fail_datetime" />
    </UnitTest>
    <UnitTest name="FluentValidation.Tests.RuleBuilderTests.PropertyDescription_should_return_custom_property_name" storage="c:\users\michal\workspace\github\fluentvalidation\src\fluentvalidation.tests\bin\release\netcoreapp3.1\fluentvalidation.tests.dll" id="d3ed8b67-a05f-770a-b8f7-4be0f9fe5c00">
      <Execution id="2af611fb-8cbd-4c73-8bad-a41b05ad7dfe" />
      <TestMethod codeBase="C:\Users\Michal\Workspace\github\FluentValidation\src\FluentValidation.Tests\bin\Release\netcoreapp3.1\FluentValidation.Tests.dll" adapterTypeName="executor://xunit/VsTestRunner2" className="FluentValidation.Tests.RuleBuilderTests" name="PropertyDescription_should_return_custom_property_name" />
    </UnitTest>
    <UnitTest name="FluentValidation.Tests.TransformTests.Transforms_collection_element_async" storage="c:\users\michal\workspace\github\fluentvalidation\src\fluentvalidation.tests\bin\release\netcoreapp3.1\fluentvalidation.tests.dll" id="ac4dc4b1-bacd-5493-e37b-53bdfd79fcd5">
      <Execution id="9a922b6f-e8b4-49b5-be77-10100f04cdc5" />
      <TestMethod codeBase="C:\Users\Michal\Workspace\github\FluentValidation\src\FluentValidation.Tests\bin\Release\netcoreapp3.1\FluentValidation.Tests.dll" adapterTypeName="executor://xunit/VsTestRunner2" className="FluentValidation.Tests.TransformTests" name="Transforms_collection_element_async" />
    </UnitTest>
    <UnitTest name="FluentValidation.Tests.ExtensionTester.Should_extract_member_from_member_expression" storage="c:\users\michal\workspace\github\fluentvalidation\src\fluentvalidation.tests\bin\release\netcoreapp3.1\fluentvalidation.tests.dll" id="4806f569-4dc4-b97f-ae1d-d5eb71174880">
      <Execution id="271aec79-ad62-451d-8bf6-72e588b66d1f" />
      <TestMethod codeBase="C:\Users\Michal\Workspace\github\FluentValidation\src\FluentValidation.Tests\bin\Release\netcoreapp3.1\FluentValidation.Tests.dll" adapterTypeName="executor://xunit/VsTestRunner2" className="FluentValidation.Tests.ExtensionTester" name="Should_extract_member_from_member_expression" />
    </UnitTest>
    <UnitTest name="FluentValidation.Tests.RegularExpressionValidatorTests.When_the_text_does_not_match_the_regular_expression_then_the_validator_should_fail" storage="c:\users\michal\workspace\github\fluentvalidation\src\fluentvalidation.tests\bin\release\netcoreapp3.1\fluentvalidation.tests.dll" id="7c735d4e-e2ea-8990-507c-c84688639e52">
      <Execution id="188a0e38-e8f2-4967-919f-37a714d9903a" />
      <TestMethod codeBase="C:\Users\Michal\Workspace\github\FluentValidation\src\FluentValidation.Tests\bin\Release\netcoreapp3.1\FluentValidation.Tests.dll" adapterTypeName="executor://xunit/VsTestRunner2" className="FluentValidation.Tests.RegularExpressionValidatorTests" name="When_the_text_does_not_match_the_regular_expression_then_the_validator_should_fail" />
    </UnitTest>
    <UnitTest name="FluentValidation.Tests.CustomValidatorTester.New_CustomAsync_within_ruleset" storage="c:\users\michal\workspace\github\fluentvalidation\src\fluentvalidation.tests\bin\release\netcoreapp3.1\fluentvalidation.tests.dll" id="6e0a924f-fedd-9e34-aa5b-6ad24cd3e90f">
      <Execution id="18199e5d-09ae-4e8c-91d1-01ea59f8f075" />
      <TestMethod codeBase="C:\Users\Michal\Workspace\github\FluentValidation\src\FluentValidation.Tests\bin\Release\netcoreapp3.1\FluentValidation.Tests.dll" adapterTypeName="executor://xunit/VsTestRunner2" className="FluentValidation.Tests.CustomValidatorTester" name="New_CustomAsync_within_ruleset" />
    </UnitTest>
    <UnitTest name="FluentValidation.Tests.RuleDependencyTests.Invokes_dependent_rule_if_parent_rule_passes" storage="c:\users\michal\workspace\github\fluentvalidation\src\fluentvalidation.tests\bin\release\netcoreapp3.1\fluentvalidation.tests.dll" id="4cb9b481-5486-5252-aa4a-2e47c8378aad">
      <Execution id="7c6a4057-1022-484f-afa4-70134f6fdb2e" />
      <TestMethod codeBase="C:\Users\Michal\Workspace\github\FluentValidation\src\FluentValidation.Tests\bin\Release\netcoreapp3.1\FluentValidation.Tests.dll" adapterTypeName="executor://xunit/VsTestRunner2" className="FluentValidation.Tests.RuleDependencyTests" name="Invokes_dependent_rule_if_parent_rule_passes" />
    </UnitTest>
    <UnitTest name="FluentValidation.Tests.RulesetTests.Ruleset_selection_should_cascade_downwards_with_when_setting_child_validator_using_include_statement" storage="c:\users\michal\workspace\github\fluentvalidation\src\fluentvalidation.tests\bin\release\netcoreapp3.1\fluentvalidation.tests.dll" id="2ecc3935-9480-f29f-8337-8788197adb18">
      <Execution id="077f8d57-0386-472e-b1e0-343fc761c2d1" />
      <TestMethod codeBase="C:\Users\Michal\Workspace\github\FluentValidation\src\FluentValidation.Tests\bin\Release\netcoreapp3.1\FluentValidation.Tests.dll" adapterTypeName="executor://xunit/VsTestRunner2" className="FluentValidation.Tests.RulesetTests" name="Ruleset_selection_should_cascade_downwards_with_when_setting_child_validator_using_include_statement" />
    </UnitTest>
    <UnitTest name="FluentValidation.Tests.NotEmptyTester.When_value_is_null_validator_should_fail" storage="c:\users\michal\workspace\github\fluentvalidation\src\fluentvalidation.tests\bin\release\netcoreapp3.1\fluentvalidation.tests.dll" id="bac9f919-702b-9399-17cd-2e1b5bbbde1b">
      <Execution id="0a69cef4-0fc2-4d42-be88-5788f15f27bd" />
      <TestMethod codeBase="C:\Users\Michal\Workspace\github\FluentValidation\src\FluentValidation.Tests\bin\Release\netcoreapp3.1\FluentValidation.Tests.dll" adapterTypeName="executor://xunit/VsTestRunner2" className="FluentValidation.Tests.NotEmptyTester" name="When_value_is_null_validator_should_fail" />
    </UnitTest>
    <UnitTest name="FluentValidation.Tests.NotEqualValidatorTests.Should_handle_custom_value_types_correctly" storage="c:\users\michal\workspace\github\fluentvalidation\src\fluentvalidation.tests\bin\release\netcoreapp3.1\fluentvalidation.tests.dll" id="8ef42a04-1497-c5ec-30d8-3568eebbe096">
      <Execution id="bbb81697-c606-4daf-af0f-47236713b674" />
      <TestMethod codeBase="C:\Users\Michal\Workspace\github\FluentValidation\src\FluentValidation.Tests\bin\Release\netcoreapp3.1\FluentValidation.Tests.dll" adapterTypeName="executor://xunit/VsTestRunner2" className="FluentValidation.Tests.NotEqualValidatorTests" name="Should_handle_custom_value_types_correctly" />
    </UnitTest>
    <UnitTest name="FluentValidation.Tests.SharedConditionTests.Shared_async_When_respects_the_smaller_scope_of_a_inner_Unless_when_the_inner_Unless_predicate_fails" storage="c:\users\michal\workspace\github\fluentvalidation\src\fluentvalidation.tests\bin\release\netcoreapp3.1\fluentvalidation.tests.dll" id="abe5dbbc-c490-ea3e-8160-00c40623b66d">
      <Execution id="12b6dfca-54d8-49d6-9b1d-9ef5f4fb021e" />
      <TestMethod codeBase="C:\Users\Michal\Workspace\github\FluentValidation\src\FluentValidation.Tests\bin\Release\netcoreapp3.1\FluentValidation.Tests.dll" adapterTypeName="executor://xunit/VsTestRunner2" className="FluentValidation.Tests.SharedConditionTests" name="Shared_async_When_respects_the_smaller_scope_of_a_inner_Unless_when_the_inner_Unless_predicate_fails" />
    </UnitTest>
    <UnitTest name="FluentValidation.Tests.ChainingValidatorsTester.Options_should_only_apply_to_current_validator" storage="c:\users\michal\workspace\github\fluentvalidation\src\fluentvalidation.tests\bin\release\netcoreapp3.1\fluentvalidation.tests.dll" id="6e720f0a-4747-e0b4-e5e3-6451b797700d">
      <Execution id="2cfdfd92-ed0f-4e1d-8571-cebe66dd1432" />
      <TestMethod codeBase="C:\Users\Michal\Workspace\github\FluentValidation\src\FluentValidation.Tests\bin\Release\netcoreapp3.1\FluentValidation.Tests.dll" adapterTypeName="executor://xunit/VsTestRunner2" className="FluentValidation.Tests.ChainingValidatorsTester" name="Options_should_only_apply_to_current_validator" />
    </UnitTest>
    <UnitTest name="FluentValidation.Tests.LessThanValidatorTester.Should_fail_when_greater_than_input" storage="c:\users\michal\workspace\github\fluentvalidation\src\fluentvalidation.tests\bin\release\netcoreapp3.1\fluentvalidation.tests.dll" id="8a2ddd5e-3703-0a46-5084-4ab80b67fcdd">
      <Execution id="68e776cc-4ce0-436f-90b1-034df8f18d15" />
      <TestMethod codeBase="C:\Users\Michal\Workspace\github\FluentValidation\src\FluentValidation.Tests\bin\Release\netcoreapp3.1\FluentValidation.Tests.dll" adapterTypeName="executor://xunit/VsTestRunner2" className="FluentValidation.Tests.LessThanValidatorTester" name="Should_fail_when_greater_than_input" />
    </UnitTest>
    <UnitTest name="FluentValidation.Tests.PropertyChainTests.Calling_ToString_should_construct_string_representation_of_chain_with_indexers" storage="c:\users\michal\workspace\github\fluentvalidation\src\fluentvalidation.tests\bin\release\netcoreapp3.1\fluentvalidation.tests.dll" id="8171e48c-cfe0-3a26-357f-08352094d619">
      <Execution id="b4e1dba1-7399-4caf-b7cc-a136d5ce5116" />
      <TestMethod codeBase="C:\Users\Michal\Workspace\github\FluentValidation\src\FluentValidation.Tests\bin\Release\netcoreapp3.1\FluentValidation.Tests.dll" adapterTypeName="executor://xunit/VsTestRunner2" className="FluentValidation.Tests.PropertyChainTests" name="Calling_ToString_should_construct_string_representation_of_chain_with_indexers" />
    </UnitTest>
    <UnitTest name="FluentValidation.Tests.ForEachRuleTests.Should_not_scramble_property_name_when_using_collection_validators_several_levels_deep" storage="c:\users\michal\workspace\github\fluentvalidation\src\fluentvalidation.tests\bin\release\netcoreapp3.1\fluentvalidation.tests.dll" id="6e1ab245-3db3-5e4f-4b72-a645831ca671">
      <Execution id="af1544d7-1521-41ed-bb06-0601f23629ee" />
      <TestMethod codeBase="C:\Users\Michal\Workspace\github\FluentValidation\src\FluentValidation.Tests\bin\Release\netcoreapp3.1\FluentValidation.Tests.dll" adapterTypeName="executor://xunit/VsTestRunner2" className="FluentValidation.Tests.ForEachRuleTests" name="Should_not_scramble_property_name_when_using_collection_validators_several_levels_deep" />
    </UnitTest>
    <UnitTest name="FluentValidation.Tests.AbstractValidatorTester.WithMessage_and_WithErrorCode_should_override_error_message_and_error_code" storage="c:\users\michal\workspace\github\fluentvalidation\src\fluentvalidation.tests\bin\release\netcoreapp3.1\fluentvalidation.tests.dll" id="f5ad43e9-6dce-9892-e9ba-9a6fa01320ab">
      <Execution id="53dc57d2-2bbe-4722-92c9-2658a56990b3" />
      <TestMethod codeBase="C:\Users\Michal\Workspace\github\FluentValidation\src\FluentValidation.Tests\bin\Release\netcoreapp3.1\FluentValidation.Tests.dll" adapterTypeName="executor://xunit/VsTestRunner2" className="FluentValidation.Tests.AbstractValidatorTester" name="WithMessage_and_WithErrorCode_should_override_error_message_and_error_code" />
    </UnitTest>
    <UnitTest name="FluentValidation.Tests.SharedConditionTests.Nested_conditions_with_CustomAsync_rule" storage="c:\users\michal\workspace\github\fluentvalidation\src\fluentvalidation.tests\bin\release\netcoreapp3.1\fluentvalidation.tests.dll" id="5333631e-bf27-f1da-dcda-e8ed55c6619a">
      <Execution id="dc5b1757-c09c-45cb-9e9e-5e1a10a976c7" />
      <TestMethod codeBase="C:\Users\Michal\Workspace\github\FluentValidation\src\FluentValidation.Tests\bin\Release\netcoreapp3.1\FluentValidation.Tests.dll" adapterTypeName="executor://xunit/VsTestRunner2" className="FluentValidation.Tests.SharedConditionTests" name="Nested_conditions_with_CustomAsync_rule" />
    </UnitTest>
    <UnitTest name="FluentValidation.Tests.ChainedValidationTester.Chained_validator_descriptor" storage="c:\users\michal\workspace\github\fluentvalidation\src\fluentvalidation.tests\bin\release\netcoreapp3.1\fluentvalidation.tests.dll" id="4c6cca8f-b91f-572f-1a57-2cd54f260755">
      <Execution id="901fa5bb-0f53-47f0-9e40-761a295882d1" />
      <TestMethod codeBase="C:\Users\Michal\Workspace\github\FluentValidation\src\FluentValidation.Tests\bin\Release\netcoreapp3.1\FluentValidation.Tests.dll" adapterTypeName="executor://xunit/VsTestRunner2" className="FluentValidation.Tests.ChainedValidationTester" name="Chained_validator_descriptor" />
    </UnitTest>
    <UnitTest name="FluentValidation.Tests.ExclusiveBetweenValidatorTests.When_the_value_is_between_the_range_specified_then_the_validator_should_pass_for_strings" storage="c:\users\michal\workspace\github\fluentvalidation\src\fluentvalidation.tests\bin\release\netcoreapp3.1\fluentvalidation.tests.dll" id="9e2c43cd-00f9-59e8-0e64-52ae434e75ad">
      <Execution id="05114156-1267-41c6-83b9-382c39dea092" />
      <TestMethod codeBase="C:\Users\Michal\Workspace\github\FluentValidation\src\FluentValidation.Tests\bin\Release\netcoreapp3.1\FluentValidation.Tests.dll" adapterTypeName="executor://xunit/VsTestRunner2" className="FluentValidation.Tests.ExclusiveBetweenValidatorTests" name="When_the_value_is_between_the_range_specified_then_the_validator_should_pass_for_strings" />
    </UnitTest>
    <UnitTest name="FluentValidation.Tests.ExactLengthValidatorTester.Min_and_max_properties_should_be_set" storage="c:\users\michal\workspace\github\fluentvalidation\src\fluentvalidation.tests\bin\release\netcoreapp3.1\fluentvalidation.tests.dll" id="fbf59662-7bbc-8fe4-4ee8-0a089eba0759">
      <Execution id="237fff37-4b2c-47ff-a24b-854440b5d681" />
      <TestMethod codeBase="C:\Users\Michal\Workspace\github\FluentValidation\src\FluentValidation.Tests\bin\Release\netcoreapp3.1\FluentValidation.Tests.dll" adapterTypeName="executor://xunit/VsTestRunner2" className="FluentValidation.Tests.ExactLengthValidatorTester" name="Min_and_max_properties_should_be_set" />
    </UnitTest>
    <UnitTest name="FluentValidation.Tests.ValidatorSelectorTests.Includes_nested_property_using_expression" storage="c:\users\michal\workspace\github\fluentvalidation\src\fluentvalidation.tests\bin\release\netcoreapp3.1\fluentvalidation.tests.dll" id="095e05ba-c3dc-b81f-b0fb-776de35704d8">
      <Execution id="a565b7f6-15d5-4e84-a427-843a728cab12" />
      <TestMethod codeBase="C:\Users\Michal\Workspace\github\FluentValidation\src\FluentValidation.Tests\bin\Release\netcoreapp3.1\FluentValidation.Tests.dll" adapterTypeName="executor://xunit/VsTestRunner2" className="FluentValidation.Tests.ValidatorSelectorTests" name="Includes_nested_property_using_expression" />
    </UnitTest>
    <UnitTest name="FluentValidation.Tests.StringEnumValidatorTests.IsValidTests_CaseInsensitive_CaseIncorrect" storage="c:\users\michal\workspace\github\fluentvalidation\src\fluentvalidation.tests\bin\release\netcoreapp3.1\fluentvalidation.tests.dll" id="b72c64c2-dbd6-7e7a-63d5-c135982ba386">
      <Execution id="b16ecf11-bc65-49c1-b90e-c3a8ad36a0e0" />
      <TestMethod codeBase="C:\Users\Michal\Workspace\github\FluentValidation\src\FluentValidation.Tests\bin\Release\netcoreapp3.1\FluentValidation.Tests.dll" adapterTypeName="executor://xunit/VsTestRunner2" className="FluentValidation.Tests.StringEnumValidatorTests" name="IsValidTests_CaseInsensitive_CaseIncorrect" />
    </UnitTest>
    <UnitTest name="FluentValidation.Tests.MemberAccessorTests.Name" storage="c:\users\michal\workspace\github\fluentvalidation\src\fluentvalidation.tests\bin\release\netcoreapp3.1\fluentvalidation.tests.dll" id="25d39b07-b0d1-5a79-76ab-726b27e1dee4">
      <Execution id="eeb68fa6-2690-42e6-af65-28889c733a08" />
      <TestMethod codeBase="C:\Users\Michal\Workspace\github\FluentValidation\src\FluentValidation.Tests\bin\Release\netcoreapp3.1\FluentValidation.Tests.dll" adapterTypeName="executor://xunit/VsTestRunner2" className="FluentValidation.Tests.MemberAccessorTests" name="Name" />
    </UnitTest>
    <UnitTest name="FluentValidation.Tests.ValidatorTesterTester.ShouldNotHaveValidationError_Should_support_nested_properties" storage="c:\users\michal\workspace\github\fluentvalidation\src\fluentvalidation.tests\bin\release\netcoreapp3.1\fluentvalidation.tests.dll" id="fb60fb9a-e2a8-1be2-ccd2-01e607a982c8">
      <Execution id="1bf1a136-8d4c-431e-93eb-60a216eeda67" />
      <TestMethod codeBase="C:\Users\Michal\Workspace\github\FluentValidation\src\FluentValidation.Tests\bin\Release\netcoreapp3.1\FluentValidation.Tests.dll" adapterTypeName="executor://xunit/VsTestRunner2" className="FluentValidation.Tests.ValidatorTesterTester" name="ShouldNotHaveValidationError_Should_support_nested_properties" />
    </UnitTest>
    <UnitTest name="FluentValidation.Tests.ForEachRuleTests.Overrides_indexer" storage="c:\users\michal\workspace\github\fluentvalidation\src\fluentvalidation.tests\bin\release\netcoreapp3.1\fluentvalidation.tests.dll" id="db987716-7b73-417d-179b-c3521bedeb1f">
      <Execution id="a71efa01-ef5b-4c00-83b7-d94083afb793" />
      <TestMethod codeBase="C:\Users\Michal\Workspace\github\FluentValidation\src\FluentValidation.Tests\bin\Release\netcoreapp3.1\FluentValidation.Tests.dll" adapterTypeName="executor://xunit/VsTestRunner2" className="FluentValidation.Tests.ForEachRuleTests" name="Overrides_indexer" />
    </UnitTest>
    <UnitTest name="FluentValidation.Tests.CustomMessageFormatTester.Should_format_custom_message" storage="c:\users\michal\workspace\github\fluentvalidation\src\fluentvalidation.tests\bin\release\netcoreapp3.1\fluentvalidation.tests.dll" id="991a689d-ed95-e5dd-6801-ff5bc398a4f2">
      <Execution id="3566d9f3-101f-4661-910b-724241fd294f" />
      <TestMethod codeBase="C:\Users\Michal\Workspace\github\FluentValidation\src\FluentValidation.Tests\bin\Release\netcoreapp3.1\FluentValidation.Tests.dll" adapterTypeName="executor://xunit/VsTestRunner2" className="FluentValidation.Tests.CustomMessageFormatTester" name="Should_format_custom_message" />
    </UnitTest>
    <UnitTest name="FluentValidation.Tests.EmailValidatorTests.Valid_email_addresses_regex" storage="c:\users\michal\workspace\github\fluentvalidation\src\fluentvalidation.tests\bin\release\netcoreapp3.1\fluentvalidation.tests.dll" id="e49a768a-857a-0209-379b-0ff52755c642">
      <Execution id="c2e72bcc-cd58-49e4-a6ff-b4d4318e6385" />
      <TestMethod codeBase="C:\Users\Michal\Workspace\github\FluentValidation\src\FluentValidation.Tests\bin\Release\netcoreapp3.1\FluentValidation.Tests.dll" adapterTypeName="executor://xunit/VsTestRunner2" className="FluentValidation.Tests.EmailValidatorTests" name="Valid_email_addresses_regex" />
    </UnitTest>
    <UnitTest name="FluentValidation.Tests.RuleBuilderTests.Should_throw_when_predicate_is_null" storage="c:\users\michal\workspace\github\fluentvalidation\src\fluentvalidation.tests\bin\release\netcoreapp3.1\fluentvalidation.tests.dll" id="da778e4e-be73-102b-f0b5-1fcf91b9c6b1">
      <Execution id="a6379db4-b1ea-44c2-a4f3-4524d9f77a00" />
      <TestMethod codeBase="C:\Users\Michal\Workspace\github\FluentValidation\src\FluentValidation.Tests\bin\Release\netcoreapp3.1\FluentValidation.Tests.dll" adapterTypeName="executor://xunit/VsTestRunner2" className="FluentValidation.Tests.RuleBuilderTests" name="Should_throw_when_predicate_is_null" />
    </UnitTest>
    <UnitTest name="FluentValidation.Tests.CascadingFailuresTester.Validation_stops_on_first_failure_async" storage="c:\users\michal\workspace\github\fluentvalidation\src\fluentvalidation.tests\bin\release\netcoreapp3.1\fluentvalidation.tests.dll" id="4ae6486c-771a-635b-fe9b-6830a67961c7">
      <Execution id="816ad849-407b-4ab0-9070-a7a245c60388" />
      <TestMethod codeBase="C:\Users\Michal\Workspace\github\FluentValidation\src\FluentValidation.Tests\bin\Release\netcoreapp3.1\FluentValidation.Tests.dll" adapterTypeName="executor://xunit/VsTestRunner2" className="FluentValidation.Tests.CascadingFailuresTester" name="Validation_stops_on_first_failure_async" />
    </UnitTest>
    <UnitTest name="FluentValidation.Tests.InclusiveBetweenValidatorTests.To_and_from_properties_should_be_set" storage="c:\users\michal\workspace\github\fluentvalidation\src\fluentvalidation.tests\bin\release\netcoreapp3.1\fluentvalidation.tests.dll" id="a0588c61-76e1-9714-42ea-76db428e1bcf">
      <Execution id="04a85f7f-a537-4873-8b3b-ab1fc8532ebd" />
      <TestMethod codeBase="C:\Users\Michal\Workspace\github\FluentValidation\src\FluentValidation.Tests\bin\Release\netcoreapp3.1\FluentValidation.Tests.dll" adapterTypeName="executor://xunit/VsTestRunner2" className="FluentValidation.Tests.InclusiveBetweenValidatorTests" name="To_and_from_properties_should_be_set" />
    </UnitTest>
    <UnitTest name="FluentValidation.Tests.AccessorCacheTests.Equality_comparison_check" storage="c:\users\michal\workspace\github\fluentvalidation\src\fluentvalidation.tests\bin\release\netcoreapp3.1\fluentvalidation.tests.dll" id="75721e9c-b806-fec1-8d9f-79eec32f3935">
      <Execution id="9cacc5b7-000d-41af-94fb-6f338c880418" />
      <TestMethod codeBase="C:\Users\Michal\Workspace\github\FluentValidation\src\FluentValidation.Tests\bin\Release\netcoreapp3.1\FluentValidation.Tests.dll" adapterTypeName="executor://xunit/VsTestRunner2" className="FluentValidation.Tests.AccessorCacheTests" name="Equality_comparison_check" />
    </UnitTest>
    <UnitTest name="FluentValidation.Tests.CascadingFailuresTester.Validation_continues_to_second_validator_when_first_validator_succeeds_and_cascade_set_to_stop_legacy" storage="c:\users\michal\workspace\github\fluentvalidation\src\fluentvalidation.tests\bin\release\netcoreapp3.1\fluentvalidation.tests.dll" id="c870c0fd-d33c-c3f6-acce-3a9208816ca4">
      <Execution id="cf445362-2959-4bcd-8679-371834c87b1a" />
      <TestMethod codeBase="C:\Users\Michal\Workspace\github\FluentValidation\src\FluentValidation.Tests\bin\Release\netcoreapp3.1\FluentValidation.Tests.dll" adapterTypeName="executor://xunit/VsTestRunner2" className="FluentValidation.Tests.CascadingFailuresTester" name="Validation_continues_to_second_validator_when_first_validator_succeeds_and_cascade_set_to_stop_legacy" />
    </UnitTest>
    <UnitTest name="FluentValidation.Tests.RuleBuilderTests.Property_should_return_null_when_it_is_not_a_property_being_validated" storage="c:\users\michal\workspace\github\fluentvalidation\src\fluentvalidation.tests\bin\release\netcoreapp3.1\fluentvalidation.tests.dll" id="1dd78eec-bc76-725d-3358-bc35f2a37582">
      <Execution id="3470bde9-856d-41ce-aceb-a70118a1e320" />
      <TestMethod codeBase="C:\Users\Michal\Workspace\github\FluentValidation\src\FluentValidation.Tests\bin\Release\netcoreapp3.1\FluentValidation.Tests.dll" adapterTypeName="executor://xunit/VsTestRunner2" className="FluentValidation.Tests.RuleBuilderTests" name="Property_should_return_null_when_it_is_not_a_property_being_validated" />
    </UnitTest>
    <UnitTest name="FluentValidation.Tests.ForEachRuleTests.RuleForEach_async_RunsTasksSynchronously" storage="c:\users\michal\workspace\github\fluentvalidation\src\fluentvalidation.tests\bin\release\netcoreapp3.1\fluentvalidation.tests.dll" id="ecbadeeb-d575-88e8-d0d3-ca2188b5f4a8">
      <Execution id="6f21c0da-077b-422e-b632-60e626ce1dee" />
      <TestMethod codeBase="C:\Users\Michal\Workspace\github\FluentValidation\src\FluentValidation.Tests\bin\Release\netcoreapp3.1\FluentValidation.Tests.dll" adapterTypeName="executor://xunit/VsTestRunner2" className="FluentValidation.Tests.ForEachRuleTests" name="RuleForEach_async_RunsTasksSynchronously" />
    </UnitTest>
    <UnitTest name="FluentValidation.Tests.LengthValidatorTests.When_the_max_is_smaller_than_the_min_then_the_validator_should_throw" storage="c:\users\michal\workspace\github\fluentvalidation\src\fluentvalidation.tests\bin\release\netcoreapp3.1\fluentvalidation.tests.dll" id="0509b3e4-cce9-c669-deb9-7435856bb47a">
      <Execution id="57addc88-1439-410c-b9a8-14fcd5816f93" />
      <TestMethod codeBase="C:\Users\Michal\Workspace\github\FluentValidation\src\FluentValidation.Tests\bin\Release\netcoreapp3.1\FluentValidation.Tests.dll" adapterTypeName="executor://xunit/VsTestRunner2" className="FluentValidation.Tests.LengthValidatorTests" name="When_the_max_is_smaller_than_the_min_then_the_validator_should_throw" />
    </UnitTest>
    <UnitTest name="FluentValidation.Tests.ExactLengthValidatorTester.When_the_text_is_an_exact_length_the_validator_should_pass" storage="c:\users\michal\workspace\github\fluentvalidation\src\fluentvalidation.tests\bin\release\netcoreapp3.1\fluentvalidation.tests.dll" id="891d4d77-0141-8c14-cf43-51ab9da9fa8a">
      <Execution id="cf6352ba-4016-49cc-9cc7-94d0ab762b63" />
      <TestMethod codeBase="C:\Users\Michal\Workspace\github\FluentValidation\src\FluentValidation.Tests\bin\Release\netcoreapp3.1\FluentValidation.Tests.dll" adapterTypeName="executor://xunit/VsTestRunner2" className="FluentValidation.Tests.ExactLengthValidatorTester" name="When_the_text_is_an_exact_length_the_validator_should_pass" />
    </UnitTest>
    <UnitTest name="FluentValidation.Tests.LengthValidatorTests.When_the_text_is_larger_than_the_range_then_the_validator_should_fail" storage="c:\users\michal\workspace\github\fluentvalidation\src\fluentvalidation.tests\bin\release\netcoreapp3.1\fluentvalidation.tests.dll" id="d8fba7c9-4a0f-db4a-0adc-d975b36d5053">
      <Execution id="3cdd2f6d-79b8-495a-8de7-c8c7634e9b39" />
      <TestMethod codeBase="C:\Users\Michal\Workspace\github\FluentValidation\src\FluentValidation.Tests\bin\Release\netcoreapp3.1\FluentValidation.Tests.dll" adapterTypeName="executor://xunit/VsTestRunner2" className="FluentValidation.Tests.LengthValidatorTests" name="When_the_text_is_larger_than_the_range_then_the_validator_should_fail" />
    </UnitTest>
    <UnitTest name="FluentValidation.Tests.RegularExpressionValidatorTests.When_the_text_does_not_match_the_lambda_regular_expression_then_the_validator_should_fail" storage="c:\users\michal\workspace\github\fluentvalidation\src\fluentvalidation.tests\bin\release\netcoreapp3.1\fluentvalidation.tests.dll" id="212877d5-640f-6bdf-5f86-46a3a57c76b1">
      <Execution id="98feae4f-0ed4-42ed-9651-c63e204277bd" />
      <TestMethod codeBase="C:\Users\Michal\Workspace\github\FluentValidation\src\FluentValidation.Tests\bin\Release\netcoreapp3.1\FluentValidation.Tests.dll" adapterTypeName="executor://xunit/VsTestRunner2" className="FluentValidation.Tests.RegularExpressionValidatorTests" name="When_the_text_does_not_match_the_lambda_regular_expression_then_the_validator_should_fail" />
    </UnitTest>
    <UnitTest name="FluentValidation.Tests.ValidateAndThrowTester.ValidationException_provides_correct_message_when_appendDefaultMessage_false" storage="c:\users\michal\workspace\github\fluentvalidation\src\fluentvalidation.tests\bin\release\netcoreapp3.1\fluentvalidation.tests.dll" id="0467b0d3-d74c-a246-c878-442c49c84ad5">
      <Execution id="b75c2f60-2b8d-48b9-b181-32634b2769dc" />
      <TestMethod codeBase="C:\Users\Michal\Workspace\github\FluentValidation\src\FluentValidation.Tests\bin\Release\netcoreapp3.1\FluentValidation.Tests.dll" adapterTypeName="executor://xunit/VsTestRunner2" className="FluentValidation.Tests.ValidateAndThrowTester" name="ValidationException_provides_correct_message_when_appendDefaultMessage_false" />
    </UnitTest>
    <UnitTest name="FluentValidation.Tests.SharedConditionTests.Shared_async_When_is_not_applied_to_grouped_rules_when_initial_predicate_is_false" storage="c:\users\michal\workspace\github\fluentvalidation\src\fluentvalidation.tests\bin\release\netcoreapp3.1\fluentvalidation.tests.dll" id="dfc68a72-fd60-a5e0-107c-0901dbdc3834">
      <Execution id="2eab8970-8f9d-41fa-aa27-81ff4f13b186" />
      <TestMethod codeBase="C:\Users\Michal\Workspace\github\FluentValidation\src\FluentValidation.Tests\bin\Release\netcoreapp3.1\FluentValidation.Tests.dll" adapterTypeName="executor://xunit/VsTestRunner2" className="FluentValidation.Tests.SharedConditionTests" name="Shared_async_When_is_not_applied_to_grouped_rules_when_initial_predicate_is_false" />
    </UnitTest>
    <UnitTest name="FluentValidation.Tests.ValidatorTesterTester.ShouldHaveValidationError_should_not_throw_when_there_are_validation_errors__WhenAsyn_is_used" storage="c:\users\michal\workspace\github\fluentvalidation\src\fluentvalidation.tests\bin\release\netcoreapp3.1\fluentvalidation.tests.dll" id="bf7431d9-b64a-8a6d-cfdc-456f6c2280f0">
      <Execution id="c12f7abb-ac68-40eb-a545-e81e3bfbc98a" />
      <TestMethod codeBase="C:\Users\Michal\Workspace\github\FluentValidation\src\FluentValidation.Tests\bin\Release\netcoreapp3.1\FluentValidation.Tests.dll" adapterTypeName="executor://xunit/VsTestRunner2" className="FluentValidation.Tests.ValidatorTesterTester" name="ShouldHaveValidationError_should_not_throw_when_there_are_validation_errors__WhenAsyn_is_used" />
    </UnitTest>
    <UnitTest name="FluentValidation.Tests.ValidatorTesterTester.Matches_any_failure" storage="c:\users\michal\workspace\github\fluentvalidation\src\fluentvalidation.tests\bin\release\netcoreapp3.1\fluentvalidation.tests.dll" id="cd9cc920-4f10-085b-be76-7591b09ec9bd">
      <Execution id="b9a2a406-d6ff-445d-b385-b2ac7192af23" />
      <TestMethod codeBase="C:\Users\Michal\Workspace\github\FluentValidation\src\FluentValidation.Tests\bin\Release\netcoreapp3.1\FluentValidation.Tests.dll" adapterTypeName="executor://xunit/VsTestRunner2" className="FluentValidation.Tests.ValidatorTesterTester" name="Matches_any_failure" />
    </UnitTest>
    <UnitTest name="FluentValidation.Tests.DefaultValidatorExtensionTester.ScalePrecision_should_create_ScalePrecisionValidator" storage="c:\users\michal\workspace\github\fluentvalidation\src\fluentvalidation.tests\bin\release\netcoreapp3.1\fluentvalidation.tests.dll" id="c518eb33-b0b5-e4b5-098d-7031653b6598">
      <Execution id="380c7b75-f855-4211-9b63-9fc33833ccb2" />
      <TestMethod codeBase="C:\Users\Michal\Workspace\github\FluentValidation\src\FluentValidation.Tests\bin\Release\netcoreapp3.1\FluentValidation.Tests.dll" adapterTypeName="executor://xunit/VsTestRunner2" className="FluentValidation.Tests.DefaultValidatorExtensionTester" name="ScalePrecision_should_create_ScalePrecisionValidator" />
    </UnitTest>
    <UnitTest name="FluentValidation.Tests.CustomValidatorTester.New_Custom_Returns_single_failure_async" storage="c:\users\michal\workspace\github\fluentvalidation\src\fluentvalidation.tests\bin\release\netcoreapp3.1\fluentvalidation.tests.dll" id="0211a531-d694-5e56-b618-b1f81b607d09">
      <Execution id="ac486158-d829-4054-9edc-c3f015aa2ba9" />
      <TestMethod codeBase="C:\Users\Michal\Workspace\github\FluentValidation\src\FluentValidation.Tests\bin\Release\netcoreapp3.1\FluentValidation.Tests.dll" adapterTypeName="executor://xunit/VsTestRunner2" className="FluentValidation.Tests.CustomValidatorTester" name="New_Custom_Returns_single_failure_async" />
    </UnitTest>
    <UnitTest name="FluentValidation.Tests.RuleBuilderTests.Should_throw_if_message_is_null" storage="c:\users\michal\workspace\github\fluentvalidation\src\fluentvalidation.tests\bin\release\netcoreapp3.1\fluentvalidation.tests.dll" id="f3fc98a3-f187-b2aa-1e16-e9c9ff6ea324">
      <Execution id="317cfcc9-1dde-48f4-91b6-2ac8741d517a" />
      <TestMethod codeBase="C:\Users\Michal\Workspace\github\FluentValidation\src\FluentValidation.Tests\bin\Release\netcoreapp3.1\FluentValidation.Tests.dll" adapterTypeName="executor://xunit/VsTestRunner2" className="FluentValidation.Tests.RuleBuilderTests" name="Should_throw_if_message_is_null" />
    </UnitTest>
    <UnitTest name="FluentValidation.Tests.ValidatorTesterTester.Expected_state_check" storage="c:\users\michal\workspace\github\fluentvalidation\src\fluentvalidation.tests\bin\release\netcoreapp3.1\fluentvalidation.tests.dll" id="4e1370a2-5d0d-6010-cd0b-37a460178636">
      <Execution id="fd30b207-f0f5-45b6-be4d-6168569127cb" />
      <TestMethod codeBase="C:\Users\Michal\Workspace\github\FluentValidation\src\FluentValidation.Tests\bin\Release\netcoreapp3.1\FluentValidation.Tests.dll" adapterTypeName="executor://xunit/VsTestRunner2" className="FluentValidation.Tests.ValidatorTesterTester" name="Expected_state_check" />
    </UnitTest>
    <UnitTest name="FluentValidation.Tests.InclusiveBetweenValidatorTests.When_the_text_is_larger_than_the_range_then_the_validator_should_fail" storage="c:\users\michal\workspace\github\fluentvalidation\src\fluentvalidation.tests\bin\release\netcoreapp3.1\fluentvalidation.tests.dll" id="de0ea836-dd46-9b59-3561-e165677bc11b">
      <Execution id="e30d855e-604f-48fa-b2d7-c7308a743967" />
      <TestMethod codeBase="C:\Users\Michal\Workspace\github\FluentValidation\src\FluentValidation.Tests\bin\Release\netcoreapp3.1\FluentValidation.Tests.dll" adapterTypeName="executor://xunit/VsTestRunner2" className="FluentValidation.Tests.InclusiveBetweenValidatorTests" name="When_the_text_is_larger_than_the_range_then_the_validator_should_fail" />
    </UnitTest>
    <UnitTest name="FluentValidation.Tests.ValidatorSelectorTests.Validates_property_using_expression" storage="c:\users\michal\workspace\github\fluentvalidation\src\fluentvalidation.tests\bin\release\netcoreapp3.1\fluentvalidation.tests.dll" id="1d759834-5f39-ec3d-fe30-ce1fe83a6fa1">
      <Execution id="d42fec64-9dab-48f2-8ecd-cc5aba48f1a0" />
      <TestMethod codeBase="C:\Users\Michal\Workspace\github\FluentValidation\src\FluentValidation.Tests\bin\Release\netcoreapp3.1\FluentValidation.Tests.dll" adapterTypeName="executor://xunit/VsTestRunner2" className="FluentValidation.Tests.ValidatorSelectorTests" name="Validates_property_using_expression" />
    </UnitTest>
    <UnitTest name="FluentValidation.Tests.NotNullTester.Fails_when_nullable_value_type_is_null" storage="c:\users\michal\workspace\github\fluentvalidation\src\fluentvalidation.tests\bin\release\netcoreapp3.1\fluentvalidation.tests.dll" id="a8cf9597-b792-9cd2-2801-8f319d7423b8">
      <Execution id="3265b47e-8c90-4770-8328-4c2a27325c17" />
      <TestMethod codeBase="C:\Users\Michal\Workspace\github\FluentValidation\src\FluentValidation.Tests\bin\Release\netcoreapp3.1\FluentValidation.Tests.dll" adapterTypeName="executor://xunit/VsTestRunner2" className="FluentValidation.Tests.NotNullTester" name="Fails_when_nullable_value_type_is_null" />
    </UnitTest>
    <UnitTest name="FluentValidation.Tests.SharedConditionTests.Nested_async_conditions_with_CustomAsync_rule" storage="c:\users\michal\workspace\github\fluentvalidation\src\fluentvalidation.tests\bin\release\netcoreapp3.1\fluentvalidation.tests.dll" id="de92829f-9327-413b-8347-34076f2d2762">
      <Execution id="21fdb1d8-1be5-4cdd-90a4-20d672a47274" />
      <TestMethod codeBase="C:\Users\Michal\Workspace\github\FluentValidation\src\FluentValidation.Tests\bin\Release\netcoreapp3.1\FluentValidation.Tests.dll" adapterTypeName="executor://xunit/VsTestRunner2" className="FluentValidation.Tests.SharedConditionTests" name="Nested_async_conditions_with_CustomAsync_rule" />
    </UnitTest>
    <UnitTest name="FluentValidation.Tests.MemberAccessorTests.SimpleFieldGet" storage="c:\users\michal\workspace\github\fluentvalidation\src\fluentvalidation.tests\bin\release\netcoreapp3.1\fluentvalidation.tests.dll" id="e4cd0ed4-35a8-c15a-a592-ac283a97d5ba">
      <Execution id="242e5b8c-97fb-4853-b3f1-4b8701cd4861" />
      <TestMethod codeBase="C:\Users\Michal\Workspace\github\FluentValidation\src\FluentValidation.Tests\bin\Release\netcoreapp3.1\FluentValidation.Tests.dll" adapterTypeName="executor://xunit/VsTestRunner2" className="FluentValidation.Tests.MemberAccessorTests" name="SimpleFieldGet" />
    </UnitTest>
    <UnitTest name="FluentValidation.Tests.ComplexValidationTester.Validates_child_validator_asynchronously" storage="c:\users\michal\workspace\github\fluentvalidation\src\fluentvalidation.tests\bin\release\netcoreapp3.1\fluentvalidation.tests.dll" id="e44df486-fa33-eb24-302a-6943fa48e436">
      <Execution id="bfd5db05-04c6-4601-9edd-c3d931cf7b0c" />
      <TestMethod codeBase="C:\Users\Michal\Workspace\github\FluentValidation\src\FluentValidation.Tests\bin\Release\netcoreapp3.1\FluentValidation.Tests.dll" adapterTypeName="executor://xunit/VsTestRunner2" className="FluentValidation.Tests.ComplexValidationTester" name="Validates_child_validator_asynchronously" />
    </UnitTest>
    <UnitTest name="FluentValidation.Tests.ValidatorTesterTester.ShouldHaveValidationError_Should_throw_when_there_are_no_validation_errors" storage="c:\users\michal\workspace\github\fluentvalidation\src\fluentvalidation.tests\bin\release\netcoreapp3.1\fluentvalidation.tests.dll" id="830c42fa-577f-212c-7614-64deb4ae874e">
      <Execution id="fa323caf-71ea-40db-bf5f-ed90029fe5ee" />
      <TestMethod codeBase="C:\Users\Michal\Workspace\github\FluentValidation\src\FluentValidation.Tests\bin\Release\netcoreapp3.1\FluentValidation.Tests.dll" adapterTypeName="executor://xunit/VsTestRunner2" className="FluentValidation.Tests.ValidatorTesterTester" name="ShouldHaveValidationError_Should_throw_when_there_are_no_validation_errors" />
    </UnitTest>
    <UnitTest name="FluentValidation.Tests.CustomValidatorTester.New_Custom_When_property_name_omitted_infers_property_name_nested" storage="c:\users\michal\workspace\github\fluentvalidation\src\fluentvalidation.tests\bin\release\netcoreapp3.1\fluentvalidation.tests.dll" id="64e04a58-6407-db5f-f117-feaf67b46bc6">
      <Execution id="ee984e44-12db-4509-99c5-a7dab14a6e1c" />
      <TestMethod codeBase="C:\Users\Michal\Workspace\github\FluentValidation\src\FluentValidation.Tests\bin\Release\netcoreapp3.1\FluentValidation.Tests.dll" adapterTypeName="executor://xunit/VsTestRunner2" className="FluentValidation.Tests.CustomValidatorTester" name="New_Custom_When_property_name_omitted_infers_property_name_nested" />
    </UnitTest>
    <UnitTest name="FluentValidation.Tests.PropertyChainTests.Should_be_subchain" storage="c:\users\michal\workspace\github\fluentvalidation\src\fluentvalidation.tests\bin\release\netcoreapp3.1\fluentvalidation.tests.dll" id="3d01c760-21aa-7d57-094b-857206de0144">
      <Execution id="b01dadd6-8cb4-44cb-94d6-d6fd3239c310" />
      <TestMethod codeBase="C:\Users\Michal\Workspace\github\FluentValidation\src\FluentValidation.Tests\bin\Release\netcoreapp3.1\FluentValidation.Tests.dll" adapterTypeName="executor://xunit/VsTestRunner2" className="FluentValidation.Tests.PropertyChainTests" name="Should_be_subchain" />
    </UnitTest>
    <UnitTest name="FluentValidation.Tests.ValidateAndThrowTester.Only_root_validator_throws" storage="c:\users\michal\workspace\github\fluentvalidation\src\fluentvalidation.tests\bin\release\netcoreapp3.1\fluentvalidation.tests.dll" id="07c2f59b-9121-5d04-3cc9-b9e74164dd4c">
      <Execution id="edec8f6d-a910-44ae-8159-0452ea249c27" />
      <TestMethod codeBase="C:\Users\Michal\Workspace\github\FluentValidation\src\FluentValidation.Tests\bin\Release\netcoreapp3.1\FluentValidation.Tests.dll" adapterTypeName="executor://xunit/VsTestRunner2" className="FluentValidation.Tests.ValidateAndThrowTester" name="Only_root_validator_throws" />
    </UnitTest>
    <UnitTest name="FluentValidation.Tests.ComplexValidationTester.Async_condition_should_work_with_complex_property" storage="c:\users\michal\workspace\github\fluentvalidation\src\fluentvalidation.tests\bin\release\netcoreapp3.1\fluentvalidation.tests.dll" id="8db9b5cf-df7c-4153-3e5b-b48eb58531c4">
      <Execution id="151e8f25-34f9-4cf9-b3dd-3c0b119a0946" />
      <TestMethod codeBase="C:\Users\Michal\Workspace\github\FluentValidation\src\FluentValidation.Tests\bin\Release\netcoreapp3.1\FluentValidation.Tests.dll" adapterTypeName="executor://xunit/VsTestRunner2" className="FluentValidation.Tests.ComplexValidationTester" name="Async_condition_should_work_with_complex_property" />
    </UnitTest>
    <UnitTest name="FluentValidation.Tests.EnumValidatorTests.Nullable_enum_invalid_when_bad_value_specified" storage="c:\users\michal\workspace\github\fluentvalidation\src\fluentvalidation.tests\bin\release\netcoreapp3.1\fluentvalidation.tests.dll" id="2356517f-c677-dee8-be27-54adad3fb1fc">
      <Execution id="ce0bf2cd-32cf-479e-bbd2-ee177430de57" />
      <TestMethod codeBase="C:\Users\Michal\Workspace\github\FluentValidation\src\FluentValidation.Tests\bin\Release\netcoreapp3.1\FluentValidation.Tests.dll" adapterTypeName="executor://xunit/VsTestRunner2" className="FluentValidation.Tests.EnumValidatorTests" name="Nullable_enum_invalid_when_bad_value_specified" />
    </UnitTest>
    <UnitTest name="FluentValidation.Tests.TrackingCollectionTests.Add_AddsItem" storage="c:\users\michal\workspace\github\fluentvalidation\src\fluentvalidation.tests\bin\release\netcoreapp3.1\fluentvalidation.tests.dll" id="f51f65b2-17e4-1621-6d32-8933878800f5">
      <Execution id="4cff86cd-a613-43e5-a162-75e193b6cb3b" />
      <TestMethod codeBase="C:\Users\Michal\Workspace\github\FluentValidation\src\FluentValidation.Tests\bin\Release\netcoreapp3.1\FluentValidation.Tests.dll" adapterTypeName="executor://xunit/VsTestRunner2" className="FluentValidation.Tests.TrackingCollectionTests" name="Add_AddsItem" />
    </UnitTest>
    <UnitTest name="FluentValidation.Tests.RulesetTests.Executes_in_rule_in_ruleset_and_default" storage="c:\users\michal\workspace\github\fluentvalidation\src\fluentvalidation.tests\bin\release\netcoreapp3.1\fluentvalidation.tests.dll" id="41b6ef3d-e843-75a6-f9fa-c9114fe374b5">
      <Execution id="243b8371-dbd3-475c-8bc7-a8b5591e1411" />
      <TestMethod codeBase="C:\Users\Michal\Workspace\github\FluentValidation\src\FluentValidation.Tests\bin\Release\netcoreapp3.1\FluentValidation.Tests.dll" adapterTypeName="executor://xunit/VsTestRunner2" className="FluentValidation.Tests.RulesetTests" name="Executes_in_rule_in_ruleset_and_default" />
    </UnitTest>
    <UnitTest name="FluentValidation.Tests.MessageFormatterTests.Understands_date_formats" storage="c:\users\michal\workspace\github\fluentvalidation\src\fluentvalidation.tests\bin\release\netcoreapp3.1\fluentvalidation.tests.dll" id="af5e3af7-97a1-2c82-58bd-19d8397427c6">
      <Execution id="ca9e214f-5c77-41c9-b56b-65b15ec75904" />
      <TestMethod codeBase="C:\Users\Michal\Workspace\github\FluentValidation\src\FluentValidation.Tests\bin\Release\netcoreapp3.1\FluentValidation.Tests.dll" adapterTypeName="executor://xunit/VsTestRunner2" className="FluentValidation.Tests.MessageFormatterTests" name="Understands_date_formats" />
    </UnitTest>
    <UnitTest name="FluentValidation.Tests.ForEachRuleTests.Validates_collection" storage="c:\users\michal\workspace\github\fluentvalidation\src\fluentvalidation.tests\bin\release\netcoreapp3.1\fluentvalidation.tests.dll" id="3e0c3284-efea-ef13-339c-bf2e2f2e8b4a">
      <Execution id="f1151556-345d-4b12-9648-da246518b105" />
      <TestMethod codeBase="C:\Users\Michal\Workspace\github\FluentValidation\src\FluentValidation.Tests\bin\Release\netcoreapp3.1\FluentValidation.Tests.dll" adapterTypeName="executor://xunit/VsTestRunner2" className="FluentValidation.Tests.ForEachRuleTests" name="Validates_collection" />
    </UnitTest>
    <UnitTest name="FluentValidation.Tests.MemberAccessorTests.SimpleFieldSet" storage="c:\users\michal\workspace\github\fluentvalidation\src\fluentvalidation.tests\bin\release\netcoreapp3.1\fluentvalidation.tests.dll" id="f4ebb6c7-22f2-679b-5766-556ec8984368">
      <Execution id="d7d735ff-66fd-437b-958f-9809cbbe55dc" />
      <TestMethod codeBase="C:\Users\Michal\Workspace\github\FluentValidation\src\FluentValidation.Tests\bin\Release\netcoreapp3.1\FluentValidation.Tests.dll" adapterTypeName="executor://xunit/VsTestRunner2" className="FluentValidation.Tests.MemberAccessorTests" name="SimpleFieldSet" />
    </UnitTest>
    <UnitTest name="FluentValidation.Tests.DefaultValidatorExtensionTester.NotNull_should_create_NotNullValidator" storage="c:\users\michal\workspace\github\fluentvalidation\src\fluentvalidation.tests\bin\release\netcoreapp3.1\fluentvalidation.tests.dll" id="231388e8-63ba-91ef-e0dc-bb95745b2e3f">
      <Execution id="dc6a1d19-ef33-4188-87b6-5b00dc07cb71" />
      <TestMethod codeBase="C:\Users\Michal\Workspace\github\FluentValidation\src\FluentValidation.Tests\bin\Release\netcoreapp3.1\FluentValidation.Tests.dll" adapterTypeName="executor://xunit/VsTestRunner2" className="FluentValidation.Tests.DefaultValidatorExtensionTester" name="NotNull_should_create_NotNullValidator" />
    </UnitTest>
    <UnitTest name="FluentValidation.Tests.NotNullTester.NotNullValidator_should_pass_if_value_has_value" storage="c:\users\michal\workspace\github\fluentvalidation\src\fluentvalidation.tests\bin\release\netcoreapp3.1\fluentvalidation.tests.dll" id="0c59b397-ccb7-a6cb-9c19-06b5d95464e0">
      <Execution id="2419859f-6bd1-4d9b-8980-d1c968dae0e2" />
      <TestMethod codeBase="C:\Users\Michal\Workspace\github\FluentValidation\src\FluentValidation.Tests\bin\Release\netcoreapp3.1\FluentValidation.Tests.dll" adapterTypeName="executor://xunit/VsTestRunner2" className="FluentValidation.Tests.NotNullTester" name="NotNullValidator_should_pass_if_value_has_value" />
    </UnitTest>
    <UnitTest name="FluentValidation.Tests.DefaultValidatorExtensionTester.MustAsync_should_create_AsyncPredicateValidator_with_PropertyValidatorContext" storage="c:\users\michal\workspace\github\fluentvalidation\src\fluentvalidation.tests\bin\release\netcoreapp3.1\fluentvalidation.tests.dll" id="e10027d7-f23e-9917-7e36-17578bd4b5f7">
      <Execution id="4b1af303-e12c-4d0e-8496-5ce989042576" />
      <TestMethod codeBase="C:\Users\Michal\Workspace\github\FluentValidation\src\FluentValidation.Tests\bin\Release\netcoreapp3.1\FluentValidation.Tests.dll" adapterTypeName="executor://xunit/VsTestRunner2" className="FluentValidation.Tests.DefaultValidatorExtensionTester" name="MustAsync_should_create_AsyncPredicateValidator_with_PropertyValidatorContext" />
    </UnitTest>
    <UnitTest name="FluentValidation.Tests.TransformTests.Transforms_property_value_to_another_type" storage="c:\users\michal\workspace\github\fluentvalidation\src\fluentvalidation.tests\bin\release\netcoreapp3.1\fluentvalidation.tests.dll" id="e02493bd-95d2-02e3-86b2-e20015591349">
      <Execution id="714bfe65-1f5f-4ae6-8f35-fa56ddd75abf" />
      <TestMethod codeBase="C:\Users\Michal\Workspace\github\FluentValidation\src\FluentValidation.Tests\bin\Release\netcoreapp3.1\FluentValidation.Tests.dll" adapterTypeName="executor://xunit/VsTestRunner2" className="FluentValidation.Tests.TransformTests" name="Transforms_property_value_to_another_type" />
    </UnitTest>
    <UnitTest name="FluentValidation.Tests.UserSeverityTester.Throws_when_provider_is_null" storage="c:\users\michal\workspace\github\fluentvalidation\src\fluentvalidation.tests\bin\release\netcoreapp3.1\fluentvalidation.tests.dll" id="296c67e8-290c-2c58-819f-eba355d6e00b">
      <Execution id="9a36042c-8d53-4dea-a55c-c669a0246b96" />
      <TestMethod codeBase="C:\Users\Michal\Workspace\github\FluentValidation\src\FluentValidation.Tests\bin\Release\netcoreapp3.1\FluentValidation.Tests.dll" adapterTypeName="executor://xunit/VsTestRunner2" className="FluentValidation.Tests.UserSeverityTester" name="Throws_when_provider_is_null" />
    </UnitTest>
    <UnitTest name="FluentValidation.Tests.CascadingFailuresTester.Validation_stops_on_failure_when_set_to_Continue_and_overriden_at_rule_level" storage="c:\users\michal\workspace\github\fluentvalidation\src\fluentvalidation.tests\bin\release\netcoreapp3.1\fluentvalidation.tests.dll" id="d0172f33-5283-d42b-97e8-7582e0767335">
      <Execution id="b72847d2-c5ec-41ab-848f-8d7e39687b79" />
      <TestMethod codeBase="C:\Users\Michal\Workspace\github\FluentValidation\src\FluentValidation.Tests\bin\Release\netcoreapp3.1\FluentValidation.Tests.dll" adapterTypeName="executor://xunit/VsTestRunner2" className="FluentValidation.Tests.CascadingFailuresTester" name="Validation_stops_on_failure_when_set_to_Continue_and_overriden_at_rule_level" />
    </UnitTest>
    <UnitTest name="FluentValidation.Tests.ExclusiveBetweenValidatorTests.When_the_value_is_exactly_the_size_of_the_upper_bound_then_the_validator_should_fail" storage="c:\users\michal\workspace\github\fluentvalidation\src\fluentvalidation.tests\bin\release\netcoreapp3.1\fluentvalidation.tests.dll" id="d9c72f91-24c2-c0c2-bab0-693e84d5dbc8">
      <Execution id="fe2b45e2-bccc-4160-8ebb-97da6d841186" />
      <TestMethod codeBase="C:\Users\Michal\Workspace\github\FluentValidation\src\FluentValidation.Tests\bin\Release\netcoreapp3.1\FluentValidation.Tests.dll" adapterTypeName="executor://xunit/VsTestRunner2" className="FluentValidation.Tests.ExclusiveBetweenValidatorTests" name="When_the_value_is_exactly_the_size_of_the_upper_bound_then_the_validator_should_fail" />
    </UnitTest>
    <UnitTest name="FluentValidation.Tests.LessThanOrEqualToValidatorTester.Validates_with_nullable_when_property_not_null" storage="c:\users\michal\workspace\github\fluentvalidation\src\fluentvalidation.tests\bin\release\netcoreapp3.1\fluentvalidation.tests.dll" id="1617bb57-df1e-9c9d-252b-9e7e91481902">
      <Execution id="1f97fbad-8add-4ee6-b4ea-f913d5b7e1ab" />
      <TestMethod codeBase="C:\Users\Michal\Workspace\github\FluentValidation\src\FluentValidation.Tests\bin\Release\netcoreapp3.1\FluentValidation.Tests.dll" adapterTypeName="executor://xunit/VsTestRunner2" className="FluentValidation.Tests.LessThanOrEqualToValidatorTester" name="Validates_with_nullable_when_property_not_null" />
    </UnitTest>
    <UnitTest name="FluentValidation.Tests.ScalePrecisionValidatorTests.Scale_precision_should_not_be_valid_when_they_are_equal" storage="c:\users\michal\workspace\github\fluentvalidation\src\fluentvalidation.tests\bin\release\netcoreapp3.1\fluentvalidation.tests.dll" id="b12d10f0-84f0-2d22-0355-8584af8a5822">
      <Execution id="27e39a4d-f2c4-4ad2-844d-b968965b75aa" />
      <TestMethod codeBase="C:\Users\Michal\Workspace\github\FluentValidation\src\FluentValidation.Tests\bin\Release\netcoreapp3.1\FluentValidation.Tests.dll" adapterTypeName="executor://xunit/VsTestRunner2" className="FluentValidation.Tests.ScalePrecisionValidatorTests" name="Scale_precision_should_not_be_valid_when_they_are_equal" />
    </UnitTest>
    <UnitTest name="FluentValidation.Tests.ValidateAndThrowTester.Does_not_throw_when_valid_and_a_ruleset_async" storage="c:\users\michal\workspace\github\fluentvalidation\src\fluentvalidation.tests\bin\release\netcoreapp3.1\fluentvalidation.tests.dll" id="8ebad949-1115-28ec-322d-0bc0a97b8860">
      <Execution id="18d77ee5-c454-4a51-8a49-702d04a1693b" />
      <TestMethod codeBase="C:\Users\Michal\Workspace\github\FluentValidation\src\FluentValidation.Tests\bin\Release\netcoreapp3.1\FluentValidation.Tests.dll" adapterTypeName="executor://xunit/VsTestRunner2" className="FluentValidation.Tests.ValidateAndThrowTester" name="Does_not_throw_when_valid_and_a_ruleset_async" />
    </UnitTest>
    <UnitTest name="FluentValidation.Tests.RulesetTests.Includes_combination_of_rulesets" storage="c:\users\michal\workspace\github\fluentvalidation\src\fluentvalidation.tests\bin\release\netcoreapp3.1\fluentvalidation.tests.dll" id="8cb03b3c-ece9-7575-5fed-7e6dd4c3b4b7">
      <Execution id="57e676c7-9877-4070-9d9f-739e4d43ef12" />
      <TestMethod codeBase="C:\Users\Michal\Workspace\github\FluentValidation\src\FluentValidation.Tests\bin\Release\netcoreapp3.1\FluentValidation.Tests.dll" adapterTypeName="executor://xunit/VsTestRunner2" className="FluentValidation.Tests.RulesetTests" name="Includes_combination_of_rulesets" />
    </UnitTest>
    <UnitTest name="FluentValidation.Tests.ForEachRuleTests.Regular_rules_can_drop_into_RuleForEach" storage="c:\users\michal\workspace\github\fluentvalidation\src\fluentvalidation.tests\bin\release\netcoreapp3.1\fluentvalidation.tests.dll" id="9ced1c54-8f63-2499-7e20-0758e84e2b42">
      <Execution id="3ee7005f-1ed6-4f27-89b5-68aa472ad0e9" />
      <TestMethod codeBase="C:\Users\Michal\Workspace\github\FluentValidation\src\FluentValidation.Tests\bin\Release\netcoreapp3.1\FluentValidation.Tests.dll" adapterTypeName="executor://xunit/VsTestRunner2" className="FluentValidation.Tests.ForEachRuleTests" name="Regular_rules_can_drop_into_RuleForEach" />
    </UnitTest>
    <UnitTest name="FluentValidation.Tests.CascadingFailuresTester.Validation_stops_on_first_failure" storage="c:\users\michal\workspace\github\fluentvalidation\src\fluentvalidation.tests\bin\release\netcoreapp3.1\fluentvalidation.tests.dll" id="1aa7c407-5dcc-3610-7b22-9a9c185b7637">
      <Execution id="94b3b2ea-069e-4c82-9798-08388549654e" />
      <TestMethod codeBase="C:\Users\Michal\Workspace\github\FluentValidation\src\FluentValidation.Tests\bin\Release\netcoreapp3.1\FluentValidation.Tests.dll" adapterTypeName="executor://xunit/VsTestRunner2" className="FluentValidation.Tests.CascadingFailuresTester" name="Validation_stops_on_first_failure" />
    </UnitTest>
    <UnitTest name="FluentValidation.Tests.CascadingFailuresTester.Validation_continues_on_failure_async" storage="c:\users\michal\workspace\github\fluentvalidation\src\fluentvalidation.tests\bin\release\netcoreapp3.1\fluentvalidation.tests.dll" id="3d220ea8-0f89-80ff-8e53-6c93b91ab2df">
      <Execution id="9a7a166e-5d11-401e-90c3-ead3d5e9177d" />
      <TestMethod codeBase="C:\Users\Michal\Workspace\github\FluentValidation\src\FluentValidation.Tests\bin\Release\netcoreapp3.1\FluentValidation.Tests.dll" adapterTypeName="executor://xunit/VsTestRunner2" className="FluentValidation.Tests.CascadingFailuresTester" name="Validation_continues_on_failure_async" />
    </UnitTest>
    <UnitTest name="FluentValidation.Tests.ComplexValidationTester.Should_allow_normal_rules_and_complex_property_on_same_property" storage="c:\users\michal\workspace\github\fluentvalidation\src\fluentvalidation.tests\bin\release\netcoreapp3.1\fluentvalidation.tests.dll" id="e114b438-05aa-689c-bc2a-197acc689b9a">
      <Execution id="fdf8a9cc-60b6-46a1-aa89-a092a740ddc7" />
      <TestMethod codeBase="C:\Users\Michal\Workspace\github\FluentValidation\src\FluentValidation.Tests\bin\Release\netcoreapp3.1\FluentValidation.Tests.dll" adapterTypeName="executor://xunit/VsTestRunner2" className="FluentValidation.Tests.ComplexValidationTester" name="Should_allow_normal_rules_and_complex_property_on_same_property" />
    </UnitTest>
    <UnitTest name="FluentValidation.Tests.ConditionTests.Async_condition_executed_synchronosuly_with_asynchronous_rule" storage="c:\users\michal\workspace\github\fluentvalidation\src\fluentvalidation.tests\bin\release\netcoreapp3.1\fluentvalidation.tests.dll" id="4ae20fc3-4c3a-b5f5-16b4-01ceebdbbd28">
      <Execution id="af986789-ddd2-44c8-a4e7-5bcc6d2fbf36" />
      <TestMethod codeBase="C:\Users\Michal\Workspace\github\FluentValidation\src\FluentValidation.Tests\bin\Release\netcoreapp3.1\FluentValidation.Tests.dll" adapterTypeName="executor://xunit/VsTestRunner2" className="FluentValidation.Tests.ConditionTests" name="Async_condition_executed_synchronosuly_with_asynchronous_rule" />
    </UnitTest>
    <UnitTest name="FluentValidation.Tests.StringEnumValidatorTests.When_the_property_is_initialized_with_invalid_string_then_the_validator_should_fail" storage="c:\users\michal\workspace\github\fluentvalidation\src\fluentvalidation.tests\bin\release\netcoreapp3.1\fluentvalidation.tests.dll" id="13a05b78-9a60-de7b-48c1-80111b6019cc">
      <Execution id="9e7ddee1-b9b0-41e7-9cf4-8b2cd6fe9fa0" />
      <TestMethod codeBase="C:\Users\Michal\Workspace\github\FluentValidation\src\FluentValidation.Tests\bin\Release\netcoreapp3.1\FluentValidation.Tests.dll" adapterTypeName="executor://xunit/VsTestRunner2" className="FluentValidation.Tests.StringEnumValidatorTests" name="When_the_property_is_initialized_with_invalid_string_then_the_validator_should_fail" />
    </UnitTest>
    <UnitTest name="FluentValidation.Tests.CustomFailureActionTester.Does_not_invoke_action_if_validation_success" storage="c:\users\michal\workspace\github\fluentvalidation\src\fluentvalidation.tests\bin\release\netcoreapp3.1\fluentvalidation.tests.dll" id="4b32ac24-b1fb-4369-21fd-760bf692547a">
      <Execution id="f223feea-8db7-44fc-b165-0b0bcfa3f875" />
      <TestMethod codeBase="C:\Users\Michal\Workspace\github\FluentValidation\src\FluentValidation.Tests\bin\Release\netcoreapp3.1\FluentValidation.Tests.dll" adapterTypeName="executor://xunit/VsTestRunner2" className="FluentValidation.Tests.CustomFailureActionTester" name="Does_not_invoke_action_if_validation_success" />
    </UnitTest>
    <UnitTest name="FluentValidation.Tests.RuleBuilderTests.Calling_ValidateAsync_should_delegate_to_underlying_sync_validator" storage="c:\users\michal\workspace\github\fluentvalidation\src\fluentvalidation.tests\bin\release\netcoreapp3.1\fluentvalidation.tests.dll" id="93bdcb3d-dbc7-c25c-ec0f-b042554e4802">
      <Execution id="15fa92b0-a3ea-4057-b199-4743b5818143" />
      <TestMethod codeBase="C:\Users\Michal\Workspace\github\FluentValidation\src\FluentValidation.Tests\bin\Release\netcoreapp3.1\FluentValidation.Tests.dll" adapterTypeName="executor://xunit/VsTestRunner2" className="FluentValidation.Tests.RuleBuilderTests" name="Calling_ValidateAsync_should_delegate_to_underlying_sync_validator" />
    </UnitTest>
    <UnitTest name="FluentValidation.Tests.ComplexValidationTester.Validates_complex_property" storage="c:\users\michal\workspace\github\fluentvalidation\src\fluentvalidation.tests\bin\release\netcoreapp3.1\fluentvalidation.tests.dll" id="8cb32682-1b0a-5671-0a8e-d87c34000606">
      <Execution id="0b9fe4e4-15c1-4d11-aba0-3aa03843742a" />
      <TestMethod codeBase="C:\Users\Michal\Workspace\github\FluentValidation\src\FluentValidation.Tests\bin\Release\netcoreapp3.1\FluentValidation.Tests.dll" adapterTypeName="executor://xunit/VsTestRunner2" className="FluentValidation.Tests.ComplexValidationTester" name="Validates_complex_property" />
    </UnitTest>
    <UnitTest name="FluentValidation.Tests.EqualValidatorTests.When_validation_fails_the_error_should_be_set" storage="c:\users\michal\workspace\github\fluentvalidation\src\fluentvalidation.tests\bin\release\netcoreapp3.1\fluentvalidation.tests.dll" id="22bdb9de-d2dd-5c91-28e6-f1c39b395770">
      <Execution id="f9dfc35c-53d9-40b9-8be0-fd055a4a917c" />
      <TestMethod codeBase="C:\Users\Michal\Workspace\github\FluentValidation\src\FluentValidation.Tests\bin\Release\netcoreapp3.1\FluentValidation.Tests.dll" adapterTypeName="executor://xunit/VsTestRunner2" className="FluentValidation.Tests.EqualValidatorTests" name="When_validation_fails_the_error_should_be_set" />
    </UnitTest>
    <UnitTest name="FluentValidation.Tests.NotEqualValidatorTests.When_the_objects_are_equal_then_the_validator_should_fail" storage="c:\users\michal\workspace\github\fluentvalidation\src\fluentvalidation.tests\bin\release\netcoreapp3.1\fluentvalidation.tests.dll" id="934aec9a-f550-3f74-8718-962649e063b0">
      <Execution id="6fdaa797-ba39-4a0a-9d93-25e97542d75b" />
      <TestMethod codeBase="C:\Users\Michal\Workspace\github\FluentValidation\src\FluentValidation.Tests\bin\Release\netcoreapp3.1\FluentValidation.Tests.dll" adapterTypeName="executor://xunit/VsTestRunner2" className="FluentValidation.Tests.NotEqualValidatorTests" name="When_the_objects_are_equal_then_the_validator_should_fail" />
    </UnitTest>
    <UnitTest name="FluentValidation.Tests.ValidateAndThrowTester.ValidationException_provides_correct_message_when_appendDefaultMessage_true" storage="c:\users\michal\workspace\github\fluentvalidation\src\fluentvalidation.tests\bin\release\netcoreapp3.1\fluentvalidation.tests.dll" id="c73e3c75-b183-9cdf-b6c8-1b40880e3827">
      <Execution id="e6aff791-fe71-4b5f-927a-798df9a5f0fa" />
      <TestMethod codeBase="C:\Users\Michal\Workspace\github\FluentValidation\src\FluentValidation.Tests\bin\Release\netcoreapp3.1\FluentValidation.Tests.dll" adapterTypeName="executor://xunit/VsTestRunner2" className="FluentValidation.Tests.ValidateAndThrowTester" name="ValidationException_provides_correct_message_when_appendDefaultMessage_true" />
    </UnitTest>
    <UnitTest name="FluentValidation.Tests.ValidatorTesterTester.Tests_nested_property_reverse" storage="c:\users\michal\workspace\github\fluentvalidation\src\fluentvalidation.tests\bin\release\netcoreapp3.1\fluentvalidation.tests.dll" id="49712071-099e-ab9b-8276-3fba07126995">
      <Execution id="f4de7997-5f1e-49fd-a6c2-886ba93b1fc1" />
      <TestMethod codeBase="C:\Users\Michal\Workspace\github\FluentValidation\src\FluentValidation.Tests\bin\Release\netcoreapp3.1\FluentValidation.Tests.dll" adapterTypeName="executor://xunit/VsTestRunner2" className="FluentValidation.Tests.ValidatorTesterTester" name="Tests_nested_property_reverse" />
    </UnitTest>
    <UnitTest name="FluentValidation.Tests.ForEachRuleTests.Uses_useful_error_message_when_used_on_non_property" storage="c:\users\michal\workspace\github\fluentvalidation\src\fluentvalidation.tests\bin\release\netcoreapp3.1\fluentvalidation.tests.dll" id="36b0e38f-fba3-a091-8778-a1762962850e">
      <Execution id="00bba26a-f2a8-4984-a376-785e9f29b59c" />
      <TestMethod codeBase="C:\Users\Michal\Workspace\github\FluentValidation\src\FluentValidation.Tests\bin\Release\netcoreapp3.1\FluentValidation.Tests.dll" adapterTypeName="executor://xunit/VsTestRunner2" className="FluentValidation.Tests.ForEachRuleTests" name="Uses_useful_error_message_when_used_on_non_property" />
    </UnitTest>
    <UnitTest name="FluentValidation.Tests.CascadingFailuresTester.Validation_stops_on_first_Failure_when_set_to_Continue_globally_and_overriden_at_rule_level_and_async_validator_is_invoked_synchronously_legacy" storage="c:\users\michal\workspace\github\fluentvalidation\src\fluentvalidation.tests\bin\release\netcoreapp3.1\fluentvalidation.tests.dll" id="7c06c047-6d17-a08c-32c8-452275619172">
      <Execution id="a999bf1f-b3a6-496f-945a-228c20157d7e" />
      <TestMethod codeBase="C:\Users\Michal\Workspace\github\FluentValidation\src\FluentValidation.Tests\bin\Release\netcoreapp3.1\FluentValidation.Tests.dll" adapterTypeName="executor://xunit/VsTestRunner2" className="FluentValidation.Tests.CascadingFailuresTester" name="Validation_stops_on_first_Failure_when_set_to_Continue_globally_and_overriden_at_rule_level_and_async_validator_is_invoked_synchronously_legacy" />
    </UnitTest>
    <UnitTest name="FluentValidation.Tests.ValidateAndThrowTester.Throws_exception_with_a_ruleset" storage="c:\users\michal\workspace\github\fluentvalidation\src\fluentvalidation.tests\bin\release\netcoreapp3.1\fluentvalidation.tests.dll" id="f11944d6-2994-7d79-bf29-88203eb781c6">
      <Execution id="db3e9ae0-e167-4811-9183-e69a6aaed7d3" />
      <TestMethod codeBase="C:\Users\Michal\Workspace\github\FluentValidation\src\FluentValidation.Tests\bin\Release\netcoreapp3.1\FluentValidation.Tests.dll" adapterTypeName="executor://xunit/VsTestRunner2" className="FluentValidation.Tests.ValidateAndThrowTester" name="Throws_exception_with_a_ruleset" />
    </UnitTest>
    <UnitTest name="FluentValidation.Tests.DefaultValidatorExtensionTester.NotEqual_should_create_NotEqualValidator_with_lambda" storage="c:\users\michal\workspace\github\fluentvalidation\src\fluentvalidation.tests\bin\release\netcoreapp3.1\fluentvalidation.tests.dll" id="6ff25405-d30f-c558-d1f8-5c1a19c224fa">
      <Execution id="b34fa0af-812e-4f98-b80b-36415e47f074" />
      <TestMethod codeBase="C:\Users\Michal\Workspace\github\FluentValidation\src\FluentValidation.Tests\bin\Release\netcoreapp3.1\FluentValidation.Tests.dll" adapterTypeName="executor://xunit/VsTestRunner2" className="FluentValidation.Tests.DefaultValidatorExtensionTester" name="NotEqual_should_create_NotEqualValidator_with_lambda" />
    </UnitTest>
    <UnitTest name="FluentValidation.Tests.RuleBuilderTests.Should_set_custom_error" storage="c:\users\michal\workspace\github\fluentvalidation\src\fluentvalidation.tests\bin\release\netcoreapp3.1\fluentvalidation.tests.dll" id="25bdb02c-e940-011f-b8e1-674f99d4f5b6">
      <Execution id="b6b805e7-8e36-4446-9649-e9d89b7eeb36" />
      <TestMethod codeBase="C:\Users\Michal\Workspace\github\FluentValidation\src\FluentValidation.Tests\bin\Release\netcoreapp3.1\FluentValidation.Tests.dll" adapterTypeName="executor://xunit/VsTestRunner2" className="FluentValidation.Tests.RuleBuilderTests" name="Should_set_custom_error" />
    </UnitTest>
    <UnitTest name="FluentValidation.Tests.CascadingFailuresTester.Validation_continues_on_failure_when_set_to_StopOnFirstFailure_at_validator_level_and_overriden_at_rule_level_async_legacy" storage="c:\users\michal\workspace\github\fluentvalidation\src\fluentvalidation.tests\bin\release\netcoreapp3.1\fluentvalidation.tests.dll" id="25708d6b-8c71-05f6-05f8-af87ac7058ba">
      <Execution id="9e5f896c-6ec5-45a5-8b00-858ff90787c9" />
      <TestMethod codeBase="C:\Users\Michal\Workspace\github\FluentValidation\src\FluentValidation.Tests\bin\Release\netcoreapp3.1\FluentValidation.Tests.dll" adapterTypeName="executor://xunit/VsTestRunner2" className="FluentValidation.Tests.CascadingFailuresTester" name="Validation_continues_on_failure_when_set_to_StopOnFirstFailure_at_validator_level_and_overriden_at_rule_level_async_legacy" />
    </UnitTest>
    <UnitTest name="FluentValidation.Tests.CollectionValidatorWithParentTests.Collection_should_be_explicitly_included_with_string" storage="c:\users\michal\workspace\github\fluentvalidation\src\fluentvalidation.tests\bin\release\netcoreapp3.1\fluentvalidation.tests.dll" id="5901f206-8b87-a862-9a60-9c233d9ef908">
      <Execution id="6a980ac8-40d1-4a5a-8447-bcf769b9f72a" />
      <TestMethod codeBase="C:\Users\Michal\Workspace\github\FluentValidation\src\FluentValidation.Tests\bin\Release\netcoreapp3.1\FluentValidation.Tests.dll" adapterTypeName="executor://xunit/VsTestRunner2" className="FluentValidation.Tests.CollectionValidatorWithParentTests" name="Collection_should_be_explicitly_included_with_string" />
    </UnitTest>
    <UnitTest name="FluentValidation.Tests.AbstractValidatorTester.Should_not_main_state" storage="c:\users\michal\workspace\github\fluentvalidation\src\fluentvalidation.tests\bin\release\netcoreapp3.1\fluentvalidation.tests.dll" id="f435532c-c2de-0598-1019-262389fe9742">
      <Execution id="1acb615c-c3a7-4c80-be51-852027bcd8a7" />
      <TestMethod codeBase="C:\Users\Michal\Workspace\github\FluentValidation\src\FluentValidation.Tests\bin\Release\netcoreapp3.1\FluentValidation.Tests.dll" adapterTypeName="executor://xunit/VsTestRunner2" className="FluentValidation.Tests.AbstractValidatorTester" name="Should_not_main_state" />
    </UnitTest>
    <UnitTest name="FluentValidation.Tests.GreaterThanOrEqualToValidatorTester.Validates_with_nullable_when_property_is_null_cross_property" storage="c:\users\michal\workspace\github\fluentvalidation\src\fluentvalidation.tests\bin\release\netcoreapp3.1\fluentvalidation.tests.dll" id="9f6435a2-e40b-b132-cf2e-cfcda5f789fa">
      <Execution id="61f6b3dc-6129-4b44-8122-30f6da1b965d" />
      <TestMethod codeBase="C:\Users\Michal\Workspace\github\FluentValidation\src\FluentValidation.Tests\bin\Release\netcoreapp3.1\FluentValidation.Tests.dll" adapterTypeName="executor://xunit/VsTestRunner2" className="FluentValidation.Tests.GreaterThanOrEqualToValidatorTester" name="Validates_with_nullable_when_property_is_null_cross_property" />
    </UnitTest>
    <UnitTest name="FluentValidation.Tests.ValidatorSelectorTests.Executes_correct_rule_when_using_property_with_include_async" storage="c:\users\michal\workspace\github\fluentvalidation\src\fluentvalidation.tests\bin\release\netcoreapp3.1\fluentvalidation.tests.dll" id="323e6631-1d82-e202-fbc4-1dbf3d7d78f1">
      <Execution id="daefdb09-9fad-49b1-9d80-9baa1683adda" />
      <TestMethod codeBase="C:\Users\Michal\Workspace\github\FluentValidation\src\FluentValidation.Tests\bin\Release\netcoreapp3.1\FluentValidation.Tests.dll" adapterTypeName="executor://xunit/VsTestRunner2" className="FluentValidation.Tests.ValidatorSelectorTests" name="Executes_correct_rule_when_using_property_with_include_async" />
    </UnitTest>
    <UnitTest name="FluentValidation.Tests.AccessorCacheTests.Benchmark" storage="c:\users\michal\workspace\github\fluentvalidation\src\fluentvalidation.tests\bin\release\netcoreapp3.1\fluentvalidation.tests.dll" id="799f2c93-c7dd-e23b-6bda-f2fced204557">
      <Execution id="6bb1371f-d922-4f43-8d82-1df050781b2c" />
      <TestMethod codeBase="C:\Users\Michal\Workspace\github\FluentValidation\src\FluentValidation.Tests\bin\Release\netcoreapp3.1\FluentValidation.Tests.dll" adapterTypeName="executor://xunit/VsTestRunner2" className="FluentValidation.Tests.AccessorCacheTests" name="Benchmark" />
    </UnitTest>
    <UnitTest name="FluentValidation.Tests.CascadingFailuresTester.Validation_continues_when_set_to_Continue_at_validator_level" storage="c:\users\michal\workspace\github\fluentvalidation\src\fluentvalidation.tests\bin\release\netcoreapp3.1\fluentvalidation.tests.dll" id="035e7f5a-57e0-486a-1a64-642931e8413b">
      <Execution id="78c1b3d9-9ccf-4562-86f2-7290629ff477" />
      <TestMethod codeBase="C:\Users\Michal\Workspace\github\FluentValidation\src\FluentValidation.Tests\bin\Release\netcoreapp3.1\FluentValidation.Tests.dll" adapterTypeName="executor://xunit/VsTestRunner2" className="FluentValidation.Tests.CascadingFailuresTester" name="Validation_continues_when_set_to_Continue_at_validator_level" />
    </UnitTest>
    <UnitTest name="FluentValidation.Tests.ValidatorTesterTester.Tests_nested_property" storage="c:\users\michal\workspace\github\fluentvalidation\src\fluentvalidation.tests\bin\release\netcoreapp3.1\fluentvalidation.tests.dll" id="ab8c209f-3f05-6efb-2f32-19242524cb78">
      <Execution id="0236406c-28ee-43f3-97b2-bea941f67928" />
      <TestMethod codeBase="C:\Users\Michal\Workspace\github\FluentValidation\src\FluentValidation.Tests\bin\Release\netcoreapp3.1\FluentValidation.Tests.dll" adapterTypeName="executor://xunit/VsTestRunner2" className="FluentValidation.Tests.ValidatorTesterTester" name="Tests_nested_property" />
    </UnitTest>
    <UnitTest name="FluentValidation.Tests.ValidatorTesterTester.ShouldHaveChildvalidator_throws_when_collection_property_Does_not_have_child_validator" storage="c:\users\michal\workspace\github\fluentvalidation\src\fluentvalidation.tests\bin\release\netcoreapp3.1\fluentvalidation.tests.dll" id="d796e8f2-4145-6dd5-c2f2-5054ed90887d">
      <Execution id="3aaa7673-6a3f-407b-83d6-9392e057397c" />
      <TestMethod codeBase="C:\Users\Michal\Workspace\github\FluentValidation\src\FluentValidation.Tests\bin\Release\netcoreapp3.1\FluentValidation.Tests.dll" adapterTypeName="executor://xunit/VsTestRunner2" className="FluentValidation.Tests.ValidatorTesterTester" name="ShouldHaveChildvalidator_throws_when_collection_property_Does_not_have_child_validator" />
    </UnitTest>
    <UnitTest name="FluentValidation.Tests.ValidatorTesterTester.ShouldNotHaveValidationError_should_correctly_handle_explicitly_providing_object_to_validate" storage="c:\users\michal\workspace\github\fluentvalidation\src\fluentvalidation.tests\bin\release\netcoreapp3.1\fluentvalidation.tests.dll" id="f287425a-90ae-2971-babc-bbc17822e165">
      <Execution id="b5647436-7f34-465c-b7fc-f5982eff3d9d" />
      <TestMethod codeBase="C:\Users\Michal\Workspace\github\FluentValidation\src\FluentValidation.Tests\bin\Release\netcoreapp3.1\FluentValidation.Tests.dll" adapterTypeName="executor://xunit/VsTestRunner2" className="FluentValidation.Tests.ValidatorTesterTester" name="ShouldNotHaveValidationError_should_correctly_handle_explicitly_providing_object_to_validate" />
    </UnitTest>
    <UnitTest name="FluentValidation.Tests.RuleDependencyTests.TestAsyncWithDependentRules_AsyncEntry" storage="c:\users\michal\workspace\github\fluentvalidation\src\fluentvalidation.tests\bin\release\netcoreapp3.1\fluentvalidation.tests.dll" id="884c21ab-469f-f12c-07f1-874999caa78d">
      <Execution id="11f66512-43a0-47b2-924e-dccdaf9265fa" />
      <TestMethod codeBase="C:\Users\Michal\Workspace\github\FluentValidation\src\FluentValidation.Tests\bin\Release\netcoreapp3.1\FluentValidation.Tests.dll" adapterTypeName="executor://xunit/VsTestRunner2" className="FluentValidation.Tests.RuleDependencyTests" name="TestAsyncWithDependentRules_AsyncEntry" />
    </UnitTest>
    <UnitTest name="FluentValidation.Tests.NotNullTester.When_the_validator_fails_the_error_message_should_be_set" storage="c:\users\michal\workspace\github\fluentvalidation\src\fluentvalidation.tests\bin\release\netcoreapp3.1\fluentvalidation.tests.dll" id="47ef25d5-681f-247c-aa20-90fc3ef7a094">
      <Execution id="f19ccf62-cb51-4193-8f6e-452529ced96d" />
      <TestMethod codeBase="C:\Users\Michal\Workspace\github\FluentValidation\src\FluentValidation.Tests\bin\Release\netcoreapp3.1\FluentValidation.Tests.dll" adapterTypeName="executor://xunit/VsTestRunner2" className="FluentValidation.Tests.NotNullTester" name="When_the_validator_fails_the_error_message_should_be_set" />
    </UnitTest>
    <UnitTest name="FluentValidation.Tests.ValidatorTesterTester.ShouldHaveValidationError_with_an_unmatched_rule_and_multiple_errors_should_throw_an_exception" storage="c:\users\michal\workspace\github\fluentvalidation\src\fluentvalidation.tests\bin\release\netcoreapp3.1\fluentvalidation.tests.dll" id="d8f4a598-8fd2-4b5a-073e-4019dd41ff74">
      <Execution id="c7dfb944-7679-4a23-9e69-c763f82197f1" />
      <TestMethod codeBase="C:\Users\Michal\Workspace\github\FluentValidation\src\FluentValidation.Tests\bin\Release\netcoreapp3.1\FluentValidation.Tests.dll" adapterTypeName="executor://xunit/VsTestRunner2" className="FluentValidation.Tests.ValidatorTesterTester" name="ShouldHaveValidationError_with_an_unmatched_rule_and_multiple_errors_should_throw_an_exception" />
    </UnitTest>
    <UnitTest name="FluentValidation.Tests.PropertyChainTests.Calling_ToString_should_construct_string_representation_of_chain" storage="c:\users\michal\workspace\github\fluentvalidation\src\fluentvalidation.tests\bin\release\netcoreapp3.1\fluentvalidation.tests.dll" id="584e7772-3662-4822-1c81-051d82d5bd20">
      <Execution id="616c5c86-dfc2-4c1a-88b3-5724722ae172" />
      <TestMethod codeBase="C:\Users\Michal\Workspace\github\FluentValidation\src\FluentValidation.Tests\bin\Release\netcoreapp3.1\FluentValidation.Tests.dll" adapterTypeName="executor://xunit/VsTestRunner2" className="FluentValidation.Tests.PropertyChainTests" name="Calling_ToString_should_construct_string_representation_of_chain" />
    </UnitTest>
    <UnitTest name="FluentValidation.Tests.AbstractValidatorTester.Default_error_code_should_be_class_name" storage="c:\users\michal\workspace\github\fluentvalidation\src\fluentvalidation.tests\bin\release\netcoreapp3.1\fluentvalidation.tests.dll" id="20cd9206-2df1-bec9-4fa9-33758ce35c74">
      <Execution id="8df5885f-42e1-435f-aa7f-a5a6fb06d9c2" />
      <TestMethod codeBase="C:\Users\Michal\Workspace\github\FluentValidation\src\FluentValidation.Tests\bin\Release\netcoreapp3.1\FluentValidation.Tests.dll" adapterTypeName="executor://xunit/VsTestRunner2" className="FluentValidation.Tests.AbstractValidatorTester" name="Default_error_code_should_be_class_name" />
    </UnitTest>
    <UnitTest name="FluentValidation.Tests.MemberAccessorTests.Equality" storage="c:\users\michal\workspace\github\fluentvalidation\src\fluentvalidation.tests\bin\release\netcoreapp3.1\fluentvalidation.tests.dll" id="0bd2836f-9833-438b-e9c6-57c45cef3a81">
      <Execution id="0d4dc78a-a808-401e-a300-445cb2e334c3" />
      <TestMethod codeBase="C:\Users\Michal\Workspace\github\FluentValidation\src\FluentValidation.Tests\bin\Release\netcoreapp3.1\FluentValidation.Tests.dll" adapterTypeName="executor://xunit/VsTestRunner2" className="FluentValidation.Tests.MemberAccessorTests" name="Equality" />
    </UnitTest>
    <UnitTest name="FluentValidation.Tests.AbstractValidatorTester.CanValidateInstancesOfType_returns_true_when_comparing_against_subclass" storage="c:\users\michal\workspace\github\fluentvalidation\src\fluentvalidation.tests\bin\release\netcoreapp3.1\fluentvalidation.tests.dll" id="6fd0d341-41e4-8c28-4fcd-4de7de910c2a">
      <Execution id="13d02b6d-fb50-418a-84c7-af9b0252d9f2" />
      <TestMethod codeBase="C:\Users\Michal\Workspace\github\FluentValidation\src\FluentValidation.Tests\bin\Release\netcoreapp3.1\FluentValidation.Tests.dll" adapterTypeName="executor://xunit/VsTestRunner2" className="FluentValidation.Tests.AbstractValidatorTester" name="CanValidateInstancesOfType_returns_true_when_comparing_against_subclass" />
    </UnitTest>
    <UnitTest name="FluentValidation.Tests.CollectionValidatorWithParentTests.Validates_collection" storage="c:\users\michal\workspace\github\fluentvalidation\src\fluentvalidation.tests\bin\release\netcoreapp3.1\fluentvalidation.tests.dll" id="1206569c-9c15-704a-da63-f7dc470c8564">
      <Execution id="7f3ebdb7-85fb-4e59-ba9d-f7fa07e5efdc" />
      <TestMethod codeBase="C:\Users\Michal\Workspace\github\FluentValidation\src\FluentValidation.Tests\bin\Release\netcoreapp3.1\FluentValidation.Tests.dll" adapterTypeName="executor://xunit/VsTestRunner2" className="FluentValidation.Tests.CollectionValidatorWithParentTests" name="Validates_collection" />
    </UnitTest>
    <UnitTest name="FluentValidation.Tests.ValidatorSelectorTests.Does_not_validate_other_property" storage="c:\users\michal\workspace\github\fluentvalidation\src\fluentvalidation.tests\bin\release\netcoreapp3.1\fluentvalidation.tests.dll" id="913af2f9-6d07-264e-5473-2229789da071">
      <Execution id="f8a1b61d-b88c-4afc-919e-3195ca6862fd" />
      <TestMethod codeBase="C:\Users\Michal\Workspace\github\FluentValidation\src\FluentValidation.Tests\bin\Release\netcoreapp3.1\FluentValidation.Tests.dll" adapterTypeName="executor://xunit/VsTestRunner2" className="FluentValidation.Tests.ValidatorSelectorTests" name="Does_not_validate_other_property" />
    </UnitTest>
    <UnitTest name="FluentValidation.Tests.RulesetTests.Includes_all_rulesets" storage="c:\users\michal\workspace\github\fluentvalidation\src\fluentvalidation.tests\bin\release\netcoreapp3.1\fluentvalidation.tests.dll" id="9b59dc51-c0ef-a2ed-d820-8bdb0ed0bb48">
      <Execution id="363cf31c-8bde-458f-9196-baab262ec77a" />
      <TestMethod codeBase="C:\Users\Michal\Workspace\github\FluentValidation\src\FluentValidation.Tests\bin\Release\netcoreapp3.1\FluentValidation.Tests.dll" adapterTypeName="executor://xunit/VsTestRunner2" className="FluentValidation.Tests.RulesetTests" name="Includes_all_rulesets" />
    </UnitTest>
    <UnitTest name="FluentValidation.Tests.ForEachRuleTests.Overrides_indexer_async" storage="c:\users\michal\workspace\github\fluentvalidation\src\fluentvalidation.tests\bin\release\netcoreapp3.1\fluentvalidation.tests.dll" id="327b9706-8d26-691a-dc95-5e140999606e">
      <Execution id="ebc22e3a-045d-45f6-852c-4ce6eb74c6dc" />
      <TestMethod codeBase="C:\Users\Michal\Workspace\github\FluentValidation\src\FluentValidation.Tests\bin\Release\netcoreapp3.1\FluentValidation.Tests.dll" adapterTypeName="executor://xunit/VsTestRunner2" className="FluentValidation.Tests.ForEachRuleTests" name="Overrides_indexer_async" />
    </UnitTest>
    <UnitTest name="FluentValidation.Tests.AbstractValidatorTester.Uses_named_parameters_to_validate_ruleset" storage="c:\users\michal\workspace\github\fluentvalidation\src\fluentvalidation.tests\bin\release\netcoreapp3.1\fluentvalidation.tests.dll" id="e59387f0-4b70-41ba-4919-1f5198a5f855">
      <Execution id="7a26ca02-6e11-40dd-8aff-82796e3ff030" />
      <TestMethod codeBase="C:\Users\Michal\Workspace\github\FluentValidation\src\FluentValidation.Tests\bin\Release\netcoreapp3.1\FluentValidation.Tests.dll" adapterTypeName="executor://xunit/VsTestRunner2" className="FluentValidation.Tests.AbstractValidatorTester" name="Uses_named_parameters_to_validate_ruleset" />
    </UnitTest>
    <UnitTest name="FluentValidation.Tests.ValidationResultTests.Can_serialize_result" storage="c:\users\michal\workspace\github\fluentvalidation\src\fluentvalidation.tests\bin\release\netcoreapp3.1\fluentvalidation.tests.dll" id="95668abe-8376-48e1-67bf-74cac39cb21b">
      <Execution id="4329a892-6823-4889-ac13-efce53fbd153" />
      <TestMethod codeBase="C:\Users\Michal\Workspace\github\FluentValidation\src\FluentValidation.Tests\bin\Release\netcoreapp3.1\FluentValidation.Tests.dll" adapterTypeName="executor://xunit/VsTestRunner2" className="FluentValidation.Tests.ValidationResultTests" name="Can_serialize_result" />
    </UnitTest>
    <UnitTest name="FluentValidation.Tests.CollectionValidatorWithParentTests.Creates_validator_using_context_from_property_value" storage="c:\users\michal\workspace\github\fluentvalidation\src\fluentvalidation.tests\bin\release\netcoreapp3.1\fluentvalidation.tests.dll" id="bf6305f8-658f-61e0-8079-964bcd1883aa">
      <Execution id="812d106e-1b1d-47fb-80d2-b916d5297b8b" />
      <TestMethod codeBase="C:\Users\Michal\Workspace\github\FluentValidation\src\FluentValidation.Tests\bin\Release\netcoreapp3.1\FluentValidation.Tests.dll" adapterTypeName="executor://xunit/VsTestRunner2" className="FluentValidation.Tests.CollectionValidatorWithParentTests" name="Creates_validator_using_context_from_property_value" />
    </UnitTest>
    <UnitTest name="FluentValidation.Tests.CascadingFailuresTester.Validation_continues_to_second_validator_when_first_validator_succeeds_and_cascade_set_to_stop_async_legacy" storage="c:\users\michal\workspace\github\fluentvalidation\src\fluentvalidation.tests\bin\release\netcoreapp3.1\fluentvalidation.tests.dll" id="7cc54eeb-fcb9-774f-96d8-7555855db6e6">
      <Execution id="1eedf589-c393-4077-92d9-7141a799e6e2" />
      <TestMethod codeBase="C:\Users\Michal\Workspace\github\FluentValidation\src\FluentValidation.Tests\bin\Release\netcoreapp3.1\FluentValidation.Tests.dll" adapterTypeName="executor://xunit/VsTestRunner2" className="FluentValidation.Tests.CascadingFailuresTester" name="Validation_continues_to_second_validator_when_first_validator_succeeds_and_cascade_set_to_stop_async_legacy" />
    </UnitTest>
    <UnitTest name="FluentValidation.Tests.PredicateValidatorTester.Should_throw_when_predicate_is_null" storage="c:\users\michal\workspace\github\fluentvalidation\src\fluentvalidation.tests\bin\release\netcoreapp3.1\fluentvalidation.tests.dll" id="a3f9f7ed-6a32-56b7-3d81-710df6b482f5">
      <Execution id="ed32e89d-bab9-4978-8dba-6ae4db8f50a4" />
      <TestMethod codeBase="C:\Users\Michal\Workspace\github\FluentValidation\src\FluentValidation.Tests\bin\Release\netcoreapp3.1\FluentValidation.Tests.dll" adapterTypeName="executor://xunit/VsTestRunner2" className="FluentValidation.Tests.PredicateValidatorTester" name="Should_throw_when_predicate_is_null" />
    </UnitTest>
    <UnitTest name="FluentValidation.Tests.CascadingFailuresTester.Validation_stops_on_first_failure_when_set_to_StopOnFirstFailure_at_validator_level_legacy" storage="c:\users\michal\workspace\github\fluentvalidation\src\fluentvalidation.tests\bin\release\netcoreapp3.1\fluentvalidation.tests.dll" id="028d93f2-dd80-7f26-5a1a-b4fa8dfa3275">
      <Execution id="e94d731d-b709-41a0-9af3-fee92965ec94" />
      <TestMethod codeBase="C:\Users\Michal\Workspace\github\FluentValidation\src\FluentValidation.Tests\bin\Release\netcoreapp3.1\FluentValidation.Tests.dll" adapterTypeName="executor://xunit/VsTestRunner2" className="FluentValidation.Tests.CascadingFailuresTester" name="Validation_stops_on_first_failure_when_set_to_StopOnFirstFailure_at_validator_level_legacy" />
    </UnitTest>
    <UnitTest name="FluentValidation.Tests.EmptyTester.When_there_is_a_value_then_the_validator_should_fail" storage="c:\users\michal\workspace\github\fluentvalidation\src\fluentvalidation.tests\bin\release\netcoreapp3.1\fluentvalidation.tests.dll" id="faad2960-0b75-53c7-a2d9-4d7a3fe2e530">
      <Execution id="1dfb1509-6da8-4270-8e87-b372a5dbd744" />
      <TestMethod codeBase="C:\Users\Michal\Workspace\github\FluentValidation\src\FluentValidation.Tests\bin\Release\netcoreapp3.1\FluentValidation.Tests.dll" adapterTypeName="executor://xunit/VsTestRunner2" className="FluentValidation.Tests.EmptyTester" name="When_there_is_a_value_then_the_validator_should_fail" />
    </UnitTest>
    <UnitTest name="FluentValidation.Tests.ScalePrecisionValidatorTests.Scale_precision_should_not_be_valid_when_ignoring_trailing_zeroes" storage="c:\users\michal\workspace\github\fluentvalidation\src\fluentvalidation.tests\bin\release\netcoreapp3.1\fluentvalidation.tests.dll" id="9f757737-a35f-b892-7d22-8cde65fe9fe4">
      <Execution id="fdefdc99-8cc9-4a5f-aa4d-b446c5d6bde2" />
      <TestMethod codeBase="C:\Users\Michal\Workspace\github\FluentValidation\src\FluentValidation.Tests\bin\Release\netcoreapp3.1\FluentValidation.Tests.dll" adapterTypeName="executor://xunit/VsTestRunner2" className="FluentValidation.Tests.ScalePrecisionValidatorTests" name="Scale_precision_should_not_be_valid_when_ignoring_trailing_zeroes" />
    </UnitTest>
    <UnitTest name="FluentValidation.Tests.AbstractValidatorTester.Can_replace_default_errorcode_resolver" storage="c:\users\michal\workspace\github\fluentvalidation\src\fluentvalidation.tests\bin\release\netcoreapp3.1\fluentvalidation.tests.dll" id="6f6f09e2-fd18-47f2-bd02-89f6b7811290">
      <Execution id="00b3536e-bb55-4da6-b8fc-b7616487ee73" />
      <TestMethod codeBase="C:\Users\Michal\Workspace\github\FluentValidation\src\FluentValidation.Tests\bin\Release\netcoreapp3.1\FluentValidation.Tests.dll" adapterTypeName="executor://xunit/VsTestRunner2" className="FluentValidation.Tests.AbstractValidatorTester" name="Can_replace_default_errorcode_resolver" />
    </UnitTest>
    <UnitTest name="FluentValidation.Tests.SharedConditionTests.Executes_custom_rule_when_condition_true" storage="c:\users\michal\workspace\github\fluentvalidation\src\fluentvalidation.tests\bin\release\netcoreapp3.1\fluentvalidation.tests.dll" id="451754a1-fc4b-5d6a-ea88-d5359566a2cd">
      <Execution id="b3aa2883-c1c6-446d-a778-1fd9356a9a31" />
      <TestMethod codeBase="C:\Users\Michal\Workspace\github\FluentValidation\src\FluentValidation.Tests\bin\Release\netcoreapp3.1\FluentValidation.Tests.dll" adapterTypeName="executor://xunit/VsTestRunner2" className="FluentValidation.Tests.SharedConditionTests" name="Executes_custom_rule_when_condition_true" />
    </UnitTest>
    <UnitTest name="FluentValidation.Tests.InclusiveBetweenValidatorTests.When_the_value_is_exactly_the_size_of_the_lower_bound_then_the_validator_should_pass_for_strings" storage="c:\users\michal\workspace\github\fluentvalidation\src\fluentvalidation.tests\bin\release\netcoreapp3.1\fluentvalidation.tests.dll" id="048cabe8-9e3b-eebd-956f-c3b4a8ed99d1">
      <Execution id="1792789a-562a-4ece-8005-f8ad2f87419c" />
      <TestMethod codeBase="C:\Users\Michal\Workspace\github\FluentValidation\src\FluentValidation.Tests\bin\Release\netcoreapp3.1\FluentValidation.Tests.dll" adapterTypeName="executor://xunit/VsTestRunner2" className="FluentValidation.Tests.InclusiveBetweenValidatorTests" name="When_the_value_is_exactly_the_size_of_the_lower_bound_then_the_validator_should_pass_for_strings" />
    </UnitTest>
    <UnitTest name="FluentValidation.Tests.SharedConditionTests.Shared_When_is_applied_to_groupd_rules_when_initial_predicate_is_true_and_all_individual_rules_are_satisfied" storage="c:\users\michal\workspace\github\fluentvalidation\src\fluentvalidation.tests\bin\release\netcoreapp3.1\fluentvalidation.tests.dll" id="7d20f594-1687-7484-0c7b-fc5c9299b242">
      <Execution id="ac19ac0d-0509-4aab-a896-cf394c3fb0cb" />
      <TestMethod codeBase="C:\Users\Michal\Workspace\github\FluentValidation\src\FluentValidation.Tests\bin\Release\netcoreapp3.1\FluentValidation.Tests.dll" adapterTypeName="executor://xunit/VsTestRunner2" className="FluentValidation.Tests.SharedConditionTests" name="Shared_When_is_applied_to_groupd_rules_when_initial_predicate_is_true_and_all_individual_rules_are_satisfied" />
    </UnitTest>
    <UnitTest name="FluentValidation.Tests.MessageFormatterTests.Adds_value_to_message" storage="c:\users\michal\workspace\github\fluentvalidation\src\fluentvalidation.tests\bin\release\netcoreapp3.1\fluentvalidation.tests.dll" id="ccc740f3-dae4-ae33-8c9f-1ef65c6ece1d">
      <Execution id="8d244d64-0974-4bd9-8c54-756730ee7268" />
      <TestMethod codeBase="C:\Users\Michal\Workspace\github\FluentValidation\src\FluentValidation.Tests\bin\Release\netcoreapp3.1\FluentValidation.Tests.dll" adapterTypeName="executor://xunit/VsTestRunner2" className="FluentValidation.Tests.MessageFormatterTests" name="Adds_value_to_message" />
    </UnitTest>
    <UnitTest name="FluentValidation.Tests.GreaterThanValidatorTester.Validates_with_nullable_property" storage="c:\users\michal\workspace\github\fluentvalidation\src\fluentvalidation.tests\bin\release\netcoreapp3.1\fluentvalidation.tests.dll" id="5433bea7-f313-6c85-978a-b60818f0762d">
      <Execution id="d21645dc-4dcb-4db9-9cc4-a19e07ab680d" />
      <TestMethod codeBase="C:\Users\Michal\Workspace\github\FluentValidation\src\FluentValidation.Tests\bin\Release\netcoreapp3.1\FluentValidation.Tests.dll" adapterTypeName="executor://xunit/VsTestRunner2" className="FluentValidation.Tests.GreaterThanValidatorTester" name="Validates_with_nullable_property" />
    </UnitTest>
    <UnitTest name="FluentValidation.Tests.ForEachRuleTests.When_runs_outside_RuleForEach_loop" storage="c:\users\michal\workspace\github\fluentvalidation\src\fluentvalidation.tests\bin\release\netcoreapp3.1\fluentvalidation.tests.dll" id="81bd6862-604a-8f04-b514-59cfadde0387">
      <Execution id="f7960a40-4d74-4f99-942a-38d1ccef46eb" />
      <TestMethod codeBase="C:\Users\Michal\Workspace\github\FluentValidation\src\FluentValidation.Tests\bin\Release\netcoreapp3.1\FluentValidation.Tests.dll" adapterTypeName="executor://xunit/VsTestRunner2" className="FluentValidation.Tests.ForEachRuleTests" name="When_runs_outside_RuleForEach_loop" />
    </UnitTest>
    <UnitTest name="FluentValidation.Tests.LessThanValidatorTester.Validates_with_nullable_when_property_not_null" storage="c:\users\michal\workspace\github\fluentvalidation\src\fluentvalidation.tests\bin\release\netcoreapp3.1\fluentvalidation.tests.dll" id="395ed2ad-e745-0b73-5c7f-0085d138e0cf">
      <Execution id="41c872da-f386-45e2-810d-258c56fae0a3" />
      <TestMethod codeBase="C:\Users\Michal\Workspace\github\FluentValidation\src\FluentValidation.Tests\bin\Release\netcoreapp3.1\FluentValidation.Tests.dll" adapterTypeName="executor://xunit/VsTestRunner2" className="FluentValidation.Tests.LessThanValidatorTester" name="Validates_with_nullable_when_property_not_null" />
    </UnitTest>
    <UnitTest name="FluentValidation.Tests.SharedConditionTests.Executes_custom_rule_when_async_condition_true" storage="c:\users\michal\workspace\github\fluentvalidation\src\fluentvalidation.tests\bin\release\netcoreapp3.1\fluentvalidation.tests.dll" id="06c110c7-8d34-9ed3-56ce-d15b84bd80f8">
      <Execution id="e68a1588-e249-4ffa-b4b1-37d813b616b7" />
      <TestMethod codeBase="C:\Users\Michal\Workspace\github\FluentValidation\src\FluentValidation.Tests\bin\Release\netcoreapp3.1\FluentValidation.Tests.dll" adapterTypeName="executor://xunit/VsTestRunner2" className="FluentValidation.Tests.SharedConditionTests" name="Executes_custom_rule_when_async_condition_true" />
    </UnitTest>
    <UnitTest name="FluentValidation.Tests.PropertyChainTests.AddIndexer_throws_when_nothing_added" storage="c:\users\michal\workspace\github\fluentvalidation\src\fluentvalidation.tests\bin\release\netcoreapp3.1\fluentvalidation.tests.dll" id="ba73dcd3-8243-f3f4-581f-58accd12573b">
      <Execution id="ea1ae636-7ea6-4103-b71d-0e4b27791472" />
      <TestMethod codeBase="C:\Users\Michal\Workspace\github\FluentValidation\src\FluentValidation.Tests\bin\Release\netcoreapp3.1\FluentValidation.Tests.dll" adapterTypeName="executor://xunit/VsTestRunner2" className="FluentValidation.Tests.PropertyChainTests" name="AddIndexer_throws_when_nothing_added" />
    </UnitTest>
    <UnitTest name="FluentValidation.Tests.ValidatorDescriptorTester.Does_not_throw_when_rule_declared_without_property" storage="c:\users\michal\workspace\github\fluentvalidation\src\fluentvalidation.tests\bin\release\netcoreapp3.1\fluentvalidation.tests.dll" id="a42c1899-00ae-b158-e33f-6ed8a40870bd">
      <Execution id="8df192dd-de39-4154-9d50-e4c64c5280f9" />
      <TestMethod codeBase="C:\Users\Michal\Workspace\github\FluentValidation\src\FluentValidation.Tests\bin\Release\netcoreapp3.1\FluentValidation.Tests.dll" adapterTypeName="executor://xunit/VsTestRunner2" className="FluentValidation.Tests.ValidatorDescriptorTester" name="Does_not_throw_when_rule_declared_without_property" />
    </UnitTest>
    <UnitTest name="FluentValidation.Tests.RegularExpressionValidatorTests.When_the_text_is_null_then_the_validator_should_pass" storage="c:\users\michal\workspace\github\fluentvalidation\src\fluentvalidation.tests\bin\release\netcoreapp3.1\fluentvalidation.tests.dll" id="39dfb668-7b48-9987-03c8-af09cf0549fc">
      <Execution id="c0cd0f3a-2701-49bf-be9d-5f66e9431279" />
      <TestMethod codeBase="C:\Users\Michal\Workspace\github\FluentValidation\src\FluentValidation.Tests\bin\Release\netcoreapp3.1\FluentValidation.Tests.dll" adapterTypeName="executor://xunit/VsTestRunner2" className="FluentValidation.Tests.RegularExpressionValidatorTests" name="When_the_text_is_null_then_the_validator_should_pass" />
    </UnitTest>
    <UnitTest name="FluentValidation.Tests.InclusiveBetweenValidatorTests.When_the_text_is_larger_than_the_range_then_the_validator_should_fail_for_strings" storage="c:\users\michal\workspace\github\fluentvalidation\src\fluentvalidation.tests\bin\release\netcoreapp3.1\fluentvalidation.tests.dll" id="1d5be793-b268-02d5-fe14-d5a0cf4a1970">
      <Execution id="c778d96e-fa21-4f6a-a4ae-074608043338" />
      <TestMethod codeBase="C:\Users\Michal\Workspace\github\FluentValidation\src\FluentValidation.Tests\bin\Release\netcoreapp3.1\FluentValidation.Tests.dll" adapterTypeName="executor://xunit/VsTestRunner2" className="FluentValidation.Tests.InclusiveBetweenValidatorTests" name="When_the_text_is_larger_than_the_range_then_the_validator_should_fail_for_strings" />
    </UnitTest>
    <UnitTest name="FluentValidation.Tests.CascadingFailuresTester.Validation_stops_on_first_Failure_when_set_to_Continue_globally_and_overriden_at_rule_level_and_async_validator_is_invoked_synchronously" storage="c:\users\michal\workspace\github\fluentvalidation\src\fluentvalidation.tests\bin\release\netcoreapp3.1\fluentvalidation.tests.dll" id="4b38c006-21ae-ca8d-1d17-b44962f922d4">
      <Execution id="f4d87802-e6ca-49c3-b8cc-6ade2a1a84ff" />
      <TestMethod codeBase="C:\Users\Michal\Workspace\github\FluentValidation\src\FluentValidation.Tests\bin\Release\netcoreapp3.1\FluentValidation.Tests.dll" adapterTypeName="executor://xunit/VsTestRunner2" className="FluentValidation.Tests.CascadingFailuresTester" name="Validation_stops_on_first_Failure_when_set_to_Continue_globally_and_overriden_at_rule_level_and_async_validator_is_invoked_synchronously" />
    </UnitTest>
    <UnitTest name="FluentValidation.Tests.LessThanValidatorTester.Validates_with_nullable_when_property_not_null_cross_property" storage="c:\users\michal\workspace\github\fluentvalidation\src\fluentvalidation.tests\bin\release\netcoreapp3.1\fluentvalidation.tests.dll" id="2fbcad18-5efd-683d-2147-a2cfc0047f86">
      <Execution id="ffc1984c-7130-425e-adcd-cd0162602694" />
      <TestMethod codeBase="C:\Users\Michal\Workspace\github\FluentValidation\src\FluentValidation.Tests\bin\Release\netcoreapp3.1\FluentValidation.Tests.dll" adapterTypeName="executor://xunit/VsTestRunner2" className="FluentValidation.Tests.LessThanValidatorTester" name="Validates_with_nullable_when_property_not_null_cross_property" />
    </UnitTest>
    <UnitTest name="FluentValidation.Tests.DefaultValidatorExtensionTester.GreaterThanOrEqual_should_create_GreaterThanOrEqualValidator_with_lambda" storage="c:\users\michal\workspace\github\fluentvalidation\src\fluentvalidation.tests\bin\release\netcoreapp3.1\fluentvalidation.tests.dll" id="c9f00ab3-e7ee-19c9-64fc-c0c42d336c4e">
      <Execution id="9ba012e7-78ec-420c-a300-51460faed6b7" />
      <TestMethod codeBase="C:\Users\Michal\Workspace\github\FluentValidation\src\FluentValidation.Tests\bin\Release\netcoreapp3.1\FluentValidation.Tests.dll" adapterTypeName="executor://xunit/VsTestRunner2" className="FluentValidation.Tests.DefaultValidatorExtensionTester" name="GreaterThanOrEqual_should_create_GreaterThanOrEqualValidator_with_lambda" />
    </UnitTest>
    <UnitTest name="FluentValidation.Tests.LessThanOrEqualToValidatorTester.Should_succeed_when_equal_to_input" storage="c:\users\michal\workspace\github\fluentvalidation\src\fluentvalidation.tests\bin\release\netcoreapp3.1\fluentvalidation.tests.dll" id="00983d7b-a5f3-0398-2fd1-c1d1aeadc559">
      <Execution id="516c520a-1fb0-41e5-8c12-67143fb05430" />
      <TestMethod codeBase="C:\Users\Michal\Workspace\github\FluentValidation\src\FluentValidation.Tests\bin\Release\netcoreapp3.1\FluentValidation.Tests.dll" adapterTypeName="executor://xunit/VsTestRunner2" className="FluentValidation.Tests.LessThanOrEqualToValidatorTester" name="Should_succeed_when_equal_to_input" />
    </UnitTest>
    <UnitTest name="FluentValidation.Tests.SharedConditionTests.Doesnt_throw_NullReferenceException_when_instance_not_null" storage="c:\users\michal\workspace\github\fluentvalidation\src\fluentvalidation.tests\bin\release\netcoreapp3.1\fluentvalidation.tests.dll" id="151dde0f-7514-7f92-fec7-069dea141ec1">
      <Execution id="d28fc990-3b9c-4e9a-974e-9d9969117f98" />
      <TestMethod codeBase="C:\Users\Michal\Workspace\github\FluentValidation\src\FluentValidation.Tests\bin\Release\netcoreapp3.1\FluentValidation.Tests.dll" adapterTypeName="executor://xunit/VsTestRunner2" className="FluentValidation.Tests.SharedConditionTests" name="Doesnt_throw_NullReferenceException_when_instance_not_null" />
    </UnitTest>
    <UnitTest name="FluentValidation.Tests.UserSeverityTester.Can_Provide_conditional_severity" storage="c:\users\michal\workspace\github\fluentvalidation\src\fluentvalidation.tests\bin\release\netcoreapp3.1\fluentvalidation.tests.dll" id="d06a5167-37cc-69dc-dd24-aeca95bcc563">
      <Execution id="81d012bb-a520-4ea5-a411-2b6413eb0177" />
      <TestMethod codeBase="C:\Users\Michal\Workspace\github\FluentValidation\src\FluentValidation.Tests\bin\Release\netcoreapp3.1\FluentValidation.Tests.dll" adapterTypeName="executor://xunit/VsTestRunner2" className="FluentValidation.Tests.UserSeverityTester" name="Can_Provide_conditional_severity" />
    </UnitTest>
    <UnitTest name="FluentValidation.Tests.ConditionTests.Validation_should_fail_when_async_condition_matches" storage="c:\users\michal\workspace\github\fluentvalidation\src\fluentvalidation.tests\bin\release\netcoreapp3.1\fluentvalidation.tests.dll" id="2be66559-49f9-a064-16ef-cd41bbefd89a">
      <Execution id="6a4f65b9-6711-4b73-b19b-b3623e2e8a82" />
      <TestMethod codeBase="C:\Users\Michal\Workspace\github\FluentValidation\src\FluentValidation.Tests\bin\Release\netcoreapp3.1\FluentValidation.Tests.dll" adapterTypeName="executor://xunit/VsTestRunner2" className="FluentValidation.Tests.ConditionTests" name="Validation_should_fail_when_async_condition_matches" />
    </UnitTest>
    <UnitTest name="FluentValidation.Tests.RuleDependencyTests.TestAsyncWithDependentRules_SyncEntry" storage="c:\users\michal\workspace\github\fluentvalidation\src\fluentvalidation.tests\bin\release\netcoreapp3.1\fluentvalidation.tests.dll" id="18a4ce1b-56cd-a2b9-7bba-1352b51581bf">
      <Execution id="581b6fd7-2c5f-4c5e-b95a-24bf10e36793" />
      <TestMethod codeBase="C:\Users\Michal\Workspace\github\FluentValidation\src\FluentValidation.Tests\bin\Release\netcoreapp3.1\FluentValidation.Tests.dll" adapterTypeName="executor://xunit/VsTestRunner2" className="FluentValidation.Tests.RuleDependencyTests" name="TestAsyncWithDependentRules_SyncEntry" />
    </UnitTest>
    <UnitTest name="FluentValidation.Tests.ValidateAndThrowTester.Does_not_throw_when_valid" storage="c:\users\michal\workspace\github\fluentvalidation\src\fluentvalidation.tests\bin\release\netcoreapp3.1\fluentvalidation.tests.dll" id="ccb3d29a-e5d6-1b7e-bccb-10c0031ee086">
      <Execution id="a2d57e9b-a6de-4b90-a939-bf09d9a40eb4" />
      <TestMethod codeBase="C:\Users\Michal\Workspace\github\FluentValidation\src\FluentValidation.Tests\bin\Release\netcoreapp3.1\FluentValidation.Tests.dll" adapterTypeName="executor://xunit/VsTestRunner2" className="FluentValidation.Tests.ValidateAndThrowTester" name="Does_not_throw_when_valid" />
    </UnitTest>
    <UnitTest name="FluentValidation.Tests.RulesetTests.Executes_rules_in_default_ruleset_and_specific_ruleset" storage="c:\users\michal\workspace\github\fluentvalidation\src\fluentvalidation.tests\bin\release\netcoreapp3.1\fluentvalidation.tests.dll" id="8ec3b8ab-3f5f-60ea-9a0b-c57f0efc2333">
      <Execution id="dccb7255-6756-4cbb-bb73-34f02c94b271" />
      <TestMethod codeBase="C:\Users\Michal\Workspace\github\FluentValidation\src\FluentValidation.Tests\bin\Release\netcoreapp3.1\FluentValidation.Tests.dll" adapterTypeName="executor://xunit/VsTestRunner2" className="FluentValidation.Tests.RulesetTests" name="Executes_rules_in_default_ruleset_and_specific_ruleset" />
    </UnitTest>
    <UnitTest name="FluentValidation.Tests.ForEachRuleTests.Should_override_property_name" storage="c:\users\michal\workspace\github\fluentvalidation\src\fluentvalidation.tests\bin\release\netcoreapp3.1\fluentvalidation.tests.dll" id="6ff32b89-4225-ea94-426d-4f9e2268e877">
      <Execution id="ca453a36-bacb-4ca4-9133-2d6b3cf1a643" />
      <TestMethod codeBase="C:\Users\Michal\Workspace\github\FluentValidation\src\FluentValidation.Tests\bin\Release\netcoreapp3.1\FluentValidation.Tests.dll" adapterTypeName="executor://xunit/VsTestRunner2" className="FluentValidation.Tests.ForEachRuleTests" name="Should_override_property_name" />
    </UnitTest>
    <UnitTest name="FluentValidation.Tests.LocalisedMessagesTester.Uses_func_to_get_message" storage="c:\users\michal\workspace\github\fluentvalidation\src\fluentvalidation.tests\bin\release\netcoreapp3.1\fluentvalidation.tests.dll" id="c2872500-36f3-585f-b26d-b463d6926843">
      <Execution id="2c96ccc3-1926-4dee-91df-bcd8c8b7e61b" />
      <TestMethod codeBase="C:\Users\Michal\Workspace\github\FluentValidation\src\FluentValidation.Tests\bin\Release\netcoreapp3.1\FluentValidation.Tests.dll" adapterTypeName="executor://xunit/VsTestRunner2" className="FluentValidation.Tests.LocalisedMessagesTester" name="Uses_func_to_get_message" />
    </UnitTest>
    <UnitTest name="FluentValidation.Tests.OnFailureTests.WhenWithOnFailure_should_invoke_condition_on_inner_validator" storage="c:\users\michal\workspace\github\fluentvalidation\src\fluentvalidation.tests\bin\release\netcoreapp3.1\fluentvalidation.tests.dll" id="8462a483-f059-2008-300f-0804ef64aa8e">
      <Execution id="deda337d-0b60-4aee-acad-775a6874dba7" />
      <TestMethod codeBase="C:\Users\Michal\Workspace\github\FluentValidation\src\FluentValidation.Tests\bin\Release\netcoreapp3.1\FluentValidation.Tests.dll" adapterTypeName="executor://xunit/VsTestRunner2" className="FluentValidation.Tests.OnFailureTests" name="WhenWithOnFailure_should_invoke_condition_on_inner_validator" />
    </UnitTest>
    <UnitTest name="FluentValidation.Tests.PredicateValidatorTester.Should_succeed_when_predicate_returns_true" storage="c:\users\michal\workspace\github\fluentvalidation\src\fluentvalidation.tests\bin\release\netcoreapp3.1\fluentvalidation.tests.dll" id="605454ca-7675-87fe-a3d3-3d2fdd68fa89">
      <Execution id="ab2824d1-6042-41f1-8d6d-30a835634489" />
      <TestMethod codeBase="C:\Users\Michal\Workspace\github\FluentValidation\src\FluentValidation.Tests\bin\Release\netcoreapp3.1\FluentValidation.Tests.dll" adapterTypeName="executor://xunit/VsTestRunner2" className="FluentValidation.Tests.PredicateValidatorTester" name="Should_succeed_when_predicate_returns_true" />
    </UnitTest>
    <UnitTest name="FluentValidation.Tests.EmailValidatorTests.Valid_email_addresses_aspnetcore_compatible" storage="c:\users\michal\workspace\github\fluentvalidation\src\fluentvalidation.tests\bin\release\netcoreapp3.1\fluentvalidation.tests.dll" id="9356db21-add3-51c6-7097-4ea51a559a3f">
      <Execution id="b9b08fb1-a3ea-403e-adb3-d2cad6334574" />
      <TestMethod codeBase="C:\Users\Michal\Workspace\github\FluentValidation\src\FluentValidation.Tests\bin\Release\netcoreapp3.1\FluentValidation.Tests.dll" adapterTypeName="executor://xunit/VsTestRunner2" className="FluentValidation.Tests.EmailValidatorTests" name="Valid_email_addresses_aspnetcore_compatible" />
    </UnitTest>
    <UnitTest name="FluentValidation.Tests.CascadingFailuresTester.Validation_stops_on_failure_when_set_to_Continue_and_overriden_at_rule_level_async_legacy" storage="c:\users\michal\workspace\github\fluentvalidation\src\fluentvalidation.tests\bin\release\netcoreapp3.1\fluentvalidation.tests.dll" id="6e6daefb-f3f6-9f27-e277-1ccfe627d14b">
      <Execution id="6a72b6b8-99b7-4e5b-99b6-ece9ba0d75a3" />
      <TestMethod codeBase="C:\Users\Michal\Workspace\github\FluentValidation\src\FluentValidation.Tests\bin\Release\netcoreapp3.1\FluentValidation.Tests.dll" adapterTypeName="executor://xunit/VsTestRunner2" className="FluentValidation.Tests.CascadingFailuresTester" name="Validation_stops_on_failure_when_set_to_Continue_and_overriden_at_rule_level_async_legacy" />
    </UnitTest>
    <UnitTest name="FluentValidation.Tests.RuleBuilderTests.Should_set_custom_property_name" storage="c:\users\michal\workspace\github\fluentvalidation\src\fluentvalidation.tests\bin\release\netcoreapp3.1\fluentvalidation.tests.dll" id="2930734b-be54-52ed-0416-9a8df308cbc6">
      <Execution id="cd72e6bb-290a-429e-bbe5-ae348b20c23a" />
      <TestMethod codeBase="C:\Users\Michal\Workspace\github\FluentValidation\src\FluentValidation.Tests\bin\Release\netcoreapp3.1\FluentValidation.Tests.dll" adapterTypeName="executor://xunit/VsTestRunner2" className="FluentValidation.Tests.RuleBuilderTests" name="Should_set_custom_property_name" />
    </UnitTest>
    <UnitTest name="FluentValidation.Tests.DefaultValidatorExtensionTester.LessThanOrEqual_should_create_LessThanOrEqualValidator_with_lambda" storage="c:\users\michal\workspace\github\fluentvalidation\src\fluentvalidation.tests\bin\release\netcoreapp3.1\fluentvalidation.tests.dll" id="58355cf6-55c3-8796-08c3-305af76314d0">
      <Execution id="824ee998-7124-4a17-8580-284142f1cff8" />
      <TestMethod codeBase="C:\Users\Michal\Workspace\github\FluentValidation\src\FluentValidation.Tests\bin\Release\netcoreapp3.1\FluentValidation.Tests.dll" adapterTypeName="executor://xunit/VsTestRunner2" className="FluentValidation.Tests.DefaultValidatorExtensionTester" name="LessThanOrEqual_should_create_LessThanOrEqualValidator_with_lambda" />
    </UnitTest>
    <UnitTest name="FluentValidation.Tests.ConditionTests.Async_condition_executed_synchronosuly_with_synchronous_collection_role" storage="c:\users\michal\workspace\github\fluentvalidation\src\fluentvalidation.tests\bin\release\netcoreapp3.1\fluentvalidation.tests.dll" id="54950033-ced7-ac5d-964a-7d8f0172e702">
      <Execution id="f48195d7-fbb8-4ea0-be47-6d8debc0cc0f" />
      <TestMethod codeBase="C:\Users\Michal\Workspace\github\FluentValidation\src\FluentValidation.Tests\bin\Release\netcoreapp3.1\FluentValidation.Tests.dll" adapterTypeName="executor://xunit/VsTestRunner2" className="FluentValidation.Tests.ConditionTests" name="Async_condition_executed_synchronosuly_with_synchronous_collection_role" />
    </UnitTest>
    <UnitTest name="FluentValidation.Tests.ValidatorDescriptorTester.Should_retrieve_name_given_to_it_pass_property_as_string" storage="c:\users\michal\workspace\github\fluentvalidation\src\fluentvalidation.tests\bin\release\netcoreapp3.1\fluentvalidation.tests.dll" id="61572c82-af72-7b0c-455c-436e6a841d9b">
      <Execution id="b60ba382-deb1-4910-a5ad-a38547e4f247" />
      <TestMethod codeBase="C:\Users\Michal\Workspace\github\FluentValidation\src\FluentValidation.Tests\bin\Release\netcoreapp3.1\FluentValidation.Tests.dll" adapterTypeName="executor://xunit/VsTestRunner2" className="FluentValidation.Tests.ValidatorDescriptorTester" name="Should_retrieve_name_given_to_it_pass_property_as_string" />
    </UnitTest>
    <UnitTest name="FluentValidation.Tests.ValidateAndThrowTester.Throws_exception_async" storage="c:\users\michal\workspace\github\fluentvalidation\src\fluentvalidation.tests\bin\release\netcoreapp3.1\fluentvalidation.tests.dll" id="861401a4-caa0-b78c-8c17-80353a2212ad">
      <Execution id="db9e2c68-c884-4dde-b1dd-6165a5d2f0ab" />
      <TestMethod codeBase="C:\Users\Michal\Workspace\github\FluentValidation\src\FluentValidation.Tests\bin\Release\netcoreapp3.1\FluentValidation.Tests.dll" adapterTypeName="executor://xunit/VsTestRunner2" className="FluentValidation.Tests.ValidateAndThrowTester" name="Throws_exception_async" />
    </UnitTest>
    <UnitTest name="FluentValidation.Tests.NotEqualValidatorTests.Comparison_property_uses_custom_resolver" storage="c:\users\michal\workspace\github\fluentvalidation\src\fluentvalidation.tests\bin\release\netcoreapp3.1\fluentvalidation.tests.dll" id="99e63718-0fc9-1f7e-1536-b201f2499209">
      <Execution id="33b8aa8f-2ba4-4a91-97ec-2024744dd918" />
      <TestMethod codeBase="C:\Users\Michal\Workspace\github\FluentValidation\src\FluentValidation.Tests\bin\Release\netcoreapp3.1\FluentValidation.Tests.dll" adapterTypeName="executor://xunit/VsTestRunner2" className="FluentValidation.Tests.NotEqualValidatorTests" name="Comparison_property_uses_custom_resolver" />
    </UnitTest>
    <UnitTest name="FluentValidation.Tests.ConditionTests.Async_condition_is_applied_to_all_validators_in_the_chain_when_executed_synchronously" storage="c:\users\michal\workspace\github\fluentvalidation\src\fluentvalidation.tests\bin\release\netcoreapp3.1\fluentvalidation.tests.dll" id="445ee5b0-fe0c-9d99-0d4f-2bbe01045956">
      <Execution id="61cac8bc-08d4-4329-9d90-6e6b5a9c2940" />
      <TestMethod codeBase="C:\Users\Michal\Workspace\github\FluentValidation\src\FluentValidation.Tests\bin\Release\netcoreapp3.1\FluentValidation.Tests.dll" adapterTypeName="executor://xunit/VsTestRunner2" className="FluentValidation.Tests.ConditionTests" name="Async_condition_is_applied_to_all_validators_in_the_chain_when_executed_synchronously" />
    </UnitTest>
    <UnitTest name="FluentValidation.Tests.InclusiveBetweenValidatorTests.When_the_validator_fails_the_error_message_should_be_set" storage="c:\users\michal\workspace\github\fluentvalidation\src\fluentvalidation.tests\bin\release\netcoreapp3.1\fluentvalidation.tests.dll" id="471fc82f-22a5-e6b0-03bf-8ea96840e4bf">
      <Execution id="42c3a53a-f2dd-42f8-9375-f3ef20627450" />
      <TestMethod codeBase="C:\Users\Michal\Workspace\github\FluentValidation\src\FluentValidation.Tests\bin\Release\netcoreapp3.1\FluentValidation.Tests.dll" adapterTypeName="executor://xunit/VsTestRunner2" className="FluentValidation.Tests.InclusiveBetweenValidatorTests" name="When_the_validator_fails_the_error_message_should_be_set" />
    </UnitTest>
    <UnitTest name="FluentValidation.Tests.NotEqualValidatorTests.When_the_objects_are_not_equal_then_the_validator_should_pass" storage="c:\users\michal\workspace\github\fluentvalidation\src\fluentvalidation.tests\bin\release\netcoreapp3.1\fluentvalidation.tests.dll" id="0be46257-62ab-444d-b1c4-4dddb9a0f339">
      <Execution id="1938d65c-d3ad-49b6-aa1f-c7a82382996b" />
      <TestMethod codeBase="C:\Users\Michal\Workspace\github\FluentValidation\src\FluentValidation.Tests\bin\Release\netcoreapp3.1\FluentValidation.Tests.dll" adapterTypeName="executor://xunit/VsTestRunner2" className="FluentValidation.Tests.NotEqualValidatorTests" name="When_the_objects_are_not_equal_then_the_validator_should_pass" />
    </UnitTest>
    <UnitTest name="FluentValidation.Tests.LessThanValidatorTester.Extracts_property_from_constant_using_expression" storage="c:\users\michal\workspace\github\fluentvalidation\src\fluentvalidation.tests\bin\release\netcoreapp3.1\fluentvalidation.tests.dll" id="e181e13c-5ed7-a177-2b7f-f7cf63b039a9">
      <Execution id="349b42b2-2ada-41f6-8279-324f4308412c" />
      <TestMethod codeBase="C:\Users\Michal\Workspace\github\FluentValidation\src\FluentValidation.Tests\bin\Release\netcoreapp3.1\FluentValidation.Tests.dll" adapterTypeName="executor://xunit/VsTestRunner2" className="FluentValidation.Tests.LessThanValidatorTester" name="Extracts_property_from_constant_using_expression" />
    </UnitTest>
    <UnitTest name="FluentValidation.Tests.ValidatorTesterTester.ShouldHaveValidationError_async" storage="c:\users\michal\workspace\github\fluentvalidation\src\fluentvalidation.tests\bin\release\netcoreapp3.1\fluentvalidation.tests.dll" id="51106c6f-642f-52d5-5f60-5ab4d1066e94">
      <Execution id="983f5dfb-88e3-43bb-8382-e6b7bc5a5f5d" />
      <TestMethod codeBase="C:\Users\Michal\Workspace\github\FluentValidation\src\FluentValidation.Tests\bin\Release\netcoreapp3.1\FluentValidation.Tests.dll" adapterTypeName="executor://xunit/VsTestRunner2" className="FluentValidation.Tests.ValidatorTesterTester" name="ShouldHaveValidationError_async" />
    </UnitTest>
    <UnitTest name="FluentValidation.Tests.ValidatorTesterTester.Can_use_indexer_in_string_message_inverse" storage="c:\users\michal\workspace\github\fluentvalidation\src\fluentvalidation.tests\bin\release\netcoreapp3.1\fluentvalidation.tests.dll" id="7a1cd50a-b316-1bf0-cb2e-dbbb7957918a">
      <Execution id="20f82dbd-be0c-4b7e-b73d-0a9f34aada7a" />
      <TestMethod codeBase="C:\Users\Michal\Workspace\github\FluentValidation\src\FluentValidation.Tests\bin\Release\netcoreapp3.1\FluentValidation.Tests.dll" adapterTypeName="executor://xunit/VsTestRunner2" className="FluentValidation.Tests.ValidatorTesterTester" name="Can_use_indexer_in_string_message_inverse" />
    </UnitTest>
    <UnitTest name="FluentValidation.Tests.LocalisedMessagesTester.Uses_string_format_with_property_value" storage="c:\users\michal\workspace\github\fluentvalidation\src\fluentvalidation.tests\bin\release\netcoreapp3.1\fluentvalidation.tests.dll" id="482ebb86-a628-89f9-8086-b7d72317b5af">
      <Execution id="ef4fab2e-60fc-41e3-914f-fdd71f9f58bb" />
      <TestMethod codeBase="C:\Users\Michal\Workspace\github\FluentValidation\src\FluentValidation.Tests\bin\Release\netcoreapp3.1\FluentValidation.Tests.dll" adapterTypeName="executor://xunit/VsTestRunner2" className="FluentValidation.Tests.LocalisedMessagesTester" name="Uses_string_format_with_property_value" />
    </UnitTest>
    <UnitTest name="FluentValidation.Tests.CreditCardValidatorTests.IsValidTests" storage="c:\users\michal\workspace\github\fluentvalidation\src\fluentvalidation.tests\bin\release\netcoreapp3.1\fluentvalidation.tests.dll" id="d30b398e-3b4c-91fa-85bb-82758556b6b8">
      <Execution id="42342e86-0ee6-46cd-b735-aa277ca3c882" />
      <TestMethod codeBase="C:\Users\Michal\Workspace\github\FluentValidation\src\FluentValidation.Tests\bin\Release\netcoreapp3.1\FluentValidation.Tests.dll" adapterTypeName="executor://xunit/VsTestRunner2" className="FluentValidation.Tests.CreditCardValidatorTests" name="IsValidTests" />
    </UnitTest>
    <UnitTest name="FluentValidation.Tests.LessThanValidatorTester.Validates_with_nullable_when_property_is_null" storage="c:\users\michal\workspace\github\fluentvalidation\src\fluentvalidation.tests\bin\release\netcoreapp3.1\fluentvalidation.tests.dll" id="3d2aff0b-c748-5717-8eb5-228167892f45">
      <Execution id="2b3cdce2-a9b0-40b3-986f-110761c00fd3" />
      <TestMethod codeBase="C:\Users\Michal\Workspace\github\FluentValidation\src\FluentValidation.Tests\bin\Release\netcoreapp3.1\FluentValidation.Tests.dll" adapterTypeName="executor://xunit/VsTestRunner2" className="FluentValidation.Tests.LessThanValidatorTester" name="Validates_with_nullable_when_property_is_null" />
    </UnitTest>
    <UnitTest name="FluentValidation.Tests.RulesetTests.Includes_all_rulesets_async" storage="c:\users\michal\workspace\github\fluentvalidation\src\fluentvalidation.tests\bin\release\netcoreapp3.1\fluentvalidation.tests.dll" id="9378db71-7d99-904c-689a-4bd542a7391a">
      <Execution id="92869ea0-27d1-412a-bf7e-0623d1943030" />
      <TestMethod codeBase="C:\Users\Michal\Workspace\github\FluentValidation\src\FluentValidation.Tests\bin\Release\netcoreapp3.1\FluentValidation.Tests.dll" adapterTypeName="executor://xunit/VsTestRunner2" className="FluentValidation.Tests.RulesetTests" name="Includes_all_rulesets_async" />
    </UnitTest>
    <UnitTest name="FluentValidation.Tests.CascadingFailuresTester.Validation_continues_on_failure_when_set_to_Stop_globally_and_overriden_at_rule_level" storage="c:\users\michal\workspace\github\fluentvalidation\src\fluentvalidation.tests\bin\release\netcoreapp3.1\fluentvalidation.tests.dll" id="e695110c-f6c6-6fb6-64e0-63e4578bef8a">
      <Execution id="f512ef26-2892-448b-8c8a-44d97c552b20" />
      <TestMethod codeBase="C:\Users\Michal\Workspace\github\FluentValidation\src\FluentValidation.Tests\bin\Release\netcoreapp3.1\FluentValidation.Tests.dll" adapterTypeName="executor://xunit/VsTestRunner2" className="FluentValidation.Tests.CascadingFailuresTester" name="Validation_continues_on_failure_when_set_to_Stop_globally_and_overriden_at_rule_level" />
    </UnitTest>
    <UnitTest name="FluentValidation.Tests.LessThanOrEqualToValidatorTester.Should_fail_when_greater_than_input" storage="c:\users\michal\workspace\github\fluentvalidation\src\fluentvalidation.tests\bin\release\netcoreapp3.1\fluentvalidation.tests.dll" id="d73914c5-c6e9-e2eb-6dbf-a33c3c3b2d32">
      <Execution id="5e7e9abb-e533-4742-a0ad-dbb305052368" />
      <TestMethod codeBase="C:\Users\Michal\Workspace\github\FluentValidation\src\FluentValidation.Tests\bin\Release\netcoreapp3.1\FluentValidation.Tests.dll" adapterTypeName="executor://xunit/VsTestRunner2" className="FluentValidation.Tests.LessThanOrEqualToValidatorTester" name="Should_fail_when_greater_than_input" />
    </UnitTest>
    <UnitTest name="FluentValidation.Tests.InclusiveBetweenValidatorTests.When_the_value_is_smaller_than_the_range_then_the_validator_should_fail" storage="c:\users\michal\workspace\github\fluentvalidation\src\fluentvalidation.tests\bin\release\netcoreapp3.1\fluentvalidation.tests.dll" id="8b95ba63-9e75-aef1-006c-d34c658b71a9">
      <Execution id="037e31d9-ddd3-48f1-9f94-ebf30b41a428" />
      <TestMethod codeBase="C:\Users\Michal\Workspace\github\FluentValidation\src\FluentValidation.Tests\bin\Release\netcoreapp3.1\FluentValidation.Tests.dll" adapterTypeName="executor://xunit/VsTestRunner2" className="FluentValidation.Tests.InclusiveBetweenValidatorTests" name="When_the_value_is_smaller_than_the_range_then_the_validator_should_fail" />
    </UnitTest>
    <UnitTest name="FluentValidation.Tests.ValidatorTesterTester.Expected_severity_check" storage="c:\users\michal\workspace\github\fluentvalidation\src\fluentvalidation.tests\bin\release\netcoreapp3.1\fluentvalidation.tests.dll" id="3f908947-b369-35b0-4b55-3a1a6b4a941d">
      <Execution id="2039efe6-c54e-4f69-801e-19bcb19d877e" />
      <TestMethod codeBase="C:\Users\Michal\Workspace\github\FluentValidation\src\FluentValidation.Tests\bin\Release\netcoreapp3.1\FluentValidation.Tests.dll" adapterTypeName="executor://xunit/VsTestRunner2" className="FluentValidation.Tests.ValidatorTesterTester" name="Expected_severity_check" />
    </UnitTest>
    <UnitTest name="FluentValidation.Tests.TransformTests.Transforms_property_value" storage="c:\users\michal\workspace\github\fluentvalidation\src\fluentvalidation.tests\bin\release\netcoreapp3.1\fluentvalidation.tests.dll" id="2fdba66a-81c0-eab1-6418-a81ad52187af">
      <Execution id="0191ff19-10d4-405c-ace3-b9ba49e83a43" />
      <TestMethod codeBase="C:\Users\Michal\Workspace\github\FluentValidation\src\FluentValidation.Tests\bin\Release\netcoreapp3.1\FluentValidation.Tests.dll" adapterTypeName="executor://xunit/VsTestRunner2" className="FluentValidation.Tests.TransformTests" name="Transforms_property_value" />
    </UnitTest>
    <UnitTest name="FluentValidation.Tests.GreaterThanOrEqualToValidatorTester.Should_set_default_error_when_validation_fails" storage="c:\users\michal\workspace\github\fluentvalidation\src\fluentvalidation.tests\bin\release\netcoreapp3.1\fluentvalidation.tests.dll" id="28605b57-4bdf-fc45-6e1b-1df6798a5d8c">
      <Execution id="db427cef-8e90-4067-b694-260479b76654" />
      <TestMethod codeBase="C:\Users\Michal\Workspace\github\FluentValidation\src\FluentValidation.Tests\bin\Release\netcoreapp3.1\FluentValidation.Tests.dll" adapterTypeName="executor://xunit/VsTestRunner2" className="FluentValidation.Tests.GreaterThanOrEqualToValidatorTester" name="Should_set_default_error_when_validation_fails" />
    </UnitTest>
    <UnitTest name="FluentValidation.Tests.EqualValidatorTests.Should_use_ordinal_comparison_by_default" storage="c:\users\michal\workspace\github\fluentvalidation\src\fluentvalidation.tests\bin\release\netcoreapp3.1\fluentvalidation.tests.dll" id="b382c879-35b2-1f62-c547-ff163e346ab0">
      <Execution id="0b14ae56-5e57-435b-b4a2-ce89493f5463" />
      <TestMethod codeBase="C:\Users\Michal\Workspace\github\FluentValidation\src\FluentValidation.Tests\bin\Release\netcoreapp3.1\FluentValidation.Tests.dll" adapterTypeName="executor://xunit/VsTestRunner2" className="FluentValidation.Tests.EqualValidatorTests" name="Should_use_ordinal_comparison_by_default" />
    </UnitTest>
    <UnitTest name="FluentValidation.Tests.CascadingFailuresTester.Validation_stops_on_first_Failure_when_set_to_Continue_globally_and_overriden_at_rule_level_async" storage="c:\users\michal\workspace\github\fluentvalidation\src\fluentvalidation.tests\bin\release\netcoreapp3.1\fluentvalidation.tests.dll" id="0042d35f-8f4f-e373-2969-b4c1c85dd6fe">
      <Execution id="7a3111bb-7866-4887-80e4-a20684ddd5db" />
      <TestMethod codeBase="C:\Users\Michal\Workspace\github\FluentValidation\src\FluentValidation.Tests\bin\Release\netcoreapp3.1\FluentValidation.Tests.dll" adapterTypeName="executor://xunit/VsTestRunner2" className="FluentValidation.Tests.CascadingFailuresTester" name="Validation_stops_on_first_Failure_when_set_to_Continue_globally_and_overriden_at_rule_level_async" />
    </UnitTest>
    <UnitTest name="FluentValidation.Tests.ComplexValidationTester.Explicitly_included_properties_should_be_propagated_to_nested_validators_using_strings" storage="c:\users\michal\workspace\github\fluentvalidation\src\fluentvalidation.tests\bin\release\netcoreapp3.1\fluentvalidation.tests.dll" id="74abbabb-b0f8-9723-36c7-b8f0869a9ce4">
      <Execution id="6b963c6b-8f72-4bc9-a804-70ccb13b656a" />
      <TestMethod codeBase="C:\Users\Michal\Workspace\github\FluentValidation\src\FluentValidation.Tests\bin\Release\netcoreapp3.1\FluentValidation.Tests.dll" adapterTypeName="executor://xunit/VsTestRunner2" className="FluentValidation.Tests.ComplexValidationTester" name="Explicitly_included_properties_should_be_propagated_to_nested_validators_using_strings" />
    </UnitTest>
    <UnitTest name="FluentValidation.Tests.StringEnumValidatorTests.When_the_property_is_initialized_with_null_then_the_validator_should_be_valid" storage="c:\users\michal\workspace\github\fluentvalidation\src\fluentvalidation.tests\bin\release\netcoreapp3.1\fluentvalidation.tests.dll" id="1a91a95c-1367-a621-74b2-ef0383bae22b">
      <Execution id="44c33f18-61e8-465d-b8a2-2da7ee79a11d" />
      <TestMethod codeBase="C:\Users\Michal\Workspace\github\FluentValidation\src\FluentValidation.Tests\bin\Release\netcoreapp3.1\FluentValidation.Tests.dll" adapterTypeName="executor://xunit/VsTestRunner2" className="FluentValidation.Tests.StringEnumValidatorTests" name="When_the_property_is_initialized_with_null_then_the_validator_should_be_valid" />
    </UnitTest>
    <UnitTest name="FluentValidation.Tests.RulesetTests.Ruleset_selection_should_not_cascade_downwards_when_set_on_property" storage="c:\users\michal\workspace\github\fluentvalidation\src\fluentvalidation.tests\bin\release\netcoreapp3.1\fluentvalidation.tests.dll" id="409335d8-120f-643b-e1fc-91ebcf41b32b">
      <Execution id="7966bd74-fb67-4f14-afe9-00ef9fcef5ca" />
      <TestMethod codeBase="C:\Users\Michal\Workspace\github\FluentValidation\src\FluentValidation.Tests\bin\Release\netcoreapp3.1\FluentValidation.Tests.dll" adapterTypeName="executor://xunit/VsTestRunner2" className="FluentValidation.Tests.RulesetTests" name="Ruleset_selection_should_not_cascade_downwards_when_set_on_property" />
    </UnitTest>
    <UnitTest name="FluentValidation.Tests.SharedConditionTests.Rules_not_invoked_when_inverse_shared_async_condition_does_not_match" storage="c:\users\michal\workspace\github\fluentvalidation\src\fluentvalidation.tests\bin\release\netcoreapp3.1\fluentvalidation.tests.dll" id="c75b2726-ff0b-c3be-b95a-caf451c1b51a">
      <Execution id="09a2ba3c-fd90-4e31-b09e-07cd03250f7a" />
      <TestMethod codeBase="C:\Users\Michal\Workspace\github\FluentValidation\src\FluentValidation.Tests\bin\Release\netcoreapp3.1\FluentValidation.Tests.dll" adapterTypeName="executor://xunit/VsTestRunner2" className="FluentValidation.Tests.SharedConditionTests" name="Rules_not_invoked_when_inverse_shared_async_condition_does_not_match" />
    </UnitTest>
    <UnitTest name="FluentValidation.Tests.DefaultValidatorExtensionTester.MustAsync_should_create_AsyncPredicteValidator" storage="c:\users\michal\workspace\github\fluentvalidation\src\fluentvalidation.tests\bin\release\netcoreapp3.1\fluentvalidation.tests.dll" id="5b376b62-5d1d-8f2b-6146-699a1983e7c7">
      <Execution id="b48e4aa0-7264-4ec0-9d83-199430cbc50a" />
      <TestMethod codeBase="C:\Users\Michal\Workspace\github\FluentValidation\src\FluentValidation.Tests\bin\Release\netcoreapp3.1\FluentValidation.Tests.dll" adapterTypeName="executor://xunit/VsTestRunner2" className="FluentValidation.Tests.DefaultValidatorExtensionTester" name="MustAsync_should_create_AsyncPredicteValidator" />
    </UnitTest>
    <UnitTest name="FluentValidation.Tests.RuleBuilderTests.Should_throw_when_context_predicate_is_null" storage="c:\users\michal\workspace\github\fluentvalidation\src\fluentvalidation.tests\bin\release\netcoreapp3.1\fluentvalidation.tests.dll" id="d61508c8-c0fd-2369-afbb-ae8012ec2d7c">
      <Execution id="ed22f482-af2d-4ec9-bf9c-dfdb1fbe54ee" />
      <TestMethod codeBase="C:\Users\Michal\Workspace\github\FluentValidation\src\FluentValidation.Tests\bin\Release\netcoreapp3.1\FluentValidation.Tests.dll" adapterTypeName="executor://xunit/VsTestRunner2" className="FluentValidation.Tests.RuleBuilderTests" name="Should_throw_when_context_predicate_is_null" />
    </UnitTest>
    <UnitTest name="FluentValidation.Tests.CascadingFailuresTester.Validation_stops_on_first_failure_async_legacy" storage="c:\users\michal\workspace\github\fluentvalidation\src\fluentvalidation.tests\bin\release\netcoreapp3.1\fluentvalidation.tests.dll" id="77175049-45a9-0399-0cfe-481d3419a50b">
      <Execution id="0136fd13-ae9d-4e68-a552-9b61bc95f122" />
      <TestMethod codeBase="C:\Users\Michal\Workspace\github\FluentValidation\src\FluentValidation.Tests\bin\Release\netcoreapp3.1\FluentValidation.Tests.dll" adapterTypeName="executor://xunit/VsTestRunner2" className="FluentValidation.Tests.CascadingFailuresTester" name="Validation_stops_on_first_failure_async_legacy" />
    </UnitTest>
    <UnitTest name="FluentValidation.Tests.ChainingValidatorsTester.Should_create_multiple_validators" storage="c:\users\michal\workspace\github\fluentvalidation\src\fluentvalidation.tests\bin\release\netcoreapp3.1\fluentvalidation.tests.dll" id="ae313f30-4281-9a9b-81ed-c8c11c5c0dd1">
      <Execution id="462004b7-0a71-49cc-b5f2-f25b8c47693a" />
      <TestMethod codeBase="C:\Users\Michal\Workspace\github\FluentValidation\src\FluentValidation.Tests\bin\Release\netcoreapp3.1\FluentValidation.Tests.dll" adapterTypeName="executor://xunit/VsTestRunner2" className="FluentValidation.Tests.ChainingValidatorsTester" name="Should_create_multiple_validators" />
    </UnitTest>
    <UnitTest name="FluentValidation.Tests.LessThanValidatorTester.Comparison_type" storage="c:\users\michal\workspace\github\fluentvalidation\src\fluentvalidation.tests\bin\release\netcoreapp3.1\fluentvalidation.tests.dll" id="77de5f37-e390-b787-5a99-0f76b1b0208c">
      <Execution id="b0e01615-5cee-4454-a6d7-f3eb3bc0aeb9" />
      <TestMethod codeBase="C:\Users\Michal\Workspace\github\FluentValidation\src\FluentValidation.Tests\bin\Release\netcoreapp3.1\FluentValidation.Tests.dll" adapterTypeName="executor://xunit/VsTestRunner2" className="FluentValidation.Tests.LessThanValidatorTester" name="Comparison_type" />
    </UnitTest>
    <UnitTest name="FluentValidation.Tests.InclusiveBetweenValidatorTests.Validates_with_nullable_when_property_is_null" storage="c:\users\michal\workspace\github\fluentvalidation\src\fluentvalidation.tests\bin\release\netcoreapp3.1\fluentvalidation.tests.dll" id="e4ce4e04-6fa5-42ba-0637-061b77409b6a">
      <Execution id="bdb45899-6f17-4b73-bbd7-f808d6d6f5fd" />
      <TestMethod codeBase="C:\Users\Michal\Workspace\github\FluentValidation\src\FluentValidation.Tests\bin\Release\netcoreapp3.1\FluentValidation.Tests.dll" adapterTypeName="executor://xunit/VsTestRunner2" className="FluentValidation.Tests.InclusiveBetweenValidatorTests" name="Validates_with_nullable_when_property_is_null" />
    </UnitTest>
    <UnitTest name="FluentValidation.Tests.MemberAccessorTests.SimplePropertyGet" storage="c:\users\michal\workspace\github\fluentvalidation\src\fluentvalidation.tests\bin\release\netcoreapp3.1\fluentvalidation.tests.dll" id="4d17bb45-abc2-b49e-824a-034811f8520d">
      <Execution id="1bee43c4-a4cb-4cf6-9d11-d60fc0fba679" />
      <TestMethod codeBase="C:\Users\Michal\Workspace\github\FluentValidation\src\FluentValidation.Tests\bin\Release\netcoreapp3.1\FluentValidation.Tests.dll" adapterTypeName="executor://xunit/VsTestRunner2" className="FluentValidation.Tests.MemberAccessorTests" name="SimplePropertyGet" />
    </UnitTest>
    <UnitTest name="FluentValidation.Tests.SharedConditionTests.RuleSet_can_be_used_inside_async_condition" storage="c:\users\michal\workspace\github\fluentvalidation\src\fluentvalidation.tests\bin\release\netcoreapp3.1\fluentvalidation.tests.dll" id="7c21febf-fe71-0b8b-e06b-ce76d450cb4e">
      <Execution id="c888b9a6-d801-4c20-8480-96343a089c0c" />
      <TestMethod codeBase="C:\Users\Michal\Workspace\github\FluentValidation\src\FluentValidation.Tests\bin\Release\netcoreapp3.1\FluentValidation.Tests.dll" adapterTypeName="executor://xunit/VsTestRunner2" className="FluentValidation.Tests.SharedConditionTests" name="RuleSet_can_be_used_inside_async_condition" />
    </UnitTest>
    <UnitTest name="FluentValidation.Tests.ConditionTests.Validation_should_fail_when_condition_does_not_match" storage="c:\users\michal\workspace\github\fluentvalidation\src\fluentvalidation.tests\bin\release\netcoreapp3.1\fluentvalidation.tests.dll" id="6df7df8d-ac9e-8180-c202-8185654e4e94">
      <Execution id="6b254b01-eb11-46f4-93c0-788b958a4420" />
      <TestMethod codeBase="C:\Users\Michal\Workspace\github\FluentValidation\src\FluentValidation.Tests\bin\Release\netcoreapp3.1\FluentValidation.Tests.dll" adapterTypeName="executor://xunit/VsTestRunner2" className="FluentValidation.Tests.ConditionTests" name="Validation_should_fail_when_condition_does_not_match" />
    </UnitTest>
    <UnitTest name="FluentValidation.Tests.ValidationResultTests.Should_not_be_valid_when_there_are_errors" storage="c:\users\michal\workspace\github\fluentvalidation\src\fluentvalidation.tests\bin\release\netcoreapp3.1\fluentvalidation.tests.dll" id="7078ba16-7510-d5f1-b9cc-ccc7dc4da0a4">
      <Execution id="6bf352ce-1b15-490e-9876-883132bde853" />
      <TestMethod codeBase="C:\Users\Michal\Workspace\github\FluentValidation\src\FluentValidation.Tests\bin\Release\netcoreapp3.1\FluentValidation.Tests.dll" adapterTypeName="executor://xunit/VsTestRunner2" className="FluentValidation.Tests.ValidationResultTests" name="Should_not_be_valid_when_there_are_errors" />
    </UnitTest>
    <UnitTest name="FluentValidation.Tests.SharedConditionTests.Runs_otherwise_conditions_for_When" storage="c:\users\michal\workspace\github\fluentvalidation\src\fluentvalidation.tests\bin\release\netcoreapp3.1\fluentvalidation.tests.dll" id="a98852e3-643a-d92a-7ee7-631ded083939">
      <Execution id="045a6306-adb9-4c17-868e-3085a4a072cc" />
      <TestMethod codeBase="C:\Users\Michal\Workspace\github\FluentValidation\src\FluentValidation.Tests\bin\Release\netcoreapp3.1\FluentValidation.Tests.dll" adapterTypeName="executor://xunit/VsTestRunner2" className="FluentValidation.Tests.SharedConditionTests" name="Runs_otherwise_conditions_for_When" />
    </UnitTest>
    <UnitTest name="FluentValidation.Tests.MessageFormatterTests.Understands_numeric_formats" storage="c:\users\michal\workspace\github\fluentvalidation\src\fluentvalidation.tests\bin\release\netcoreapp3.1\fluentvalidation.tests.dll" id="1979c585-b98c-b598-eaf4-92872d21a104">
      <Execution id="43977bd4-c09b-4655-ac2b-13afd957f852" />
      <TestMethod codeBase="C:\Users\Michal\Workspace\github\FluentValidation\src\FluentValidation.Tests\bin\Release\netcoreapp3.1\FluentValidation.Tests.dll" adapterTypeName="executor://xunit/VsTestRunner2" className="FluentValidation.Tests.MessageFormatterTests" name="Understands_numeric_formats" />
    </UnitTest>
    <UnitTest name="FluentValidation.Tests.ValidateAndThrowTester.Serializes_exception" storage="c:\users\michal\workspace\github\fluentvalidation\src\fluentvalidation.tests\bin\release\netcoreapp3.1\fluentvalidation.tests.dll" id="8687c3c9-f854-92d7-af66-488a3e6ae3a9">
      <Execution id="a9f13aff-7020-4368-99ab-b3d75b5aae5a" />
      <TestMethod codeBase="C:\Users\Michal\Workspace\github\FluentValidation\src\FluentValidation.Tests\bin\Release\netcoreapp3.1\FluentValidation.Tests.dll" adapterTypeName="executor://xunit/VsTestRunner2" className="FluentValidation.Tests.ValidateAndThrowTester" name="Serializes_exception" />
    </UnitTest>
    <UnitTest name="FluentValidation.Tests.GreaterThanValidatorTester.Validates_with_nullable_when_property_is_null" storage="c:\users\michal\workspace\github\fluentvalidation\src\fluentvalidation.tests\bin\release\netcoreapp3.1\fluentvalidation.tests.dll" id="f540e942-3a4e-08ae-bdcd-f5e21e54aa87">
      <Execution id="553b0a99-3f02-47e1-8362-9f04bd2e2483" />
      <TestMethod codeBase="C:\Users\Michal\Workspace\github\FluentValidation\src\FluentValidation.Tests\bin\Release\netcoreapp3.1\FluentValidation.Tests.dll" adapterTypeName="executor://xunit/VsTestRunner2" className="FluentValidation.Tests.GreaterThanValidatorTester" name="Validates_with_nullable_when_property_is_null" />
    </UnitTest>
    <UnitTest name="FluentValidation.Tests.ValidatorTesterTester.Expected_error_code_check" storage="c:\users\michal\workspace\github\fluentvalidation\src\fluentvalidation.tests\bin\release\netcoreapp3.1\fluentvalidation.tests.dll" id="db968cc7-6fe9-988c-f007-3d14d3d0d715">
      <Execution id="d01404bc-ced9-4ac6-ae72-f80fbec54a25" />
      <TestMethod codeBase="C:\Users\Michal\Workspace\github\FluentValidation\src\FluentValidation.Tests\bin\Release\netcoreapp3.1\FluentValidation.Tests.dll" adapterTypeName="executor://xunit/VsTestRunner2" className="FluentValidation.Tests.ValidatorTesterTester" name="Expected_error_code_check" />
    </UnitTest>
    <UnitTest name="FluentValidation.Tests.CascadingFailuresTester.Validation_stops_on_first_Failure_when_set_to_Continue_globally_and_overriden_at_rule_level_legacy" storage="c:\users\michal\workspace\github\fluentvalidation\src\fluentvalidation.tests\bin\release\netcoreapp3.1\fluentvalidation.tests.dll" id="f8b01ec2-c4af-72c2-3f2b-64eb91facba7">
      <Execution id="e3a148a4-00d7-4955-b97e-7c6e935cfd20" />
      <TestMethod codeBase="C:\Users\Michal\Workspace\github\FluentValidation\src\FluentValidation.Tests\bin\Release\netcoreapp3.1\FluentValidation.Tests.dll" adapterTypeName="executor://xunit/VsTestRunner2" className="FluentValidation.Tests.CascadingFailuresTester" name="Validation_stops_on_first_Failure_when_set_to_Continue_globally_and_overriden_at_rule_level_legacy" />
    </UnitTest>
    <UnitTest name="FluentValidation.Tests.NotEmptyTester.When_value_is_Default_for_type_validator_should_fail_int" storage="c:\users\michal\workspace\github\fluentvalidation\src\fluentvalidation.tests\bin\release\netcoreapp3.1\fluentvalidation.tests.dll" id="05aba451-d3f2-83d2-3c53-b07a6426be30">
      <Execution id="44be7ff8-a277-4712-9192-633cdb938253" />
      <TestMethod codeBase="C:\Users\Michal\Workspace\github\FluentValidation\src\FluentValidation.Tests\bin\Release\netcoreapp3.1\FluentValidation.Tests.dll" adapterTypeName="executor://xunit/VsTestRunner2" className="FluentValidation.Tests.NotEmptyTester" name="When_value_is_Default_for_type_validator_should_fail_int" />
    </UnitTest>
    <UnitTest name="FluentValidation.Tests.LengthValidatorTests.When_input_is_null_then_the_validator_should_pass" storage="c:\users\michal\workspace\github\fluentvalidation\src\fluentvalidation.tests\bin\release\netcoreapp3.1\fluentvalidation.tests.dll" id="cc23ab8e-fa8a-c0d1-a4ed-d6df5de91a12">
      <Execution id="e29a8089-c208-4561-a456-57d447532772" />
      <TestMethod codeBase="C:\Users\Michal\Workspace\github\FluentValidation\src\FluentValidation.Tests\bin\Release\netcoreapp3.1\FluentValidation.Tests.dll" adapterTypeName="executor://xunit/VsTestRunner2" className="FluentValidation.Tests.LengthValidatorTests" name="When_input_is_null_then_the_validator_should_pass" />
    </UnitTest>
    <UnitTest name="FluentValidation.Tests.UserSeverityTester.Can_Provide_severity_for_item_in_collection" storage="c:\users\michal\workspace\github\fluentvalidation\src\fluentvalidation.tests\bin\release\netcoreapp3.1\fluentvalidation.tests.dll" id="0c121008-300c-8015-ed0b-7983213f1a15">
      <Execution id="ac6d7ce8-0d05-496e-91f0-ec654c3c1f4d" />
      <TestMethod codeBase="C:\Users\Michal\Workspace\github\FluentValidation\src\FluentValidation.Tests\bin\Release\netcoreapp3.1\FluentValidation.Tests.dll" adapterTypeName="executor://xunit/VsTestRunner2" className="FluentValidation.Tests.UserSeverityTester" name="Can_Provide_severity_for_item_in_collection" />
    </UnitTest>
    <UnitTest name="FluentValidation.Tests.RegularExpressionValidatorTests.When_the_text_does_not_match_the_lambda_regex_regular_expression_then_the_validator_should_fail" storage="c:\users\michal\workspace\github\fluentvalidation\src\fluentvalidation.tests\bin\release\netcoreapp3.1\fluentvalidation.tests.dll" id="e05e19b0-3eea-f2a8-8f55-e70581119b8d">
      <Execution id="c6839e25-38ee-44b6-82d0-0c857d9acf73" />
      <TestMethod codeBase="C:\Users\Michal\Workspace\github\FluentValidation\src\FluentValidation.Tests\bin\Release\netcoreapp3.1\FluentValidation.Tests.dll" adapterTypeName="executor://xunit/VsTestRunner2" className="FluentValidation.Tests.RegularExpressionValidatorTests" name="When_the_text_does_not_match_the_lambda_regex_regular_expression_then_the_validator_should_fail" />
    </UnitTest>
    <UnitTest name="FluentValidation.Tests.EnumValidatorTests.Flags_enum_invalid_when_using_outofrange_negative_value" storage="c:\users\michal\workspace\github\fluentvalidation\src\fluentvalidation.tests\bin\release\netcoreapp3.1\fluentvalidation.tests.dll" id="be20265f-866b-d688-f052-e1630a8d9ec9">
      <Execution id="54c997a8-b4b3-4fb3-bb2e-d7b436e420bd" />
      <TestMethod codeBase="C:\Users\Michal\Workspace\github\FluentValidation\src\FluentValidation.Tests\bin\Release\netcoreapp3.1\FluentValidation.Tests.dll" adapterTypeName="executor://xunit/VsTestRunner2" className="FluentValidation.Tests.EnumValidatorTests" name="Flags_enum_invalid_when_using_outofrange_negative_value" />
    </UnitTest>
    <UnitTest name="FluentValidation.Tests.StringEnumValidatorTests.When_enumType_is_not_an_enum_it_should_throw" storage="c:\users\michal\workspace\github\fluentvalidation\src\fluentvalidation.tests\bin\release\netcoreapp3.1\fluentvalidation.tests.dll" id="7cecbd72-4fa4-cc01-939a-21154b938cd3">
      <Execution id="cc4da5ac-91d8-47bc-8b17-65dc5cfe2336" />
      <TestMethod codeBase="C:\Users\Michal\Workspace\github\FluentValidation\src\FluentValidation.Tests\bin\Release\netcoreapp3.1\FluentValidation.Tests.dll" adapterTypeName="executor://xunit/VsTestRunner2" className="FluentValidation.Tests.StringEnumValidatorTests" name="When_enumType_is_not_an_enum_it_should_throw" />
    </UnitTest>
    <UnitTest name="FluentValidation.Tests.RulesetTests.Trims_spaces" storage="c:\users\michal\workspace\github\fluentvalidation\src\fluentvalidation.tests\bin\release\netcoreapp3.1\fluentvalidation.tests.dll" id="5abf884a-299f-ebb7-33c9-bd83d4061ab6">
      <Execution id="0fcf5c7c-e8d0-4ca9-9ef1-d937e4342293" />
      <TestMethod codeBase="C:\Users\Michal\Workspace\github\FluentValidation\src\FluentValidation.Tests\bin\Release\netcoreapp3.1\FluentValidation.Tests.dll" adapterTypeName="executor://xunit/VsTestRunner2" className="FluentValidation.Tests.RulesetTests" name="Trims_spaces" />
    </UnitTest>
    <UnitTest name="FluentValidation.Tests.EnumValidatorTests.Nullable_enum_valid_when_property_value_is_null" storage="c:\users\michal\workspace\github\fluentvalidation\src\fluentvalidation.tests\bin\release\netcoreapp3.1\fluentvalidation.tests.dll" id="f5cf7134-37ff-d485-b50a-afe38e01f05b">
      <Execution id="e80ae884-7bd6-42ea-b083-980919e7718e" />
      <TestMethod codeBase="C:\Users\Michal\Workspace\github\FluentValidation\src\FluentValidation.Tests\bin\Release\netcoreapp3.1\FluentValidation.Tests.dll" adapterTypeName="executor://xunit/VsTestRunner2" className="FluentValidation.Tests.EnumValidatorTests" name="Nullable_enum_valid_when_property_value_is_null" />
    </UnitTest>
    <UnitTest name="FluentValidation.Tests.NotEmptyTester.Fails_when_collection_empty" storage="c:\users\michal\workspace\github\fluentvalidation\src\fluentvalidation.tests\bin\release\netcoreapp3.1\fluentvalidation.tests.dll" id="365d79ff-de65-ce9d-8b6f-b4226cab3371">
      <Execution id="e6be4372-1a08-429d-b9e4-ec9befef95aa" />
      <TestMethod codeBase="C:\Users\Michal\Workspace\github\FluentValidation\src\FluentValidation.Tests\bin\Release\netcoreapp3.1\FluentValidation.Tests.dll" adapterTypeName="executor://xunit/VsTestRunner2" className="FluentValidation.Tests.NotEmptyTester" name="Fails_when_collection_empty" />
    </UnitTest>
    <UnitTest name="FluentValidation.Tests.ValidatorSelectorTests.Executes_correct_rule_when_using_property_with_include" storage="c:\users\michal\workspace\github\fluentvalidation\src\fluentvalidation.tests\bin\release\netcoreapp3.1\fluentvalidation.tests.dll" id="5916dbef-2edb-a167-5d02-065c96f53241">
      <Execution id="ef000272-9d93-4f35-86fb-fb198e86aa7c" />
      <TestMethod codeBase="C:\Users\Michal\Workspace\github\FluentValidation\src\FluentValidation.Tests\bin\Release\netcoreapp3.1\FluentValidation.Tests.dll" adapterTypeName="executor://xunit/VsTestRunner2" className="FluentValidation.Tests.ValidatorSelectorTests" name="Executes_correct_rule_when_using_property_with_include" />
    </UnitTest>
    <UnitTest name="FluentValidation.Tests.GreaterThanValidatorTester.Validates_with_nullable_when_property_not_null" storage="c:\users\michal\workspace\github\fluentvalidation\src\fluentvalidation.tests\bin\release\netcoreapp3.1\fluentvalidation.tests.dll" id="b63d04c3-e866-d3dd-4f2a-de464b527a41">
      <Execution id="64669fb5-700a-4352-9f5b-b0b89facbeb0" />
      <TestMethod codeBase="C:\Users\Michal\Workspace\github\FluentValidation\src\FluentValidation.Tests\bin\Release\netcoreapp3.1\FluentValidation.Tests.dll" adapterTypeName="executor://xunit/VsTestRunner2" className="FluentValidation.Tests.GreaterThanValidatorTester" name="Validates_with_nullable_when_property_not_null" />
    </UnitTest>
    <UnitTest name="FluentValidation.Tests.CascadingFailuresTester.Cascade_mode_can_be_set_after_validator_instantiated" storage="c:\users\michal\workspace\github\fluentvalidation\src\fluentvalidation.tests\bin\release\netcoreapp3.1\fluentvalidation.tests.dll" id="2fcea243-420e-d8c7-f364-feff3541c14e">
      <Execution id="3298ec69-1372-435d-9183-96fbf146cea0" />
      <TestMethod codeBase="C:\Users\Michal\Workspace\github\FluentValidation\src\FluentValidation.Tests\bin\Release\netcoreapp3.1\FluentValidation.Tests.dll" adapterTypeName="executor://xunit/VsTestRunner2" className="FluentValidation.Tests.CascadingFailuresTester" name="Cascade_mode_can_be_set_after_validator_instantiated" />
    </UnitTest>
    <UnitTest name="FluentValidation.Tests.CustomValidatorTester.Runs_sync_rule_asynchronously_when_validator_invoked_asynchronously" storage="c:\users\michal\workspace\github\fluentvalidation\src\fluentvalidation.tests\bin\release\netcoreapp3.1\fluentvalidation.tests.dll" id="ff2685d7-d197-ed21-678d-277e4ac4c672">
      <Execution id="b075f294-0acf-4d7e-b7df-cb12027a09a1" />
      <TestMethod codeBase="C:\Users\Michal\Workspace\github\FluentValidation\src\FluentValidation.Tests\bin\Release\netcoreapp3.1\FluentValidation.Tests.dll" adapterTypeName="executor://xunit/VsTestRunner2" className="FluentValidation.Tests.CustomValidatorTester" name="Runs_sync_rule_asynchronously_when_validator_invoked_asynchronously" />
    </UnitTest>
    <UnitTest name="FluentValidation.Tests.ValidatorTesterTester.ShouldNotHaveValidationError_should_not_throw_when_there_are_not_validation_errors_ruleforeach" storage="c:\users\michal\workspace\github\fluentvalidation\src\fluentvalidation.tests\bin\release\netcoreapp3.1\fluentvalidation.tests.dll" id="81ede2fa-dbbc-7d2f-a7db-9caad1ab66a8">
      <Execution id="79274017-4d03-4c2c-a3d1-de629342b127" />
      <TestMethod codeBase="C:\Users\Michal\Workspace\github\FluentValidation\src\FluentValidation.Tests\bin\Release\netcoreapp3.1\FluentValidation.Tests.dll" adapterTypeName="executor://xunit/VsTestRunner2" className="FluentValidation.Tests.ValidatorTesterTester" name="ShouldNotHaveValidationError_should_not_throw_when_there_are_not_validation_errors_ruleforeach" />
    </UnitTest>
    <UnitTest name="FluentValidation.Tests.RuleDependencyTests.Dependent_rules_inside_when" storage="c:\users\michal\workspace\github\fluentvalidation\src\fluentvalidation.tests\bin\release\netcoreapp3.1\fluentvalidation.tests.dll" id="4bb6f197-4139-f6cf-bbbb-46bbc12113e8">
      <Execution id="a3bb4e62-c30f-4ae3-9ca3-9a4054787c23" />
      <TestMethod codeBase="C:\Users\Michal\Workspace\github\FluentValidation\src\FluentValidation.Tests\bin\Release\netcoreapp3.1\FluentValidation.Tests.dll" adapterTypeName="executor://xunit/VsTestRunner2" className="FluentValidation.Tests.RuleDependencyTests" name="Dependent_rules_inside_when" />
    </UnitTest>
    <UnitTest name="FluentValidation.Tests.ValidateAndThrowTester.Throws_exception_with_a_ruleset_async" storage="c:\users\michal\workspace\github\fluentvalidation\src\fluentvalidation.tests\bin\release\netcoreapp3.1\fluentvalidation.tests.dll" id="c2149f2b-e374-79a9-3ece-3d8142506ab8">
      <Execution id="d6883204-52b8-49c0-89b2-e0742bd0faee" />
      <TestMethod codeBase="C:\Users\Michal\Workspace\github\FluentValidation\src\FluentValidation.Tests\bin\Release\netcoreapp3.1\FluentValidation.Tests.dll" adapterTypeName="executor://xunit/VsTestRunner2" className="FluentValidation.Tests.ValidateAndThrowTester" name="Throws_exception_with_a_ruleset_async" />
    </UnitTest>
    <UnitTest name="FluentValidation.Tests.ValidatorTesterTester.ShouldHaveValidationError_model_async" storage="c:\users\michal\workspace\github\fluentvalidation\src\fluentvalidation.tests\bin\release\netcoreapp3.1\fluentvalidation.tests.dll" id="013ec608-bf31-c1f3-4405-5610ab25cd05">
      <Execution id="2798fcac-b498-4718-aff6-1fc04c993436" />
      <TestMethod codeBase="C:\Users\Michal\Workspace\github\FluentValidation\src\FluentValidation.Tests\bin\Release\netcoreapp3.1\FluentValidation.Tests.dll" adapterTypeName="executor://xunit/VsTestRunner2" className="FluentValidation.Tests.ValidatorTesterTester" name="ShouldHaveValidationError_model_async" />
    </UnitTest>
    <UnitTest name="FluentValidation.Tests.CustomValidatorTester.New_Custom_When_property_name_omitted_infers_property_name" storage="c:\users\michal\workspace\github\fluentvalidation\src\fluentvalidation.tests\bin\release\netcoreapp3.1\fluentvalidation.tests.dll" id="dd783062-2d93-b727-5450-e969ec02d733">
      <Execution id="d3a0de3b-7517-4925-ba1e-51e556c1af03" />
      <TestMethod codeBase="C:\Users\Michal\Workspace\github\FluentValidation\src\FluentValidation.Tests\bin\Release\netcoreapp3.1\FluentValidation.Tests.dll" adapterTypeName="executor://xunit/VsTestRunner2" className="FluentValidation.Tests.CustomValidatorTester" name="New_Custom_When_property_name_omitted_infers_property_name" />
    </UnitTest>
    <UnitTest name="FluentValidation.Tests.EnumValidatorTests.Nullable_enum_valid_when_value_specified" storage="c:\users\michal\workspace\github\fluentvalidation\src\fluentvalidation.tests\bin\release\netcoreapp3.1\fluentvalidation.tests.dll" id="f3ce5261-8d5a-d960-98ac-d957e38f46af">
      <Execution id="db96a126-8270-4107-b123-1b9d40f13240" />
      <TestMethod codeBase="C:\Users\Michal\Workspace\github\FluentValidation\src\FluentValidation.Tests\bin\Release\netcoreapp3.1\FluentValidation.Tests.dll" adapterTypeName="executor://xunit/VsTestRunner2" className="FluentValidation.Tests.EnumValidatorTests" name="Nullable_enum_valid_when_value_specified" />
    </UnitTest>
    <UnitTest name="FluentValidation.Tests.StandalonePropertyValidationTester.Should_validate_property_value_without_instance" storage="c:\users\michal\workspace\github\fluentvalidation\src\fluentvalidation.tests\bin\release\netcoreapp3.1\fluentvalidation.tests.dll" id="a5f325fe-8670-fd77-e240-954041a63ac4">
      <Execution id="c0521255-3ed2-486f-a461-70c6a9895881" />
      <TestMethod codeBase="C:\Users\Michal\Workspace\github\FluentValidation\src\FluentValidation.Tests\bin\Release\netcoreapp3.1\FluentValidation.Tests.dll" adapterTypeName="executor://xunit/VsTestRunner2" className="FluentValidation.Tests.StandalonePropertyValidationTester" name="Should_validate_property_value_without_instance" />
    </UnitTest>
    <UnitTest name="FluentValidation.Tests.ChainedValidationTester.Chained_property_should_be_excluded" storage="c:\users\michal\workspace\github\fluentvalidation\src\fluentvalidation.tests\bin\release\netcoreapp3.1\fluentvalidation.tests.dll" id="98ab5377-e2e4-2b90-5807-3890ef8b0d30">
      <Execution id="a32d6a83-8afd-4fc8-8129-e6e3d68a2eca" />
      <TestMethod codeBase="C:\Users\Michal\Workspace\github\FluentValidation\src\FluentValidation.Tests\bin\Release\netcoreapp3.1\FluentValidation.Tests.dll" adapterTypeName="executor://xunit/VsTestRunner2" className="FluentValidation.Tests.ChainedValidationTester" name="Chained_property_should_be_excluded" />
    </UnitTest>
    <UnitTest name="FluentValidation.Tests.ValidatorTesterTester.TestValidate_runs_async" storage="c:\users\michal\workspace\github\fluentvalidation\src\fluentvalidation.tests\bin\release\netcoreapp3.1\fluentvalidation.tests.dll" id="82112faa-87f5-713a-750b-0ff5db819831">
      <Execution id="19b23d65-4cbf-45f9-8778-7576aa41ecd1" />
      <TestMethod codeBase="C:\Users\Michal\Workspace\github\FluentValidation\src\FluentValidation.Tests\bin\Release\netcoreapp3.1\FluentValidation.Tests.dll" adapterTypeName="executor://xunit/VsTestRunner2" className="FluentValidation.Tests.ValidatorTesterTester" name="TestValidate_runs_async" />
    </UnitTest>
    <UnitTest name="FluentValidation.Tests.ValidatorTesterTester.Unexpected_state_check" storage="c:\users\michal\workspace\github\fluentvalidation\src\fluentvalidation.tests\bin\release\netcoreapp3.1\fluentvalidation.tests.dll" id="6eb9bf2e-ffa8-da78-2bae-22fa91a3fba0">
      <Execution id="ce1ca46e-b879-4f81-a67b-224d72885a07" />
      <TestMethod codeBase="C:\Users\Michal\Workspace\github\FluentValidation\src\FluentValidation.Tests\bin\Release\netcoreapp3.1\FluentValidation.Tests.dll" adapterTypeName="executor://xunit/VsTestRunner2" className="FluentValidation.Tests.ValidatorTesterTester" name="Unexpected_state_check" />
    </UnitTest>
    <UnitTest name="FluentValidation.Tests.LengthValidatorTests.When_the_maxlength_validator_fails_the_error_message_should_be_set" storage="c:\users\michal\workspace\github\fluentvalidation\src\fluentvalidation.tests\bin\release\netcoreapp3.1\fluentvalidation.tests.dll" id="de188710-09e3-49f2-56d2-dc9ba9e151d4">
      <Execution id="4e7a318c-d577-4fda-97b9-1201893edcc1" />
      <TestMethod codeBase="C:\Users\Michal\Workspace\github\FluentValidation\src\FluentValidation.Tests\bin\Release\netcoreapp3.1\FluentValidation.Tests.dll" adapterTypeName="executor://xunit/VsTestRunner2" className="FluentValidation.Tests.LengthValidatorTests" name="When_the_maxlength_validator_fails_the_error_message_should_be_set" />
    </UnitTest>
    <UnitTest name="FluentValidation.Tests.ValidateAndThrowTester.Populates_errors" storage="c:\users\michal\workspace\github\fluentvalidation\src\fluentvalidation.tests\bin\release\netcoreapp3.1\fluentvalidation.tests.dll" id="dddafb2e-4b8c-6897-e182-811c71745d21">
      <Execution id="60be34f4-35fe-4453-9f7b-ed4b78d61f75" />
      <TestMethod codeBase="C:\Users\Michal\Workspace\github\FluentValidation\src\FluentValidation.Tests\bin\Release\netcoreapp3.1\FluentValidation.Tests.dll" adapterTypeName="executor://xunit/VsTestRunner2" className="FluentValidation.Tests.ValidateAndThrowTester" name="Populates_errors" />
    </UnitTest>
    <UnitTest name="FluentValidation.Tests.ForEachRuleTests.Validates_child_validator_synchronously" storage="c:\users\michal\workspace\github\fluentvalidation\src\fluentvalidation.tests\bin\release\netcoreapp3.1\fluentvalidation.tests.dll" id="5444471d-b6cb-46d4-581b-408735e77c09">
      <Execution id="5f401852-143d-475f-9c61-d2a05f901ef2" />
      <TestMethod codeBase="C:\Users\Michal\Workspace\github\FluentValidation\src\FluentValidation.Tests\bin\Release\netcoreapp3.1\FluentValidation.Tests.dll" adapterTypeName="executor://xunit/VsTestRunner2" className="FluentValidation.Tests.ForEachRuleTests" name="Validates_child_validator_synchronously" />
    </UnitTest>
    <UnitTest name="FluentValidation.Tests.DefaultValidatorExtensionTester.NotEmpty_should_create_NotEmptyValidator" storage="c:\users\michal\workspace\github\fluentvalidation\src\fluentvalidation.tests\bin\release\netcoreapp3.1\fluentvalidation.tests.dll" id="08a0b6d6-8b19-01e7-aeb3-add912bb4cf4">
      <Execution id="0413c97b-6eb9-4d47-807d-b1e61da43d16" />
      <TestMethod codeBase="C:\Users\Michal\Workspace\github\FluentValidation\src\FluentValidation.Tests\bin\Release\netcoreapp3.1\FluentValidation.Tests.dll" adapterTypeName="executor://xunit/VsTestRunner2" className="FluentValidation.Tests.DefaultValidatorExtensionTester" name="NotEmpty_should_create_NotEmptyValidator" />
    </UnitTest>
    <UnitTest name="FluentValidation.Tests.DefaultValidatorExtensionTester.Length_should_create_LengthValidator" storage="c:\users\michal\workspace\github\fluentvalidation\src\fluentvalidation.tests\bin\release\netcoreapp3.1\fluentvalidation.tests.dll" id="37368867-851e-0cbd-9d74-c83595139e50">
      <Execution id="6d8cfb5b-0722-4d4d-a604-a9a543cd97b3" />
      <TestMethod codeBase="C:\Users\Michal\Workspace\github\FluentValidation\src\FluentValidation.Tests\bin\Release\netcoreapp3.1\FluentValidation.Tests.dll" adapterTypeName="executor://xunit/VsTestRunner2" className="FluentValidation.Tests.DefaultValidatorExtensionTester" name="Length_should_create_LengthValidator" />
    </UnitTest>
    <UnitTest name="FluentValidation.Tests.GreaterThanOrEqualToValidatorTester.Validates_with_nullable_when_property_is_null" storage="c:\users\michal\workspace\github\fluentvalidation\src\fluentvalidation.tests\bin\release\netcoreapp3.1\fluentvalidation.tests.dll" id="26146ce2-ac90-53e8-e454-0fc112c6dd1c">
      <Execution id="e3350069-fedc-471f-954e-9d20f1ab6685" />
      <TestMethod codeBase="C:\Users\Michal\Workspace\github\FluentValidation\src\FluentValidation.Tests\bin\Release\netcoreapp3.1\FluentValidation.Tests.dll" adapterTypeName="executor://xunit/VsTestRunner2" className="FluentValidation.Tests.GreaterThanOrEqualToValidatorTester" name="Validates_with_nullable_when_property_is_null" />
    </UnitTest>
    <UnitTest name="FluentValidation.Tests.InheritanceValidatorTest.Validates_ruleset" storage="c:\users\michal\workspace\github\fluentvalidation\src\fluentvalidation.tests\bin\release\netcoreapp3.1\fluentvalidation.tests.dll" id="7d4d8134-8e6d-78e2-5cdf-5dad4f720c5d">
      <Execution id="a0797389-5dfd-49a5-8fd3-6a09a1527911" />
      <TestMethod codeBase="C:\Users\Michal\Workspace\github\FluentValidation\src\FluentValidation.Tests\bin\Release\netcoreapp3.1\FluentValidation.Tests.dll" adapterTypeName="executor://xunit/VsTestRunner2" className="FluentValidation.Tests.InheritanceValidatorTest" name="Validates_ruleset" />
    </UnitTest>
    <UnitTest name="FluentValidation.Tests.LocalisedMessagesTester.Correctly_assigns_default_localized_error_message" storage="c:\users\michal\workspace\github\fluentvalidation\src\fluentvalidation.tests\bin\release\netcoreapp3.1\fluentvalidation.tests.dll" id="d2e6b621-9070-999e-e0ad-4a4a71f8a678">
      <Execution id="fcf9cef1-db4b-4eb0-beb6-96911d9149ea" />
      <TestMethod codeBase="C:\Users\Michal\Workspace\github\FluentValidation\src\FluentValidation.Tests\bin\Release\netcoreapp3.1\FluentValidation.Tests.dll" adapterTypeName="executor://xunit/VsTestRunner2" className="FluentValidation.Tests.LocalisedMessagesTester" name="Correctly_assigns_default_localized_error_message" />
    </UnitTest>
    <UnitTest name="FluentValidation.Tests.ExclusiveBetweenValidatorTests.When_the_to_is_smaller_than_the_from_then_the_validator_should_throw_for_strings" storage="c:\users\michal\workspace\github\fluentvalidation\src\fluentvalidation.tests\bin\release\netcoreapp3.1\fluentvalidation.tests.dll" id="531b85c3-cfa8-816a-efce-489dc5fcc431">
      <Execution id="25931c57-201b-4461-bb6f-3b2b5a96c88f" />
      <TestMethod codeBase="C:\Users\Michal\Workspace\github\FluentValidation\src\FluentValidation.Tests\bin\Release\netcoreapp3.1\FluentValidation.Tests.dll" adapterTypeName="executor://xunit/VsTestRunner2" className="FluentValidation.Tests.ExclusiveBetweenValidatorTests" name="When_the_to_is_smaller_than_the_from_then_the_validator_should_throw_for_strings" />
    </UnitTest>
    <UnitTest name="FluentValidation.Tests.ForEachRuleTests.Nested_conditions_Rule_For_Each" storage="c:\users\michal\workspace\github\fluentvalidation\src\fluentvalidation.tests\bin\release\netcoreapp3.1\fluentvalidation.tests.dll" id="b0ddc444-c953-1f50-773c-537de7cf2a71">
      <Execution id="0b939314-efe2-41e8-9987-c579b17f0ee6" />
      <TestMethod codeBase="C:\Users\Michal\Workspace\github\FluentValidation\src\FluentValidation.Tests\bin\Release\netcoreapp3.1\FluentValidation.Tests.dll" adapterTypeName="executor://xunit/VsTestRunner2" className="FluentValidation.Tests.ForEachRuleTests" name="Nested_conditions_Rule_For_Each" />
    </UnitTest>
    <UnitTest name="FluentValidation.Tests.EnumValidatorTests.Flags_enum_with_overlapping_flags_valid_when_using_bitwise_value" storage="c:\users\michal\workspace\github\fluentvalidation\src\fluentvalidation.tests\bin\release\netcoreapp3.1\fluentvalidation.tests.dll" id="c1975ba6-9aff-c600-3ef9-0153279d1c0b">
      <Execution id="70b124ba-5621-4bfa-8d34-30c42d449d9e" />
      <TestMethod codeBase="C:\Users\Michal\Workspace\github\FluentValidation\src\FluentValidation.Tests\bin\Release\netcoreapp3.1\FluentValidation.Tests.dll" adapterTypeName="executor://xunit/VsTestRunner2" className="FluentValidation.Tests.EnumValidatorTests" name="Flags_enum_with_overlapping_flags_valid_when_using_bitwise_value" />
    </UnitTest>
    <UnitTest name="FluentValidation.Tests.EmptyTester.When_value_is_Default_for_type_validator_should_pass_int" storage="c:\users\michal\workspace\github\fluentvalidation\src\fluentvalidation.tests\bin\release\netcoreapp3.1\fluentvalidation.tests.dll" id="b2b35c8e-1297-9b92-e2a8-1b47304d6dcd">
      <Execution id="953c8434-1e0f-4a65-afc1-fc1cbf5e41aa" />
      <TestMethod codeBase="C:\Users\Michal\Workspace\github\FluentValidation\src\FluentValidation.Tests\bin\Release\netcoreapp3.1\FluentValidation.Tests.dll" adapterTypeName="executor://xunit/VsTestRunner2" className="FluentValidation.Tests.EmptyTester" name="When_value_is_Default_for_type_validator_should_pass_int" />
    </UnitTest>
    <UnitTest name="FluentValidation.Tests.AbstractValidatorTester.CanValidateInstancesOfType_returns_false_when_comparing_against_some_other_type" storage="c:\users\michal\workspace\github\fluentvalidation\src\fluentvalidation.tests\bin\release\netcoreapp3.1\fluentvalidation.tests.dll" id="44f9b5a3-7d9f-f126-76e3-c6cec032e054">
      <Execution id="6303e716-d661-40ae-99be-3fbd6f66deab" />
      <TestMethod codeBase="C:\Users\Michal\Workspace\github\FluentValidation\src\FluentValidation.Tests\bin\Release\netcoreapp3.1\FluentValidation.Tests.dll" adapterTypeName="executor://xunit/VsTestRunner2" className="FluentValidation.Tests.AbstractValidatorTester" name="CanValidateInstancesOfType_returns_false_when_comparing_against_some_other_type" />
    </UnitTest>
    <UnitTest name="FluentValidation.Tests.CollectionValidatorWithParentTests.Should_work_with_top_level_collection_validator_and_overriden_name" storage="c:\users\michal\workspace\github\fluentvalidation\src\fluentvalidation.tests\bin\release\netcoreapp3.1\fluentvalidation.tests.dll" id="ea182078-3d3a-7ded-9148-e0767c63bd36">
      <Execution id="b638a343-ae67-416a-ba04-62ccf8a7cbbc" />
      <TestMethod codeBase="C:\Users\Michal\Workspace\github\FluentValidation\src\FluentValidation.Tests\bin\Release\netcoreapp3.1\FluentValidation.Tests.dll" adapterTypeName="executor://xunit/VsTestRunner2" className="FluentValidation.Tests.CollectionValidatorWithParentTests" name="Should_work_with_top_level_collection_validator_and_overriden_name" />
    </UnitTest>
    <UnitTest name="FluentValidation.Tests.CollectionValidatorWithParentTests.Should_override_property_name" storage="c:\users\michal\workspace\github\fluentvalidation\src\fluentvalidation.tests\bin\release\netcoreapp3.1\fluentvalidation.tests.dll" id="1f6beebd-d89c-ccd5-932a-976fd2d374a8">
      <Execution id="ba8e7bba-55cb-40d8-b8c7-c20bcfcfdba8" />
      <TestMethod codeBase="C:\Users\Michal\Workspace\github\FluentValidation\src\FluentValidation.Tests\bin\Release\netcoreapp3.1\FluentValidation.Tests.dll" adapterTypeName="executor://xunit/VsTestRunner2" className="FluentValidation.Tests.CollectionValidatorWithParentTests" name="Should_override_property_name" />
    </UnitTest>
    <UnitTest name="FluentValidation.Tests.LanguageManagerTests.Falls_back_to_parent_culture" storage="c:\users\michal\workspace\github\fluentvalidation\src\fluentvalidation.tests\bin\release\netcoreapp3.1\fluentvalidation.tests.dll" id="40e9c63b-bc3b-8658-7a27-d78f901e0875">
      <Execution id="755e8140-3690-4fce-8dfe-e7424a0b7372" />
      <TestMethod codeBase="C:\Users\Michal\Workspace\github\FluentValidation\src\FluentValidation.Tests\bin\Release\netcoreapp3.1\FluentValidation.Tests.dll" adapterTypeName="executor://xunit/VsTestRunner2" className="FluentValidation.Tests.LanguageManagerTests" name="Falls_back_to_parent_culture" />
    </UnitTest>
    <UnitTest name="FluentValidation.Tests.SharedConditionTests.Shared_async_When_is_applied_to_grouped_rules_when_initial_predicate_is_true" storage="c:\users\michal\workspace\github\fluentvalidation\src\fluentvalidation.tests\bin\release\netcoreapp3.1\fluentvalidation.tests.dll" id="e68de179-8f1e-b7d6-ae0e-9a9eb6e78922">
      <Execution id="1b8b2f5f-0005-4125-980c-dd946ef0dafa" />
      <TestMethod codeBase="C:\Users\Michal\Workspace\github\FluentValidation\src\FluentValidation.Tests\bin\Release\netcoreapp3.1\FluentValidation.Tests.dll" adapterTypeName="executor://xunit/VsTestRunner2" className="FluentValidation.Tests.SharedConditionTests" name="Shared_async_When_is_applied_to_grouped_rules_when_initial_predicate_is_true" />
    </UnitTest>
    <UnitTest name="FluentValidation.Tests.LanguageManagerTests.Falls_back_to_english_when_culture_not_registered" storage="c:\users\michal\workspace\github\fluentvalidation\src\fluentvalidation.tests\bin\release\netcoreapp3.1\fluentvalidation.tests.dll" id="250bf3c8-65ed-a045-3233-4cb63933889b">
      <Execution id="9a2c9aac-776e-4557-a267-e502f2088762" />
      <TestMethod codeBase="C:\Users\Michal\Workspace\github\FluentValidation\src\FluentValidation.Tests\bin\Release\netcoreapp3.1\FluentValidation.Tests.dll" adapterTypeName="executor://xunit/VsTestRunner2" className="FluentValidation.Tests.LanguageManagerTests" name="Falls_back_to_english_when_culture_not_registered" />
    </UnitTest>
    <UnitTest name="FluentValidation.Tests.CascadingFailuresTester.Validation_continues_on_failure_when_set_to_StopOnFirstFailure_at_validator_level_and_overriden_at_rule_level_legacy" storage="c:\users\michal\workspace\github\fluentvalidation\src\fluentvalidation.tests\bin\release\netcoreapp3.1\fluentvalidation.tests.dll" id="8e164860-82a8-5d2c-2b63-7bc382a06fb5">
      <Execution id="faaa9b03-7ac7-4399-bd97-a600905ea7ae" />
      <TestMethod codeBase="C:\Users\Michal\Workspace\github\FluentValidation\src\FluentValidation.Tests\bin\Release\netcoreapp3.1\FluentValidation.Tests.dll" adapterTypeName="executor://xunit/VsTestRunner2" className="FluentValidation.Tests.CascadingFailuresTester" name="Validation_continues_on_failure_when_set_to_StopOnFirstFailure_at_validator_level_and_overriden_at_rule_level_legacy" />
    </UnitTest>
    <UnitTest name="FluentValidation.Tests.ForEachRuleTests.Can_specify_condition_for_individual_collection_elements" storage="c:\users\michal\workspace\github\fluentvalidation\src\fluentvalidation.tests\bin\release\netcoreapp3.1\fluentvalidation.tests.dll" id="e24ff38a-abd2-06c3-c90b-7a19cb014782">
      <Execution id="a0ed91fc-23e2-4dec-ac54-490ea47753c5" />
      <TestMethod codeBase="C:\Users\Michal\Workspace\github\FluentValidation\src\FluentValidation.Tests\bin\Release\netcoreapp3.1\FluentValidation.Tests.dll" adapterTypeName="executor://xunit/VsTestRunner2" className="FluentValidation.Tests.ForEachRuleTests" name="Can_specify_condition_for_individual_collection_elements" />
    </UnitTest>
    <UnitTest name="FluentValidation.Tests.RuleBuilderTests.Adding_a_validator_should_store_validator" storage="c:\users\michal\workspace\github\fluentvalidation\src\fluentvalidation.tests\bin\release\netcoreapp3.1\fluentvalidation.tests.dll" id="a71da6c7-fbb5-d4d7-ad9e-1fac8afa6955">
      <Execution id="c7107080-75f5-4634-8e1c-862647537180" />
      <TestMethod codeBase="C:\Users\Michal\Workspace\github\FluentValidation\src\FluentValidation.Tests\bin\Release\netcoreapp3.1\FluentValidation.Tests.dll" adapterTypeName="executor://xunit/VsTestRunner2" className="FluentValidation.Tests.RuleBuilderTests" name="Adding_a_validator_should_store_validator" />
    </UnitTest>
    <UnitTest name="FluentValidation.Tests.RuleBuilderTests.Calling_ValidateAsync_should_delegate_to_underlying_async_validator" storage="c:\users\michal\workspace\github\fluentvalidation\src\fluentvalidation.tests\bin\release\netcoreapp3.1\fluentvalidation.tests.dll" id="f97d5bc6-0e5f-8ada-abd1-3ed43b2843f4">
      <Execution id="7b7831ab-9fdf-46a3-af65-15c8826b896d" />
      <TestMethod codeBase="C:\Users\Michal\Workspace\github\FluentValidation\src\FluentValidation.Tests\bin\Release\netcoreapp3.1\FluentValidation.Tests.dll" adapterTypeName="executor://xunit/VsTestRunner2" className="FluentValidation.Tests.RuleBuilderTests" name="Calling_ValidateAsync_should_delegate_to_underlying_async_validator" />
    </UnitTest>
    <UnitTest name="FluentValidation.Tests.AssemblyScannerTester.Finds_validators_for_types" storage="c:\users\michal\workspace\github\fluentvalidation\src\fluentvalidation.tests\bin\release\netcoreapp3.1\fluentvalidation.tests.dll" id="f9f61e74-b745-4a8a-654e-76959d817284">
      <Execution id="1348ebd6-7cea-43e8-96b8-f4dc483b5cdd" />
      <TestMethod codeBase="C:\Users\Michal\Workspace\github\FluentValidation\src\FluentValidation.Tests\bin\Release\netcoreapp3.1\FluentValidation.Tests.dll" adapterTypeName="executor://xunit/VsTestRunner2" className="FluentValidation.Tests.AssemblyScannerTester" name="Finds_validators_for_types" />
    </UnitTest>
    <UnitTest name="FluentValidation.Tests.ExclusiveBetweenValidatorTests.When_the_validator_fails_the_error_message_should_be_set_for_strings" storage="c:\users\michal\workspace\github\fluentvalidation\src\fluentvalidation.tests\bin\release\netcoreapp3.1\fluentvalidation.tests.dll" id="413fc4df-901a-ca50-a1d2-fb1de21d2095">
      <Execution id="197403f4-79ae-46ed-a46c-a73bf3e742d4" />
      <TestMethod codeBase="C:\Users\Michal\Workspace\github\FluentValidation\src\FluentValidation.Tests\bin\Release\netcoreapp3.1\FluentValidation.Tests.dll" adapterTypeName="executor://xunit/VsTestRunner2" className="FluentValidation.Tests.ExclusiveBetweenValidatorTests" name="When_the_validator_fails_the_error_message_should_be_set_for_strings" />
    </UnitTest>
    <UnitTest name="FluentValidation.Tests.ConditionTests.Async_condition_is_applied_to_single_validator_in_the_chain_when_ApplyConditionTo_set_to_CurrentValidator" storage="c:\users\michal\workspace\github\fluentvalidation\src\fluentvalidation.tests\bin\release\netcoreapp3.1\fluentvalidation.tests.dll" id="be928a2d-ccbb-83f7-1c66-c3dcaf9b60cb">
      <Execution id="64c11ba0-6526-4632-b8a5-15a4d593dd65" />
      <TestMethod codeBase="C:\Users\Michal\Workspace\github\FluentValidation\src\FluentValidation.Tests\bin\Release\netcoreapp3.1\FluentValidation.Tests.dll" adapterTypeName="executor://xunit/VsTestRunner2" className="FluentValidation.Tests.ConditionTests" name="Async_condition_is_applied_to_single_validator_in_the_chain_when_ApplyConditionTo_set_to_CurrentValidator" />
    </UnitTest>
    <UnitTest name="FluentValidation.Tests.InclusiveBetweenValidatorTests.When_the_validator_fails_the_error_message_should_be_set_for_strings" storage="c:\users\michal\workspace\github\fluentvalidation\src\fluentvalidation.tests\bin\release\netcoreapp3.1\fluentvalidation.tests.dll" id="9ae3edcf-e515-8777-0c77-c58d0b1a7e73">
      <Execution id="a4c44610-abbc-40c4-969e-156ebf59e69c" />
      <TestMethod codeBase="C:\Users\Michal\Workspace\github\FluentValidation\src\FluentValidation.Tests\bin\Release\netcoreapp3.1\FluentValidation.Tests.dll" adapterTypeName="executor://xunit/VsTestRunner2" className="FluentValidation.Tests.InclusiveBetweenValidatorTests" name="When_the_validator_fails_the_error_message_should_be_set_for_strings" />
    </UnitTest>
    <UnitTest name="FluentValidation.Tests.CollectionValidatorWithParentTests.Skips_null_items" storage="c:\users\michal\workspace\github\fluentvalidation\src\fluentvalidation.tests\bin\release\netcoreapp3.1\fluentvalidation.tests.dll" id="8ee837cc-e876-6b34-5341-80a477de7a46">
      <Execution id="bc8377d7-4d42-45ca-96c5-006f7c4d2027" />
      <TestMethod codeBase="C:\Users\Michal\Workspace\github\FluentValidation\src\FluentValidation.Tests\bin\Release\netcoreapp3.1\FluentValidation.Tests.dll" adapterTypeName="executor://xunit/VsTestRunner2" className="FluentValidation.Tests.CollectionValidatorWithParentTests" name="Skips_null_items" />
    </UnitTest>
    <UnitTest name="FluentValidation.Tests.CustomMessageFormatTester.Uses_custom_delegate_for_building_message_only_for_specific_validator" storage="c:\users\michal\workspace\github\fluentvalidation\src\fluentvalidation.tests\bin\release\netcoreapp3.1\fluentvalidation.tests.dll" id="3d47fe12-3639-fc8a-5b00-d339b6c3f424">
      <Execution id="c86bcbb2-8f77-43ac-bdc3-61cc350a03d6" />
      <TestMethod codeBase="C:\Users\Michal\Workspace\github\FluentValidation\src\FluentValidation.Tests\bin\Release\netcoreapp3.1\FluentValidation.Tests.dll" adapterTypeName="executor://xunit/VsTestRunner2" className="FluentValidation.Tests.CustomMessageFormatTester" name="Uses_custom_delegate_for_building_message_only_for_specific_validator" />
    </UnitTest>
    <UnitTest name="FluentValidation.Tests.ValidatorTesterTester.ShouldHaveValidationError_should_not_throw_when_there_are_errors_with_preconstructed_object" storage="c:\users\michal\workspace\github\fluentvalidation\src\fluentvalidation.tests\bin\release\netcoreapp3.1\fluentvalidation.tests.dll" id="69cdcd68-7875-6260-33aa-078204c9da14">
      <Execution id="cc957426-3466-4be9-be29-1e64d7b1c6d3" />
      <TestMethod codeBase="C:\Users\Michal\Workspace\github\FluentValidation\src\FluentValidation.Tests\bin\Release\netcoreapp3.1\FluentValidation.Tests.dll" adapterTypeName="executor://xunit/VsTestRunner2" className="FluentValidation.Tests.ValidatorTesterTester" name="ShouldHaveValidationError_should_not_throw_when_there_are_errors_with_preconstructed_object" />
    </UnitTest>
    <UnitTest name="FluentValidation.Tests.SharedConditionTests.Shared_async_When_respects_the_smaller_scope_of_an_inner_Unless_when_the_inner_Unless_predicate_is_satisfied" storage="c:\users\michal\workspace\github\fluentvalidation\src\fluentvalidation.tests\bin\release\netcoreapp3.1\fluentvalidation.tests.dll" id="760ffd0c-77d4-31d5-6121-4fc1d648c9cd">
      <Execution id="c3f7d26e-2321-4a80-bb1b-57318c667562" />
      <TestMethod codeBase="C:\Users\Michal\Workspace\github\FluentValidation\src\FluentValidation.Tests\bin\Release\netcoreapp3.1\FluentValidation.Tests.dll" adapterTypeName="executor://xunit/VsTestRunner2" className="FluentValidation.Tests.SharedConditionTests" name="Shared_async_When_respects_the_smaller_scope_of_an_inner_Unless_when_the_inner_Unless_predicate_is_satisfied" />
    </UnitTest>
    <UnitTest name="FluentValidation.Tests.ValidatorTesterTester.Allows_only_one_failure_to_match" storage="c:\users\michal\workspace\github\fluentvalidation\src\fluentvalidation.tests\bin\release\netcoreapp3.1\fluentvalidation.tests.dll" id="2a20f096-df7b-b5eb-1d55-94577ad2bf86">
      <Execution id="af5bf7cd-8753-4b38-b186-ebb0ddf0f080" />
      <TestMethod codeBase="C:\Users\Michal\Workspace\github\FluentValidation\src\FluentValidation.Tests\bin\Release\netcoreapp3.1\FluentValidation.Tests.dll" adapterTypeName="executor://xunit/VsTestRunner2" className="FluentValidation.Tests.ValidatorTesterTester" name="Allows_only_one_failure_to_match" />
    </UnitTest>
    <UnitTest name="FluentValidation.Tests.CustomValidatorTester.New_Custom_within_ruleset" storage="c:\users\michal\workspace\github\fluentvalidation\src\fluentvalidation.tests\bin\release\netcoreapp3.1\fluentvalidation.tests.dll" id="6e29e6c8-2d24-5f5e-ccbb-b219b02a1a74">
      <Execution id="13fde954-c65b-4662-b25e-6a24cf02adeb" />
      <TestMethod codeBase="C:\Users\Michal\Workspace\github\FluentValidation\src\FluentValidation.Tests\bin\Release\netcoreapp3.1\FluentValidation.Tests.dll" adapterTypeName="executor://xunit/VsTestRunner2" className="FluentValidation.Tests.CustomValidatorTester" name="New_Custom_within_ruleset" />
    </UnitTest>
    <UnitTest name="FluentValidation.Tests.LessThanOrEqualToValidatorTester.Validates_with_nullable_when_property_not_null_cross_property" storage="c:\users\michal\workspace\github\fluentvalidation\src\fluentvalidation.tests\bin\release\netcoreapp3.1\fluentvalidation.tests.dll" id="532f63a8-811b-36d1-21ef-cef70f2b8f12">
      <Execution id="2c07bc31-f0e1-4eb6-bd73-9f26d23511c3" />
      <TestMethod codeBase="C:\Users\Michal\Workspace\github\FluentValidation\src\FluentValidation.Tests\bin\Release\netcoreapp3.1\FluentValidation.Tests.dll" adapterTypeName="executor://xunit/VsTestRunner2" className="FluentValidation.Tests.LessThanOrEqualToValidatorTester" name="Validates_with_nullable_when_property_not_null_cross_property" />
    </UnitTest>
    <UnitTest name="FluentValidation.Tests.SharedConditionTests.Does_not_execute_custom_Rule_when_async_condition_false" storage="c:\users\michal\workspace\github\fluentvalidation\src\fluentvalidation.tests\bin\release\netcoreapp3.1\fluentvalidation.tests.dll" id="0dbead9a-245a-6735-0224-33bd8d59d56e">
      <Execution id="a30f5fdf-e9bf-49e1-ac5c-0c815d3ca8b0" />
      <TestMethod codeBase="C:\Users\Michal\Workspace\github\FluentValidation\src\FluentValidation.Tests\bin\Release\netcoreapp3.1\FluentValidation.Tests.dll" adapterTypeName="executor://xunit/VsTestRunner2" className="FluentValidation.Tests.SharedConditionTests" name="Does_not_execute_custom_Rule_when_async_condition_false" />
    </UnitTest>
    <UnitTest name="FluentValidation.Tests.ScalePrecisionValidatorTests.Scale_precision_should_be_valid" storage="c:\users\michal\workspace\github\fluentvalidation\src\fluentvalidation.tests\bin\release\netcoreapp3.1\fluentvalidation.tests.dll" id="ea01a2ad-8481-7c56-2c5f-d4a4f2482115">
      <Execution id="4fbe4821-08c1-4d2b-8abc-d925efab3fc7" />
      <TestMethod codeBase="C:\Users\Michal\Workspace\github\FluentValidation\src\FluentValidation.Tests\bin\Release\netcoreapp3.1\FluentValidation.Tests.dll" adapterTypeName="executor://xunit/VsTestRunner2" className="FluentValidation.Tests.ScalePrecisionValidatorTests" name="Scale_precision_should_be_valid" />
    </UnitTest>
    <UnitTest name="FluentValidation.Tests.ValidatorTesterTester.ShouldHaveValidationError_with_an_unmatched_rule_and_a_single_error_should_throw_an_exception" storage="c:\users\michal\workspace\github\fluentvalidation\src\fluentvalidation.tests\bin\release\netcoreapp3.1\fluentvalidation.tests.dll" id="096b1875-71f8-f892-2ce7-66b16632f7cb">
      <Execution id="077b5ba1-c1ec-49ff-b7ac-8bbf0b4a8478" />
      <TestMethod codeBase="C:\Users\Michal\Workspace\github\FluentValidation\src\FluentValidation.Tests\bin\Release\netcoreapp3.1\FluentValidation.Tests.dll" adapterTypeName="executor://xunit/VsTestRunner2" className="FluentValidation.Tests.ValidatorTesterTester" name="ShouldHaveValidationError_with_an_unmatched_rule_and_a_single_error_should_throw_an_exception" />
    </UnitTest>
    <UnitTest name="FluentValidation.Tests.CascadingFailuresTester.Validation_stops_on_first_failure_when_set_to_StopOnFirstFailure_at_validator_level" storage="c:\users\michal\workspace\github\fluentvalidation\src\fluentvalidation.tests\bin\release\netcoreapp3.1\fluentvalidation.tests.dll" id="135780af-253b-7a4b-bce8-3791106440b4">
      <Execution id="9c017c9b-a9f9-47c7-9bf1-df42b03e52e0" />
      <TestMethod codeBase="C:\Users\Michal\Workspace\github\FluentValidation\src\FluentValidation.Tests\bin\Release\netcoreapp3.1\FluentValidation.Tests.dll" adapterTypeName="executor://xunit/VsTestRunner2" className="FluentValidation.Tests.CascadingFailuresTester" name="Validation_stops_on_first_failure_when_set_to_StopOnFirstFailure_at_validator_level" />
    </UnitTest>
    <UnitTest name="FluentValidation.Tests.AbstractValidatorTester.Should_throw_for_non_member_expression_when_validating_single_property" storage="c:\users\michal\workspace\github\fluentvalidation\src\fluentvalidation.tests\bin\release\netcoreapp3.1\fluentvalidation.tests.dll" id="70340763-b37b-c6ac-9166-563e1400a6c0">
      <Execution id="237c927c-354b-4c33-9a52-da778a84808e" />
      <TestMethod codeBase="C:\Users\Michal\Workspace\github\FluentValidation\src\FluentValidation.Tests\bin\Release\netcoreapp3.1\FluentValidation.Tests.dll" adapterTypeName="executor://xunit/VsTestRunner2" className="FluentValidation.Tests.AbstractValidatorTester" name="Should_throw_for_non_member_expression_when_validating_single_property" />
    </UnitTest>
    <UnitTest name="FluentValidation.Tests.CustomMessageFormatTester.Uses_custom_delegate_for_building_message" storage="c:\users\michal\workspace\github\fluentvalidation\src\fluentvalidation.tests\bin\release\netcoreapp3.1\fluentvalidation.tests.dll" id="47cf2bf4-a699-33d4-a3f9-2ec19025215d">
      <Execution id="c6237496-6f6e-497e-a4ca-c881e1db8f00" />
      <TestMethod codeBase="C:\Users\Michal\Workspace\github\FluentValidation\src\FluentValidation.Tests\bin\Release\netcoreapp3.1\FluentValidation.Tests.dll" adapterTypeName="executor://xunit/VsTestRunner2" className="FluentValidation.Tests.CustomMessageFormatTester" name="Uses_custom_delegate_for_building_message" />
    </UnitTest>
    <UnitTest name="FluentValidation.Tests.DefaultValidatorExtensionTester.GreaterThan_should_create_GreaterThanValidator_with_lambda" storage="c:\users\michal\workspace\github\fluentvalidation\src\fluentvalidation.tests\bin\release\netcoreapp3.1\fluentvalidation.tests.dll" id="01b3b238-2573-b917-a63c-8db80b29528b">
      <Execution id="d798bfdd-1fab-408b-9b3c-20dc65f9ed9c" />
      <TestMethod codeBase="C:\Users\Michal\Workspace\github\FluentValidation\src\FluentValidation.Tests\bin\Release\netcoreapp3.1\FluentValidation.Tests.dll" adapterTypeName="executor://xunit/VsTestRunner2" className="FluentValidation.Tests.DefaultValidatorExtensionTester" name="GreaterThan_should_create_GreaterThanValidator_with_lambda" />
    </UnitTest>
    <UnitTest name="FluentValidation.Tests.EnumValidatorTests.Flags_enum_validates_correctly_when_using_zero_value" storage="c:\users\michal\workspace\github\fluentvalidation\src\fluentvalidation.tests\bin\release\netcoreapp3.1\fluentvalidation.tests.dll" id="17b1f1bc-514b-eb7e-f197-52f679b4fb31">
      <Execution id="bb6ed675-c542-4065-84e2-ece3dd99b8d5" />
      <TestMethod codeBase="C:\Users\Michal\Workspace\github\FluentValidation\src\FluentValidation.Tests\bin\Release\netcoreapp3.1\FluentValidation.Tests.dll" adapterTypeName="executor://xunit/VsTestRunner2" className="FluentValidation.Tests.EnumValidatorTests" name="Flags_enum_validates_correctly_when_using_zero_value" />
    </UnitTest>
    <UnitTest name="FluentValidation.Tests.LessThanValidatorTester.Validates_with_nullable_property" storage="c:\users\michal\workspace\github\fluentvalidation\src\fluentvalidation.tests\bin\release\netcoreapp3.1\fluentvalidation.tests.dll" id="1cb47be0-44da-53c2-f169-a7f340d8c38a">
      <Execution id="d69b5d70-66d4-46ff-a010-5cf7224abc23" />
      <TestMethod codeBase="C:\Users\Michal\Workspace\github\FluentValidation\src\FluentValidation.Tests\bin\Release\netcoreapp3.1\FluentValidation.Tests.dll" adapterTypeName="executor://xunit/VsTestRunner2" className="FluentValidation.Tests.LessThanValidatorTester" name="Validates_with_nullable_property" />
    </UnitTest>
    <UnitTest name="FluentValidation.Tests.GreaterThanOrEqualToValidatorTester.Should_localize_value" storage="c:\users\michal\workspace\github\fluentvalidation\src\fluentvalidation.tests\bin\release\netcoreapp3.1\fluentvalidation.tests.dll" id="ca26fcb8-a32d-8e0a-31ad-3c0d04a945cc">
      <Execution id="b6ace86a-f597-47d2-b62a-8ec68541077b" />
      <TestMethod codeBase="C:\Users\Michal\Workspace\github\FluentValidation\src\FluentValidation.Tests\bin\Release\netcoreapp3.1\FluentValidation.Tests.dll" adapterTypeName="executor://xunit/VsTestRunner2" className="FluentValidation.Tests.GreaterThanOrEqualToValidatorTester" name="Should_localize_value" />
    </UnitTest>
    <UnitTest name="FluentValidation.Tests.MessageFormatterTests.Adds_argument_and_custom_arguments" storage="c:\users\michal\workspace\github\fluentvalidation\src\fluentvalidation.tests\bin\release\netcoreapp3.1\fluentvalidation.tests.dll" id="25f44a20-dbaa-5dfb-5883-e3a59084fd7c">
      <Execution id="dd301479-0ea3-45a9-834d-7d2c077b1e86" />
      <TestMethod codeBase="C:\Users\Michal\Workspace\github\FluentValidation\src\FluentValidation.Tests\bin\Release\netcoreapp3.1\FluentValidation.Tests.dll" adapterTypeName="executor://xunit/VsTestRunner2" className="FluentValidation.Tests.MessageFormatterTests" name="Adds_argument_and_custom_arguments" />
    </UnitTest>
    <UnitTest name="FluentValidation.Tests.ExclusiveBetweenValidatorTests.When_the_value_is_smaller_than_the_range_then_the_validator_should_fail_for_strings" storage="c:\users\michal\workspace\github\fluentvalidation\src\fluentvalidation.tests\bin\release\netcoreapp3.1\fluentvalidation.tests.dll" id="04cbd2d3-6076-c918-0fc1-0ee672556a2c">
      <Execution id="aff7ac41-98b3-4274-b952-5ae49427dbfa" />
      <TestMethod codeBase="C:\Users\Michal\Workspace\github\FluentValidation\src\FluentValidation.Tests\bin\Release\netcoreapp3.1\FluentValidation.Tests.dll" adapterTypeName="executor://xunit/VsTestRunner2" className="FluentValidation.Tests.ExclusiveBetweenValidatorTests" name="When_the_value_is_smaller_than_the_range_then_the_validator_should_fail_for_strings" />
    </UnitTest>
    <UnitTest name="FluentValidation.Tests.SharedConditionTests.Outer_Unless_clause_will_trump_an_inner_Unless_clause_when_inner_fails_but_the_outer_is_satisfied" storage="c:\users\michal\workspace\github\fluentvalidation\src\fluentvalidation.tests\bin\release\netcoreapp3.1\fluentvalidation.tests.dll" id="b53c0bf7-6c58-49fa-dbb0-6bddb674526a">
      <Execution id="fa85a5bd-177d-4d35-8592-37daa13d3654" />
      <TestMethod codeBase="C:\Users\Michal\Workspace\github\FluentValidation\src\FluentValidation.Tests\bin\Release\netcoreapp3.1\FluentValidation.Tests.dll" adapterTypeName="executor://xunit/VsTestRunner2" className="FluentValidation.Tests.SharedConditionTests" name="Outer_Unless_clause_will_trump_an_inner_Unless_clause_when_inner_fails_but_the_outer_is_satisfied" />
    </UnitTest>
    <UnitTest name="FluentValidation.Tests.ForEachRuleTests.Collection_should_be_explicitly_included_with_expression" storage="c:\users\michal\workspace\github\fluentvalidation\src\fluentvalidation.tests\bin\release\netcoreapp3.1\fluentvalidation.tests.dll" id="40774db9-c687-42e3-5051-e9da986a02e8">
      <Execution id="ba070429-c66f-4965-9938-f1290c97a3cf" />
      <TestMethod codeBase="C:\Users\Michal\Workspace\github\FluentValidation\src\FluentValidation.Tests\bin\Release\netcoreapp3.1\FluentValidation.Tests.dll" adapterTypeName="executor://xunit/VsTestRunner2" className="FluentValidation.Tests.ForEachRuleTests" name="Collection_should_be_explicitly_included_with_expression" />
    </UnitTest>
    <UnitTest name="FluentValidation.Tests.AbstractValidatorTester.OverridePropertyName_should_override_property_name" storage="c:\users\michal\workspace\github\fluentvalidation\src\fluentvalidation.tests\bin\release\netcoreapp3.1\fluentvalidation.tests.dll" id="3efeae79-6aad-1cd7-47c8-41436de1a4ad">
      <Execution id="65ca32ca-9541-4d10-82cf-2c479f4cc8ea" />
      <TestMethod codeBase="C:\Users\Michal\Workspace\github\FluentValidation\src\FluentValidation.Tests\bin\Release\netcoreapp3.1\FluentValidation.Tests.dll" adapterTypeName="executor://xunit/VsTestRunner2" className="FluentValidation.Tests.AbstractValidatorTester" name="OverridePropertyName_should_override_property_name" />
    </UnitTest>
    <UnitTest name="FluentValidation.Tests.EqualValidatorTests.Comparison_property_uses_custom_resolver" storage="c:\users\michal\workspace\github\fluentvalidation\src\fluentvalidation.tests\bin\release\netcoreapp3.1\fluentvalidation.tests.dll" id="47f06072-98bc-a34a-e286-7014ab3636d1">
      <Execution id="bd4f6713-c627-406c-bde6-07366c9cba2d" />
      <TestMethod codeBase="C:\Users\Michal\Workspace\github\FluentValidation\src\FluentValidation.Tests\bin\Release\netcoreapp3.1\FluentValidation.Tests.dll" adapterTypeName="executor://xunit/VsTestRunner2" className="FluentValidation.Tests.EqualValidatorTests" name="Comparison_property_uses_custom_resolver" />
    </UnitTest>
    <UnitTest name="FluentValidation.Tests.AbstractValidatorTester.Should_validate_single_Field" storage="c:\users\michal\workspace\github\fluentvalidation\src\fluentvalidation.tests\bin\release\netcoreapp3.1\fluentvalidation.tests.dll" id="25f9ce0b-d5c2-d2e9-9514-9424d012f536">
      <Execution id="e11df2cf-d679-46fc-801c-7f93ee279c56" />
      <TestMethod codeBase="C:\Users\Michal\Workspace\github\FluentValidation\src\FluentValidation.Tests\bin\Release\netcoreapp3.1\FluentValidation.Tests.dll" adapterTypeName="executor://xunit/VsTestRunner2" className="FluentValidation.Tests.AbstractValidatorTester" name="Should_validate_single_Field" />
    </UnitTest>
    <UnitTest name="FluentValidation.Tests.ValidatorTesterTester.ShouldHaveChildValidator_should_not_throw_when_property_has_collection_validators" storage="c:\users\michal\workspace\github\fluentvalidation\src\fluentvalidation.tests\bin\release\netcoreapp3.1\fluentvalidation.tests.dll" id="fe559481-ffc7-91ee-8f6c-5089af8300e6">
      <Execution id="d7e263a2-f6be-40f5-ab4e-0f39e9706e6b" />
      <TestMethod codeBase="C:\Users\Michal\Workspace\github\FluentValidation\src\FluentValidation.Tests\bin\Release\netcoreapp3.1\FluentValidation.Tests.dll" adapterTypeName="executor://xunit/VsTestRunner2" className="FluentValidation.Tests.ValidatorTesterTester" name="ShouldHaveChildValidator_should_not_throw_when_property_has_collection_validators" />
    </UnitTest>
    <UnitTest name="FluentValidation.Tests.SharedConditionTests.Doesnt_throw_NullReferenceException_when_instance_not_null_async" storage="c:\users\michal\workspace\github\fluentvalidation\src\fluentvalidation.tests\bin\release\netcoreapp3.1\fluentvalidation.tests.dll" id="0f327029-5837-93f6-9bd8-e3d3702f1f15">
      <Execution id="b1613806-53ea-41a9-a85c-77aee13cef4b" />
      <TestMethod codeBase="C:\Users\Michal\Workspace\github\FluentValidation\src\FluentValidation.Tests\bin\Release\netcoreapp3.1\FluentValidation.Tests.dll" adapterTypeName="executor://xunit/VsTestRunner2" className="FluentValidation.Tests.SharedConditionTests" name="Doesnt_throw_NullReferenceException_when_instance_not_null_async" />
    </UnitTest>
    <UnitTest name="FluentValidation.Tests.EmptyTester.When_value_is_Default_for_type_validator_should_pass_datetime" storage="c:\users\michal\workspace\github\fluentvalidation\src\fluentvalidation.tests\bin\release\netcoreapp3.1\fluentvalidation.tests.dll" id="8ecccf8d-0bab-c3ec-7bea-5a1fa6921408">
      <Execution id="9cd162f1-6fc4-430f-b1ee-6022ff200681" />
      <TestMethod codeBase="C:\Users\Michal\Workspace\github\FluentValidation\src\FluentValidation.Tests\bin\Release\netcoreapp3.1\FluentValidation.Tests.dll" adapterTypeName="executor://xunit/VsTestRunner2" className="FluentValidation.Tests.EmptyTester" name="When_value_is_Default_for_type_validator_should_pass_datetime" />
    </UnitTest>
    <UnitTest name="FluentValidation.Tests.InheritanceValidatorTest.Validates_collection_async" storage="c:\users\michal\workspace\github\fluentvalidation\src\fluentvalidation.tests\bin\release\netcoreapp3.1\fluentvalidation.tests.dll" id="5ea9f258-c818-c905-3733-871fbeb435d5">
      <Execution id="1802e73f-9db0-42c3-ab63-5b5f197396c9" />
      <TestMethod codeBase="C:\Users\Michal\Workspace\github\FluentValidation\src\FluentValidation.Tests\bin\Release\netcoreapp3.1\FluentValidation.Tests.dll" adapterTypeName="executor://xunit/VsTestRunner2" className="FluentValidation.Tests.InheritanceValidatorTest" name="Validates_collection_async" />
    </UnitTest>
    <UnitTest name="FluentValidation.Tests.SharedConditionTests.When_async_condition_executed_for_each_instance_of_RuleForEach_condition_should_not_be_cached" storage="c:\users\michal\workspace\github\fluentvalidation\src\fluentvalidation.tests\bin\release\netcoreapp3.1\fluentvalidation.tests.dll" id="9f54a908-1e6f-3de1-e5b0-95facc1ef0a2">
      <Execution id="3bf86583-817f-49e0-85c8-9b42b92c0a48" />
      <TestMethod codeBase="C:\Users\Michal\Workspace\github\FluentValidation\src\FluentValidation.Tests\bin\Release\netcoreapp3.1\FluentValidation.Tests.dll" adapterTypeName="executor://xunit/VsTestRunner2" className="FluentValidation.Tests.SharedConditionTests" name="When_async_condition_executed_for_each_instance_of_RuleForEach_condition_should_not_be_cached" />
    </UnitTest>
    <UnitTest name="FluentValidation.Tests.ValidatorTesterTester.ShouldNotHaveValidationError_should_correctly_handle_explicitly_providing_object_to_validate_and_other_property_fails_validation" storage="c:\users\michal\workspace\github\fluentvalidation\src\fluentvalidation.tests\bin\release\netcoreapp3.1\fluentvalidation.tests.dll" id="7ba098b0-fd2c-860a-2333-8ec8a4b158fd">
      <Execution id="4256187a-8243-4d07-a5c2-5c02ceccb0c5" />
      <TestMethod codeBase="C:\Users\Michal\Workspace\github\FluentValidation\src\FluentValidation.Tests\bin\Release\netcoreapp3.1\FluentValidation.Tests.dll" adapterTypeName="executor://xunit/VsTestRunner2" className="FluentValidation.Tests.ValidatorTesterTester" name="ShouldNotHaveValidationError_should_correctly_handle_explicitly_providing_object_to_validate_and_other_property_fails_validation" />
    </UnitTest>
    <UnitTest name="FluentValidation.Tests.MessageFormatterTests.Adds_PropertyName_to_message" storage="c:\users\michal\workspace\github\fluentvalidation\src\fluentvalidation.tests\bin\release\netcoreapp3.1\fluentvalidation.tests.dll" id="fa71c765-2be8-d779-732a-61e047c5d8aa">
      <Execution id="98053415-4100-4fe2-b1e1-f9378d1aa59e" />
      <TestMethod codeBase="C:\Users\Michal\Workspace\github\FluentValidation\src\FluentValidation.Tests\bin\Release\netcoreapp3.1\FluentValidation.Tests.dll" adapterTypeName="executor://xunit/VsTestRunner2" className="FluentValidation.Tests.MessageFormatterTests" name="Adds_PropertyName_to_message" />
    </UnitTest>
    <UnitTest name="FluentValidation.Tests.RuleBuilderTests.Should_throw_when_inverse_predicate_is_null" storage="c:\users\michal\workspace\github\fluentvalidation\src\fluentvalidation.tests\bin\release\netcoreapp3.1\fluentvalidation.tests.dll" id="f9dd8bee-42a5-b92b-0edb-90397df234b7">
      <Execution id="c8121ca7-4ada-4337-b0d8-45e59f0f7698" />
      <TestMethod codeBase="C:\Users\Michal\Workspace\github\FluentValidation\src\FluentValidation.Tests\bin\Release\netcoreapp3.1\FluentValidation.Tests.dll" adapterTypeName="executor://xunit/VsTestRunner2" className="FluentValidation.Tests.RuleBuilderTests" name="Should_throw_when_inverse_predicate_is_null" />
    </UnitTest>
    <UnitTest name="FluentValidation.Tests.RegularExpressionValidatorTests.Can_access_expression_in_message_lambda" storage="c:\users\michal\workspace\github\fluentvalidation\src\fluentvalidation.tests\bin\release\netcoreapp3.1\fluentvalidation.tests.dll" id="4759eb2f-b662-7ccb-53c0-5c18d8a0f2f6">
      <Execution id="1a62e19b-b58d-4773-9181-8438747bd0a7" />
      <TestMethod codeBase="C:\Users\Michal\Workspace\github\FluentValidation\src\FluentValidation.Tests\bin\Release\netcoreapp3.1\FluentValidation.Tests.dll" adapterTypeName="executor://xunit/VsTestRunner2" className="FluentValidation.Tests.RegularExpressionValidatorTests" name="Can_access_expression_in_message_lambda" />
    </UnitTest>
    <UnitTest name="FluentValidation.Tests.MessageFormatterTests.Format_property_value" storage="c:\users\michal\workspace\github\fluentvalidation\src\fluentvalidation.tests\bin\release\netcoreapp3.1\fluentvalidation.tests.dll" id="7b8d361e-ee5d-bc1f-c6f1-dc9c468f036b">
      <Execution id="8a52d8d4-3cb6-49e5-9204-b7024ab73810" />
      <TestMethod codeBase="C:\Users\Michal\Workspace\github\FluentValidation\src\FluentValidation.Tests\bin\Release\netcoreapp3.1\FluentValidation.Tests.dll" adapterTypeName="executor://xunit/VsTestRunner2" className="FluentValidation.Tests.MessageFormatterTests" name="Format_property_value" />
    </UnitTest>
    <UnitTest name="FluentValidation.Tests.GreaterThanValidatorTester.Should_set_default_error_when_validation_fails" storage="c:\users\michal\workspace\github\fluentvalidation\src\fluentvalidation.tests\bin\release\netcoreapp3.1\fluentvalidation.tests.dll" id="b1f415eb-f006-5466-e2b8-4dd1d89d0588">
      <Execution id="7fc9e8d8-7261-48c0-8598-02f2140142d9" />
      <TestMethod codeBase="C:\Users\Michal\Workspace\github\FluentValidation\src\FluentValidation.Tests\bin\Release\netcoreapp3.1\FluentValidation.Tests.dll" adapterTypeName="executor://xunit/VsTestRunner2" className="FluentValidation.Tests.GreaterThanValidatorTester" name="Should_set_default_error_when_validation_fails" />
    </UnitTest>
    <UnitTest name="FluentValidation.Tests.ChainedValidationTester.Condition_should_work_with_chained_property" storage="c:\users\michal\workspace\github\fluentvalidation\src\fluentvalidation.tests\bin\release\netcoreapp3.1\fluentvalidation.tests.dll" id="c4e5b8ad-dc58-7621-93ce-d499c06083cf">
      <Execution id="d17f7688-0f5e-47ac-8d7a-4e6adf9103d4" />
      <TestMethod codeBase="C:\Users\Michal\Workspace\github\FluentValidation\src\FluentValidation.Tests\bin\Release\netcoreapp3.1\FluentValidation.Tests.dll" adapterTypeName="executor://xunit/VsTestRunner2" className="FluentValidation.Tests.ChainedValidationTester" name="Condition_should_work_with_chained_property" />
    </UnitTest>
    <UnitTest name="FluentValidation.Tests.ValidatorTesterTester.ShouldHaveValidationError_async_throws" storage="c:\users\michal\workspace\github\fluentvalidation\src\fluentvalidation.tests\bin\release\netcoreapp3.1\fluentvalidation.tests.dll" id="ab5cd5da-0560-d14b-6cfa-a8d8a1e10cae">
      <Execution id="429bca90-1cfc-45b7-862d-548d8a9bb55e" />
      <TestMethod codeBase="C:\Users\Michal\Workspace\github\FluentValidation\src\FluentValidation.Tests\bin\Release\netcoreapp3.1\FluentValidation.Tests.dll" adapterTypeName="executor://xunit/VsTestRunner2" className="FluentValidation.Tests.ValidatorTesterTester" name="ShouldHaveValidationError_async_throws" />
    </UnitTest>
    <UnitTest name="FluentValidation.Tests.NotEqualValidatorTests.Should_store_comparison_type" storage="c:\users\michal\workspace\github\fluentvalidation\src\fluentvalidation.tests\bin\release\netcoreapp3.1\fluentvalidation.tests.dll" id="3c9d48f4-7ad2-f7d4-c867-05b4cf09c1f5">
      <Execution id="2971dbea-a8b7-4b10-b291-4ae08481ffab" />
      <TestMethod codeBase="C:\Users\Michal\Workspace\github\FluentValidation\src\FluentValidation.Tests\bin\Release\netcoreapp3.1\FluentValidation.Tests.dll" adapterTypeName="executor://xunit/VsTestRunner2" className="FluentValidation.Tests.NotEqualValidatorTests" name="Should_store_comparison_type" />
    </UnitTest>
    <UnitTest name="FluentValidation.Tests.GreaterThanValidatorTester.Validates_with_nullable_when_property_is_null_cross_property" storage="c:\users\michal\workspace\github\fluentvalidation\src\fluentvalidation.tests\bin\release\netcoreapp3.1\fluentvalidation.tests.dll" id="bae2ac81-aff5-2969-94d5-ecf26c7751bb">
      <Execution id="9c77355b-f68e-4caa-8a67-93ea37d515c6" />
      <TestMethod codeBase="C:\Users\Michal\Workspace\github\FluentValidation\src\FluentValidation.Tests\bin\Release\netcoreapp3.1\FluentValidation.Tests.dll" adapterTypeName="executor://xunit/VsTestRunner2" className="FluentValidation.Tests.GreaterThanValidatorTester" name="Validates_with_nullable_when_property_is_null_cross_property" />
    </UnitTest>
    <UnitTest name="FluentValidation.Tests.RulesetTests.Combines_rulesets_and_explicit_properties" storage="c:\users\michal\workspace\github\fluentvalidation\src\fluentvalidation.tests\bin\release\netcoreapp3.1\fluentvalidation.tests.dll" id="f286288e-462e-902d-eb89-54546b23f138">
      <Execution id="b2cb300f-26bc-47e8-b8ad-7bb4021da8f1" />
      <TestMethod codeBase="C:\Users\Michal\Workspace\github\FluentValidation\src\FluentValidation.Tests\bin\Release\netcoreapp3.1\FluentValidation.Tests.dll" adapterTypeName="executor://xunit/VsTestRunner2" className="FluentValidation.Tests.RulesetTests" name="Combines_rulesets_and_explicit_properties" />
    </UnitTest>
    <UnitTest name="FluentValidation.Tests.RegularExpressionValidatorTests.When_the_text_matches_the_lambda_regex_regular_expression_then_the_validator_should_pass" storage="c:\users\michal\workspace\github\fluentvalidation\src\fluentvalidation.tests\bin\release\netcoreapp3.1\fluentvalidation.tests.dll" id="476da4b0-6718-d1ee-2c47-6e029b92d7da">
      <Execution id="7548a73f-c655-487e-96f8-54a587c48dc4" />
      <TestMethod codeBase="C:\Users\Michal\Workspace\github\FluentValidation\src\FluentValidation.Tests\bin\Release\netcoreapp3.1\FluentValidation.Tests.dll" adapterTypeName="executor://xunit/VsTestRunner2" className="FluentValidation.Tests.RegularExpressionValidatorTests" name="When_the_text_matches_the_lambda_regex_regular_expression_then_the_validator_should_pass" />
    </UnitTest>
    <UnitTest name="FluentValidation.Tests.NotEmptyTester.When_value_is_whitespace_validation_should_fail" storage="c:\users\michal\workspace\github\fluentvalidation\src\fluentvalidation.tests\bin\release\netcoreapp3.1\fluentvalidation.tests.dll" id="14c4b382-f1fd-eb0b-b209-8dfec2d01f7b">
      <Execution id="e5d4502a-ea8e-4e80-80b7-104587fc9a84" />
      <TestMethod codeBase="C:\Users\Michal\Workspace\github\FluentValidation\src\FluentValidation.Tests\bin\Release\netcoreapp3.1\FluentValidation.Tests.dll" adapterTypeName="executor://xunit/VsTestRunner2" className="FluentValidation.Tests.NotEmptyTester" name="When_value_is_whitespace_validation_should_fail" />
    </UnitTest>
    <UnitTest name="FluentValidation.Tests.ConditionTests.Condition_is_applied_to_single_validator_in_the_chain_when_ApplyConditionTo_set_to_CurrentValidator" storage="c:\users\michal\workspace\github\fluentvalidation\src\fluentvalidation.tests\bin\release\netcoreapp3.1\fluentvalidation.tests.dll" id="9b772449-9a29-e627-ff32-f0d7b66dd14a">
      <Execution id="bc129749-09cb-4f49-ad25-41ceb20c393b" />
      <TestMethod codeBase="C:\Users\Michal\Workspace\github\FluentValidation\src\FluentValidation.Tests\bin\Release\netcoreapp3.1\FluentValidation.Tests.dll" adapterTypeName="executor://xunit/VsTestRunner2" className="FluentValidation.Tests.ConditionTests" name="Condition_is_applied_to_single_validator_in_the_chain_when_ApplyConditionTo_set_to_CurrentValidator" />
    </UnitTest>
    <UnitTest name="FluentValidation.Tests.CascadingFailuresTester.Validation_continues_on_failure_when_set_to_Stop_globally_and_overriden_at_rule_level_legacy" storage="c:\users\michal\workspace\github\fluentvalidation\src\fluentvalidation.tests\bin\release\netcoreapp3.1\fluentvalidation.tests.dll" id="4139ab90-1db2-62ef-e2e3-dae893880ad9">
      <Execution id="99931958-583e-4c4f-b3cb-3d83972b19a5" />
      <TestMethod codeBase="C:\Users\Michal\Workspace\github\FluentValidation\src\FluentValidation.Tests\bin\Release\netcoreapp3.1\FluentValidation.Tests.dll" adapterTypeName="executor://xunit/VsTestRunner2" className="FluentValidation.Tests.CascadingFailuresTester" name="Validation_continues_on_failure_when_set_to_Stop_globally_and_overriden_at_rule_level_legacy" />
    </UnitTest>
    <UnitTest name="FluentValidation.Tests.RulesetTests.Combines_rulesets_and_explicit_properties_async" storage="c:\users\michal\workspace\github\fluentvalidation\src\fluentvalidation.tests\bin\release\netcoreapp3.1\fluentvalidation.tests.dll" id="e0580b53-ace0-da30-245d-134f6605c2ed">
      <Execution id="f6730fe0-aaf1-4795-80dc-b198aef7d632" />
      <TestMethod codeBase="C:\Users\Michal\Workspace\github\FluentValidation\src\FluentValidation.Tests\bin\Release\netcoreapp3.1\FluentValidation.Tests.dll" adapterTypeName="executor://xunit/VsTestRunner2" className="FluentValidation.Tests.RulesetTests" name="Combines_rulesets_and_explicit_properties_async" />
    </UnitTest>
    <UnitTest name="FluentValidation.Tests.ForEachRuleTests.Can_access_parent_index_async" storage="c:\users\michal\workspace\github\fluentvalidation\src\fluentvalidation.tests\bin\release\netcoreapp3.1\fluentvalidation.tests.dll" id="2c2e6c99-d9b2-36df-256c-e09326b610a8">
      <Execution id="c6e66976-b6dc-4f45-8fcd-beca81348835" />
      <TestMethod codeBase="C:\Users\Michal\Workspace\github\FluentValidation\src\FluentValidation.Tests\bin\Release\netcoreapp3.1\FluentValidation.Tests.dll" adapterTypeName="executor://xunit/VsTestRunner2" className="FluentValidation.Tests.ForEachRuleTests" name="Can_access_parent_index_async" />
    </UnitTest>
    <UnitTest name="FluentValidation.Tests.CustomValidatorTester.Perserves_property_chain_using_custom" storage="c:\users\michal\workspace\github\fluentvalidation\src\fluentvalidation.tests\bin\release\netcoreapp3.1\fluentvalidation.tests.dll" id="df84ddc6-0aa2-d4ee-1efa-f3baf3ad8400">
      <Execution id="466bb1d1-4696-461b-9aff-b92384e6e9ad" />
      <TestMethod codeBase="C:\Users\Michal\Workspace\github\FluentValidation\src\FluentValidation.Tests\bin\Release\netcoreapp3.1\FluentValidation.Tests.dll" adapterTypeName="executor://xunit/VsTestRunner2" className="FluentValidation.Tests.CustomValidatorTester" name="Perserves_property_chain_using_custom" />
    </UnitTest>
    <UnitTest name="FluentValidation.Tests.ValidatorTesterTester.ShouldHaveValidationError_model_async_throws" storage="c:\users\michal\workspace\github\fluentvalidation\src\fluentvalidation.tests\bin\release\netcoreapp3.1\fluentvalidation.tests.dll" id="e22bdd56-de91-68f4-4450-270db4bd13e0">
      <Execution id="113a1170-4082-4e22-9df6-e006e5d026cd" />
      <TestMethod codeBase="C:\Users\Michal\Workspace\github\FluentValidation\src\FluentValidation.Tests\bin\Release\netcoreapp3.1\FluentValidation.Tests.dll" adapterTypeName="executor://xunit/VsTestRunner2" className="FluentValidation.Tests.ValidatorTesterTester" name="ShouldHaveValidationError_model_async_throws" />
    </UnitTest>
    <UnitTest name="FluentValidation.Tests.EmptyTester.Passes_when_collection_empty" storage="c:\users\michal\workspace\github\fluentvalidation\src\fluentvalidation.tests\bin\release\netcoreapp3.1\fluentvalidation.tests.dll" id="78a18727-91a3-067d-14da-c0fecf425d72">
      <Execution id="72200695-c6f5-4cc0-874e-1a49fc2975e6" />
      <TestMethod codeBase="C:\Users\Michal\Workspace\github\FluentValidation\src\FluentValidation.Tests\bin\Release\netcoreapp3.1\FluentValidation.Tests.dll" adapterTypeName="executor://xunit/VsTestRunner2" className="FluentValidation.Tests.EmptyTester" name="Passes_when_collection_empty" />
    </UnitTest>
    <UnitTest name="FluentValidation.Tests.CollectionValidatorWithParentTests.Validates_collection_several_levels_deep" storage="c:\users\michal\workspace\github\fluentvalidation\src\fluentvalidation.tests\bin\release\netcoreapp3.1\fluentvalidation.tests.dll" id="20972a3c-a0dd-bee9-5885-2e2e8e294327">
      <Execution id="a6f837c7-1d88-484d-83ac-85c94b6f869f" />
      <TestMethod codeBase="C:\Users\Michal\Workspace\github\FluentValidation\src\FluentValidation.Tests\bin\Release\netcoreapp3.1\FluentValidation.Tests.dll" adapterTypeName="executor://xunit/VsTestRunner2" className="FluentValidation.Tests.CollectionValidatorWithParentTests" name="Validates_collection_several_levels_deep" />
    </UnitTest>
    <UnitTest name="FluentValidation.Tests.StringEnumValidatorTests.When_validation_fails_the_default_error_should_be_set" storage="c:\users\michal\workspace\github\fluentvalidation\src\fluentvalidation.tests\bin\release\netcoreapp3.1\fluentvalidation.tests.dll" id="c706f17f-868a-a0e1-32a2-35a626e971a3">
      <Execution id="872ad4cf-abb6-4504-8ed7-a82d77d82d93" />
      <TestMethod codeBase="C:\Users\Michal\Workspace\github\FluentValidation\src\FluentValidation.Tests\bin\Release\netcoreapp3.1\FluentValidation.Tests.dll" adapterTypeName="executor://xunit/VsTestRunner2" className="FluentValidation.Tests.StringEnumValidatorTests" name="When_validation_fails_the_default_error_should_be_set" />
    </UnitTest>
    <UnitTest name="FluentValidation.Tests.NameResolutionPluggabilityTester.Resolves_nested_properties" storage="c:\users\michal\workspace\github\fluentvalidation\src\fluentvalidation.tests\bin\release\netcoreapp3.1\fluentvalidation.tests.dll" id="5ccb425e-cad0-e99f-3de8-bc3f47d3717f">
      <Execution id="228d1ca6-9728-428b-b5a8-0718771d9297" />
      <TestMethod codeBase="C:\Users\Michal\Workspace\github\FluentValidation\src\FluentValidation.Tests\bin\Release\netcoreapp3.1\FluentValidation.Tests.dll" adapterTypeName="executor://xunit/VsTestRunner2" className="FluentValidation.Tests.NameResolutionPluggabilityTester" name="Resolves_nested_properties" />
    </UnitTest>
    <UnitTest name="FluentValidation.Tests.ChainedValidationTester.Can_validate_using_validator_for_base_type" storage="c:\users\michal\workspace\github\fluentvalidation\src\fluentvalidation.tests\bin\release\netcoreapp3.1\fluentvalidation.tests.dll" id="afb395df-695b-3f82-04ba-745a57a54112">
      <Execution id="ad19cff3-c262-4951-aed2-a50298333537" />
      <TestMethod codeBase="C:\Users\Michal\Workspace\github\FluentValidation\src\FluentValidation.Tests\bin\Release\netcoreapp3.1\FluentValidation.Tests.dll" adapterTypeName="executor://xunit/VsTestRunner2" className="FluentValidation.Tests.ChainedValidationTester" name="Can_validate_using_validator_for_base_type" />
    </UnitTest>
    <UnitTest name="FluentValidation.Tests.AbstractValidatorTester.Validates_type_when_using_non_generic_validate_overload" storage="c:\users\michal\workspace\github\fluentvalidation\src\fluentvalidation.tests\bin\release\netcoreapp3.1\fluentvalidation.tests.dll" id="7f921672-1184-60bd-68d4-5b93e5d342bd">
      <Execution id="3d8ff931-bbaa-4348-93b8-6eaa8214e6e8" />
      <TestMethod codeBase="C:\Users\Michal\Workspace\github\FluentValidation\src\FluentValidation.Tests\bin\Release\netcoreapp3.1\FluentValidation.Tests.dll" adapterTypeName="executor://xunit/VsTestRunner2" className="FluentValidation.Tests.AbstractValidatorTester" name="Validates_type_when_using_non_generic_validate_overload" />
    </UnitTest>
    <UnitTest name="FluentValidation.Tests.LanguageManagerTests.All_languages_should_be_loaded" storage="c:\users\michal\workspace\github\fluentvalidation\src\fluentvalidation.tests\bin\release\netcoreapp3.1\fluentvalidation.tests.dll" id="8d6407d8-7630-8989-05ee-73fca9c441dd">
      <Execution id="69f58fb1-8475-4939-ba39-5c3430c46397" />
      <TestMethod codeBase="C:\Users\Michal\Workspace\github\FluentValidation\src\FluentValidation.Tests\bin\Release\netcoreapp3.1\FluentValidation.Tests.dll" adapterTypeName="executor://xunit/VsTestRunner2" className="FluentValidation.Tests.LanguageManagerTests" name="All_languages_should_be_loaded" />
    </UnitTest>
    <UnitTest name="FluentValidation.Tests.AbstractValidatorTester.Should_be_valid_when_there_are_no_failures_for_single_property" storage="c:\users\michal\workspace\github\fluentvalidation\src\fluentvalidation.tests\bin\release\netcoreapp3.1\fluentvalidation.tests.dll" id="91f2f98a-9179-4991-94f2-143a77fed054">
      <Execution id="e9cd2b89-fbf3-49b4-86a3-45ca7675cd62" />
      <TestMethod codeBase="C:\Users\Michal\Workspace\github\FluentValidation\src\FluentValidation.Tests\bin\Release\netcoreapp3.1\FluentValidation.Tests.dll" adapterTypeName="executor://xunit/VsTestRunner2" className="FluentValidation.Tests.AbstractValidatorTester" name="Should_be_valid_when_there_are_no_failures_for_single_property" />
    </UnitTest>
    <UnitTest name="FluentValidation.Tests.ConditionTests.Async_condition_is_applied_to_all_validators_in_the_chain" storage="c:\users\michal\workspace\github\fluentvalidation\src\fluentvalidation.tests\bin\release\netcoreapp3.1\fluentvalidation.tests.dll" id="2a4f2ac6-a10b-11a5-db10-2d2276205ebc">
      <Execution id="e9ce9e1b-241a-425e-beb2-aeb495dfd909" />
      <TestMethod codeBase="C:\Users\Michal\Workspace\github\FluentValidation\src\FluentValidation.Tests\bin\Release\netcoreapp3.1\FluentValidation.Tests.dll" adapterTypeName="executor://xunit/VsTestRunner2" className="FluentValidation.Tests.ConditionTests" name="Async_condition_is_applied_to_all_validators_in_the_chain" />
    </UnitTest>
    <UnitTest name="FluentValidation.Tests.UserSeverityTester.Stores_user_severity_against_validation_failure" storage="c:\users\michal\workspace\github\fluentvalidation\src\fluentvalidation.tests\bin\release\netcoreapp3.1\fluentvalidation.tests.dll" id="379345ed-1d1a-778b-aeaf-f2230bdf6ac8">
      <Execution id="c26c0558-92c8-41ad-a209-d3e04ecdc84b" />
      <TestMethod codeBase="C:\Users\Michal\Workspace\github\FluentValidation\src\FluentValidation.Tests\bin\Release\netcoreapp3.1\FluentValidation.Tests.dll" adapterTypeName="executor://xunit/VsTestRunner2" className="FluentValidation.Tests.UserSeverityTester" name="Stores_user_severity_against_validation_failure" />
    </UnitTest>
    <UnitTest name="FluentValidation.Tests.SharedConditionTests.Rules_invoke_when_inverse_shared_async_condition_matches" storage="c:\users\michal\workspace\github\fluentvalidation\src\fluentvalidation.tests\bin\release\netcoreapp3.1\fluentvalidation.tests.dll" id="5543f404-50e8-91e1-f357-498f7d4c00e0">
      <Execution id="ad6312a3-d923-4f04-9d0d-e5e33bbfa993" />
      <TestMethod codeBase="C:\Users\Michal\Workspace\github\FluentValidation\src\FluentValidation.Tests\bin\Release\netcoreapp3.1\FluentValidation.Tests.dll" adapterTypeName="executor://xunit/VsTestRunner2" className="FluentValidation.Tests.SharedConditionTests" name="Rules_invoke_when_inverse_shared_async_condition_matches" />
    </UnitTest>
    <UnitTest name="FluentValidation.Tests.RuleBuilderTests.Should_compile_expression" storage="c:\users\michal\workspace\github\fluentvalidation\src\fluentvalidation.tests\bin\release\netcoreapp3.1\fluentvalidation.tests.dll" id="247ce3c8-abe4-1fcb-1bce-32fed8bed499">
      <Execution id="63a9eedc-af69-402e-b0a7-149fbe477da7" />
      <TestMethod codeBase="C:\Users\Michal\Workspace\github\FluentValidation\src\FluentValidation.Tests\bin\Release\netcoreapp3.1\FluentValidation.Tests.dll" adapterTypeName="executor://xunit/VsTestRunner2" className="FluentValidation.Tests.RuleBuilderTests" name="Should_compile_expression" />
    </UnitTest>
    <UnitTest name="FluentValidation.Tests.CollectionValidatorWithParentTests.Should_work_with_top_level_collection_validator" storage="c:\users\michal\workspace\github\fluentvalidation\src\fluentvalidation.tests\bin\release\netcoreapp3.1\fluentvalidation.tests.dll" id="09c978ad-b73c-d872-afab-5d7b5fcc6690">
      <Execution id="d1aaa901-6fb5-4131-aa8f-7571f0cc88ff" />
      <TestMethod codeBase="C:\Users\Michal\Workspace\github\FluentValidation\src\FluentValidation.Tests\bin\Release\netcoreapp3.1\FluentValidation.Tests.dll" adapterTypeName="executor://xunit/VsTestRunner2" className="FluentValidation.Tests.CollectionValidatorWithParentTests" name="Should_work_with_top_level_collection_validator" />
    </UnitTest>
    <UnitTest name="FluentValidation.Tests.EmptyTester.Passes_for_ienumerable_that_doesnt_implement_ICollection" storage="c:\users\michal\workspace\github\fluentvalidation\src\fluentvalidation.tests\bin\release\netcoreapp3.1\fluentvalidation.tests.dll" id="d8d413c5-5d64-7ca2-89ca-58fef6517eb5">
      <Execution id="0eb9599d-5e4b-498a-bcb3-f22d2e0c6ccc" />
      <TestMethod codeBase="C:\Users\Michal\Workspace\github\FluentValidation\src\FluentValidation.Tests\bin\Release\netcoreapp3.1\FluentValidation.Tests.dll" adapterTypeName="executor://xunit/VsTestRunner2" className="FluentValidation.Tests.EmptyTester" name="Passes_for_ienumerable_that_doesnt_implement_ICollection" />
    </UnitTest>
    <UnitTest name="FluentValidation.Tests.MessageFormatterTests.Should_ignore_unknown_numbered_parameters" storage="c:\users\michal\workspace\github\fluentvalidation\src\fluentvalidation.tests\bin\release\netcoreapp3.1\fluentvalidation.tests.dll" id="d43f0884-224b-a41d-8c38-8e374f3caf26">
      <Execution id="fd564cbb-3a71-4ed4-95fd-107613da5789" />
      <TestMethod codeBase="C:\Users\Michal\Workspace\github\FluentValidation\src\FluentValidation.Tests\bin\Release\netcoreapp3.1\FluentValidation.Tests.dll" adapterTypeName="executor://xunit/VsTestRunner2" className="FluentValidation.Tests.MessageFormatterTests" name="Should_ignore_unknown_numbered_parameters" />
    </UnitTest>
    <UnitTest name="FluentValidation.Tests.ChainedValidationTester.Chained_validator_should_not_be_invoked_on_null_property" storage="c:\users\michal\workspace\github\fluentvalidation\src\fluentvalidation.tests\bin\release\netcoreapp3.1\fluentvalidation.tests.dll" id="55927854-7680-1820-6a42-816fea6fb659">
      <Execution id="b160c2ac-0a3d-4235-bb52-2ae44ea17a65" />
      <TestMethod codeBase="C:\Users\Michal\Workspace\github\FluentValidation\src\FluentValidation.Tests\bin\Release\netcoreapp3.1\FluentValidation.Tests.dll" adapterTypeName="executor://xunit/VsTestRunner2" className="FluentValidation.Tests.ChainedValidationTester" name="Chained_validator_should_not_be_invoked_on_null_property" />
    </UnitTest>
    <UnitTest name="FluentValidation.Tests.GreaterThanOrEqualToValidatorTester.Should_fail_when_less_than_input" storage="c:\users\michal\workspace\github\fluentvalidation\src\fluentvalidation.tests\bin\release\netcoreapp3.1\fluentvalidation.tests.dll" id="983c99ef-2586-6576-f0ba-c685edecd330">
      <Execution id="b6582da6-0ed8-4bcb-9b10-9c411d6da652" />
      <TestMethod codeBase="C:\Users\Michal\Workspace\github\FluentValidation\src\FluentValidation.Tests\bin\Release\netcoreapp3.1\FluentValidation.Tests.dll" adapterTypeName="executor://xunit/VsTestRunner2" className="FluentValidation.Tests.GreaterThanOrEqualToValidatorTester" name="Should_fail_when_less_than_input" />
    </UnitTest>
    <UnitTest name="FluentValidation.Tests.NotEmptyTester.When_there_is_a_value_then_the_validator_should_pass" storage="c:\users\michal\workspace\github\fluentvalidation\src\fluentvalidation.tests\bin\release\netcoreapp3.1\fluentvalidation.tests.dll" id="cbe99e6a-c47b-3b3f-e397-8ee8212cd1aa">
      <Execution id="ddd483c0-59ce-44c2-98db-028bd63170b8" />
      <TestMethod codeBase="C:\Users\Michal\Workspace\github\FluentValidation\src\FluentValidation.Tests\bin\Release\netcoreapp3.1\FluentValidation.Tests.dll" adapterTypeName="executor://xunit/VsTestRunner2" className="FluentValidation.Tests.NotEmptyTester" name="When_there_is_a_value_then_the_validator_should_pass" />
    </UnitTest>
    <UnitTest name="FluentValidation.Tests.ValidatorTesterTester.ShouldHaveValidationError_preconstructed_object_does_not_throw_for_unwritable_property" storage="c:\users\michal\workspace\github\fluentvalidation\src\fluentvalidation.tests\bin\release\netcoreapp3.1\fluentvalidation.tests.dll" id="8516e1ad-6fba-d39f-e1e4-84f487ff2327">
      <Execution id="97673b26-b00e-41a8-b5be-aa6ecfe65987" />
      <TestMethod codeBase="C:\Users\Michal\Workspace\github\FluentValidation\src\FluentValidation.Tests\bin\Release\netcoreapp3.1\FluentValidation.Tests.dll" adapterTypeName="executor://xunit/VsTestRunner2" className="FluentValidation.Tests.ValidatorTesterTester" name="ShouldHaveValidationError_preconstructed_object_does_not_throw_for_unwritable_property" />
    </UnitTest>
    <UnitTest name="FluentValidation.Tests.DefaultValidatorExtensionTester.Must_should_create_PredicateValidator_with_context" storage="c:\users\michal\workspace\github\fluentvalidation\src\fluentvalidation.tests\bin\release\netcoreapp3.1\fluentvalidation.tests.dll" id="4ec25b39-00dc-a896-6712-c9127449b6f4">
      <Execution id="4f9861af-f4ec-44fb-a011-72eab0ce2c78" />
      <TestMethod codeBase="C:\Users\Michal\Workspace\github\FluentValidation\src\FluentValidation.Tests\bin\Release\netcoreapp3.1\FluentValidation.Tests.dll" adapterTypeName="executor://xunit/VsTestRunner2" className="FluentValidation.Tests.DefaultValidatorExtensionTester" name="Must_should_create_PredicateValidator_with_context" />
    </UnitTest>
    <UnitTest name="FluentValidation.Tests.ComplexValidationTester.Can_validate_using_validator_for_base_type" storage="c:\users\michal\workspace\github\fluentvalidation\src\fluentvalidation.tests\bin\release\netcoreapp3.1\fluentvalidation.tests.dll" id="36758a6a-c858-e262-32c4-70704f2bacad">
      <Execution id="b5ad0862-88bd-4940-a7b9-422efb8c162d" />
      <TestMethod codeBase="C:\Users\Michal\Workspace\github\FluentValidation\src\FluentValidation.Tests\bin\Release\netcoreapp3.1\FluentValidation.Tests.dll" adapterTypeName="executor://xunit/VsTestRunner2" className="FluentValidation.Tests.ComplexValidationTester" name="Can_validate_using_validator_for_base_type" />
    </UnitTest>
    <UnitTest name="FluentValidation.Tests.RulesetTests.Executes_in_rule_in_default_and_none" storage="c:\users\michal\workspace\github\fluentvalidation\src\fluentvalidation.tests\bin\release\netcoreapp3.1\fluentvalidation.tests.dll" id="ed0ee332-b1ce-622d-5d3d-4ba34d887e44">
      <Execution id="6e9a82c2-5bd3-402f-9594-5aef4d1fd01c" />
      <TestMethod codeBase="C:\Users\Michal\Workspace\github\FluentValidation\src\FluentValidation.Tests\bin\Release\netcoreapp3.1\FluentValidation.Tests.dll" adapterTypeName="executor://xunit/VsTestRunner2" className="FluentValidation.Tests.RulesetTests" name="Executes_in_rule_in_default_and_none" />
    </UnitTest>
    <UnitTest name="FluentValidation.Tests.GreaterThanOrEqualToValidatorTester.Validates_with_nullable_when_property_not_null_cross_property" storage="c:\users\michal\workspace\github\fluentvalidation\src\fluentvalidation.tests\bin\release\netcoreapp3.1\fluentvalidation.tests.dll" id="28582f1f-c48a-bba4-4ae3-8855be03d6ac">
      <Execution id="1b425a53-569e-478e-b0a2-afb9e93d5e99" />
      <TestMethod codeBase="C:\Users\Michal\Workspace\github\FluentValidation\src\FluentValidation.Tests\bin\Release\netcoreapp3.1\FluentValidation.Tests.dll" adapterTypeName="executor://xunit/VsTestRunner2" className="FluentValidation.Tests.GreaterThanOrEqualToValidatorTester" name="Validates_with_nullable_when_property_not_null_cross_property" />
    </UnitTest>
    <UnitTest name="FluentValidation.Tests.UserSeverityTester.Correctly_provides_object_being_validated" storage="c:\users\michal\workspace\github\fluentvalidation\src\fluentvalidation.tests\bin\release\netcoreapp3.1\fluentvalidation.tests.dll" id="407d13ba-1f9f-370e-36db-69b2f26a2b4c">
      <Execution id="b0385ad6-d163-437e-8593-c56cf75ded1f" />
      <TestMethod codeBase="C:\Users\Michal\Workspace\github\FluentValidation\src\FluentValidation.Tests\bin\Release\netcoreapp3.1\FluentValidation.Tests.dll" adapterTypeName="executor://xunit/VsTestRunner2" className="FluentValidation.Tests.UserSeverityTester" name="Correctly_provides_object_being_validated" />
    </UnitTest>
    <UnitTest name="FluentValidation.Tests.ComplexValidationTester.Async_condition_should_work_with_complex_property_when_validator_invoked_synchronously" storage="c:\users\michal\workspace\github\fluentvalidation\src\fluentvalidation.tests\bin\release\netcoreapp3.1\fluentvalidation.tests.dll" id="1bab6ad3-97f7-2be2-7365-9c7d7474b915">
      <Execution id="3830c115-11af-433e-89cd-ad808737e175" />
      <TestMethod codeBase="C:\Users\Michal\Workspace\github\FluentValidation\src\FluentValidation.Tests\bin\Release\netcoreapp3.1\FluentValidation.Tests.dll" adapterTypeName="executor://xunit/VsTestRunner2" className="FluentValidation.Tests.ComplexValidationTester" name="Async_condition_should_work_with_complex_property_when_validator_invoked_synchronously" />
    </UnitTest>
    <UnitTest name="FluentValidation.Tests.CascadingFailuresTester.Validation_stops_on_first_failure_when_set_to_StopOnFirstFailure_at_validator_level_async" storage="c:\users\michal\workspace\github\fluentvalidation\src\fluentvalidation.tests\bin\release\netcoreapp3.1\fluentvalidation.tests.dll" id="5d4ac87b-40ce-8357-9d6c-005d08826ab3">
      <Execution id="00645219-f9e0-4571-aee8-e5970fed315e" />
      <TestMethod codeBase="C:\Users\Michal\Workspace\github\FluentValidation\src\FluentValidation.Tests\bin\Release\netcoreapp3.1\FluentValidation.Tests.dll" adapterTypeName="executor://xunit/VsTestRunner2" className="FluentValidation.Tests.CascadingFailuresTester" name="Validation_stops_on_first_failure_when_set_to_StopOnFirstFailure_at_validator_level_async" />
    </UnitTest>
    <UnitTest name="FluentValidation.Tests.RuleBuilderTests.Should_throw_if_overriding_validator_is_null" storage="c:\users\michal\workspace\github\fluentvalidation\src\fluentvalidation.tests\bin\release\netcoreapp3.1\fluentvalidation.tests.dll" id="4297bf34-44a7-3e5f-5843-652d30915ebd">
      <Execution id="aa281f1c-c0ab-4d28-8b31-ff2af5508e69" />
      <TestMethod codeBase="C:\Users\Michal\Workspace\github\FluentValidation\src\FluentValidation.Tests\bin\Release\netcoreapp3.1\FluentValidation.Tests.dll" adapterTypeName="executor://xunit/VsTestRunner2" className="FluentValidation.Tests.RuleBuilderTests" name="Should_throw_if_overriding_validator_is_null" />
    </UnitTest>
    <UnitTest name="FluentValidation.Tests.RuleBuilderTests.Should_throw_when_async_predicate_is_null" storage="c:\users\michal\workspace\github\fluentvalidation\src\fluentvalidation.tests\bin\release\netcoreapp3.1\fluentvalidation.tests.dll" id="95a643b5-bc25-f333-7656-f7d03e26d4a2">
      <Execution id="9253aa62-611b-4b0f-bf85-44702279ca37" />
      <TestMethod codeBase="C:\Users\Michal\Workspace\github\FluentValidation\src\FluentValidation.Tests\bin\Release\netcoreapp3.1\FluentValidation.Tests.dll" adapterTypeName="executor://xunit/VsTestRunner2" className="FluentValidation.Tests.RuleBuilderTests" name="Should_throw_when_async_predicate_is_null" />
    </UnitTest>
    <UnitTest name="FluentValidation.Tests.LessThanOrEqualToValidatorTester.Validates_with_nullable_property" storage="c:\users\michal\workspace\github\fluentvalidation\src\fluentvalidation.tests\bin\release\netcoreapp3.1\fluentvalidation.tests.dll" id="fa84f317-ff56-89b2-afbd-e1203b2557a6">
      <Execution id="38862add-4511-46f7-958b-487fa32b275d" />
      <TestMethod codeBase="C:\Users\Michal\Workspace\github\FluentValidation\src\FluentValidation.Tests\bin\Release\netcoreapp3.1\FluentValidation.Tests.dll" adapterTypeName="executor://xunit/VsTestRunner2" className="FluentValidation.Tests.LessThanOrEqualToValidatorTester" name="Validates_with_nullable_property" />
    </UnitTest>
    <UnitTest name="FluentValidation.Tests.NullTester.NullValidator_should_fail_if_value_has_value" storage="c:\users\michal\workspace\github\fluentvalidation\src\fluentvalidation.tests\bin\release\netcoreapp3.1\fluentvalidation.tests.dll" id="538b937d-50eb-d7d4-102f-4c200712fa86">
      <Execution id="1be8097a-b978-4a19-9988-55ea75b88c87" />
      <TestMethod codeBase="C:\Users\Michal\Workspace\github\FluentValidation\src\FluentValidation.Tests\bin\Release\netcoreapp3.1\FluentValidation.Tests.dll" adapterTypeName="executor://xunit/VsTestRunner2" className="FluentValidation.Tests.NullTester" name="NullValidator_should_fail_if_value_has_value" />
    </UnitTest>
    <UnitTest name="FluentValidation.Tests.ForEachRuleTests.Condition_should_work_with_child_collection" storage="c:\users\michal\workspace\github\fluentvalidation\src\fluentvalidation.tests\bin\release\netcoreapp3.1\fluentvalidation.tests.dll" id="e0d7a35b-fa6e-d170-6f40-d6ca7f388848">
      <Execution id="efc721c0-1ac9-40bc-960a-cf51af1eaf14" />
      <TestMethod codeBase="C:\Users\Michal\Workspace\github\FluentValidation\src\FluentValidation.Tests\bin\Release\netcoreapp3.1\FluentValidation.Tests.dll" adapterTypeName="executor://xunit/VsTestRunner2" className="FluentValidation.Tests.ForEachRuleTests" name="Condition_should_work_with_child_collection" />
    </UnitTest>
    <UnitTest name="FluentValidation.Tests.AbstractValidatorTester.RuleForeach_with_null_instances" storage="c:\users\michal\workspace\github\fluentvalidation\src\fluentvalidation.tests\bin\release\netcoreapp3.1\fluentvalidation.tests.dll" id="b1398794-96fa-068a-b870-c2e83f837cfa">
      <Execution id="24fb8802-81b4-4b3d-8fe5-add31bcfa930" />
      <TestMethod codeBase="C:\Users\Michal\Workspace\github\FluentValidation\src\FluentValidation.Tests\bin\Release\netcoreapp3.1\FluentValidation.Tests.dll" adapterTypeName="executor://xunit/VsTestRunner2" className="FluentValidation.Tests.AbstractValidatorTester" name="RuleForeach_with_null_instances" />
    </UnitTest>
    <UnitTest name="FluentValidation.Tests.GreaterThanValidatorTester.Should_succeed_when_greater_than_input" storage="c:\users\michal\workspace\github\fluentvalidation\src\fluentvalidation.tests\bin\release\netcoreapp3.1\fluentvalidation.tests.dll" id="27511646-95ae-fe46-56d0-76d954089d2a">
      <Execution id="9edf0d3f-68f5-4ae4-b52a-ec0347cb4e6f" />
      <TestMethod codeBase="C:\Users\Michal\Workspace\github\FluentValidation\src\FluentValidation.Tests\bin\Release\netcoreapp3.1\FluentValidation.Tests.dll" adapterTypeName="executor://xunit/VsTestRunner2" className="FluentValidation.Tests.GreaterThanValidatorTester" name="Should_succeed_when_greater_than_input" />
    </UnitTest>
    <UnitTest name="FluentValidation.Tests.StringEnumValidatorTests.IsValidTests_CaseSensitive_CaseIncorrect" storage="c:\users\michal\workspace\github\fluentvalidation\src\fluentvalidation.tests\bin\release\netcoreapp3.1\fluentvalidation.tests.dll" id="d423423d-0b23-0f92-88ac-2186ba47f09b">
      <Execution id="375fb557-3e97-4aa0-8e7e-bd6a49eedd03" />
      <TestMethod codeBase="C:\Users\Michal\Workspace\github\FluentValidation\src\FluentValidation.Tests\bin\Release\netcoreapp3.1\FluentValidation.Tests.dll" adapterTypeName="executor://xunit/VsTestRunner2" className="FluentValidation.Tests.StringEnumValidatorTests" name="IsValidTests_CaseSensitive_CaseIncorrect" />
    </UnitTest>
    <UnitTest name="FluentValidation.Tests.PredicateValidatorTester.When_validation_fails_metadata_should_be_set_on_failure" storage="c:\users\michal\workspace\github\fluentvalidation\src\fluentvalidation.tests\bin\release\netcoreapp3.1\fluentvalidation.tests.dll" id="06014212-f1a7-dc84-1f6e-240f881f5e83">
      <Execution id="b637229c-ac23-4eff-9919-ccc5ed88678f" />
      <TestMethod codeBase="C:\Users\Michal\Workspace\github\FluentValidation\src\FluentValidation.Tests\bin\Release\netcoreapp3.1\FluentValidation.Tests.dll" adapterTypeName="executor://xunit/VsTestRunner2" className="FluentValidation.Tests.PredicateValidatorTester" name="When_validation_fails_metadata_should_be_set_on_failure" />
    </UnitTest>
    <UnitTest name="FluentValidation.Tests.RuleDependencyTests.Async_inside_dependent_rules_when_parent_rule_not_async" storage="c:\users\michal\workspace\github\fluentvalidation\src\fluentvalidation.tests\bin\release\netcoreapp3.1\fluentvalidation.tests.dll" id="70a9c0d5-e271-2073-8a4c-3b5cbf38153e">
      <Execution id="253b29ea-6726-450d-8720-a109e80695da" />
      <TestMethod codeBase="C:\Users\Michal\Workspace\github\FluentValidation\src\FluentValidation.Tests\bin\Release\netcoreapp3.1\FluentValidation.Tests.dll" adapterTypeName="executor://xunit/VsTestRunner2" className="FluentValidation.Tests.RuleDependencyTests" name="Async_inside_dependent_rules_when_parent_rule_not_async" />
    </UnitTest>
    <UnitTest name="FluentValidation.Tests.StringEnumValidatorTests.When_the_property_is_initialized_with_empty_string_then_the_validator_should_fail" storage="c:\users\michal\workspace\github\fluentvalidation\src\fluentvalidation.tests\bin\release\netcoreapp3.1\fluentvalidation.tests.dll" id="c2c2b07b-e096-ac2f-e29e-a6c8a239d699">
      <Execution id="8f52e74f-54e8-4131-9277-5d183a0b3987" />
      <TestMethod codeBase="C:\Users\Michal\Workspace\github\FluentValidation\src\FluentValidation.Tests\bin\Release\netcoreapp3.1\FluentValidation.Tests.dll" adapterTypeName="executor://xunit/VsTestRunner2" className="FluentValidation.Tests.StringEnumValidatorTests" name="When_the_property_is_initialized_with_empty_string_then_the_validator_should_fail" />
    </UnitTest>
    <UnitTest name="FluentValidation.Tests.TransformTests.Transforms_collection_element" storage="c:\users\michal\workspace\github\fluentvalidation\src\fluentvalidation.tests\bin\release\netcoreapp3.1\fluentvalidation.tests.dll" id="286ec18e-8e8d-3c33-2fbb-8ef480e78850">
      <Execution id="2766949a-39c9-4fb9-afd9-574398d496cd" />
      <TestMethod codeBase="C:\Users\Michal\Workspace\github\FluentValidation\src\FluentValidation.Tests\bin\Release\netcoreapp3.1\FluentValidation.Tests.dll" adapterTypeName="executor://xunit/VsTestRunner2" className="FluentValidation.Tests.TransformTests" name="Transforms_collection_element" />
    </UnitTest>
    <UnitTest name="FluentValidation.Tests.LanguageManagerTests.Gets_translation_for_serbian_culture" storage="c:\users\michal\workspace\github\fluentvalidation\src\fluentvalidation.tests\bin\release\netcoreapp3.1\fluentvalidation.tests.dll" id="adf509e8-c4e8-3dcd-e3d9-d5adebd3c004">
      <Execution id="82a5e6d1-f873-4b8a-ab00-7c222aad795f" />
      <TestMethod codeBase="C:\Users\Michal\Workspace\github\FluentValidation\src\FluentValidation.Tests\bin\Release\netcoreapp3.1\FluentValidation.Tests.dll" adapterTypeName="executor://xunit/VsTestRunner2" className="FluentValidation.Tests.LanguageManagerTests" name="Gets_translation_for_serbian_culture" />
    </UnitTest>
    <UnitTest name="FluentValidation.Tests.LessThanValidatorTester.Validates_nullable_with_nullable_property" storage="c:\users\michal\workspace\github\fluentvalidation\src\fluentvalidation.tests\bin\release\netcoreapp3.1\fluentvalidation.tests.dll" id="51a1d479-0b5b-88a6-241c-a03395d0e783">
      <Execution id="0871fedb-acab-45d2-9565-9e1fcd9d783c" />
      <TestMethod codeBase="C:\Users\Michal\Workspace\github\FluentValidation\src\FluentValidation.Tests\bin\Release\netcoreapp3.1\FluentValidation.Tests.dll" adapterTypeName="executor://xunit/VsTestRunner2" className="FluentValidation.Tests.LessThanValidatorTester" name="Validates_nullable_with_nullable_property" />
    </UnitTest>
    <UnitTest name="FluentValidation.Tests.RuleDependencyTests.Nested_dependent_rules_inside_ruleset_no_result_when_second_level_fails" storage="c:\users\michal\workspace\github\fluentvalidation\src\fluentvalidation.tests\bin\release\netcoreapp3.1\fluentvalidation.tests.dll" id="84f08d66-d18e-a14f-5527-d1bad7ea63e4">
      <Execution id="aad2e15c-40c1-4ad7-85e6-0291e25b7295" />
      <TestMethod codeBase="C:\Users\Michal\Workspace\github\FluentValidation\src\FluentValidation.Tests\bin\Release\netcoreapp3.1\FluentValidation.Tests.dll" adapterTypeName="executor://xunit/VsTestRunner2" className="FluentValidation.Tests.RuleDependencyTests" name="Nested_dependent_rules_inside_ruleset_no_result_when_second_level_fails" />
    </UnitTest>
    <UnitTest name="FluentValidation.Tests.AbstractValidatorTester.Validates_single_property_by_path" storage="c:\users\michal\workspace\github\fluentvalidation\src\fluentvalidation.tests\bin\release\netcoreapp3.1\fluentvalidation.tests.dll" id="e17c8275-492f-f350-f9ce-532f40898099">
      <Execution id="5e4e1bed-0bf6-4ea3-a9c8-57155eaa389c" />
      <TestMethod codeBase="C:\Users\Michal\Workspace\github\FluentValidation\src\FluentValidation.Tests\bin\Release\netcoreapp3.1\FluentValidation.Tests.dll" adapterTypeName="executor://xunit/VsTestRunner2" className="FluentValidation.Tests.AbstractValidatorTester" name="Validates_single_property_by_path" />
    </UnitTest>
    <UnitTest name="FluentValidation.Tests.InheritanceValidatorTest.Validates_with_callback" storage="c:\users\michal\workspace\github\fluentvalidation\src\fluentvalidation.tests\bin\release\netcoreapp3.1\fluentvalidation.tests.dll" id="3f059983-b689-9d90-05d3-7602a73f1b26">
      <Execution id="9e3c9a4a-3014-48f3-a9f6-cfcf1a9b9698" />
      <TestMethod codeBase="C:\Users\Michal\Workspace\github\FluentValidation\src\FluentValidation.Tests\bin\Release\netcoreapp3.1\FluentValidation.Tests.dll" adapterTypeName="executor://xunit/VsTestRunner2" className="FluentValidation.Tests.InheritanceValidatorTest" name="Validates_with_callback" />
    </UnitTest>
    <UnitTest name="FluentValidation.Tests.SharedConditionTests.Rules_not_invoked_when_inverse_shared_condition_does_not_match" storage="c:\users\michal\workspace\github\fluentvalidation\src\fluentvalidation.tests\bin\release\netcoreapp3.1\fluentvalidation.tests.dll" id="b27675b4-7702-59e6-ba9d-fcf0b29696fc">
      <Execution id="d7a7f4c3-7506-4c40-b192-edf5fc0f3dac" />
      <TestMethod codeBase="C:\Users\Michal\Workspace\github\FluentValidation\src\FluentValidation.Tests\bin\Release\netcoreapp3.1\FluentValidation.Tests.dll" adapterTypeName="executor://xunit/VsTestRunner2" className="FluentValidation.Tests.SharedConditionTests" name="Rules_not_invoked_when_inverse_shared_condition_does_not_match" />
    </UnitTest>
    <UnitTest name="FluentValidation.Tests.EnumValidatorTests.Flags_enum_invalid_when_using_outofrange_positive_value" storage="c:\users\michal\workspace\github\fluentvalidation\src\fluentvalidation.tests\bin\release\netcoreapp3.1\fluentvalidation.tests.dll" id="f6c402b0-b3f5-d01a-976d-aeca876482b2">
      <Execution id="6638b7d8-3abb-4390-b95f-9dd28ac586c4" />
      <TestMethod codeBase="C:\Users\Michal\Workspace\github\FluentValidation\src\FluentValidation.Tests\bin\Release\netcoreapp3.1\FluentValidation.Tests.dll" adapterTypeName="executor://xunit/VsTestRunner2" className="FluentValidation.Tests.EnumValidatorTests" name="Flags_enum_invalid_when_using_outofrange_positive_value" />
    </UnitTest>
    <UnitTest name="FluentValidation.Tests.ComplexValidationTester.Condition_should_work_with_complex_property" storage="c:\users\michal\workspace\github\fluentvalidation\src\fluentvalidation.tests\bin\release\netcoreapp3.1\fluentvalidation.tests.dll" id="ce4f48ba-772c-dcb6-a82c-e9a1f96f5a54">
      <Execution id="ba57781f-1000-458e-9361-a1db61f8375c" />
      <TestMethod codeBase="C:\Users\Michal\Workspace\github\FluentValidation\src\FluentValidation.Tests\bin\Release\netcoreapp3.1\FluentValidation.Tests.dll" adapterTypeName="executor://xunit/VsTestRunner2" className="FluentValidation.Tests.ComplexValidationTester" name="Condition_should_work_with_complex_property" />
    </UnitTest>
    <UnitTest name="FluentValidation.Tests.LengthValidatorTests.When_the_text_is_between_the_range_specified_then_the_validator_should_pass" storage="c:\users\michal\workspace\github\fluentvalidation\src\fluentvalidation.tests\bin\release\netcoreapp3.1\fluentvalidation.tests.dll" id="11021f48-0b41-7e85-3a21-767cadb0e4d1">
      <Execution id="9855639f-a6db-46d1-b3df-8a827beda627" />
      <TestMethod codeBase="C:\Users\Michal\Workspace\github\FluentValidation\src\FluentValidation.Tests\bin\Release\netcoreapp3.1\FluentValidation.Tests.dll" adapterTypeName="executor://xunit/VsTestRunner2" className="FluentValidation.Tests.LengthValidatorTests" name="When_the_text_is_between_the_range_specified_then_the_validator_should_pass" />
    </UnitTest>
    <UnitTest name="FluentValidation.Tests.ComplexValidationTester.Multiple_rules_in_chain_with_childvalidator_shouldnt_reuse_accessor" storage="c:\users\michal\workspace\github\fluentvalidation\src\fluentvalidation.tests\bin\release\netcoreapp3.1\fluentvalidation.tests.dll" id="158bca34-73f6-5fa5-b1fc-82c21feb72b6">
      <Execution id="6cf89fe7-75d0-4136-95a1-e71a428b36f3" />
      <TestMethod codeBase="C:\Users\Michal\Workspace\github\FluentValidation\src\FluentValidation.Tests\bin\Release\netcoreapp3.1\FluentValidation.Tests.dll" adapterTypeName="executor://xunit/VsTestRunner2" className="FluentValidation.Tests.ComplexValidationTester" name="Multiple_rules_in_chain_with_childvalidator_shouldnt_reuse_accessor" />
    </UnitTest>
    <UnitTest name="FluentValidation.Tests.ComplexValidationTester.Explicitly_included_properties_should_be_propagated_to_nested_validators" storage="c:\users\michal\workspace\github\fluentvalidation\src\fluentvalidation.tests\bin\release\netcoreapp3.1\fluentvalidation.tests.dll" id="50bea2a5-c382-c28f-ea74-2a7260194a83">
      <Execution id="3a2ab1a2-a045-4464-a15e-87422f692895" />
      <TestMethod codeBase="C:\Users\Michal\Workspace\github\FluentValidation\src\FluentValidation.Tests\bin\Release\netcoreapp3.1\FluentValidation.Tests.dll" adapterTypeName="executor://xunit/VsTestRunner2" className="FluentValidation.Tests.ComplexValidationTester" name="Explicitly_included_properties_should_be_propagated_to_nested_validators" />
    </UnitTest>
    <UnitTest name="FluentValidation.Tests.NotEqualValidatorTests.Should_use_ordinal_comparison_by_default" storage="c:\users\michal\workspace\github\fluentvalidation\src\fluentvalidation.tests\bin\release\netcoreapp3.1\fluentvalidation.tests.dll" id="c84a9a8d-a78c-84fc-b71f-a174b2f038dd">
      <Execution id="07172bd0-d88a-4166-9708-63e651466a73" />
      <TestMethod codeBase="C:\Users\Michal\Workspace\github\FluentValidation\src\FluentValidation.Tests\bin\Release\netcoreapp3.1\FluentValidation.Tests.dll" adapterTypeName="executor://xunit/VsTestRunner2" className="FluentValidation.Tests.NotEqualValidatorTests" name="Should_use_ordinal_comparison_by_default" />
    </UnitTest>
    <UnitTest name="FluentValidation.Tests.EqualValidatorTests.Should_succeed_on_case_insensitive_comparison" storage="c:\users\michal\workspace\github\fluentvalidation\src\fluentvalidation.tests\bin\release\netcoreapp3.1\fluentvalidation.tests.dll" id="74e8c8c1-16f3-e52a-610f-92c99561ec85">
      <Execution id="0679ef23-e691-40a4-abff-23c3667509b6" />
      <TestMethod codeBase="C:\Users\Michal\Workspace\github\FluentValidation\src\FluentValidation.Tests\bin\Release\netcoreapp3.1\FluentValidation.Tests.dll" adapterTypeName="executor://xunit/VsTestRunner2" className="FluentValidation.Tests.EqualValidatorTests" name="Should_succeed_on_case_insensitive_comparison" />
    </UnitTest>
    <UnitTest name="FluentValidation.Tests.StringEnumValidatorTests.IsValidTests_CaseSensitive_CaseCorrect" storage="c:\users\michal\workspace\github\fluentvalidation\src\fluentvalidation.tests\bin\release\netcoreapp3.1\fluentvalidation.tests.dll" id="d71cca70-ea80-a9b7-c2c6-018674b7d05a">
      <Execution id="8be4823e-84ed-4083-8535-14fcb8c5cff1" />
      <TestMethod codeBase="C:\Users\Michal\Workspace\github\FluentValidation\src\FluentValidation.Tests\bin\Release\netcoreapp3.1\FluentValidation.Tests.dll" adapterTypeName="executor://xunit/VsTestRunner2" className="FluentValidation.Tests.StringEnumValidatorTests" name="IsValidTests_CaseSensitive_CaseCorrect" />
    </UnitTest>
    <UnitTest name="FluentValidation.Tests.ExactLengthValidatorTester.When_the_validator_fails_the_error_message_should_be_set" storage="c:\users\michal\workspace\github\fluentvalidation\src\fluentvalidation.tests\bin\release\netcoreapp3.1\fluentvalidation.tests.dll" id="5ece07f0-9c7f-519c-6fb6-10a383e232bc">
      <Execution id="dec92e0e-4482-4d08-9d83-63066b677732" />
      <TestMethod codeBase="C:\Users\Michal\Workspace\github\FluentValidation\src\FluentValidation.Tests\bin\Release\netcoreapp3.1\FluentValidation.Tests.dll" adapterTypeName="executor://xunit/VsTestRunner2" className="FluentValidation.Tests.ExactLengthValidatorTester" name="When_the_validator_fails_the_error_message_should_be_set" />
    </UnitTest>
    <UnitTest name="FluentValidation.Tests.SharedConditionTests.Shared_When_respects_the_smaller_scope_of_an_inner_Unless_when_the_inner_Unless_predicate_is_satisfied" storage="c:\users\michal\workspace\github\fluentvalidation\src\fluentvalidation.tests\bin\release\netcoreapp3.1\fluentvalidation.tests.dll" id="7bdebccd-4892-4e28-65c2-9880ad4a542f">
      <Execution id="6dd3a504-bf09-4cf8-9379-8b4ab740df1b" />
      <TestMethod codeBase="C:\Users\Michal\Workspace\github\FluentValidation\src\FluentValidation.Tests\bin\Release\netcoreapp3.1\FluentValidation.Tests.dll" adapterTypeName="executor://xunit/VsTestRunner2" className="FluentValidation.Tests.SharedConditionTests" name="Shared_When_respects_the_smaller_scope_of_an_inner_Unless_when_the_inner_Unless_predicate_is_satisfied" />
    </UnitTest>
    <UnitTest name="FluentValidation.Tests.CustomValidatorTester.New_custom_uses_empty_property_name_for_model_level_rule" storage="c:\users\michal\workspace\github\fluentvalidation\src\fluentvalidation.tests\bin\release\netcoreapp3.1\fluentvalidation.tests.dll" id="62f37642-e289-197b-e045-32d289fdd8ab">
      <Execution id="1dc953bf-890c-4b8c-a234-e3071c912f62" />
      <TestMethod codeBase="C:\Users\Michal\Workspace\github\FluentValidation\src\FluentValidation.Tests\bin\Release\netcoreapp3.1\FluentValidation.Tests.dll" adapterTypeName="executor://xunit/VsTestRunner2" className="FluentValidation.Tests.CustomValidatorTester" name="New_custom_uses_empty_property_name_for_model_level_rule" />
    </UnitTest>
    <UnitTest name="FluentValidation.Tests.NotEqualValidatorTests.When_the_validator_fails_the_error_message_should_be_set" storage="c:\users\michal\workspace\github\fluentvalidation\src\fluentvalidation.tests\bin\release\netcoreapp3.1\fluentvalidation.tests.dll" id="7338afc9-ea9e-0aa2-4c43-8ac1491c3299">
      <Execution id="efb8a499-2b6f-4754-8cb7-20689f06b9d6" />
      <TestMethod codeBase="C:\Users\Michal\Workspace\github\FluentValidation\src\FluentValidation.Tests\bin\Release\netcoreapp3.1\FluentValidation.Tests.dll" adapterTypeName="executor://xunit/VsTestRunner2" className="FluentValidation.Tests.NotEqualValidatorTests" name="When_the_validator_fails_the_error_message_should_be_set" />
    </UnitTest>
    <UnitTest name="FluentValidation.Tests.AbstractValidatorTester.Should_validate_single_property_where_property_as_string" storage="c:\users\michal\workspace\github\fluentvalidation\src\fluentvalidation.tests\bin\release\netcoreapp3.1\fluentvalidation.tests.dll" id="0e913782-d903-242f-76c3-2ef4f700cea9">
      <Execution id="16b9e095-f805-47e3-a279-9864287ea899" />
      <TestMethod codeBase="C:\Users\Michal\Workspace\github\FluentValidation\src\FluentValidation.Tests\bin\Release\netcoreapp3.1\FluentValidation.Tests.dll" adapterTypeName="executor://xunit/VsTestRunner2" className="FluentValidation.Tests.AbstractValidatorTester" name="Should_validate_single_property_where_property_as_string" />
    </UnitTest>
    <UnitTest name="FluentValidation.Tests.AbstractValidatorTester.WithName_should_override_field_name_with_value_from_other_property" storage="c:\users\michal\workspace\github\fluentvalidation\src\fluentvalidation.tests\bin\release\netcoreapp3.1\fluentvalidation.tests.dll" id="1ed6c786-f7f4-4c32-2d85-03c2640d239a">
      <Execution id="97d139fa-10eb-4730-92c2-d6a67226dc11" />
      <TestMethod codeBase="C:\Users\Michal\Workspace\github\FluentValidation\src\FluentValidation.Tests\bin\Release\netcoreapp3.1\FluentValidation.Tests.dll" adapterTypeName="executor://xunit/VsTestRunner2" className="FluentValidation.Tests.AbstractValidatorTester" name="WithName_should_override_field_name_with_value_from_other_property" />
    </UnitTest>
    <UnitTest name="FluentValidation.Tests.ChainedValidationTester.Uses_explicit_ruleset" storage="c:\users\michal\workspace\github\fluentvalidation\src\fluentvalidation.tests\bin\release\netcoreapp3.1\fluentvalidation.tests.dll" id="5524e431-596f-c5d7-17e3-4951037511b5">
      <Execution id="ea299bcf-18f3-4ce8-826f-29b31f115c52" />
      <TestMethod codeBase="C:\Users\Michal\Workspace\github\FluentValidation\src\FluentValidation.Tests\bin\Release\netcoreapp3.1\FluentValidation.Tests.dll" adapterTypeName="executor://xunit/VsTestRunner2" className="FluentValidation.Tests.ChainedValidationTester" name="Uses_explicit_ruleset" />
    </UnitTest>
    <UnitTest name="FluentValidation.Tests.EmptyTester.When_value_is_empty_string_validator_should_pass" storage="c:\users\michal\workspace\github\fluentvalidation\src\fluentvalidation.tests\bin\release\netcoreapp3.1\fluentvalidation.tests.dll" id="632977c8-6b11-4bab-cedb-12759c89e2e1">
      <Execution id="78f1c423-f55e-40ab-a421-fe91d01c5fdc" />
      <TestMethod codeBase="C:\Users\Michal\Workspace\github\FluentValidation\src\FluentValidation.Tests\bin\Release\netcoreapp3.1\FluentValidation.Tests.dll" adapterTypeName="executor://xunit/VsTestRunner2" className="FluentValidation.Tests.EmptyTester" name="When_value_is_empty_string_validator_should_pass" />
    </UnitTest>
    <UnitTest name="FluentValidation.Tests.SharedConditionTests.Shared_async_When_is_applied_to_groupd_rules_when_initial_predicate_is_true_and_all_individual_rules_are_satisfied" storage="c:\users\michal\workspace\github\fluentvalidation\src\fluentvalidation.tests\bin\release\netcoreapp3.1\fluentvalidation.tests.dll" id="4777323e-fa0c-a151-ab70-92c8d0dfd0f7">
      <Execution id="833449c4-3b18-43ab-9572-a34e6d10a47a" />
      <TestMethod codeBase="C:\Users\Michal\Workspace\github\FluentValidation\src\FluentValidation.Tests\bin\Release\netcoreapp3.1\FluentValidation.Tests.dll" adapterTypeName="executor://xunit/VsTestRunner2" className="FluentValidation.Tests.SharedConditionTests" name="Shared_async_When_is_applied_to_groupd_rules_when_initial_predicate_is_true_and_all_individual_rules_are_satisfied" />
    </UnitTest>
    <UnitTest name="FluentValidation.Tests.AbstractValidatorTester.WhenPreValidationReturnsFalse_ResultReturnToUserImmediatly_Validate" storage="c:\users\michal\workspace\github\fluentvalidation\src\fluentvalidation.tests\bin\release\netcoreapp3.1\fluentvalidation.tests.dll" id="4e560a18-0694-4d0f-694f-1d3dd1f6a620">
      <Execution id="6d0b86c8-b8c7-4fa5-adff-7188dec04656" />
      <TestMethod codeBase="C:\Users\Michal\Workspace\github\FluentValidation\src\FluentValidation.Tests\bin\Release\netcoreapp3.1\FluentValidation.Tests.dll" adapterTypeName="executor://xunit/VsTestRunner2" className="FluentValidation.Tests.AbstractValidatorTester" name="WhenPreValidationReturnsFalse_ResultReturnToUserImmediatly_Validate" />
    </UnitTest>
    <UnitTest name="FluentValidation.Tests.NotEmptyTester.When_validation_fails_error_should_be_set" storage="c:\users\michal\workspace\github\fluentvalidation\src\fluentvalidation.tests\bin\release\netcoreapp3.1\fluentvalidation.tests.dll" id="b634cec3-c313-0a00-b39c-5d6b42223fb0">
      <Execution id="27d1e8ee-8b28-4a8f-9014-e58a4c971c4d" />
      <TestMethod codeBase="C:\Users\Michal\Workspace\github\FluentValidation\src\FluentValidation.Tests\bin\Release\netcoreapp3.1\FluentValidation.Tests.dll" adapterTypeName="executor://xunit/VsTestRunner2" className="FluentValidation.Tests.NotEmptyTester" name="When_validation_fails_error_should_be_set" />
    </UnitTest>
    <UnitTest name="FluentValidation.Tests.DefaultValidatorExtensionTester.Must_should_create_PredicateValidator_with_PropertyValidatorContext" storage="c:\users\michal\workspace\github\fluentvalidation\src\fluentvalidation.tests\bin\release\netcoreapp3.1\fluentvalidation.tests.dll" id="ffed89ba-7318-4654-ab1a-1f42d1f714df">
      <Execution id="6fb521ea-46f0-4089-8935-0e6364aa0222" />
      <TestMethod codeBase="C:\Users\Michal\Workspace\github\FluentValidation\src\FluentValidation.Tests\bin\Release\netcoreapp3.1\FluentValidation.Tests.dll" adapterTypeName="executor://xunit/VsTestRunner2" className="FluentValidation.Tests.DefaultValidatorExtensionTester" name="Must_should_create_PredicateValidator_with_PropertyValidatorContext" />
    </UnitTest>
    <UnitTest name="FluentValidation.Tests.ValidationResultTests.Can_serialize_failure" storage="c:\users\michal\workspace\github\fluentvalidation\src\fluentvalidation.tests\bin\release\netcoreapp3.1\fluentvalidation.tests.dll" id="e05793c7-4466-a982-b729-30febffc4ab5">
      <Execution id="bf1afaab-af39-416a-9790-46f73e99ca9a" />
      <TestMethod codeBase="C:\Users\Michal\Workspace\github\FluentValidation\src\FluentValidation.Tests\bin\Release\netcoreapp3.1\FluentValidation.Tests.dll" adapterTypeName="executor://xunit/VsTestRunner2" className="FluentValidation.Tests.ValidationResultTests" name="Can_serialize_failure" />
    </UnitTest>
    <UnitTest name="FluentValidation.Tests.LessThanOrEqualToValidatorTester.Validates_with_nullable_when_property_is_null" storage="c:\users\michal\workspace\github\fluentvalidation\src\fluentvalidation.tests\bin\release\netcoreapp3.1\fluentvalidation.tests.dll" id="5df82292-1ddb-3e29-b038-d268659926ed">
      <Execution id="db41aa7c-1bea-4acb-abd8-f6f20110044b" />
      <TestMethod codeBase="C:\Users\Michal\Workspace\github\FluentValidation\src\FluentValidation.Tests\bin\Release\netcoreapp3.1\FluentValidation.Tests.dll" adapterTypeName="executor://xunit/VsTestRunner2" className="FluentValidation.Tests.LessThanOrEqualToValidatorTester" name="Validates_with_nullable_when_property_is_null" />
    </UnitTest>
    <UnitTest name="FluentValidation.Tests.NotNullTester.Not_null_validator_should_not_crash_with_non_nullable_value_type" storage="c:\users\michal\workspace\github\fluentvalidation\src\fluentvalidation.tests\bin\release\netcoreapp3.1\fluentvalidation.tests.dll" id="6b2c60bb-0dab-ef43-adbc-cd268e93f751">
      <Execution id="bc7156a1-1b2d-4149-8a36-f46cf809877a" />
      <TestMethod codeBase="C:\Users\Michal\Workspace\github\FluentValidation\src\FluentValidation.Tests\bin\Release\netcoreapp3.1\FluentValidation.Tests.dll" adapterTypeName="executor://xunit/VsTestRunner2" className="FluentValidation.Tests.NotNullTester" name="Not_null_validator_should_not_crash_with_non_nullable_value_type" />
    </UnitTest>
    <UnitTest name="FluentValidation.Tests.ValidatorTesterTester.Tests_nested_property_using_obsolete_method" storage="c:\users\michal\workspace\github\fluentvalidation\src\fluentvalidation.tests\bin\release\netcoreapp3.1\fluentvalidation.tests.dll" id="40b46125-aa72-17ad-6e96-6f4f3bbc387e">
      <Execution id="06267a14-28f8-42d9-af34-ff2eb73683c9" />
      <TestMethod codeBase="C:\Users\Michal\Workspace\github\FluentValidation\src\FluentValidation.Tests\bin\Release\netcoreapp3.1\FluentValidation.Tests.dll" adapterTypeName="executor://xunit/VsTestRunner2" className="FluentValidation.Tests.ValidatorTesterTester" name="Tests_nested_property_using_obsolete_method" />
    </UnitTest>
    <UnitTest name="FluentValidation.Tests.NotEqualValidatorTests.Should_not_be_valid_for_case_insensitve_comparison" storage="c:\users\michal\workspace\github\fluentvalidation\src\fluentvalidation.tests\bin\release\netcoreapp3.1\fluentvalidation.tests.dll" id="4646d8fd-2502-d37a-4828-2e5242d3bef1">
      <Execution id="b78a72ed-0d2c-4cbc-8709-058531b3c9e0" />
      <TestMethod codeBase="C:\Users\Michal\Workspace\github\FluentValidation\src\FluentValidation.Tests\bin\Release\netcoreapp3.1\FluentValidation.Tests.dll" adapterTypeName="executor://xunit/VsTestRunner2" className="FluentValidation.Tests.NotEqualValidatorTests" name="Should_not_be_valid_for_case_insensitve_comparison" />
    </UnitTest>
    <UnitTest name="FluentValidation.Tests.CascadingFailuresTester.Validation_stops_on_first_failure_legacy" storage="c:\users\michal\workspace\github\fluentvalidation\src\fluentvalidation.tests\bin\release\netcoreapp3.1\fluentvalidation.tests.dll" id="cb42b6af-e641-fae1-2b39-e593f14a647c">
      <Execution id="73101c22-e145-4ef4-8ef5-7ac24b82815d" />
      <TestMethod codeBase="C:\Users\Michal\Workspace\github\FluentValidation\src\FluentValidation.Tests\bin\Release\netcoreapp3.1\FluentValidation.Tests.dll" adapterTypeName="executor://xunit/VsTestRunner2" className="FluentValidation.Tests.CascadingFailuresTester" name="Validation_stops_on_first_failure_legacy" />
    </UnitTest>
    <UnitTest name="FluentValidation.Tests.ValidatorTesterTester.ShouldHaveChildValidator_should_not_throw_when_property_Does_have_child_validator" storage="c:\users\michal\workspace\github\fluentvalidation\src\fluentvalidation.tests\bin\release\netcoreapp3.1\fluentvalidation.tests.dll" id="c4d47f8c-e474-e94d-6153-b4bf26058fd6">
      <Execution id="9d02068a-ca9a-4a21-838c-756e8f72f208" />
      <TestMethod codeBase="C:\Users\Michal\Workspace\github\FluentValidation\src\FluentValidation.Tests\bin\Release\netcoreapp3.1\FluentValidation.Tests.dll" adapterTypeName="executor://xunit/VsTestRunner2" className="FluentValidation.Tests.ValidatorTesterTester" name="ShouldHaveChildValidator_should_not_throw_when_property_Does_have_child_validator" />
    </UnitTest>
    <UnitTest name="FluentValidation.Tests.ValidatorTesterTester.ShouldNotHaveValidationError_async_model_throws" storage="c:\users\michal\workspace\github\fluentvalidation\src\fluentvalidation.tests\bin\release\netcoreapp3.1\fluentvalidation.tests.dll" id="346bb34e-ff68-5309-1a31-83de53dc067c">
      <Execution id="e15d05a6-5a94-4357-a247-11c49339659b" />
      <TestMethod codeBase="C:\Users\Michal\Workspace\github\FluentValidation\src\FluentValidation.Tests\bin\Release\netcoreapp3.1\FluentValidation.Tests.dll" adapterTypeName="executor://xunit/VsTestRunner2" className="FluentValidation.Tests.ValidatorTesterTester" name="ShouldNotHaveValidationError_async_model_throws" />
    </UnitTest>
    <UnitTest name="FluentValidation.Tests.RulesetTests.Ruleset_cascades_to_child_collection_validator" storage="c:\users\michal\workspace\github\fluentvalidation\src\fluentvalidation.tests\bin\release\netcoreapp3.1\fluentvalidation.tests.dll" id="e423e29b-2c54-f257-fd83-5ee8efd6bd2c">
      <Execution id="4513e37d-ec2e-4947-bcaf-947a974ea7ee" />
      <TestMethod codeBase="C:\Users\Michal\Workspace\github\FluentValidation\src\FluentValidation.Tests\bin\Release\netcoreapp3.1\FluentValidation.Tests.dll" adapterTypeName="executor://xunit/VsTestRunner2" className="FluentValidation.Tests.RulesetTests" name="Ruleset_cascades_to_child_collection_validator" />
    </UnitTest>
    <UnitTest name="FluentValidation.Tests.ChildRulesTests.ChildRules_works_with_RuleSet" storage="c:\users\michal\workspace\github\fluentvalidation\src\fluentvalidation.tests\bin\release\netcoreapp3.1\fluentvalidation.tests.dll" id="42d7a494-e1e2-fe99-7d4a-7a9b44983fed">
      <Execution id="e656c14b-e210-444d-a8e9-d310861160fc" />
      <TestMethod codeBase="C:\Users\Michal\Workspace\github\FluentValidation\src\FluentValidation.Tests\bin\Release\netcoreapp3.1\FluentValidation.Tests.dll" adapterTypeName="executor://xunit/VsTestRunner2" className="FluentValidation.Tests.ChildRulesTests" name="ChildRules_works_with_RuleSet" />
    </UnitTest>
    <UnitTest name="FluentValidation.Tests.ExclusiveBetweenValidatorTests.When_the_validator_fails_the_error_message_should_be_set" storage="c:\users\michal\workspace\github\fluentvalidation\src\fluentvalidation.tests\bin\release\netcoreapp3.1\fluentvalidation.tests.dll" id="27238edc-ef59-5b2d-9340-12a066301652">
      <Execution id="13d4b913-5a27-4774-b200-a2ef5f7dd45a" />
      <TestMethod codeBase="C:\Users\Michal\Workspace\github\FluentValidation\src\FluentValidation.Tests\bin\Release\netcoreapp3.1\FluentValidation.Tests.dll" adapterTypeName="executor://xunit/VsTestRunner2" className="FluentValidation.Tests.ExclusiveBetweenValidatorTests" name="When_the_validator_fails_the_error_message_should_be_set" />
    </UnitTest>
    <UnitTest name="FluentValidation.Tests.DefaultValidatorExtensionTester.MustAsync_should_create_AsyncPredicateValidator_with_context" storage="c:\users\michal\workspace\github\fluentvalidation\src\fluentvalidation.tests\bin\release\netcoreapp3.1\fluentvalidation.tests.dll" id="0b573e2c-827a-73cf-8311-23970547e62e">
      <Execution id="d7a9943c-c38f-40e4-bcca-ae106acf850b" />
      <TestMethod codeBase="C:\Users\Michal\Workspace\github\FluentValidation\src\FluentValidation.Tests\bin\Release\netcoreapp3.1\FluentValidation.Tests.dll" adapterTypeName="executor://xunit/VsTestRunner2" className="FluentValidation.Tests.DefaultValidatorExtensionTester" name="MustAsync_should_create_AsyncPredicateValidator_with_context" />
    </UnitTest>
    <UnitTest name="FluentValidation.Tests.SharedConditionTests.When_condition_only_executed_once" storage="c:\users\michal\workspace\github\fluentvalidation\src\fluentvalidation.tests\bin\release\netcoreapp3.1\fluentvalidation.tests.dll" id="ddbf484e-3870-2ac0-7c19-4020e9dd9706">
      <Execution id="a8e9fd4a-c983-4f98-af49-c71b081ded5f" />
      <TestMethod codeBase="C:\Users\Michal\Workspace\github\FluentValidation\src\FluentValidation.Tests\bin\Release\netcoreapp3.1\FluentValidation.Tests.dll" adapterTypeName="executor://xunit/VsTestRunner2" className="FluentValidation.Tests.SharedConditionTests" name="When_condition_only_executed_once" />
    </UnitTest>
    <UnitTest name="FluentValidation.Tests.ForEachRuleTests.Can_access_colletion_index_async" storage="c:\users\michal\workspace\github\fluentvalidation\src\fluentvalidation.tests\bin\release\netcoreapp3.1\fluentvalidation.tests.dll" id="cc85aac7-f440-fdf2-9644-c7b017f0d056">
      <Execution id="a9aa1f63-ff0f-4dd9-bfae-b2ae59c34b9d" />
      <TestMethod codeBase="C:\Users\Michal\Workspace\github\FluentValidation\src\FluentValidation.Tests\bin\Release\netcoreapp3.1\FluentValidation.Tests.dll" adapterTypeName="executor://xunit/VsTestRunner2" className="FluentValidation.Tests.ForEachRuleTests" name="Can_access_colletion_index_async" />
    </UnitTest>
    <UnitTest name="FluentValidation.Tests.EqualValidatorTests.Should_store_property_to_compare" storage="c:\users\michal\workspace\github\fluentvalidation\src\fluentvalidation.tests\bin\release\netcoreapp3.1\fluentvalidation.tests.dll" id="ea49757d-9a97-2e09-3099-3d4a8a220e98">
      <Execution id="67988902-d2bb-45a3-b841-fe29b24e87e9" />
      <TestMethod codeBase="C:\Users\Michal\Workspace\github\FluentValidation\src\FluentValidation.Tests\bin\Release\netcoreapp3.1\FluentValidation.Tests.dll" adapterTypeName="executor://xunit/VsTestRunner2" className="FluentValidation.Tests.EqualValidatorTests" name="Should_store_property_to_compare" />
    </UnitTest>
    <UnitTest name="FluentValidation.Tests.LanguageManagerTests.Gets_translation_for_culture" storage="c:\users\michal\workspace\github\fluentvalidation\src\fluentvalidation.tests\bin\release\netcoreapp3.1\fluentvalidation.tests.dll" id="179a7fb5-93a1-c3ac-1795-780b984ee482">
      <Execution id="bb4ef7bd-1812-4593-bb46-9e0cda20f6d8" />
      <TestMethod codeBase="C:\Users\Michal\Workspace\github\FluentValidation\src\FluentValidation.Tests\bin\Release\netcoreapp3.1\FluentValidation.Tests.dll" adapterTypeName="executor://xunit/VsTestRunner2" className="FluentValidation.Tests.LanguageManagerTests" name="Gets_translation_for_culture" />
    </UnitTest>
    <UnitTest name="FluentValidation.Tests.DefaultValidatorExtensionTester.Empty_should_create_EmptyValidator" storage="c:\users\michal\workspace\github\fluentvalidation\src\fluentvalidation.tests\bin\release\netcoreapp3.1\fluentvalidation.tests.dll" id="0220137a-4f09-0ca2-d364-3b655a021794">
      <Execution id="c982c76c-5413-4aef-8d60-48313d8d1743" />
      <TestMethod codeBase="C:\Users\Michal\Workspace\github\FluentValidation\src\FluentValidation.Tests\bin\Release\netcoreapp3.1\FluentValidation.Tests.dll" adapterTypeName="executor://xunit/VsTestRunner2" className="FluentValidation.Tests.DefaultValidatorExtensionTester" name="Empty_should_create_EmptyValidator" />
    </UnitTest>
    <UnitTest name="FluentValidation.Tests.RegularExpressionValidatorTests.Uses_lazily_loaded_expression_with_options" storage="c:\users\michal\workspace\github\fluentvalidation\src\fluentvalidation.tests\bin\release\netcoreapp3.1\fluentvalidation.tests.dll" id="72bf0809-4b93-3d95-b556-08cec44f163d">
      <Execution id="f7ca23e3-da54-4014-a6aa-07dd61587125" />
      <TestMethod codeBase="C:\Users\Michal\Workspace\github\FluentValidation\src\FluentValidation.Tests\bin\Release\netcoreapp3.1\FluentValidation.Tests.dll" adapterTypeName="executor://xunit/VsTestRunner2" className="FluentValidation.Tests.RegularExpressionValidatorTests" name="Uses_lazily_loaded_expression_with_options" />
    </UnitTest>
    <UnitTest name="FluentValidation.Tests.NotEmptyTester.Fails_for_array" storage="c:\users\michal\workspace\github\fluentvalidation\src\fluentvalidation.tests\bin\release\netcoreapp3.1\fluentvalidation.tests.dll" id="2b7bd4d4-d7dd-af06-7a3d-f493699add63">
      <Execution id="f32087a4-5c43-40a8-9ed6-a7dfd58a905f" />
      <TestMethod codeBase="C:\Users\Michal\Workspace\github\FluentValidation\src\FluentValidation.Tests\bin\Release\netcoreapp3.1\FluentValidation.Tests.dll" adapterTypeName="executor://xunit/VsTestRunner2" className="FluentValidation.Tests.NotEmptyTester" name="Fails_for_array" />
    </UnitTest>
    <UnitTest name="FluentValidation.Tests.AbstractValidatorTester.WithName_should_override_field_name" storage="c:\users\michal\workspace\github\fluentvalidation\src\fluentvalidation.tests\bin\release\netcoreapp3.1\fluentvalidation.tests.dll" id="bfd52a5e-2b0a-0c9f-5fd5-e8b82f70fca8">
      <Execution id="561e31cd-db26-4e07-9c8c-4014f977141e" />
      <TestMethod codeBase="C:\Users\Michal\Workspace\github\FluentValidation\src\FluentValidation.Tests\bin\Release\netcoreapp3.1\FluentValidation.Tests.dll" adapterTypeName="executor://xunit/VsTestRunner2" className="FluentValidation.Tests.AbstractValidatorTester" name="WithName_should_override_field_name" />
    </UnitTest>
    <UnitTest name="FluentValidation.Tests.CollectionValidatorWithParentTests.Condition_should_work_with_child_collection" storage="c:\users\michal\workspace\github\fluentvalidation\src\fluentvalidation.tests\bin\release\netcoreapp3.1\fluentvalidation.tests.dll" id="561b5ff6-bc24-e653-5aa8-bea6db116649">
      <Execution id="bb81a68d-f0de-44ad-8f34-6a61aea3ba58" />
      <TestMethod codeBase="C:\Users\Michal\Workspace\github\FluentValidation\src\FluentValidation.Tests\bin\Release\netcoreapp3.1\FluentValidation.Tests.dll" adapterTypeName="executor://xunit/VsTestRunner2" className="FluentValidation.Tests.CollectionValidatorWithParentTests" name="Condition_should_work_with_child_collection" />
    </UnitTest>
    <UnitTest name="FluentValidation.Tests.SharedConditionTests.Shared_When_is_applied_to_grouped_rules_when_initial_predicate_is_true" storage="c:\users\michal\workspace\github\fluentvalidation\src\fluentvalidation.tests\bin\release\netcoreapp3.1\fluentvalidation.tests.dll" id="54663fa0-c270-c694-4696-1dea51c0c03c">
      <Execution id="8e96ea5c-d074-4e17-a008-06a9639a9eac" />
      <TestMethod codeBase="C:\Users\Michal\Workspace\github\FluentValidation\src\FluentValidation.Tests\bin\Release\netcoreapp3.1\FluentValidation.Tests.dll" adapterTypeName="executor://xunit/VsTestRunner2" className="FluentValidation.Tests.SharedConditionTests" name="Shared_When_is_applied_to_grouped_rules_when_initial_predicate_is_true" />
    </UnitTest>
    <UnitTest name="FluentValidation.Tests.ValidatorTesterTester.Can_use_indexer_in_string_message" storage="c:\users\michal\workspace\github\fluentvalidation\src\fluentvalidation.tests\bin\release\netcoreapp3.1\fluentvalidation.tests.dll" id="e81ef688-1e8c-98a6-08a5-ea5dd20e08d5">
      <Execution id="57649f13-649c-4ecc-a3ec-430b492910d6" />
      <TestMethod codeBase="C:\Users\Michal\Workspace\github\FluentValidation\src\FluentValidation.Tests\bin\Release\netcoreapp3.1\FluentValidation.Tests.dll" adapterTypeName="executor://xunit/VsTestRunner2" className="FluentValidation.Tests.ValidatorTesterTester" name="Can_use_indexer_in_string_message" />
    </UnitTest>
    <UnitTest name="FluentValidation.Tests.GreaterThanValidatorTester.Comparison_property_uses_custom_resolver" storage="c:\users\michal\workspace\github\fluentvalidation\src\fluentvalidation.tests\bin\release\netcoreapp3.1\fluentvalidation.tests.dll" id="309b624c-cec9-84a8-65f6-630bd438baba">
      <Execution id="f612e8d4-345e-4012-b69b-e6dc1e9e3c76" />
      <TestMethod codeBase="C:\Users\Michal\Workspace\github\FluentValidation\src\FluentValidation.Tests\bin\Release\netcoreapp3.1\FluentValidation.Tests.dll" adapterTypeName="executor://xunit/VsTestRunner2" className="FluentValidation.Tests.GreaterThanValidatorTester" name="Comparison_property_uses_custom_resolver" />
    </UnitTest>
    <UnitTest name="FluentValidation.Tests.ValidatorTesterTester.ShouldHaveChildValidator_should_not_throw_when_property_Does_have_child_validator_and_expecting_a_basetype" storage="c:\users\michal\workspace\github\fluentvalidation\src\fluentvalidation.tests\bin\release\netcoreapp3.1\fluentvalidation.tests.dll" id="c4112f7e-ae72-c611-1720-8f9f22d9e0b8">
      <Execution id="7a7671ee-ac05-4c74-b233-55f451251a05" />
      <TestMethod codeBase="C:\Users\Michal\Workspace\github\FluentValidation\src\FluentValidation.Tests\bin\Release\netcoreapp3.1\FluentValidation.Tests.dll" adapterTypeName="executor://xunit/VsTestRunner2" className="FluentValidation.Tests.ValidatorTesterTester" name="ShouldHaveChildValidator_should_not_throw_when_property_Does_have_child_validator_and_expecting_a_basetype" />
    </UnitTest>
    <UnitTest name="FluentValidation.Tests.AbstractValidatorTester.Should_validate_public_Field" storage="c:\users\michal\workspace\github\fluentvalidation\src\fluentvalidation.tests\bin\release\netcoreapp3.1\fluentvalidation.tests.dll" id="f47c5000-70d3-cdab-14be-c11d1e562901">
      <Execution id="261d8802-3d84-4f5b-a0b6-5c2d012ab5ae" />
      <TestMethod codeBase="C:\Users\Michal\Workspace\github\FluentValidation\src\FluentValidation.Tests\bin\Release\netcoreapp3.1\FluentValidation.Tests.dll" adapterTypeName="executor://xunit/VsTestRunner2" className="FluentValidation.Tests.AbstractValidatorTester" name="Should_validate_public_Field" />
    </UnitTest>
    <UnitTest name="FluentValidation.Tests.ExclusiveBetweenValidatorTests.To_and_from_properties_should_be_set" storage="c:\users\michal\workspace\github\fluentvalidation\src\fluentvalidation.tests\bin\release\netcoreapp3.1\fluentvalidation.tests.dll" id="627d4c32-5381-ed2b-961d-9590feaf509d">
      <Execution id="a094798e-c7f6-45f4-b430-bdffd7343894" />
      <TestMethod codeBase="C:\Users\Michal\Workspace\github\FluentValidation\src\FluentValidation.Tests\bin\Release\netcoreapp3.1\FluentValidation.Tests.dll" adapterTypeName="executor://xunit/VsTestRunner2" className="FluentValidation.Tests.ExclusiveBetweenValidatorTests" name="To_and_from_properties_should_be_set" />
    </UnitTest>
    <UnitTest name="FluentValidation.Tests.AbstractValidatorTester.When_the_Validators_pass_then_the_validatorRunner_should_return_true" storage="c:\users\michal\workspace\github\fluentvalidation\src\fluentvalidation.tests\bin\release\netcoreapp3.1\fluentvalidation.tests.dll" id="80447c4b-391a-af0f-a402-94e10d33fee7">
      <Execution id="5bd168cc-e300-4cb8-8439-da221d265aeb" />
      <TestMethod codeBase="C:\Users\Michal\Workspace\github\FluentValidation\src\FluentValidation.Tests\bin\Release\netcoreapp3.1\FluentValidation.Tests.dll" adapterTypeName="executor://xunit/VsTestRunner2" className="FluentValidation.Tests.AbstractValidatorTester" name="When_the_Validators_pass_then_the_validatorRunner_should_return_true" />
    </UnitTest>
    <UnitTest name="FluentValidation.Tests.CollectionValidatorWithParentTests.Validates_collection_several_levels_deep_async" storage="c:\users\michal\workspace\github\fluentvalidation\src\fluentvalidation.tests\bin\release\netcoreapp3.1\fluentvalidation.tests.dll" id="d8205a8d-017a-f2d4-8a87-7fa0daf35420">
      <Execution id="6c1ffdf3-8347-46c9-a2f8-fe33c58f65e9" />
      <TestMethod codeBase="C:\Users\Michal\Workspace\github\FluentValidation\src\FluentValidation.Tests\bin\Release\netcoreapp3.1\FluentValidation.Tests.dll" adapterTypeName="executor://xunit/VsTestRunner2" className="FluentValidation.Tests.CollectionValidatorWithParentTests" name="Validates_collection_several_levels_deep_async" />
    </UnitTest>
    <UnitTest name="FluentValidation.Tests.ValidatorTesterTester.ShouldNotHaveValidationError_should_throw_when_there_are_errors_with_preconstructed_object" storage="c:\users\michal\workspace\github\fluentvalidation\src\fluentvalidation.tests\bin\release\netcoreapp3.1\fluentvalidation.tests.dll" id="9b3e212c-dffd-3c62-8f2e-9fdd31df4380">
      <Execution id="e2b8af31-82e4-4353-b513-f65bf3429fd5" />
      <TestMethod codeBase="C:\Users\Michal\Workspace\github\FluentValidation\src\FluentValidation.Tests\bin\Release\netcoreapp3.1\FluentValidation.Tests.dll" adapterTypeName="executor://xunit/VsTestRunner2" className="FluentValidation.Tests.ValidatorTesterTester" name="ShouldNotHaveValidationError_should_throw_when_there_are_errors_with_preconstructed_object" />
    </UnitTest>
    <UnitTest name="FluentValidation.Tests.GreaterThanOrEqualToValidatorTester.Should_succeed_when_equal_to_input" storage="c:\users\michal\workspace\github\fluentvalidation\src\fluentvalidation.tests\bin\release\netcoreapp3.1\fluentvalidation.tests.dll" id="eb270870-2200-d24b-3af8-0ab5f7524b79">
      <Execution id="be803f49-d755-4345-a0d0-8d6779770b57" />
      <TestMethod codeBase="C:\Users\Michal\Workspace\github\FluentValidation\src\FluentValidation.Tests\bin\Release\netcoreapp3.1\FluentValidation.Tests.dll" adapterTypeName="executor://xunit/VsTestRunner2" className="FluentValidation.Tests.GreaterThanOrEqualToValidatorTester" name="Should_succeed_when_equal_to_input" />
    </UnitTest>
    <UnitTest name="FluentValidation.Tests.UserSeverityTester.Defaults_user_severity_to_error" storage="c:\users\michal\workspace\github\fluentvalidation\src\fluentvalidation.tests\bin\release\netcoreapp3.1\fluentvalidation.tests.dll" id="198a40d4-b853-e491-1aff-46cce8cbb1b0">
      <Execution id="8af193e9-89a3-4958-9e9e-fcb0fcd188ea" />
      <TestMethod codeBase="C:\Users\Michal\Workspace\github\FluentValidation\src\FluentValidation.Tests\bin\Release\netcoreapp3.1\FluentValidation.Tests.dll" adapterTypeName="executor://xunit/VsTestRunner2" className="FluentValidation.Tests.UserSeverityTester" name="Defaults_user_severity_to_error" />
    </UnitTest>
    <UnitTest name="FluentValidation.Tests.DefaultValidatorExtensionTester.LessThanOrEqual_should_create_LessThanOrEqualValidator_with_lambda_with_other_Nullable" storage="c:\users\michal\workspace\github\fluentvalidation\src\fluentvalidation.tests\bin\release\netcoreapp3.1\fluentvalidation.tests.dll" id="a4880eaf-6936-b5bc-d414-d52f9a0a5cc2">
      <Execution id="88aa8275-cd4d-4d2d-85e7-4a2adae61721" />
      <TestMethod codeBase="C:\Users\Michal\Workspace\github\FluentValidation\src\FluentValidation.Tests\bin\Release\netcoreapp3.1\FluentValidation.Tests.dll" adapterTypeName="executor://xunit/VsTestRunner2" className="FluentValidation.Tests.DefaultValidatorExtensionTester" name="LessThanOrEqual_should_create_LessThanOrEqualValidator_with_lambda_with_other_Nullable" />
    </UnitTest>
    <UnitTest name="FluentValidation.Tests.RegularExpressionValidatorTests.When_validation_fails_the_default_error_should_be_set" storage="c:\users\michal\workspace\github\fluentvalidation\src\fluentvalidation.tests\bin\release\netcoreapp3.1\fluentvalidation.tests.dll" id="18af96af-3e89-415e-ceed-8a3e8874c0d1">
      <Execution id="8af33243-a555-4c66-a7bf-a4cc60fd37e4" />
      <TestMethod codeBase="C:\Users\Michal\Workspace\github\FluentValidation\src\FluentValidation.Tests\bin\Release\netcoreapp3.1\FluentValidation.Tests.dll" adapterTypeName="executor://xunit/VsTestRunner2" className="FluentValidation.Tests.RegularExpressionValidatorTests" name="When_validation_fails_the_default_error_should_be_set" />
    </UnitTest>
    <UnitTest name="FluentValidation.Tests.ExclusiveBetweenValidatorTests.When_the_text_is_larger_than_the_range_then_the_validator_should_fail" storage="c:\users\michal\workspace\github\fluentvalidation\src\fluentvalidation.tests\bin\release\netcoreapp3.1\fluentvalidation.tests.dll" id="b5a3fe5b-e4bd-3fb9-550f-fb42044e608d">
      <Execution id="7ae59c61-56ad-47f7-850a-50a0ca5470d5" />
      <TestMethod codeBase="C:\Users\Michal\Workspace\github\FluentValidation\src\FluentValidation.Tests\bin\Release\netcoreapp3.1\FluentValidation.Tests.dll" adapterTypeName="executor://xunit/VsTestRunner2" className="FluentValidation.Tests.ExclusiveBetweenValidatorTests" name="When_the_text_is_larger_than_the_range_then_the_validator_should_fail" />
    </UnitTest>
    <UnitTest name="FluentValidation.Tests.ScalePrecisionValidatorTests.Scale_precision_should_not_be_valid" storage="c:\users\michal\workspace\github\fluentvalidation\src\fluentvalidation.tests\bin\release\netcoreapp3.1\fluentvalidation.tests.dll" id="54f80699-64aa-4890-d973-b664872615ea">
      <Execution id="acc7a57a-7bb1-467d-adef-432d09e6d1ce" />
      <TestMethod codeBase="C:\Users\Michal\Workspace\github\FluentValidation\src\FluentValidation.Tests\bin\Release\netcoreapp3.1\FluentValidation.Tests.dll" adapterTypeName="executor://xunit/VsTestRunner2" className="FluentValidation.Tests.ScalePrecisionValidatorTests" name="Scale_precision_should_not_be_valid" />
    </UnitTest>
    <UnitTest name="FluentValidation.Tests.AccessorCacheTests.Identifies_if_memberexp_acts_on_model_instance" storage="c:\users\michal\workspace\github\fluentvalidation\src\fluentvalidation.tests\bin\release\netcoreapp3.1\fluentvalidation.tests.dll" id="00f590fc-d310-c4a1-23d6-69c62ed11e53">
      <Execution id="9c939092-5172-4775-aa4d-d1e69c772b7a" />
      <TestMethod codeBase="C:\Users\Michal\Workspace\github\FluentValidation\src\FluentValidation.Tests\bin\Release\netcoreapp3.1\FluentValidation.Tests.dll" adapterTypeName="executor://xunit/VsTestRunner2" className="FluentValidation.Tests.AccessorCacheTests" name="Identifies_if_memberexp_acts_on_model_instance" />
    </UnitTest>
    <UnitTest name="FluentValidation.Tests.UserStateTester.Stores_user_state_against_validation_failure" storage="c:\users\michal\workspace\github\fluentvalidation\src\fluentvalidation.tests\bin\release\netcoreapp3.1\fluentvalidation.tests.dll" id="cfa327db-9479-74d8-d06e-bda673869807">
      <Execution id="5c131a26-05ae-4741-b08c-1109f929f15b" />
      <TestMethod codeBase="C:\Users\Michal\Workspace\github\FluentValidation\src\FluentValidation.Tests\bin\Release\netcoreapp3.1\FluentValidation.Tests.dll" adapterTypeName="executor://xunit/VsTestRunner2" className="FluentValidation.Tests.UserStateTester" name="Stores_user_state_against_validation_failure" />
    </UnitTest>
    <UnitTest name="FluentValidation.Tests.CreditCardValidatorTests.When_validation_fails_the_default_error_should_be_set" storage="c:\users\michal\workspace\github\fluentvalidation\src\fluentvalidation.tests\bin\release\netcoreapp3.1\fluentvalidation.tests.dll" id="47539d14-3176-fabd-d26d-e6bffc9172fd">
      <Execution id="a0e9ecad-794e-4e6d-8830-866fdabe9048" />
      <TestMethod codeBase="C:\Users\Michal\Workspace\github\FluentValidation\src\FluentValidation.Tests\bin\Release\netcoreapp3.1\FluentValidation.Tests.dll" adapterTypeName="executor://xunit/VsTestRunner2" className="FluentValidation.Tests.CreditCardValidatorTests" name="When_validation_fails_the_default_error_should_be_set" />
    </UnitTest>
    <UnitTest name="FluentValidation.Tests.LengthValidatorTests.Min_and_max_properties_should_be_set" storage="c:\users\michal\workspace\github\fluentvalidation\src\fluentvalidation.tests\bin\release\netcoreapp3.1\fluentvalidation.tests.dll" id="6861a66b-c34f-85e2-7dc0-b86975862b92">
      <Execution id="0fd9009c-efbe-4c9e-b52d-4797cb14015f" />
      <TestMethod codeBase="C:\Users\Michal\Workspace\github\FluentValidation\src\FluentValidation.Tests\bin\Release\netcoreapp3.1\FluentValidation.Tests.dll" adapterTypeName="executor://xunit/VsTestRunner2" className="FluentValidation.Tests.LengthValidatorTests" name="Min_and_max_properties_should_be_set" />
    </UnitTest>
    <UnitTest name="FluentValidation.Tests.InheritanceValidatorTest.Can_use_custom_subclass_with_nongeneric_overload" storage="c:\users\michal\workspace\github\fluentvalidation\src\fluentvalidation.tests\bin\release\netcoreapp3.1\fluentvalidation.tests.dll" id="e9400d0a-e7e4-166b-e661-e35ffae1351f">
      <Execution id="4edc6cb6-b3bf-4fb8-9e7d-5b1e5fe9743c" />
      <TestMethod codeBase="C:\Users\Michal\Workspace\github\FluentValidation\src\FluentValidation.Tests\bin\Release\netcoreapp3.1\FluentValidation.Tests.dll" adapterTypeName="executor://xunit/VsTestRunner2" className="FluentValidation.Tests.InheritanceValidatorTest" name="Can_use_custom_subclass_with_nongeneric_overload" />
    </UnitTest>
    <UnitTest name="FluentValidation.Tests.LessThanOrEqualToValidatorTester.Should_set_default_error_when_validation_fails" storage="c:\users\michal\workspace\github\fluentvalidation\src\fluentvalidation.tests\bin\release\netcoreapp3.1\fluentvalidation.tests.dll" id="b292e235-8edd-0aeb-dabd-f764a1b5ea84">
      <Execution id="062e61bc-1a9f-4204-8c27-0abfe3ffb834" />
      <TestMethod codeBase="C:\Users\Michal\Workspace\github\FluentValidation\src\FluentValidation.Tests\bin\Release\netcoreapp3.1\FluentValidation.Tests.dll" adapterTypeName="executor://xunit/VsTestRunner2" className="FluentValidation.Tests.LessThanOrEqualToValidatorTester" name="Should_set_default_error_when_validation_fails" />
    </UnitTest>
    <UnitTest name="FluentValidation.Tests.RegularExpressionValidatorTests.When_the_text_matches_the_lambda_regular_expression_then_the_validator_should_pass" storage="c:\users\michal\workspace\github\fluentvalidation\src\fluentvalidation.tests\bin\release\netcoreapp3.1\fluentvalidation.tests.dll" id="5bfbd189-7c15-1fe1-441c-d2a182af3058">
      <Execution id="fd2ed81b-541d-4d15-acc7-b0f9fc13fa2a" />
      <TestMethod codeBase="C:\Users\Michal\Workspace\github\FluentValidation\src\FluentValidation.Tests\bin\Release\netcoreapp3.1\FluentValidation.Tests.dll" adapterTypeName="executor://xunit/VsTestRunner2" className="FluentValidation.Tests.RegularExpressionValidatorTests" name="When_the_text_matches_the_lambda_regular_expression_then_the_validator_should_pass" />
    </UnitTest>
    <UnitTest name="FluentValidation.Tests.DefaultValidatorExtensionTester.Length_should_create_MaximumLengthValidator" storage="c:\users\michal\workspace\github\fluentvalidation\src\fluentvalidation.tests\bin\release\netcoreapp3.1\fluentvalidation.tests.dll" id="90582c39-7045-30da-36e4-e8be6cafa744">
      <Execution id="980464d6-c2ed-4a51-a390-136f8c4d7132" />
      <TestMethod codeBase="C:\Users\Michal\Workspace\github\FluentValidation\src\FluentValidation.Tests\bin\Release\netcoreapp3.1\FluentValidation.Tests.dll" adapterTypeName="executor://xunit/VsTestRunner2" className="FluentValidation.Tests.DefaultValidatorExtensionTester" name="Length_should_create_MaximumLengthValidator" />
    </UnitTest>
    <UnitTest name="FluentValidation.Tests.LanguageManagerTests.Gets_translation_for_bosnian_latin_culture" storage="c:\users\michal\workspace\github\fluentvalidation\src\fluentvalidation.tests\bin\release\netcoreapp3.1\fluentvalidation.tests.dll" id="db87dc9b-5413-3183-c616-311c7c84da05">
      <Execution id="d92adee1-495e-418c-aba7-dda76016f185" />
      <TestMethod codeBase="C:\Users\Michal\Workspace\github\FluentValidation\src\FluentValidation.Tests\bin\Release\netcoreapp3.1\FluentValidation.Tests.dll" adapterTypeName="executor://xunit/VsTestRunner2" className="FluentValidation.Tests.LanguageManagerTests" name="Gets_translation_for_bosnian_latin_culture" />
    </UnitTest>
    <UnitTest name="FluentValidation.Tests.ForEachRuleTests.Skips_null_items" storage="c:\users\michal\workspace\github\fluentvalidation\src\fluentvalidation.tests\bin\release\netcoreapp3.1\fluentvalidation.tests.dll" id="013deb2c-b277-baba-55ae-b8577133a8ad">
      <Execution id="c3ec4cbc-d4e4-490d-86ee-7a5fce6186f8" />
      <TestMethod codeBase="C:\Users\Michal\Workspace\github\FluentValidation\src\FluentValidation.Tests\bin\Release\netcoreapp3.1\FluentValidation.Tests.dll" adapterTypeName="executor://xunit/VsTestRunner2" className="FluentValidation.Tests.ForEachRuleTests" name="Skips_null_items" />
    </UnitTest>
    <UnitTest name="FluentValidation.Tests.InheritanceValidatorTest.Validates_with_callback_accepting_derived" storage="c:\users\michal\workspace\github\fluentvalidation\src\fluentvalidation.tests\bin\release\netcoreapp3.1\fluentvalidation.tests.dll" id="583fb34e-7e7c-0faa-77b8-2f132d4511b2">
      <Execution id="ef3f9020-33d6-439f-8812-de09def51001" />
      <TestMethod codeBase="C:\Users\Michal\Workspace\github\FluentValidation\src\FluentValidation.Tests\bin\Release\netcoreapp3.1\FluentValidation.Tests.dll" adapterTypeName="executor://xunit/VsTestRunner2" className="FluentValidation.Tests.InheritanceValidatorTest" name="Validates_with_callback_accepting_derived" />
    </UnitTest>
    <UnitTest name="FluentValidation.Tests.RuleBuilderTests.Should_throw_when_async_inverse_predicate_is_null" storage="c:\users\michal\workspace\github\fluentvalidation\src\fluentvalidation.tests\bin\release\netcoreapp3.1\fluentvalidation.tests.dll" id="18045338-baa5-59a8-e196-762b114c3b83">
      <Execution id="469b50ea-0af4-40a4-baca-5c4de5681493" />
      <TestMethod codeBase="C:\Users\Michal\Workspace\github\FluentValidation\src\FluentValidation.Tests\bin\Release\netcoreapp3.1\FluentValidation.Tests.dll" adapterTypeName="executor://xunit/VsTestRunner2" className="FluentValidation.Tests.RuleBuilderTests" name="Should_throw_when_async_inverse_predicate_is_null" />
    </UnitTest>
    <UnitTest name="FluentValidation.Tests.NullTester.Not_null_validator_should_not_crash_with_non_nullable_value_type" storage="c:\users\michal\workspace\github\fluentvalidation\src\fluentvalidation.tests\bin\release\netcoreapp3.1\fluentvalidation.tests.dll" id="54a6314b-c502-a8f9-4d26-cba2e5f0b4a6">
      <Execution id="1af93c02-bc37-4dc2-9201-262d1863c11d" />
      <TestMethod codeBase="C:\Users\Michal\Workspace\github\FluentValidation\src\FluentValidation.Tests\bin\Release\netcoreapp3.1\FluentValidation.Tests.dll" adapterTypeName="executor://xunit/VsTestRunner2" className="FluentValidation.Tests.NullTester" name="Not_null_validator_should_not_crash_with_non_nullable_value_type" />
    </UnitTest>
    <UnitTest name="FluentValidation.Tests.ValidatorTesterTester.ShouldNotHaveValidationError_should_throw_when_there_are_validation_errors_ruleforeach" storage="c:\users\michal\workspace\github\fluentvalidation\src\fluentvalidation.tests\bin\release\netcoreapp3.1\fluentvalidation.tests.dll" id="5ab2c5f0-6399-fa10-4a0b-58459821e3e9">
      <Execution id="ec593113-a6ad-42e3-aa39-e82a80ae475c" />
      <TestMethod codeBase="C:\Users\Michal\Workspace\github\FluentValidation\src\FluentValidation.Tests\bin\Release\netcoreapp3.1\FluentValidation.Tests.dll" adapterTypeName="executor://xunit/VsTestRunner2" className="FluentValidation.Tests.ValidatorTesterTester" name="ShouldNotHaveValidationError_should_throw_when_there_are_validation_errors_ruleforeach" />
    </UnitTest>
    <UnitTest name="FluentValidation.Tests.OnFailureTests.WhenAsyncWithOnFailure_should_invoke_condition_on_inner_validator_invoked_synchronously" storage="c:\users\michal\workspace\github\fluentvalidation\src\fluentvalidation.tests\bin\release\netcoreapp3.1\fluentvalidation.tests.dll" id="c4b63c1e-0176-eef6-08af-333d0a63af7a">
      <Execution id="591c9587-6387-4057-a2c0-d94f9afd09fd" />
      <TestMethod codeBase="C:\Users\Michal\Workspace\github\FluentValidation\src\FluentValidation.Tests\bin\Release\netcoreapp3.1\FluentValidation.Tests.dll" adapterTypeName="executor://xunit/VsTestRunner2" className="FluentValidation.Tests.OnFailureTests" name="WhenAsyncWithOnFailure_should_invoke_condition_on_inner_validator_invoked_synchronously" />
    </UnitTest>
    <UnitTest name="FluentValidation.Tests.ConditionTests.Sync_condition_is_applied_to_async_validators" storage="c:\users\michal\workspace\github\fluentvalidation\src\fluentvalidation.tests\bin\release\netcoreapp3.1\fluentvalidation.tests.dll" id="85f88d0f-e188-7963-3e21-bd7aa46b8024">
      <Execution id="449a3bf3-2220-4483-a07c-1499f72454f8" />
      <TestMethod codeBase="C:\Users\Michal\Workspace\github\FluentValidation\src\FluentValidation.Tests\bin\Release\netcoreapp3.1\FluentValidation.Tests.dll" adapterTypeName="executor://xunit/VsTestRunner2" className="FluentValidation.Tests.ConditionTests" name="Sync_condition_is_applied_to_async_validators" />
    </UnitTest>
    <UnitTest name="FluentValidation.Tests.ValidatorTesterTester.ShouldHaveValidationError_should_throw_when_there_are_not_validation_errors_ruleforeach" storage="c:\users\michal\workspace\github\fluentvalidation\src\fluentvalidation.tests\bin\release\netcoreapp3.1\fluentvalidation.tests.dll" id="703de43f-51ca-8bf3-0324-363a6392ca37">
      <Execution id="13d1f466-cfee-4e9c-8c14-5683c692bef7" />
      <TestMethod codeBase="C:\Users\Michal\Workspace\github\FluentValidation\src\FluentValidation.Tests\bin\Release\netcoreapp3.1\FluentValidation.Tests.dll" adapterTypeName="executor://xunit/VsTestRunner2" className="FluentValidation.Tests.ValidatorTesterTester" name="ShouldHaveValidationError_should_throw_when_there_are_not_validation_errors_ruleforeach" />
    </UnitTest>
    <UnitTest name="FluentValidation.Tests.InclusiveBetweenValidatorTests.When_the_value_is_smaller_than_the_range_then_the_validator_should_fail_for_strings" storage="c:\users\michal\workspace\github\fluentvalidation\src\fluentvalidation.tests\bin\release\netcoreapp3.1\fluentvalidation.tests.dll" id="962f4fa2-c59a-42b8-6045-22123b5da032">
      <Execution id="dda6ff79-7465-497b-9341-dd12820928f2" />
      <TestMethod codeBase="C:\Users\Michal\Workspace\github\FluentValidation\src\FluentValidation.Tests\bin\Release\netcoreapp3.1\FluentValidation.Tests.dll" adapterTypeName="executor://xunit/VsTestRunner2" className="FluentValidation.Tests.InclusiveBetweenValidatorTests" name="When_the_value_is_smaller_than_the_range_then_the_validator_should_fail_for_strings" />
    </UnitTest>
  </TestDefinitions>
  <TestEntries>
    <TestEntry testId="346bb34e-ff68-5309-1a31-83de53dc067c" executionId="e15d05a6-5a94-4357-a247-11c49339659b" testListId="8c84fa94-04c1-424b-9868-57a2d4851a1d" />
    <TestEntry testId="42d7a494-e1e2-fe99-7d4a-7a9b44983fed" executionId="e656c14b-e210-444d-a8e9-d310861160fc" testListId="8c84fa94-04c1-424b-9868-57a2d4851a1d" />
    <TestEntry testId="3c9d48f4-7ad2-f7d4-c867-05b4cf09c1f5" executionId="2971dbea-a8b7-4b10-b291-4ae08481ffab" testListId="8c84fa94-04c1-424b-9868-57a2d4851a1d" />
    <TestEntry testId="49712071-099e-ab9b-8276-3fba07126995" executionId="f4de7997-5f1e-49fd-a6c2-886ba93b1fc1" testListId="8c84fa94-04c1-424b-9868-57a2d4851a1d" />
    <TestEntry testId="010cfe3c-5197-1fc3-07fe-c9674d2fcaba" executionId="0fc9a92b-0fb4-4b66-bc03-e3364bce4ce2" testListId="8c84fa94-04c1-424b-9868-57a2d4851a1d" />
    <TestEntry testId="be928a2d-ccbb-83f7-1c66-c3dcaf9b60cb" executionId="64c11ba0-6526-4632-b8a5-15a4d593dd65" testListId="8c84fa94-04c1-424b-9868-57a2d4851a1d" />
    <TestEntry testId="fa84f317-ff56-89b2-afbd-e1203b2557a6" executionId="38862add-4511-46f7-958b-487fa32b275d" testListId="8c84fa94-04c1-424b-9868-57a2d4851a1d" />
    <TestEntry testId="9ced1c54-8f63-2499-7e20-0758e84e2b42" executionId="3ee7005f-1ed6-4f27-89b5-68aa472ad0e9" testListId="8c84fa94-04c1-424b-9868-57a2d4851a1d" />
    <TestEntry testId="98ab5377-e2e4-2b90-5807-3890ef8b0d30" executionId="a32d6a83-8afd-4fc8-8129-e6e3d68a2eca" testListId="8c84fa94-04c1-424b-9868-57a2d4851a1d" />
    <TestEntry testId="ac5d1d88-a0b3-4707-c377-0a8dd9d2b297" executionId="6fa52973-0351-4a33-86db-897c53f79b17" testListId="8c84fa94-04c1-424b-9868-57a2d4851a1d" />
    <TestEntry testId="6df7df8d-ac9e-8180-c202-8185654e4e94" executionId="6b254b01-eb11-46f4-93c0-788b958a4420" testListId="8c84fa94-04c1-424b-9868-57a2d4851a1d" />
    <TestEntry testId="f7ade730-f82f-4f48-d5e0-b49fda311ca8" executionId="b99b1730-d1a6-4ca7-ae0d-fb9be18f1849" testListId="8c84fa94-04c1-424b-9868-57a2d4851a1d" />
    <TestEntry testId="f38a7fe0-9256-0421-2a99-31270360c180" executionId="12a91205-ba4d-4ca9-9fc9-8a29164e220f" testListId="8c84fa94-04c1-424b-9868-57a2d4851a1d" />
    <TestEntry testId="a98852e3-643a-d92a-7ee7-631ded083939" executionId="045a6306-adb9-4c17-868e-3085a4a072cc" testListId="8c84fa94-04c1-424b-9868-57a2d4851a1d" />
    <TestEntry testId="88e9eb76-8e45-f368-0ffc-37091c9b9e8e" executionId="cb154f7a-6280-4c1e-b098-f42a5297c79e" testListId="8c84fa94-04c1-424b-9868-57a2d4851a1d" />
    <TestEntry testId="5aa54c4c-170a-b70a-ca12-5153239e1988" executionId="e5491648-e2d1-47f9-a313-95d0f29795e4" testListId="8c84fa94-04c1-424b-9868-57a2d4851a1d" />
    <TestEntry testId="5d4a3e82-6ae7-918e-a299-80cc3e048273" executionId="8f47aa14-a4ed-4552-a098-b51c3fbe285b" testListId="8c84fa94-04c1-424b-9868-57a2d4851a1d" />
    <TestEntry testId="5bfbd189-7c15-1fe1-441c-d2a182af3058" executionId="fd2ed81b-541d-4d15-acc7-b0f9fc13fa2a" testListId="8c84fa94-04c1-424b-9868-57a2d4851a1d" />
    <TestEntry testId="18af96af-3e89-415e-ceed-8a3e8874c0d1" executionId="8af33243-a555-4c66-a7bf-a4cc60fd37e4" testListId="8c84fa94-04c1-424b-9868-57a2d4851a1d" />
    <TestEntry testId="514465b9-7ecc-a6bb-70a0-227b235263ef" executionId="628b83a3-9ece-481e-b154-2484f31515d1" testListId="8c84fa94-04c1-424b-9868-57a2d4851a1d" />
    <TestEntry testId="baa4500c-e49d-dc91-6af1-7f703af79c38" executionId="9851f6bc-da79-435c-8732-4fb15a7081d2" testListId="8c84fa94-04c1-424b-9868-57a2d4851a1d" />
    <TestEntry testId="13a05b78-9a60-de7b-48c1-80111b6019cc" executionId="9e7ddee1-b9b0-41e7-9cf4-8b2cd6fe9fa0" testListId="8c84fa94-04c1-424b-9868-57a2d4851a1d" />
    <TestEntry testId="e181e13c-5ed7-a177-2b7f-f7cf63b039a9" executionId="349b42b2-2ada-41f6-8279-324f4308412c" testListId="8c84fa94-04c1-424b-9868-57a2d4851a1d" />
    <TestEntry testId="73bc966f-fd3e-11b7-502c-7d0e95dee784" executionId="f0a04f16-8cc6-4d35-a145-e28cb21d255e" testListId="8c84fa94-04c1-424b-9868-57a2d4851a1d" />
    <TestEntry testId="b735f405-d26c-9860-9895-dcfb35a27ae1" executionId="21e5c4b6-706d-46d0-9839-27ae7e9ca591" testListId="8c84fa94-04c1-424b-9868-57a2d4851a1d" />
    <TestEntry testId="27238edc-ef59-5b2d-9340-12a066301652" executionId="13d4b913-5a27-4774-b200-a2ef5f7dd45a" testListId="8c84fa94-04c1-424b-9868-57a2d4851a1d" />
    <TestEntry testId="6ff25405-d30f-c558-d1f8-5c1a19c224fa" executionId="b34fa0af-812e-4f98-b80b-36415e47f074" testListId="8c84fa94-04c1-424b-9868-57a2d4851a1d" />
    <TestEntry testId="d43f0884-224b-a41d-8c38-8e374f3caf26" executionId="fd564cbb-3a71-4ed4-95fd-107613da5789" testListId="8c84fa94-04c1-424b-9868-57a2d4851a1d" />
    <TestEntry testId="9d10dd14-3945-223d-46e3-a9d590433d95" executionId="cc36266b-4986-45f3-8f62-97a769869b4c" testListId="8c84fa94-04c1-424b-9868-57a2d4851a1d" />
    <TestEntry testId="e6d3e767-bc6c-5dc0-ccd2-b7de0b9d5c1f" executionId="528023e7-c13a-435f-b53d-52b961f0bb18" testListId="8c84fa94-04c1-424b-9868-57a2d4851a1d" />
    <TestEntry testId="176900e8-16cd-d0e0-7949-d9fa3e2a847b" executionId="314371cc-f166-4b8b-ae90-fb26bc9a866f" testListId="8c84fa94-04c1-424b-9868-57a2d4851a1d" />
    <TestEntry testId="7f081e49-df5c-067b-003c-41fbdafc4875" executionId="1899ff03-ae7c-45c5-9645-81cff2df2e3d" testListId="8c84fa94-04c1-424b-9868-57a2d4851a1d" />
    <TestEntry testId="286ec18e-8e8d-3c33-2fbb-8ef480e78850" executionId="2766949a-39c9-4fb9-afd9-574398d496cd" testListId="8c84fa94-04c1-424b-9868-57a2d4851a1d" />
    <TestEntry testId="5a356a97-78f3-3ad5-faf3-349c2ab474a9" executionId="f81e4042-78bf-4741-ac08-e465ac2d8407" testListId="8c84fa94-04c1-424b-9868-57a2d4851a1d" />
    <TestEntry testId="84f08d66-d18e-a14f-5527-d1bad7ea63e4" executionId="aad2e15c-40c1-4ad7-85e6-0291e25b7295" testListId="8c84fa94-04c1-424b-9868-57a2d4851a1d" />
    <TestEntry testId="296c67e8-290c-2c58-819f-eba355d6e00b" executionId="9a36042c-8d53-4dea-a55c-c669a0246b96" testListId="8c84fa94-04c1-424b-9868-57a2d4851a1d" />
    <TestEntry testId="830c42fa-577f-212c-7614-64deb4ae874e" executionId="fa323caf-71ea-40db-bf5f-ed90029fe5ee" testListId="8c84fa94-04c1-424b-9868-57a2d4851a1d" />
    <TestEntry testId="54f5146a-1da7-742c-f971-04903de69147" executionId="8dfcc213-bf3a-4d62-beee-98d31d7a80db" testListId="8c84fa94-04c1-424b-9868-57a2d4851a1d" />
    <TestEntry testId="8cb03b3c-ece9-7575-5fed-7e6dd4c3b4b7" executionId="57e676c7-9877-4070-9d9f-739e4d43ef12" testListId="8c84fa94-04c1-424b-9868-57a2d4851a1d" />
    <TestEntry testId="203e1b45-ed61-83e5-f6c7-00d8c841114f" executionId="cc8003ee-82b2-47b1-8b32-fbc5874d4069" testListId="8c84fa94-04c1-424b-9868-57a2d4851a1d" />
    <TestEntry testId="b63d04c3-e866-d3dd-4f2a-de464b527a41" executionId="64669fb5-700a-4352-9f5b-b0b89facbeb0" testListId="8c84fa94-04c1-424b-9868-57a2d4851a1d" />
    <TestEntry testId="d06a5167-37cc-69dc-dd24-aeca95bcc563" executionId="81d012bb-a520-4ea5-a411-2b6413eb0177" testListId="8c84fa94-04c1-424b-9868-57a2d4851a1d" />
    <TestEntry testId="c8de0939-1a79-d0a5-a87a-1bdc3f67d552" executionId="6214d27d-dbb9-4e92-899d-7574469c13d8" testListId="8c84fa94-04c1-424b-9868-57a2d4851a1d" />
    <TestEntry testId="de92829f-9327-413b-8347-34076f2d2762" executionId="21fdb1d8-1be5-4cdd-90a4-20d672a47274" testListId="8c84fa94-04c1-424b-9868-57a2d4851a1d" />
    <TestEntry testId="bdf9da55-ad16-bac3-caa8-95b6486bd814" executionId="a0244698-d906-46b2-840b-9bcadfdd92ae" testListId="8c84fa94-04c1-424b-9868-57a2d4851a1d" />
    <TestEntry testId="ce48aac0-09ad-5df8-9f89-2c677658746e" executionId="7f5d9da3-bda6-4268-95c4-bef2a48833ba" testListId="8c84fa94-04c1-424b-9868-57a2d4851a1d" />
    <TestEntry testId="fc5bb984-5135-f521-412d-df654d18e921" executionId="57cfa72b-376c-4a68-a0ed-be7c652caf09" testListId="8c84fa94-04c1-424b-9868-57a2d4851a1d" />
    <TestEntry testId="fb60fb9a-e2a8-1be2-ccd2-01e607a982c8" executionId="1bf1a136-8d4c-431e-93eb-60a216eeda67" testListId="8c84fa94-04c1-424b-9868-57a2d4851a1d" />
    <TestEntry testId="bac9f919-702b-9399-17cd-2e1b5bbbde1b" executionId="0a69cef4-0fc2-4d42-be88-5788f15f27bd" testListId="8c84fa94-04c1-424b-9868-57a2d4851a1d" />
    <TestEntry testId="72bf0809-4b93-3d95-b556-08cec44f163d" executionId="f7ca23e3-da54-4014-a6aa-07dd61587125" testListId="8c84fa94-04c1-424b-9868-57a2d4851a1d" />
    <TestEntry testId="f435532c-c2de-0598-1019-262389fe9742" executionId="1acb615c-c3a7-4c80-be51-852027bcd8a7" testListId="8c84fa94-04c1-424b-9868-57a2d4851a1d" />
    <TestEntry testId="3b9958c7-0610-874b-efe4-5ba1461c2edd" executionId="18c11339-ea73-4d8c-8695-a8bdbd5982cc" testListId="8c84fa94-04c1-424b-9868-57a2d4851a1d" />
    <TestEntry testId="cc2cc25d-eeb1-fcf8-3bf7-6d3afee40318" executionId="5e16f30b-d3e3-488f-ab47-1a28c7fc5b42" testListId="8c84fa94-04c1-424b-9868-57a2d4851a1d" />
    <TestEntry testId="dd783062-2d93-b727-5450-e969ec02d733" executionId="d3a0de3b-7517-4925-ba1e-51e556c1af03" testListId="8c84fa94-04c1-424b-9868-57a2d4851a1d" />
    <TestEntry testId="5543f404-50e8-91e1-f357-498f7d4c00e0" executionId="ad6312a3-d923-4f04-9d0d-e5e33bbfa993" testListId="8c84fa94-04c1-424b-9868-57a2d4851a1d" />
    <TestEntry testId="8ee837cc-e876-6b34-5341-80a477de7a46" executionId="bc8377d7-4d42-45ca-96c5-006f7c4d2027" testListId="8c84fa94-04c1-424b-9868-57a2d4851a1d" />
    <TestEntry testId="54a6314b-c502-a8f9-4d26-cba2e5f0b4a6" executionId="1af93c02-bc37-4dc2-9201-262d1863c11d" testListId="8c84fa94-04c1-424b-9868-57a2d4851a1d" />
    <TestEntry testId="1812067d-18f7-4803-4a8e-82e1d2e9b615" executionId="cacaa6bd-ab93-4b99-82fd-14055018692b" testListId="8c84fa94-04c1-424b-9868-57a2d4851a1d" />
    <TestEntry testId="9356db21-add3-51c6-7097-4ea51a559a3f" executionId="f187dc13-f3c2-4f9e-932d-38f2920999d0" testListId="8c84fa94-04c1-424b-9868-57a2d4851a1d" />
    <TestEntry testId="17b1f1bc-514b-eb7e-f197-52f679b4fb31" executionId="bb6ed675-c542-4065-84e2-ece3dd99b8d5" testListId="8c84fa94-04c1-424b-9868-57a2d4851a1d" />
    <TestEntry testId="7338afc9-ea9e-0aa2-4c43-8ac1491c3299" executionId="efb8a499-2b6f-4754-8cb7-20689f06b9d6" testListId="8c84fa94-04c1-424b-9868-57a2d4851a1d" />
    <TestEntry testId="57b34f55-4c21-ff1e-befc-e27fe83a6017" executionId="6ef93e23-385e-4766-affe-8de0a4d9206b" testListId="8c84fa94-04c1-424b-9868-57a2d4851a1d" />
    <TestEntry testId="179a7fb5-93a1-c3ac-1795-780b984ee482" executionId="bb4ef7bd-1812-4593-bb46-9e0cda20f6d8" testListId="8c84fa94-04c1-424b-9868-57a2d4851a1d" />
    <TestEntry testId="c25f11b5-5a97-0f33-3534-872840b3b9b6" executionId="d1cab03f-1794-4673-8cd5-4fb12b9e0a1a" testListId="8c84fa94-04c1-424b-9868-57a2d4851a1d" />
    <TestEntry testId="ff15c5ea-3be3-727a-adc9-7b009bf7b618" executionId="7ef22e20-9989-4a44-b93a-05a8339a4fdd" testListId="8c84fa94-04c1-424b-9868-57a2d4851a1d" />
    <TestEntry testId="e0580b53-ace0-da30-245d-134f6605c2ed" executionId="f6730fe0-aaf1-4795-80dc-b198aef7d632" testListId="8c84fa94-04c1-424b-9868-57a2d4851a1d" />
    <TestEntry testId="b09e57a4-d62b-fd34-278b-a2bdc44f56f6" executionId="1daa4958-360b-49fb-b076-7922c214b48e" testListId="8c84fa94-04c1-424b-9868-57a2d4851a1d" />
    <TestEntry testId="d73914c5-c6e9-e2eb-6dbf-a33c3c3b2d32" executionId="5e7e9abb-e533-4742-a0ad-dbb305052368" testListId="8c84fa94-04c1-424b-9868-57a2d4851a1d" />
    <TestEntry testId="75d29e32-0bd2-46a7-18d5-94dac08446c5" executionId="558b052b-2f77-4018-b913-5d00faafdeb9" testListId="8c84fa94-04c1-424b-9868-57a2d4851a1d" />
    <TestEntry testId="379345ed-1d1a-778b-aeaf-f2230bdf6ac8" executionId="c26c0558-92c8-41ad-a209-d3e04ecdc84b" testListId="8c84fa94-04c1-424b-9868-57a2d4851a1d" />
    <TestEntry testId="a3f9f7ed-6a32-56b7-3d81-710df6b482f5" executionId="ed32e89d-bab9-4978-8dba-6ae4db8f50a4" testListId="8c84fa94-04c1-424b-9868-57a2d4851a1d" />
    <TestEntry testId="86aa538b-26da-431c-c996-c8b4403204ba" executionId="314de7bb-4671-4d25-83a9-1dfec4878c05" testListId="8c84fa94-04c1-424b-9868-57a2d4851a1d" />
    <TestEntry testId="bada32fc-ff26-e5dc-a8e5-ed52b632ea07" executionId="69df9081-07fc-4291-bf8c-7271ec1ab6ff" testListId="8c84fa94-04c1-424b-9868-57a2d4851a1d" />
    <TestEntry testId="4b38c006-21ae-ca8d-1d17-b44962f922d4" executionId="f4d87802-e6ca-49c3-b8cc-6ade2a1a84ff" testListId="8c84fa94-04c1-424b-9868-57a2d4851a1d" />
    <TestEntry testId="ed0ee332-b1ce-622d-5d3d-4ba34d887e44" executionId="6e9a82c2-5bd3-402f-9594-5aef4d1fd01c" testListId="8c84fa94-04c1-424b-9868-57a2d4851a1d" />
    <TestEntry testId="f9dd8bee-42a5-b92b-0edb-90397df234b7" executionId="c8121ca7-4ada-4337-b0d8-45e59f0f7698" testListId="8c84fa94-04c1-424b-9868-57a2d4851a1d" />
    <TestEntry testId="bf5c3123-fdb7-7b14-c0ad-5664e4e6f859" executionId="8001dce0-ad10-4036-a970-1881c9081d67" testListId="8c84fa94-04c1-424b-9868-57a2d4851a1d" />
    <TestEntry testId="c4ef885a-032c-ae18-ed52-d0e2d6812681" executionId="5ced9201-0a72-4c30-ad67-fe0891d1588b" testListId="8c84fa94-04c1-424b-9868-57a2d4851a1d" />
    <TestEntry testId="9ae3edcf-e515-8777-0c77-c58d0b1a7e73" executionId="a4c44610-abbc-40c4-969e-156ebf59e69c" testListId="8c84fa94-04c1-424b-9868-57a2d4851a1d" />
    <TestEntry testId="9356db21-add3-51c6-7097-4ea51a559a3f" executionId="b9b08fb1-a3ea-403e-adb3-d2cad6334574" testListId="8c84fa94-04c1-424b-9868-57a2d4851a1d" />
    <TestEntry testId="cd9cc920-4f10-085b-be76-7591b09ec9bd" executionId="b9a2a406-d6ff-445d-b385-b2ac7192af23" testListId="8c84fa94-04c1-424b-9868-57a2d4851a1d" />
    <TestEntry testId="7f921672-1184-60bd-68d4-5b93e5d342bd" executionId="3d8ff931-bbaa-4348-93b8-6eaa8214e6e8" testListId="8c84fa94-04c1-424b-9868-57a2d4851a1d" />
    <TestEntry testId="4e59954c-0a2f-0475-0212-c8936c210e5a" executionId="6ad60e01-e5d6-4963-8344-f7e538c257cb" testListId="8c84fa94-04c1-424b-9868-57a2d4851a1d" />
    <TestEntry testId="f97d5bc6-0e5f-8ada-abd1-3ed43b2843f4" executionId="7b7831ab-9fdf-46a3-af65-15c8826b896d" testListId="8c84fa94-04c1-424b-9868-57a2d4851a1d" />
    <TestEntry testId="adf509e8-c4e8-3dcd-e3d9-d5adebd3c004" executionId="82a5e6d1-f873-4b8a-ab00-7c222aad795f" testListId="8c84fa94-04c1-424b-9868-57a2d4851a1d" />
    <TestEntry testId="0509b3e4-cce9-c669-deb9-7435856bb47a" executionId="57addc88-1439-410c-b9a8-14fcd5816f93" testListId="8c84fa94-04c1-424b-9868-57a2d4851a1d" />
    <TestEntry testId="78a18727-91a3-067d-14da-c0fecf425d72" executionId="72200695-c6f5-4cc0-874e-1a49fc2975e6" testListId="8c84fa94-04c1-424b-9868-57a2d4851a1d" />
    <TestEntry testId="48fc07fd-7996-5825-745d-bb267d838bb1" executionId="f3c17240-f97d-4663-8a2a-2ea668bbba24" testListId="8c84fa94-04c1-424b-9868-57a2d4851a1d" />
    <TestEntry testId="e524eee9-ba37-0d1d-ef63-b84382f8c688" executionId="646a91d4-4298-4fd8-a695-61c606a01f79" testListId="8c84fa94-04c1-424b-9868-57a2d4851a1d" />
    <TestEntry testId="096b1875-71f8-f892-2ce7-66b16632f7cb" executionId="077b5ba1-c1ec-49ff-b7ac-8bbf0b4a8478" testListId="8c84fa94-04c1-424b-9868-57a2d4851a1d" />
    <TestEntry testId="7b8d361e-ee5d-bc1f-c6f1-dc9c468f036b" executionId="8a52d8d4-3cb6-49e5-9204-b7024ab73810" testListId="8c84fa94-04c1-424b-9868-57a2d4851a1d" />
    <TestEntry testId="250bf3c8-65ed-a045-3233-4cb63933889b" executionId="9a2c9aac-776e-4557-a267-e502f2088762" testListId="8c84fa94-04c1-424b-9868-57a2d4851a1d" />
    <TestEntry testId="07c2f59b-9121-5d04-3cc9-b9e74164dd4c" executionId="edec8f6d-a910-44ae-8159-0452ea249c27" testListId="8c84fa94-04c1-424b-9868-57a2d4851a1d" />
    <TestEntry testId="2bd372a6-4e17-9d4e-6f8f-20cfd298bb18" executionId="dea48ce9-c7da-4b6f-8741-5b7059838603" testListId="8c84fa94-04c1-424b-9868-57a2d4851a1d" />
    <TestEntry testId="00f590fc-d310-c4a1-23d6-69c62ed11e53" executionId="9c939092-5172-4775-aa4d-d1e69c772b7a" testListId="8c84fa94-04c1-424b-9868-57a2d4851a1d" />
    <TestEntry testId="4139ab90-1db2-62ef-e2e3-dae893880ad9" executionId="99931958-583e-4c4f-b3cb-3d83972b19a5" testListId="8c84fa94-04c1-424b-9868-57a2d4851a1d" />
    <TestEntry testId="d08e4a02-4203-4afb-ea20-885438b7c6bc" executionId="98300e0b-b8ad-4015-87da-34699680f4c4" testListId="8c84fa94-04c1-424b-9868-57a2d4851a1d" />
    <TestEntry testId="44eeda9a-e263-e284-07ec-53422548f210" executionId="7dd47c8c-3305-42f2-895a-0a5ec0446adc" testListId="8c84fa94-04c1-424b-9868-57a2d4851a1d" />
    <TestEntry testId="c1975ba6-9aff-c600-3ef9-0153279d1c0b" executionId="70b124ba-5621-4bfa-8d34-30c42d449d9e" testListId="8c84fa94-04c1-424b-9868-57a2d4851a1d" />
    <TestEntry testId="0042d35f-8f4f-e373-2969-b4c1c85dd6fe" executionId="7a3111bb-7866-4887-80e4-a20684ddd5db" testListId="8c84fa94-04c1-424b-9868-57a2d4851a1d" />
    <TestEntry testId="f11944d6-2994-7d79-bf29-88203eb781c6" executionId="db3e9ae0-e167-4811-9183-e69a6aaed7d3" testListId="8c84fa94-04c1-424b-9868-57a2d4851a1d" />
    <TestEntry testId="b1352d69-e2ae-8627-1986-ef07cae42358" executionId="e37b77f6-d1a1-45c3-b92f-244527944e71" testListId="8c84fa94-04c1-424b-9868-57a2d4851a1d" />
    <TestEntry testId="8ef42a04-1497-c5ec-30d8-3568eebbe096" executionId="bbb81697-c606-4daf-af0f-47236713b674" testListId="8c84fa94-04c1-424b-9868-57a2d4851a1d" />
    <TestEntry testId="c8e0e312-712a-18a6-32f8-ef3dde4eb05a" executionId="9eaa6329-51c6-43b3-89ec-b3c43079940a" testListId="8c84fa94-04c1-424b-9868-57a2d4851a1d" />
    <TestEntry testId="4134b078-34eb-e214-b830-937bce3c2348" executionId="e8125791-2172-47ac-8d5c-3f2605cfc7cf" testListId="8c84fa94-04c1-424b-9868-57a2d4851a1d" />
    <TestEntry testId="27511646-95ae-fe46-56d0-76d954089d2a" executionId="9edf0d3f-68f5-4ae4-b52a-ec0347cb4e6f" testListId="8c84fa94-04c1-424b-9868-57a2d4851a1d" />
    <TestEntry testId="01b3b238-2573-b917-a63c-8db80b29528b" executionId="d798bfdd-1fab-408b-9b3c-20dc65f9ed9c" testListId="8c84fa94-04c1-424b-9868-57a2d4851a1d" />
    <TestEntry testId="bc72f3a4-e58b-89ae-9cd1-dbed8442af5c" executionId="a8d2e400-7de6-4efe-9338-3d39c7186fad" testListId="8c84fa94-04c1-424b-9868-57a2d4851a1d" />
    <TestEntry testId="43c48bd9-dd66-733a-dc88-0a6a72347416" executionId="800310e6-a756-44c4-9d42-ae5ab1785bd0" testListId="8c84fa94-04c1-424b-9868-57a2d4851a1d" />
    <TestEntry testId="86bcbe7f-8358-7a9c-4709-a3d6d53932a6" executionId="ceb54b4b-4bce-477e-bc61-9d696e1ee93d" testListId="8c84fa94-04c1-424b-9868-57a2d4851a1d" />
    <TestEntry testId="0e0db884-0030-20d8-a1cf-77e570d80455" executionId="bb65b41b-8b16-425d-8082-d9e25ef880e2" testListId="8c84fa94-04c1-424b-9868-57a2d4851a1d" />
    <TestEntry testId="40774db9-c687-42e3-5051-e9da986a02e8" executionId="ba070429-c66f-4965-9938-f1290c97a3cf" testListId="8c84fa94-04c1-424b-9868-57a2d4851a1d" />
    <TestEntry testId="70340763-b37b-c6ac-9166-563e1400a6c0" executionId="237c927c-354b-4c33-9a52-da778a84808e" testListId="8c84fa94-04c1-424b-9868-57a2d4851a1d" />
    <TestEntry testId="a71da6c7-fbb5-d4d7-ad9e-1fac8afa6955" executionId="c7107080-75f5-4634-8e1c-862647537180" testListId="8c84fa94-04c1-424b-9868-57a2d4851a1d" />
    <TestEntry testId="c294b093-e8ff-2c2a-e2d5-9267399c4713" executionId="96900430-3685-4197-b556-209bb7d194e7" testListId="8c84fa94-04c1-424b-9868-57a2d4851a1d" />
    <TestEntry testId="0211a531-d694-5e56-b618-b1f81b607d09" executionId="ac486158-d829-4054-9edc-c3f015aa2ba9" testListId="8c84fa94-04c1-424b-9868-57a2d4851a1d" />
    <TestEntry testId="0e913782-d903-242f-76c3-2ef4f700cea9" executionId="16b9e095-f805-47e3-a279-9864287ea899" testListId="8c84fa94-04c1-424b-9868-57a2d4851a1d" />
    <TestEntry testId="6b57968c-b483-3376-fe01-cc47e62705fa" executionId="168c818e-b3fd-4c17-83b3-0125f7df5e13" testListId="8c84fa94-04c1-424b-9868-57a2d4851a1d" />
    <TestEntry testId="1ed6c786-f7f4-4c32-2d85-03c2640d239a" executionId="97d139fa-10eb-4730-92c2-d6a67226dc11" testListId="8c84fa94-04c1-424b-9868-57a2d4851a1d" />
    <TestEntry testId="e49a768a-857a-0209-379b-0ff52755c642" executionId="ac9ff5ce-4a3a-46ce-87f5-02d207a5c6e0" testListId="8c84fa94-04c1-424b-9868-57a2d4851a1d" />
    <TestEntry testId="627d4c32-5381-ed2b-961d-9590feaf509d" executionId="a094798e-c7f6-45f4-b430-bdffd7343894" testListId="8c84fa94-04c1-424b-9868-57a2d4851a1d" />
    <TestEntry testId="bf7431d9-b64a-8a6d-cfdc-456f6c2280f0" executionId="c12f7abb-ac68-40eb-a545-e81e3bfbc98a" testListId="8c84fa94-04c1-424b-9868-57a2d4851a1d" />
    <TestEntry testId="fb1bc5d4-dbe7-c6f6-d07b-2d4bb79ead79" executionId="2af910ff-ea0c-4da0-b68d-a4ba2822f025" testListId="8c84fa94-04c1-424b-9868-57a2d4851a1d" />
    <TestEntry testId="de2de4b2-6f5b-dec8-fa55-1f46cf5dc030" executionId="93028723-4ee5-4228-b9fb-686683a3adfd" testListId="8c84fa94-04c1-424b-9868-57a2d4851a1d" />
    <TestEntry testId="4ae6486c-771a-635b-fe9b-6830a67961c7" executionId="816ad849-407b-4ab0-9070-a7a245c60388" testListId="8c84fa94-04c1-424b-9868-57a2d4851a1d" />
    <TestEntry testId="8cb32682-1b0a-5671-0a8e-d87c34000606" executionId="0b9fe4e4-15c1-4d11-aba0-3aa03843742a" testListId="8c84fa94-04c1-424b-9868-57a2d4851a1d" />
    <TestEntry testId="b382c879-35b2-1f62-c547-ff163e346ab0" executionId="0b14ae56-5e57-435b-b4a2-ce89493f5463" testListId="8c84fa94-04c1-424b-9868-57a2d4851a1d" />
    <TestEntry testId="323e6631-1d82-e202-fbc4-1dbf3d7d78f1" executionId="daefdb09-9fad-49b1-9d80-9baa1683adda" testListId="8c84fa94-04c1-424b-9868-57a2d4851a1d" />
    <TestEntry testId="1206569c-9c15-704a-da63-f7dc470c8564" executionId="7f3ebdb7-85fb-4e59-ba9d-f7fa07e5efdc" testListId="8c84fa94-04c1-424b-9868-57a2d4851a1d" />
    <TestEntry testId="ca26fcb8-a32d-8e0a-31ad-3c0d04a945cc" executionId="b6ace86a-f597-47d2-b62a-8ec68541077b" testListId="8c84fa94-04c1-424b-9868-57a2d4851a1d" />
    <TestEntry testId="e37cd617-56d8-86e1-3f69-ca67b8aa17c5" executionId="b4f1690c-f523-47ae-93f6-f8c4d9f1ccd8" testListId="8c84fa94-04c1-424b-9868-57a2d4851a1d" />
    <TestEntry testId="6e6daefb-f3f6-9f27-e277-1ccfe627d14b" executionId="6a72b6b8-99b7-4e5b-99b6-ece9ba0d75a3" testListId="8c84fa94-04c1-424b-9868-57a2d4851a1d" />
    <TestEntry testId="8301de3a-5e11-d076-5c8b-df22d0b5f24b" executionId="77a9e278-7d11-4cc1-9837-e1371ce0e0d3" testListId="8c84fa94-04c1-424b-9868-57a2d4851a1d" />
    <TestEntry testId="47cf2bf4-a699-33d4-a3f9-2ec19025215d" executionId="c6237496-6f6e-497e-a4ca-c881e1db8f00" testListId="8c84fa94-04c1-424b-9868-57a2d4851a1d" />
    <TestEntry testId="4d17bb45-abc2-b49e-824a-034811f8520d" executionId="1bee43c4-a4cb-4cf6-9d11-d60fc0fba679" testListId="8c84fa94-04c1-424b-9868-57a2d4851a1d" />
    <TestEntry testId="37cd1df9-3b48-ef7a-b036-d9c97b00b856" executionId="7bda0234-a7c5-4f1f-bc90-962a6940379b" testListId="8c84fa94-04c1-424b-9868-57a2d4851a1d" />
    <TestEntry testId="28605b57-4bdf-fc45-6e1b-1df6798a5d8c" executionId="db427cef-8e90-4067-b694-260479b76654" testListId="8c84fa94-04c1-424b-9868-57a2d4851a1d" />
    <TestEntry testId="91f2f98a-9179-4991-94f2-143a77fed054" executionId="e9cd2b89-fbf3-49b4-86a3-45ca7675cd62" testListId="8c84fa94-04c1-424b-9868-57a2d4851a1d" />
    <TestEntry testId="4ec25b39-00dc-a896-6712-c9127449b6f4" executionId="4f9861af-f4ec-44fb-a011-72eab0ce2c78" testListId="8c84fa94-04c1-424b-9868-57a2d4851a1d" />
    <TestEntry testId="c8de0939-1a79-d0a5-a87a-1bdc3f67d552" executionId="8b59ed5a-cf0b-41ad-9c51-e072b0963958" testListId="8c84fa94-04c1-424b-9868-57a2d4851a1d" />
    <TestEntry testId="365d79ff-de65-ce9d-8b6f-b4226cab3371" executionId="e6be4372-1a08-429d-b9e4-ec9befef95aa" testListId="8c84fa94-04c1-424b-9868-57a2d4851a1d" />
    <TestEntry testId="8ecccf8d-0bab-c3ec-7bea-5a1fa6921408" executionId="9cd162f1-6fc4-430f-b1ee-6022ff200681" testListId="8c84fa94-04c1-424b-9868-57a2d4851a1d" />
    <TestEntry testId="8163ae46-5a25-92e6-1c10-f0451d8e898e" executionId="712f4bd3-287a-44d5-9ed5-f39e54cc082c" testListId="8c84fa94-04c1-424b-9868-57a2d4851a1d" />
    <TestEntry testId="2fbcad18-5efd-683d-2147-a2cfc0047f86" executionId="ffc1984c-7130-425e-adcd-cd0162602694" testListId="8c84fa94-04c1-424b-9868-57a2d4851a1d" />
    <TestEntry testId="fed40013-6d33-3fc7-8c90-bb8d56ed5d1e" executionId="14ea57b4-8e70-4fae-b6a3-576b42cf2975" testListId="8c84fa94-04c1-424b-9868-57a2d4851a1d" />
    <TestEntry testId="68b688f5-d297-a016-abe7-6c5b405f565c" executionId="655fa5ac-d62b-4e38-a8e9-7a54acf4939e" testListId="8c84fa94-04c1-424b-9868-57a2d4851a1d" />
    <TestEntry testId="482ebb86-a628-89f9-8086-b7d72317b5af" executionId="ef4fab2e-60fc-41e3-914f-fdd71f9f58bb" testListId="8c84fa94-04c1-424b-9868-57a2d4851a1d" />
    <TestEntry testId="e022fe22-976f-08f8-c6a5-9dc5f5162c0f" executionId="86234629-8333-4c51-b859-76e530314b58" testListId="8c84fa94-04c1-424b-9868-57a2d4851a1d" />
    <TestEntry testId="8a2ddd5e-3703-0a46-5084-4ab80b67fcdd" executionId="68e776cc-4ce0-436f-90b1-034df8f18d15" testListId="8c84fa94-04c1-424b-9868-57a2d4851a1d" />
    <TestEntry testId="c9f00ab3-e7ee-19c9-64fc-c0c42d336c4e" executionId="9ba012e7-78ec-420c-a300-51460faed6b7" testListId="8c84fa94-04c1-424b-9868-57a2d4851a1d" />
    <TestEntry testId="5444471d-b6cb-46d4-581b-408735e77c09" executionId="5f401852-143d-475f-9c61-d2a05f901ef2" testListId="8c84fa94-04c1-424b-9868-57a2d4851a1d" />
    <TestEntry testId="f3ce5261-8d5a-d960-98ac-d957e38f46af" executionId="db96a126-8270-4107-b123-1b9d40f13240" testListId="8c84fa94-04c1-424b-9868-57a2d4851a1d" />
    <TestEntry testId="151dde0f-7514-7f92-fec7-069dea141ec1" executionId="d28fc990-3b9c-4e9a-974e-9d9969117f98" testListId="8c84fa94-04c1-424b-9868-57a2d4851a1d" />
    <TestEntry testId="6861a66b-c34f-85e2-7dc0-b86975862b92" executionId="0fd9009c-efbe-4c9e-b52d-4797cb14015f" testListId="8c84fa94-04c1-424b-9868-57a2d4851a1d" />
    <TestEntry testId="f5ad43e9-6dce-9892-e9ba-9a6fa01320ab" executionId="53dc57d2-2bbe-4722-92c9-2658a56990b3" testListId="8c84fa94-04c1-424b-9868-57a2d4851a1d" />
    <TestEntry testId="6528a03b-d3d1-ad54-dd5c-711ba30b6735" executionId="40da2558-2142-418e-96b9-9c00822f80fa" testListId="8c84fa94-04c1-424b-9868-57a2d4851a1d" />
    <TestEntry testId="c96916e8-0c1f-41a1-2dce-483be9719d1b" executionId="8939f7d2-511e-4819-978e-4b72a928119b" testListId="8c84fa94-04c1-424b-9868-57a2d4851a1d" />
    <TestEntry testId="92ec758b-0a9f-eb6f-5728-7177bd21bd92" executionId="b1a94429-c836-4b46-98c2-dfe9704e0130" testListId="8c84fa94-04c1-424b-9868-57a2d4851a1d" />
    <TestEntry testId="894ae6c8-d7db-8ef2-d504-21926eec5d9b" executionId="c0ead76a-9f7a-41e1-ad9f-1c4e4af1162e" testListId="8c84fa94-04c1-424b-9868-57a2d4851a1d" />
    <TestEntry testId="ba73dcd3-8243-f3f4-581f-58accd12573b" executionId="ea1ae636-7ea6-4103-b71d-0e4b27791472" testListId="8c84fa94-04c1-424b-9868-57a2d4851a1d" />
    <TestEntry testId="5901f206-8b87-a862-9a60-9c233d9ef908" executionId="6a980ac8-40d1-4a5a-8447-bcf769b9f72a" testListId="8c84fa94-04c1-424b-9868-57a2d4851a1d" />
    <TestEntry testId="b58c29db-223c-6762-00fc-38fef3b55f0b" executionId="ea8ed296-32ff-4add-bb3f-b0ad47377874" testListId="8c84fa94-04c1-424b-9868-57a2d4851a1d" />
    <TestEntry testId="2ecc3935-9480-f29f-8337-8788197adb18" executionId="077f8d57-0386-472e-b1e0-343fc761c2d1" testListId="8c84fa94-04c1-424b-9868-57a2d4851a1d" />
    <TestEntry testId="013ec608-bf31-c1f3-4405-5610ab25cd05" executionId="2798fcac-b498-4718-aff6-1fc04c993436" testListId="8c84fa94-04c1-424b-9868-57a2d4851a1d" />
    <TestEntry testId="c40f025e-a072-a41a-363a-c4259bba15bc" executionId="8f62c095-e720-4bc6-8528-e4a20d412b96" testListId="8c84fa94-04c1-424b-9868-57a2d4851a1d" />
    <TestEntry testId="cb55702d-c700-d151-dcf0-beab45244af9" executionId="51989b2b-b2aa-4773-a7b5-94485f755ec6" testListId="8c84fa94-04c1-424b-9868-57a2d4851a1d" />
    <TestEntry testId="a54fdac9-7854-ae5f-307d-eb321ba60c11" executionId="a43f5516-42c4-40a6-9c47-dbf6742456df" testListId="8c84fa94-04c1-424b-9868-57a2d4851a1d" />
    <TestEntry testId="2bee7063-c490-ba4c-f93e-50403e8cd6f0" executionId="5df858f5-36ee-483d-a92e-2d5f59e71843" testListId="8c84fa94-04c1-424b-9868-57a2d4851a1d" />
    <TestEntry testId="70b50ce6-74d1-7fbd-2919-257ee9c7df6c" executionId="0efb46c5-32a9-476e-9d95-9c7bdebdb8e9" testListId="8c84fa94-04c1-424b-9868-57a2d4851a1d" />
    <TestEntry testId="71c80dc1-4190-4866-88dc-3ccaaafd609d" executionId="8f625eb8-54f9-4ba6-91d7-36ee763fc0f3" testListId="8c84fa94-04c1-424b-9868-57a2d4851a1d" />
    <TestEntry testId="ea182078-3d3a-7ded-9148-e0767c63bd36" executionId="b638a343-ae67-416a-ba04-62ccf8a7cbbc" testListId="8c84fa94-04c1-424b-9868-57a2d4851a1d" />
    <TestEntry testId="e05e19b0-3eea-f2a8-8f55-e70581119b8d" executionId="c6839e25-38ee-44b6-82d0-0c857d9acf73" testListId="8c84fa94-04c1-424b-9868-57a2d4851a1d" />
    <TestEntry testId="60f41427-96a2-6709-af45-92a5c6038af3" executionId="94f78349-cef1-4c59-9d1b-eb53a475b919" testListId="8c84fa94-04c1-424b-9868-57a2d4851a1d" />
    <TestEntry testId="d4236472-de5d-f226-80c1-3a22bf4dbb7a" executionId="bf9a24e8-c020-47e1-a90b-46c403126e3f" testListId="8c84fa94-04c1-424b-9868-57a2d4851a1d" />
    <TestEntry testId="40e58b95-a20a-0164-25b5-43053926bef8" executionId="7afb2911-5ff3-4ee4-8531-aa30c92e9c4b" testListId="8c84fa94-04c1-424b-9868-57a2d4851a1d" />
    <TestEntry testId="8b95ba63-9e75-aef1-006c-d34c658b71a9" executionId="037e31d9-ddd3-48f1-9f94-ebf30b41a428" testListId="8c84fa94-04c1-424b-9868-57a2d4851a1d" />
    <TestEntry testId="059ec82c-601c-750f-1878-f79d7de4c6f5" executionId="d07dc1e9-2ab5-40c6-8968-a5796b947a2f" testListId="8c84fa94-04c1-424b-9868-57a2d4851a1d" />
    <TestEntry testId="212877d5-640f-6bdf-5f86-46a3a57c76b1" executionId="98feae4f-0ed4-42ed-9651-c63e204277bd" testListId="8c84fa94-04c1-424b-9868-57a2d4851a1d" />
    <TestEntry testId="c8de0939-1a79-d0a5-a87a-1bdc3f67d552" executionId="a8b2403c-d44a-4aae-bae0-6b503b51736d" testListId="8c84fa94-04c1-424b-9868-57a2d4851a1d" />
    <TestEntry testId="799f2c93-c7dd-e23b-6bda-f2fced204557" executionId="6bb1371f-d922-4f43-8d82-1df050781b2c" testListId="8c84fa94-04c1-424b-9868-57a2d4851a1d" />
    <TestEntry testId="3dbaffab-8b27-a46e-823e-2bfce4c0fa2d" executionId="4fda617b-3154-491c-87fe-e9c3ef71b1d4" testListId="8c84fa94-04c1-424b-9868-57a2d4851a1d" />
    <TestEntry testId="c2872500-36f3-585f-b26d-b463d6926843" executionId="2c96ccc3-1926-4dee-91df-bcd8c8b7e61b" testListId="8c84fa94-04c1-424b-9868-57a2d4851a1d" />
    <TestEntry testId="28582f1f-c48a-bba4-4ae3-8855be03d6ac" executionId="1b425a53-569e-478e-b0a2-afb9e93d5e99" testListId="8c84fa94-04c1-424b-9868-57a2d4851a1d" />
    <TestEntry testId="f9c7fb98-f128-a7cc-27ed-83f7368677f5" executionId="d689bba8-499c-4702-b452-f0ae30f5a38d" testListId="8c84fa94-04c1-424b-9868-57a2d4851a1d" />
    <TestEntry testId="897f4f03-4180-a949-9e99-15471e32c5d4" executionId="720632e1-d066-4074-8fc0-5a3fbc632356" testListId="8c84fa94-04c1-424b-9868-57a2d4851a1d" />
    <TestEntry testId="36758a6a-c858-e262-32c4-70704f2bacad" executionId="b5ad0862-88bd-4940-a7b9-422efb8c162d" testListId="8c84fa94-04c1-424b-9868-57a2d4851a1d" />
    <TestEntry testId="90582c39-7045-30da-36e4-e8be6cafa744" executionId="980464d6-c2ed-4a51-a390-136f8c4d7132" testListId="8c84fa94-04c1-424b-9868-57a2d4851a1d" />
    <TestEntry testId="5abf884a-299f-ebb7-33c9-bd83d4061ab6" executionId="0fcf5c7c-e8d0-4ca9-9ef1-d937e4342293" testListId="8c84fa94-04c1-424b-9868-57a2d4851a1d" />
    <TestEntry testId="61572c82-af72-7b0c-455c-436e6a841d9b" executionId="b60ba382-deb1-4910-a5ad-a38547e4f247" testListId="8c84fa94-04c1-424b-9868-57a2d4851a1d" />
    <TestEntry testId="94f2f6f2-ef25-f80f-121a-41a4838c33c5" executionId="a5165cbf-7a11-4fbd-a92c-587be99d948c" testListId="8c84fa94-04c1-424b-9868-57a2d4851a1d" />
    <TestEntry testId="5ece07f0-9c7f-519c-6fb6-10a383e232bc" executionId="dec92e0e-4482-4d08-9d83-63066b677732" testListId="8c84fa94-04c1-424b-9868-57a2d4851a1d" />
    <TestEntry testId="bd747e67-c7ab-5838-35cd-ce74b835443f" executionId="b5c806fc-1409-4dfa-8628-fce893b70a7f" testListId="8c84fa94-04c1-424b-9868-57a2d4851a1d" />
    <TestEntry testId="9f6110b4-a9d2-e00f-1cfb-38ddf94f44e7" executionId="193fecc2-55d3-4ec3-8120-4a3990671cc1" testListId="8c84fa94-04c1-424b-9868-57a2d4851a1d" />
    <TestEntry testId="9fd7af1b-5f90-a800-74a0-e78d191c0288" executionId="d8907165-e0be-4b52-9b6f-e74285e6acb9" testListId="8c84fa94-04c1-424b-9868-57a2d4851a1d" />
    <TestEntry testId="be20265f-866b-d688-f052-e1630a8d9ec9" executionId="54c997a8-b4b3-4fb3-bb2e-d7b436e420bd" testListId="8c84fa94-04c1-424b-9868-57a2d4851a1d" />
    <TestEntry testId="05cb6f08-7c56-b596-627e-7c040b005432" executionId="a4d41421-c620-42ab-9643-828faa5a04cd" testListId="8c84fa94-04c1-424b-9868-57a2d4851a1d" />
    <TestEntry testId="c8de0939-1a79-d0a5-a87a-1bdc3f67d552" executionId="f0c962bf-95a4-4241-aafe-f31756999313" testListId="8c84fa94-04c1-424b-9868-57a2d4851a1d" />
    <TestEntry testId="cc23ab8e-fa8a-c0d1-a4ed-d6df5de91a12" executionId="e29a8089-c208-4561-a456-57d447532772" testListId="8c84fa94-04c1-424b-9868-57a2d4851a1d" />
    <TestEntry testId="623442a2-ca81-6536-95a0-b29f841d610b" executionId="077f7005-a4f7-40ad-82b7-8ccddaa68d1f" testListId="8c84fa94-04c1-424b-9868-57a2d4851a1d" />
    <TestEntry testId="3a01ab69-c6af-8082-e8b6-fa931bddd4f3" executionId="fa0712e7-d7be-4723-9ce0-68f0ab99bca5" testListId="8c84fa94-04c1-424b-9868-57a2d4851a1d" />
    <TestEntry testId="a50ca4dd-43a8-3c97-d595-a23d4f561f1b" executionId="e20ba2cc-4766-4f8d-b70d-e8032435e735" testListId="8c84fa94-04c1-424b-9868-57a2d4851a1d" />
    <TestEntry testId="d2cccbb5-0551-4e6c-64f9-c40f2ccee626" executionId="3b4cfb8a-7a3d-4aa1-b794-1e226f50f253" testListId="8c84fa94-04c1-424b-9868-57a2d4851a1d" />
    <TestEntry testId="f6c402b0-b3f5-d01a-976d-aeca876482b2" executionId="6638b7d8-3abb-4390-b95f-9dd28ac586c4" testListId="8c84fa94-04c1-424b-9868-57a2d4851a1d" />
    <TestEntry testId="69cdcd68-7875-6260-33aa-078204c9da14" executionId="cc957426-3466-4be9-be29-1e64d7b1c6d3" testListId="8c84fa94-04c1-424b-9868-57a2d4851a1d" />
    <TestEntry testId="b12d10f0-84f0-2d22-0355-8584af8a5822" executionId="27e39a4d-f2c4-4ad2-844d-b968965b75aa" testListId="8c84fa94-04c1-424b-9868-57a2d4851a1d" />
    <TestEntry testId="e17c8275-492f-f350-f9ce-532f40898099" executionId="5e4e1bed-0bf6-4ea3-a9c8-57155eaa389c" testListId="8c84fa94-04c1-424b-9868-57a2d4851a1d" />
    <TestEntry testId="18045338-baa5-59a8-e196-762b114c3b83" executionId="469b50ea-0af4-40a4-baca-5c4de5681493" testListId="8c84fa94-04c1-424b-9868-57a2d4851a1d" />
    <TestEntry testId="463ec1ff-6588-57aa-ffd5-d403d766b3d0" executionId="e271c366-3ef5-4636-bc08-dd55e9843533" testListId="8c84fa94-04c1-424b-9868-57a2d4851a1d" />
    <TestEntry testId="415a6e80-1f0c-edf9-76aa-b3a1c1dbeb8c" executionId="72d9e6a3-9e0b-4137-89b0-9cc8b3d78e6d" testListId="8c84fa94-04c1-424b-9868-57a2d4851a1d" />
    <TestEntry testId="7cc54eeb-fcb9-774f-96d8-7555855db6e6" executionId="1eedf589-c393-4077-92d9-7141a799e6e2" testListId="8c84fa94-04c1-424b-9868-57a2d4851a1d" />
    <TestEntry testId="b54be9b4-9012-92e2-9afd-481d374fa5fd" executionId="a67085e6-5fb3-4b05-b2ce-d3150e8d858c" testListId="8c84fa94-04c1-424b-9868-57a2d4851a1d" />
    <TestEntry testId="d61508c8-c0fd-2369-afbb-ae8012ec2d7c" executionId="ed22f482-af2d-4ec9-bf9c-dfdb1fbe54ee" testListId="8c84fa94-04c1-424b-9868-57a2d4851a1d" />
    <TestEntry testId="22bdb9de-d2dd-5c91-28e6-f1c39b395770" executionId="f9dfc35c-53d9-40b9-8be0-fd055a4a917c" testListId="8c84fa94-04c1-424b-9868-57a2d4851a1d" />
    <TestEntry testId="af9a2b1c-53fb-7c22-891e-b840907e2209" executionId="67f051a6-cb77-4b0f-9789-c81852966225" testListId="8c84fa94-04c1-424b-9868-57a2d4851a1d" />
    <TestEntry testId="bb2684b4-7880-3710-9cd2-b646a98afa50" executionId="d9f0d4ed-4f48-4258-9d41-d9cdb7b1fe4d" testListId="8c84fa94-04c1-424b-9868-57a2d4851a1d" />
    <TestEntry testId="a8cf9597-b792-9cd2-2801-8f319d7423b8" executionId="3265b47e-8c90-4770-8328-4c2a27325c17" testListId="8c84fa94-04c1-424b-9868-57a2d4851a1d" />
    <TestEntry testId="28d946a5-b715-8749-2aff-e56db131a623" executionId="924693f9-7b18-46ec-b00a-3e179a12fba3" testListId="8c84fa94-04c1-424b-9868-57a2d4851a1d" />
    <TestEntry testId="1a91a95c-1367-a621-74b2-ef0383bae22b" executionId="44c33f18-61e8-465d-b8a2-2da7ee79a11d" testListId="8c84fa94-04c1-424b-9868-57a2d4851a1d" />
    <TestEntry testId="bf7431d9-b64a-8a6d-cfdc-456f6c2280f0" executionId="fac951c5-94b9-4a23-8f8f-e8deec2a7279" testListId="8c84fa94-04c1-424b-9868-57a2d4851a1d" />
    <TestEntry testId="adf509e8-c4e8-3dcd-e3d9-d5adebd3c004" executionId="bf6edfeb-2859-4b8e-b632-7bf8b6c2bdb0" testListId="8c84fa94-04c1-424b-9868-57a2d4851a1d" />
    <TestEntry testId="04cbd2d3-6076-c918-0fc1-0ee672556a2c" executionId="aff7ac41-98b3-4274-b952-5ae49427dbfa" testListId="8c84fa94-04c1-424b-9868-57a2d4851a1d" />
    <TestEntry testId="3d01c760-21aa-7d57-094b-857206de0144" executionId="b01dadd6-8cb4-44cb-94d6-d6fd3239c310" testListId="8c84fa94-04c1-424b-9868-57a2d4851a1d" />
    <TestEntry testId="934aec9a-f550-3f74-8718-962649e063b0" executionId="6fdaa797-ba39-4a0a-9d93-25e97542d75b" testListId="8c84fa94-04c1-424b-9868-57a2d4851a1d" />
    <TestEntry testId="c04c279a-5aaa-475f-cd8a-ecac73f8f05d" executionId="02d9f9dd-077e-41b3-9bf2-45ae8620921e" testListId="8c84fa94-04c1-424b-9868-57a2d4851a1d" />
    <TestEntry testId="d8d413c5-5d64-7ca2-89ca-58fef6517eb5" executionId="0eb9599d-5e4b-498a-bcb3-f22d2e0c6ccc" testListId="8c84fa94-04c1-424b-9868-57a2d4851a1d" />
    <TestEntry testId="7cecbd72-4fa4-cc01-939a-21154b938cd3" executionId="cc4da5ac-91d8-47bc-8b17-65dc5cfe2336" testListId="8c84fa94-04c1-424b-9868-57a2d4851a1d" />
    <TestEntry testId="0009af25-bec8-4f03-f9aa-955632d8f5d0" executionId="b03de8a7-7594-4f25-8dd2-7168f754a2a8" testListId="8c84fa94-04c1-424b-9868-57a2d4851a1d" />
    <TestEntry testId="1ccd26b5-388b-831c-b808-c340f85b8665" executionId="c5616f62-fd11-4321-ba12-ee84cc0fe72f" testListId="8c84fa94-04c1-424b-9868-57a2d4851a1d" />
    <TestEntry testId="ab8c209f-3f05-6efb-2f32-19242524cb78" executionId="0236406c-28ee-43f3-97b2-bea941f67928" testListId="8c84fa94-04c1-424b-9868-57a2d4851a1d" />
    <TestEntry testId="b8f5f4f5-0941-d005-a9ba-f058eb7b64af" executionId="d5c176e0-4f50-49af-9cf7-6fe637980924" testListId="8c84fa94-04c1-424b-9868-57a2d4851a1d" />
    <TestEntry testId="3fc234b7-f5d5-8129-6d3e-4397a874d997" executionId="956aef3f-1397-4f69-8bcb-1f5c3b926bfb" testListId="8c84fa94-04c1-424b-9868-57a2d4851a1d" />
    <TestEntry testId="18a4ce1b-56cd-a2b9-7bba-1352b51581bf" executionId="581b6fd7-2c5f-4c5e-b95a-24bf10e36793" testListId="8c84fa94-04c1-424b-9868-57a2d4851a1d" />
    <TestEntry testId="2a4f2ac6-a10b-11a5-db10-2d2276205ebc" executionId="e9ce9e1b-241a-425e-beb2-aeb495dfd909" testListId="8c84fa94-04c1-424b-9868-57a2d4851a1d" />
    <TestEntry testId="c7c7e6d1-7dcd-38ea-14e9-28ada58706a9" executionId="7015b770-1d1c-4403-aff9-f6cdc30fa357" testListId="8c84fa94-04c1-424b-9868-57a2d4851a1d" />
    <TestEntry testId="5c1fd4c8-a815-0cd7-7523-17032c4a8a84" executionId="c582c12f-5ccf-4c5a-8af9-90cdb5304d88" testListId="8c84fa94-04c1-424b-9868-57a2d4851a1d" />
    <TestEntry testId="1ea95406-0526-3d73-1270-14672e58dfd0" executionId="e5a3fbec-f1ec-448b-95db-07562b346a95" testListId="8c84fa94-04c1-424b-9868-57a2d4851a1d" />
    <TestEntry testId="a42c1899-00ae-b158-e33f-6ed8a40870bd" executionId="8df192dd-de39-4154-9d50-e4c64c5280f9" testListId="8c84fa94-04c1-424b-9868-57a2d4851a1d" />
    <TestEntry testId="4ae20fc3-4c3a-b5f5-16b4-01ceebdbbd28" executionId="af986789-ddd2-44c8-a4e7-5bcc6d2fbf36" testListId="8c84fa94-04c1-424b-9868-57a2d4851a1d" />
    <TestEntry testId="25708d6b-8c71-05f6-05f8-af87ac7058ba" executionId="9e5f896c-6ec5-45a5-8b00-858ff90787c9" testListId="8c84fa94-04c1-424b-9868-57a2d4851a1d" />
    <TestEntry testId="20972a3c-a0dd-bee9-5885-2e2e8e294327" executionId="a6f837c7-1d88-484d-83ac-85c94b6f869f" testListId="8c84fa94-04c1-424b-9868-57a2d4851a1d" />
    <TestEntry testId="b055da6f-c520-742c-87d7-1396435a7193" executionId="19666810-66e9-44ce-96dd-063e6176edc2" testListId="8c84fa94-04c1-424b-9868-57a2d4851a1d" />
    <TestEntry testId="118a707b-3031-ffd0-a638-39b029400449" executionId="1deb3721-c9c7-4e71-b963-d118b66a652f" testListId="8c84fa94-04c1-424b-9868-57a2d4851a1d" />
    <TestEntry testId="07ef1df0-5005-7aad-52ef-2eb1b7a98959" executionId="c086532a-813e-4667-a691-c80c99655e22" testListId="8c84fa94-04c1-424b-9868-57a2d4851a1d" />
    <TestEntry testId="5e3070c7-41dc-677c-369b-1aedbd0e1f62" executionId="7d3a5ffc-9d80-4b4d-ba3b-6955045a3671" testListId="8c84fa94-04c1-424b-9868-57a2d4851a1d" />
    <TestEntry testId="1b95e1da-3b24-3f6c-bfda-ac63c12010db" executionId="a58f15e6-703d-4042-89c1-f9f34fd36eab" testListId="8c84fa94-04c1-424b-9868-57a2d4851a1d" />
    <TestEntry testId="ddbf484e-3870-2ac0-7c19-4020e9dd9706" executionId="a8e9fd4a-c983-4f98-af49-c71b081ded5f" testListId="8c84fa94-04c1-424b-9868-57a2d4851a1d" />
    <TestEntry testId="0e48273b-694c-18f2-f7ae-524674afcc14" executionId="55233804-3497-4f16-97ac-92de2a10ba65" testListId="8c84fa94-04c1-424b-9868-57a2d4851a1d" />
    <TestEntry testId="7d20f594-1687-7484-0c7b-fc5c9299b242" executionId="ac19ac0d-0509-4aab-a896-cf394c3fb0cb" testListId="8c84fa94-04c1-424b-9868-57a2d4851a1d" />
    <TestEntry testId="dcab6cb4-8896-cab0-b222-fb4f42fd53bb" executionId="c344e935-9789-4675-a7a1-aacb5939a676" testListId="8c84fa94-04c1-424b-9868-57a2d4851a1d" />
    <TestEntry testId="40e58b95-a20a-0164-25b5-43053926bef8" executionId="a7beb8a1-0fd8-4ab8-bbd4-1e1a41d1765c" testListId="8c84fa94-04c1-424b-9868-57a2d4851a1d" />
    <TestEntry testId="c75b2726-ff0b-c3be-b95a-caf451c1b51a" executionId="09a2ba3c-fd90-4e31-b09e-07cd03250f7a" testListId="8c84fa94-04c1-424b-9868-57a2d4851a1d" />
    <TestEntry testId="7974230d-bef5-3068-1e04-d9dc9c63c154" executionId="67abc65c-0216-4d86-a657-64b3cf44b409" testListId="8c84fa94-04c1-424b-9868-57a2d4851a1d" />
    <TestEntry testId="da778e4e-be73-102b-f0b5-1fcf91b9c6b1" executionId="a6379db4-b1ea-44c2-a4f3-4524d9f77a00" testListId="8c84fa94-04c1-424b-9868-57a2d4851a1d" />
    <TestEntry testId="b0ddc444-c953-1f50-773c-537de7cf2a71" executionId="0b939314-efe2-41e8-9987-c579b17f0ee6" testListId="8c84fa94-04c1-424b-9868-57a2d4851a1d" />
    <TestEntry testId="01b3bb56-5019-822d-2984-404d05cec6be" executionId="9d4bc264-1467-4338-9749-8a2b7759df17" testListId="8c84fa94-04c1-424b-9868-57a2d4851a1d" />
    <TestEntry testId="0ff0d87a-07e9-b695-31c6-9fd5f394bf14" executionId="8e711633-f1ff-4cd4-b4ed-039526f24895" testListId="8c84fa94-04c1-424b-9868-57a2d4851a1d" />
    <TestEntry testId="4d04b2c4-4088-280e-2bde-c56de605bb36" executionId="55e858ad-e880-4ce6-b497-252155c3f5b3" testListId="8c84fa94-04c1-424b-9868-57a2d4851a1d" />
    <TestEntry testId="f5cf7134-37ff-d485-b50a-afe38e01f05b" executionId="e80ae884-7bd6-42ea-b083-980919e7718e" testListId="8c84fa94-04c1-424b-9868-57a2d4851a1d" />
    <TestEntry testId="7078ba16-7510-d5f1-b9cc-ccc7dc4da0a4" executionId="6bf352ce-1b15-490e-9876-883132bde853" testListId="8c84fa94-04c1-424b-9868-57a2d4851a1d" />
    <TestEntry testId="407d13ba-1f9f-370e-36db-69b2f26a2b4c" executionId="b0385ad6-d163-437e-8593-c56cf75ded1f" testListId="8c84fa94-04c1-424b-9868-57a2d4851a1d" />
    <TestEntry testId="2e9af8ff-00ee-c1aa-d7b2-749703ad0116" executionId="aecc9b19-3d45-49ab-a886-e2585b7ab842" testListId="8c84fa94-04c1-424b-9868-57a2d4851a1d" />
    <TestEntry testId="0e6965d1-b5eb-5c85-33a1-f589eda9b603" executionId="fd396800-8693-4bd8-abe1-c31a5050fc2d" testListId="8c84fa94-04c1-424b-9868-57a2d4851a1d" />
    <TestEntry testId="423cdea8-ab4c-39b5-8bd9-22dc3ec615ef" executionId="824b3c1d-08ab-4cd6-8966-aaf98e8903d9" testListId="8c84fa94-04c1-424b-9868-57a2d4851a1d" />
    <TestEntry testId="7d41af5a-4c10-0627-a21c-22e6bad926f2" executionId="69dae71d-4d9c-43a5-b253-7bc02adc3abb" testListId="8c84fa94-04c1-424b-9868-57a2d4851a1d" />
    <TestEntry testId="8d21a44e-3320-941f-4e14-97c023a3327e" executionId="e714a42b-4170-4dc4-b0f2-e7342c56f4a9" testListId="8c84fa94-04c1-424b-9868-57a2d4851a1d" />
    <TestEntry testId="40e58b95-a20a-0164-25b5-43053926bef8" executionId="4153aa3b-88da-4919-b24e-7c1014f8bd3e" testListId="8c84fa94-04c1-424b-9868-57a2d4851a1d" />
    <TestEntry testId="884c21ab-469f-f12c-07f1-874999caa78d" executionId="11f66512-43a0-47b2-924e-dccdaf9265fa" testListId="8c84fa94-04c1-424b-9868-57a2d4851a1d" />
    <TestEntry testId="b5841919-cf28-796c-5269-cbe5645ad868" executionId="5450048e-b4d0-43ae-9689-e423b63c90ea" testListId="8c84fa94-04c1-424b-9868-57a2d4851a1d" />
    <TestEntry testId="c27ddb6b-4498-2a9b-f011-dc955b71242a" executionId="ee05f70a-4972-42ef-9afc-f593f1392c8b" testListId="8c84fa94-04c1-424b-9868-57a2d4851a1d" />
    <TestEntry testId="584e7772-3662-4822-1c81-051d82d5bd20" executionId="616c5c86-dfc2-4c1a-88b3-5724722ae172" testListId="8c84fa94-04c1-424b-9868-57a2d4851a1d" />
    <TestEntry testId="3a154f8d-d4a4-15f8-4a03-2b9099aa54a1" executionId="70445dff-2694-45c0-8478-e6beea86c7c6" testListId="8c84fa94-04c1-424b-9868-57a2d4851a1d" />
    <TestEntry testId="0c59b397-ccb7-a6cb-9c19-06b5d95464e0" executionId="2419859f-6bd1-4d9b-8980-d1c968dae0e2" testListId="8c84fa94-04c1-424b-9868-57a2d4851a1d" />
    <TestEntry testId="c7c7e6d1-7dcd-38ea-14e9-28ada58706a9" executionId="b2e4bed7-ad35-4913-aaa6-e848581fc3d2" testListId="8c84fa94-04c1-424b-9868-57a2d4851a1d" />
    <TestEntry testId="496b9c29-1cfb-30e1-9cdc-64844fc8dc25" executionId="1469370f-c4be-40b0-a384-481eccab3d04" testListId="8c84fa94-04c1-424b-9868-57a2d4851a1d" />
    <TestEntry testId="23491167-b49e-d106-0bee-ac2174809e4e" executionId="46f4f3e9-37a4-45bd-884f-520fb354cbb0" testListId="8c84fa94-04c1-424b-9868-57a2d4851a1d" />
    <TestEntry testId="5ccb425e-cad0-e99f-3de8-bc3f47d3717f" executionId="228d1ca6-9728-428b-b5a8-0718771d9297" testListId="8c84fa94-04c1-424b-9868-57a2d4851a1d" />
    <TestEntry testId="ad27c118-1390-deb0-4083-9da715a5fc40" executionId="615d3149-beef-4fc6-95c9-1f5cc68fb866" testListId="8c84fa94-04c1-424b-9868-57a2d4851a1d" />
    <TestEntry testId="a0588c61-76e1-9714-42ea-76db428e1bcf" executionId="04a85f7f-a537-4873-8b3b-ab1fc8532ebd" testListId="8c84fa94-04c1-424b-9868-57a2d4851a1d" />
    <TestEntry testId="5524e431-596f-c5d7-17e3-4951037511b5" executionId="ea299bcf-18f3-4ce8-826f-29b31f115c52" testListId="8c84fa94-04c1-424b-9868-57a2d4851a1d" />
    <TestEntry testId="eeee919c-4501-4016-6c44-7e5eed095d98" executionId="01fa12eb-2c97-4956-8f09-144ec6ddb2d6" testListId="8c84fa94-04c1-424b-9868-57a2d4851a1d" />
    <TestEntry testId="c9417a0c-3ef6-07e7-4ac7-19f225c793a0" executionId="f07a8410-fa8a-48ef-9001-b1bbee45e82d" testListId="8c84fa94-04c1-424b-9868-57a2d4851a1d" />
    <TestEntry testId="5df82292-1ddb-3e29-b038-d268659926ed" executionId="db41aa7c-1bea-4acb-abd8-f6f20110044b" testListId="8c84fa94-04c1-424b-9868-57a2d4851a1d" />
    <TestEntry testId="7974230d-bef5-3068-1e04-d9dc9c63c154" executionId="3efe9bb9-22ba-4d2d-93ab-c52cb7af24aa" testListId="8c84fa94-04c1-424b-9868-57a2d4851a1d" />
    <TestEntry testId="51106c6f-642f-52d5-5f60-5ab4d1066e94" executionId="983f5dfb-88e3-43bb-8382-e6b7bc5a5f5d" testListId="8c84fa94-04c1-424b-9868-57a2d4851a1d" />
    <TestEntry testId="048cabe8-9e3b-eebd-956f-c3b4a8ed99d1" executionId="1792789a-562a-4ece-8005-f8ad2f87419c" testListId="8c84fa94-04c1-424b-9868-57a2d4851a1d" />
    <TestEntry testId="c8de0939-1a79-d0a5-a87a-1bdc3f67d552" executionId="41a13d6a-b9c1-4f6b-930f-0f92cfa45d85" testListId="8c84fa94-04c1-424b-9868-57a2d4851a1d" />
    <TestEntry testId="a62cebdf-b172-07cc-6b70-ab3ddc87ea74" executionId="8a080a89-daf0-40b5-a316-d72fcbc2adcd" testListId="8c84fa94-04c1-424b-9868-57a2d4851a1d" />
    <TestEntry testId="54f80699-64aa-4890-d973-b664872615ea" executionId="acc7a57a-7bb1-467d-adef-432d09e6d1ce" testListId="8c84fa94-04c1-424b-9868-57a2d4851a1d" />
    <TestEntry testId="2356517f-c677-dee8-be27-54adad3fb1fc" executionId="ce0bf2cd-32cf-479e-bbd2-ee177430de57" testListId="8c84fa94-04c1-424b-9868-57a2d4851a1d" />
    <TestEntry testId="0da0ac37-d0e7-96de-006a-0889754f88a4" executionId="3dab9274-7037-42a5-84df-d7f6c91e2add" testListId="8c84fa94-04c1-424b-9868-57a2d4851a1d" />
    <TestEntry testId="2c7861aa-323a-97e0-8c48-4f82515d5eb3" executionId="3f37e502-bf02-48c7-a981-989019d4c097" testListId="8c84fa94-04c1-424b-9868-57a2d4851a1d" />
    <TestEntry testId="46460b4b-4705-5233-bea5-bd169c31efde" executionId="ae12609a-15f9-418f-b8e8-21d9cdda66b7" testListId="8c84fa94-04c1-424b-9868-57a2d4851a1d" />
    <TestEntry testId="1ddacae2-838d-2593-67aa-40661e84cbc3" executionId="5d639cc9-b01b-4934-9b50-87e054d66281" testListId="8c84fa94-04c1-424b-9868-57a2d4851a1d" />
    <TestEntry testId="bbe31c75-2e65-0d75-87aa-01269453186f" executionId="152b1246-b144-4510-a3e8-c71284e941e5" testListId="8c84fa94-04c1-424b-9868-57a2d4851a1d" />
    <TestEntry testId="97cbd01c-79b8-37f6-7322-3121dabbb5c7" executionId="06b3a4e3-829e-408b-a589-f195373c1d1b" testListId="8c84fa94-04c1-424b-9868-57a2d4851a1d" />
    <TestEntry testId="e49a768a-857a-0209-379b-0ff52755c642" executionId="9f226cff-e3f8-4101-bea0-0f3aff556bb0" testListId="8c84fa94-04c1-424b-9868-57a2d4851a1d" />
    <TestEntry testId="3e0c3284-efea-ef13-339c-bf2e2f2e8b4a" executionId="f1151556-345d-4b12-9648-da246518b105" testListId="8c84fa94-04c1-424b-9868-57a2d4851a1d" />
    <TestEntry testId="c5fab2ed-1e4d-4b71-51d4-9fce86c8aad8" executionId="a4bfd390-8765-4ae8-b756-adb824ecfb7f" testListId="8c84fa94-04c1-424b-9868-57a2d4851a1d" />
    <TestEntry testId="05aba451-d3f2-83d2-3c53-b07a6426be30" executionId="44be7ff8-a277-4712-9192-633cdb938253" testListId="8c84fa94-04c1-424b-9868-57a2d4851a1d" />
    <TestEntry testId="67c0c2b1-c5da-1717-7ac9-178f089f0fd3" executionId="3b918cbb-dd55-46a4-8204-3880bfd3e2bb" testListId="8c84fa94-04c1-424b-9868-57a2d4851a1d" />
    <TestEntry testId="158bca34-73f6-5fa5-b1fc-82c21feb72b6" executionId="6cf89fe7-75d0-4136-95a1-e71a428b36f3" testListId="8c84fa94-04c1-424b-9868-57a2d4851a1d" />
    <TestEntry testId="0f327029-5837-93f6-9bd8-e3d3702f1f15" executionId="b1613806-53ea-41a9-a85c-77aee13cef4b" testListId="8c84fa94-04c1-424b-9868-57a2d4851a1d" />
    <TestEntry testId="e4cd0ed4-35a8-c15a-a592-ac283a97d5ba" executionId="242e5b8c-97fb-4853-b3f1-4b8701cd4861" testListId="8c84fa94-04c1-424b-9868-57a2d4851a1d" />
    <TestEntry testId="f48d0e83-4a7a-450c-22c9-0a66df61951c" executionId="e08cc85e-8adf-4658-9a38-880cef07a7b1" testListId="8c84fa94-04c1-424b-9868-57a2d4851a1d" />
    <TestEntry testId="6f866a3e-7147-3011-cacf-b837523366fc" executionId="b2b1b8eb-1923-4f67-b257-856c392eb963" testListId="8c84fa94-04c1-424b-9868-57a2d4851a1d" />
    <TestEntry testId="7c735d4e-e2ea-8990-507c-c84688639e52" executionId="188a0e38-e8f2-4967-919f-37a714d9903a" testListId="8c84fa94-04c1-424b-9868-57a2d4851a1d" />
    <TestEntry testId="4b32ac24-b1fb-4369-21fd-760bf692547a" executionId="f223feea-8db7-44fc-b165-0b0bcfa3f875" testListId="8c84fa94-04c1-424b-9868-57a2d4851a1d" />
    <TestEntry testId="c54b9df3-a9f3-3453-98f8-103d3da76cd8" executionId="fb6bb6d9-f1e4-4a12-8436-91f7436dda85" testListId="8c84fa94-04c1-424b-9868-57a2d4851a1d" />
    <TestEntry testId="a4572c38-59c4-0892-72b3-73340f206bb6" executionId="c6b0715e-8baa-42c5-b512-e3398bfd8b16" testListId="8c84fa94-04c1-424b-9868-57a2d4851a1d" />
    <TestEntry testId="5d4ac87b-40ce-8357-9d6c-005d08826ab3" executionId="00645219-f9e0-4571-aee8-e5970fed315e" testListId="8c84fa94-04c1-424b-9868-57a2d4851a1d" />
    <TestEntry testId="06c110c7-8d34-9ed3-56ce-d15b84bd80f8" executionId="e68a1588-e249-4ffa-b4b1-37d813b616b7" testListId="8c84fa94-04c1-424b-9868-57a2d4851a1d" />
    <TestEntry testId="008cc361-8881-a641-9a70-eeac32cbea34" executionId="671b979f-8c12-4381-b46f-d82b6c2e589c" testListId="8c84fa94-04c1-424b-9868-57a2d4851a1d" />
    <TestEntry testId="c90e055f-9876-7020-08d6-6aa4283c5bfc" executionId="e4d7425d-f528-4d6a-9220-815dd12793f9" testListId="8c84fa94-04c1-424b-9868-57a2d4851a1d" />
    <TestEntry testId="e49a768a-857a-0209-379b-0ff52755c642" executionId="ea9fe135-eb56-488d-8e91-b278165bfa5b" testListId="8c84fa94-04c1-424b-9868-57a2d4851a1d" />
    <TestEntry testId="06014212-f1a7-dc84-1f6e-240f881f5e83" executionId="b637229c-ac23-4eff-9919-ccc5ed88678f" testListId="8c84fa94-04c1-424b-9868-57a2d4851a1d" />
    <TestEntry testId="8171e48c-cfe0-3a26-357f-08352094d619" executionId="b4e1dba1-7399-4caf-b7cc-a136d5ce5116" testListId="8c84fa94-04c1-424b-9868-57a2d4851a1d" />
    <TestEntry testId="74827238-6ac6-8639-b349-a3624a97b7a9" executionId="9cafcba4-8b54-49ff-b0f0-f9f6c60df03e" testListId="8c84fa94-04c1-424b-9868-57a2d4851a1d" />
    <TestEntry testId="980f6bca-1e09-11e4-4822-cade225be40b" executionId="8729b11f-58cb-4459-8134-b04edd2c841c" testListId="8c84fa94-04c1-424b-9868-57a2d4851a1d" />
    <TestEntry testId="6f6f09e2-fd18-47f2-bd02-89f6b7811290" executionId="00b3536e-bb55-4da6-b8fc-b7616487ee73" testListId="8c84fa94-04c1-424b-9868-57a2d4851a1d" />
    <TestEntry testId="afc87f63-283e-7783-186c-4bbc5331191b" executionId="51eaad64-4b24-4bb7-b214-1b4616f301e0" testListId="8c84fa94-04c1-424b-9868-57a2d4851a1d" />
    <TestEntry testId="6c87fcde-674b-b571-b4a2-f7b38dd3dff3" executionId="24dd5ac4-1d71-4870-be8a-b8539736671e" testListId="8c84fa94-04c1-424b-9868-57a2d4851a1d" />
    <TestEntry testId="8bfd446f-117a-be01-8bb9-1d945d787203" executionId="9ad11d01-ce2d-44fd-b0d5-ce68484510d9" testListId="8c84fa94-04c1-424b-9868-57a2d4851a1d" />
    <TestEntry testId="d8fba7c9-4a0f-db4a-0adc-d975b36d5053" executionId="3cdd2f6d-79b8-495a-8de7-c8c7634e9b39" testListId="8c84fa94-04c1-424b-9868-57a2d4851a1d" />
    <TestEntry testId="f35d1388-8169-615d-6c01-98711e291fe3" executionId="f591bef5-025d-4912-9ce2-8efbfe02f3c5" testListId="8c84fa94-04c1-424b-9868-57a2d4851a1d" />
    <TestEntry testId="40b46125-aa72-17ad-6e96-6f4f3bbc387e" executionId="06267a14-28f8-42d9-af34-ff2eb73683c9" testListId="8c84fa94-04c1-424b-9868-57a2d4851a1d" />
    <TestEntry testId="4119dcec-703e-3f26-5982-a66a53fcdf3a" executionId="81e261a4-87b0-471f-b5ff-84cf66a84db1" testListId="8c84fa94-04c1-424b-9868-57a2d4851a1d" />
    <TestEntry testId="95668abe-8376-48e1-67bf-74cac39cb21b" executionId="4329a892-6823-4889-ac13-efce53fbd153" testListId="8c84fa94-04c1-424b-9868-57a2d4851a1d" />
    <TestEntry testId="b15922e8-0360-2586-b87d-44d5850faa16" executionId="c398cf71-107a-42cf-bf95-fe0385272db3" testListId="8c84fa94-04c1-424b-9868-57a2d4851a1d" />
    <TestEntry testId="c4a3024d-3a09-292e-990f-c2a6c08cdec3" executionId="d5f41416-4e24-46d4-908f-f20c9769ee88" testListId="8c84fa94-04c1-424b-9868-57a2d4851a1d" />
    <TestEntry testId="82b951e8-00ae-f43b-ae5a-6615e231a190" executionId="184ba738-4bd9-449c-a9f5-f5dfcdfe2f67" testListId="8c84fa94-04c1-424b-9868-57a2d4851a1d" />
    <TestEntry testId="1da0f73e-0f3e-3ad9-bdc7-965bd6eb3db5" executionId="cbd1f64e-3b44-4f66-a7d2-8611e9836b1a" testListId="8c84fa94-04c1-424b-9868-57a2d4851a1d" />
    <TestEntry testId="d30b398e-3b4c-91fa-85bb-82758556b6b8" executionId="42342e86-0ee6-46cd-b735-aa277ca3c882" testListId="8c84fa94-04c1-424b-9868-57a2d4851a1d" />
    <TestEntry testId="d39f6157-f567-d8fb-0b72-9893a61956da" executionId="f1644ad0-014a-4b9f-92db-f9ea1bc3b025" testListId="8c84fa94-04c1-424b-9868-57a2d4851a1d" />
    <TestEntry testId="4ba83bc8-9974-230d-9289-9d1c29ff28ff" executionId="865baa26-3ad1-40f7-bc14-71c5331830f9" testListId="8c84fa94-04c1-424b-9868-57a2d4851a1d" />
    <TestEntry testId="e25c3d00-03c6-d2fa-ba77-023f3c4c50ed" executionId="00c38aef-a499-4d84-92ea-3c7d110e6f4c" testListId="8c84fa94-04c1-424b-9868-57a2d4851a1d" />
    <TestEntry testId="c3ba47d6-eab7-6692-30c9-ca20120a942f" executionId="3d3bba54-fdcc-4e19-9252-285d22e47799" testListId="8c84fa94-04c1-424b-9868-57a2d4851a1d" />
    <TestEntry testId="703de43f-51ca-8bf3-0324-363a6392ca37" executionId="13d1f466-cfee-4e9c-8c14-5683c692bef7" testListId="8c84fa94-04c1-424b-9868-57a2d4851a1d" />
    <TestEntry testId="4b455b62-f312-f58a-6917-1e1da3bbad24" executionId="fdd54eb1-ef89-48d3-b818-15b5282bfa5a" testListId="8c84fa94-04c1-424b-9868-57a2d4851a1d" />
    <TestEntry testId="6d1f3930-9bdc-f89b-1a2e-50e7ce0c62db" executionId="4641042e-7df1-422e-8612-5967463d641f" testListId="8c84fa94-04c1-424b-9868-57a2d4851a1d" />
    <TestEntry testId="024eb999-083e-bc07-f309-922f9d52d793" executionId="25c09b84-aa98-429b-b4b8-a21c0636b0b5" testListId="8c84fa94-04c1-424b-9868-57a2d4851a1d" />
    <TestEntry testId="ff2685d7-d197-ed21-678d-277e4ac4c672" executionId="b075f294-0acf-4d7e-b7df-cb12027a09a1" testListId="8c84fa94-04c1-424b-9868-57a2d4851a1d" />
    <TestEntry testId="cb17a992-f319-0dd1-89a7-3eb81c283bd8" executionId="45a041a1-10bd-4c79-aaf7-8b9ea8ca7d53" testListId="8c84fa94-04c1-424b-9868-57a2d4851a1d" />
    <TestEntry testId="3ee85e2f-dfff-7c36-28a6-34dcd28df7e8" executionId="03875279-4e20-421a-b768-40f541a280d8" testListId="8c84fa94-04c1-424b-9868-57a2d4851a1d" />
    <TestEntry testId="1bab6ad3-97f7-2be2-7365-9c7d7474b915" executionId="3830c115-11af-433e-89cd-ad808737e175" testListId="8c84fa94-04c1-424b-9868-57a2d4851a1d" />
    <TestEntry testId="9356db21-add3-51c6-7097-4ea51a559a3f" executionId="032d13d3-edaa-4724-b826-3f4dc6a222b8" testListId="8c84fa94-04c1-424b-9868-57a2d4851a1d" />
    <TestEntry testId="07c97d74-e941-a5bb-eaeb-0b95c8b9de18" executionId="f8b63f31-9599-4561-a848-bade6a9d0554" testListId="8c84fa94-04c1-424b-9868-57a2d4851a1d" />
    <TestEntry testId="7a3b957a-30f9-3ae7-5da1-c73d87fd92be" executionId="b0aceb4a-d8c5-4909-8066-bc1fcec56217" testListId="8c84fa94-04c1-424b-9868-57a2d4851a1d" />
    <TestEntry testId="582f1eb1-b3c0-a4ac-15fa-42ecc15946b2" executionId="19bfbf0e-beb5-43d8-9f28-0a2229ec6b77" testListId="8c84fa94-04c1-424b-9868-57a2d4851a1d" />
    <TestEntry testId="5a88a965-761d-1c99-f54d-956333169df4" executionId="6f0490a9-0501-4d8c-b727-0495e325b6a6" testListId="8c84fa94-04c1-424b-9868-57a2d4851a1d" />
    <TestEntry testId="cead59ae-7d25-a743-1b3c-2a7dec0a6f9e" executionId="1eafc30f-1865-4a5a-abd5-c371eedebcbd" testListId="8c84fa94-04c1-424b-9868-57a2d4851a1d" />
    <TestEntry testId="a4880eaf-6936-b5bc-d414-d52f9a0a5cc2" executionId="88aa8275-cd4d-4d2d-85e7-4a2adae61721" testListId="8c84fa94-04c1-424b-9868-57a2d4851a1d" />
    <TestEntry testId="80bd8ebb-155b-3503-e5f6-e1f2b488d0d4" executionId="ecf58caf-a912-4872-bbb8-db2b688adfe8" testListId="8c84fa94-04c1-424b-9868-57a2d4851a1d" />
    <TestEntry testId="0be46257-62ab-444d-b1c4-4dddb9a0f339" executionId="1938d65c-d3ad-49b6-aa1f-c7a82382996b" testListId="8c84fa94-04c1-424b-9868-57a2d4851a1d" />
    <TestEntry testId="c69b3ce9-8580-7ba6-9bc3-277cb398ee81" executionId="a43587ea-9937-42c5-a99d-c6ac550420d0" testListId="8c84fa94-04c1-424b-9868-57a2d4851a1d" />
    <TestEntry testId="e9f58863-1919-48f1-4630-460ea3516716" executionId="51e9c610-d2de-4c6e-84b8-f77d422a1b5c" testListId="8c84fa94-04c1-424b-9868-57a2d4851a1d" />
    <TestEntry testId="20cd9206-2df1-bec9-4fa9-33758ce35c74" executionId="8df5885f-42e1-435f-aa7f-a5a6fb06d9c2" testListId="8c84fa94-04c1-424b-9868-57a2d4851a1d" />
    <TestEntry testId="28dff0f0-7eb9-a744-6fe7-08093608e66e" executionId="865cf542-b867-4838-a34e-40d5b74aefad" testListId="8c84fa94-04c1-424b-9868-57a2d4851a1d" />
    <TestEntry testId="a5f325fe-8670-fd77-e240-954041a63ac4" executionId="c0521255-3ed2-486f-a461-70c6a9895881" testListId="8c84fa94-04c1-424b-9868-57a2d4851a1d" />
    <TestEntry testId="095e05ba-c3dc-b81f-b0fb-776de35704d8" executionId="a565b7f6-15d5-4e84-a427-843a728cab12" testListId="8c84fa94-04c1-424b-9868-57a2d4851a1d" />
    <TestEntry testId="e49a768a-857a-0209-379b-0ff52755c642" executionId="c2e72bcc-cd58-49e4-a6ff-b4d4318e6385" testListId="8c84fa94-04c1-424b-9868-57a2d4851a1d" />
    <TestEntry testId="5b376b62-5d1d-8f2b-6146-699a1983e7c7" executionId="b48e4aa0-7264-4ec0-9d83-199430cbc50a" testListId="8c84fa94-04c1-424b-9868-57a2d4851a1d" />
    <TestEntry testId="c828bed1-de38-00eb-585d-e1ed82287270" executionId="cacf953e-f84d-4bb0-923d-a2a6cfa8ca29" testListId="8c84fa94-04c1-424b-9868-57a2d4851a1d" />
    <TestEntry testId="8ca2fe7c-3f33-a2fb-6ca0-e4d433663919" executionId="731c8418-3718-4fe3-849a-7955b297f6e3" testListId="8c84fa94-04c1-424b-9868-57a2d4851a1d" />
    <TestEntry testId="b1f415eb-f006-5466-e2b8-4dd1d89d0588" executionId="7fc9e8d8-7261-48c0-8598-02f2140142d9" testListId="8c84fa94-04c1-424b-9868-57a2d4851a1d" />
    <TestEntry testId="3e175fce-ca3b-3aa4-212c-818d41efbea9" executionId="8d2b9e96-ae2a-4594-bcca-332fe80d6826" testListId="8c84fa94-04c1-424b-9868-57a2d4851a1d" />
    <TestEntry testId="7bdebccd-4892-4e28-65c2-9880ad4a542f" executionId="6dd3a504-bf09-4cf8-9379-8b4ab740df1b" testListId="8c84fa94-04c1-424b-9868-57a2d4851a1d" />
    <TestEntry testId="9689529b-146b-f35c-d018-2a772097532e" executionId="fb705825-1ecd-468a-959e-c36f4461c2db" testListId="8c84fa94-04c1-424b-9868-57a2d4851a1d" />
    <TestEntry testId="2a20f096-df7b-b5eb-1d55-94577ad2bf86" executionId="af5bf7cd-8753-4b38-b186-ebb0ddf0f080" testListId="8c84fa94-04c1-424b-9868-57a2d4851a1d" />
    <TestEntry testId="451754a1-fc4b-5d6a-ea88-d5359566a2cd" executionId="b3aa2883-c1c6-446d-a778-1fd9356a9a31" testListId="8c84fa94-04c1-424b-9868-57a2d4851a1d" />
    <TestEntry testId="894ae6c8-d7db-8ef2-d504-21926eec5d9b" executionId="b872bbaf-8719-4913-9793-270526fe8b9f" testListId="8c84fa94-04c1-424b-9868-57a2d4851a1d" />
    <TestEntry testId="db87dc9b-5413-3183-c616-311c7c84da05" executionId="7212c9f2-b18d-4b16-889c-ac56de6c8286" testListId="8c84fa94-04c1-424b-9868-57a2d4851a1d" />
    <TestEntry testId="962f4fa2-c59a-42b8-6045-22123b5da032" executionId="dda6ff79-7465-497b-9341-dd12820928f2" testListId="8c84fa94-04c1-424b-9868-57a2d4851a1d" />
    <TestEntry testId="a75ea006-b4d6-4098-0e8d-a6d2f590d90e" executionId="495c7607-5b0b-41bd-8b93-8a08b01508f8" testListId="8c84fa94-04c1-424b-9868-57a2d4851a1d" />
    <TestEntry testId="c881f7e4-a4c2-e5e5-cfb1-f74cfe402b27" executionId="fbeb3917-1548-46b4-89fb-1cbf3039ad9b" testListId="8c84fa94-04c1-424b-9868-57a2d4851a1d" />
    <TestEntry testId="9f54a908-1e6f-3de1-e5b0-95facc1ef0a2" executionId="3bf86583-817f-49e0-85c8-9b42b92c0a48" testListId="8c84fa94-04c1-424b-9868-57a2d4851a1d" />
    <TestEntry testId="234d2c78-2c6b-fdf9-6a57-de902281c90a" executionId="d35378ce-a25b-4735-9095-294b666910ef" testListId="8c84fa94-04c1-424b-9868-57a2d4851a1d" />
    <TestEntry testId="41b6ef3d-e843-75a6-f9fa-c9114fe374b5" executionId="243b8371-dbd3-475c-8bc7-a8b5591e1411" testListId="8c84fa94-04c1-424b-9868-57a2d4851a1d" />
    <TestEntry testId="b292e235-8edd-0aeb-dabd-f764a1b5ea84" executionId="062e61bc-1a9f-4204-8c27-0abfe3ffb834" testListId="8c84fa94-04c1-424b-9868-57a2d4851a1d" />
    <TestEntry testId="e9400d0a-e7e4-166b-e661-e35ffae1351f" executionId="4edc6cb6-b3bf-4fb8-9e7d-5b1e5fe9743c" testListId="8c84fa94-04c1-424b-9868-57a2d4851a1d" />
    <TestEntry testId="8687c3c9-f854-92d7-af66-488a3e6ae3a9" executionId="a9f13aff-7020-4368-99ab-b3d75b5aae5a" testListId="8c84fa94-04c1-424b-9868-57a2d4851a1d" />
    <TestEntry testId="cca17a47-1e11-3afe-766d-f57e3a3e0b86" executionId="33a936a0-d439-4acf-94c2-a8e365c2a359" testListId="8c84fa94-04c1-424b-9868-57a2d4851a1d" />
    <TestEntry testId="dfdfe46b-6bd6-2fc0-45b6-f3a17eb28c96" executionId="e71bc8ef-e81e-4507-8efb-d56ab49a751b" testListId="8c84fa94-04c1-424b-9868-57a2d4851a1d" />
    <TestEntry testId="9068d736-ea69-dc2b-200c-2ff9ac64ba00" executionId="7823a16d-4ba2-4afb-b274-7b3544362373" testListId="8c84fa94-04c1-424b-9868-57a2d4851a1d" />
    <TestEntry testId="0e0db884-0030-20d8-a1cf-77e570d80455" executionId="93841d6e-aaef-469f-a0ad-5d80fbfe7cc0" testListId="8c84fa94-04c1-424b-9868-57a2d4851a1d" />
    <TestEntry testId="edeaa055-890f-d9aa-ba4e-981d791ab331" executionId="fb94f078-6761-404a-a0ae-514f7828bfe2" testListId="8c84fa94-04c1-424b-9868-57a2d4851a1d" />
    <TestEntry testId="db968cc7-6fe9-988c-f007-3d14d3d0d715" executionId="d01404bc-ced9-4ac6-ae72-f80fbec54a25" testListId="8c84fa94-04c1-424b-9868-57a2d4851a1d" />
    <TestEntry testId="1979c585-b98c-b598-eaf4-92872d21a104" executionId="43977bd4-c09b-4655-ac2b-13afd957f852" testListId="8c84fa94-04c1-424b-9868-57a2d4851a1d" />
    <TestEntry testId="1f6beebd-d89c-ccd5-932a-976fd2d374a8" executionId="ba8e7bba-55cb-40d8-b8c7-c20bcfcfdba8" testListId="8c84fa94-04c1-424b-9868-57a2d4851a1d" />
    <TestEntry testId="4fe5da41-221f-27ac-abb8-33925f946d76" executionId="842e3eaf-c6f1-4acd-8f3a-2e5b6dc606ac" testListId="8c84fa94-04c1-424b-9868-57a2d4851a1d" />
    <TestEntry testId="4e23b9ec-548f-d269-b8cf-78754160c429" executionId="826e372c-f4df-483b-a612-8fff3631850f" testListId="8c84fa94-04c1-424b-9868-57a2d4851a1d" />
    <TestEntry testId="64e04a58-6407-db5f-f117-feaf67b46bc6" executionId="ee984e44-12db-4509-99c5-a7dab14a6e1c" testListId="8c84fa94-04c1-424b-9868-57a2d4851a1d" />
    <TestEntry testId="1d759834-5f39-ec3d-fe30-ce1fe83a6fa1" executionId="d42fec64-9dab-48f2-8ecd-cc5aba48f1a0" testListId="8c84fa94-04c1-424b-9868-57a2d4851a1d" />
    <TestEntry testId="7974230d-bef5-3068-1e04-d9dc9c63c154" executionId="fd6a777e-fc8f-4390-b1e1-d0c5491402a0" testListId="8c84fa94-04c1-424b-9868-57a2d4851a1d" />
    <TestEntry testId="b210a99d-364d-8c97-41e8-253fe5bfb50a" executionId="9c8efb3a-eeb6-4fc6-84c0-991308ecb9fe" testListId="8c84fa94-04c1-424b-9868-57a2d4851a1d" />
    <TestEntry testId="d8205a8d-017a-f2d4-8a87-7fa0daf35420" executionId="6c1ffdf3-8347-46c9-a2f8-fe33c58f65e9" testListId="8c84fa94-04c1-424b-9868-57a2d4851a1d" />
    <TestEntry testId="7c06c047-6d17-a08c-32c8-452275619172" executionId="a999bf1f-b3a6-496f-945a-228c20157d7e" testListId="8c84fa94-04c1-424b-9868-57a2d4851a1d" />
    <TestEntry testId="c84a9a8d-a78c-84fc-b71f-a174b2f038dd" executionId="07172bd0-d88a-4166-9708-63e651466a73" testListId="8c84fa94-04c1-424b-9868-57a2d4851a1d" />
    <TestEntry testId="f9f61e74-b745-4a8a-654e-76959d817284" executionId="1348ebd6-7cea-43e8-96b8-f4dc483b5cdd" testListId="8c84fa94-04c1-424b-9868-57a2d4851a1d" />
    <TestEntry testId="40e9c63b-bc3b-8658-7a27-d78f901e0875" executionId="755e8140-3690-4fce-8dfe-e7424a0b7372" testListId="8c84fa94-04c1-424b-9868-57a2d4851a1d" />
    <TestEntry testId="eec95f0c-9cd9-6bd5-93e4-98cc4a183fd0" executionId="9df8127e-d861-4c84-8b19-69bdce26503b" testListId="8c84fa94-04c1-424b-9868-57a2d4851a1d" />
    <TestEntry testId="c4b63c1e-0176-eef6-08af-333d0a63af7a" executionId="591c9587-6387-4057-a2c0-d94f9afd09fd" testListId="8c84fa94-04c1-424b-9868-57a2d4851a1d" />
    <TestEntry testId="cb42b6af-e641-fae1-2b39-e593f14a647c" executionId="73101c22-e145-4ef4-8ef5-7ac24b82815d" testListId="8c84fa94-04c1-424b-9868-57a2d4851a1d" />
    <TestEntry testId="c2c2b07b-e096-ac2f-e29e-a6c8a239d699" executionId="8f52e74f-54e8-4131-9277-5d183a0b3987" testListId="8c84fa94-04c1-424b-9868-57a2d4851a1d" />
    <TestEntry testId="47883b1f-f625-977f-2fc0-506e4365d80e" executionId="58f7c1ad-c92a-422b-aeaf-4ad80405afac" testListId="8c84fa94-04c1-424b-9868-57a2d4851a1d" />
    <TestEntry testId="adf509e8-c4e8-3dcd-e3d9-d5adebd3c004" executionId="00db45a7-b7cf-420f-b87b-80c74059bf0b" testListId="8c84fa94-04c1-424b-9868-57a2d4851a1d" />
    <TestEntry testId="3858e249-ac98-322b-fa57-6d5f416ada47" executionId="94294e3b-c01c-4a53-9e92-c59a3a873866" testListId="8c84fa94-04c1-424b-9868-57a2d4851a1d" />
    <TestEntry testId="46e77e83-66b5-ff6c-1361-4e75c8334be0" executionId="cf1ee866-b321-4cd9-9384-fddfb5b0168b" testListId="8c84fa94-04c1-424b-9868-57a2d4851a1d" />
    <TestEntry testId="75721e9c-b806-fec1-8d9f-79eec32f3935" executionId="9cacc5b7-000d-41af-94fb-6f338c880418" testListId="8c84fa94-04c1-424b-9868-57a2d4851a1d" />
    <TestEntry testId="e49a768a-857a-0209-379b-0ff52755c642" executionId="4561e4d0-fd1f-4088-b16f-fb00222df8da" testListId="8c84fa94-04c1-424b-9868-57a2d4851a1d" />
    <TestEntry testId="1dd78eec-bc76-725d-3358-bc35f2a37582" executionId="3470bde9-856d-41ce-aceb-a70118a1e320" testListId="8c84fa94-04c1-424b-9868-57a2d4851a1d" />
    <TestEntry testId="3f908947-b369-35b0-4b55-3a1a6b4a941d" executionId="2039efe6-c54e-4f69-801e-19bcb19d877e" testListId="8c84fa94-04c1-424b-9868-57a2d4851a1d" />
    <TestEntry testId="88be10a2-488a-2e27-5ada-da00b79ff1b7" executionId="9f3aa807-5331-4649-a045-f221a7e91ecc" testListId="8c84fa94-04c1-424b-9868-57a2d4851a1d" />
    <TestEntry testId="4297bf34-44a7-3e5f-5843-652d30915ebd" executionId="aa281f1c-c0ab-4d28-8b31-ff2af5508e69" testListId="8c84fa94-04c1-424b-9868-57a2d4851a1d" />
    <TestEntry testId="11021f48-0b41-7e85-3a21-767cadb0e4d1" executionId="9855639f-a6db-46d1-b3df-8a827beda627" testListId="8c84fa94-04c1-424b-9868-57a2d4851a1d" />
    <TestEntry testId="510de6fb-6da5-a40b-8aca-fa0e4a8d1092" executionId="4abc508c-6c9c-4150-8677-16f2bd76a5f4" testListId="8c84fa94-04c1-424b-9868-57a2d4851a1d" />
    <TestEntry testId="6590945f-34b6-6926-b5d6-639e5107e146" executionId="439e6111-9e5f-4ae5-b8c8-9f366e84a81b" testListId="8c84fa94-04c1-424b-9868-57a2d4851a1d" />
    <TestEntry testId="991a689d-ed95-e5dd-6801-ff5bc398a4f2" executionId="3566d9f3-101f-4661-910b-724241fd294f" testListId="8c84fa94-04c1-424b-9868-57a2d4851a1d" />
    <TestEntry testId="e114b438-05aa-689c-bc2a-197acc689b9a" executionId="fdf8a9cc-60b6-46a1-aa89-a092a740ddc7" testListId="8c84fa94-04c1-424b-9868-57a2d4851a1d" />
    <TestEntry testId="7974230d-bef5-3068-1e04-d9dc9c63c154" executionId="da1a76d1-24cb-4d20-9f1f-30fca123698b" testListId="8c84fa94-04c1-424b-9868-57a2d4851a1d" />
    <TestEntry testId="76388427-6b45-5e9f-b3b3-2b3f6ed286b0" executionId="880194e9-0b93-4232-941f-86e1db25634e" testListId="8c84fa94-04c1-424b-9868-57a2d4851a1d" />
    <TestEntry testId="7f826b4b-84b4-0f41-267b-bea755036540" executionId="dd05cb0d-c2da-491a-a709-6dde3fd9ecd5" testListId="8c84fa94-04c1-424b-9868-57a2d4851a1d" />
    <TestEntry testId="8ec3b8ab-3f5f-60ea-9a0b-c57f0efc2333" executionId="dccb7255-6756-4cbb-bb73-34f02c94b271" testListId="8c84fa94-04c1-424b-9868-57a2d4851a1d" />
    <TestEntry testId="9b59dc51-c0ef-a2ed-d820-8bdb0ed0bb48" executionId="363cf31c-8bde-458f-9196-baab262ec77a" testListId="8c84fa94-04c1-424b-9868-57a2d4851a1d" />
    <TestEntry testId="a497eaea-3d05-3852-8339-b41225242a65" executionId="b01cdd32-c144-4ae8-841a-230f2e8a7844" testListId="8c84fa94-04c1-424b-9868-57a2d4851a1d" />
    <TestEntry testId="81ede2fa-dbbc-7d2f-a7db-9caad1ab66a8" executionId="79274017-4d03-4c2c-a3d1-de629342b127" testListId="8c84fa94-04c1-424b-9868-57a2d4851a1d" />
    <TestEntry testId="c4e5b8ad-dc58-7621-93ce-d499c06083cf" executionId="d17f7688-0f5e-47ac-8d7a-4e6adf9103d4" testListId="8c84fa94-04c1-424b-9868-57a2d4851a1d" />
    <TestEntry testId="54950033-ced7-ac5d-964a-7d8f0172e702" executionId="f48195d7-fbb8-4ea0-be47-6d8debc0cc0f" testListId="8c84fa94-04c1-424b-9868-57a2d4851a1d" />
    <TestEntry testId="ab3ebf7c-0a39-e0de-4b69-e4f4f8fced9c" executionId="e6ea80b0-33cf-4cd5-a783-52a603863f60" testListId="8c84fa94-04c1-424b-9868-57a2d4851a1d" />
    <TestEntry testId="44f9b5a3-7d9f-f126-76e3-c6cec032e054" executionId="6303e716-d661-40ae-99be-3fbd6f66deab" testListId="8c84fa94-04c1-424b-9868-57a2d4851a1d" />
    <TestEntry testId="450e910e-a308-26cf-8763-9698a2c2b82c" executionId="f75c545a-5e4d-4c17-b897-e1cd247ec409" testListId="8c84fa94-04c1-424b-9868-57a2d4851a1d" />
    <TestEntry testId="a18c049f-506a-32a3-f7e2-3692876c7c1f" executionId="89b30fc4-9d48-43fa-aaba-664816bfab8d" testListId="8c84fa94-04c1-424b-9868-57a2d4851a1d" />
    <TestEntry testId="e423e29b-2c54-f257-fd83-5ee8efd6bd2c" executionId="4513e37d-ec2e-4947-bcaf-947a974ea7ee" testListId="8c84fa94-04c1-424b-9868-57a2d4851a1d" />
    <TestEntry testId="013deb2c-b277-baba-55ae-b8577133a8ad" executionId="c3ec4cbc-d4e4-490d-86ee-7a5fce6186f8" testListId="8c84fa94-04c1-424b-9868-57a2d4851a1d" />
    <TestEntry testId="9f6435a2-e40b-b132-cf2e-cfcda5f789fa" executionId="61f6b3dc-6129-4b44-8122-30f6da1b965d" testListId="8c84fa94-04c1-424b-9868-57a2d4851a1d" />
    <TestEntry testId="ac4dc4b1-bacd-5493-e37b-53bdfd79fcd5" executionId="9a922b6f-e8b4-49b5-be77-10100f04cdc5" testListId="8c84fa94-04c1-424b-9868-57a2d4851a1d" />
    <TestEntry testId="4e560a18-0694-4d0f-694f-1d3dd1f6a620" executionId="6d0b86c8-b8c7-4fa5-adff-7188dec04656" testListId="8c84fa94-04c1-424b-9868-57a2d4851a1d" />
    <TestEntry testId="3cb45592-ecc1-b480-d8a0-dbb133b944f2" executionId="5f5c3538-fc0f-422f-b120-f066187c333e" testListId="8c84fa94-04c1-424b-9868-57a2d4851a1d" />
    <TestEntry testId="24a9b59a-568c-4b73-26e8-718c186a5fab" executionId="76a58821-985f-4baa-855a-b1eed0f071d2" testListId="8c84fa94-04c1-424b-9868-57a2d4851a1d" />
    <TestEntry testId="6fd0d341-41e4-8c28-4fcd-4de7de910c2a" executionId="13d02b6d-fb50-418a-84c7-af9b0252d9f2" testListId="8c84fa94-04c1-424b-9868-57a2d4851a1d" />
    <TestEntry testId="de188710-09e3-49f2-56d2-dc9ba9e151d4" executionId="4e7a318c-d577-4fda-97b9-1201893edcc1" testListId="8c84fa94-04c1-424b-9868-57a2d4851a1d" />
    <TestEntry testId="d8f4a598-8fd2-4b5a-073e-4019dd41ff74" executionId="c7dfb944-7679-4a23-9e69-c763f82197f1" testListId="8c84fa94-04c1-424b-9868-57a2d4851a1d" />
    <TestEntry testId="91c5d345-87a2-d32b-b81a-6d7c0c490a98" executionId="8d1ceb6c-8b2c-4e3b-8913-9a69d0398fac" testListId="8c84fa94-04c1-424b-9868-57a2d4851a1d" />
    <TestEntry testId="6eb9bf2e-ffa8-da78-2bae-22fa91a3fba0" executionId="ce1ca46e-b879-4f81-a67b-224d72885a07" testListId="8c84fa94-04c1-424b-9868-57a2d4851a1d" />
    <TestEntry testId="9356db21-add3-51c6-7097-4ea51a559a3f" executionId="38030db8-f7b3-43dd-a978-90f332a89703" testListId="8c84fa94-04c1-424b-9868-57a2d4851a1d" />
    <TestEntry testId="c1af1a4c-eba3-ae6e-cc4a-6b062cf349a8" executionId="db5cc8a7-88a7-4560-bdc1-f4da5ed975cf" testListId="8c84fa94-04c1-424b-9868-57a2d4851a1d" />
    <TestEntry testId="75bb3662-4455-46a8-c6e6-419244082b71" executionId="6a72eb91-140e-42ba-94d4-f0bf2d611558" testListId="8c84fa94-04c1-424b-9868-57a2d4851a1d" />
    <TestEntry testId="0574b9a0-497a-9741-a67b-5bbefad3d8b2" executionId="5e6835f0-4eae-4ad9-9cc5-cd04955c1d67" testListId="8c84fa94-04c1-424b-9868-57a2d4851a1d" />
    <TestEntry testId="231388e8-63ba-91ef-e0dc-bb95745b2e3f" executionId="dc6a1d19-ef33-4188-87b6-5b00dc07cb71" testListId="8c84fa94-04c1-424b-9868-57a2d4851a1d" />
    <TestEntry testId="e10027d7-f23e-9917-7e36-17578bd4b5f7" executionId="4b1af303-e12c-4d0e-8496-5ce989042576" testListId="8c84fa94-04c1-424b-9868-57a2d4851a1d" />
    <TestEntry testId="bfd52a5e-2b0a-0c9f-5fd5-e8b82f70fca8" executionId="561e31cd-db26-4e07-9c8c-4014f977141e" testListId="8c84fa94-04c1-424b-9868-57a2d4851a1d" />
    <TestEntry testId="e695110c-f6c6-6fb6-64e0-63e4578bef8a" executionId="f512ef26-2892-448b-8c8a-44d97c552b20" testListId="8c84fa94-04c1-424b-9868-57a2d4851a1d" />
    <TestEntry testId="6e720f0a-4747-e0b4-e5e3-6451b797700d" executionId="2cfdfd92-ed0f-4e1d-8571-cebe66dd1432" testListId="8c84fa94-04c1-424b-9868-57a2d4851a1d" />
    <TestEntry testId="9356db21-add3-51c6-7097-4ea51a559a3f" executionId="96e61bba-d0c2-4dc6-a538-9d83c0dbafd9" testListId="8c84fa94-04c1-424b-9868-57a2d4851a1d" />
    <TestEntry testId="6b2c60bb-0dab-ef43-adbc-cd268e93f751" executionId="bc7156a1-1b2d-4149-8a36-f46cf809877a" testListId="8c84fa94-04c1-424b-9868-57a2d4851a1d" />
    <TestEntry testId="9c1b0b78-9b71-19d3-730f-3c47b1cc4fe7" executionId="09f6db04-85d1-4fd6-b247-191106eda9f9" testListId="8c84fa94-04c1-424b-9868-57a2d4851a1d" />
    <TestEntry testId="432c4af3-63d2-9ce7-f977-cbc5477fc76e" executionId="74cab947-019c-4bf0-b0b3-f2a0a49e2155" testListId="8c84fa94-04c1-424b-9868-57a2d4851a1d" />
    <TestEntry testId="5433bea7-f313-6c85-978a-b60818f0762d" executionId="d21645dc-4dcb-4db9-9cc4-a19e07ab680d" testListId="8c84fa94-04c1-424b-9868-57a2d4851a1d" />
    <TestEntry testId="bfead68c-972a-3a9c-89da-dc22ce51e89a" executionId="f169927b-c1ba-4dd8-87f8-ecd2bab91b17" testListId="8c84fa94-04c1-424b-9868-57a2d4851a1d" />
    <TestEntry testId="4a491ebc-2acd-666f-b81b-ab7ac5079545" executionId="da87b72e-312b-422e-a26d-4546a1237545" testListId="8c84fa94-04c1-424b-9868-57a2d4851a1d" />
    <TestEntry testId="e59387f0-4b70-41ba-4919-1f5198a5f855" executionId="7a26ca02-6e11-40dd-8aff-82796e3ff030" testListId="8c84fa94-04c1-424b-9868-57a2d4851a1d" />
    <TestEntry testId="b634cec3-c313-0a00-b39c-5d6b42223fb0" executionId="27d1e8ee-8b28-4a8f-9014-e58a4c971c4d" testListId="8c84fa94-04c1-424b-9868-57a2d4851a1d" />
    <TestEntry testId="85f88d0f-e188-7963-3e21-bd7aa46b8024" executionId="449a3bf3-2220-4483-a07c-1499f72454f8" testListId="8c84fa94-04c1-424b-9868-57a2d4851a1d" />
    <TestEntry testId="9356db21-add3-51c6-7097-4ea51a559a3f" executionId="8eee8259-f7d1-4b51-beac-3d2ac59aa87c" testListId="8c84fa94-04c1-424b-9868-57a2d4851a1d" />
    <TestEntry testId="ea49757d-9a97-2e09-3099-3d4a8a220e98" executionId="67988902-d2bb-45a3-b841-fe29b24e87e9" testListId="8c84fa94-04c1-424b-9868-57a2d4851a1d" />
    <TestEntry testId="db87dc9b-5413-3183-c616-311c7c84da05" executionId="ca296652-eaa5-4b02-bf20-1f59ea8eb3cb" testListId="8c84fa94-04c1-424b-9868-57a2d4851a1d" />
    <TestEntry testId="59d60f31-1608-15b8-71a3-eb8d233a9f17" executionId="ea1fc449-c90e-4d16-b936-b17fd442ca76" testListId="8c84fa94-04c1-424b-9868-57a2d4851a1d" />
    <TestEntry testId="8462a483-f059-2008-300f-0804ef64aa8e" executionId="deda337d-0b60-4aee-acad-775a6874dba7" testListId="8c84fa94-04c1-424b-9868-57a2d4851a1d" />
    <TestEntry testId="5333631e-bf27-f1da-dcda-e8ed55c6619a" executionId="dc5b1757-c09c-45cb-9e9e-5e1a10a976c7" testListId="8c84fa94-04c1-424b-9868-57a2d4851a1d" />
    <TestEntry testId="afb395df-695b-3f82-04ba-745a57a54112" executionId="ad19cff3-c262-4951-aed2-a50298333537" testListId="8c84fa94-04c1-424b-9868-57a2d4851a1d" />
    <TestEntry testId="65aca820-034e-0bb6-24e3-88d3c50e9828" executionId="87a46d9d-9002-4ef9-8875-2b7fe2eafe96" testListId="8c84fa94-04c1-424b-9868-57a2d4851a1d" />
    <TestEntry testId="9356db21-add3-51c6-7097-4ea51a559a3f" executionId="e86dc689-eef3-4db2-9fe9-fdfb64f9c5e6" testListId="8c84fa94-04c1-424b-9868-57a2d4851a1d" />
    <TestEntry testId="4e1370a2-5d0d-6010-cd0b-37a460178636" executionId="fd30b207-f0f5-45b6-be4d-6168569127cb" testListId="8c84fa94-04c1-424b-9868-57a2d4851a1d" />
    <TestEntry testId="8a6b2eb9-30ae-86f6-da4c-2e7363fc4350" executionId="8d6b8f2c-55c6-4934-98e2-2c899b5bf185" testListId="8c84fa94-04c1-424b-9868-57a2d4851a1d" />
    <TestEntry testId="ccb3d29a-e5d6-1b7e-bccb-10c0031ee086" executionId="a2d57e9b-a6de-4b90-a939-bf09d9a40eb4" testListId="8c84fa94-04c1-424b-9868-57a2d4851a1d" />
    <TestEntry testId="327b9706-8d26-691a-dc95-5e140999606e" executionId="ebc22e3a-045d-45f6-852c-4ce6eb74c6dc" testListId="8c84fa94-04c1-424b-9868-57a2d4851a1d" />
    <TestEntry testId="fe559481-ffc7-91ee-8f6c-5089af8300e6" executionId="d7e263a2-f6be-40f5-ab4e-0f39e9706e6b" testListId="8c84fa94-04c1-424b-9868-57a2d4851a1d" />
    <TestEntry testId="e84531c4-4cef-cbda-b6b4-b5f18f13af36" executionId="78c4ec1f-0575-4dbe-8b38-ce9e1360da63" testListId="8c84fa94-04c1-424b-9868-57a2d4851a1d" />
    <TestEntry testId="8d6407d8-7630-8989-05ee-73fca9c441dd" executionId="69f58fb1-8475-4939-ba39-5c3430c46397" testListId="8c84fa94-04c1-424b-9868-57a2d4851a1d" />
    <TestEntry testId="b73378a2-1a67-7287-1908-ca903d6ab565" executionId="b1a214e1-5b40-4a58-b8e5-46df6e3da952" testListId="8c84fa94-04c1-424b-9868-57a2d4851a1d" />
    <TestEntry testId="95a643b5-bc25-f333-7656-f7d03e26d4a2" executionId="9253aa62-611b-4b0f-bf85-44702279ca37" testListId="8c84fa94-04c1-424b-9868-57a2d4851a1d" />
    <TestEntry testId="cbe99e6a-c47b-3b3f-e397-8ee8212cd1aa" executionId="ddd483c0-59ce-44c2-98db-028bd63170b8" testListId="8c84fa94-04c1-424b-9868-57a2d4851a1d" />
    <TestEntry testId="ae9d813e-5e7f-a984-9275-9a7f1f00a0ed" executionId="c0a366b9-b30c-4072-871a-7445017552da" testListId="8c84fa94-04c1-424b-9868-57a2d4851a1d" />
    <TestEntry testId="5293b370-007e-ff62-e09d-8615dff3b570" executionId="6aa12513-f730-4ca1-9127-3ce303729971" testListId="8c84fa94-04c1-424b-9868-57a2d4851a1d" />
    <TestEntry testId="e05793c7-4466-a982-b729-30febffc4ab5" executionId="bf1afaab-af39-416a-9790-46f73e99ca9a" testListId="8c84fa94-04c1-424b-9868-57a2d4851a1d" />
    <TestEntry testId="e9e2564e-f490-00d2-e05a-e36f54529b1d" executionId="c03937bb-5e9e-4602-913d-0a7f0718ef05" testListId="8c84fa94-04c1-424b-9868-57a2d4851a1d" />
    <TestEntry testId="8e164860-82a8-5d2c-2b63-7bc382a06fb5" executionId="faaa9b03-7ac7-4399-bd97-a600905ea7ae" testListId="8c84fa94-04c1-424b-9868-57a2d4851a1d" />
    <TestEntry testId="4fc8311c-1e3e-b945-c93e-6b3cfbcdcb02" executionId="6c4ec468-a1fe-4beb-85e5-4a7d4ff2a2bd" testListId="8c84fa94-04c1-424b-9868-57a2d4851a1d" />
    <TestEntry testId="e02493bd-95d2-02e3-86b2-e20015591349" executionId="714bfe65-1f5f-4ae6-8f35-fa56ddd75abf" testListId="8c84fa94-04c1-424b-9868-57a2d4851a1d" />
    <TestEntry testId="1617bb57-df1e-9c9d-252b-9e7e91481902" executionId="1f97fbad-8add-4ee6-b4ea-f913d5b7e1ab" testListId="8c84fa94-04c1-424b-9868-57a2d4851a1d" />
    <TestEntry testId="8e466871-935a-eaa1-53db-81ca5a50e730" executionId="49017c12-e67b-4318-9234-2b5319cdb90e" testListId="8c84fa94-04c1-424b-9868-57a2d4851a1d" />
    <TestEntry testId="bdb822c8-fc34-3255-01c0-d538954d2aec" executionId="6be7d1c4-6f6e-4241-9e98-a25d03887bc9" testListId="8c84fa94-04c1-424b-9868-57a2d4851a1d" />
    <TestEntry testId="fe320f1a-1731-61a4-2c37-71aaa3bf74d8" executionId="838effe5-f1ae-4bb3-b359-bdfa3e866774" testListId="8c84fa94-04c1-424b-9868-57a2d4851a1d" />
    <TestEntry testId="e49a768a-857a-0209-379b-0ff52755c642" executionId="805b5b6e-1cb0-4ede-bac0-dfb5b95f6574" testListId="8c84fa94-04c1-424b-9868-57a2d4851a1d" />
    <TestEntry testId="1b4fd424-fe82-2d19-70a2-29ec0f7cc2fc" executionId="2cda24ad-72a7-459f-a7b6-b42d85ae0783" testListId="8c84fa94-04c1-424b-9868-57a2d4851a1d" />
    <TestEntry testId="0e0db884-0030-20d8-a1cf-77e570d80455" executionId="21a77bc3-5639-4dd3-9704-2d4741be63a6" testListId="8c84fa94-04c1-424b-9868-57a2d4851a1d" />
    <TestEntry testId="760ffd0c-77d4-31d5-6121-4fc1d648c9cd" executionId="c3f7d26e-2321-4a80-bb1b-57318c667562" testListId="8c84fa94-04c1-424b-9868-57a2d4851a1d" />
    <TestEntry testId="f51f65b2-17e4-1621-6d32-8933878800f5" executionId="4cff86cd-a613-43e5-a162-75e193b6cb3b" testListId="8c84fa94-04c1-424b-9868-57a2d4851a1d" />
    <TestEntry testId="5916dbef-2edb-a167-5d02-065c96f53241" executionId="ef000272-9d93-4f35-86fb-fb198e86aa7c" testListId="8c84fa94-04c1-424b-9868-57a2d4851a1d" />
    <TestEntry testId="24022f9d-df2e-fec6-d4a4-357c4318b408" executionId="98728a8e-0eb5-4540-a098-e4c5a66bbf8f" testListId="8c84fa94-04c1-424b-9868-57a2d4851a1d" />
    <TestEntry testId="8db9b5cf-df7c-4153-3e5b-b48eb58531c4" executionId="151e8f25-34f9-4cf9-b3dd-3c0b119a0946" testListId="8c84fa94-04c1-424b-9868-57a2d4851a1d" />
    <TestEntry testId="fb6906e4-69af-d39e-1e94-f56e647427a3" executionId="ed0ac32d-d580-43d8-bf34-ed7966dc799e" testListId="8c84fa94-04c1-424b-9868-57a2d4851a1d" />
    <TestEntry testId="7ba098b0-fd2c-860a-2333-8ec8a4b158fd" executionId="4256187a-8243-4d07-a5c2-5c02ceccb0c5" testListId="8c84fa94-04c1-424b-9868-57a2d4851a1d" />
    <TestEntry testId="d32f7703-f05b-d03f-ca25-941cdadaa68d" executionId="612b4608-2c0b-4372-94f4-c1fb7e143622" testListId="8c84fa94-04c1-424b-9868-57a2d4851a1d" />
    <TestEntry testId="e49a768a-857a-0209-379b-0ff52755c642" executionId="8c53122a-86a3-4410-bff1-9fad2370fcb2" testListId="8c84fa94-04c1-424b-9868-57a2d4851a1d" />
    <TestEntry testId="2c2e6c99-d9b2-36df-256c-e09326b610a8" executionId="c6e66976-b6dc-4f45-8fcd-beca81348835" testListId="8c84fa94-04c1-424b-9868-57a2d4851a1d" />
    <TestEntry testId="fd86f94b-b2b5-57b0-6af6-9155f01b6c99" executionId="d7526366-6014-4e7e-aae2-5878d0298fbd" testListId="8c84fa94-04c1-424b-9868-57a2d4851a1d" />
    <TestEntry testId="c3eb2c3c-9c5e-d4dc-6bf0-31469ba6022b" executionId="d857e3f4-fbe2-4ca2-a624-348bf6b22b0f" testListId="8c84fa94-04c1-424b-9868-57a2d4851a1d" />
    <TestEntry testId="1cb47be0-44da-53c2-f169-a7f340d8c38a" executionId="d69b5d70-66d4-46ff-a010-5cf7224abc23" testListId="8c84fa94-04c1-424b-9868-57a2d4851a1d" />
    <TestEntry testId="db987716-7b73-417d-179b-c3521bedeb1f" executionId="a71efa01-ef5b-4c00-83b7-d94083afb793" testListId="8c84fa94-04c1-424b-9868-57a2d4851a1d" />
    <TestEntry testId="a31e6c69-3c26-ff9c-5195-6c881b5340d1" executionId="45d7cc3a-0140-4011-a441-22d6457b9446" testListId="8c84fa94-04c1-424b-9868-57a2d4851a1d" />
    <TestEntry testId="0b4fa2af-32fd-78ca-6660-53316b3f71dc" executionId="8a36b52f-6342-4e0c-b46e-cb0a9564ba6a" testListId="8c84fa94-04c1-424b-9868-57a2d4851a1d" />
    <TestEntry testId="247ce3c8-abe4-1fcb-1bce-32fed8bed499" executionId="63a9eedc-af69-402e-b0a7-149fbe477da7" testListId="8c84fa94-04c1-424b-9868-57a2d4851a1d" />
    <TestEntry testId="963529c0-e3e7-d000-5d75-9bd426db4b07" executionId="a2f65910-f579-4642-bf5e-e60849c8f85d" testListId="8c84fa94-04c1-424b-9868-57a2d4851a1d" />
    <TestEntry testId="e49a768a-857a-0209-379b-0ff52755c642" executionId="e5b8ccbe-78a1-4525-bd93-fde404b21480" testListId="8c84fa94-04c1-424b-9868-57a2d4851a1d" />
    <TestEntry testId="89f9b35c-bf13-0550-820f-39688ec693a5" executionId="8f984034-8ae2-4a69-8646-563f7497d458" testListId="8c84fa94-04c1-424b-9868-57a2d4851a1d" />
    <TestEntry testId="9b772449-9a29-e627-ff32-f0d7b66dd14a" executionId="bc129749-09cb-4f49-ad25-41ceb20c393b" testListId="8c84fa94-04c1-424b-9868-57a2d4851a1d" />
    <TestEntry testId="50bea2a5-c382-c28f-ea74-2a7260194a83" executionId="3a2ab1a2-a045-4464-a15e-87422f692895" testListId="8c84fa94-04c1-424b-9868-57a2d4851a1d" />
    <TestEntry testId="ec3d8c7c-2305-d7b7-c82c-1525a9a82a54" executionId="0db1b83e-e30c-448b-95f8-bebb95d319cf" testListId="8c84fa94-04c1-424b-9868-57a2d4851a1d" />
    <TestEntry testId="c3b0e623-8360-9b38-16d4-f8d7ba4bc49a" executionId="c9873de3-2c30-4c05-bd79-4845f3c21bee" testListId="8c84fa94-04c1-424b-9868-57a2d4851a1d" />
    <TestEntry testId="d15494fd-b942-42f6-e93e-e0def07c2633" executionId="4ca017d4-998b-4836-b0b2-449620430d3c" testListId="8c84fa94-04c1-424b-9868-57a2d4851a1d" />
    <TestEntry testId="f545f5dc-80f1-ef07-7637-28fd0ccbd49b" executionId="60440573-dd76-4dce-a5a2-6da1f6538a5c" testListId="8c84fa94-04c1-424b-9868-57a2d4851a1d" />
    <TestEntry testId="4646d8fd-2502-d37a-4828-2e5242d3bef1" executionId="b78a72ed-0d2c-4cbc-8709-058531b3c9e0" testListId="8c84fa94-04c1-424b-9868-57a2d4851a1d" />
    <TestEntry testId="583fb34e-7e7c-0faa-77b8-2f132d4511b2" executionId="ef3f9020-33d6-439f-8812-de09def51001" testListId="8c84fa94-04c1-424b-9868-57a2d4851a1d" />
    <TestEntry testId="d40d4642-8586-b7a9-ba3b-c5f5a3d982c8" executionId="7a9d87c6-2ff4-464b-ac05-213f6cff691e" testListId="8c84fa94-04c1-424b-9868-57a2d4851a1d" />
    <TestEntry testId="99e63718-0fc9-1f7e-1536-b201f2499209" executionId="33b8aa8f-2ba4-4a91-97ec-2024744dd918" testListId="8c84fa94-04c1-424b-9868-57a2d4851a1d" />
    <TestEntry testId="c31d0bad-64d3-b0a7-fa21-aae346ee870e" executionId="5d0cf822-96d8-429d-8966-3751946e9950" testListId="8c84fa94-04c1-424b-9868-57a2d4851a1d" />
    <TestEntry testId="1eedc6e4-aaf2-af63-99ec-7c2196d41a67" executionId="c9c7e74f-f0e7-4249-b214-d0bc9576ab6d" testListId="8c84fa94-04c1-424b-9868-57a2d4851a1d" />
    <TestEntry testId="94c28ca7-454f-5c4d-1269-84f379a61e47" executionId="bcbe3099-1e17-410a-bd7e-d64fa41bee73" testListId="8c84fa94-04c1-424b-9868-57a2d4851a1d" />
    <TestEntry testId="b53c0bf7-6c58-49fa-dbb0-6bddb674526a" executionId="fa85a5bd-177d-4d35-8592-37daa13d3654" testListId="8c84fa94-04c1-424b-9868-57a2d4851a1d" />
    <TestEntry testId="404b1037-3a25-b387-0cba-d5c99eeb7759" executionId="30e673f6-945f-4ec7-b6fd-486b08bebe23" testListId="8c84fa94-04c1-424b-9868-57a2d4851a1d" />
    <TestEntry testId="cf1f63cb-405a-d1b5-e842-4a4d654cc167" executionId="fe15f9ce-2fea-48a9-abdd-f408b6616424" testListId="8c84fa94-04c1-424b-9868-57a2d4851a1d" />
    <TestEntry testId="bfacda12-b843-22ed-2133-bb19e076985c" executionId="db93c36c-5db9-44cc-8ca7-ea49b51ae16e" testListId="8c84fa94-04c1-424b-9868-57a2d4851a1d" />
    <TestEntry testId="e81ef688-1e8c-98a6-08a5-ea5dd20e08d5" executionId="57649f13-649c-4ecc-a3ec-430b492910d6" testListId="8c84fa94-04c1-424b-9868-57a2d4851a1d" />
    <TestEntry testId="60f37060-b803-c47d-d230-4b7f51f1cdf9" executionId="7a0a7bec-392e-4e25-a374-27b1582068f4" testListId="8c84fa94-04c1-424b-9868-57a2d4851a1d" />
    <TestEntry testId="5fbe45f0-ab82-02e3-7893-994226045d28" executionId="a330fc34-9845-4d07-b756-744a47b2d7b3" testListId="8c84fa94-04c1-424b-9868-57a2d4851a1d" />
    <TestEntry testId="d796e8f2-4145-6dd5-c2f2-5054ed90887d" executionId="3aaa7673-6a3f-407b-83d6-9392e057397c" testListId="8c84fa94-04c1-424b-9868-57a2d4851a1d" />
    <TestEntry testId="8762ed22-6e6f-ad75-4953-a6659a6dbc90" executionId="6abe18ac-a496-4531-a1aa-455d82b20b95" testListId="8c84fa94-04c1-424b-9868-57a2d4851a1d" />
    <TestEntry testId="3a8d588d-6ce4-6dba-2741-92b08e1454fb" executionId="067fea97-83e4-4022-8003-540c9e083b51" testListId="8c84fa94-04c1-424b-9868-57a2d4851a1d" />
    <TestEntry testId="93bdcb3d-dbc7-c25c-ec0f-b042554e4802" executionId="15fa92b0-a3ea-4057-b199-4743b5818143" testListId="8c84fa94-04c1-424b-9868-57a2d4851a1d" />
    <TestEntry testId="110f7b39-d081-119c-a4de-2c6c6ea947ad" executionId="70010b32-cb39-4ebf-b875-1bdb77c0df50" testListId="8c84fa94-04c1-424b-9868-57a2d4851a1d" />
    <TestEntry testId="a861c35d-7e4c-3d63-c0e7-f20efd036696" executionId="1178834a-716b-4d91-a7eb-e84170c40797" testListId="8c84fa94-04c1-424b-9868-57a2d4851a1d" />
    <TestEntry testId="2b7bd4d4-d7dd-af06-7a3d-f493699add63" executionId="f32087a4-5c43-40a8-9ed6-a7dfd58a905f" testListId="8c84fa94-04c1-424b-9868-57a2d4851a1d" />
    <TestEntry testId="ea01a2ad-8481-7c56-2c5f-d4a4f2482115" executionId="4fbe4821-08c1-4d2b-8abc-d925efab3fc7" testListId="8c84fa94-04c1-424b-9868-57a2d4851a1d" />
    <TestEntry testId="3eb8960b-c710-12df-fd49-8aa336d06a33" executionId="3b77a58e-96bb-4538-aff2-c87eea2a1fa8" testListId="8c84fa94-04c1-424b-9868-57a2d4851a1d" />
    <TestEntry testId="3d47fe12-3639-fc8a-5b00-d339b6c3f424" executionId="c86bcbb2-8f77-43ac-bdc3-61cc350a03d6" testListId="8c84fa94-04c1-424b-9868-57a2d4851a1d" />
    <TestEntry testId="b31b9075-47da-ff2c-4ef7-125f458316d1" executionId="0d35d128-ec01-4719-816d-9d923d1c5218" testListId="8c84fa94-04c1-424b-9868-57a2d4851a1d" />
    <TestEntry testId="3046c167-e64e-5d7a-850a-83bada0d1dfa" executionId="e63f93a5-8002-4c73-a522-eaf5fbc352f6" testListId="8c84fa94-04c1-424b-9868-57a2d4851a1d" />
    <TestEntry testId="c870c0fd-d33c-c3f6-acce-3a9208816ca4" executionId="cf445362-2959-4bcd-8679-371834c87b1a" testListId="8c84fa94-04c1-424b-9868-57a2d4851a1d" />
    <TestEntry testId="0d6af55a-9e4e-cd41-0909-f974586e07ec" executionId="b297eaf7-51a9-4b2c-a6f6-344691076b67" testListId="8c84fa94-04c1-424b-9868-57a2d4851a1d" />
    <TestEntry testId="ec308a3a-9c45-6610-4f30-8c1bdbfd5e69" executionId="fe7df6d6-b03e-4d5b-887c-6bf78d8a02b8" testListId="8c84fa94-04c1-424b-9868-57a2d4851a1d" />
    <TestEntry testId="62f37642-e289-197b-e045-32d289fdd8ab" executionId="1dc953bf-890c-4b8c-a234-e3071c912f62" testListId="8c84fa94-04c1-424b-9868-57a2d4851a1d" />
    <TestEntry testId="77de5f37-e390-b787-5a99-0f76b1b0208c" executionId="b0e01615-5cee-4454-a6d7-f3eb3bc0aeb9" testListId="8c84fa94-04c1-424b-9868-57a2d4851a1d" />
    <TestEntry testId="d2e6b621-9070-999e-e0ad-4a4a71f8a678" executionId="fcf9cef1-db4b-4eb0-beb6-96911d9149ea" testListId="8c84fa94-04c1-424b-9868-57a2d4851a1d" />
    <TestEntry testId="ccb6bf4d-8747-98fa-ce03-3a379e206657" executionId="17b3d49b-876c-49a1-9ee9-d23f2638a691" testListId="8c84fa94-04c1-424b-9868-57a2d4851a1d" />
    <TestEntry testId="b5a3fe5b-e4bd-3fb9-550f-fb42044e608d" executionId="7ae59c61-56ad-47f7-850a-50a0ca5470d5" testListId="8c84fa94-04c1-424b-9868-57a2d4851a1d" />
    <TestEntry testId="1322c0f0-a9c7-4022-19db-9dfe30b006e3" executionId="48b4e9b0-ce67-46fe-a59c-0b2806486c2a" testListId="8c84fa94-04c1-424b-9868-57a2d4851a1d" />
    <TestEntry testId="fbf59662-7bbc-8fe4-4ee8-0a089eba0759" executionId="237fff37-4b2c-47ff-a24b-854440b5d681" testListId="8c84fa94-04c1-424b-9868-57a2d4851a1d" />
    <TestEntry testId="dddafb2e-4b8c-6897-e182-811c71745d21" executionId="60be34f4-35fe-4453-9f7b-ed4b78d61f75" testListId="8c84fa94-04c1-424b-9868-57a2d4851a1d" />
    <TestEntry testId="3efeae79-6aad-1cd7-47c8-41436de1a4ad" executionId="65ca32ca-9541-4d10-82cf-2c479f4cc8ea" testListId="8c84fa94-04c1-424b-9868-57a2d4851a1d" />
    <TestEntry testId="9f757737-a35f-b892-7d22-8cde65fe9fe4" executionId="fdefdc99-8cc9-4a5f-aa4d-b446c5d6bde2" testListId="8c84fa94-04c1-424b-9868-57a2d4851a1d" />
    <TestEntry testId="8c074f2b-a69f-b089-3c27-b0dcb0d1c15c" executionId="e64fa5b8-59ae-4813-ad6c-63d739caf638" testListId="8c84fa94-04c1-424b-9868-57a2d4851a1d" />
    <TestEntry testId="d423423d-0b23-0f92-88ac-2186ba47f09b" executionId="375fb557-3e97-4aa0-8e7e-bd6a49eedd03" testListId="8c84fa94-04c1-424b-9868-57a2d4851a1d" />
    <TestEntry testId="e1fb7dac-4d94-6edf-7c85-9c46a23016e5" executionId="561c35ae-a0d8-42a2-9cd6-97a866d5651a" testListId="8c84fa94-04c1-424b-9868-57a2d4851a1d" />
    <TestEntry testId="950df760-d4c5-c09b-58da-3df78de4d11b" executionId="c03dbf40-9df7-47ca-95a2-d74c95fc3a92" testListId="8c84fa94-04c1-424b-9868-57a2d4851a1d" />
    <TestEntry testId="7409a040-113b-32e9-ab9a-81d8f3cd77aa" executionId="26f44ce5-c145-4bee-9d6a-91fb243b705a" testListId="8c84fa94-04c1-424b-9868-57a2d4851a1d" />
    <TestEntry testId="dfc68a72-fd60-a5e0-107c-0901dbdc3834" executionId="2eab8970-8f9d-41fa-aa27-81ff4f13b186" testListId="8c84fa94-04c1-424b-9868-57a2d4851a1d" />
    <TestEntry testId="c7c7e6d1-7dcd-38ea-14e9-28ada58706a9" executionId="f3bcd0cc-56d6-4d6c-bece-b079c5db90a6" testListId="8c84fa94-04c1-424b-9868-57a2d4851a1d" />
    <TestEntry testId="0dbead9a-245a-6735-0224-33bd8d59d56e" executionId="a30f5fdf-e9bf-49e1-ac5c-0c815d3ca8b0" testListId="8c84fa94-04c1-424b-9868-57a2d4851a1d" />
    <TestEntry testId="58355cf6-55c3-8796-08c3-305af76314d0" executionId="824ee998-7124-4a17-8580-284142f1cff8" testListId="8c84fa94-04c1-424b-9868-57a2d4851a1d" />
    <TestEntry testId="faad2960-0b75-53c7-a2d9-4d7a3fe2e530" executionId="1dfb1509-6da8-4270-8e87-b372a5dbd744" testListId="8c84fa94-04c1-424b-9868-57a2d4851a1d" />
    <TestEntry testId="db3e42cb-3479-e45b-476e-d1acfdbb89f0" executionId="2db835dc-21e9-4e7a-a782-8f28fdea4782" testListId="8c84fa94-04c1-424b-9868-57a2d4851a1d" />
    <TestEntry testId="e22bdd56-de91-68f4-4450-270db4bd13e0" executionId="113a1170-4082-4e22-9df6-e006e5d026cd" testListId="8c84fa94-04c1-424b-9868-57a2d4851a1d" />
    <TestEntry testId="db87dc9b-5413-3183-c616-311c7c84da05" executionId="d92adee1-495e-418c-aba7-dda76016f185" testListId="8c84fa94-04c1-424b-9868-57a2d4851a1d" />
    <TestEntry testId="561b5ff6-bc24-e653-5aa8-bea6db116649" executionId="bb81a68d-f0de-44ad-8f34-6a61aea3ba58" testListId="8c84fa94-04c1-424b-9868-57a2d4851a1d" />
    <TestEntry testId="9e2c43cd-00f9-59e8-0e64-52ae434e75ad" executionId="05114156-1267-41c6-83b9-382c39dea092" testListId="8c84fa94-04c1-424b-9868-57a2d4851a1d" />
    <TestEntry testId="d9c72f91-24c2-c0c2-bab0-693e84d5dbc8" executionId="fe2b45e2-bccc-4160-8ebb-97da6d841186" testListId="8c84fa94-04c1-424b-9868-57a2d4851a1d" />
    <TestEntry testId="d3ed8b67-a05f-770a-b8f7-4be0f9fe5c00" executionId="2af611fb-8cbd-4c73-8bad-a41b05ad7dfe" testListId="8c84fa94-04c1-424b-9868-57a2d4851a1d" />
    <TestEntry testId="ff42f186-e31c-2f43-17d9-d938a62e149a" executionId="a2ca794d-a249-4786-8e8d-9bc918659a63" testListId="8c84fa94-04c1-424b-9868-57a2d4851a1d" />
    <TestEntry testId="f270d710-4dae-ca92-4736-3a5dc1e37d7b" executionId="4a1672ee-b058-49ee-8871-faf01831ccf1" testListId="8c84fa94-04c1-424b-9868-57a2d4851a1d" />
    <TestEntry testId="e0d7a35b-fa6e-d170-6f40-d6ca7f388848" executionId="efc721c0-1ac9-40bc-960a-cf51af1eaf14" testListId="8c84fa94-04c1-424b-9868-57a2d4851a1d" />
    <TestEntry testId="3176b8b7-7084-a8b5-9d46-a186fce7352a" executionId="b275ffc7-cbb4-4e95-bdc6-d23f6c8fff62" testListId="8c84fa94-04c1-424b-9868-57a2d4851a1d" />
    <TestEntry testId="fa71c765-2be8-d779-732a-61e047c5d8aa" executionId="98053415-4100-4fe2-b1e1-f9378d1aa59e" testListId="8c84fa94-04c1-424b-9868-57a2d4851a1d" />
    <TestEntry testId="2dc92fa1-65f7-9210-440e-a992d95b4e70" executionId="bb2d617c-df19-400a-b694-6f4cdf077353" testListId="8c84fa94-04c1-424b-9868-57a2d4851a1d" />
    <TestEntry testId="9356db21-add3-51c6-7097-4ea51a559a3f" executionId="3287dc04-c27a-4701-9b2f-8c2d5be16250" testListId="8c84fa94-04c1-424b-9868-57a2d4851a1d" />
    <TestEntry testId="d0172f33-5283-d42b-97e8-7582e0767335" executionId="b72847d2-c5ec-41ab-848f-8d7e39687b79" testListId="8c84fa94-04c1-424b-9868-57a2d4851a1d" />
    <TestEntry testId="00e3c74e-2c3f-3266-ede7-44fed28779bc" executionId="065cc9b8-f5b2-4d8e-b751-516906a72dc7" testListId="8c84fa94-04c1-424b-9868-57a2d4851a1d" />
    <TestEntry testId="29b4c4ca-1835-e0e4-1636-7148274b118d" executionId="36ad8e0d-209d-4314-bf95-83a78b52f621" testListId="8c84fa94-04c1-424b-9868-57a2d4851a1d" />
    <TestEntry testId="c8de0939-1a79-d0a5-a87a-1bdc3f67d552" executionId="4ed7929c-2837-44bb-bbd1-5c10b6df2919" testListId="8c84fa94-04c1-424b-9868-57a2d4851a1d" />
    <TestEntry testId="de0ea836-dd46-9b59-3561-e165677bc11b" executionId="e30d855e-604f-48fa-b2d7-c7308a743967" testListId="8c84fa94-04c1-424b-9868-57a2d4851a1d" />
    <TestEntry testId="4bb6f197-4139-f6cf-bbbb-46bbc12113e8" executionId="a3bb4e62-c30f-4ae3-9ca3-9a4054787c23" testListId="8c84fa94-04c1-424b-9868-57a2d4851a1d" />
    <TestEntry testId="611a2134-27f1-592f-6ec4-2f376ddfc68f" executionId="487116b0-d6e0-496b-bb67-363723737865" testListId="8c84fa94-04c1-424b-9868-57a2d4851a1d" />
    <TestEntry testId="e68de179-8f1e-b7d6-ae0e-9a9eb6e78922" executionId="1b8b2f5f-0005-4125-980c-dd946ef0dafa" testListId="8c84fa94-04c1-424b-9868-57a2d4851a1d" />
    <TestEntry testId="d568960a-4eb2-2afc-abd7-471f717372de" executionId="fa69d280-e80a-4a01-9192-8f2b7a24fa7f" testListId="8c84fa94-04c1-424b-9868-57a2d4851a1d" />
    <TestEntry testId="409335d8-120f-643b-e1fc-91ebcf41b32b" executionId="7966bd74-fb67-4f14-afe9-00ef9fcef5ca" testListId="8c84fa94-04c1-424b-9868-57a2d4851a1d" />
    <TestEntry testId="ac7589c4-2d49-812a-ca4f-0238dd101553" executionId="570cbd35-4d85-4226-8be2-917092db2921" testListId="8c84fa94-04c1-424b-9868-57a2d4851a1d" />
    <TestEntry testId="5fad317f-20c6-3b85-41c8-38486d31ba4a" executionId="a319f65b-ebf0-4a9e-9364-a80b6bfc41eb" testListId="8c84fa94-04c1-424b-9868-57a2d4851a1d" />
    <TestEntry testId="7c2b0f13-7738-29e7-cc18-da3d4d2d665f" executionId="c48403c3-a267-4f83-a8a5-bfe8a6834385" testListId="8c84fa94-04c1-424b-9868-57a2d4851a1d" />
    <TestEntry testId="67a3a2f6-4fc2-1e50-f786-8b414f6e414f" executionId="1b0f8e0d-354c-4573-b4c0-bcb9b439a426" testListId="8c84fa94-04c1-424b-9868-57a2d4851a1d" />
    <TestEntry testId="a1df2b4e-d94f-8c71-c9a7-c2d7076d035a" executionId="93d06563-6376-4f40-b4dc-ed8fe58ef94b" testListId="8c84fa94-04c1-424b-9868-57a2d4851a1d" />
    <TestEntry testId="98757e71-bcbf-253a-301f-a0923b73a5b4" executionId="ec950456-5fce-4060-a619-3a4568cc5375" testListId="8c84fa94-04c1-424b-9868-57a2d4851a1d" />
    <TestEntry testId="ccc740f3-dae4-ae33-8c9f-1ef65c6ece1d" executionId="8d244d64-0974-4bd9-8c54-756730ee7268" testListId="8c84fa94-04c1-424b-9868-57a2d4851a1d" />
    <TestEntry testId="82112faa-87f5-713a-750b-0ff5db819831" executionId="19b23d65-4cbf-45f9-8778-7576aa41ecd1" testListId="8c84fa94-04c1-424b-9868-57a2d4851a1d" />
    <TestEntry testId="e831a1f4-0875-3bc4-fc25-76046c2a3dde" executionId="f1d75a2a-79bc-4461-8cff-0738fd184455" testListId="8c84fa94-04c1-424b-9868-57a2d4851a1d" />
    <TestEntry testId="40233237-4f6a-863f-00b0-9a08c067264a" executionId="7c0bf6fa-78df-43ac-a846-01ba972bf78f" testListId="8c84fa94-04c1-424b-9868-57a2d4851a1d" />
    <TestEntry testId="45e1979e-33e3-9a10-7f3e-ab9739fe4d49" executionId="03bfe594-d9ad-40ac-8ecc-355e3babd364" testListId="8c84fa94-04c1-424b-9868-57a2d4851a1d" />
    <TestEntry testId="54663fa0-c270-c694-4696-1dea51c0c03c" executionId="8e96ea5c-d074-4e17-a008-06a9639a9eac" testListId="8c84fa94-04c1-424b-9868-57a2d4851a1d" />
    <TestEntry testId="824e580d-9016-ffbe-601f-f59238e5bd1b" executionId="780f4ad1-a9f8-4b35-a056-fbef9223e100" testListId="8c84fa94-04c1-424b-9868-57a2d4851a1d" />
    <TestEntry testId="268c7153-eac3-f311-556a-8f582b47bdf1" executionId="303196a7-73d6-4d07-9469-0cb123a17d15" testListId="8c84fa94-04c1-424b-9868-57a2d4851a1d" />
    <TestEntry testId="df84ddc6-0aa2-d4ee-1efa-f3baf3ad8400" executionId="466bb1d1-4696-461b-9aff-b92384e6e9ad" testListId="8c84fa94-04c1-424b-9868-57a2d4851a1d" />
    <TestEntry testId="c7c7e6d1-7dcd-38ea-14e9-28ada58706a9" executionId="75ad4b50-1bc4-4078-a07e-72fb287bd845" testListId="8c84fa94-04c1-424b-9868-57a2d4851a1d" />
    <TestEntry testId="0220137a-4f09-0ca2-d364-3b655a021794" executionId="c982c76c-5413-4aef-8d60-48313d8d1743" testListId="8c84fa94-04c1-424b-9868-57a2d4851a1d" />
    <TestEntry testId="64c52a13-809b-f4bc-6bde-fd79c876ba76" executionId="c7583de2-1ede-4376-b75d-18488175a70d" testListId="8c84fa94-04c1-424b-9868-57a2d4851a1d" />
    <TestEntry testId="0467b0d3-d74c-a246-c878-442c49c84ad5" executionId="b75c2f60-2b8d-48b9-b181-32634b2769dc" testListId="8c84fa94-04c1-424b-9868-57a2d4851a1d" />
    <TestEntry testId="891d4d77-0141-8c14-cf43-51ab9da9fa8a" executionId="cf6352ba-4016-49cc-9cc7-94d0ab762b63" testListId="8c84fa94-04c1-424b-9868-57a2d4851a1d" />
    <TestEntry testId="c73e3c75-b183-9cdf-b6c8-1b40880e3827" executionId="e6aff791-fe71-4b5f-927a-798df9a5f0fa" testListId="8c84fa94-04c1-424b-9868-57a2d4851a1d" />
    <TestEntry testId="6d967bee-d315-85be-4cd8-dfbefcd00726" executionId="e64357ba-37c3-4f30-99e7-287699b4bca4" testListId="8c84fa94-04c1-424b-9868-57a2d4851a1d" />
    <TestEntry testId="983c99ef-2586-6576-f0ba-c685edecd330" executionId="b6582da6-0ed8-4bcb-9b10-9c411d6da652" testListId="8c84fa94-04c1-424b-9868-57a2d4851a1d" />
    <TestEntry testId="6e29e6c8-2d24-5f5e-ccbb-b219b02a1a74" executionId="13fde954-c65b-4662-b25e-6a24cf02adeb" testListId="8c84fa94-04c1-424b-9868-57a2d4851a1d" />
    <TestEntry testId="b72c64c2-dbd6-7e7a-63d5-c135982ba386" executionId="b16ecf11-bc65-49c1-b90e-c3a8ad36a0e0" testListId="8c84fa94-04c1-424b-9868-57a2d4851a1d" />
    <TestEntry testId="b1398794-96fa-068a-b870-c2e83f837cfa" executionId="24fb8802-81b4-4b3d-8fe5-add31bcfa930" testListId="8c84fa94-04c1-424b-9868-57a2d4851a1d" />
    <TestEntry testId="824df5eb-086a-28f4-612b-11938642c0c8" executionId="1277c4a5-2e62-44f7-a4dd-0445bbcf1232" testListId="8c84fa94-04c1-424b-9868-57a2d4851a1d" />
    <TestEntry testId="25bdb02c-e940-011f-b8e1-674f99d4f5b6" executionId="b6b805e7-8e36-4446-9649-e9d89b7eeb36" testListId="8c84fa94-04c1-424b-9868-57a2d4851a1d" />
    <TestEntry testId="3d220ea8-0f89-80ff-8e53-6c93b91ab2df" executionId="9a7a166e-5d11-401e-90c3-ead3d5e9177d" testListId="8c84fa94-04c1-424b-9868-57a2d4851a1d" />
    <TestEntry testId="7278a5ee-2a4a-9ef2-31d9-2721eeee8a1c" executionId="16b156a0-76f8-4d92-bedd-c5bb2c2e1184" testListId="8c84fa94-04c1-424b-9868-57a2d4851a1d" />
    <TestEntry testId="4cb9b481-5486-5252-aa4a-2e47c8378aad" executionId="7c6a4057-1022-484f-afa4-70134f6fdb2e" testListId="8c84fa94-04c1-424b-9868-57a2d4851a1d" />
    <TestEntry testId="09c978ad-b73c-d872-afab-5d7b5fcc6690" executionId="d1aaa901-6fb5-4131-aa8f-7571f0cc88ff" testListId="8c84fa94-04c1-424b-9868-57a2d4851a1d" />
    <TestEntry testId="3d2aff0b-c748-5717-8eb5-228167892f45" executionId="2b3cdce2-a9b0-40b3-986f-110761c00fd3" testListId="8c84fa94-04c1-424b-9868-57a2d4851a1d" />
    <TestEntry testId="e49a768a-857a-0209-379b-0ff52755c642" executionId="ef83656d-9019-4bcc-aeaf-70e874aca078" testListId="8c84fa94-04c1-424b-9868-57a2d4851a1d" />
    <TestEntry testId="ffed89ba-7318-4654-ab1a-1f42d1f714df" executionId="6fb521ea-46f0-4089-8935-0e6364aa0222" testListId="8c84fa94-04c1-424b-9868-57a2d4851a1d" />
    <TestEntry testId="f4ebb6c7-22f2-679b-5766-556ec8984368" executionId="d7d735ff-66fd-437b-958f-9809cbbe55dc" testListId="8c84fa94-04c1-424b-9868-57a2d4851a1d" />
    <TestEntry testId="f540e942-3a4e-08ae-bdcd-f5e21e54aa87" executionId="553b0a99-3f02-47e1-8362-9f04bd2e2483" testListId="8c84fa94-04c1-424b-9868-57a2d4851a1d" />
    <TestEntry testId="0c121008-300c-8015-ed0b-7983213f1a15" executionId="ac6d7ce8-0d05-496e-91f0-ec654c3c1f4d" testListId="8c84fa94-04c1-424b-9868-57a2d4851a1d" />
    <TestEntry testId="04c9922b-3038-f372-64d1-4fb41960005a" executionId="d9f1fd78-58b0-4479-8995-64a7a3d79950" testListId="8c84fa94-04c1-424b-9868-57a2d4851a1d" />
    <TestEntry testId="2930734b-be54-52ed-0416-9a8df308cbc6" executionId="cd72e6bb-290a-429e-bbe5-ae348b20c23a" testListId="8c84fa94-04c1-424b-9868-57a2d4851a1d" />
    <TestEntry testId="532f63a8-811b-36d1-21ef-cef70f2b8f12" executionId="2c07bc31-f0e1-4eb6-bd73-9f26d23511c3" testListId="8c84fa94-04c1-424b-9868-57a2d4851a1d" />
    <TestEntry testId="e4ce4e04-6fa5-42ba-0637-061b77409b6a" executionId="bdb45899-6f17-4b73-bbd7-f808d6d6f5fd" testListId="8c84fa94-04c1-424b-9868-57a2d4851a1d" />
    <TestEntry testId="76517da6-b143-2fc1-2da7-f9df332e5afb" executionId="4132965c-6eea-41c5-abde-e64ae224bd93" testListId="8c84fa94-04c1-424b-9868-57a2d4851a1d" />
    <TestEntry testId="61331ee7-25d2-50ac-36c9-383508a97130" executionId="17b7399f-d084-4004-bd1e-a1628763a02a" testListId="8c84fa94-04c1-424b-9868-57a2d4851a1d" />
    <TestEntry testId="861401a4-caa0-b78c-8c17-80353a2212ad" executionId="db9e2c68-c884-4dde-b1dd-6165a5d2f0ab" testListId="8c84fa94-04c1-424b-9868-57a2d4851a1d" />
    <TestEntry testId="d42581bb-b3c9-a682-230e-74ec6cb7f439" executionId="761fc6c7-e881-41f1-b8dd-8c8c679aff95" testListId="8c84fa94-04c1-424b-9868-57a2d4851a1d" />
    <TestEntry testId="9378db71-7d99-904c-689a-4bd542a7391a" executionId="92869ea0-27d1-412a-bf7e-0623d1943030" testListId="8c84fa94-04c1-424b-9868-57a2d4851a1d" />
    <TestEntry testId="74e8c8c1-16f3-e52a-610f-92c99561ec85" executionId="0679ef23-e691-40a4-abff-23c3667509b6" testListId="8c84fa94-04c1-424b-9868-57a2d4851a1d" />
    <TestEntry testId="14c20a4a-0e0e-948f-e18b-896d9dfae99e" executionId="c541b6f6-71ab-4cb4-b122-89555ca08018" testListId="8c84fa94-04c1-424b-9868-57a2d4851a1d" />
    <TestEntry testId="9641c3dc-b308-0b6e-52d2-b75a94b1dfff" executionId="3d983ded-17b9-4ff5-9e39-fa489f32b1a2" testListId="8c84fa94-04c1-424b-9868-57a2d4851a1d" />
    <TestEntry testId="6e1ab245-3db3-5e4f-4b72-a645831ca671" executionId="af1544d7-1521-41ed-bb06-0601f23629ee" testListId="8c84fa94-04c1-424b-9868-57a2d4851a1d" />
    <TestEntry testId="1aa7c407-5dcc-3610-7b22-9a9c185b7637" executionId="94b3b2ea-069e-4c82-9798-08388549654e" testListId="8c84fa94-04c1-424b-9868-57a2d4851a1d" />
    <TestEntry testId="e24ff38a-abd2-06c3-c90b-7a19cb014782" executionId="a0ed91fc-23e2-4dec-ac54-490ea47753c5" testListId="8c84fa94-04c1-424b-9868-57a2d4851a1d" />
    <TestEntry testId="5bc06159-6014-e4da-d494-962c2be3d46d" executionId="ba771a93-1b9b-4603-a442-046c2ec6b85b" testListId="8c84fa94-04c1-424b-9868-57a2d4851a1d" />
    <TestEntry testId="25b134da-4650-cd97-e41f-ecf90bd97022" executionId="39107515-382a-441a-9bf8-145ffb94540d" testListId="8c84fa94-04c1-424b-9868-57a2d4851a1d" />
    <TestEntry testId="e65554ce-dc13-ac4c-6163-9d3c6fb3e650" executionId="b9239824-91c1-4518-b750-9e02ffc19bde" testListId="8c84fa94-04c1-424b-9868-57a2d4851a1d" />
    <TestEntry testId="806a92db-0047-d992-debb-2187de955a70" executionId="82a8c3c2-a2ca-4a1e-8813-32f7acf0fe35" testListId="8c84fa94-04c1-424b-9868-57a2d4851a1d" />
    <TestEntry testId="f286288e-462e-902d-eb89-54546b23f138" executionId="b2cb300f-26bc-47e8-b8ad-7bb4021da8f1" testListId="8c84fa94-04c1-424b-9868-57a2d4851a1d" />
    <TestEntry testId="873994c7-72f9-ea4d-ad69-f96803a1bd7d" executionId="4b6fb4c6-ec89-4d20-ab15-f716656deaa7" testListId="8c84fa94-04c1-424b-9868-57a2d4851a1d" />
    <TestEntry testId="c4112f7e-ae72-c611-1720-8f9f22d9e0b8" executionId="7a7671ee-ac05-4c74-b233-55f451251a05" testListId="8c84fa94-04c1-424b-9868-57a2d4851a1d" />
    <TestEntry testId="6515b852-c314-18eb-25e8-cffaaf33a23c" executionId="bd8f9d6e-b393-427e-84a7-5ef58a8ec002" testListId="8c84fa94-04c1-424b-9868-57a2d4851a1d" />
    <TestEntry testId="47f06072-98bc-a34a-e286-7014ab3636d1" executionId="bd4f6713-c627-406c-bde6-07366c9cba2d" testListId="8c84fa94-04c1-424b-9868-57a2d4851a1d" />
    <TestEntry testId="e21913f7-d710-fe60-39c5-ac15ab27979c" executionId="caca1c07-eaab-41e6-906c-0efb93437f2c" testListId="8c84fa94-04c1-424b-9868-57a2d4851a1d" />
    <TestEntry testId="1e9864bf-941b-eef5-2a35-e5f3bb46cfa0" executionId="4ee74d83-a73f-45e1-ae89-f58849d27f3e" testListId="8c84fa94-04c1-424b-9868-57a2d4851a1d" />
    <TestEntry testId="25f9ce0b-d5c2-d2e9-9514-9424d012f536" executionId="e11df2cf-d679-46fc-801c-7f93ee279c56" testListId="8c84fa94-04c1-424b-9868-57a2d4851a1d" />
    <TestEntry testId="d0200e86-713d-428b-0fc6-bd8ab971c6ae" executionId="57461039-3733-40c7-ae9d-c01acc2358db" testListId="8c84fa94-04c1-424b-9868-57a2d4851a1d" />
    <TestEntry testId="c8de0939-1a79-d0a5-a87a-1bdc3f67d552" executionId="f51668cd-5c16-4990-a523-530a96179284" testListId="8c84fa94-04c1-424b-9868-57a2d4851a1d" />
    <TestEntry testId="0bd2836f-9833-438b-e9c6-57c45cef3a81" executionId="0d4dc78a-a808-401e-a300-445cb2e334c3" testListId="8c84fa94-04c1-424b-9868-57a2d4851a1d" />
    <TestEntry testId="0e94d33b-e744-4c22-bc1f-33d75998c174" executionId="d2dc4e70-98b7-4513-819b-543572128dd9" testListId="8c84fa94-04c1-424b-9868-57a2d4851a1d" />
    <TestEntry testId="dda6c69b-1e50-36a5-e92f-e19b62139640" executionId="bab2efd8-6a05-4477-8c86-9f3e07bd538c" testListId="8c84fa94-04c1-424b-9868-57a2d4851a1d" />
    <TestEntry testId="cc85aac7-f440-fdf2-9644-c7b017f0d056" executionId="a9aa1f63-ff0f-4dd9-bfae-b2ae59c34b9d" testListId="8c84fa94-04c1-424b-9868-57a2d4851a1d" />
    <TestEntry testId="55927854-7680-1820-6a42-816fea6fb659" executionId="b160c2ac-0a3d-4235-bb52-2ae44ea17a65" testListId="8c84fa94-04c1-424b-9868-57a2d4851a1d" />
    <TestEntry testId="2ae9eba5-a1b1-6683-0781-d9ead62b3367" executionId="9b822b13-ed0e-4774-9f71-b37354fcabfd" testListId="8c84fa94-04c1-424b-9868-57a2d4851a1d" />
    <TestEntry testId="0888ecb6-b1c1-5b78-c610-a3a9813b73a6" executionId="c8f688e2-b0e4-4f63-8782-4160987dfde6" testListId="8c84fa94-04c1-424b-9868-57a2d4851a1d" />
    <TestEntry testId="1d5be793-b268-02d5-fe14-d5a0cf4a1970" executionId="c778d96e-fa21-4f6a-a4ae-074608043338" testListId="8c84fa94-04c1-424b-9868-57a2d4851a1d" />
    <TestEntry testId="9356db21-add3-51c6-7097-4ea51a559a3f" executionId="72b82f92-a164-40ab-97db-05e01150e34b" testListId="8c84fa94-04c1-424b-9868-57a2d4851a1d" />
    <TestEntry testId="bdd627c3-999e-a828-fa9a-36b2512b083c" executionId="fae17933-3fba-4068-b0d1-0ed115f8bc60" testListId="8c84fa94-04c1-424b-9868-57a2d4851a1d" />
    <TestEntry testId="c706f17f-868a-a0e1-32a2-35a626e971a3" executionId="872ad4cf-abb6-4504-8ed7-a82d77d82d93" testListId="8c84fa94-04c1-424b-9868-57a2d4851a1d" />
    <TestEntry testId="50838768-37c7-2048-d9ab-4b84f73592be" executionId="3ed18cc1-0055-473a-a6d8-796e7b3d5b4a" testListId="8c84fa94-04c1-424b-9868-57a2d4851a1d" />
    <TestEntry testId="5ea9f258-c818-c905-3733-871fbeb435d5" executionId="1802e73f-9db0-42c3-ab63-5b5f197396c9" testListId="8c84fa94-04c1-424b-9868-57a2d4851a1d" />
    <TestEntry testId="0e65344f-36b4-2cde-c4b0-b4fd35462fa7" executionId="ef89b008-bd16-4130-bbe3-8ccecb505fa8" testListId="8c84fa94-04c1-424b-9868-57a2d4851a1d" />
    <TestEntry testId="ae313f30-4281-9a9b-81ed-c8c11c5c0dd1" executionId="462004b7-0a71-49cc-b5f2-f25b8c47693a" testListId="8c84fa94-04c1-424b-9868-57a2d4851a1d" />
    <TestEntry testId="9b3e212c-dffd-3c62-8f2e-9fdd31df4380" executionId="e2b8af31-82e4-4353-b513-f65bf3429fd5" testListId="8c84fa94-04c1-424b-9868-57a2d4851a1d" />
    <TestEntry testId="9356db21-add3-51c6-7097-4ea51a559a3f" executionId="dbb1ec85-806b-4c05-a335-512f4ec11649" testListId="8c84fa94-04c1-424b-9868-57a2d4851a1d" />
    <TestEntry testId="198a40d4-b853-e491-1aff-46cce8cbb1b0" executionId="8af193e9-89a3-4958-9e9e-fcb0fcd188ea" testListId="8c84fa94-04c1-424b-9868-57a2d4851a1d" />
    <TestEntry testId="4acb6539-3d08-a57e-d92b-33e2959bd6f8" executionId="c622cb39-102a-4243-9faa-2dd1134396ff" testListId="8c84fa94-04c1-424b-9868-57a2d4851a1d" />
    <TestEntry testId="7d4d8134-8e6d-78e2-5cdf-5dad4f720c5d" executionId="a0797389-5dfd-49a5-8fd3-6a09a1527911" testListId="8c84fa94-04c1-424b-9868-57a2d4851a1d" />
    <TestEntry testId="7c21febf-fe71-0b8b-e06b-ce76d450cb4e" executionId="c888b9a6-d801-4c20-8480-96343a089c0c" testListId="8c84fa94-04c1-424b-9868-57a2d4851a1d" />
    <TestEntry testId="09cdd7a2-766c-97b0-77c3-a5780c7adb44" executionId="83e7b032-7248-4cc3-9e5b-3839af301388" testListId="8c84fa94-04c1-424b-9868-57a2d4851a1d" />
    <TestEntry testId="25f44a20-dbaa-5dfb-5883-e3a59084fd7c" executionId="dd301479-0ea3-45a9-834d-7d2c077b1e86" testListId="8c84fa94-04c1-424b-9868-57a2d4851a1d" />
    <TestEntry testId="2d362cf6-d536-6e61-f97b-49e7ead3190b" executionId="3349df6b-9e0a-4415-b8b5-c7d5b68eaa09" testListId="8c84fa94-04c1-424b-9868-57a2d4851a1d" />
    <TestEntry testId="dae97e90-e9de-5005-02fd-1af01d9a86ba" executionId="d794b702-abc4-46d6-865d-922f4f8e45ae" testListId="8c84fa94-04c1-424b-9868-57a2d4851a1d" />
    <TestEntry testId="f3fc98a3-f187-b2aa-1e16-e9c9ff6ea324" executionId="317cfcc9-1dde-48f4-91b6-2ac8741d517a" testListId="8c84fa94-04c1-424b-9868-57a2d4851a1d" />
    <TestEntry testId="4f471dce-0715-fd5c-9301-3109ccd5847d" executionId="b18d24fa-5f8a-4656-904d-5012c39b35ff" testListId="8c84fa94-04c1-424b-9868-57a2d4851a1d" />
    <TestEntry testId="5cfc1d69-e13d-74be-26c9-d16fcf862ddd" executionId="82fec5ac-40bc-4610-8ba1-1a534dad094b" testListId="8c84fa94-04c1-424b-9868-57a2d4851a1d" />
    <TestEntry testId="39dfb668-7b48-9987-03c8-af09cf0549fc" executionId="c0cd0f3a-2701-49bf-be9d-5f66e9431279" testListId="8c84fa94-04c1-424b-9868-57a2d4851a1d" />
    <TestEntry testId="471fc82f-22a5-e6b0-03bf-8ea96840e4bf" executionId="42c3a53a-f2dd-42f8-9375-f3ef20627450" testListId="8c84fa94-04c1-424b-9868-57a2d4851a1d" />
    <TestEntry testId="bff2d443-bf61-d343-f3f3-89ead2f1def3" executionId="6a0b128f-0c07-4ccf-b501-e68de627dab2" testListId="8c84fa94-04c1-424b-9868-57a2d4851a1d" />
    <TestEntry testId="25d39b07-b0d1-5a79-76ab-726b27e1dee4" executionId="eeb68fa6-2690-42e6-af65-28889c733a08" testListId="8c84fa94-04c1-424b-9868-57a2d4851a1d" />
    <TestEntry testId="b2b35c8e-1297-9b92-e2a8-1b47304d6dcd" executionId="953c8434-1e0f-4a65-afc1-fc1cbf5e41aa" testListId="8c84fa94-04c1-424b-9868-57a2d4851a1d" />
    <TestEntry testId="e49a768a-857a-0209-379b-0ff52755c642" executionId="2085d04a-7382-46ea-802a-0ea6e1ff73e8" testListId="8c84fa94-04c1-424b-9868-57a2d4851a1d" />
    <TestEntry testId="029ca7b6-f651-3985-b597-7fe968cde74d" executionId="d87c1fa1-e0e5-4816-b4e8-20b02dedd696" testListId="8c84fa94-04c1-424b-9868-57a2d4851a1d" />
    <TestEntry testId="40e58b95-a20a-0164-25b5-43053926bef8" executionId="5fabd51f-2383-4f39-9064-73e25a634747" testListId="8c84fa94-04c1-424b-9868-57a2d4851a1d" />
    <TestEntry testId="d71cca70-ea80-a9b7-c2c6-018674b7d05a" executionId="8be4823e-84ed-4083-8535-14fcb8c5cff1" testListId="8c84fa94-04c1-424b-9868-57a2d4851a1d" />
    <TestEntry testId="4759eb2f-b662-7ccb-53c0-5c18d8a0f2f6" executionId="1a62e19b-b58d-4773-9181-8438747bd0a7" testListId="8c84fa94-04c1-424b-9868-57a2d4851a1d" />
    <TestEntry testId="9356db21-add3-51c6-7097-4ea51a559a3f" executionId="1762707e-830d-40e2-8621-efbc1a674112" testListId="8c84fa94-04c1-424b-9868-57a2d4851a1d" />
    <TestEntry testId="70a9c0d5-e271-2073-8a4c-3b5cbf38153e" executionId="253b29ea-6726-450d-8720-a109e80695da" testListId="8c84fa94-04c1-424b-9868-57a2d4851a1d" />
    <TestEntry testId="4e560a18-0694-4d0f-694f-1d3dd1f6a620" executionId="e1e97a11-613b-4254-b033-fe1c49ade147" testListId="8c84fa94-04c1-424b-9868-57a2d4851a1d" />
    <TestEntry testId="a7bf6da3-faf4-72c1-5534-a716c81dea2a" executionId="14d90d48-62f5-46d0-9ded-73476ecdad32" testListId="8c84fa94-04c1-424b-9868-57a2d4851a1d" />
    <TestEntry testId="0f6a221e-6f08-c592-444c-127cee5f027f" executionId="4b5dea27-e09d-4806-933e-816e8c902dca" testListId="8c84fa94-04c1-424b-9868-57a2d4851a1d" />
    <TestEntry testId="80447c4b-391a-af0f-a402-94e10d33fee7" executionId="5bd168cc-e300-4cb8-8439-da221d265aeb" testListId="8c84fa94-04c1-424b-9868-57a2d4851a1d" />
    <TestEntry testId="476da4b0-6718-d1ee-2c47-6e029b92d7da" executionId="7548a73f-c655-487e-96f8-54a587c48dc4" testListId="8c84fa94-04c1-424b-9868-57a2d4851a1d" />
    <TestEntry testId="af5e3af7-97a1-2c82-58bd-19d8397427c6" executionId="ca9e214f-5c77-41c9-b56b-65b15ec75904" testListId="8c84fa94-04c1-424b-9868-57a2d4851a1d" />
    <TestEntry testId="c1b3859a-17e7-ce27-6c34-1cb559c9a5e5" executionId="ff1b142a-6095-4a90-a23f-0d4efcd3effd" testListId="8c84fa94-04c1-424b-9868-57a2d4851a1d" />
    <TestEntry testId="e49a768a-857a-0209-379b-0ff52755c642" executionId="5be0edf9-cb23-4634-af2b-1e0c3c375b44" testListId="8c84fa94-04c1-424b-9868-57a2d4851a1d" />
    <TestEntry testId="37368867-851e-0cbd-9d74-c83595139e50" executionId="6d8cfb5b-0722-4d4d-a604-a9a543cd97b3" testListId="8c84fa94-04c1-424b-9868-57a2d4851a1d" />
    <TestEntry testId="bf6305f8-658f-61e0-8079-964bcd1883aa" executionId="812d106e-1b1d-47fb-80d2-b916d5297b8b" testListId="8c84fa94-04c1-424b-9868-57a2d4851a1d" />
    <TestEntry testId="ed86ed13-f23f-1072-e84e-9da28c3e791f" executionId="7ba0ebfd-5bcf-4340-9c6b-ec5d0d9c915b" testListId="8c84fa94-04c1-424b-9868-57a2d4851a1d" />
    <TestEntry testId="26384bfd-9f97-dd26-9d89-6ec567fc35dc" executionId="bd37b411-d958-4a3e-a4ed-8bade532bbcb" testListId="8c84fa94-04c1-424b-9868-57a2d4851a1d" />
    <TestEntry testId="85f6fdb6-1af7-b28b-5542-a3e1696feff2" executionId="ed6fe36b-c374-40a0-a3ae-841df65e6f3b" testListId="8c84fa94-04c1-424b-9868-57a2d4851a1d" />
    <TestEntry testId="cfa327db-9479-74d8-d06e-bda673869807" executionId="5c131a26-05ae-4741-b08c-1109f929f15b" testListId="8c84fa94-04c1-424b-9868-57a2d4851a1d" />
    <TestEntry testId="4c6cca8f-b91f-572f-1a57-2cd54f260755" executionId="901fa5bb-0f53-47f0-9e40-761a295882d1" testListId="8c84fa94-04c1-424b-9868-57a2d4851a1d" />
    <TestEntry testId="ecbadeeb-d575-88e8-d0d3-ca2188b5f4a8" executionId="6f21c0da-077b-422e-b632-60e626ce1dee" testListId="8c84fa94-04c1-424b-9868-57a2d4851a1d" />
    <TestEntry testId="57ef4a63-b884-a238-58fb-a4cca3cf9b1b" executionId="3b140b48-5f9b-46c2-bc5e-f9ec868132ed" testListId="8c84fa94-04c1-424b-9868-57a2d4851a1d" />
    <TestEntry testId="ce4f48ba-772c-dcb6-a82c-e9a1f96f5a54" executionId="ba57781f-1000-458e-9361-a1db61f8375c" testListId="8c84fa94-04c1-424b-9868-57a2d4851a1d" />
    <TestEntry testId="2fdba66a-81c0-eab1-6418-a81ad52187af" executionId="0191ff19-10d4-405c-ace3-b9ba49e83a43" testListId="8c84fa94-04c1-424b-9868-57a2d4851a1d" />
    <TestEntry testId="5ab2c5f0-6399-fa10-4a0b-58459821e3e9" executionId="ec593113-a6ad-42e3-aa39-e82a80ae475c" testListId="8c84fa94-04c1-424b-9868-57a2d4851a1d" />
    <TestEntry testId="f47c5000-70d3-cdab-14be-c11d1e562901" executionId="261d8802-3d84-4f5b-a0b6-5c2d012ab5ae" testListId="8c84fa94-04c1-424b-9868-57a2d4851a1d" />
    <TestEntry testId="c4d47f8c-e474-e94d-6153-b4bf26058fd6" executionId="9d02068a-ca9a-4a21-838c-756e8f72f208" testListId="8c84fa94-04c1-424b-9868-57a2d4851a1d" />
    <TestEntry testId="7aa3b764-34cb-20b4-ab30-d928abc37fb5" executionId="f95070c1-b00b-4548-8b1c-d866827b15b0" testListId="8c84fa94-04c1-424b-9868-57a2d4851a1d" />
    <TestEntry testId="ac61da75-a5f6-1df0-302e-dc5fb3141a75" executionId="ea00e898-6274-4af0-829a-cf4dd9009ba1" testListId="8c84fa94-04c1-424b-9868-57a2d4851a1d" />
    <TestEntry testId="ab5cd5da-0560-d14b-6cfa-a8d8a1e10cae" executionId="429bca90-1cfc-45b7-862d-548d8a9bb55e" testListId="8c84fa94-04c1-424b-9868-57a2d4851a1d" />
    <TestEntry testId="abe5dbbc-c490-ea3e-8160-00c40623b66d" executionId="12b6dfca-54d8-49d6-9b1d-9ef5f4fb021e" testListId="8c84fa94-04c1-424b-9868-57a2d4851a1d" />
    <TestEntry testId="5d98a487-80b5-f21a-1283-ea0ec6d91fcb" executionId="516c1693-e0ee-4b77-8e40-79f29878c44d" testListId="8c84fa94-04c1-424b-9868-57a2d4851a1d" />
    <TestEntry testId="135780af-253b-7a4b-bce8-3791106440b4" executionId="9c017c9b-a9f9-47c7-9bf1-df42b03e52e0" testListId="8c84fa94-04c1-424b-9868-57a2d4851a1d" />
    <TestEntry testId="00983d7b-a5f3-0398-2fd1-c1d1aeadc559" executionId="516c520a-1fb0-41e5-8c12-67143fb05430" testListId="8c84fa94-04c1-424b-9868-57a2d4851a1d" />
    <TestEntry testId="f287425a-90ae-2971-babc-bbc17822e165" executionId="b5647436-7f34-465c-b7fc-f5982eff3d9d" testListId="8c84fa94-04c1-424b-9868-57a2d4851a1d" />
    <TestEntry testId="0b573e2c-827a-73cf-8311-23970547e62e" executionId="d7a9943c-c38f-40e4-bcca-ae106acf850b" testListId="8c84fa94-04c1-424b-9868-57a2d4851a1d" />
    <TestEntry testId="445ee5b0-fe0c-9d99-0d4f-2bbe01045956" executionId="61cac8bc-08d4-4329-9d90-6e6b5a9c2940" testListId="8c84fa94-04c1-424b-9868-57a2d4851a1d" />
    <TestEntry testId="e49a768a-857a-0209-379b-0ff52755c642" executionId="0361e10c-cd59-4ae1-b110-f555708231ba" testListId="8c84fa94-04c1-424b-9868-57a2d4851a1d" />
    <TestEntry testId="6e0a924f-fedd-9e34-aa5b-6ad24cd3e90f" executionId="18199e5d-09ae-4e8c-91d1-01ea59f8f075" testListId="8c84fa94-04c1-424b-9868-57a2d4851a1d" />
    <TestEntry testId="a088e199-3909-98a5-848e-64fd6c44e8d9" executionId="8c88c517-9466-455c-8ec3-e9645ebe9f5b" testListId="8c84fa94-04c1-424b-9868-57a2d4851a1d" />
    <TestEntry testId="2fcea243-420e-d8c7-f364-feff3541c14e" executionId="3298ec69-1372-435d-9183-96fbf146cea0" testListId="8c84fa94-04c1-424b-9868-57a2d4851a1d" />
    <TestEntry testId="77175049-45a9-0399-0cfe-481d3419a50b" executionId="0136fd13-ae9d-4e68-a552-9b61bc95f122" testListId="8c84fa94-04c1-424b-9868-57a2d4851a1d" />
    <TestEntry testId="9eb45413-4df8-3cdd-a5e9-3fa8302212ec" executionId="77c88390-bcd4-4fb1-af0e-3a4ae785e750" testListId="8c84fa94-04c1-424b-9868-57a2d4851a1d" />
    <TestEntry testId="f8b01ec2-c4af-72c2-3f2b-64eb91facba7" executionId="e3a148a4-00d7-4955-b97e-7c6e935cfd20" testListId="8c84fa94-04c1-424b-9868-57a2d4851a1d" />
    <TestEntry testId="c7dec09e-2c39-a090-0641-a763dccb8942" executionId="db2b4ee7-7494-42b4-a12b-9a53d495bfe0" testListId="8c84fa94-04c1-424b-9868-57a2d4851a1d" />
    <TestEntry testId="8ebad949-1115-28ec-322d-0bc0a97b8860" executionId="18d77ee5-c454-4a51-8a49-702d04a1693b" testListId="8c84fa94-04c1-424b-9868-57a2d4851a1d" />
    <TestEntry testId="309b624c-cec9-84a8-65f6-630bd438baba" executionId="f612e8d4-345e-4012-b69b-e6dc1e9e3c76" testListId="8c84fa94-04c1-424b-9868-57a2d4851a1d" />
    <TestEntry testId="c8de0939-1a79-d0a5-a87a-1bdc3f67d552" executionId="413f9fd3-0262-4015-9ce2-d651689e1455" testListId="8c84fa94-04c1-424b-9868-57a2d4851a1d" />
    <TestEntry testId="295f9170-bcd0-1ff1-7a32-f1955734f351" executionId="14063fec-723a-4fac-ab86-0463956447a8" testListId="8c84fa94-04c1-424b-9868-57a2d4851a1d" />
    <TestEntry testId="ed0f0002-4266-61fb-77bb-6dc6010ae5db" executionId="903801d8-2757-47bc-926d-a7ed7c3942a7" testListId="8c84fa94-04c1-424b-9868-57a2d4851a1d" />
    <TestEntry testId="36b0e38f-fba3-a091-8778-a1762962850e" executionId="00bba26a-f2a8-4984-a376-785e9f29b59c" testListId="8c84fa94-04c1-424b-9868-57a2d4851a1d" />
    <TestEntry testId="531b85c3-cfa8-816a-efce-489dc5fcc431" executionId="25931c57-201b-4461-bb6f-3b2b5a96c88f" testListId="8c84fa94-04c1-424b-9868-57a2d4851a1d" />
    <TestEntry testId="c2149f2b-e374-79a9-3ece-3d8142506ab8" executionId="d6883204-52b8-49c0-89b2-e0742bd0faee" testListId="8c84fa94-04c1-424b-9868-57a2d4851a1d" />
    <TestEntry testId="bdcb10a3-b499-ea50-0835-7c3676384cbb" executionId="81121f75-89ee-46e9-9cb9-c20a44a7420b" testListId="8c84fa94-04c1-424b-9868-57a2d4851a1d" />
    <TestEntry testId="81bd6862-604a-8f04-b514-59cfadde0387" executionId="f7960a40-4d74-4f99-942a-38d1ccef46eb" testListId="8c84fa94-04c1-424b-9868-57a2d4851a1d" />
    <TestEntry testId="bddabf5a-0617-ca47-ace9-deb3f7be88bb" executionId="601bdfe1-381d-40be-9a95-8b61e6c201af" testListId="8c84fa94-04c1-424b-9868-57a2d4851a1d" />
    <TestEntry testId="6ff32b89-4225-ea94-426d-4f9e2268e877" executionId="ca453a36-bacb-4ca4-9133-2d6b3cf1a643" testListId="8c84fa94-04c1-424b-9868-57a2d4851a1d" />
    <TestEntry testId="632977c8-6b11-4bab-cedb-12759c89e2e1" executionId="78f1c423-f55e-40ab-a421-fe91d01c5fdc" testListId="8c84fa94-04c1-424b-9868-57a2d4851a1d" />
    <TestEntry testId="a91ba088-f792-eafc-fe0b-17466a21431f" executionId="5b8e0598-726f-48e1-b164-b3cfd9654978" testListId="8c84fa94-04c1-424b-9868-57a2d4851a1d" />
    <TestEntry testId="3075b335-5f46-2afa-eb8d-0032ae97828b" executionId="d4eb023b-3cb4-47de-ae59-b6b3ea693e36" testListId="8c84fa94-04c1-424b-9868-57a2d4851a1d" />
    <TestEntry testId="47ef25d5-681f-247c-aa20-90fc3ef7a094" executionId="f19ccf62-cb51-4193-8f6e-452529ced96d" testListId="8c84fa94-04c1-424b-9868-57a2d4851a1d" />
    <TestEntry testId="4777323e-fa0c-a151-ab70-92c8d0dfd0f7" executionId="833449c4-3b18-43ab-9572-a34e6d10a47a" testListId="8c84fa94-04c1-424b-9868-57a2d4851a1d" />
    <TestEntry testId="8e97f005-da65-9df3-6eb8-979cf1b34cdf" executionId="1cd80d53-5544-4ae9-a02b-b6fbd02dc287" testListId="8c84fa94-04c1-424b-9868-57a2d4851a1d" />
    <TestEntry testId="47539d14-3176-fabd-d26d-e6bffc9172fd" executionId="a0e9ecad-794e-4e6d-8830-866fdabe9048" testListId="8c84fa94-04c1-424b-9868-57a2d4851a1d" />
    <TestEntry testId="0424c72b-0bcc-10cc-76c4-ae665db2a695" executionId="658a1b2a-5500-4a22-8ce7-6e2257059393" testListId="8c84fa94-04c1-424b-9868-57a2d4851a1d" />
    <TestEntry testId="c518eb33-b0b5-e4b5-098d-7031653b6598" executionId="380c7b75-f855-4211-9b63-9fc33833ccb2" testListId="8c84fa94-04c1-424b-9868-57a2d4851a1d" />
    <TestEntry testId="ec6b8899-f55e-6284-3e3c-f49d9b1eea44" executionId="f421f733-f6d3-42ee-aa16-a8cbbe6439da" testListId="8c84fa94-04c1-424b-9868-57a2d4851a1d" />
    <TestEntry testId="e44df486-fa33-eb24-302a-6943fa48e436" executionId="bfd5db05-04c6-4601-9edd-c3d931cf7b0c" testListId="8c84fa94-04c1-424b-9868-57a2d4851a1d" />
    <TestEntry testId="81cf0332-ee80-2a18-0b4c-8621972b63cb" executionId="025e89ff-1a70-4a2d-b08b-ea2e0edf9d31" testListId="8c84fa94-04c1-424b-9868-57a2d4851a1d" />
    <TestEntry testId="b27675b4-7702-59e6-ba9d-fcf0b29696fc" executionId="d7a7f4c3-7506-4c40-b192-edf5fc0f3dac" testListId="8c84fa94-04c1-424b-9868-57a2d4851a1d" />
    <TestEntry testId="ad134517-e472-6c32-b7fe-65ee002252ad" executionId="035aa2e3-3fd8-45af-b055-f2cbdfad77f8" testListId="8c84fa94-04c1-424b-9868-57a2d4851a1d" />
    <TestEntry testId="2be66559-49f9-a064-16ef-cd41bbefd89a" executionId="6a4f65b9-6711-4b73-b19b-b3623e2e8a82" testListId="8c84fa94-04c1-424b-9868-57a2d4851a1d" />
    <TestEntry testId="7a1cd50a-b316-1bf0-cb2e-dbbb7957918a" executionId="20f82dbd-be0c-4b7e-b73d-0a9f34aada7a" testListId="8c84fa94-04c1-424b-9868-57a2d4851a1d" />
    <TestEntry testId="4806f569-4dc4-b97f-ae1d-d5eb71174880" executionId="271aec79-ad62-451d-8bf6-72e588b66d1f" testListId="8c84fa94-04c1-424b-9868-57a2d4851a1d" />
    <TestEntry testId="74abbabb-b0f8-9723-36c7-b8f0869a9ce4" executionId="6b963c6b-8f72-4bc9-a804-70ccb13b656a" testListId="8c84fa94-04c1-424b-9868-57a2d4851a1d" />
    <TestEntry testId="395ed2ad-e745-0b73-5c7f-0085d138e0cf" executionId="41c872da-f386-45e2-810d-258c56fae0a3" testListId="8c84fa94-04c1-424b-9868-57a2d4851a1d" />
    <TestEntry testId="913af2f9-6d07-264e-5473-2229789da071" executionId="f8a1b61d-b88c-4afc-919e-3195ca6862fd" testListId="8c84fa94-04c1-424b-9868-57a2d4851a1d" />
    <TestEntry testId="f5b15bf2-f082-268b-b396-7dadde16d5ad" executionId="47286ccf-0dd0-492e-aaec-08a96de794b0" testListId="8c84fa94-04c1-424b-9868-57a2d4851a1d" />
    <TestEntry testId="1eef2735-c6c3-aa43-6d4f-1834b9b870e0" executionId="98ca6b23-f5d4-427c-8f31-f8cea480b542" testListId="8c84fa94-04c1-424b-9868-57a2d4851a1d" />
    <TestEntry testId="035e7f5a-57e0-486a-1a64-642931e8413b" executionId="78c1b3d9-9ccf-4562-86f2-7290629ff477" testListId="8c84fa94-04c1-424b-9868-57a2d4851a1d" />
    <TestEntry testId="550b07a3-3a4a-9631-63d7-894e1b945977" executionId="4d720630-259d-44bf-a541-b3806338208b" testListId="8c84fa94-04c1-424b-9868-57a2d4851a1d" />
    <TestEntry testId="bae2ac81-aff5-2969-94d5-ecf26c7751bb" executionId="9c77355b-f68e-4caa-8a67-93ea37d515c6" testListId="8c84fa94-04c1-424b-9868-57a2d4851a1d" />
    <TestEntry testId="51a1d479-0b5b-88a6-241c-a03395d0e783" executionId="0871fedb-acab-45d2-9565-9e1fcd9d783c" testListId="8c84fa94-04c1-424b-9868-57a2d4851a1d" />
    <TestEntry testId="0cb989c9-090a-41db-2aac-e60c8b993577" executionId="ebfe561c-2d1c-4dfa-b944-7f5c607e9619" testListId="8c84fa94-04c1-424b-9868-57a2d4851a1d" />
    <TestEntry testId="3f059983-b689-9d90-05d3-7602a73f1b26" executionId="9e3c9a4a-3014-48f3-a9f6-cfcf1a9b9698" testListId="8c84fa94-04c1-424b-9868-57a2d4851a1d" />
    <TestEntry testId="4e852537-871f-b06f-95ee-154058e2092a" executionId="0d8d847c-f1b1-4512-88d6-d566a317fe80" testListId="8c84fa94-04c1-424b-9868-57a2d4851a1d" />
    <TestEntry testId="eb270870-2200-d24b-3af8-0ab5f7524b79" executionId="be803f49-d755-4345-a0d0-8d6779770b57" testListId="8c84fa94-04c1-424b-9868-57a2d4851a1d" />
    <TestEntry testId="b300a82d-eb2a-e74a-a386-23be78b16036" executionId="710833e2-b538-49ae-a533-914d96c41031" testListId="8c84fa94-04c1-424b-9868-57a2d4851a1d" />
    <TestEntry testId="b764c088-4e2c-c0cc-ef3a-0f834a1e7729" executionId="3b25cf06-f9cb-4dd9-bc8f-15c211522b05" testListId="8c84fa94-04c1-424b-9868-57a2d4851a1d" />
    <TestEntry testId="009eff29-c2b3-c3fb-c2d8-1f20b510ebbf" executionId="f9e80f34-54fe-4546-ad9e-32cabf3bdca0" testListId="8c84fa94-04c1-424b-9868-57a2d4851a1d" />
    <TestEntry testId="8516e1ad-6fba-d39f-e1e4-84f487ff2327" executionId="97673b26-b00e-41a8-b5be-aa6ecfe65987" testListId="8c84fa94-04c1-424b-9868-57a2d4851a1d" />
    <TestEntry testId="b25a9326-8f99-4575-aa17-25fe39557d45" executionId="2c2deb57-5c4f-412e-ac76-17ff0637e205" testListId="8c84fa94-04c1-424b-9868-57a2d4851a1d" />
    <TestEntry testId="862e1fb5-6209-62e0-eb04-636ef0bb3785" executionId="373244e2-7554-45af-9c4d-1328227d37ae" testListId="8c84fa94-04c1-424b-9868-57a2d4851a1d" />
    <TestEntry testId="203e1b45-ed61-83e5-f6c7-00d8c841114f" executionId="3f4d6680-0b1a-4d8c-9f43-eb54627d0f32" testListId="8c84fa94-04c1-424b-9868-57a2d4851a1d" />
    <TestEntry testId="e49a768a-857a-0209-379b-0ff52755c642" executionId="305c6a26-0839-4580-b416-574826d82d12" testListId="8c84fa94-04c1-424b-9868-57a2d4851a1d" />
    <TestEntry testId="dfdfecf2-737d-2b41-4c2b-067c28bdca89" executionId="91ec1e27-0c89-4000-a281-6b5f5d14c7fc" testListId="8c84fa94-04c1-424b-9868-57a2d4851a1d" />
    <TestEntry testId="daa24ef7-ee00-0c65-2a79-80fd21b04f01" executionId="595eddbb-1580-4d80-801d-74050b79ba5a" testListId="8c84fa94-04c1-424b-9868-57a2d4851a1d" />
    <TestEntry testId="b6de1351-78a0-8b82-94dd-b1345d7a74aa" executionId="5dc9e9be-d411-4d98-be09-1a37cfd480f3" testListId="8c84fa94-04c1-424b-9868-57a2d4851a1d" />
    <TestEntry testId="d3d13162-34f1-e12d-7628-7e58ba175553" executionId="a5b3b8c8-3578-4aa2-9a78-7fb29b4c93e2" testListId="8c84fa94-04c1-424b-9868-57a2d4851a1d" />
    <TestEntry testId="605454ca-7675-87fe-a3d3-3d2fdd68fa89" executionId="ab2824d1-6042-41f1-8d6d-30a835634489" testListId="8c84fa94-04c1-424b-9868-57a2d4851a1d" />
    <TestEntry testId="14c4b382-f1fd-eb0b-b209-8dfec2d01f7b" executionId="e5d4502a-ea8e-4e80-80b7-104587fc9a84" testListId="8c84fa94-04c1-424b-9868-57a2d4851a1d" />
    <TestEntry testId="413fc4df-901a-ca50-a1d2-fb1de21d2095" executionId="197403f4-79ae-46ed-a46c-a73bf3e742d4" testListId="8c84fa94-04c1-424b-9868-57a2d4851a1d" />
    <TestEntry testId="538b937d-50eb-d7d4-102f-4c200712fa86" executionId="1be8097a-b978-4a19-9988-55ea75b88c87" testListId="8c84fa94-04c1-424b-9868-57a2d4851a1d" />
    <TestEntry testId="6ea03f42-e934-0854-d4bf-c32d7ad9e326" executionId="826411f8-2ae5-4272-8ef9-24b6305e2b99" testListId="8c84fa94-04c1-424b-9868-57a2d4851a1d" />
    <TestEntry testId="08a0b6d6-8b19-01e7-aeb3-add912bb4cf4" executionId="0413c97b-6eb9-4d47-807d-b1e61da43d16" testListId="8c84fa94-04c1-424b-9868-57a2d4851a1d" />
    <TestEntry testId="028d93f2-dd80-7f26-5a1a-b4fa8dfa3275" executionId="e94d731d-b709-41a0-9af3-fee92965ec94" testListId="8c84fa94-04c1-424b-9868-57a2d4851a1d" />
    <TestEntry testId="0e0db884-0030-20d8-a1cf-77e570d80455" executionId="88503186-4e6b-4250-acfc-82d9977dab31" testListId="8c84fa94-04c1-424b-9868-57a2d4851a1d" />
    <TestEntry testId="26146ce2-ac90-53e8-e454-0fc112c6dd1c" executionId="e3350069-fedc-471f-954e-9d20f1ab6685" testListId="8c84fa94-04c1-424b-9868-57a2d4851a1d" />
  </TestEntries>
  <TestLists>
    <TestList name="Results Not in a List" id="8c84fa94-04c1-424b-9868-57a2d4851a1d" />
    <TestList name="All Loaded Results" id="19431567-8539-422a-85d7-44ee4e166bda" />
  </TestLists>
  <ResultSummary outcome="Completed">
    <Counters total="804" executed="803" passed="803" failed="0" error="0" timeout="0" aborted="0" inconclusive="0" passedButRunAborted="0" notRunnable="0" notExecuted="0" disconnected="0" warning="0" completed="0" inProgress="0" pending="0" />
    <Output>
      <StdOut>[xUnit.net 00:00:00.2837788]   Discovering: FluentValidation.Tests&#xD;
[xUnit.net 00:00:00.5914704]   Discovered:  FluentValidation.Tests&#xD;
[xUnit.net 00:00:00.7008540]   Starting:    FluentValidation.Tests&#xD;
[xUnit.net 00:00:00.8623084]       Manual benchmark&#xD;
Test 'FluentValidation.Tests.AccessorCacheTests.Benchmark' was skipped in the test run.&#xD;
[xUnit.net 00:00:04.0635438]   Finished:    FluentValidation.Tests&#xD;
</StdOut>
    </Output>
    <RunInfos>
      <RunInfo computerName="DORNY-PC" outcome="Warning" timestamp="2021-01-28T21:34:14.1326616+01:00">
        <Text>[xUnit.net 00:00:00.8621784]     FluentValidation.Tests.AccessorCacheTests.Benchmark [SKIP]</Text>
      </RunInfo>
    </RunInfos>
  </ResultSummary>
</TestRun>